1605894468.995860  INFO: [ndnsd.Tools.Reload] Sending reload interest: /ndnsd/p1/service-info/reload/1605894468995775389%20nanoseconds%20since%20Jan%201%2C%201970?MustBeFresh
1605894468.999378  INFO: [ndnsd.Tools.Reload] Update SuccessfulName: /ndnsd/p1/service-info/reload/1605894468995775389%20nanoseconds%20since%20Jan%201%2C%201970
MetaInfo: [ContentType: 0, FreshnessPeriod: 1000 milliseconds]
Content: [17 bytes]
Signature: [type: SignatureSha256WithEcdsa, length: 70]
1605894468.999406 DEBUG: [ndnsd.Tools.Reload] Tentative next interest schedule in : 54 milliseconds
1605894469.053867  INFO: [ndnsd.Tools.Reload] Sending reload interest: /ndnsd/p1/service-info/reload/1605894469053801898%20nanoseconds%20since%20Jan%201%2C%201970?MustBeFresh
1605894469.056621  INFO: [ndnsd.Tools.Reload] Update SuccessfulName: /ndnsd/p1/service-info/reload/1605894469053801898%20nanoseconds%20since%20Jan%201%2C%201970
MetaInfo: [ContentType: 0, FreshnessPeriod: 1000 milliseconds]
Content: [17 bytes]
Signature: [type: SignatureSha256WithEcdsa, length: 70]
1605894469.056652 DEBUG: [ndnsd.Tools.Reload] Tentative next interest schedule in : 66 milliseconds
1605894469.138644  INFO: [ndnsd.Tools.Reload] Sending reload interest: /ndnsd/p1/service-info/reload/1605894469138594453%20nanoseconds%20since%20Jan%201%2C%201970?MustBeFresh
1605894469.142168  INFO: [ndnsd.Tools.Reload] Update SuccessfulName: /ndnsd/p1/service-info/reload/1605894469138594453%20nanoseconds%20since%20Jan%201%2C%201970
MetaInfo: [ContentType: 0, FreshnessPeriod: 1000 milliseconds]
Content: [17 bytes]
Signature: [type: SignatureSha256WithEcdsa, length: 71]
1605894469.142201 DEBUG: [ndnsd.Tools.Reload] Tentative next interest schedule in : 84 milliseconds
1605894469.226754  INFO: [ndnsd.Tools.Reload] Sending reload interest: /ndnsd/p1/service-info/reload/1605894469226713803%20nanoseconds%20since%20Jan%201%2C%201970?MustBeFresh
1605894469.230040  INFO: [ndnsd.Tools.Reload] Update SuccessfulName: /ndnsd/p1/service-info/reload/1605894469226713803%20nanoseconds%20since%20Jan%201%2C%201970
MetaInfo: [ContentType: 0, FreshnessPeriod: 1000 milliseconds]
Content: [17 bytes]
Signature: [type: SignatureSha256WithEcdsa, length: 70]
1605894469.230070 DEBUG: [ndnsd.Tools.Reload] Tentative next interest schedule in : 68 milliseconds
1605894469.298750  INFO: [ndnsd.Tools.Reload] Sending reload interest: /ndnsd/p1/service-info/reload/1605894469298699093%20nanoseconds%20since%20Jan%201%2C%201970?MustBeFresh
1605894469.301723  INFO: [ndnsd.Tools.Reload] Update SuccessfulName: /ndnsd/p1/service-info/reload/1605894469298699093%20nanoseconds%20since%20Jan%201%2C%201970
MetaInfo: [ContentType: 0, FreshnessPeriod: 1000 milliseconds]
Content: [17 bytes]
Signature: [type: SignatureSha256WithEcdsa, length: 71]
1605894469.301754 DEBUG: [ndnsd.Tools.Reload] Tentative next interest schedule in : 79 milliseconds
1605894469.381493  INFO: [ndnsd.Tools.Reload] Sending reload interest: /ndnsd/p1/service-info/reload/1605894469381449059%20nanoseconds%20since%20Jan%201%2C%201970?MustBeFresh
1605894469.383816  INFO: [ndnsd.Tools.Reload] Update SuccessfulName: /ndnsd/p1/service-info/reload/1605894469381449059%20nanoseconds%20since%20Jan%201%2C%201970
MetaInfo: [ContentType: 0, FreshnessPeriod: 1000 milliseconds]
Content: [17 bytes]
Signature: [type: SignatureSha256WithEcdsa, length: 70]
1605894469.383842 DEBUG: [ndnsd.Tools.Reload] Tentative next interest schedule in : 88 milliseconds
1605894469.473394  INFO: [ndnsd.Tools.Reload] Sending reload interest: /ndnsd/p1/service-info/reload/1605894469473251880%20nanoseconds%20since%20Jan%201%2C%201970?MustBeFresh
1605894469.476040  INFO: [ndnsd.Tools.Reload] Update SuccessfulName: /ndnsd/p1/service-info/reload/1605894469473251880%20nanoseconds%20since%20Jan%201%2C%201970
MetaInfo: [ContentType: 0, FreshnessPeriod: 1000 milliseconds]
Content: [17 bytes]
Signature: [type: SignatureSha256WithEcdsa, length: 71]
1605894469.476068 DEBUG: [ndnsd.Tools.Reload] Tentative next interest schedule in : 74 milliseconds
1605894469.550488  INFO: [ndnsd.Tools.Reload] Sending reload interest: /ndnsd/p1/service-info/reload/1605894469550442841%20nanoseconds%20since%20Jan%201%2C%201970?MustBeFresh
1605894469.552537  INFO: [ndnsd.Tools.Reload] Update SuccessfulName: /ndnsd/p1/service-info/reload/1605894469550442841%20nanoseconds%20since%20Jan%201%2C%201970
MetaInfo: [ContentType: 0, FreshnessPeriod: 1000 milliseconds]
Content: [17 bytes]
Signature: [type: SignatureSha256WithEcdsa, length: 71]
1605894469.552560 DEBUG: [ndnsd.Tools.Reload] Tentative next interest schedule in : 50 milliseconds
1605894469.602846  INFO: [ndnsd.Tools.Reload] Sending reload interest: /ndnsd/p1/service-info/reload/1605894469602811899%20nanoseconds%20since%20Jan%201%2C%201970?MustBeFresh
1605894469.605032  INFO: [ndnsd.Tools.Reload] Update SuccessfulName: /ndnsd/p1/service-info/reload/1605894469602811899%20nanoseconds%20since%20Jan%201%2C%201970
MetaInfo: [ContentType: 0, FreshnessPeriod: 1000 milliseconds]
Content: [17 bytes]
Signature: [type: SignatureSha256WithEcdsa, length: 71]
1605894469.605061 DEBUG: [ndnsd.Tools.Reload] Tentative next interest schedule in : 77 milliseconds
1605894469.682663  INFO: [ndnsd.Tools.Reload] Sending reload interest: /ndnsd/p1/service-info/reload/1605894469682615061%20nanoseconds%20since%20Jan%201%2C%201970?MustBeFresh
1605894469.685217  INFO: [ndnsd.Tools.Reload] Update SuccessfulName: /ndnsd/p1/service-info/reload/1605894469682615061%20nanoseconds%20since%20Jan%201%2C%201970
MetaInfo: [ContentType: 0, FreshnessPeriod: 1000 milliseconds]
Content: [17 bytes]
Signature: [type: SignatureSha256WithEcdsa, length: 71]
1605894469.685286 DEBUG: [ndnsd.Tools.Reload] Tentative next interest schedule in : 72 milliseconds
1605894469.758934  INFO: [ndnsd.Tools.Reload] Sending reload interest: /ndnsd/p1/service-info/reload/1605894469758884419%20nanoseconds%20since%20Jan%201%2C%201970?MustBeFresh
1605894469.761517  INFO: [ndnsd.Tools.Reload] Update SuccessfulName: /ndnsd/p1/service-info/reload/1605894469758884419%20nanoseconds%20since%20Jan%201%2C%201970
MetaInfo: [ContentType: 0, FreshnessPeriod: 1000 milliseconds]
Content: [17 bytes]
Signature: [type: SignatureSha256WithEcdsa, length: 71]
1605894469.761549 DEBUG: [ndnsd.Tools.Reload] Tentative next interest schedule in : 81 milliseconds
1605894469.844867  INFO: [ndnsd.Tools.Reload] Sending reload interest: /ndnsd/p1/service-info/reload/1605894469844836028%20nanoseconds%20since%20Jan%201%2C%201970?MustBeFresh
1605894469.847935  INFO: [ndnsd.Tools.Reload] Update SuccessfulName: /ndnsd/p1/service-info/reload/1605894469844836028%20nanoseconds%20since%20Jan%201%2C%201970
MetaInfo: [ContentType: 0, FreshnessPeriod: 1000 milliseconds]
Content: [17 bytes]
Signature: [type: SignatureSha256WithEcdsa, length: 70]
1605894469.847962 DEBUG: [ndnsd.Tools.Reload] Tentative next interest schedule in : 48 milliseconds
1605894469.896193  INFO: [ndnsd.Tools.Reload] Sending reload interest: /ndnsd/p1/service-info/reload/1605894469896162434%20nanoseconds%20since%20Jan%201%2C%201970?MustBeFresh
1605894469.897863  INFO: [ndnsd.Tools.Reload] Update SuccessfulName: /ndnsd/p1/service-info/reload/1605894469896162434%20nanoseconds%20since%20Jan%201%2C%201970
MetaInfo: [ContentType: 0, FreshnessPeriod: 1000 milliseconds]
Content: [17 bytes]
Signature: [type: SignatureSha256WithEcdsa, length: 72]
1605894469.897884 DEBUG: [ndnsd.Tools.Reload] Tentative next interest schedule in : 49 milliseconds
1605894469.947973  INFO: [ndnsd.Tools.Reload] Sending reload interest: /ndnsd/p1/service-info/reload/1605894469947937350%20nanoseconds%20since%20Jan%201%2C%201970?MustBeFresh
1605894469.950314  INFO: [ndnsd.Tools.Reload] Update SuccessfulName: /ndnsd/p1/service-info/reload/1605894469947937350%20nanoseconds%20since%20Jan%201%2C%201970
MetaInfo: [ContentType: 0, FreshnessPeriod: 1000 milliseconds]
Content: [17 bytes]
Signature: [type: SignatureSha256WithEcdsa, length: 70]
1605894469.950347 DEBUG: [ndnsd.Tools.Reload] Tentative next interest schedule in : 62 milliseconds
1605894470.012911  INFO: [ndnsd.Tools.Reload] Sending reload interest: /ndnsd/p1/service-info/reload/1605894470012876666%20nanoseconds%20since%20Jan%201%2C%201970?MustBeFresh
1605894470.015297  INFO: [ndnsd.Tools.Reload] Update SuccessfulName: /ndnsd/p1/service-info/reload/1605894470012876666%20nanoseconds%20since%20Jan%201%2C%201970
MetaInfo: [ContentType: 0, FreshnessPeriod: 1000 milliseconds]
Content: [17 bytes]
Signature: [type: SignatureSha256WithEcdsa, length: 70]
1605894470.015322 DEBUG: [ndnsd.Tools.Reload] Tentative next interest schedule in : 61 milliseconds
1605894470.077158  INFO: [ndnsd.Tools.Reload] Sending reload interest: /ndnsd/p1/service-info/reload/1605894470077128751%20nanoseconds%20since%20Jan%201%2C%201970?MustBeFresh
1605894470.079163  INFO: [ndnsd.Tools.Reload] Update SuccessfulName: /ndnsd/p1/service-info/reload/1605894470077128751%20nanoseconds%20since%20Jan%201%2C%201970
MetaInfo: [ContentType: 0, FreshnessPeriod: 1000 milliseconds]
Content: [17 bytes]
Signature: [type: SignatureSha256WithEcdsa, length: 71]
1605894470.079187 DEBUG: [ndnsd.Tools.Reload] Tentative next interest schedule in : 54 milliseconds
1605894470.134314  INFO: [ndnsd.Tools.Reload] Sending reload interest: /ndnsd/p1/service-info/reload/1605894470134207476%20nanoseconds%20since%20Jan%201%2C%201970?MustBeFresh
1605894470.136351  INFO: [ndnsd.Tools.Reload] Update SuccessfulName: /ndnsd/p1/service-info/reload/1605894470134207476%20nanoseconds%20since%20Jan%201%2C%201970
MetaInfo: [ContentType: 0, FreshnessPeriod: 1000 milliseconds]
Content: [17 bytes]
Signature: [type: SignatureSha256WithEcdsa, length: 70]
1605894470.136382 DEBUG: [ndnsd.Tools.Reload] Tentative next interest schedule in : 68 milliseconds
1605894470.228452  INFO: [ndnsd.Tools.Reload] Sending reload interest: /ndnsd/p1/service-info/reload/1605894470228359417%20nanoseconds%20since%20Jan%201%2C%201970?MustBeFresh
1605894470.232429  INFO: [ndnsd.Tools.Reload] Update SuccessfulName: /ndnsd/p1/service-info/reload/1605894470228359417%20nanoseconds%20since%20Jan%201%2C%201970
MetaInfo: [ContentType: 0, FreshnessPeriod: 1000 milliseconds]
Content: [17 bytes]
Signature: [type: SignatureSha256WithEcdsa, length: 70]
1605894470.232464 DEBUG: [ndnsd.Tools.Reload] Tentative next interest schedule in : 79 milliseconds
1605894470.311648  INFO: [ndnsd.Tools.Reload] Sending reload interest: /ndnsd/p1/service-info/reload/1605894470311575927%20nanoseconds%20since%20Jan%201%2C%201970?MustBeFresh
1605894470.313924  INFO: [ndnsd.Tools.Reload] Update SuccessfulName: /ndnsd/p1/service-info/reload/1605894470311575927%20nanoseconds%20since%20Jan%201%2C%201970
MetaInfo: [ContentType: 0, FreshnessPeriod: 1000 milliseconds]
Content: [17 bytes]
Signature: [type: SignatureSha256WithEcdsa, length: 72]
1605894470.313961 DEBUG: [ndnsd.Tools.Reload] Tentative next interest schedule in : 50 milliseconds
1605894470.364081  INFO: [ndnsd.Tools.Reload] Sending reload interest: /ndnsd/p1/service-info/reload/1605894470364045430%20nanoseconds%20since%20Jan%201%2C%201970?MustBeFresh
1605894470.366956  INFO: [ndnsd.Tools.Reload] Update SuccessfulName: /ndnsd/p1/service-info/reload/1605894470364045430%20nanoseconds%20since%20Jan%201%2C%201970
MetaInfo: [ContentType: 0, FreshnessPeriod: 1000 milliseconds]
Content: [17 bytes]
Signature: [type: SignatureSha256WithEcdsa, length: 71]
1605894470.366985 DEBUG: [ndnsd.Tools.Reload] Tentative next interest schedule in : 80 milliseconds
1605894470.447196  INFO: [ndnsd.Tools.Reload] Sending reload interest: /ndnsd/p1/service-info/reload/1605894470447155904%20nanoseconds%20since%20Jan%201%2C%201970?MustBeFresh
1605894470.450503  INFO: [ndnsd.Tools.Reload] Update SuccessfulName: /ndnsd/p1/service-info/reload/1605894470447155904%20nanoseconds%20since%20Jan%201%2C%201970
MetaInfo: [ContentType: 0, FreshnessPeriod: 1000 milliseconds]
Content: [17 bytes]
Signature: [type: SignatureSha256WithEcdsa, length: 71]
1605894470.450542 DEBUG: [ndnsd.Tools.Reload] Tentative next interest schedule in : 46 milliseconds
1605894470.496871  INFO: [ndnsd.Tools.Reload] Sending reload interest: /ndnsd/p1/service-info/reload/1605894470496836194%20nanoseconds%20since%20Jan%201%2C%201970?MustBeFresh
1605894470.499053  INFO: [ndnsd.Tools.Reload] Update SuccessfulName: /ndnsd/p1/service-info/reload/1605894470496836194%20nanoseconds%20since%20Jan%201%2C%201970
MetaInfo: [ContentType: 0, FreshnessPeriod: 1000 milliseconds]
Content: [17 bytes]
Signature: [type: SignatureSha256WithEcdsa, length: 70]
1605894470.499079 DEBUG: [ndnsd.Tools.Reload] Tentative next interest schedule in : 78 milliseconds
1605894470.577354  INFO: [ndnsd.Tools.Reload] Sending reload interest: /ndnsd/p1/service-info/reload/1605894470577321573%20nanoseconds%20since%20Jan%201%2C%201970?MustBeFresh
1605894470.579368  INFO: [ndnsd.Tools.Reload] Update SuccessfulName: /ndnsd/p1/service-info/reload/1605894470577321573%20nanoseconds%20since%20Jan%201%2C%201970
MetaInfo: [ContentType: 0, FreshnessPeriod: 1000 milliseconds]
Content: [17 bytes]
Signature: [type: SignatureSha256WithEcdsa, length: 71]
1605894470.579399 DEBUG: [ndnsd.Tools.Reload] Tentative next interest schedule in : 73 milliseconds
1605894470.652688  INFO: [ndnsd.Tools.Reload] Sending reload interest: /ndnsd/p1/service-info/reload/1605894470652595416%20nanoseconds%20since%20Jan%201%2C%201970?MustBeFresh
1605894470.656713  INFO: [ndnsd.Tools.Reload] Update SuccessfulName: /ndnsd/p1/service-info/reload/1605894470652595416%20nanoseconds%20since%20Jan%201%2C%201970
MetaInfo: [ContentType: 0, FreshnessPeriod: 1000 milliseconds]
Content: [17 bytes]
Signature: [type: SignatureSha256WithEcdsa, length: 71]
1605894470.656777 DEBUG: [ndnsd.Tools.Reload] Tentative next interest schedule in : 49 milliseconds
1605894470.706149  INFO: [ndnsd.Tools.Reload] Sending reload interest: /ndnsd/p1/service-info/reload/1605894470706020940%20nanoseconds%20since%20Jan%201%2C%201970?MustBeFresh
1605894470.708601  INFO: [ndnsd.Tools.Reload] Update SuccessfulName: /ndnsd/p1/service-info/reload/1605894470706020940%20nanoseconds%20since%20Jan%201%2C%201970
MetaInfo: [ContentType: 0, FreshnessPeriod: 1000 milliseconds]
Content: [17 bytes]
Signature: [type: SignatureSha256WithEcdsa, length: 71]
1605894470.708709 DEBUG: [ndnsd.Tools.Reload] Tentative next interest schedule in : 84 milliseconds
1605894470.793533  INFO: [ndnsd.Tools.Reload] Sending reload interest: /ndnsd/p1/service-info/reload/1605894470793500793%20nanoseconds%20since%20Jan%201%2C%201970?MustBeFresh
1605894470.797212  INFO: [ndnsd.Tools.Reload] Update SuccessfulName: /ndnsd/p1/service-info/reload/1605894470793500793%20nanoseconds%20since%20Jan%201%2C%201970
MetaInfo: [ContentType: 0, FreshnessPeriod: 1000 milliseconds]
Content: [17 bytes]
Signature: [type: SignatureSha256WithEcdsa, length: 71]
1605894470.797293 DEBUG: [ndnsd.Tools.Reload] Tentative next interest schedule in : 77 milliseconds
1605894470.874554  INFO: [ndnsd.Tools.Reload] Sending reload interest: /ndnsd/p1/service-info/reload/1605894470874517009%20nanoseconds%20since%20Jan%201%2C%201970?MustBeFresh
1605894470.876904  INFO: [ndnsd.Tools.Reload] Update SuccessfulName: /ndnsd/p1/service-info/reload/1605894470874517009%20nanoseconds%20since%20Jan%201%2C%201970
MetaInfo: [ContentType: 0, FreshnessPeriod: 1000 milliseconds]
Content: [17 bytes]
Signature: [type: SignatureSha256WithEcdsa, length: 72]
1605894470.876943 DEBUG: [ndnsd.Tools.Reload] Tentative next interest schedule in : 86 milliseconds
1605894470.963352  INFO: [ndnsd.Tools.Reload] Sending reload interest: /ndnsd/p1/service-info/reload/1605894470963322429%20nanoseconds%20since%20Jan%201%2C%201970?MustBeFresh
1605894470.965747  INFO: [ndnsd.Tools.Reload] Update SuccessfulName: /ndnsd/p1/service-info/reload/1605894470963322429%20nanoseconds%20since%20Jan%201%2C%201970
MetaInfo: [ContentType: 0, FreshnessPeriod: 1000 milliseconds]
Content: [17 bytes]
Signature: [type: SignatureSha256WithEcdsa, length: 71]
1605894470.965835 DEBUG: [ndnsd.Tools.Reload] Tentative next interest schedule in : 43 milliseconds
1605894471.009013  INFO: [ndnsd.Tools.Reload] Sending reload interest: /ndnsd/p1/service-info/reload/1605894471008980901%20nanoseconds%20since%20Jan%201%2C%201970?MustBeFresh
1605894471.011156  INFO: [ndnsd.Tools.Reload] Update SuccessfulName: /ndnsd/p1/service-info/reload/1605894471008980901%20nanoseconds%20since%20Jan%201%2C%201970
MetaInfo: [ContentType: 0, FreshnessPeriod: 1000 milliseconds]
Content: [17 bytes]
Signature: [type: SignatureSha256WithEcdsa, length: 71]
1605894471.011226 DEBUG: [ndnsd.Tools.Reload] Tentative next interest schedule in : 48 milliseconds
1605894471.059445  INFO: [ndnsd.Tools.Reload] Sending reload interest: /ndnsd/p1/service-info/reload/1605894471059411482%20nanoseconds%20since%20Jan%201%2C%201970?MustBeFresh
1605894471.061020  INFO: [ndnsd.Tools.Reload] Update SuccessfulName: /ndnsd/p1/service-info/reload/1605894471059411482%20nanoseconds%20since%20Jan%201%2C%201970
MetaInfo: [ContentType: 0, FreshnessPeriod: 1000 milliseconds]
Content: [17 bytes]
Signature: [type: SignatureSha256WithEcdsa, length: 70]
1605894471.061043 DEBUG: [ndnsd.Tools.Reload] Tentative next interest schedule in : 59 milliseconds
1605894471.121050  INFO: [ndnsd.Tools.Reload] Sending reload interest: /ndnsd/p1/service-info/reload/1605894471120968065%20nanoseconds%20since%20Jan%201%2C%201970?MustBeFresh
1605894471.123912  INFO: [ndnsd.Tools.Reload] Update SuccessfulName: /ndnsd/p1/service-info/reload/1605894471120968065%20nanoseconds%20since%20Jan%201%2C%201970
MetaInfo: [ContentType: 0, FreshnessPeriod: 1000 milliseconds]
Content: [17 bytes]
Signature: [type: SignatureSha256WithEcdsa, length: 70]
1605894471.123943 DEBUG: [ndnsd.Tools.Reload] Tentative next interest schedule in : 83 milliseconds
1605894471.207086  INFO: [ndnsd.Tools.Reload] Sending reload interest: /ndnsd/p1/service-info/reload/1605894471207052287%20nanoseconds%20since%20Jan%201%2C%201970?MustBeFresh
1605894471.209094  INFO: [ndnsd.Tools.Reload] Update SuccessfulName: /ndnsd/p1/service-info/reload/1605894471207052287%20nanoseconds%20since%20Jan%201%2C%201970
MetaInfo: [ContentType: 0, FreshnessPeriod: 1000 milliseconds]
Content: [17 bytes]
Signature: [type: SignatureSha256WithEcdsa, length: 70]
1605894471.209120 DEBUG: [ndnsd.Tools.Reload] Tentative next interest schedule in : 63 milliseconds
1605894471.273216  INFO: [ndnsd.Tools.Reload] Sending reload interest: /ndnsd/p1/service-info/reload/1605894471273132684%20nanoseconds%20since%20Jan%201%2C%201970?MustBeFresh
1605894471.277919  INFO: [ndnsd.Tools.Reload] Update SuccessfulName: /ndnsd/p1/service-info/reload/1605894471273132684%20nanoseconds%20since%20Jan%201%2C%201970
MetaInfo: [ContentType: 0, FreshnessPeriod: 1000 milliseconds]
Content: [17 bytes]
Signature: [type: SignatureSha256WithEcdsa, length: 71]
1605894471.277947 DEBUG: [ndnsd.Tools.Reload] Tentative next interest schedule in : 86 milliseconds
1605894471.364387  INFO: [ndnsd.Tools.Reload] Sending reload interest: /ndnsd/p1/service-info/reload/1605894471364356075%20nanoseconds%20since%20Jan%201%2C%201970?MustBeFresh
1605894471.366625  INFO: [ndnsd.Tools.Reload] Update SuccessfulName: /ndnsd/p1/service-info/reload/1605894471364356075%20nanoseconds%20since%20Jan%201%2C%201970
MetaInfo: [ContentType: 0, FreshnessPeriod: 1000 milliseconds]
Content: [17 bytes]
Signature: [type: SignatureSha256WithEcdsa, length: 71]
1605894471.366659 DEBUG: [ndnsd.Tools.Reload] Tentative next interest schedule in : 51 milliseconds
1605894471.418046  INFO: [ndnsd.Tools.Reload] Sending reload interest: /ndnsd/p1/service-info/reload/1605894471418013194%20nanoseconds%20since%20Jan%201%2C%201970?MustBeFresh
1605894471.419928  INFO: [ndnsd.Tools.Reload] Update SuccessfulName: /ndnsd/p1/service-info/reload/1605894471418013194%20nanoseconds%20since%20Jan%201%2C%201970
MetaInfo: [ContentType: 0, FreshnessPeriod: 1000 milliseconds]
Content: [17 bytes]
Signature: [type: SignatureSha256WithEcdsa, length: 72]
1605894471.419985 DEBUG: [ndnsd.Tools.Reload] Tentative next interest schedule in : 51 milliseconds
1605894471.471181  INFO: [ndnsd.Tools.Reload] Sending reload interest: /ndnsd/p1/service-info/reload/1605894471471146709%20nanoseconds%20since%20Jan%201%2C%201970?MustBeFresh
1605894471.473090  INFO: [ndnsd.Tools.Reload] Update SuccessfulName: /ndnsd/p1/service-info/reload/1605894471471146709%20nanoseconds%20since%20Jan%201%2C%201970
MetaInfo: [ContentType: 0, FreshnessPeriod: 1000 milliseconds]
Content: [17 bytes]
Signature: [type: SignatureSha256WithEcdsa, length: 72]
1605894471.473120 DEBUG: [ndnsd.Tools.Reload] Tentative next interest schedule in : 52 milliseconds
1605894471.525223  INFO: [ndnsd.Tools.Reload] Sending reload interest: /ndnsd/p1/service-info/reload/1605894471525189052%20nanoseconds%20since%20Jan%201%2C%201970?MustBeFresh
1605894471.527140  INFO: [ndnsd.Tools.Reload] Update SuccessfulName: /ndnsd/p1/service-info/reload/1605894471525189052%20nanoseconds%20since%20Jan%201%2C%201970
MetaInfo: [ContentType: 0, FreshnessPeriod: 1000 milliseconds]
Content: [17 bytes]
Signature: [type: SignatureSha256WithEcdsa, length: 71]
1605894471.527173 DEBUG: [ndnsd.Tools.Reload] Tentative next interest schedule in : 67 milliseconds
1605894471.594878  INFO: [ndnsd.Tools.Reload] Sending reload interest: /ndnsd/p1/service-info/reload/1605894471594835319%20nanoseconds%20since%20Jan%201%2C%201970?MustBeFresh
1605894471.597688  INFO: [ndnsd.Tools.Reload] Update SuccessfulName: /ndnsd/p1/service-info/reload/1605894471594835319%20nanoseconds%20since%20Jan%201%2C%201970
MetaInfo: [ContentType: 0, FreshnessPeriod: 1000 milliseconds]
Content: [17 bytes]
Signature: [type: SignatureSha256WithEcdsa, length: 72]
1605894471.597715 DEBUG: [ndnsd.Tools.Reload] Tentative next interest schedule in : 77 milliseconds
1605894471.674969  INFO: [ndnsd.Tools.Reload] Sending reload interest: /ndnsd/p1/service-info/reload/1605894471674934580%20nanoseconds%20since%20Jan%201%2C%201970?MustBeFresh
1605894471.676588  INFO: [ndnsd.Tools.Reload] Update SuccessfulName: /ndnsd/p1/service-info/reload/1605894471674934580%20nanoseconds%20since%20Jan%201%2C%201970
MetaInfo: [ContentType: 0, FreshnessPeriod: 1000 milliseconds]
Content: [17 bytes]
Signature: [type: SignatureSha256WithEcdsa, length: 70]
1605894471.676697 DEBUG: [ndnsd.Tools.Reload] Tentative next interest schedule in : 89 milliseconds
1605894471.767143  INFO: [ndnsd.Tools.Reload] Sending reload interest: /ndnsd/p1/service-info/reload/1605894471767108235%20nanoseconds%20since%20Jan%201%2C%201970?MustBeFresh
1605894471.768929  INFO: [ndnsd.Tools.Reload] Update SuccessfulName: /ndnsd/p1/service-info/reload/1605894471767108235%20nanoseconds%20since%20Jan%201%2C%201970
MetaInfo: [ContentType: 0, FreshnessPeriod: 1000 milliseconds]
Content: [17 bytes]
Signature: [type: SignatureSha256WithEcdsa, length: 71]
1605894471.768957 DEBUG: [ndnsd.Tools.Reload] Tentative next interest schedule in : 40 milliseconds
1605894471.809170  INFO: [ndnsd.Tools.Reload] Sending reload interest: /ndnsd/p1/service-info/reload/1605894471809128924%20nanoseconds%20since%20Jan%201%2C%201970?MustBeFresh
1605894471.812907  INFO: [ndnsd.Tools.Reload] Update SuccessfulName: /ndnsd/p1/service-info/reload/1605894471809128924%20nanoseconds%20since%20Jan%201%2C%201970
MetaInfo: [ContentType: 0, FreshnessPeriod: 1000 milliseconds]
Content: [17 bytes]
Signature: [type: SignatureSha256WithEcdsa, length: 71]
1605894471.812934 DEBUG: [ndnsd.Tools.Reload] Tentative next interest schedule in : 89 milliseconds
1605894471.902143  INFO: [ndnsd.Tools.Reload] Sending reload interest: /ndnsd/p1/service-info/reload/1605894471902066326%20nanoseconds%20since%20Jan%201%2C%201970?MustBeFresh
1605894471.904533  INFO: [ndnsd.Tools.Reload] Update SuccessfulName: /ndnsd/p1/service-info/reload/1605894471902066326%20nanoseconds%20since%20Jan%201%2C%201970
MetaInfo: [ContentType: 0, FreshnessPeriod: 1000 milliseconds]
Content: [17 bytes]
Signature: [type: SignatureSha256WithEcdsa, length: 71]
1605894471.904568 DEBUG: [ndnsd.Tools.Reload] Tentative next interest schedule in : 76 milliseconds
1605894471.980840  INFO: [ndnsd.Tools.Reload] Sending reload interest: /ndnsd/p1/service-info/reload/1605894471980791577%20nanoseconds%20since%20Jan%201%2C%201970?MustBeFresh
1605894471.983275  INFO: [ndnsd.Tools.Reload] Update SuccessfulName: /ndnsd/p1/service-info/reload/1605894471980791577%20nanoseconds%20since%20Jan%201%2C%201970
MetaInfo: [ContentType: 0, FreshnessPeriod: 1000 milliseconds]
Content: [17 bytes]
Signature: [type: SignatureSha256WithEcdsa, length: 70]
1605894471.983305 DEBUG: [ndnsd.Tools.Reload] Tentative next interest schedule in : 46 milliseconds
1605894472.029763  INFO: [ndnsd.Tools.Reload] Sending reload interest: /ndnsd/p1/service-info/reload/1605894472029727580%20nanoseconds%20since%20Jan%201%2C%201970?MustBeFresh
1605894472.032252  INFO: [ndnsd.Tools.Reload] Update SuccessfulName: /ndnsd/p1/service-info/reload/1605894472029727580%20nanoseconds%20since%20Jan%201%2C%201970
MetaInfo: [ContentType: 0, FreshnessPeriod: 1000 milliseconds]
Content: [17 bytes]
Signature: [type: SignatureSha256WithEcdsa, length: 70]
1605894472.032283 DEBUG: [ndnsd.Tools.Reload] Tentative next interest schedule in : 69 milliseconds
1605894472.101466  INFO: [ndnsd.Tools.Reload] Sending reload interest: /ndnsd/p1/service-info/reload/1605894472101433886%20nanoseconds%20since%20Jan%201%2C%201970?MustBeFresh
1605894472.103782  INFO: [ndnsd.Tools.Reload] Update SuccessfulName: /ndnsd/p1/service-info/reload/1605894472101433886%20nanoseconds%20since%20Jan%201%2C%201970
MetaInfo: [ContentType: 0, FreshnessPeriod: 1000 milliseconds]
Content: [17 bytes]
Signature: [type: SignatureSha256WithEcdsa, length: 72]
1605894472.103818 DEBUG: [ndnsd.Tools.Reload] Tentative next interest schedule in : 57 milliseconds
1605894472.160944  INFO: [ndnsd.Tools.Reload] Sending reload interest: /ndnsd/p1/service-info/reload/1605894472160911463%20nanoseconds%20since%20Jan%201%2C%201970?MustBeFresh
1605894472.162946  INFO: [ndnsd.Tools.Reload] Update SuccessfulName: /ndnsd/p1/service-info/reload/1605894472160911463%20nanoseconds%20since%20Jan%201%2C%201970
MetaInfo: [ContentType: 0, FreshnessPeriod: 1000 milliseconds]
Content: [17 bytes]
Signature: [type: SignatureSha256WithEcdsa, length: 71]
1605894472.162973 DEBUG: [ndnsd.Tools.Reload] Tentative next interest schedule in : 76 milliseconds
1605894472.239197  INFO: [ndnsd.Tools.Reload] Sending reload interest: /ndnsd/p1/service-info/reload/1605894472239161311%20nanoseconds%20since%20Jan%201%2C%201970?MustBeFresh
1605894472.241669  INFO: [ndnsd.Tools.Reload] Update SuccessfulName: /ndnsd/p1/service-info/reload/1605894472239161311%20nanoseconds%20since%20Jan%201%2C%201970
MetaInfo: [ContentType: 0, FreshnessPeriod: 1000 milliseconds]
Content: [17 bytes]
Signature: [type: SignatureSha256WithEcdsa, length: 71]
1605894472.241700 DEBUG: [ndnsd.Tools.Reload] Tentative next interest schedule in : 50 milliseconds
1605894472.292136  INFO: [ndnsd.Tools.Reload] Sending reload interest: /ndnsd/p1/service-info/reload/1605894472292101871%20nanoseconds%20since%20Jan%201%2C%201970?MustBeFresh
1605894472.294778  INFO: [ndnsd.Tools.Reload] Update SuccessfulName: /ndnsd/p1/service-info/reload/1605894472292101871%20nanoseconds%20since%20Jan%201%2C%201970
MetaInfo: [ContentType: 0, FreshnessPeriod: 1000 milliseconds]
Content: [17 bytes]
Signature: [type: SignatureSha256WithEcdsa, length: 72]
1605894472.294802 DEBUG: [ndnsd.Tools.Reload] Tentative next interest schedule in : 79 milliseconds
1605894472.374343  INFO: [ndnsd.Tools.Reload] Sending reload interest: /ndnsd/p1/service-info/reload/1605894472374298796%20nanoseconds%20since%20Jan%201%2C%201970?MustBeFresh
1605894472.376710  INFO: [ndnsd.Tools.Reload] Update SuccessfulName: /ndnsd/p1/service-info/reload/1605894472374298796%20nanoseconds%20since%20Jan%201%2C%201970
MetaInfo: [ContentType: 0, FreshnessPeriod: 1000 milliseconds]
Content: [17 bytes]
Signature: [type: SignatureSha256WithEcdsa, length: 70]
1605894472.376765 DEBUG: [ndnsd.Tools.Reload] Tentative next interest schedule in : 50 milliseconds
1605894472.426944  INFO: [ndnsd.Tools.Reload] Sending reload interest: /ndnsd/p1/service-info/reload/1605894472426910828%20nanoseconds%20since%20Jan%201%2C%201970?MustBeFresh
1605894472.428422  INFO: [ndnsd.Tools.Reload] Update SuccessfulName: /ndnsd/p1/service-info/reload/1605894472426910828%20nanoseconds%20since%20Jan%201%2C%201970
MetaInfo: [ContentType: 0, FreshnessPeriod: 1000 milliseconds]
Content: [17 bytes]
Signature: [type: SignatureSha256WithEcdsa, length: 72]
1605894472.428444 DEBUG: [ndnsd.Tools.Reload] Tentative next interest schedule in : 70 milliseconds
1605894472.499722  INFO: [ndnsd.Tools.Reload] Sending reload interest: /ndnsd/p1/service-info/reload/1605894472499648638%20nanoseconds%20since%20Jan%201%2C%201970?MustBeFresh
1605894472.503225  INFO: [ndnsd.Tools.Reload] Update SuccessfulName: /ndnsd/p1/service-info/reload/1605894472499648638%20nanoseconds%20since%20Jan%201%2C%201970
MetaInfo: [ContentType: 0, FreshnessPeriod: 1000 milliseconds]
Content: [17 bytes]
Signature: [type: SignatureSha256WithEcdsa, length: 71]
1605894472.503262 DEBUG: [ndnsd.Tools.Reload] Tentative next interest schedule in : 51 milliseconds
1605894472.558194  INFO: [ndnsd.Tools.Reload] Sending reload interest: /ndnsd/p1/service-info/reload/1605894472558143993%20nanoseconds%20since%20Jan%201%2C%201970?MustBeFresh
1605894472.560203  INFO: [ndnsd.Tools.Reload] Update SuccessfulName: /ndnsd/p1/service-info/reload/1605894472558143993%20nanoseconds%20since%20Jan%201%2C%201970
MetaInfo: [ContentType: 0, FreshnessPeriod: 1000 milliseconds]
Content: [17 bytes]
Signature: [type: SignatureSha256WithEcdsa, length: 71]
1605894472.560232 DEBUG: [ndnsd.Tools.Reload] Tentative next interest schedule in : 57 milliseconds
1605894472.619430  INFO: [ndnsd.Tools.Reload] Sending reload interest: /ndnsd/p1/service-info/reload/1605894472619379292%20nanoseconds%20since%20Jan%201%2C%201970?MustBeFresh
1605894472.621405  INFO: [ndnsd.Tools.Reload] Update SuccessfulName: /ndnsd/p1/service-info/reload/1605894472619379292%20nanoseconds%20since%20Jan%201%2C%201970
MetaInfo: [ContentType: 0, FreshnessPeriod: 1000 milliseconds]
Content: [17 bytes]
Signature: [type: SignatureSha256WithEcdsa, length: 71]
1605894472.621433 DEBUG: [ndnsd.Tools.Reload] Tentative next interest schedule in : 45 milliseconds
1605894472.666558  INFO: [ndnsd.Tools.Reload] Sending reload interest: /ndnsd/p1/service-info/reload/1605894472666507320%20nanoseconds%20since%20Jan%201%2C%201970?MustBeFresh
1605894472.669347  INFO: [ndnsd.Tools.Reload] Update SuccessfulName: /ndnsd/p1/service-info/reload/1605894472666507320%20nanoseconds%20since%20Jan%201%2C%201970
MetaInfo: [ContentType: 0, FreshnessPeriod: 1000 milliseconds]
Content: [17 bytes]
Signature: [type: SignatureSha256WithEcdsa, length: 71]
1605894472.669377 DEBUG: [ndnsd.Tools.Reload] Tentative next interest schedule in : 69 milliseconds
1605894472.739648  INFO: [ndnsd.Tools.Reload] Sending reload interest: /ndnsd/p1/service-info/reload/1605894472739594945%20nanoseconds%20since%20Jan%201%2C%201970?MustBeFresh
1605894472.742759  INFO: [ndnsd.Tools.Reload] Update SuccessfulName: /ndnsd/p1/service-info/reload/1605894472739594945%20nanoseconds%20since%20Jan%201%2C%201970
MetaInfo: [ContentType: 0, FreshnessPeriod: 1000 milliseconds]
Content: [17 bytes]
Signature: [type: SignatureSha256WithEcdsa, length: 70]
1605894472.742787 DEBUG: [ndnsd.Tools.Reload] Tentative next interest schedule in : 72 milliseconds
1605894472.814911  INFO: [ndnsd.Tools.Reload] Sending reload interest: /ndnsd/p1/service-info/reload/1605894472814878269%20nanoseconds%20since%20Jan%201%2C%201970?MustBeFresh
1605894472.816871  INFO: [ndnsd.Tools.Reload] Update SuccessfulName: /ndnsd/p1/service-info/reload/1605894472814878269%20nanoseconds%20since%20Jan%201%2C%201970
MetaInfo: [ContentType: 0, FreshnessPeriod: 1000 milliseconds]
Content: [17 bytes]
Signature: [type: SignatureSha256WithEcdsa, length: 71]
1605894472.816896 DEBUG: [ndnsd.Tools.Reload] Tentative next interest schedule in : 60 milliseconds
1605894472.878156  INFO: [ndnsd.Tools.Reload] Sending reload interest: /ndnsd/p1/service-info/reload/1605894472878012433%20nanoseconds%20since%20Jan%201%2C%201970?MustBeFresh
1605894472.882048  INFO: [ndnsd.Tools.Reload] Update SuccessfulName: /ndnsd/p1/service-info/reload/1605894472878012433%20nanoseconds%20since%20Jan%201%2C%201970
MetaInfo: [ContentType: 0, FreshnessPeriod: 1000 milliseconds]
Content: [17 bytes]
Signature: [type: SignatureSha256WithEcdsa, length: 72]
1605894472.882171 DEBUG: [ndnsd.Tools.Reload] Tentative next interest schedule in : 43 milliseconds
1605894472.925390  INFO: [ndnsd.Tools.Reload] Sending reload interest: /ndnsd/p1/service-info/reload/1605894472925346406%20nanoseconds%20since%20Jan%201%2C%201970?MustBeFresh
1605894472.927509  INFO: [ndnsd.Tools.Reload] Update SuccessfulName: /ndnsd/p1/service-info/reload/1605894472925346406%20nanoseconds%20since%20Jan%201%2C%201970
MetaInfo: [ContentType: 0, FreshnessPeriod: 1000 milliseconds]
Content: [17 bytes]
Signature: [type: SignatureSha256WithEcdsa, length: 71]
1605894472.927530 DEBUG: [ndnsd.Tools.Reload] Tentative next interest schedule in : 62 milliseconds
1605894472.990503  INFO: [ndnsd.Tools.Reload] Sending reload interest: /ndnsd/p1/service-info/reload/1605894472990452393%20nanoseconds%20since%20Jan%201%2C%201970?MustBeFresh
1605894472.992939  INFO: [ndnsd.Tools.Reload] Update SuccessfulName: /ndnsd/p1/service-info/reload/1605894472990452393%20nanoseconds%20since%20Jan%201%2C%201970
MetaInfo: [ContentType: 0, FreshnessPeriod: 1000 milliseconds]
Content: [17 bytes]
Signature: [type: SignatureSha256WithEcdsa, length: 71]
1605894472.992971 DEBUG: [ndnsd.Tools.Reload] Tentative next interest schedule in : 65 milliseconds
1605894473.058456  INFO: [ndnsd.Tools.Reload] Sending reload interest: /ndnsd/p1/service-info/reload/1605894473058412444%20nanoseconds%20since%20Jan%201%2C%201970?MustBeFresh
1605894473.060302  INFO: [ndnsd.Tools.Reload] Update SuccessfulName: /ndnsd/p1/service-info/reload/1605894473058412444%20nanoseconds%20since%20Jan%201%2C%201970
MetaInfo: [ContentType: 0, FreshnessPeriod: 1000 milliseconds]
Content: [17 bytes]
Signature: [type: SignatureSha256WithEcdsa, length: 71]
1605894473.060333 DEBUG: [ndnsd.Tools.Reload] Tentative next interest schedule in : 54 milliseconds
1605894473.114665  INFO: [ndnsd.Tools.Reload] Sending reload interest: /ndnsd/p1/service-info/reload/1605894473114593317%20nanoseconds%20since%20Jan%201%2C%201970?MustBeFresh
1605894473.116604  INFO: [ndnsd.Tools.Reload] Update SuccessfulName: /ndnsd/p1/service-info/reload/1605894473114593317%20nanoseconds%20since%20Jan%201%2C%201970
MetaInfo: [ContentType: 0, FreshnessPeriod: 1000 milliseconds]
Content: [17 bytes]
Signature: [type: SignatureSha256WithEcdsa, length: 71]
1605894473.116629 DEBUG: [ndnsd.Tools.Reload] Tentative next interest schedule in : 80 milliseconds
1605894473.196819  INFO: [ndnsd.Tools.Reload] Sending reload interest: /ndnsd/p1/service-info/reload/1605894473196784580%20nanoseconds%20since%20Jan%201%2C%201970?MustBeFresh
1605894473.198933  INFO: [ndnsd.Tools.Reload] Update SuccessfulName: /ndnsd/p1/service-info/reload/1605894473196784580%20nanoseconds%20since%20Jan%201%2C%201970
MetaInfo: [ContentType: 0, FreshnessPeriod: 1000 milliseconds]
Content: [17 bytes]
Signature: [type: SignatureSha256WithEcdsa, length: 71]
1605894473.198958 DEBUG: [ndnsd.Tools.Reload] Tentative next interest schedule in : 52 milliseconds
1605894473.251068  INFO: [ndnsd.Tools.Reload] Sending reload interest: /ndnsd/p1/service-info/reload/1605894473251037461%20nanoseconds%20since%20Jan%201%2C%201970?MustBeFresh
1605894473.252824  INFO: [ndnsd.Tools.Reload] Update SuccessfulName: /ndnsd/p1/service-info/reload/1605894473251037461%20nanoseconds%20since%20Jan%201%2C%201970
MetaInfo: [ContentType: 0, FreshnessPeriod: 1000 milliseconds]
Content: [17 bytes]
Signature: [type: SignatureSha256WithEcdsa, length: 70]
1605894473.252879 DEBUG: [ndnsd.Tools.Reload] Tentative next interest schedule in : 52 milliseconds
1605894473.305342  INFO: [ndnsd.Tools.Reload] Sending reload interest: /ndnsd/p1/service-info/reload/1605894473305297665%20nanoseconds%20since%20Jan%201%2C%201970?MustBeFresh
1605894473.307564  INFO: [ndnsd.Tools.Reload] Update SuccessfulName: /ndnsd/p1/service-info/reload/1605894473305297665%20nanoseconds%20since%20Jan%201%2C%201970
MetaInfo: [ContentType: 0, FreshnessPeriod: 1000 milliseconds]
Content: [17 bytes]
Signature: [type: SignatureSha256WithEcdsa, length: 72]
1605894473.307593 DEBUG: [ndnsd.Tools.Reload] Tentative next interest schedule in : 79 milliseconds
1605894473.387115  INFO: [ndnsd.Tools.Reload] Sending reload interest: /ndnsd/p1/service-info/reload/1605894473387030303%20nanoseconds%20since%20Jan%201%2C%201970?MustBeFresh
1605894473.389562  INFO: [ndnsd.Tools.Reload] Update SuccessfulName: /ndnsd/p1/service-info/reload/1605894473387030303%20nanoseconds%20since%20Jan%201%2C%201970
MetaInfo: [ContentType: 0, FreshnessPeriod: 1000 milliseconds]
Content: [17 bytes]
Signature: [type: SignatureSha256WithEcdsa, length: 71]
1605894473.389597 DEBUG: [ndnsd.Tools.Reload] Tentative next interest schedule in : 74 milliseconds
1605894473.465440  INFO: [ndnsd.Tools.Reload] Sending reload interest: /ndnsd/p1/service-info/reload/1605894473465397788%20nanoseconds%20since%20Jan%201%2C%201970?MustBeFresh
1605894473.467952  INFO: [ndnsd.Tools.Reload] Update SuccessfulName: /ndnsd/p1/service-info/reload/1605894473465397788%20nanoseconds%20since%20Jan%201%2C%201970
MetaInfo: [ContentType: 0, FreshnessPeriod: 1000 milliseconds]
Content: [17 bytes]
Signature: [type: SignatureSha256WithEcdsa, length: 70]
1605894473.467981 DEBUG: [ndnsd.Tools.Reload] Tentative next interest schedule in : 59 milliseconds
1605894473.527684  INFO: [ndnsd.Tools.Reload] Sending reload interest: /ndnsd/p1/service-info/reload/1605894473527639220%20nanoseconds%20since%20Jan%201%2C%201970?MustBeFresh
1605894473.529708  INFO: [ndnsd.Tools.Reload] Update SuccessfulName: /ndnsd/p1/service-info/reload/1605894473527639220%20nanoseconds%20since%20Jan%201%2C%201970
MetaInfo: [ContentType: 0, FreshnessPeriod: 1000 milliseconds]
Content: [17 bytes]
Signature: [type: SignatureSha256WithEcdsa, length: 71]
1605894473.529766 DEBUG: [ndnsd.Tools.Reload] Tentative next interest schedule in : 45 milliseconds
1605894473.574916  INFO: [ndnsd.Tools.Reload] Sending reload interest: /ndnsd/p1/service-info/reload/1605894473574885529%20nanoseconds%20since%20Jan%201%2C%201970?MustBeFresh
1605894473.576692  INFO: [ndnsd.Tools.Reload] Update SuccessfulName: /ndnsd/p1/service-info/reload/1605894473574885529%20nanoseconds%20since%20Jan%201%2C%201970
MetaInfo: [ContentType: 0, FreshnessPeriod: 1000 milliseconds]
Content: [17 bytes]
Signature: [type: SignatureSha256WithEcdsa, length: 70]
1605894473.576720 DEBUG: [ndnsd.Tools.Reload] Tentative next interest schedule in : 48 milliseconds
1605894473.625028  INFO: [ndnsd.Tools.Reload] Sending reload interest: /ndnsd/p1/service-info/reload/1605894473624980580%20nanoseconds%20since%20Jan%201%2C%201970?MustBeFresh
1605894473.627310  INFO: [ndnsd.Tools.Reload] Update SuccessfulName: /ndnsd/p1/service-info/reload/1605894473624980580%20nanoseconds%20since%20Jan%201%2C%201970
MetaInfo: [ContentType: 0, FreshnessPeriod: 1000 milliseconds]
Content: [17 bytes]
Signature: [type: SignatureSha256WithEcdsa, length: 71]
1605894473.627337 DEBUG: [ndnsd.Tools.Reload] Tentative next interest schedule in : 60 milliseconds
1605894473.687945  INFO: [ndnsd.Tools.Reload] Sending reload interest: /ndnsd/p1/service-info/reload/1605894473687895657%20nanoseconds%20since%20Jan%201%2C%201970?MustBeFresh
1605894473.690380  INFO: [ndnsd.Tools.Reload] Update SuccessfulName: /ndnsd/p1/service-info/reload/1605894473687895657%20nanoseconds%20since%20Jan%201%2C%201970
MetaInfo: [ContentType: 0, FreshnessPeriod: 1000 milliseconds]
Content: [17 bytes]
Signature: [type: SignatureSha256WithEcdsa, length: 72]
1605894473.690412 DEBUG: [ndnsd.Tools.Reload] Tentative next interest schedule in : 76 milliseconds
1605894473.768152  INFO: [ndnsd.Tools.Reload] Sending reload interest: /ndnsd/p1/service-info/reload/1605894473768110935%20nanoseconds%20since%20Jan%201%2C%201970?MustBeFresh
1605894473.772278  INFO: [ndnsd.Tools.Reload] Update SuccessfulName: /ndnsd/p1/service-info/reload/1605894473768110935%20nanoseconds%20since%20Jan%201%2C%201970
MetaInfo: [ContentType: 0, FreshnessPeriod: 1000 milliseconds]
Content: [17 bytes]
Signature: [type: SignatureSha256WithEcdsa, length: 71]
1605894473.772310 DEBUG: [ndnsd.Tools.Reload] Tentative next interest schedule in : 80 milliseconds
1605894473.853126  INFO: [ndnsd.Tools.Reload] Sending reload interest: /ndnsd/p1/service-info/reload/1605894473853066403%20nanoseconds%20since%20Jan%201%2C%201970?MustBeFresh
1605894473.855765  INFO: [ndnsd.Tools.Reload] Update SuccessfulName: /ndnsd/p1/service-info/reload/1605894473853066403%20nanoseconds%20since%20Jan%201%2C%201970
MetaInfo: [ContentType: 0, FreshnessPeriod: 1000 milliseconds]
Content: [17 bytes]
Signature: [type: SignatureSha256WithEcdsa, length: 70]
1605894473.855800 DEBUG: [ndnsd.Tools.Reload] Tentative next interest schedule in : 41 milliseconds
1605894473.897487  INFO: [ndnsd.Tools.Reload] Sending reload interest: /ndnsd/p1/service-info/reload/1605894473897445416%20nanoseconds%20since%20Jan%201%2C%201970?MustBeFresh
1605894473.899567  INFO: [ndnsd.Tools.Reload] Update SuccessfulName: /ndnsd/p1/service-info/reload/1605894473897445416%20nanoseconds%20since%20Jan%201%2C%201970
MetaInfo: [ContentType: 0, FreshnessPeriod: 1000 milliseconds]
Content: [17 bytes]
Signature: [type: SignatureSha256WithEcdsa, length: 71]
1605894473.899590 DEBUG: [ndnsd.Tools.Reload] Tentative next interest schedule in : 71 milliseconds
1605894473.979439  INFO: [ndnsd.Tools.Reload] Sending reload interest: /ndnsd/p1/service-info/reload/1605894473979388912%20nanoseconds%20since%20Jan%201%2C%201970?MustBeFresh
1605894473.982786  INFO: [ndnsd.Tools.Reload] Update SuccessfulName: /ndnsd/p1/service-info/reload/1605894473979388912%20nanoseconds%20since%20Jan%201%2C%201970
MetaInfo: [ContentType: 0, FreshnessPeriod: 1000 milliseconds]
Content: [17 bytes]
Signature: [type: SignatureSha256WithEcdsa, length: 72]
1605894473.982816 DEBUG: [ndnsd.Tools.Reload] Tentative next interest schedule in : 43 milliseconds
1605894474.025963  INFO: [ndnsd.Tools.Reload] Sending reload interest: /ndnsd/p1/service-info/reload/1605894474025932063%20nanoseconds%20since%20Jan%201%2C%201970?MustBeFresh
1605894474.028630  INFO: [ndnsd.Tools.Reload] Update SuccessfulName: /ndnsd/p1/service-info/reload/1605894474025932063%20nanoseconds%20since%20Jan%201%2C%201970
MetaInfo: [ContentType: 0, FreshnessPeriod: 1000 milliseconds]
Content: [17 bytes]
Signature: [type: SignatureSha256WithEcdsa, length: 71]
1605894474.028656 DEBUG: [ndnsd.Tools.Reload] Tentative next interest schedule in : 88 milliseconds
1605894474.117905  INFO: [ndnsd.Tools.Reload] Sending reload interest: /ndnsd/p1/service-info/reload/1605894474117860362%20nanoseconds%20since%20Jan%201%2C%201970?MustBeFresh
1605894474.120569  INFO: [ndnsd.Tools.Reload] Update SuccessfulName: /ndnsd/p1/service-info/reload/1605894474117860362%20nanoseconds%20since%20Jan%201%2C%201970
MetaInfo: [ContentType: 0, FreshnessPeriod: 1000 milliseconds]
Content: [17 bytes]
Signature: [type: SignatureSha256WithEcdsa, length: 72]
1605894474.120597 DEBUG: [ndnsd.Tools.Reload] Tentative next interest schedule in : 43 milliseconds
1605894474.163793  INFO: [ndnsd.Tools.Reload] Sending reload interest: /ndnsd/p1/service-info/reload/1605894474163747702%20nanoseconds%20since%20Jan%201%2C%201970?MustBeFresh
1605894474.166286  INFO: [ndnsd.Tools.Reload] Update SuccessfulName: /ndnsd/p1/service-info/reload/1605894474163747702%20nanoseconds%20since%20Jan%201%2C%201970
MetaInfo: [ContentType: 0, FreshnessPeriod: 1000 milliseconds]
Content: [17 bytes]
Signature: [type: SignatureSha256WithEcdsa, length: 71]
1605894474.166314 DEBUG: [ndnsd.Tools.Reload] Tentative next interest schedule in : 75 milliseconds
1605894474.242051  INFO: [ndnsd.Tools.Reload] Sending reload interest: /ndnsd/p1/service-info/reload/1605894474241998661%20nanoseconds%20since%20Jan%201%2C%201970?MustBeFresh
1605894474.244370  INFO: [ndnsd.Tools.Reload] Update SuccessfulName: /ndnsd/p1/service-info/reload/1605894474241998661%20nanoseconds%20since%20Jan%201%2C%201970
MetaInfo: [ContentType: 0, FreshnessPeriod: 1000 milliseconds]
Content: [17 bytes]
Signature: [type: SignatureSha256WithEcdsa, length: 71]
1605894474.244399 DEBUG: [ndnsd.Tools.Reload] Tentative next interest schedule in : 74 milliseconds
1605894474.319806  INFO: [ndnsd.Tools.Reload] Sending reload interest: /ndnsd/p1/service-info/reload/1605894474319756747%20nanoseconds%20since%20Jan%201%2C%201970?MustBeFresh
1605894474.321383  INFO: [ndnsd.Tools.Reload] Update SuccessfulName: /ndnsd/p1/service-info/reload/1605894474319756747%20nanoseconds%20since%20Jan%201%2C%201970
MetaInfo: [ContentType: 0, FreshnessPeriod: 1000 milliseconds]
Content: [17 bytes]
Signature: [type: SignatureSha256WithEcdsa, length: 71]
1605894474.321412 DEBUG: [ndnsd.Tools.Reload] Tentative next interest schedule in : 69 milliseconds
1605894474.390625  INFO: [ndnsd.Tools.Reload] Sending reload interest: /ndnsd/p1/service-info/reload/1605894474390593100%20nanoseconds%20since%20Jan%201%2C%201970?MustBeFresh
1605894474.392678  INFO: [ndnsd.Tools.Reload] Update SuccessfulName: /ndnsd/p1/service-info/reload/1605894474390593100%20nanoseconds%20since%20Jan%201%2C%201970
MetaInfo: [ContentType: 0, FreshnessPeriod: 1000 milliseconds]
Content: [17 bytes]
Signature: [type: SignatureSha256WithEcdsa, length: 72]
1605894474.392709 DEBUG: [ndnsd.Tools.Reload] Tentative next interest schedule in : 48 milliseconds
1605894474.441333  INFO: [ndnsd.Tools.Reload] Sending reload interest: /ndnsd/p1/service-info/reload/1605894474441287376%20nanoseconds%20since%20Jan%201%2C%201970?MustBeFresh
1605894474.443770  INFO: [ndnsd.Tools.Reload] Update SuccessfulName: /ndnsd/p1/service-info/reload/1605894474441287376%20nanoseconds%20since%20Jan%201%2C%201970
MetaInfo: [ContentType: 0, FreshnessPeriod: 1000 milliseconds]
Content: [17 bytes]
Signature: [type: SignatureSha256WithEcdsa, length: 72]
1605894474.443794 DEBUG: [ndnsd.Tools.Reload] Tentative next interest schedule in : 59 milliseconds
1605894474.502908  INFO: [ndnsd.Tools.Reload] Sending reload interest: /ndnsd/p1/service-info/reload/1605894474502865831%20nanoseconds%20since%20Jan%201%2C%201970?MustBeFresh
1605894474.505467  INFO: [ndnsd.Tools.Reload] Update SuccessfulName: /ndnsd/p1/service-info/reload/1605894474502865831%20nanoseconds%20since%20Jan%201%2C%201970
MetaInfo: [ContentType: 0, FreshnessPeriod: 1000 milliseconds]
Content: [17 bytes]
Signature: [type: SignatureSha256WithEcdsa, length: 70]
1605894474.505497 DEBUG: [ndnsd.Tools.Reload] Tentative next interest schedule in : 74 milliseconds
1605894474.579949  INFO: [ndnsd.Tools.Reload] Sending reload interest: /ndnsd/p1/service-info/reload/1605894474579903205%20nanoseconds%20since%20Jan%201%2C%201970?MustBeFresh
1605894474.583073  INFO: [ndnsd.Tools.Reload] Update SuccessfulName: /ndnsd/p1/service-info/reload/1605894474579903205%20nanoseconds%20since%20Jan%201%2C%201970
MetaInfo: [ContentType: 0, FreshnessPeriod: 1000 milliseconds]
Content: [17 bytes]
Signature: [type: SignatureSha256WithEcdsa, length: 71]
1605894474.583107 DEBUG: [ndnsd.Tools.Reload] Tentative next interest schedule in : 50 milliseconds
1605894474.633668  INFO: [ndnsd.Tools.Reload] Sending reload interest: /ndnsd/p1/service-info/reload/1605894474633617453%20nanoseconds%20since%20Jan%201%2C%201970?MustBeFresh
1605894474.636882  INFO: [ndnsd.Tools.Reload] Update SuccessfulName: /ndnsd/p1/service-info/reload/1605894474633617453%20nanoseconds%20since%20Jan%201%2C%201970
MetaInfo: [ContentType: 0, FreshnessPeriod: 1000 milliseconds]
Content: [17 bytes]
Signature: [type: SignatureSha256WithEcdsa, length: 70]
1605894474.636976 DEBUG: [ndnsd.Tools.Reload] Tentative next interest schedule in : 40 milliseconds
1605894474.677278  INFO: [ndnsd.Tools.Reload] Sending reload interest: /ndnsd/p1/service-info/reload/1605894474677242480%20nanoseconds%20since%20Jan%201%2C%201970?MustBeFresh
1605894474.679793  INFO: [ndnsd.Tools.Reload] Update SuccessfulName: /ndnsd/p1/service-info/reload/1605894474677242480%20nanoseconds%20since%20Jan%201%2C%201970
MetaInfo: [ContentType: 0, FreshnessPeriod: 1000 milliseconds]
Content: [17 bytes]
Signature: [type: SignatureSha256WithEcdsa, length: 72]
1605894474.679831 DEBUG: [ndnsd.Tools.Reload] Tentative next interest schedule in : 66 milliseconds
1605894474.750065  INFO: [ndnsd.Tools.Reload] Sending reload interest: /ndnsd/p1/service-info/reload/1605894474750015184%20nanoseconds%20since%20Jan%201%2C%201970?MustBeFresh
1605894474.753767  INFO: [ndnsd.Tools.Reload] Update SuccessfulName: /ndnsd/p1/service-info/reload/1605894474750015184%20nanoseconds%20since%20Jan%201%2C%201970
MetaInfo: [ContentType: 0, FreshnessPeriod: 1000 milliseconds]
Content: [17 bytes]
Signature: [type: SignatureSha256WithEcdsa, length: 72]
1605894474.753811 DEBUG: [ndnsd.Tools.Reload] Tentative next interest schedule in : 59 milliseconds
1605894474.813011  INFO: [ndnsd.Tools.Reload] Sending reload interest: /ndnsd/p1/service-info/reload/1605894474812979894%20nanoseconds%20since%20Jan%201%2C%201970?MustBeFresh
1605894474.814766  INFO: [ndnsd.Tools.Reload] Update SuccessfulName: /ndnsd/p1/service-info/reload/1605894474812979894%20nanoseconds%20since%20Jan%201%2C%201970
MetaInfo: [ContentType: 0, FreshnessPeriod: 1000 milliseconds]
Content: [17 bytes]
Signature: [type: SignatureSha256WithEcdsa, length: 70]
1605894474.814790 DEBUG: [ndnsd.Tools.Reload] Tentative next interest schedule in : 58 milliseconds
1605894474.872920  INFO: [ndnsd.Tools.Reload] Sending reload interest: /ndnsd/p1/service-info/reload/1605894474872883556%20nanoseconds%20since%20Jan%201%2C%201970?MustBeFresh
1605894474.875078  INFO: [ndnsd.Tools.Reload] Update SuccessfulName: /ndnsd/p1/service-info/reload/1605894474872883556%20nanoseconds%20since%20Jan%201%2C%201970
MetaInfo: [ContentType: 0, FreshnessPeriod: 1000 milliseconds]
Content: [17 bytes]
Signature: [type: SignatureSha256WithEcdsa, length: 70]
1605894474.875105 DEBUG: [ndnsd.Tools.Reload] Tentative next interest schedule in : 53 milliseconds
1605894474.928428  INFO: [ndnsd.Tools.Reload] Sending reload interest: /ndnsd/p1/service-info/reload/1605894474928397275%20nanoseconds%20since%20Jan%201%2C%201970?MustBeFresh
1605894474.932649  INFO: [ndnsd.Tools.Reload] Update SuccessfulName: /ndnsd/p1/service-info/reload/1605894474928397275%20nanoseconds%20since%20Jan%201%2C%201970
MetaInfo: [ContentType: 0, FreshnessPeriod: 1000 milliseconds]
Content: [17 bytes]
Signature: [type: SignatureSha256WithEcdsa, length: 70]
1605894474.932678 DEBUG: [ndnsd.Tools.Reload] Tentative next interest schedule in : 60 milliseconds
1605894474.992825  INFO: [ndnsd.Tools.Reload] Sending reload interest: /ndnsd/p1/service-info/reload/1605894474992788365%20nanoseconds%20since%20Jan%201%2C%201970?MustBeFresh
1605894474.994660  INFO: [ndnsd.Tools.Reload] Update SuccessfulName: /ndnsd/p1/service-info/reload/1605894474992788365%20nanoseconds%20since%20Jan%201%2C%201970
MetaInfo: [ContentType: 0, FreshnessPeriod: 1000 milliseconds]
Content: [17 bytes]
Signature: [type: SignatureSha256WithEcdsa, length: 72]
1605894474.994684 DEBUG: [ndnsd.Tools.Reload] Tentative next interest schedule in : 73 milliseconds
1605894475.067914  INFO: [ndnsd.Tools.Reload] Sending reload interest: /ndnsd/p1/service-info/reload/1605894475067882261%20nanoseconds%20since%20Jan%201%2C%201970?MustBeFresh
1605894475.069896  INFO: [ndnsd.Tools.Reload] Update SuccessfulName: /ndnsd/p1/service-info/reload/1605894475067882261%20nanoseconds%20since%20Jan%201%2C%201970
MetaInfo: [ContentType: 0, FreshnessPeriod: 1000 milliseconds]
Content: [17 bytes]
Signature: [type: SignatureSha256WithEcdsa, length: 70]
1605894475.069927 DEBUG: [ndnsd.Tools.Reload] Tentative next interest schedule in : 53 milliseconds
1605894475.123088  INFO: [ndnsd.Tools.Reload] Sending reload interest: /ndnsd/p1/service-info/reload/1605894475123059480%20nanoseconds%20since%20Jan%201%2C%201970?MustBeFresh
1605894475.125900  INFO: [ndnsd.Tools.Reload] Update SuccessfulName: /ndnsd/p1/service-info/reload/1605894475123059480%20nanoseconds%20since%20Jan%201%2C%201970
MetaInfo: [ContentType: 0, FreshnessPeriod: 1000 milliseconds]
Content: [17 bytes]
Signature: [type: SignatureSha256WithEcdsa, length: 72]
1605894475.125973 DEBUG: [ndnsd.Tools.Reload] Tentative next interest schedule in : 61 milliseconds
1605894475.188576  INFO: [ndnsd.Tools.Reload] Sending reload interest: /ndnsd/p1/service-info/reload/1605894475188530445%20nanoseconds%20since%20Jan%201%2C%201970?MustBeFresh
1605894475.191503  INFO: [ndnsd.Tools.Reload] Update SuccessfulName: /ndnsd/p1/service-info/reload/1605894475188530445%20nanoseconds%20since%20Jan%201%2C%201970
MetaInfo: [ContentType: 0, FreshnessPeriod: 1000 milliseconds]
Content: [17 bytes]
Signature: [type: SignatureSha256WithEcdsa, length: 71]
1605894475.191534 DEBUG: [ndnsd.Tools.Reload] Tentative next interest schedule in : 84 milliseconds
1605894475.277365  INFO: [ndnsd.Tools.Reload] Sending reload interest: /ndnsd/p1/service-info/reload/1605894475277314636%20nanoseconds%20since%20Jan%201%2C%201970?MustBeFresh
1605894475.282013  INFO: [ndnsd.Tools.Reload] Update SuccessfulName: /ndnsd/p1/service-info/reload/1605894475277314636%20nanoseconds%20since%20Jan%201%2C%201970
MetaInfo: [ContentType: 0, FreshnessPeriod: 1000 milliseconds]
Content: [17 bytes]
Signature: [type: SignatureSha256WithEcdsa, length: 70]
1605894475.282100 DEBUG: [ndnsd.Tools.Reload] Tentative next interest schedule in : 52 milliseconds
1605894475.348398  INFO: [ndnsd.Tools.Reload] Sending reload interest: /ndnsd/p1/service-info/reload/1605894475348352026%20nanoseconds%20since%20Jan%201%2C%201970?MustBeFresh
1605894475.352513  INFO: [ndnsd.Tools.Reload] Update SuccessfulName: /ndnsd/p1/service-info/reload/1605894475348352026%20nanoseconds%20since%20Jan%201%2C%201970
MetaInfo: [ContentType: 0, FreshnessPeriod: 1000 milliseconds]
Content: [17 bytes]
Signature: [type: SignatureSha256WithEcdsa, length: 69]
1605894475.352544 DEBUG: [ndnsd.Tools.Reload] Tentative next interest schedule in : 47 milliseconds
1605894475.400009  INFO: [ndnsd.Tools.Reload] Sending reload interest: /ndnsd/p1/service-info/reload/1605894475399965969%20nanoseconds%20since%20Jan%201%2C%201970?MustBeFresh
1605894475.402308  INFO: [ndnsd.Tools.Reload] Update SuccessfulName: /ndnsd/p1/service-info/reload/1605894475399965969%20nanoseconds%20since%20Jan%201%2C%201970
MetaInfo: [ContentType: 0, FreshnessPeriod: 1000 milliseconds]
Content: [17 bytes]
Signature: [type: SignatureSha256WithEcdsa, length: 71]
1605894475.402340 DEBUG: [ndnsd.Tools.Reload] Tentative next interest schedule in : 44 milliseconds
1605894475.446494  INFO: [ndnsd.Tools.Reload] Sending reload interest: /ndnsd/p1/service-info/reload/1605894475446452978%20nanoseconds%20since%20Jan%201%2C%201970?MustBeFresh
1605894475.449966  INFO: [ndnsd.Tools.Reload] Update SuccessfulName: /ndnsd/p1/service-info/reload/1605894475446452978%20nanoseconds%20since%20Jan%201%2C%201970
MetaInfo: [ContentType: 0, FreshnessPeriod: 1000 milliseconds]
Content: [17 bytes]
Signature: [type: SignatureSha256WithEcdsa, length: 70]
1605894475.450001 DEBUG: [ndnsd.Tools.Reload] Tentative next interest schedule in : 63 milliseconds
1605894475.574619  INFO: [ndnsd.Tools.Reload] Sending reload interest: /ndnsd/p1/service-info/reload/1605894475574581126%20nanoseconds%20since%20Jan%201%2C%201970?MustBeFresh
1605894475.579079  INFO: [ndnsd.Tools.Reload] Update SuccessfulName: /ndnsd/p1/service-info/reload/1605894475574581126%20nanoseconds%20since%20Jan%201%2C%201970
MetaInfo: [ContentType: 0, FreshnessPeriod: 1000 milliseconds]
Content: [17 bytes]
Signature: [type: SignatureSha256WithEcdsa, length: 71]
1605894475.579116 DEBUG: [ndnsd.Tools.Reload] Tentative next interest schedule in : 60 milliseconds
1605894475.639678  INFO: [ndnsd.Tools.Reload] Sending reload interest: /ndnsd/p1/service-info/reload/1605894475639626742%20nanoseconds%20since%20Jan%201%2C%201970?MustBeFresh
1605894475.642279  INFO: [ndnsd.Tools.Reload] Update SuccessfulName: /ndnsd/p1/service-info/reload/1605894475639626742%20nanoseconds%20since%20Jan%201%2C%201970
MetaInfo: [ContentType: 0, FreshnessPeriod: 1000 milliseconds]
Content: [17 bytes]
Signature: [type: SignatureSha256WithEcdsa, length: 69]
1605894475.642307 DEBUG: [ndnsd.Tools.Reload] Tentative next interest schedule in : 62 milliseconds
1605894475.705000  INFO: [ndnsd.Tools.Reload] Sending reload interest: /ndnsd/p1/service-info/reload/1605894475704939072%20nanoseconds%20since%20Jan%201%2C%201970?MustBeFresh
1605894475.708364  INFO: [ndnsd.Tools.Reload] Update SuccessfulName: /ndnsd/p1/service-info/reload/1605894475704939072%20nanoseconds%20since%20Jan%201%2C%201970
MetaInfo: [ContentType: 0, FreshnessPeriod: 1000 milliseconds]
Content: [17 bytes]
Signature: [type: SignatureSha256WithEcdsa, length: 71]
