1605751899.068116  INFO: [nlsr.ConfParameter] Router Name: /%C1.Router/cs/p2
1605751899.068148  INFO: [nlsr.ConfParameter] Site Name: /p2-site
1605751899.068151  INFO: [nlsr.ConfParameter] Network: /ndn
1605751899.068153  INFO: [nlsr.ConfParameter] Router Prefix: /ndn/p2-site/%C1.Router/cs/p2
1605751899.068156  INFO: [nlsr.ConfParameter] Sync Prefix: /localhop/ndn/nlsr/sync/%FD%08
1605751899.068158  INFO: [nlsr.ConfParameter] Sync LSA prefix: /localhop/ndn/nlsr/LSA
1605751899.068161  INFO: [nlsr.ConfParameter] Hello Interest retry number: 3
1605751899.068164  INFO: [nlsr.ConfParameter] Hello Interest resend second: 1
1605751899.068166  INFO: [nlsr.ConfParameter] Info Interest interval: 60
1605751899.068168  INFO: [nlsr.ConfParameter] LSA refresh time: 1800
1605751899.068170  INFO: [nlsr.ConfParameter] FIB Entry refresh time: 3600
1605751899.068172  INFO: [nlsr.ConfParameter] LSA Interest lifetime: 4 seconds
1605751899.068187  INFO: [nlsr.ConfParameter] Router dead interval: 3600
1605751899.068192  INFO: [nlsr.ConfParameter] Max Faces Per Prefix: 3
1605751899.068194  INFO: [nlsr.ConfParameter] State Directory: /tmp/minindn/p2/log
1605751899.068196  INFO: [nlsr.ConfParameter] Adjacency LSA build interval:  10
1605751899.068198  INFO: [nlsr.ConfParameter] Routing calculation interval:  15
1605751899.068200 DEBUG: [nlsr.ConfParameter] Initializing Key ...
1605751899.068403  WARN: [nlsr.ConfParameter] Identity /ndn/p2-site/%C1.Router/cs/p2/nlsr does not exist
1605751899.081494 ERROR: [nlsr.ConfParameter] Router's Identity /ndn/p2-site/%C1.Router/cs/p2 does not exist, NLSR is running without security. If security is enabled in the configuration, NLSR will not converge.
1605751899.081565 DEBUG: [nlsr.SyncProtocolAdapter] Using PSync
1605751899.083037 DEBUG: [nlsr.SequencingManager] Seq File Name: /tmp/minindn/p2/log/nlsrSeqNo.txt
1605751899.083072 DEBUG: [nlsr.SequencingManager] Adj LSA seq no: 0
1605751899.083077 DEBUG: [nlsr.SequencingManager] Name LSA Seq no: 0
1605751899.083108 DEBUG: [nlsr.update.PrefixUpdateProcessor] Setting dispatcher to capture Interests for: /localhost/nlsr/prefix-update
1605751899.083139 DEBUG: [nlsr.Nlsr] Initializing Nlsr
1605751899.083794 DEBUG: [nlsr.Nlsr] Default NLSR identity: /ndn/p2-site/%C1.Router/cs/p2/nlsr
1605751899.083814 DEBUG: [nlsr.Nlsr] Setting interest filter for Hello interest: /ndn/p2-site/%C1.Router/cs/p2/nlsr/INFO
1605751899.084255 DEBUG: [nlsr.Nlsr] Setting interest filter for LsaPrefix: /localhop/ndn/nlsr/LSA
1605751899.084426 DEBUG: [nlsr.Nlsr] Enabling incoming face id indication for local face.
1605751899.084694 DEBUG: [nlsr.AdjacencyList] -------Adjacency List--------
1605751899.084707 DEBUG: [nlsr.AdjacencyList] Adjacent: /ndn/p1-site/%C1.Router/cs/p1
		Connecting FaceUri: udp4://10.0.0.9:6363
		Link cost: 10
		Status: 0
		Interest Timed Out: 0
1605751899.084729 DEBUG: [nlsr.AdjacencyList] Adjacent: /ndn/c2-site/%C1.Router/cs/c2
		Connecting FaceUri: udp4://10.0.0.5:6363
		Link cost: 10
		Status: 0
		Interest Timed Out: 0
1605751899.084734 DEBUG: [nlsr.AdjacencyList] Adjacent: /ndn/p3-site/%C1.Router/cs/p3
		Connecting FaceUri: udp4://10.0.0.14:6363
		Link cost: 10
		Status: 0
		Interest Timed Out: 0
1605751899.084738 DEBUG: [nlsr.Nlsr] Name prefix list: {
/ndn/p2-site/p2
Sources:
  
}
1605751899.084745 DEBUG: [nlsr.SequencingManager] Adj LSA seq no: 0
1605751899.084754 DEBUG: [nlsr.SequencingManager] Name LSA Seq no: 1
1605751899.084862 DEBUG: [nlsr.Lsdb] Adding NAME LSA
1605751899.084874 DEBUG: [nlsr.Lsdb]     NAME LSA:
      Origin Router      : /ndn/p2-site/%C1.Router/cs/p2
      Sequence Number    : 1
      Expires in         : 3599999 milliseconds
      Names:
        Name 0: /ndn/p2-site/p2
1605751899.090551 DEBUG: [nlsr.Nlsr] Successfully registered prefix: /ndn/p2-site/%C1.Router/cs/p2/nlsr/INFO
1605751899.092649 DEBUG: [nlsr.route.Fib] Successfully set strategy choice: /localhost/nfd/strategy/multicast/%FD%03 for name: /localhop/ndn/nlsr/LSA
1605751899.093212 DEBUG: [nlsr.route.Fib] Successfully set strategy choice: /localhost/nfd/strategy/multicast/%FD%03 for name: /localhop/ndn/nlsr/sync/%FD%08
1605751899.093814 DEBUG: [nlsr.Nlsr] Successfully enabled incoming face id indicationfor face id 272
1605751899.094599 DEBUG: [nlsr.Nlsr] Processing face dataset
1605751899.094618 DEBUG: [nlsr.Nlsr] FaceUri: udp4://10.0.0.9:6363 FaceId: 266
1605751899.094625 DEBUG: [nlsr.route.Fib] Registering prefix: /ndn/p1-site/%C1.Router/cs/p1 faceUri: udp4://10.0.0.9:6363
1605751899.094767 DEBUG: [nlsr.route.Fib] Registering prefix: /localhop/ndn/nlsr/LSA faceUri: udp4://10.0.0.9:6363
1605751899.095017 DEBUG: [nlsr.Nlsr] FaceUri: udp4://10.0.0.5:6363 FaceId: 267
1605751899.095037 DEBUG: [nlsr.route.Fib] Registering prefix: /ndn/c2-site/%C1.Router/cs/c2 faceUri: udp4://10.0.0.5:6363
1605751899.095182 DEBUG: [nlsr.route.Fib] Registering prefix: /localhop/ndn/nlsr/LSA faceUri: udp4://10.0.0.5:6363
1605751899.095334 DEBUG: [nlsr.Nlsr] FaceUri: udp4://10.0.0.14:6363 FaceId: 271
1605751899.095349 DEBUG: [nlsr.route.Fib] Registering prefix: /ndn/p3-site/%C1.Router/cs/p3 faceUri: udp4://10.0.0.14:6363
1605751899.095435 DEBUG: [nlsr.route.Fib] Registering prefix: /localhop/ndn/nlsr/LSA faceUri: udp4://10.0.0.14:6363
1605751899.095525 DEBUG: [nlsr.Nlsr] Scheduling Dataset Fetch in 3600 seconds
1605751899.095670 DEBUG: [nlsr.Nlsr] Successfully registered prefix: /localhop/ndn/nlsr/LSA
1605751899.095707 DEBUG: [nlsr.Nlsr] Successfully registered prefix: /localhost/nlsr
1605751899.095731 DEBUG: [nlsr.Nlsr] Successfully registered prefix: /ndn/p2-site/%C1.Router/cs/p2/nlsr
1605751899.095963 DEBUG: [nlsr.CertificateStore] KEY prefix: /ndn/p2-site/%C1.Router/cs/p2/nlsr/KEY registration is successful.
1605751899.097036 DEBUG: [nlsr.CertificateStore] KEY prefix: /ndn/p2-site/%C1.Router/cs/p2/KEY registration is successful.
1605751899.097305 DEBUG: [nlsr.CertificateStore] KEY prefix: /ndn/p2-site/%C1.Operator registration is successful.
1605751899.097406 DEBUG: [nlsr.CertificateStore] KEY prefix: /ndn/p2-site/KEY registration is successful.
1605751899.097662 DEBUG: [nlsr.route.Fib] Successful in name registration: /ndn/p1-site/%C1.Router/cs/p1 Face Uri: udp4://10.0.0.9:6363 faceId: 266
1605751899.097700 DEBUG: [nlsr.HelloProtocol] Expressing Interest: /ndn/p1-site/%C1.Router/cs/p1/nlsr/INFO/%07%20%08%03ndn%08%07p2-site%08%08%C1.Router%08%02cs%08%02p2
1605751899.097756 DEBUG: [nlsr.HelloProtocol] Sending HELLO interest: /ndn/p1-site/%C1.Router/cs/p1/nlsr/INFO/%07%20%08%03ndn%08%07p2-site%08%08%C1.Router%08%02cs%08%02p2
1605751899.098028 DEBUG: [nlsr.route.Fib] Successful in name registration: /localhop/ndn/nlsr/LSA Face Uri: udp4://10.0.0.9:6363 faceId: 266
1605751899.098657 DEBUG: [nlsr.route.Fib] Successful in name registration: /ndn/c2-site/%C1.Router/cs/c2 Face Uri: udp4://10.0.0.5:6363 faceId: 267
1605751899.098680 DEBUG: [nlsr.HelloProtocol] Expressing Interest: /ndn/c2-site/%C1.Router/cs/c2/nlsr/INFO/%07%20%08%03ndn%08%07p2-site%08%08%C1.Router%08%02cs%08%02p2
1605751899.098689 DEBUG: [nlsr.HelloProtocol] Sending HELLO interest: /ndn/c2-site/%C1.Router/cs/c2/nlsr/INFO/%07%20%08%03ndn%08%07p2-site%08%08%C1.Router%08%02cs%08%02p2
1605751899.099099 DEBUG: [nlsr.route.Fib] Successful in name registration: /localhop/ndn/nlsr/LSA Face Uri: udp4://10.0.0.5:6363 faceId: 267
1605751899.099359 DEBUG: [nlsr.route.Fib] Successful in name registration: /ndn/p3-site/%C1.Router/cs/p3 Face Uri: udp4://10.0.0.14:6363 faceId: 271
1605751899.099381 DEBUG: [nlsr.HelloProtocol] Expressing Interest: /ndn/p3-site/%C1.Router/cs/p3/nlsr/INFO/%07%20%08%03ndn%08%07p2-site%08%08%C1.Router%08%02cs%08%02p2
1605751899.099390 DEBUG: [nlsr.HelloProtocol] Sending HELLO interest: /ndn/p3-site/%C1.Router/cs/p3/nlsr/INFO/%07%20%08%03ndn%08%07p2-site%08%08%C1.Router%08%02cs%08%02p2
1605751899.099633 DEBUG: [nlsr.route.Fib] Successful in name registration: /localhop/ndn/nlsr/LSA Face Uri: udp4://10.0.0.14:6363 faceId: 271
1605751899.407413 DEBUG: [nlsr.HelloProtocol] Interest Received for Name: /ndn/p2-site/%C1.Router/cs/p2/nlsr/INFO/%07%20%08%03ndn%08%07p1-site%08%08%C1.Router%08%02cs%08%02p1
1605751899.407448 DEBUG: [nlsr.HelloProtocol] Neighbor: /ndn/p1-site/%C1.Router/cs/p1
1605751899.407739 DEBUG: [nlsr.HelloProtocol] Sending out data for name: /ndn/p2-site/%C1.Router/cs/p2/nlsr/INFO/%07%20%08%03ndn%08%07p1-site%08%08%C1.Router%08%02cs%08%02p1
1605751899.407786 DEBUG: [nlsr.HelloProtocol] Expressing Interest: /ndn/p1-site/%C1.Router/cs/p1/nlsr/INFO/%07%20%08%03ndn%08%07p2-site%08%08%C1.Router%08%02cs%08%02p2
1605751899.454705 DEBUG: [nlsr.HelloProtocol] Received data for INFO(name): /ndn/p1-site/%C1.Router/cs/p1/nlsr/INFO/%07%20%08%03ndn%08%07p2-site%08%08%C1.Router%08%02cs%08%02p2/%FD%00%00%01u%DEE%85%1E
1605751899.454864 DEBUG: [nlsr.HelloProtocol] Data signed with: /ndn/p1-site/%C1.Router/cs/p1/nlsr/KEY/0%81GV%1A4%F7%1A
1605751899.454905 DEBUG: [nlsr.HelloProtocol] Data validation successful for INFO(name): /ndn/p1-site/%C1.Router/cs/p1/nlsr/INFO/%07%20%08%03ndn%08%07p2-site%08%08%C1.Router%08%02cs%08%02p2/%FD%00%00%01u%DEE%85%1E
1605751899.454924 DEBUG: [nlsr.HelloProtocol] Neighbor : /ndn/p1-site/%C1.Router/cs/p1
1605751899.454928 DEBUG: [nlsr.HelloProtocol] Old Status: 0 New Status: 1
1605751899.454935 DEBUG: [nlsr.Lsdb] Scheduling Adjacency LSA build in 10 seconds
1605751899.454966 DEBUG: [nlsr.route.Fib] Registering prefix: /localhop/ndn/nlsr/sync/%FD%08 faceUri: udp4://10.0.0.9:6363
1605751899.457048 DEBUG: [nlsr.route.Fib] Successful in name registration: /localhop/ndn/nlsr/sync/%FD%08 Face Uri: udp4://10.0.0.9:6363 faceId: 266
1605751899.677631 DEBUG: [nlsr.SyncLogicHandler] Update Name: /localhop/ndn/nlsr/LSA/c1-site/%C1.Router/cs/c1/NAME Seq no: 1
1605751899.677656 DEBUG: [nlsr.SyncLogicHandler] Origin Router of update: /ndn/c1-site/%C1.Router/cs/c1
1605751899.677665 DEBUG: [nlsr.SyncLogicHandler] Received sync update with higher NAME sequence number than entry in LSDB
1605751899.677677 DEBUG: [nlsr.Lsdb] Fetching Data for LSA: /localhop/ndn/nlsr/LSA/c1-site/%C1.Router/cs/c1/NAME/%01 Seq number: 1
1605751899.678098 DEBUG: [nlsr.SyncLogicHandler] Update Name: /localhop/ndn/nlsr/LSA/p1-site/%C1.Router/cs/p1/NAME Seq no: 1
1605751899.678115 DEBUG: [nlsr.SyncLogicHandler] Origin Router of update: /ndn/p1-site/%C1.Router/cs/p1
1605751899.678120 DEBUG: [nlsr.SyncLogicHandler] Received sync update with higher NAME sequence number than entry in LSDB
1605751899.678129 DEBUG: [nlsr.Lsdb] Fetching Data for LSA: /localhop/ndn/nlsr/LSA/p1-site/%C1.Router/cs/p1/NAME/%01 Seq number: 1
1605751899.681705 DEBUG: [nlsr.route.Fib] Successfully set strategy choice: /localhost/nfd/strategy/best-route/%FD%05 for name: /ndn/c1-site/%C1.Router/cs/c1/KEY
1605751899.682765 DEBUG: [nlsr.route.Fib] Successfully set strategy choice: /localhost/nfd/strategy/best-route/%FD%05 for name: /ndn/c1-site/%C1.Router/cs/c1/nlsr/KEY
1605751899.682900 DEBUG: [nlsr.route.Fib] Successfully set strategy choice: /localhost/nfd/strategy/best-route/%FD%05 for name: /ndn/c1-site/KEY
1605751899.682963 DEBUG: [nlsr.route.Fib] Successfully set strategy choice: /localhost/nfd/strategy/best-route/%FD%05 for name: /ndn/c1-site/%C1.Operator
1605751899.682983 DEBUG: [nlsr.route.Fib] Successfully set strategy choice: /localhost/nfd/strategy/best-route/%FD%05 for name: /ndn/p1-site/%C1.Router/cs/p1/KEY
1605751899.683001 DEBUG: [nlsr.route.Fib] Successfully set strategy choice: /localhost/nfd/strategy/best-route/%FD%05 for name: /ndn/p1-site/%C1.Router/cs/p1/nlsr/KEY
1605751899.683020 DEBUG: [nlsr.route.Fib] Successfully set strategy choice: /localhost/nfd/strategy/best-route/%FD%05 for name: /ndn/p1-site/KEY
1605751899.683039 DEBUG: [nlsr.route.Fib] Successfully set strategy choice: /localhost/nfd/strategy/best-route/%FD%05 for name: /ndn/p1-site/%C1.Operator
1605751899.705801 DEBUG: [nlsr.Lsdb] Received data for LSA interest: /localhop/ndn/nlsr/LSA/c1-site/%C1.Router/cs/c1/NAME/%01
1605751899.706284 DEBUG: [nlsr.Lsdb] Adding NAME LSA
1605751899.706311 DEBUG: [nlsr.Lsdb]     NAME LSA:
      Origin Router      : /ndn/c1-site/%C1.Router/cs/c1
      Sequence Number    : 1
      Expires in         : 3594293 milliseconds
      Names:
        Name 0: /ndn/c1-site/c1
1605751899.706358 DEBUG: [nlsr.route.NamePrefixTable] Adding origin: /ndn/c1-site/%C1.Router/cs/c1 to a new name prefix: /ndn/c1-site/%C1.Router/cs/c1
1605751899.706369 DEBUG: [nlsr.route.Fib] Fib::remove called
1605751899.706376 DEBUG: [nlsr.route.NamePrefixTable] Adding origin: /ndn/c1-site/%C1.Router/cs/c1 to a new name prefix: /ndn/c1-site/c1
1605751899.706381 DEBUG: [nlsr.route.Fib] Fib::remove called
1605751899.706530 DEBUG: [nlsr.Lsdb] Received data for LSA interest: /localhop/ndn/nlsr/LSA/p1-site/%C1.Router/cs/p1/NAME/%01
1605751899.706697 DEBUG: [nlsr.Lsdb] Adding NAME LSA
1605751899.706714 DEBUG: [nlsr.Lsdb]     NAME LSA:
      Origin Router      : /ndn/p1-site/%C1.Router/cs/p1
      Sequence Number    : 1
      Expires in         : 3597293 milliseconds
      Names:
        Name 0: /ndn/p1-site/p1
1605751899.706826 DEBUG: [nlsr.route.NamePrefixTable] Adding origin: /ndn/p1-site/%C1.Router/cs/p1 to a new name prefix: /ndn/p1-site/%C1.Router/cs/p1
1605751899.706839 DEBUG: [nlsr.route.Fib] Fib::remove called
1605751899.706845 DEBUG: [nlsr.route.NamePrefixTable] Adding origin: /ndn/p1-site/%C1.Router/cs/p1 to a new name prefix: /ndn/p1-site/p1
1605751899.706851 DEBUG: [nlsr.route.Fib] Fib::remove called
1605751899.925541 DEBUG: [nlsr.HelloProtocol] Interest Received for Name: /ndn/p2-site/%C1.Router/cs/p2/nlsr/INFO/%07%20%08%03ndn%08%07c2-site%08%08%C1.Router%08%02cs%08%02c2
1605751899.925592 DEBUG: [nlsr.HelloProtocol] Neighbor: /ndn/c2-site/%C1.Router/cs/c2
1605751899.925882 DEBUG: [nlsr.HelloProtocol] Sending out data for name: /ndn/p2-site/%C1.Router/cs/p2/nlsr/INFO/%07%20%08%03ndn%08%07c2-site%08%08%C1.Router%08%02cs%08%02c2
1605751899.925924 DEBUG: [nlsr.HelloProtocol] Expressing Interest: /ndn/c2-site/%C1.Router/cs/c2/nlsr/INFO/%07%20%08%03ndn%08%07p2-site%08%08%C1.Router%08%02cs%08%02p2
1605751899.953442 DEBUG: [nlsr.HelloProtocol] Received data for INFO(name): /ndn/c2-site/%C1.Router/cs/c2/nlsr/INFO/%07%20%08%03ndn%08%07p2-site%08%08%C1.Router%08%02cs%08%02p2/%FD%00%00%01u%DEE%87%24
1605751899.953478 DEBUG: [nlsr.HelloProtocol] Data signed with: /ndn/c2-site/%C1.Router/cs/c2/nlsr/KEY/%19%ED%D4%92%3F%B3VZ
1605751899.953497 DEBUG: [nlsr.HelloProtocol] Data validation successful for INFO(name): /ndn/c2-site/%C1.Router/cs/c2/nlsr/INFO/%07%20%08%03ndn%08%07p2-site%08%08%C1.Router%08%02cs%08%02p2/%FD%00%00%01u%DEE%87%24
1605751899.953519 DEBUG: [nlsr.HelloProtocol] Neighbor : /ndn/c2-site/%C1.Router/cs/c2
1605751899.953526 DEBUG: [nlsr.HelloProtocol] Old Status: 0 New Status: 1
1605751899.953534 DEBUG: [nlsr.Lsdb] Rescheduling Adjacency LSA build in 10 seconds
1605751899.953574 DEBUG: [nlsr.route.Fib] Registering prefix: /localhop/ndn/nlsr/sync/%FD%08 faceUri: udp4://10.0.0.5:6363
1605751899.955415 DEBUG: [nlsr.route.Fib] Successful in name registration: /localhop/ndn/nlsr/sync/%FD%08 Face Uri: udp4://10.0.0.5:6363 faceId: 267
1605751900.287258 DEBUG: [nlsr.Lsdb] Interest received for LSA: /localhop/ndn/nlsr/LSA/p2-site/%C1.Router/cs/p2/NAME/%01
1605751900.287297 DEBUG: [nlsr.Lsdb] LSA sequence number from interest: 1
1605751900.287440 DEBUG: [nlsr.Lsdb] /localhop/ndn/nlsr/LSA/p2-site/%C1.Router/cs/p2/NAME/%01?CanBePrefix&MustBeFresh&Nonce=97beca9e received for NAME
1605751901.099963 DEBUG: [nlsr.HelloProtocol] Interest timed out for Name: /ndn/p1-site/%C1.Router/cs/p1/nlsr/INFO/%07%20%08%03ndn%08%07p2-site%08%08%C1.Router%08%02cs%08%02p2
1605751901.100016 DEBUG: [nlsr.HelloProtocol] Neighbor: /ndn/p1-site/%C1.Router/cs/p1
1605751901.100024 DEBUG: [nlsr.HelloProtocol] Status: 1
1605751901.100030 DEBUG: [nlsr.HelloProtocol] Info Interest Timed out: 1
1605751901.100043 DEBUG: [nlsr.HelloProtocol] Resending interest: /ndn/p1-site/%C1.Router/cs/p1/nlsr/INFO/%07%20%08%03ndn%08%07p2-site%08%08%C1.Router%08%02cs%08%02p2
1605751901.100049 DEBUG: [nlsr.HelloProtocol] Expressing Interest: /ndn/p1-site/%C1.Router/cs/p1/nlsr/INFO/%07%20%08%03ndn%08%07p2-site%08%08%C1.Router%08%02cs%08%02p2
1605751901.100070 DEBUG: [nlsr.HelloProtocol] Interest timed out for Name: /ndn/c2-site/%C1.Router/cs/c2/nlsr/INFO/%07%20%08%03ndn%08%07p2-site%08%08%C1.Router%08%02cs%08%02p2
1605751901.100078 DEBUG: [nlsr.HelloProtocol] Neighbor: /ndn/c2-site/%C1.Router/cs/c2
1605751901.100083 DEBUG: [nlsr.HelloProtocol] Status: 1
1605751901.100085 DEBUG: [nlsr.HelloProtocol] Info Interest Timed out: 1
1605751901.100090 DEBUG: [nlsr.HelloProtocol] Resending interest: /ndn/c2-site/%C1.Router/cs/c2/nlsr/INFO/%07%20%08%03ndn%08%07p2-site%08%08%C1.Router%08%02cs%08%02p2
1605751901.100095 DEBUG: [nlsr.HelloProtocol] Expressing Interest: /ndn/c2-site/%C1.Router/cs/c2/nlsr/INFO/%07%20%08%03ndn%08%07p2-site%08%08%C1.Router%08%02cs%08%02p2
1605751901.100107 DEBUG: [nlsr.HelloProtocol] Interest timed out for Name: /ndn/p3-site/%C1.Router/cs/p3/nlsr/INFO/%07%20%08%03ndn%08%07p2-site%08%08%C1.Router%08%02cs%08%02p2
1605751901.100115 DEBUG: [nlsr.HelloProtocol] Neighbor: /ndn/p3-site/%C1.Router/cs/p3
1605751901.100120 DEBUG: [nlsr.HelloProtocol] Status: 0
1605751901.100122 DEBUG: [nlsr.HelloProtocol] Info Interest Timed out: 1
1605751901.100126 DEBUG: [nlsr.HelloProtocol] Resending interest: /ndn/p3-site/%C1.Router/cs/p3/nlsr/INFO/%07%20%08%03ndn%08%07p2-site%08%08%C1.Router%08%02cs%08%02p2
1605751901.100132 DEBUG: [nlsr.HelloProtocol] Expressing Interest: /ndn/p3-site/%C1.Router/cs/p3/nlsr/INFO/%07%20%08%03ndn%08%07p2-site%08%08%C1.Router%08%02cs%08%02p2
1605751901.100675 DEBUG: [nlsr.HelloProtocol] Received data for INFO(name): /ndn/p1-site/%C1.Router/cs/p1/nlsr/INFO/%07%20%08%03ndn%08%07p2-site%08%08%C1.Router%08%02cs%08%02p2/%FD%00%00%01u%DEE%85%1E
1605751901.100703 DEBUG: [nlsr.HelloProtocol] Data signed with: /ndn/p1-site/%C1.Router/cs/p1/nlsr/KEY/0%81GV%1A4%F7%1A
1605751901.100716 DEBUG: [nlsr.HelloProtocol] Data validation successful for INFO(name): /ndn/p1-site/%C1.Router/cs/p1/nlsr/INFO/%07%20%08%03ndn%08%07p2-site%08%08%C1.Router%08%02cs%08%02p2/%FD%00%00%01u%DEE%85%1E
1605751901.100728 DEBUG: [nlsr.HelloProtocol] Neighbor : /ndn/p1-site/%C1.Router/cs/p1
1605751901.100732 DEBUG: [nlsr.HelloProtocol] Old Status: 1 New Status: 1
1605751901.100741 DEBUG: [nlsr.route.Fib] Registering prefix: /localhop/ndn/nlsr/sync/%FD%08 faceUri: udp4://10.0.0.9:6363
1605751901.100981 DEBUG: [nlsr.HelloProtocol] Received data for INFO(name): /ndn/c2-site/%C1.Router/cs/c2/nlsr/INFO/%07%20%08%03ndn%08%07p2-site%08%08%C1.Router%08%02cs%08%02p2/%FD%00%00%01u%DEE%87%24
1605751901.101002 DEBUG: [nlsr.HelloProtocol] Data signed with: /ndn/c2-site/%C1.Router/cs/c2/nlsr/KEY/%19%ED%D4%92%3F%B3VZ
1605751901.101010 DEBUG: [nlsr.HelloProtocol] Data validation successful for INFO(name): /ndn/c2-site/%C1.Router/cs/c2/nlsr/INFO/%07%20%08%03ndn%08%07p2-site%08%08%C1.Router%08%02cs%08%02p2/%FD%00%00%01u%DEE%87%24
1605751901.101020 DEBUG: [nlsr.HelloProtocol] Neighbor : /ndn/c2-site/%C1.Router/cs/c2
1605751901.101024 DEBUG: [nlsr.HelloProtocol] Old Status: 1 New Status: 1
1605751901.101029 DEBUG: [nlsr.route.Fib] Registering prefix: /localhop/ndn/nlsr/sync/%FD%08 faceUri: udp4://10.0.0.5:6363
1605751901.102173 DEBUG: [nlsr.route.Fib] Successful in name registration: /localhop/ndn/nlsr/sync/%FD%08 Face Uri: udp4://10.0.0.9:6363 faceId: 266
1605751901.102425 DEBUG: [nlsr.route.Fib] Successful in name registration: /localhop/ndn/nlsr/sync/%FD%08 Face Uri: udp4://10.0.0.5:6363 faceId: 267
1605751901.123148 DEBUG: [nlsr.HelloProtocol] Received data for INFO(name): /ndn/p3-site/%C1.Router/cs/p3/nlsr/INFO/%07%20%08%03ndn%08%07p2-site%08%08%C1.Router%08%02cs%08%02p2/%FD%00%00%01u%DEE%8B%B7
1605751901.123181 DEBUG: [nlsr.HelloProtocol] Data signed with: /ndn/p3-site/%C1.Router/cs/p3/nlsr/KEY/%F6%D1%2C%C4t%F2%84%80
1605751901.123194 DEBUG: [nlsr.HelloProtocol] Data validation successful for INFO(name): /ndn/p3-site/%C1.Router/cs/p3/nlsr/INFO/%07%20%08%03ndn%08%07p2-site%08%08%C1.Router%08%02cs%08%02p2/%FD%00%00%01u%DEE%8B%B7
1605751901.123207 DEBUG: [nlsr.HelloProtocol] Neighbor : /ndn/p3-site/%C1.Router/cs/p3
1605751901.123210 DEBUG: [nlsr.HelloProtocol] Old Status: 0 New Status: 1
1605751901.123216 DEBUG: [nlsr.Lsdb] Rescheduling Adjacency LSA build in 10 seconds
1605751901.123235 DEBUG: [nlsr.route.Fib] Registering prefix: /localhop/ndn/nlsr/sync/%FD%08 faceUri: udp4://10.0.0.14:6363
1605751901.123502 DEBUG: [nlsr.HelloProtocol] Interest Received for Name: /ndn/p2-site/%C1.Router/cs/p2/nlsr/INFO/%07%20%08%03ndn%08%07p3-site%08%08%C1.Router%08%02cs%08%02p3
1605751901.123519 DEBUG: [nlsr.HelloProtocol] Neighbor: /ndn/p3-site/%C1.Router/cs/p3
1605751901.123613 DEBUG: [nlsr.HelloProtocol] Sending out data for name: /ndn/p2-site/%C1.Router/cs/p2/nlsr/INFO/%07%20%08%03ndn%08%07p3-site%08%08%C1.Router%08%02cs%08%02p3
1605751901.124573 DEBUG: [nlsr.route.Fib] Successful in name registration: /localhop/ndn/nlsr/sync/%FD%08 Face Uri: udp4://10.0.0.14:6363 faceId: 271
1605751907.454406 DEBUG: [nlsr.Lsdb] Interest received for LSA: /localhop/ndn/nlsr/LSA/c1-site/%C1.Router/cs/c1/ADJACENCY/%01
1605751909.452021 DEBUG: [nlsr.SyncLogicHandler] Update Name: /localhop/ndn/nlsr/LSA/c1-site/%C1.Router/cs/c1/ADJACENCY Seq no: 1
1605751909.452051 DEBUG: [nlsr.SyncLogicHandler] Origin Router of update: /ndn/c1-site/%C1.Router/cs/c1
1605751909.452062 DEBUG: [nlsr.SyncLogicHandler] Received sync update with higher ADJACENCY sequence number than entry in LSDB
1605751909.452081 DEBUG: [nlsr.Lsdb] Fetching Data for LSA: /localhop/ndn/nlsr/LSA/c1-site/%C1.Router/cs/c1/ADJACENCY/%01 Seq number: 1
1605751909.452115 DEBUG: [nlsr.SyncLogicHandler] Update Name: /localhop/ndn/nlsr/LSA/p1-site/%C1.Router/cs/p1/ADJACENCY Seq no: 1
1605751909.452123 DEBUG: [nlsr.SyncLogicHandler] Origin Router of update: /ndn/p1-site/%C1.Router/cs/p1
1605751909.452128 DEBUG: [nlsr.SyncLogicHandler] Received sync update with higher ADJACENCY sequence number than entry in LSDB
1605751909.452141 DEBUG: [nlsr.Lsdb] Fetching Data for LSA: /localhop/ndn/nlsr/LSA/p1-site/%C1.Router/cs/p1/ADJACENCY/%01 Seq number: 1
1605751909.477993 DEBUG: [nlsr.Lsdb] Received data for LSA interest: /localhop/ndn/nlsr/LSA/c1-site/%C1.Router/cs/c1/ADJACENCY/%01
1605751909.478157 DEBUG: [nlsr.Lsdb] Adding ADJACENCY LSA
1605751909.478162 DEBUG: [nlsr.Lsdb]     ADJACENCY LSA:
      Origin Router      : /ndn/c1-site/%C1.Router/cs/c1
      Sequence Number    : 1
      Expires in         : 3597521 milliseconds
      Adjacent(s):
        Adjacent 0: (name=/ndn/p1-site/%C1.Router/cs/p1, uri=udp4://10.0.0.2:6363, cost=10)
1605751909.478191 DEBUG: [nlsr.route.Fib] Fib::remove called
1605751909.478204 DEBUG: [nlsr.route.RoutingTable] Scheduling routing table calculation in 15 seconds
1605751909.478286 DEBUG: [nlsr.Lsdb] Received data for LSA interest: /localhop/ndn/nlsr/LSA/p1-site/%C1.Router/cs/p1/ADJACENCY/%01
1605751909.478445 DEBUG: [nlsr.Lsdb] Adding ADJACENCY LSA
1605751909.478450 DEBUG: [nlsr.Lsdb]     ADJACENCY LSA:
      Origin Router      : /ndn/p1-site/%C1.Router/cs/p1
      Sequence Number    : 1
      Expires in         : 3599521 milliseconds
      Adjacent(s):
        Adjacent 0: (name=/ndn/c1-site/%C1.Router/cs/c1, uri=udp4://10.0.0.1:6363, cost=10)
        Adjacent 1: (name=/ndn/p2-site/%C1.Router/cs/p2, uri=udp4://10.0.0.10:6363, cost=10)
1605751909.478471 DEBUG: [nlsr.route.Fib] Fib::remove called
1605751909.478812 DEBUG: [nlsr.SyncLogicHandler] Update Name: /localhop/ndn/nlsr/LSA/c2-site/%C1.Router/cs/c2/NAME Seq no: 1
1605751909.478836 DEBUG: [nlsr.SyncLogicHandler] Origin Router of update: /ndn/c2-site/%C1.Router/cs/c2
1605751909.478843 DEBUG: [nlsr.SyncLogicHandler] Received sync update with higher NAME sequence number than entry in LSDB
1605751909.478857 DEBUG: [nlsr.Lsdb] Fetching Data for LSA: /localhop/ndn/nlsr/LSA/c2-site/%C1.Router/cs/c2/NAME/%01 Seq number: 1
1605751909.481917 DEBUG: [nlsr.route.Fib] Successfully set strategy choice: /localhost/nfd/strategy/best-route/%FD%05 for name: /ndn/c2-site/%C1.Router/cs/c2/KEY
1605751909.482296 DEBUG: [nlsr.route.Fib] Successfully set strategy choice: /localhost/nfd/strategy/best-route/%FD%05 for name: /ndn/c2-site/%C1.Router/cs/c2/nlsr/KEY
1605751909.482581 DEBUG: [nlsr.route.Fib] Successfully set strategy choice: /localhost/nfd/strategy/best-route/%FD%05 for name: /ndn/c2-site/KEY
1605751909.482626 DEBUG: [nlsr.route.Fib] Successfully set strategy choice: /localhost/nfd/strategy/best-route/%FD%05 for name: /ndn/c2-site/%C1.Operator
1605751909.501568 DEBUG: [nlsr.Lsdb] Interest received for LSA: /localhop/ndn/nlsr/LSA/c2-site/%C1.Router/cs/c2/NAME/%01
1605751909.501883 DEBUG: [nlsr.Lsdb] Received data for LSA interest: /localhop/ndn/nlsr/LSA/c2-site/%C1.Router/cs/c2/NAME/%01
1605751909.502086 DEBUG: [nlsr.Lsdb] Adding NAME LSA
1605751909.502091 DEBUG: [nlsr.Lsdb]     NAME LSA:
      Origin Router      : /ndn/c2-site/%C1.Router/cs/c2
      Sequence Number    : 1
      Expires in         : 3585497 milliseconds
      Names:
        Name 0: /ndn/c2-site/c2
1605751909.502117 DEBUG: [nlsr.route.NamePrefixTable] Adding origin: /ndn/c2-site/%C1.Router/cs/c2 to a new name prefix: /ndn/c2-site/%C1.Router/cs/c2
1605751909.502123 DEBUG: [nlsr.route.Fib] Fib::remove called
1605751909.502132 DEBUG: [nlsr.route.NamePrefixTable] Adding origin: /ndn/c2-site/%C1.Router/cs/c2 to a new name prefix: /ndn/c2-site/c2
1605751909.502136 DEBUG: [nlsr.route.Fib] Fib::remove called
1605751909.503617 DEBUG: [nlsr.SyncLogicHandler] Update Name: /localhop/ndn/nlsr/LSA/p3-site/%C1.Router/cs/p3/NAME Seq no: 1
1605751909.503646 DEBUG: [nlsr.SyncLogicHandler] Origin Router of update: /ndn/p3-site/%C1.Router/cs/p3
1605751909.503659 DEBUG: [nlsr.SyncLogicHandler] Received sync update with higher NAME sequence number than entry in LSDB
1605751909.503681 DEBUG: [nlsr.Lsdb] Fetching Data for LSA: /localhop/ndn/nlsr/LSA/p3-site/%C1.Router/cs/p3/NAME/%01 Seq number: 1
1605751909.507116 DEBUG: [nlsr.route.Fib] Successfully set strategy choice: /localhost/nfd/strategy/best-route/%FD%05 for name: /ndn/p3-site/%C1.Router/cs/p3/KEY
1605751909.507600 DEBUG: [nlsr.route.Fib] Successfully set strategy choice: /localhost/nfd/strategy/best-route/%FD%05 for name: /ndn/p3-site/%C1.Router/cs/p3/nlsr/KEY
1605751909.507652 DEBUG: [nlsr.route.Fib] Successfully set strategy choice: /localhost/nfd/strategy/best-route/%FD%05 for name: /ndn/p3-site/KEY
1605751909.507677 DEBUG: [nlsr.route.Fib] Successfully set strategy choice: /localhost/nfd/strategy/best-route/%FD%05 for name: /ndn/p3-site/%C1.Operator
1605751909.525592 DEBUG: [nlsr.Lsdb] Interest received for LSA: /localhop/ndn/nlsr/LSA/p3-site/%C1.Router/cs/p3/NAME/%01
1605751909.527389 DEBUG: [nlsr.Lsdb] Received data for LSA interest: /localhop/ndn/nlsr/LSA/p3-site/%C1.Router/cs/p3/NAME/%01
1605751909.527505 DEBUG: [nlsr.Lsdb] Adding NAME LSA
1605751909.527509 DEBUG: [nlsr.Lsdb]     NAME LSA:
      Origin Router      : /ndn/p3-site/%C1.Router/cs/p3
      Sequence Number    : 1
      Expires in         : 3590472 milliseconds
      Names:
        Name 0: /ndn/p3-site/p3
1605751909.527527 DEBUG: [nlsr.route.NamePrefixTable] Adding origin: /ndn/p3-site/%C1.Router/cs/p3 to a new name prefix: /ndn/p3-site/%C1.Router/cs/p3
1605751909.527532 DEBUG: [nlsr.route.Fib] Fib::remove called
1605751909.527536 DEBUG: [nlsr.route.NamePrefixTable] Adding origin: /ndn/p3-site/%C1.Router/cs/p3 to a new name prefix: /ndn/p3-site/p3
1605751909.527539 DEBUG: [nlsr.route.Fib] Fib::remove called
1605751910.087707 DEBUG: [nlsr.SyncLogicHandler] Update Name: /localhop/ndn/nlsr/LSA/c2-site/%C1.Router/cs/c2/ADJACENCY Seq no: 1
1605751910.087730 DEBUG: [nlsr.SyncLogicHandler] Origin Router of update: /ndn/c2-site/%C1.Router/cs/c2
1605751910.087738 DEBUG: [nlsr.SyncLogicHandler] Received sync update with higher ADJACENCY sequence number than entry in LSDB
1605751910.087753 DEBUG: [nlsr.Lsdb] Fetching Data for LSA: /localhop/ndn/nlsr/LSA/c2-site/%C1.Router/cs/c2/ADJACENCY/%01 Seq number: 1
1605751910.112805 DEBUG: [nlsr.Lsdb] Received data for LSA interest: /localhop/ndn/nlsr/LSA/c2-site/%C1.Router/cs/c2/ADJACENCY/%01
1605751910.113031 DEBUG: [nlsr.Lsdb] Adding ADJACENCY LSA
1605751910.113037 DEBUG: [nlsr.Lsdb]     ADJACENCY LSA:
      Origin Router      : /ndn/c2-site/%C1.Router/cs/c2
      Sequence Number    : 1
      Expires in         : 3599886 milliseconds
      Adjacent(s):
        Adjacent 0: (name=/ndn/p2-site/%C1.Router/cs/p2, uri=udp4://10.0.0.6:6363, cost=10)
1605751910.113065 DEBUG: [nlsr.route.Fib] Fib::remove called
1605751911.165554 DEBUG: [nlsr.Lsdb] Building and installing own Adj LSA
1605751911.165707 DEBUG: [nlsr.SequencingManager] Adj LSA seq no: 1
1605751911.165725 DEBUG: [nlsr.SequencingManager] Name LSA Seq no: 1
1605751911.167633 DEBUG: [nlsr.Lsdb] Adding ADJACENCY LSA
1605751911.167664 DEBUG: [nlsr.Lsdb]     ADJACENCY LSA:
      Origin Router      : /ndn/p2-site/%C1.Router/cs/p2
      Sequence Number    : 1
      Expires in         : 3599998 milliseconds
      Adjacent(s):
        Adjacent 0: (name=/ndn/p1-site/%C1.Router/cs/p1, uri=udp4://10.0.0.9:6363, cost=10)
        Adjacent 1: (name=/ndn/c2-site/%C1.Router/cs/c2, uri=udp4://10.0.0.5:6363, cost=10)
        Adjacent 2: (name=/ndn/p3-site/%C1.Router/cs/p3, uri=udp4://10.0.0.14:6363, cost=10)
1605751911.198139 DEBUG: [nlsr.Lsdb] Interest received for LSA: /localhop/ndn/nlsr/LSA/p2-site/%C1.Router/cs/p2/ADJACENCY/%01
1605751911.198193 DEBUG: [nlsr.Lsdb] LSA sequence number from interest: 1
1605751911.198213 DEBUG: [nlsr.Lsdb] /localhop/ndn/nlsr/LSA/p2-site/%C1.Router/cs/p2/ADJACENCY/%01?CanBePrefix&MustBeFresh&Nonce=752499c7 received for ADJACENCY
1605751911.199896 DEBUG: [nlsr.SyncLogicHandler] Update Name: /localhop/ndn/nlsr/LSA/p3-site/%C1.Router/cs/p3/ADJACENCY Seq no: 1
1605751911.199926 DEBUG: [nlsr.SyncLogicHandler] Origin Router of update: /ndn/p3-site/%C1.Router/cs/p3
1605751911.199941 DEBUG: [nlsr.SyncLogicHandler] Received sync update with higher ADJACENCY sequence number than entry in LSDB
1605751911.199962 DEBUG: [nlsr.Lsdb] Fetching Data for LSA: /localhop/ndn/nlsr/LSA/p3-site/%C1.Router/cs/p3/ADJACENCY/%01 Seq number: 1
1605751911.224124 DEBUG: [nlsr.Lsdb] Interest received for LSA: /localhop/ndn/nlsr/LSA/p3-site/%C1.Router/cs/p3/ADJACENCY/%01
1605751911.225058 DEBUG: [nlsr.Lsdb] Received data for LSA interest: /localhop/ndn/nlsr/LSA/p3-site/%C1.Router/cs/p3/ADJACENCY/%01
1605751911.225375 DEBUG: [nlsr.Lsdb] Adding ADJACENCY LSA
1605751911.225410 DEBUG: [nlsr.Lsdb]     ADJACENCY LSA:
      Origin Router      : /ndn/p3-site/%C1.Router/cs/p3
      Sequence Number    : 1
      Expires in         : 3599774 milliseconds
      Adjacent(s):
        Adjacent 0: (name=/ndn/p2-site/%C1.Router/cs/p2, uri=udp4://10.0.0.13:6363, cost=10)
1605751911.225456 DEBUG: [nlsr.route.Fib] Fib::remove called
1605751924.479115 DEBUG: [nlsr.Lsdb] ---------------NAME LSDB-------------------
1605751924.479380 DEBUG: [nlsr.Lsdb]     NAME LSA:
      Origin Router      : /ndn/p3-site/%C1.Router/cs/p3
      Sequence Number    : 1
      Expires in         : 3575520 milliseconds
      Names:
        Name 0: /ndn/p3-site/p3
1605751924.479505 DEBUG: [nlsr.Lsdb]     NAME LSA:
      Origin Router      : /ndn/c2-site/%C1.Router/cs/c2
      Sequence Number    : 1
      Expires in         : 3570520 milliseconds
      Names:
        Name 0: /ndn/c2-site/c2
1605751924.479552 DEBUG: [nlsr.Lsdb]     NAME LSA:
      Origin Router      : /ndn/p1-site/%C1.Router/cs/p1
      Sequence Number    : 1
      Expires in         : 3572520 milliseconds
      Names:
        Name 0: /ndn/p1-site/p1
1605751924.479792 DEBUG: [nlsr.Lsdb]     NAME LSA:
      Origin Router      : /ndn/c1-site/%C1.Router/cs/c1
      Sequence Number    : 1
      Expires in         : 3569520 milliseconds
      Names:
        Name 0: /ndn/c1-site/c1
1605751924.479847 DEBUG: [nlsr.Lsdb]     NAME LSA:
      Origin Router      : /ndn/p2-site/%C1.Router/cs/p2
      Sequence Number    : 1
      Expires in         : 3574604 milliseconds
      Names:
        Name 0: /ndn/p2-site/p2
1605751924.479882 DEBUG: [nlsr.Lsdb] ---------------ADJACENCY LSDB-------------------
1605751924.479902 DEBUG: [nlsr.Lsdb]     ADJACENCY LSA:
      Origin Router      : /ndn/p3-site/%C1.Router/cs/p3
      Sequence Number    : 1
      Expires in         : 3586520 milliseconds
      Adjacent(s):
        Adjacent 0: (name=/ndn/p2-site/%C1.Router/cs/p2, uri=udp4://10.0.0.13:6363, cost=10)
1605751924.479955 DEBUG: [nlsr.Lsdb]     ADJACENCY LSA:
      Origin Router      : /ndn/p2-site/%C1.Router/cs/p2
      Sequence Number    : 1
      Expires in         : 3586685 milliseconds
      Adjacent(s):
        Adjacent 0: (name=/ndn/p1-site/%C1.Router/cs/p1, uri=udp4://10.0.0.9:6363, cost=10)
        Adjacent 1: (name=/ndn/c2-site/%C1.Router/cs/c2, uri=udp4://10.0.0.5:6363, cost=10)
        Adjacent 2: (name=/ndn/p3-site/%C1.Router/cs/p3, uri=udp4://10.0.0.14:6363, cost=10)
1605751924.480117 DEBUG: [nlsr.Lsdb]     ADJACENCY LSA:
      Origin Router      : /ndn/c2-site/%C1.Router/cs/c2
      Sequence Number    : 1
      Expires in         : 3585519 milliseconds
      Adjacent(s):
        Adjacent 0: (name=/ndn/p2-site/%C1.Router/cs/p2, uri=udp4://10.0.0.6:6363, cost=10)
1605751924.480149 DEBUG: [nlsr.Lsdb]     ADJACENCY LSA:
      Origin Router      : /ndn/p1-site/%C1.Router/cs/p1
      Sequence Number    : 1
      Expires in         : 3584519 milliseconds
      Adjacent(s):
        Adjacent 0: (name=/ndn/c1-site/%C1.Router/cs/c1, uri=udp4://10.0.0.1:6363, cost=10)
        Adjacent 1: (name=/ndn/p2-site/%C1.Router/cs/p2, uri=udp4://10.0.0.10:6363, cost=10)
1605751924.480180 DEBUG: [nlsr.Lsdb]     ADJACENCY LSA:
      Origin Router      : /ndn/c1-site/%C1.Router/cs/c1
      Sequence Number    : 1
      Expires in         : 3582519 milliseconds
      Adjacent(s):
        Adjacent 0: (name=/ndn/p1-site/%C1.Router/cs/p1, uri=udp4://10.0.0.2:6363, cost=10)
1605751924.480207 DEBUG: [nlsr.route.NamePrefixTable] ----------------NPT----------------------
Name: /ndn/c1-site/%C1.Router/cs/c1
  Destination: /ndn/c1-site/%C1.Router/cs/c1
    
Name: /ndn/c1-site/c1
  Destination: /ndn/c1-site/%C1.Router/cs/c1
    
Name: /ndn/p1-site/%C1.Router/cs/p1
  Destination: /ndn/p1-site/%C1.Router/cs/p1
    
Name: /ndn/p1-site/p1
  Destination: /ndn/p1-site/%C1.Router/cs/p1
    
Name: /ndn/c2-site/%C1.Router/cs/c2
  Destination: /ndn/c2-site/%C1.Router/cs/c2
    
Name: /ndn/c2-site/c2
  Destination: /ndn/c2-site/%C1.Router/cs/c2
    
Name: /ndn/p3-site/%C1.Router/cs/p3
  Destination: /ndn/p3-site/%C1.Router/cs/p3
    
Name: /ndn/p3-site/p3
  Destination: /ndn/p3-site/%C1.Router/cs/p3
    
1605751924.480300 DEBUG: [nlsr.route.RoutingTable] Calculating routing table
1605751924.480376 DEBUG: [nlsr.route.Map] ---------------Map----------------------
1605751924.480400 DEBUG: [nlsr.route.Map] MapEntry: ( Router: /ndn/p3-site/%C1.Router/cs/p3 Mapping No: 0 )
1605751924.480419 DEBUG: [nlsr.route.Map] MapEntry: ( Router: /ndn/p2-site/%C1.Router/cs/p2 Mapping No: 1 )
1605751924.480434 DEBUG: [nlsr.route.Map] MapEntry: ( Router: /ndn/p1-site/%C1.Router/cs/p1 Mapping No: 2 )
1605751924.480448 DEBUG: [nlsr.route.Map] MapEntry: ( Router: /ndn/c2-site/%C1.Router/cs/c2 Mapping No: 3 )
1605751924.480463 DEBUG: [nlsr.route.Map] MapEntry: ( Router: /ndn/c1-site/%C1.Router/cs/c1 Mapping No: 4 )
1605751924.480483 DEBUG: [nlsr.route.RoutingTableCalculator] LinkStateRoutingTableCalculator::calculatePath Called
1605751924.480531 DEBUG: [nlsr.route.RoutingTableCalculator] -----------Legend (routerName -> index)------
1605751924.480553 DEBUG: [nlsr.route.RoutingTableCalculator] Router:/ndn/p3-site/%C1.Router/cs/p3 Index:0
1605751924.480578 DEBUG: [nlsr.route.RoutingTableCalculator] Router:/ndn/p2-site/%C1.Router/cs/p2 Index:1
1605751924.480598 DEBUG: [nlsr.route.RoutingTableCalculator] Router:/ndn/p1-site/%C1.Router/cs/p1 Index:2
1605751924.480614 DEBUG: [nlsr.route.RoutingTableCalculator] Router:/ndn/c2-site/%C1.Router/cs/c2 Index:3
1605751924.480630 DEBUG: [nlsr.route.RoutingTableCalculator] Router:/ndn/c1-site/%C1.Router/cs/c1 Index:4
1605751924.480660 DEBUG: [nlsr.route.RoutingTableCalculator]  |0 1 2 3 4 
1605751924.480672 DEBUG: [nlsr.route.RoutingTableCalculator] ------------
1605751924.480690 DEBUG: [nlsr.route.RoutingTableCalculator] 0|0 10 0 0 0 
1605751924.480704 DEBUG: [nlsr.route.RoutingTableCalculator] 1|10 0 10 10 0 
1605751924.480717 DEBUG: [nlsr.route.RoutingTableCalculator] 2|0 10 0 0 10 
1605751924.480730 DEBUG: [nlsr.route.RoutingTableCalculator] 3|0 10 0 0 0 
1605751924.480743 DEBUG: [nlsr.route.RoutingTableCalculator] 4|0 0 10 0 0 
1605751924.480756 DEBUG: [nlsr.route.RoutingTableCalculator] -----------Legend (routerName -> index)------
1605751924.480771 DEBUG: [nlsr.route.RoutingTableCalculator] Router:/ndn/p3-site/%C1.Router/cs/p3 Index:0
1605751924.480798 DEBUG: [nlsr.route.RoutingTableCalculator] Router:/ndn/p2-site/%C1.Router/cs/p2 Index:1
1605751924.480814 DEBUG: [nlsr.route.RoutingTableCalculator] Router:/ndn/p1-site/%C1.Router/cs/p1 Index:2
1605751924.480828 DEBUG: [nlsr.route.RoutingTableCalculator] Router:/ndn/c2-site/%C1.Router/cs/c2 Index:3
1605751924.480842 DEBUG: [nlsr.route.RoutingTableCalculator] Router:/ndn/c1-site/%C1.Router/cs/c1 Index:4
1605751924.480856 DEBUG: [nlsr.route.RoutingTableCalculator]  |0 1 2 3 4 
1605751924.480872 DEBUG: [nlsr.route.RoutingTableCalculator] ------------
1605751924.480899 DEBUG: [nlsr.route.RoutingTableCalculator] 0|0 10 0 0 0 
1605751924.480924 DEBUG: [nlsr.route.RoutingTableCalculator] 1|10 0 0 0 0 
1605751924.480951 DEBUG: [nlsr.route.RoutingTableCalculator] 2|0 10 0 0 10 
1605751924.480970 DEBUG: [nlsr.route.RoutingTableCalculator] 3|0 10 0 0 0 
1605751924.480988 DEBUG: [nlsr.route.RoutingTableCalculator] 4|0 0 10 0 0 
1605751924.481368 DEBUG: [nlsr.route.RoutingTableCalculator] LinkStateRoutingTableCalculator::addAllNextHopsToRoutingTable Called
1605751924.481525 DEBUG: [nlsr.route.RoutingTable] Adding NextHop(Uri: udp4://10.0.0.14:6363, Cost: 10) for destination: /ndn/p3-site/%C1.Router/cs/p3
1605751924.481590 DEBUG: [nlsr.route.RoutingTableCalculator] -----------Legend (routerName -> index)------
1605751924.481658 DEBUG: [nlsr.route.RoutingTableCalculator] Router:/ndn/p3-site/%C1.Router/cs/p3 Index:0
1605751924.481679 DEBUG: [nlsr.route.RoutingTableCalculator] Router:/ndn/p2-site/%C1.Router/cs/p2 Index:1
1605751924.481695 DEBUG: [nlsr.route.RoutingTableCalculator] Router:/ndn/p1-site/%C1.Router/cs/p1 Index:2
1605751924.481710 DEBUG: [nlsr.route.RoutingTableCalculator] Router:/ndn/c2-site/%C1.Router/cs/c2 Index:3
1605751924.481725 DEBUG: [nlsr.route.RoutingTableCalculator] Router:/ndn/c1-site/%C1.Router/cs/c1 Index:4
1605751924.481739 DEBUG: [nlsr.route.RoutingTableCalculator]  |0 1 2 3 4 
1605751924.481751 DEBUG: [nlsr.route.RoutingTableCalculator] ------------
1605751924.481770 DEBUG: [nlsr.route.RoutingTableCalculator] 0|0 10 0 0 0 
1605751924.481790 DEBUG: [nlsr.route.RoutingTableCalculator] 1|0 0 10 0 0 
1605751924.481804 DEBUG: [nlsr.route.RoutingTableCalculator] 2|0 10 0 0 10 
1605751924.481818 DEBUG: [nlsr.route.RoutingTableCalculator] 3|0 10 0 0 0 
1605751924.481830 DEBUG: [nlsr.route.RoutingTableCalculator] 4|0 0 10 0 0 
1605751924.481843 DEBUG: [nlsr.route.RoutingTableCalculator] LinkStateRoutingTableCalculator::addAllNextHopsToRoutingTable Called
1605751924.481859 DEBUG: [nlsr.route.RoutingTable] Adding NextHop(Uri: udp4://10.0.0.9:6363, Cost: 10) for destination: /ndn/p1-site/%C1.Router/cs/p1
1605751924.481885 DEBUG: [nlsr.route.RoutingTable] Adding NextHop(Uri: udp4://10.0.0.9:6363, Cost: 20) for destination: /ndn/c1-site/%C1.Router/cs/c1
1605751924.481906 DEBUG: [nlsr.route.RoutingTableCalculator] -----------Legend (routerName -> index)------
1605751924.481920 DEBUG: [nlsr.route.RoutingTableCalculator] Router:/ndn/p3-site/%C1.Router/cs/p3 Index:0
1605751924.481935 DEBUG: [nlsr.route.RoutingTableCalculator] Router:/ndn/p2-site/%C1.Router/cs/p2 Index:1
1605751924.481948 DEBUG: [nlsr.route.RoutingTableCalculator] Router:/ndn/p1-site/%C1.Router/cs/p1 Index:2
1605751924.481972 DEBUG: [nlsr.route.RoutingTableCalculator] Router:/ndn/c2-site/%C1.Router/cs/c2 Index:3
1605751924.482001 DEBUG: [nlsr.route.RoutingTableCalculator] Router:/ndn/c1-site/%C1.Router/cs/c1 Index:4
1605751924.482018 DEBUG: [nlsr.route.RoutingTableCalculator]  |0 1 2 3 4 
1605751924.482030 DEBUG: [nlsr.route.RoutingTableCalculator] ------------
1605751924.482044 DEBUG: [nlsr.route.RoutingTableCalculator] 0|0 10 0 0 0 
1605751924.482069 DEBUG: [nlsr.route.RoutingTableCalculator] 1|0 0 0 10 0 
1605751924.482099 DEBUG: [nlsr.route.RoutingTableCalculator] 2|0 10 0 0 10 
1605751924.482129 DEBUG: [nlsr.route.RoutingTableCalculator] 3|0 10 0 0 0 
1605751924.482146 DEBUG: [nlsr.route.RoutingTableCalculator] 4|0 0 10 0 0 
1605751924.482221 DEBUG: [nlsr.route.RoutingTableCalculator] LinkStateRoutingTableCalculator::addAllNextHopsToRoutingTable Called
1605751924.482258 DEBUG: [nlsr.route.RoutingTable] Adding NextHop(Uri: udp4://10.0.0.5:6363, Cost: 10) for destination: /ndn/c2-site/%C1.Router/cs/c2
1605751924.482290 DEBUG: [nlsr.route.RoutingTable] Calling Update NPT With new Route
1605751924.482305 DEBUG: [nlsr.route.NamePrefixTable] Updating table with newly calculated routes
1605751924.482318 DEBUG: [nlsr.route.NamePrefixTable] Routing entry: /ndn/p1-site/%C1.Router/cs/p1 has changed next-hops.
1605751924.482340 DEBUG: [nlsr.route.Fib] Fib::update called
1605751924.482353 DEBUG: [nlsr.route.Fib] New FIB Entry
1605751924.482389 DEBUG: [nlsr.route.Fib] Registering prefix: /ndn/p1-site/p1 faceUri: udp4://10.0.0.9:6363
1605751924.482659 DEBUG: [nlsr.route.Fib] Scheduling refresh for /ndn/p1-site/p1 Seq Num: 1 in 3600 seconds
1605751924.482697 DEBUG: [nlsr.route.Fib] Fib::update called
1605751924.482710 DEBUG: [nlsr.route.Fib] New FIB Entry
1605751924.482725 DEBUG: [nlsr.route.NamePrefixTable] Routing entry: /ndn/p3-site/%C1.Router/cs/p3 has changed next-hops.
1605751924.482740 DEBUG: [nlsr.route.Fib] Fib::update called
1605751924.482752 DEBUG: [nlsr.route.Fib] New FIB Entry
1605751924.482771 DEBUG: [nlsr.route.Fib] Registering prefix: /ndn/p3-site/p3 faceUri: udp4://10.0.0.14:6363
1605751924.482867 DEBUG: [nlsr.route.Fib] Scheduling refresh for /ndn/p3-site/p3 Seq Num: 1 in 3600 seconds
1605751924.482894 DEBUG: [nlsr.route.Fib] Fib::update called
1605751924.482907 DEBUG: [nlsr.route.Fib] New FIB Entry
1605751924.482921 DEBUG: [nlsr.route.NamePrefixTable] Routing entry: /ndn/c2-site/%C1.Router/cs/c2 has changed next-hops.
1605751924.482936 DEBUG: [nlsr.route.Fib] Fib::update called
1605751924.482947 DEBUG: [nlsr.route.Fib] New FIB Entry
1605751924.482964 DEBUG: [nlsr.route.Fib] Registering prefix: /ndn/c2-site/c2 faceUri: udp4://10.0.0.5:6363
1605751924.483054 DEBUG: [nlsr.route.Fib] Scheduling refresh for /ndn/c2-site/c2 Seq Num: 1 in 3600 seconds
1605751924.483081 DEBUG: [nlsr.route.Fib] Fib::update called
1605751924.483094 DEBUG: [nlsr.route.Fib] New FIB Entry
1605751924.483108 DEBUG: [nlsr.route.NamePrefixTable] Routing entry: /ndn/c1-site/%C1.Router/cs/c1 has changed next-hops.
1605751924.483122 DEBUG: [nlsr.route.Fib] Fib::update called
1605751924.483134 DEBUG: [nlsr.route.Fib] New FIB Entry
1605751924.483152 DEBUG: [nlsr.route.Fib] Registering prefix: /ndn/c1-site/c1 faceUri: udp4://10.0.0.9:6363
1605751924.483245 DEBUG: [nlsr.route.Fib] Scheduling refresh for /ndn/c1-site/c1 Seq Num: 1 in 3600 seconds
1605751924.483272 DEBUG: [nlsr.route.Fib] Fib::update called
1605751924.483285 DEBUG: [nlsr.route.Fib] New FIB Entry
1605751924.483305 DEBUG: [nlsr.route.Fib] Registering prefix: /ndn/c1-site/%C1.Router/cs/c1 faceUri: udp4://10.0.0.9:6363
1605751924.483402 DEBUG: [nlsr.route.Fib] Scheduling refresh for /ndn/c1-site/%C1.Router/cs/c1 Seq Num: 1 in 3600 seconds
1605751924.483426 DEBUG: [nlsr.route.RoutingTable] Routing Table:
  Destination: /ndn/p3-site/%C1.Router/cs/p3
    NextHop(Uri: udp4://10.0.0.14:6363, Cost: 10)
  Destination: /ndn/p1-site/%C1.Router/cs/p1
    NextHop(Uri: udp4://10.0.0.9:6363, Cost: 10)
  Destination: /ndn/c1-site/%C1.Router/cs/c1
    NextHop(Uri: udp4://10.0.0.9:6363, Cost: 20)
  Destination: /ndn/c2-site/%C1.Router/cs/c2
    NextHop(Uri: udp4://10.0.0.5:6363, Cost: 10)
1605751924.483448 DEBUG: [nlsr.route.NamePrefixTable] ----------------NPT----------------------
Name: /ndn/c1-site/%C1.Router/cs/c1
  Destination: /ndn/c1-site/%C1.Router/cs/c1
    NextHop(Uri: udp4://10.0.0.9:6363, Cost: 20)
Name: /ndn/c1-site/c1
  Destination: /ndn/c1-site/%C1.Router/cs/c1
    NextHop(Uri: udp4://10.0.0.9:6363, Cost: 20)
Name: /ndn/p1-site/%C1.Router/cs/p1
  Destination: /ndn/p1-site/%C1.Router/cs/p1
    NextHop(Uri: udp4://10.0.0.9:6363, Cost: 10)
Name: /ndn/p1-site/p1
  Destination: /ndn/p1-site/%C1.Router/cs/p1
    NextHop(Uri: udp4://10.0.0.9:6363, Cost: 10)
Name: /ndn/c2-site/%C1.Router/cs/c2
  Destination: /ndn/c2-site/%C1.Router/cs/c2
    NextHop(Uri: udp4://10.0.0.5:6363, Cost: 10)
Name: /ndn/c2-site/c2
  Destination: /ndn/c2-site/%C1.Router/cs/c2
    NextHop(Uri: udp4://10.0.0.5:6363, Cost: 10)
Name: /ndn/p3-site/%C1.Router/cs/p3
  Destination: /ndn/p3-site/%C1.Router/cs/p3
    NextHop(Uri: udp4://10.0.0.14:6363, Cost: 10)
Name: /ndn/p3-site/p3
  Destination: /ndn/p3-site/%C1.Router/cs/p3
    NextHop(Uri: udp4://10.0.0.14:6363, Cost: 10)
1605751924.483485 DEBUG: [nlsr.route.Fib] -------------------FIB-----------------------------
1605751924.483497 DEBUG: [nlsr.route.Fib] Name Prefix: /ndn/c1-site/c1
1605751924.483507 DEBUG: [nlsr.route.Fib] Seq No: 1
1605751924.483517 DEBUG: [nlsr.route.Fib]     NextHop(Uri: udp4://10.0.0.9:6363, Cost: 20)
1605751924.483529 DEBUG: [nlsr.route.Fib] Name Prefix: /ndn/c1-site/%C1.Router/cs/c1
1605751924.483540 DEBUG: [nlsr.route.Fib] Seq No: 1
1605751924.483550 DEBUG: [nlsr.route.Fib]     NextHop(Uri: udp4://10.0.0.9:6363, Cost: 20)
1605751924.483561 DEBUG: [nlsr.route.Fib] Name Prefix: /ndn/c2-site/c2
1605751924.483571 DEBUG: [nlsr.route.Fib] Seq No: 1
1605751924.483580 DEBUG: [nlsr.route.Fib]     NextHop(Uri: udp4://10.0.0.5:6363, Cost: 10)
1605751924.483591 DEBUG: [nlsr.route.Fib] Name Prefix: /ndn/c2-site/%C1.Router/cs/c2
1605751924.483602 DEBUG: [nlsr.route.Fib] Seq No: 1
1605751924.483612 DEBUG: [nlsr.route.Fib]     NextHop(Uri: udp4://10.0.0.5:6363, Cost: 10)
1605751924.483623 DEBUG: [nlsr.route.Fib] Name Prefix: /ndn/p1-site/p1
1605751924.483633 DEBUG: [nlsr.route.Fib] Seq No: 1
1605751924.483642 DEBUG: [nlsr.route.Fib]     NextHop(Uri: udp4://10.0.0.9:6363, Cost: 10)
1605751924.483653 DEBUG: [nlsr.route.Fib] Name Prefix: /ndn/p1-site/%C1.Router/cs/p1
1605751924.483664 DEBUG: [nlsr.route.Fib] Seq No: 1
1605751924.483673 DEBUG: [nlsr.route.Fib]     NextHop(Uri: udp4://10.0.0.9:6363, Cost: 10)
1605751924.483684 DEBUG: [nlsr.route.Fib] Name Prefix: /ndn/p3-site/p3
1605751924.483695 DEBUG: [nlsr.route.Fib] Seq No: 1
1605751924.483704 DEBUG: [nlsr.route.Fib]     NextHop(Uri: udp4://10.0.0.14:6363, Cost: 10)
1605751924.483715 DEBUG: [nlsr.route.Fib] Name Prefix: /ndn/p3-site/%C1.Router/cs/p3
1605751924.483726 DEBUG: [nlsr.route.Fib] Seq No: 1
1605751924.483735 DEBUG: [nlsr.route.Fib]     NextHop(Uri: udp4://10.0.0.14:6363, Cost: 10)
1605751924.485556 DEBUG: [nlsr.route.Fib] Successful in name registration: /ndn/p1-site/p1 Face Uri: udp4://10.0.0.9:6363 faceId: 266
1605751924.486444 DEBUG: [nlsr.route.Fib] Successful in name registration: /ndn/p3-site/p3 Face Uri: udp4://10.0.0.14:6363 faceId: 271
1605751924.487337 DEBUG: [nlsr.route.Fib] Successful in name registration: /ndn/c2-site/c2 Face Uri: udp4://10.0.0.5:6363 faceId: 267
1605751924.487525 DEBUG: [nlsr.route.Fib] Successful in name registration: /ndn/c1-site/c1 Face Uri: udp4://10.0.0.9:6363 faceId: 266
1605751924.487980 DEBUG: [nlsr.route.Fib] Successful in name registration: /ndn/c1-site/%C1.Router/cs/c1 Face Uri: udp4://10.0.0.9:6363 faceId: 266
1605751955.853587 DEBUG: [nlsr.HelloProtocol] Interest Received for Name: /ndn/p2-site/%C1.Router/cs/p2/nlsr/INFO/%07%20%08%03ndn%08%07c2-site%08%08%C1.Router%08%02cs%08%02c2
1605751955.853685 DEBUG: [nlsr.HelloProtocol] Neighbor: /ndn/c2-site/%C1.Router/cs/c2
1605751955.853884 DEBUG: [nlsr.HelloProtocol] Sending out data for name: /ndn/p2-site/%C1.Router/cs/p2/nlsr/INFO/%07%20%08%03ndn%08%07c2-site%08%08%C1.Router%08%02cs%08%02c2
1605751957.390797 DEBUG: [nlsr.HelloProtocol] Interest Received for Name: /ndn/p2-site/%C1.Router/cs/p2/nlsr/INFO/%07%20%08%03ndn%08%07p1-site%08%08%C1.Router%08%02cs%08%02p1
1605751957.390842 DEBUG: [nlsr.HelloProtocol] Neighbor: /ndn/p1-site/%C1.Router/cs/p1
1605751957.391036 DEBUG: [nlsr.HelloProtocol] Sending out data for name: /ndn/p2-site/%C1.Router/cs/p2/nlsr/INFO/%07%20%08%03ndn%08%07p1-site%08%08%C1.Router%08%02cs%08%02p1
1605751959.134474 DEBUG: [nlsr.HelloProtocol] Expressing Interest: /ndn/p1-site/%C1.Router/cs/p1/nlsr/INFO/%07%20%08%03ndn%08%07p2-site%08%08%C1.Router%08%02cs%08%02p2
1605751959.134522 DEBUG: [nlsr.HelloProtocol] Sending HELLO interest: /ndn/p1-site/%C1.Router/cs/p1/nlsr/INFO/%07%20%08%03ndn%08%07p2-site%08%08%C1.Router%08%02cs%08%02p2
1605751959.134545 DEBUG: [nlsr.HelloProtocol] Expressing Interest: /ndn/c2-site/%C1.Router/cs/c2/nlsr/INFO/%07%20%08%03ndn%08%07p2-site%08%08%C1.Router%08%02cs%08%02p2
1605751959.134559 DEBUG: [nlsr.HelloProtocol] Sending HELLO interest: /ndn/c2-site/%C1.Router/cs/c2/nlsr/INFO/%07%20%08%03ndn%08%07p2-site%08%08%C1.Router%08%02cs%08%02p2
1605751959.134575 DEBUG: [nlsr.HelloProtocol] Expressing Interest: /ndn/p3-site/%C1.Router/cs/p3/nlsr/INFO/%07%20%08%03ndn%08%07p2-site%08%08%C1.Router%08%02cs%08%02p2
1605751959.134585 DEBUG: [nlsr.HelloProtocol] Sending HELLO interest: /ndn/p3-site/%C1.Router/cs/p3/nlsr/INFO/%07%20%08%03ndn%08%07p2-site%08%08%C1.Router%08%02cs%08%02p2
1605751959.158437 DEBUG: [nlsr.HelloProtocol] Received data for INFO(name): /ndn/p1-site/%C1.Router/cs/p1/nlsr/INFO/%07%20%08%03ndn%08%07p2-site%08%08%C1.Router%08%02cs%08%02p2/%FD%00%00%01u%DEFnj
1605751959.158485 DEBUG: [nlsr.HelloProtocol] Data signed with: /ndn/p1-site/%C1.Router/cs/p1/nlsr/KEY/0%81GV%1A4%F7%1A
1605751959.158506 DEBUG: [nlsr.HelloProtocol] Data validation successful for INFO(name): /ndn/p1-site/%C1.Router/cs/p1/nlsr/INFO/%07%20%08%03ndn%08%07p2-site%08%08%C1.Router%08%02cs%08%02p2/%FD%00%00%01u%DEFnj
1605751959.158528 DEBUG: [nlsr.HelloProtocol] Neighbor : /ndn/p1-site/%C1.Router/cs/p1
1605751959.158541 DEBUG: [nlsr.HelloProtocol] Old Status: 1 New Status: 1
1605751959.158558 DEBUG: [nlsr.route.Fib] Registering prefix: /localhop/ndn/nlsr/sync/%FD%08 faceUri: udp4://10.0.0.9:6363
1605751959.158782 DEBUG: [nlsr.HelloProtocol] Received data for INFO(name): /ndn/c2-site/%C1.Router/cs/c2/nlsr/INFO/%07%20%08%03ndn%08%07p2-site%08%08%C1.Router%08%02cs%08%02p2/%FD%00%00%01u%DEFni
1605751959.158810 DEBUG: [nlsr.HelloProtocol] Data signed with: /ndn/c2-site/%C1.Router/cs/c2/nlsr/KEY/%19%ED%D4%92%3F%B3VZ
1605751959.158826 DEBUG: [nlsr.HelloProtocol] Data validation successful for INFO(name): /ndn/c2-site/%C1.Router/cs/c2/nlsr/INFO/%07%20%08%03ndn%08%07p2-site%08%08%C1.Router%08%02cs%08%02p2/%FD%00%00%01u%DEFni
1605751959.158844 DEBUG: [nlsr.HelloProtocol] Neighbor : /ndn/c2-site/%C1.Router/cs/c2
1605751959.158856 DEBUG: [nlsr.HelloProtocol] Old Status: 1 New Status: 1
1605751959.158869 DEBUG: [nlsr.route.Fib] Registering prefix: /localhop/ndn/nlsr/sync/%FD%08 faceUri: udp4://10.0.0.5:6363
1605751959.158980 DEBUG: [nlsr.HelloProtocol] Received data for INFO(name): /ndn/p3-site/%C1.Router/cs/p3/nlsr/INFO/%07%20%08%03ndn%08%07p2-site%08%08%C1.Router%08%02cs%08%02p2/%FD%00%00%01u%DEFni
1605751959.159006 DEBUG: [nlsr.HelloProtocol] Data signed with: /ndn/p3-site/%C1.Router/cs/p3/nlsr/KEY/%F6%D1%2C%C4t%F2%84%80
1605751959.159021 DEBUG: [nlsr.HelloProtocol] Data validation successful for INFO(name): /ndn/p3-site/%C1.Router/cs/p3/nlsr/INFO/%07%20%08%03ndn%08%07p2-site%08%08%C1.Router%08%02cs%08%02p2/%FD%00%00%01u%DEFni
1605751959.159039 DEBUG: [nlsr.HelloProtocol] Neighbor : /ndn/p3-site/%C1.Router/cs/p3
1605751959.159050 DEBUG: [nlsr.HelloProtocol] Old Status: 1 New Status: 1
1605751959.159065 DEBUG: [nlsr.route.Fib] Registering prefix: /localhop/ndn/nlsr/sync/%FD%08 faceUri: udp4://10.0.0.14:6363
1605751959.160002 DEBUG: [nlsr.route.Fib] Successful in name registration: /localhop/ndn/nlsr/sync/%FD%08 Face Uri: udp4://10.0.0.9:6363 faceId: 266
1605751959.160458 DEBUG: [nlsr.route.Fib] Successful in name registration: /localhop/ndn/nlsr/sync/%FD%08 Face Uri: udp4://10.0.0.5:6363 faceId: 267
1605751959.160731 DEBUG: [nlsr.route.Fib] Successful in name registration: /localhop/ndn/nlsr/sync/%FD%08 Face Uri: udp4://10.0.0.14:6363 faceId: 271
1605751960.477426 DEBUG: [nlsr.HelloProtocol] Interest Received for Name: /ndn/p2-site/%C1.Router/cs/p2/nlsr/INFO/%07%20%08%03ndn%08%07p3-site%08%08%C1.Router%08%02cs%08%02p3
1605751960.477503 DEBUG: [nlsr.HelloProtocol] Neighbor: /ndn/p3-site/%C1.Router/cs/p3
1605751960.477673 DEBUG: [nlsr.HelloProtocol] Sending out data for name: /ndn/p2-site/%C1.Router/cs/p2/nlsr/INFO/%07%20%08%03ndn%08%07p3-site%08%08%C1.Router%08%02cs%08%02p3
1605752001.473895 DEBUG: [nlsr.SyncLogicHandler] Update Name: /localhop/ndn/nlsr/LSA/p1-site/%C1.Router/cs/p1/NAME Seq no: 2
1605752001.474000 DEBUG: [nlsr.SyncLogicHandler] Origin Router of update: /ndn/p1-site/%C1.Router/cs/p1
1605752001.474030 DEBUG: [nlsr.SyncLogicHandler] Received sync update with higher NAME sequence number than entry in LSDB
1605752001.474062 DEBUG: [nlsr.Lsdb] Fetching Data for LSA: /localhop/ndn/nlsr/LSA/p1-site/%C1.Router/cs/p1/NAME/%02 Seq number: 2
1605752001.498079 DEBUG: [nlsr.Lsdb] Interest received for LSA: /localhop/ndn/nlsr/LSA/p1-site/%C1.Router/cs/p1/NAME/%02
1605752001.498774 DEBUG: [nlsr.SyncLogicHandler] Update Name: /localhop/ndn/nlsr/LSA/p1-site/%C1.Router/cs/p1/NAME Seq no: 3
1605752001.498816 DEBUG: [nlsr.SyncLogicHandler] Origin Router of update: /ndn/p1-site/%C1.Router/cs/p1
1605752001.498837 DEBUG: [nlsr.SyncLogicHandler] Received sync update with higher NAME sequence number than entry in LSDB
1605752001.498866 DEBUG: [nlsr.Lsdb] Fetching Data for LSA: /localhop/ndn/nlsr/LSA/p1-site/%C1.Router/cs/p1/NAME/%03 Seq number: 3
1605752001.546545 DEBUG: [nlsr.Lsdb] Interest received for LSA: /localhop/ndn/nlsr/LSA/p1-site/%C1.Router/cs/p1/NAME/%03
1605752001.547191 DEBUG: [nlsr.Lsdb] Received data for LSA interest: /localhop/ndn/nlsr/LSA/p1-site/%C1.Router/cs/p1/NAME/%03
1605752001.547368 DEBUG: [nlsr.Lsdb] Updating NAME LSA:
1605752001.547439 DEBUG: [nlsr.Lsdb]     NAME LSA:
      Origin Router      : /ndn/p1-site/%C1.Router/cs/p1
      Sequence Number    : 1
      Expires in         : 3495452 milliseconds
      Names:
        Name 0: /ndn/p1-site/p1
1605752001.547482 DEBUG: [nlsr.route.NamePrefixTable] Adding origin: /ndn/p1-site/%C1.Router/cs/p1 to a new name prefix: /ndnsd/p1/service-info
1605752001.547505 DEBUG: [nlsr.route.Fib] Fib::update called
1605752001.547520 DEBUG: [nlsr.route.Fib] New FIB Entry
1605752001.547554 DEBUG: [nlsr.route.Fib] Registering prefix: /ndnsd/p1/service-info faceUri: udp4://10.0.0.9:6363
1605752001.547726 DEBUG: [nlsr.route.Fib] Scheduling refresh for /ndnsd/p1/service-info Seq Num: 1 in 3600 seconds
1605752001.547761 DEBUG: [nlsr.route.NamePrefixTable] Adding origin: /ndn/p1-site/%C1.Router/cs/p1 to a new name prefix: /discovery/printer
1605752001.547779 DEBUG: [nlsr.route.Fib] Fib::update called
1605752001.547793 DEBUG: [nlsr.route.Fib] New FIB Entry
1605752001.547814 DEBUG: [nlsr.route.Fib] Registering prefix: /discovery/printer faceUri: udp4://10.0.0.9:6363
1605752001.547987 DEBUG: [nlsr.route.Fib] Scheduling refresh for /discovery/printer Seq Num: 1 in 3600 seconds
1605752001.548033 DEBUG: [nlsr.Lsdb] Updated NAME LSA:
1605752001.548050 DEBUG: [nlsr.Lsdb]     NAME LSA:
      Origin Router      : /ndn/p1-site/%C1.Router/cs/p1
      Sequence Number    : 3
      Expires in         : 3599451 milliseconds
      Names:
        Name 0: /ndn/p1-site/p1
        Name 1: /ndnsd/p1/service-info
        Name 2: /discovery/printer
1605752001.550707 DEBUG: [nlsr.route.Fib] Successful in name registration: /ndnsd/p1/service-info Face Uri: udp4://10.0.0.9:6363 faceId: 266
1605752001.550750 DEBUG: [nlsr.route.Fib] Successful in name registration: /discovery/printer Face Uri: udp4://10.0.0.9:6363 faceId: 266
1605752002.497661 DEBUG: [nlsr.Lsdb] Interest received for LSA: /localhop/ndn/nlsr/LSA/p1-site/%C1.Router/cs/p1/NAME/%02
1605752003.504254 DEBUG: [nlsr.update.PrefixUpdateProcessor] accept /localhost/nlsr/prefix-update/advertise/h%16%07%14%08%09discovery%08%07printer/%00%00%01u%DEG%1B%AE/%AD%CD%9E%C3%87%85%86l/%16%2B%1B%01%03%1C%26%07%24%08%09localhost%08%08operator%08%03KEY%08%08%3F%DB%3E5-3%3AY/%17F0D%02%20Cp%17%E04%BE%A05%C5%FFuQ%C6v%3F%90%3E%E4%E1%AC%0E%0F%12%9Dc3%1C%3F%83%A6%83%80%02%20%2Fo%C9%EA%FBq%9D%DC%7Fc%04%3E6%B3%12%C5%03%AAP%F3%BD%15N%E7%3F%A4%CCk%1F%A4%08s signer=*
1605752003.504320  INFO: [nlsr.update.PrefixCommandProcessor] Advertising name: /discovery/printer
1605752003.504338 DEBUG: [nlsr.SequencingManager] Adj LSA seq no: 1
1605752003.504356 DEBUG: [nlsr.SequencingManager] Name LSA Seq no: 2
1605752003.505140 DEBUG: [nlsr.Lsdb] Updating NAME LSA:
1605752003.505169 DEBUG: [nlsr.Lsdb]     NAME LSA:
      Origin Router      : /ndn/p2-site/%C1.Router/cs/p2
      Sequence Number    : 1
      Expires in         : 3495579 milliseconds
      Names:
        Name 0: /ndn/p2-site/p2
1605752003.505208 DEBUG: [nlsr.Lsdb] Updated NAME LSA:
1605752003.505221 DEBUG: [nlsr.Lsdb]     NAME LSA:
      Origin Router      : /ndn/p2-site/%C1.Router/cs/p2
      Sequence Number    : 2
      Expires in         : 3599999 milliseconds
      Names:
        Name 0: /ndn/p2-site/p2
        Name 1: /discovery/printer
1605752003.518562 DEBUG: [nlsr.update.PrefixUpdateProcessor] accept /localhost/nlsr/prefix-update/advertise/h%1B%07%19%08%05ndnsd%08%02p2%08%0Cservice-info/%00%00%01u%DEG%1B%BC/1%07%A9%B8%A3MV%A9/%16%2B%1B%01%03%1C%26%07%24%08%09localhost%08%08operator%08%03KEY%08%08%3F%DB%3E5-3%3AY/%17G0E%02%21%00%8A%BC%9F%F3XI%97%BC%C7%DB%5DF%D5%D8%A6%8C%D1%B9L%2B%A3%D7%F7%17OKQ%EC%0C%01%DB2%02%20N%20%0EE9%175%968%93%B5%40%01w%C5a%B6%00H%D43g%CC%10Zyd-%F5%22%EBQ signer=*
1605752003.518634  INFO: [nlsr.update.PrefixCommandProcessor] Advertising name: /ndnsd/p2/service-info
1605752003.518654 DEBUG: [nlsr.SequencingManager] Adj LSA seq no: 1
1605752003.518666 DEBUG: [nlsr.SequencingManager] Name LSA Seq no: 3
1605752003.518889 DEBUG: [nlsr.Lsdb] Updating NAME LSA:
1605752003.518914 DEBUG: [nlsr.Lsdb]     NAME LSA:
      Origin Router      : /ndn/p2-site/%C1.Router/cs/p2
      Sequence Number    : 2
      Expires in         : 3599985 milliseconds
      Names:
        Name 0: /ndn/p2-site/p2
        Name 1: /discovery/printer
1605752003.518953 DEBUG: [nlsr.Lsdb] Updated NAME LSA:
1605752003.519012 DEBUG: [nlsr.Lsdb]     NAME LSA:
      Origin Router      : /ndn/p2-site/%C1.Router/cs/p2
      Sequence Number    : 3
      Expires in         : 3599999 milliseconds
      Names:
        Name 0: /ndn/p2-site/p2
        Name 1: /ndnsd/p2/service-info
        Name 2: /discovery/printer
1605752003.528223 DEBUG: [nlsr.Lsdb] Interest received for LSA: /localhop/ndn/nlsr/LSA/p2-site/%C1.Router/cs/p2/NAME/%02
1605752003.528299 DEBUG: [nlsr.Lsdb] LSA sequence number from interest: 2
1605752003.528328 DEBUG: [nlsr.Lsdb] /localhop/ndn/nlsr/LSA/p2-site/%C1.Router/cs/p2/NAME/%02?CanBePrefix&MustBeFresh&Nonce=7e4159dd received for NAME
1605752003.562951 DEBUG: [nlsr.Lsdb] Interest received for LSA: /localhop/ndn/nlsr/LSA/p2-site/%C1.Router/cs/p2/NAME/%03
1605752003.563110 DEBUG: [nlsr.Lsdb] LSA sequence number from interest: 3
1605752003.563579 DEBUG: [nlsr.Lsdb] /localhop/ndn/nlsr/LSA/p2-site/%C1.Router/cs/p2/NAME/%03?CanBePrefix&MustBeFresh&Nonce=b57e0d29 received for NAME
1605752004.498688 DEBUG: [nlsr.Lsdb] Interest received for LSA: /localhop/ndn/nlsr/LSA/p1-site/%C1.Router/cs/p1/NAME/%02
1605752004.528538 DEBUG: [nlsr.Lsdb] Interest received for LSA: /localhop/ndn/nlsr/LSA/p2-site/%C1.Router/cs/p2/NAME/%02
1605752004.528582 DEBUG: [nlsr.Lsdb] LSA sequence number from interest: 2
1605752004.528598 DEBUG: [nlsr.Lsdb] /localhop/ndn/nlsr/LSA/p2-site/%C1.Router/cs/p2/NAME/%02?CanBePrefix&MustBeFresh&Nonce=cada8bb4 received for NAME
1605752005.660792 DEBUG: [nlsr.SyncLogicHandler] Update Name: /localhop/ndn/nlsr/LSA/p3-site/%C1.Router/cs/p3/NAME Seq no: 2
1605752005.660824 DEBUG: [nlsr.SyncLogicHandler] Origin Router of update: /ndn/p3-site/%C1.Router/cs/p3
1605752005.660832 DEBUG: [nlsr.SyncLogicHandler] Received sync update with higher NAME sequence number than entry in LSDB
1605752005.660884 DEBUG: [nlsr.Lsdb] Fetching Data for LSA: /localhop/ndn/nlsr/LSA/p3-site/%C1.Router/cs/p3/NAME/%02 Seq number: 2
1605752005.687810 DEBUG: [nlsr.SyncLogicHandler] Update Name: /localhop/ndn/nlsr/LSA/p3-site/%C1.Router/cs/p3/NAME Seq no: 3
1605752005.687834 DEBUG: [nlsr.SyncLogicHandler] Origin Router of update: /ndn/p3-site/%C1.Router/cs/p3
1605752005.687843 DEBUG: [nlsr.SyncLogicHandler] Received sync update with higher NAME sequence number than entry in LSDB
1605752005.687861 DEBUG: [nlsr.Lsdb] Fetching Data for LSA: /localhop/ndn/nlsr/LSA/p3-site/%C1.Router/cs/p3/NAME/%03 Seq number: 3
1605752005.688183 DEBUG: [nlsr.Lsdb] Interest received for LSA: /localhop/ndn/nlsr/LSA/p3-site/%C1.Router/cs/p3/NAME/%02
1605752005.714821 DEBUG: [nlsr.Lsdb] Interest received for LSA: /localhop/ndn/nlsr/LSA/p3-site/%C1.Router/cs/p3/NAME/%03
1605752005.715629 DEBUG: [nlsr.Lsdb] Received data for LSA interest: /localhop/ndn/nlsr/LSA/p3-site/%C1.Router/cs/p3/NAME/%03
1605752005.715797 DEBUG: [nlsr.Lsdb] Updating NAME LSA:
1605752005.715803 DEBUG: [nlsr.Lsdb]     NAME LSA:
      Origin Router      : /ndn/p3-site/%C1.Router/cs/p3
      Sequence Number    : 1
      Expires in         : 3494284 milliseconds
      Names:
        Name 0: /ndn/p3-site/p3
1605752005.715831 DEBUG: [nlsr.route.NamePrefixTable] Adding origin: /ndn/p3-site/%C1.Router/cs/p3 to a new name prefix: /ndnsd/p3/service-info
1605752005.715840 DEBUG: [nlsr.route.Fib] Fib::update called
1605752005.715845 DEBUG: [nlsr.route.Fib] New FIB Entry
1605752005.715869 DEBUG: [nlsr.route.Fib] Registering prefix: /ndnsd/p3/service-info faceUri: udp4://10.0.0.14:6363
1605752005.716041 DEBUG: [nlsr.route.Fib] Scheduling refresh for /ndnsd/p3/service-info Seq Num: 1 in 3600 seconds
1605752005.716061 DEBUG: [nlsr.route.Fib] Fib::update called
1605752005.716066 DEBUG: [nlsr.route.Fib] Existing FIB Entry
1605752005.716078 DEBUG: [nlsr.route.Fib] Registering prefix: /discovery/printer faceUri: udp4://10.0.0.14:6363
1605752005.716233 DEBUG: [nlsr.route.Fib] Registering prefix: /discovery/printer faceUri: udp4://10.0.0.9:6363
1605752005.716342 DEBUG: [nlsr.Lsdb] Updated NAME LSA:
1605752005.716350 DEBUG: [nlsr.Lsdb]     NAME LSA:
      Origin Router      : /ndn/p3-site/%C1.Router/cs/p3
      Sequence Number    : 3
      Expires in         : 3599283 milliseconds
      Names:
        Name 0: /ndn/p3-site/p3
        Name 1: /ndnsd/p3/service-info
        Name 2: /discovery/printer
1605752005.717634 DEBUG: [nlsr.route.Fib] Successful in name registration: /ndnsd/p3/service-info Face Uri: udp4://10.0.0.14:6363 faceId: 271
1605752005.718378 DEBUG: [nlsr.route.Fib] Successful in name registration: /discovery/printer Face Uri: udp4://10.0.0.14:6363 faceId: 271
1605752005.718829 DEBUG: [nlsr.route.Fib] Successful in name registration: /discovery/printer Face Uri: udp4://10.0.0.9:6363 faceId: 266
1605752006.530318 DEBUG: [nlsr.Lsdb] Interest received for LSA: /localhop/ndn/nlsr/LSA/p2-site/%C1.Router/cs/p2/NAME/%02
1605752006.530392 DEBUG: [nlsr.Lsdb] LSA sequence number from interest: 2
1605752006.530420 DEBUG: [nlsr.Lsdb] /localhop/ndn/nlsr/LSA/p2-site/%C1.Router/cs/p2/NAME/%02?CanBePrefix&MustBeFresh&Nonce=df96a579 received for NAME
1605752006.687987 DEBUG: [nlsr.Lsdb] Interest received for LSA: /localhop/ndn/nlsr/LSA/p3-site/%C1.Router/cs/p3/NAME/%02
1605752008.505604 DEBUG: [nlsr.Lsdb] Interest received for LSA: /localhop/ndn/nlsr/LSA/p1-site/%C1.Router/cs/p1/NAME/%02
1605752008.688568 DEBUG: [nlsr.Lsdb] Interest received for LSA: /localhop/ndn/nlsr/LSA/p3-site/%C1.Router/cs/p3/NAME/%02
1605752010.534572 DEBUG: [nlsr.Lsdb] Interest received for LSA: /localhop/ndn/nlsr/LSA/p2-site/%C1.Router/cs/p2/NAME/%02
1605752010.534637 DEBUG: [nlsr.Lsdb] LSA sequence number from interest: 2
1605752010.534666 DEBUG: [nlsr.Lsdb] /localhop/ndn/nlsr/LSA/p2-site/%C1.Router/cs/p2/NAME/%02?CanBePrefix&MustBeFresh&Nonce=65415a5e received for NAME
1605752012.689060 DEBUG: [nlsr.Lsdb] Interest received for LSA: /localhop/ndn/nlsr/LSA/p3-site/%C1.Router/cs/p3/NAME/%02
1605752015.855400 DEBUG: [nlsr.HelloProtocol] Interest Received for Name: /ndn/p2-site/%C1.Router/cs/p2/nlsr/INFO/%07%20%08%03ndn%08%07c2-site%08%08%C1.Router%08%02cs%08%02c2
1605752015.855471 DEBUG: [nlsr.HelloProtocol] Neighbor: /ndn/c2-site/%C1.Router/cs/c2
1605752015.855648 DEBUG: [nlsr.HelloProtocol] Sending out data for name: /ndn/p2-site/%C1.Router/cs/p2/nlsr/INFO/%07%20%08%03ndn%08%07c2-site%08%08%C1.Router%08%02cs%08%02c2
1605752016.505807 DEBUG: [nlsr.Lsdb] Interest received for LSA: /localhop/ndn/nlsr/LSA/p1-site/%C1.Router/cs/p1/NAME/%02
1605752017.406282 DEBUG: [nlsr.HelloProtocol] Interest Received for Name: /ndn/p2-site/%C1.Router/cs/p2/nlsr/INFO/%07%20%08%03ndn%08%07p1-site%08%08%C1.Router%08%02cs%08%02p1
1605752017.406316 DEBUG: [nlsr.HelloProtocol] Neighbor: /ndn/p1-site/%C1.Router/cs/p1
1605752017.406490 DEBUG: [nlsr.HelloProtocol] Sending out data for name: /ndn/p2-site/%C1.Router/cs/p2/nlsr/INFO/%07%20%08%03ndn%08%07p1-site%08%08%C1.Router%08%02cs%08%02p1
1605752018.535382 DEBUG: [nlsr.Lsdb] Interest received for LSA: /localhop/ndn/nlsr/LSA/p2-site/%C1.Router/cs/p2/NAME/%02
1605752018.535444 DEBUG: [nlsr.Lsdb] LSA sequence number from interest: 2
1605752018.535472 DEBUG: [nlsr.Lsdb] /localhop/ndn/nlsr/LSA/p2-site/%C1.Router/cs/p2/NAME/%02?CanBePrefix&MustBeFresh&Nonce=f6acae4e received for NAME
1605752019.165450 DEBUG: [nlsr.HelloProtocol] Expressing Interest: /ndn/p1-site/%C1.Router/cs/p1/nlsr/INFO/%07%20%08%03ndn%08%07p2-site%08%08%C1.Router%08%02cs%08%02p2
1605752019.165528 DEBUG: [nlsr.HelloProtocol] Sending HELLO interest: /ndn/p1-site/%C1.Router/cs/p1/nlsr/INFO/%07%20%08%03ndn%08%07p2-site%08%08%C1.Router%08%02cs%08%02p2
1605752019.165552 DEBUG: [nlsr.HelloProtocol] Expressing Interest: /ndn/c2-site/%C1.Router/cs/c2/nlsr/INFO/%07%20%08%03ndn%08%07p2-site%08%08%C1.Router%08%02cs%08%02p2
1605752019.165569 DEBUG: [nlsr.HelloProtocol] Sending HELLO interest: /ndn/c2-site/%C1.Router/cs/c2/nlsr/INFO/%07%20%08%03ndn%08%07p2-site%08%08%C1.Router%08%02cs%08%02p2
1605752019.165587 DEBUG: [nlsr.HelloProtocol] Expressing Interest: /ndn/p3-site/%C1.Router/cs/p3/nlsr/INFO/%07%20%08%03ndn%08%07p2-site%08%08%C1.Router%08%02cs%08%02p2
1605752019.165604 DEBUG: [nlsr.HelloProtocol] Sending HELLO interest: /ndn/p3-site/%C1.Router/cs/p3/nlsr/INFO/%07%20%08%03ndn%08%07p2-site%08%08%C1.Router%08%02cs%08%02p2
1605752019.189174 DEBUG: [nlsr.HelloProtocol] Received data for INFO(name): /ndn/p3-site/%C1.Router/cs/p3/nlsr/INFO/%07%20%08%03ndn%08%07p2-site%08%08%C1.Router%08%02cs%08%02p2/%FD%00%00%01u%DEGX%E9
1605752019.189223 DEBUG: [nlsr.HelloProtocol] Data signed with: /ndn/p3-site/%C1.Router/cs/p3/nlsr/KEY/%F6%D1%2C%C4t%F2%84%80
1605752019.189244 DEBUG: [nlsr.HelloProtocol] Data validation successful for INFO(name): /ndn/p3-site/%C1.Router/cs/p3/nlsr/INFO/%07%20%08%03ndn%08%07p2-site%08%08%C1.Router%08%02cs%08%02p2/%FD%00%00%01u%DEGX%E9
1605752019.189384 DEBUG: [nlsr.HelloProtocol] Neighbor : /ndn/p3-site/%C1.Router/cs/p3
1605752019.189410 DEBUG: [nlsr.HelloProtocol] Old Status: 1 New Status: 1
1605752019.189475 DEBUG: [nlsr.route.Fib] Registering prefix: /localhop/ndn/nlsr/sync/%FD%08 faceUri: udp4://10.0.0.14:6363
1605752019.189808 DEBUG: [nlsr.HelloProtocol] Received data for INFO(name): /ndn/c2-site/%C1.Router/cs/c2/nlsr/INFO/%07%20%08%03ndn%08%07p2-site%08%08%C1.Router%08%02cs%08%02p2/%FD%00%00%01u%DEGX%E9
1605752019.189844 DEBUG: [nlsr.HelloProtocol] Data signed with: /ndn/c2-site/%C1.Router/cs/c2/nlsr/KEY/%19%ED%D4%92%3F%B3VZ
1605752019.189861 DEBUG: [nlsr.HelloProtocol] Data validation successful for INFO(name): /ndn/c2-site/%C1.Router/cs/c2/nlsr/INFO/%07%20%08%03ndn%08%07p2-site%08%08%C1.Router%08%02cs%08%02p2/%FD%00%00%01u%DEGX%E9
1605752019.189908 DEBUG: [nlsr.HelloProtocol] Neighbor : /ndn/c2-site/%C1.Router/cs/c2
1605752019.189941 DEBUG: [nlsr.HelloProtocol] Old Status: 1 New Status: 1
1605752019.189961 DEBUG: [nlsr.route.Fib] Registering prefix: /localhop/ndn/nlsr/sync/%FD%08 faceUri: udp4://10.0.0.5:6363
1605752019.190076 DEBUG: [nlsr.HelloProtocol] Received data for INFO(name): /ndn/p1-site/%C1.Router/cs/p1/nlsr/INFO/%07%20%08%03ndn%08%07p2-site%08%08%C1.Router%08%02cs%08%02p2/%FD%00%00%01u%DEGX%E9
1605752019.190100 DEBUG: [nlsr.HelloProtocol] Data signed with: /ndn/p1-site/%C1.Router/cs/p1/nlsr/KEY/0%81GV%1A4%F7%1A
1605752019.190121 DEBUG: [nlsr.HelloProtocol] Data validation successful for INFO(name): /ndn/p1-site/%C1.Router/cs/p1/nlsr/INFO/%07%20%08%03ndn%08%07p2-site%08%08%C1.Router%08%02cs%08%02p2/%FD%00%00%01u%DEGX%E9
1605752019.190150 DEBUG: [nlsr.HelloProtocol] Neighbor : /ndn/p1-site/%C1.Router/cs/p1
1605752019.190201 DEBUG: [nlsr.HelloProtocol] Old Status: 1 New Status: 1
1605752019.190232 DEBUG: [nlsr.route.Fib] Registering prefix: /localhop/ndn/nlsr/sync/%FD%08 faceUri: udp4://10.0.0.9:6363
1605752019.191144 DEBUG: [nlsr.route.Fib] Successful in name registration: /localhop/ndn/nlsr/sync/%FD%08 Face Uri: udp4://10.0.0.14:6363 faceId: 271
1605752019.192038 DEBUG: [nlsr.route.Fib] Successful in name registration: /localhop/ndn/nlsr/sync/%FD%08 Face Uri: udp4://10.0.0.5:6363 faceId: 267
1605752019.192433 DEBUG: [nlsr.route.Fib] Successful in name registration: /localhop/ndn/nlsr/sync/%FD%08 Face Uri: udp4://10.0.0.9:6363 faceId: 266
1605752020.458125 DEBUG: [nlsr.HelloProtocol] Interest Received for Name: /ndn/p2-site/%C1.Router/cs/p2/nlsr/INFO/%07%20%08%03ndn%08%07p3-site%08%08%C1.Router%08%02cs%08%02p3
1605752020.458187 DEBUG: [nlsr.HelloProtocol] Neighbor: /ndn/p3-site/%C1.Router/cs/p3
1605752020.458342 DEBUG: [nlsr.HelloProtocol] Sending out data for name: /ndn/p2-site/%C1.Router/cs/p2/nlsr/INFO/%07%20%08%03ndn%08%07p3-site%08%08%C1.Router%08%02cs%08%02p3
1605752020.703473 DEBUG: [nlsr.Lsdb] Interest received for LSA: /localhop/ndn/nlsr/LSA/p3-site/%C1.Router/cs/p3/NAME/%02
1605752032.506426 DEBUG: [nlsr.Lsdb] Interest received for LSA: /localhop/ndn/nlsr/LSA/p1-site/%C1.Router/cs/p1/NAME/%02
1605752034.535295 DEBUG: [nlsr.Lsdb] Interest received for LSA: /localhop/ndn/nlsr/LSA/p2-site/%C1.Router/cs/p2/NAME/%02
1605752034.535330 DEBUG: [nlsr.Lsdb] LSA sequence number from interest: 2
1605752034.535344 DEBUG: [nlsr.Lsdb] /localhop/ndn/nlsr/LSA/p2-site/%C1.Router/cs/p2/NAME/%02?CanBePrefix&MustBeFresh&Nonce=665b2ec4 received for NAME
1605752036.702860 DEBUG: [nlsr.Lsdb] Interest received for LSA: /localhop/ndn/nlsr/LSA/p3-site/%C1.Router/cs/p3/NAME/%02
1605752064.494879 DEBUG: [nlsr.Lsdb] Failed to fetch LSA: /localhop/ndn/nlsr/LSA/p1-site/%C1.Router/cs/p1/NAME, Error code: 1, Message: Timeout exceeded
1605752068.698005 DEBUG: [nlsr.Lsdb] Failed to fetch LSA: /localhop/ndn/nlsr/LSA/p3-site/%C1.Router/cs/p3/NAME, Error code: 1, Message: Timeout exceeded
1605752075.904888 DEBUG: [nlsr.HelloProtocol] Interest Received for Name: /ndn/p2-site/%C1.Router/cs/p2/nlsr/INFO/%07%20%08%03ndn%08%07c2-site%08%08%C1.Router%08%02cs%08%02c2
1605752075.904938 DEBUG: [nlsr.HelloProtocol] Neighbor: /ndn/c2-site/%C1.Router/cs/c2
1605752075.905160 DEBUG: [nlsr.HelloProtocol] Sending out data for name: /ndn/p2-site/%C1.Router/cs/p2/nlsr/INFO/%07%20%08%03ndn%08%07c2-site%08%08%C1.Router%08%02cs%08%02c2
1605752077.434612 DEBUG: [nlsr.HelloProtocol] Interest Received for Name: /ndn/p2-site/%C1.Router/cs/p2/nlsr/INFO/%07%20%08%03ndn%08%07p1-site%08%08%C1.Router%08%02cs%08%02p1
1605752077.434656 DEBUG: [nlsr.HelloProtocol] Neighbor: /ndn/p1-site/%C1.Router/cs/p1
1605752077.434848 DEBUG: [nlsr.HelloProtocol] Sending out data for name: /ndn/p2-site/%C1.Router/cs/p2/nlsr/INFO/%07%20%08%03ndn%08%07p1-site%08%08%C1.Router%08%02cs%08%02p1
1605752079.166427 DEBUG: [nlsr.HelloProtocol] Expressing Interest: /ndn/p1-site/%C1.Router/cs/p1/nlsr/INFO/%07%20%08%03ndn%08%07p2-site%08%08%C1.Router%08%02cs%08%02p2
1605752079.166476 DEBUG: [nlsr.HelloProtocol] Sending HELLO interest: /ndn/p1-site/%C1.Router/cs/p1/nlsr/INFO/%07%20%08%03ndn%08%07p2-site%08%08%C1.Router%08%02cs%08%02p2
1605752079.166492 DEBUG: [nlsr.HelloProtocol] Expressing Interest: /ndn/c2-site/%C1.Router/cs/c2/nlsr/INFO/%07%20%08%03ndn%08%07p2-site%08%08%C1.Router%08%02cs%08%02p2
1605752079.166502 DEBUG: [nlsr.HelloProtocol] Sending HELLO interest: /ndn/c2-site/%C1.Router/cs/c2/nlsr/INFO/%07%20%08%03ndn%08%07p2-site%08%08%C1.Router%08%02cs%08%02p2
1605752079.166514 DEBUG: [nlsr.HelloProtocol] Expressing Interest: /ndn/p3-site/%C1.Router/cs/p3/nlsr/INFO/%07%20%08%03ndn%08%07p2-site%08%08%C1.Router%08%02cs%08%02p2
1605752079.166523 DEBUG: [nlsr.HelloProtocol] Sending HELLO interest: /ndn/p3-site/%C1.Router/cs/p3/nlsr/INFO/%07%20%08%03ndn%08%07p2-site%08%08%C1.Router%08%02cs%08%02p2
1605752079.189442 DEBUG: [nlsr.HelloProtocol] Received data for INFO(name): /ndn/p3-site/%C1.Router/cs/p3/nlsr/INFO/%07%20%08%03ndn%08%07p2-site%08%08%C1.Router%08%02cs%08%02p2/%FD%00%00%01u%DEHCI
1605752079.189524 DEBUG: [nlsr.HelloProtocol] Data signed with: /ndn/p3-site/%C1.Router/cs/p3/nlsr/KEY/%F6%D1%2C%C4t%F2%84%80
1605752079.189548 DEBUG: [nlsr.HelloProtocol] Data validation successful for INFO(name): /ndn/p3-site/%C1.Router/cs/p3/nlsr/INFO/%07%20%08%03ndn%08%07p2-site%08%08%C1.Router%08%02cs%08%02p2/%FD%00%00%01u%DEHCI
1605752079.189569 DEBUG: [nlsr.HelloProtocol] Neighbor : /ndn/p3-site/%C1.Router/cs/p3
1605752079.189575 DEBUG: [nlsr.HelloProtocol] Old Status: 1 New Status: 1
1605752079.189592 DEBUG: [nlsr.route.Fib] Registering prefix: /localhop/ndn/nlsr/sync/%FD%08 faceUri: udp4://10.0.0.14:6363
1605752079.189978 DEBUG: [nlsr.HelloProtocol] Received data for INFO(name): /ndn/c2-site/%C1.Router/cs/c2/nlsr/INFO/%07%20%08%03ndn%08%07p2-site%08%08%C1.Router%08%02cs%08%02p2/%FD%00%00%01u%DEHCI
1605752079.190090 DEBUG: [nlsr.HelloProtocol] Data signed with: /ndn/c2-site/%C1.Router/cs/c2/nlsr/KEY/%19%ED%D4%92%3F%B3VZ
1605752079.190111 DEBUG: [nlsr.HelloProtocol] Data validation successful for INFO(name): /ndn/c2-site/%C1.Router/cs/c2/nlsr/INFO/%07%20%08%03ndn%08%07p2-site%08%08%C1.Router%08%02cs%08%02p2/%FD%00%00%01u%DEHCI
1605752079.190130 DEBUG: [nlsr.HelloProtocol] Neighbor : /ndn/c2-site/%C1.Router/cs/c2
1605752079.190135 DEBUG: [nlsr.HelloProtocol] Old Status: 1 New Status: 1
1605752079.190144 DEBUG: [nlsr.route.Fib] Registering prefix: /localhop/ndn/nlsr/sync/%FD%08 faceUri: udp4://10.0.0.5:6363
1605752079.190429 DEBUG: [nlsr.HelloProtocol] Received data for INFO(name): /ndn/p1-site/%C1.Router/cs/p1/nlsr/INFO/%07%20%08%03ndn%08%07p2-site%08%08%C1.Router%08%02cs%08%02p2/%FD%00%00%01u%DEHCJ
1605752079.190461 DEBUG: [nlsr.HelloProtocol] Data signed with: /ndn/p1-site/%C1.Router/cs/p1/nlsr/KEY/0%81GV%1A4%F7%1A
1605752079.190475 DEBUG: [nlsr.HelloProtocol] Data validation successful for INFO(name): /ndn/p1-site/%C1.Router/cs/p1/nlsr/INFO/%07%20%08%03ndn%08%07p2-site%08%08%C1.Router%08%02cs%08%02p2/%FD%00%00%01u%DEHCJ
1605752079.190544 DEBUG: [nlsr.HelloProtocol] Neighbor : /ndn/p1-site/%C1.Router/cs/p1
1605752079.190549 DEBUG: [nlsr.HelloProtocol] Old Status: 1 New Status: 1
1605752079.190554 DEBUG: [nlsr.route.Fib] Registering prefix: /localhop/ndn/nlsr/sync/%FD%08 faceUri: udp4://10.0.0.9:6363
1605752079.191175 DEBUG: [nlsr.route.Fib] Successful in name registration: /localhop/ndn/nlsr/sync/%FD%08 Face Uri: udp4://10.0.0.14:6363 faceId: 271
1605752079.191636 DEBUG: [nlsr.route.Fib] Successful in name registration: /localhop/ndn/nlsr/sync/%FD%08 Face Uri: udp4://10.0.0.5:6363 faceId: 267
1605752079.192070 DEBUG: [nlsr.route.Fib] Successful in name registration: /localhop/ndn/nlsr/sync/%FD%08 Face Uri: udp4://10.0.0.9:6363 faceId: 266
1605752080.459528 DEBUG: [nlsr.HelloProtocol] Interest Received for Name: /ndn/p2-site/%C1.Router/cs/p2/nlsr/INFO/%07%20%08%03ndn%08%07p3-site%08%08%C1.Router%08%02cs%08%02p3
1605752080.459569 DEBUG: [nlsr.HelloProtocol] Neighbor: /ndn/p3-site/%C1.Router/cs/p3
1605752080.459731 DEBUG: [nlsr.HelloProtocol] Sending out data for name: /ndn/p2-site/%C1.Router/cs/p2/nlsr/INFO/%07%20%08%03ndn%08%07p3-site%08%08%C1.Router%08%02cs%08%02p3
1605752135.945353 DEBUG: [nlsr.HelloProtocol] Interest Received for Name: /ndn/p2-site/%C1.Router/cs/p2/nlsr/INFO/%07%20%08%03ndn%08%07c2-site%08%08%C1.Router%08%02cs%08%02c2
1605752135.945396 DEBUG: [nlsr.HelloProtocol] Neighbor: /ndn/c2-site/%C1.Router/cs/c2
1605752135.945641 DEBUG: [nlsr.HelloProtocol] Sending out data for name: /ndn/p2-site/%C1.Router/cs/p2/nlsr/INFO/%07%20%08%03ndn%08%07c2-site%08%08%C1.Router%08%02cs%08%02c2
1605752137.438690 DEBUG: [nlsr.HelloProtocol] Interest Received for Name: /ndn/p2-site/%C1.Router/cs/p2/nlsr/INFO/%07%20%08%03ndn%08%07p1-site%08%08%C1.Router%08%02cs%08%02p1
1605752137.438763 DEBUG: [nlsr.HelloProtocol] Neighbor: /ndn/p1-site/%C1.Router/cs/p1
1605752137.439036 DEBUG: [nlsr.HelloProtocol] Sending out data for name: /ndn/p2-site/%C1.Router/cs/p2/nlsr/INFO/%07%20%08%03ndn%08%07p1-site%08%08%C1.Router%08%02cs%08%02p1
1605752139.174333 DEBUG: [nlsr.HelloProtocol] Expressing Interest: /ndn/p1-site/%C1.Router/cs/p1/nlsr/INFO/%07%20%08%03ndn%08%07p2-site%08%08%C1.Router%08%02cs%08%02p2
1605752139.174394 DEBUG: [nlsr.HelloProtocol] Sending HELLO interest: /ndn/p1-site/%C1.Router/cs/p1/nlsr/INFO/%07%20%08%03ndn%08%07p2-site%08%08%C1.Router%08%02cs%08%02p2
1605752139.174413 DEBUG: [nlsr.HelloProtocol] Expressing Interest: /ndn/c2-site/%C1.Router/cs/c2/nlsr/INFO/%07%20%08%03ndn%08%07p2-site%08%08%C1.Router%08%02cs%08%02p2
1605752139.174426 DEBUG: [nlsr.HelloProtocol] Sending HELLO interest: /ndn/c2-site/%C1.Router/cs/c2/nlsr/INFO/%07%20%08%03ndn%08%07p2-site%08%08%C1.Router%08%02cs%08%02p2
1605752139.174440 DEBUG: [nlsr.HelloProtocol] Expressing Interest: /ndn/p3-site/%C1.Router/cs/p3/nlsr/INFO/%07%20%08%03ndn%08%07p2-site%08%08%C1.Router%08%02cs%08%02p2
1605752139.174452 DEBUG: [nlsr.HelloProtocol] Sending HELLO interest: /ndn/p3-site/%C1.Router/cs/p3/nlsr/INFO/%07%20%08%03ndn%08%07p2-site%08%08%C1.Router%08%02cs%08%02p2
1605752139.197367 DEBUG: [nlsr.HelloProtocol] Received data for INFO(name): /ndn/p3-site/%C1.Router/cs/p3/nlsr/INFO/%07%20%08%03ndn%08%07p2-site%08%08%C1.Router%08%02cs%08%02p2/%FD%00%00%01u%DEI-%B1
1605752139.197403 DEBUG: [nlsr.HelloProtocol] Data signed with: /ndn/p3-site/%C1.Router/cs/p3/nlsr/KEY/%F6%D1%2C%C4t%F2%84%80
1605752139.197418 DEBUG: [nlsr.HelloProtocol] Data validation successful for INFO(name): /ndn/p3-site/%C1.Router/cs/p3/nlsr/INFO/%07%20%08%03ndn%08%07p2-site%08%08%C1.Router%08%02cs%08%02p2/%FD%00%00%01u%DEI-%B1
1605752139.197435 DEBUG: [nlsr.HelloProtocol] Neighbor : /ndn/p3-site/%C1.Router/cs/p3
1605752139.197441 DEBUG: [nlsr.HelloProtocol] Old Status: 1 New Status: 1
1605752139.197452 DEBUG: [nlsr.route.Fib] Registering prefix: /localhop/ndn/nlsr/sync/%FD%08 faceUri: udp4://10.0.0.14:6363
1605752139.197876 DEBUG: [nlsr.HelloProtocol] Received data for INFO(name): /ndn/p1-site/%C1.Router/cs/p1/nlsr/INFO/%07%20%08%03ndn%08%07p2-site%08%08%C1.Router%08%02cs%08%02p2/%FD%00%00%01u%DEI-%B2
1605752139.197895 DEBUG: [nlsr.HelloProtocol] Data signed with: /ndn/p1-site/%C1.Router/cs/p1/nlsr/KEY/0%81GV%1A4%F7%1A
1605752139.197902 DEBUG: [nlsr.HelloProtocol] Data validation successful for INFO(name): /ndn/p1-site/%C1.Router/cs/p1/nlsr/INFO/%07%20%08%03ndn%08%07p2-site%08%08%C1.Router%08%02cs%08%02p2/%FD%00%00%01u%DEI-%B2
1605752139.197910 DEBUG: [nlsr.HelloProtocol] Neighbor : /ndn/p1-site/%C1.Router/cs/p1
1605752139.197912 DEBUG: [nlsr.HelloProtocol] Old Status: 1 New Status: 1
1605752139.197917 DEBUG: [nlsr.route.Fib] Registering prefix: /localhop/ndn/nlsr/sync/%FD%08 faceUri: udp4://10.0.0.9:6363
1605752139.198192 DEBUG: [nlsr.HelloProtocol] Received data for INFO(name): /ndn/c2-site/%C1.Router/cs/c2/nlsr/INFO/%07%20%08%03ndn%08%07p2-site%08%08%C1.Router%08%02cs%08%02p2/%FD%00%00%01u%DEI-%B2
1605752139.198203 DEBUG: [nlsr.HelloProtocol] Data signed with: /ndn/c2-site/%C1.Router/cs/c2/nlsr/KEY/%19%ED%D4%92%3F%B3VZ
1605752139.198209 DEBUG: [nlsr.HelloProtocol] Data validation successful for INFO(name): /ndn/c2-site/%C1.Router/cs/c2/nlsr/INFO/%07%20%08%03ndn%08%07p2-site%08%08%C1.Router%08%02cs%08%02p2/%FD%00%00%01u%DEI-%B2
1605752139.198318 DEBUG: [nlsr.HelloProtocol] Neighbor : /ndn/c2-site/%C1.Router/cs/c2
1605752139.198329 DEBUG: [nlsr.HelloProtocol] Old Status: 1 New Status: 1
1605752139.198335 DEBUG: [nlsr.route.Fib] Registering prefix: /localhop/ndn/nlsr/sync/%FD%08 faceUri: udp4://10.0.0.5:6363
1605752139.200105 DEBUG: [nlsr.route.Fib] Successful in name registration: /localhop/ndn/nlsr/sync/%FD%08 Face Uri: udp4://10.0.0.14:6363 faceId: 271
1605752139.200597 DEBUG: [nlsr.route.Fib] Successful in name registration: /localhop/ndn/nlsr/sync/%FD%08 Face Uri: udp4://10.0.0.9:6363 faceId: 266
1605752139.201077 DEBUG: [nlsr.route.Fib] Successful in name registration: /localhop/ndn/nlsr/sync/%FD%08 Face Uri: udp4://10.0.0.5:6363 faceId: 267
1605752140.459635 DEBUG: [nlsr.HelloProtocol] Interest Received for Name: /ndn/p2-site/%C1.Router/cs/p2/nlsr/INFO/%07%20%08%03ndn%08%07p3-site%08%08%C1.Router%08%02cs%08%02p3
1605752140.459720 DEBUG: [nlsr.HelloProtocol] Neighbor: /ndn/p3-site/%C1.Router/cs/p3
1605752140.460124 DEBUG: [nlsr.HelloProtocol] Sending out data for name: /ndn/p2-site/%C1.Router/cs/p2/nlsr/INFO/%07%20%08%03ndn%08%07p3-site%08%08%C1.Router%08%02cs%08%02p3
1605752196.105847 DEBUG: [nlsr.HelloProtocol] Interest Received for Name: /ndn/p2-site/%C1.Router/cs/p2/nlsr/INFO/%07%20%08%03ndn%08%07c2-site%08%08%C1.Router%08%02cs%08%02c2
1605752196.105927 DEBUG: [nlsr.HelloProtocol] Neighbor: /ndn/c2-site/%C1.Router/cs/c2
1605752196.106149 DEBUG: [nlsr.HelloProtocol] Sending out data for name: /ndn/p2-site/%C1.Router/cs/p2/nlsr/INFO/%07%20%08%03ndn%08%07c2-site%08%08%C1.Router%08%02cs%08%02c2
1605752197.427753 DEBUG: [nlsr.HelloProtocol] Interest Received for Name: /ndn/p2-site/%C1.Router/cs/p2/nlsr/INFO/%07%20%08%03ndn%08%07p1-site%08%08%C1.Router%08%02cs%08%02p1
1605752197.427863 DEBUG: [nlsr.HelloProtocol] Neighbor: /ndn/p1-site/%C1.Router/cs/p1
1605752197.428007 DEBUG: [nlsr.HelloProtocol] Sending out data for name: /ndn/p2-site/%C1.Router/cs/p2/nlsr/INFO/%07%20%08%03ndn%08%07p1-site%08%08%C1.Router%08%02cs%08%02p1
1605752199.197129 DEBUG: [nlsr.HelloProtocol] Expressing Interest: /ndn/p1-site/%C1.Router/cs/p1/nlsr/INFO/%07%20%08%03ndn%08%07p2-site%08%08%C1.Router%08%02cs%08%02p2
1605752199.197255 DEBUG: [nlsr.HelloProtocol] Sending HELLO interest: /ndn/p1-site/%C1.Router/cs/p1/nlsr/INFO/%07%20%08%03ndn%08%07p2-site%08%08%C1.Router%08%02cs%08%02p2
1605752199.197288 DEBUG: [nlsr.HelloProtocol] Expressing Interest: /ndn/c2-site/%C1.Router/cs/c2/nlsr/INFO/%07%20%08%03ndn%08%07p2-site%08%08%C1.Router%08%02cs%08%02p2
1605752199.197313 DEBUG: [nlsr.HelloProtocol] Sending HELLO interest: /ndn/c2-site/%C1.Router/cs/c2/nlsr/INFO/%07%20%08%03ndn%08%07p2-site%08%08%C1.Router%08%02cs%08%02p2
1605752199.197339 DEBUG: [nlsr.HelloProtocol] Expressing Interest: /ndn/p3-site/%C1.Router/cs/p3/nlsr/INFO/%07%20%08%03ndn%08%07p2-site%08%08%C1.Router%08%02cs%08%02p2
1605752199.197360 DEBUG: [nlsr.HelloProtocol] Sending HELLO interest: /ndn/p3-site/%C1.Router/cs/p3/nlsr/INFO/%07%20%08%03ndn%08%07p2-site%08%08%C1.Router%08%02cs%08%02p2
1605752199.220494 DEBUG: [nlsr.HelloProtocol] Received data for INFO(name): /ndn/p3-site/%C1.Router/cs/p3/nlsr/INFO/%07%20%08%03ndn%08%07p2-site%08%08%C1.Router%08%02cs%08%02p2/%FD%00%00%01u%DEJ%18%28
1605752199.220568 DEBUG: [nlsr.HelloProtocol] Data signed with: /ndn/p3-site/%C1.Router/cs/p3/nlsr/KEY/%F6%D1%2C%C4t%F2%84%80
1605752199.220598 DEBUG: [nlsr.HelloProtocol] Data validation successful for INFO(name): /ndn/p3-site/%C1.Router/cs/p3/nlsr/INFO/%07%20%08%03ndn%08%07p2-site%08%08%C1.Router%08%02cs%08%02p2/%FD%00%00%01u%DEJ%18%28
1605752199.220628 DEBUG: [nlsr.HelloProtocol] Neighbor : /ndn/p3-site/%C1.Router/cs/p3
1605752199.220646 DEBUG: [nlsr.HelloProtocol] Old Status: 1 New Status: 1
1605752199.220669 DEBUG: [nlsr.route.Fib] Registering prefix: /localhop/ndn/nlsr/sync/%FD%08 faceUri: udp4://10.0.0.14:6363
1605752199.220941 DEBUG: [nlsr.HelloProtocol] Received data for INFO(name): /ndn/p1-site/%C1.Router/cs/p1/nlsr/INFO/%07%20%08%03ndn%08%07p2-site%08%08%C1.Router%08%02cs%08%02p2/%FD%00%00%01u%DEJ%18%29
1605752199.220980 DEBUG: [nlsr.HelloProtocol] Data signed with: /ndn/p1-site/%C1.Router/cs/p1/nlsr/KEY/0%81GV%1A4%F7%1A
1605752199.221003 DEBUG: [nlsr.HelloProtocol] Data validation successful for INFO(name): /ndn/p1-site/%C1.Router/cs/p1/nlsr/INFO/%07%20%08%03ndn%08%07p2-site%08%08%C1.Router%08%02cs%08%02p2/%FD%00%00%01u%DEJ%18%29
1605752199.221028 DEBUG: [nlsr.HelloProtocol] Neighbor : /ndn/p1-site/%C1.Router/cs/p1
1605752199.221045 DEBUG: [nlsr.HelloProtocol] Old Status: 1 New Status: 1
1605752199.221063 DEBUG: [nlsr.route.Fib] Registering prefix: /localhop/ndn/nlsr/sync/%FD%08 faceUri: udp4://10.0.0.9:6363
1605752199.221338 DEBUG: [nlsr.HelloProtocol] Received data for INFO(name): /ndn/c2-site/%C1.Router/cs/c2/nlsr/INFO/%07%20%08%03ndn%08%07p2-site%08%08%C1.Router%08%02cs%08%02p2/%FD%00%00%01u%DEJ%18%28
1605752199.221380 DEBUG: [nlsr.HelloProtocol] Data signed with: /ndn/c2-site/%C1.Router/cs/c2/nlsr/KEY/%19%ED%D4%92%3F%B3VZ
1605752199.221403 DEBUG: [nlsr.HelloProtocol] Data validation successful for INFO(name): /ndn/c2-site/%C1.Router/cs/c2/nlsr/INFO/%07%20%08%03ndn%08%07p2-site%08%08%C1.Router%08%02cs%08%02p2/%FD%00%00%01u%DEJ%18%28
1605752199.221442 DEBUG: [nlsr.HelloProtocol] Neighbor : /ndn/c2-site/%C1.Router/cs/c2
1605752199.221460 DEBUG: [nlsr.HelloProtocol] Old Status: 1 New Status: 1
1605752199.221478 DEBUG: [nlsr.route.Fib] Registering prefix: /localhop/ndn/nlsr/sync/%FD%08 faceUri: udp4://10.0.0.5:6363
1605752199.222938 DEBUG: [nlsr.route.Fib] Successful in name registration: /localhop/ndn/nlsr/sync/%FD%08 Face Uri: udp4://10.0.0.14:6363 faceId: 271
1605752199.223305 DEBUG: [nlsr.route.Fib] Successful in name registration: /localhop/ndn/nlsr/sync/%FD%08 Face Uri: udp4://10.0.0.9:6363 faceId: 266
1605752199.223624 DEBUG: [nlsr.route.Fib] Successful in name registration: /localhop/ndn/nlsr/sync/%FD%08 Face Uri: udp4://10.0.0.5:6363 faceId: 267
1605752200.464307 DEBUG: [nlsr.HelloProtocol] Interest Received for Name: /ndn/p2-site/%C1.Router/cs/p2/nlsr/INFO/%07%20%08%03ndn%08%07p3-site%08%08%C1.Router%08%02cs%08%02p3
1605752200.464390 DEBUG: [nlsr.HelloProtocol] Neighbor: /ndn/p3-site/%C1.Router/cs/p3
1605752200.464605 DEBUG: [nlsr.HelloProtocol] Sending out data for name: /ndn/p2-site/%C1.Router/cs/p2/nlsr/INFO/%07%20%08%03ndn%08%07p3-site%08%08%C1.Router%08%02cs%08%02p3
