1605732654.314314  INFO: [nlsr.ConfParameter] Router Name: /%C1.Router/cs/c2
1605732654.314350  INFO: [nlsr.ConfParameter] Site Name: /c2-site
1605732654.314354  INFO: [nlsr.ConfParameter] Network: /ndn
1605732654.314355  INFO: [nlsr.ConfParameter] Router Prefix: /ndn/c2-site/%C1.Router/cs/c2
1605732654.314358  INFO: [nlsr.ConfParameter] Sync Prefix: /localhop/ndn/nlsr/sync/%FD%08
1605732654.314360  INFO: [nlsr.ConfParameter] Sync LSA prefix: /localhop/ndn/nlsr/LSA
1605732654.314362  INFO: [nlsr.ConfParameter] Hello Interest retry number: 3
1605732654.314365  INFO: [nlsr.ConfParameter] Hello Interest resend second: 1
1605732654.314367  INFO: [nlsr.ConfParameter] Info Interest interval: 60
1605732654.314368  INFO: [nlsr.ConfParameter] LSA refresh time: 1800
1605732654.314370  INFO: [nlsr.ConfParameter] FIB Entry refresh time: 3600
1605732654.314372  INFO: [nlsr.ConfParameter] LSA Interest lifetime: 4 seconds
1605732654.314396  INFO: [nlsr.ConfParameter] Router dead interval: 3600
1605732654.314451  INFO: [nlsr.ConfParameter] Max Faces Per Prefix: 3
1605732654.314454  INFO: [nlsr.ConfParameter] State Directory: /tmp/minindn/c2/log
1605732654.314456  INFO: [nlsr.ConfParameter] Adjacency LSA build interval:  10
1605732654.314458  INFO: [nlsr.ConfParameter] Routing calculation interval:  15
1605732654.314460 DEBUG: [nlsr.ConfParameter] Initializing Key ...
1605732654.314669  WARN: [nlsr.ConfParameter] Identity /ndn/c2-site/%C1.Router/cs/c2/nlsr does not exist
1605732654.328498 ERROR: [nlsr.ConfParameter] Router's Identity /ndn/c2-site/%C1.Router/cs/c2 does not exist, NLSR is running without security. If security is enabled in the configuration, NLSR will not converge.
1605732654.328549 DEBUG: [nlsr.SyncProtocolAdapter] Using PSync
1605732654.330017 DEBUG: [nlsr.SequencingManager] Seq File Name: /tmp/minindn/c2/log/nlsrSeqNo.txt
1605732654.330055 DEBUG: [nlsr.SequencingManager] Adj LSA seq no: 0
1605732654.330058 DEBUG: [nlsr.SequencingManager] Name LSA Seq no: 0
1605732654.330083 DEBUG: [nlsr.update.PrefixUpdateProcessor] Setting dispatcher to capture Interests for: /localhost/nlsr/prefix-update
1605732654.330121 DEBUG: [nlsr.Nlsr] Initializing Nlsr
1605732654.330635 DEBUG: [nlsr.Nlsr] Default NLSR identity: /ndn/c2-site/%C1.Router/cs/c2/nlsr
1605732654.330662 DEBUG: [nlsr.Nlsr] Setting interest filter for Hello interest: /ndn/c2-site/%C1.Router/cs/c2/nlsr/INFO
1605732654.331064 DEBUG: [nlsr.Nlsr] Setting interest filter for LsaPrefix: /localhop/ndn/nlsr/LSA
1605732654.331236 DEBUG: [nlsr.Nlsr] Enabling incoming face id indication for local face.
1605732654.331542 DEBUG: [nlsr.AdjacencyList] -------Adjacency List--------
1605732654.331554 DEBUG: [nlsr.AdjacencyList] Adjacent: /ndn/p2-site/%C1.Router/cs/p2
		Connecting FaceUri: udp4://10.0.0.6:6363
		Link cost: 10
		Status: 0
		Interest Timed Out: 0
1605732654.331570 DEBUG: [nlsr.Nlsr] Name prefix list: {
/ndn/c2-site/c2
Sources:
  
}
1605732654.331578 DEBUG: [nlsr.SequencingManager] Adj LSA seq no: 0
1605732654.331580 DEBUG: [nlsr.SequencingManager] Name LSA Seq no: 1
1605732654.331676 DEBUG: [nlsr.Lsdb] Adding NAME LSA
1605732654.331687 DEBUG: [nlsr.Lsdb]     NAME LSA:
      Origin Router      : /ndn/c2-site/%C1.Router/cs/c2
      Sequence Number    : 1
      Expires in         : 3599999 milliseconds
      Names:
        Name 0: /ndn/c2-site/c2
1605732654.336678 DEBUG: [nlsr.Nlsr] Successfully registered prefix: /ndn/c2-site/%C1.Router/cs/c2/nlsr/INFO
1605732654.337770 DEBUG: [nlsr.SyncLogicHandler] Update Name: /localhop/ndn/nlsr/LSA/c1-site/%C1.Router/cs/c1/ADJACENCY Seq no: 1
1605732654.337791 DEBUG: [nlsr.SyncLogicHandler] Origin Router of update: /ndn/c1-site/%C1.Router/cs/c1
1605732654.337797 DEBUG: [nlsr.SyncLogicHandler] Received sync update with higher ADJACENCY sequence number than entry in LSDB
1605732654.337809 DEBUG: [nlsr.Lsdb] Fetching Data for LSA: /localhop/ndn/nlsr/LSA/c1-site/%C1.Router/cs/c1/ADJACENCY/%01 Seq number: 1
1605732654.338231 DEBUG: [nlsr.SyncLogicHandler] Update Name: /localhop/ndn/nlsr/LSA/p2-site/%C1.Router/cs/p2/NAME Seq no: 1
1605732654.338274 DEBUG: [nlsr.SyncLogicHandler] Origin Router of update: /ndn/p2-site/%C1.Router/cs/p2
1605732654.338280 DEBUG: [nlsr.SyncLogicHandler] Received sync update with higher NAME sequence number than entry in LSDB
1605732654.338291 DEBUG: [nlsr.Lsdb] Fetching Data for LSA: /localhop/ndn/nlsr/LSA/p2-site/%C1.Router/cs/p2/NAME/%01 Seq number: 1
1605732654.338616 DEBUG: [nlsr.SyncLogicHandler] Update Name: /localhop/ndn/nlsr/LSA/c1-site/%C1.Router/cs/c1/NAME Seq no: 1
1605732654.338642 DEBUG: [nlsr.SyncLogicHandler] Origin Router of update: /ndn/c1-site/%C1.Router/cs/c1
1605732654.338647 DEBUG: [nlsr.SyncLogicHandler] Received sync update with higher NAME sequence number than entry in LSDB
1605732654.338658 DEBUG: [nlsr.Lsdb] Fetching Data for LSA: /localhop/ndn/nlsr/LSA/c1-site/%C1.Router/cs/c1/NAME/%01 Seq number: 1
1605732654.338675 DEBUG: [nlsr.SyncLogicHandler] Update Name: /localhop/ndn/nlsr/LSA/p1-site/%C1.Router/cs/p1/NAME Seq no: 1
1605732654.338681 DEBUG: [nlsr.SyncLogicHandler] Origin Router of update: /ndn/p1-site/%C1.Router/cs/p1
1605732654.338684 DEBUG: [nlsr.SyncLogicHandler] Received sync update with higher NAME sequence number than entry in LSDB
1605732654.338692 DEBUG: [nlsr.Lsdb] Fetching Data for LSA: /localhop/ndn/nlsr/LSA/p1-site/%C1.Router/cs/p1/NAME/%01 Seq number: 1
1605732654.339012 DEBUG: [nlsr.SyncLogicHandler] Update Name: /localhop/ndn/nlsr/LSA/c2-site/%C1.Router/cs/c2/ADJACENCY Seq no: 1
1605732654.339037 DEBUG: [nlsr.SyncLogicHandler] Origin Router of update: /ndn/c2-site/%C1.Router/cs/c2
1605732654.339041 DEBUG: [nlsr.SyncLogicHandler] Update Name: /localhop/ndn/nlsr/LSA/p1-site/%C1.Router/cs/p1/ADJACENCY Seq no: 1
1605732654.339045 DEBUG: [nlsr.SyncLogicHandler] Origin Router of update: /ndn/p1-site/%C1.Router/cs/p1
1605732654.339051 DEBUG: [nlsr.SyncLogicHandler] Received sync update with higher ADJACENCY sequence number than entry in LSDB
1605732654.339062 DEBUG: [nlsr.Lsdb] Fetching Data for LSA: /localhop/ndn/nlsr/LSA/p1-site/%C1.Router/cs/p1/ADJACENCY/%01 Seq number: 1
1605732654.339081 DEBUG: [nlsr.SyncLogicHandler] Update Name: /localhop/ndn/nlsr/LSA/p2-site/%C1.Router/cs/p2/ADJACENCY Seq no: 1
1605732654.339087 DEBUG: [nlsr.SyncLogicHandler] Origin Router of update: /ndn/p2-site/%C1.Router/cs/p2
1605732654.339091 DEBUG: [nlsr.SyncLogicHandler] Received sync update with higher ADJACENCY sequence number than entry in LSDB
1605732654.339099 DEBUG: [nlsr.Lsdb] Fetching Data for LSA: /localhop/ndn/nlsr/LSA/p2-site/%C1.Router/cs/p2/ADJACENCY/%01 Seq number: 1
1605732654.339475 DEBUG: [nlsr.route.Fib] Successfully set strategy choice: /localhost/nfd/strategy/multicast/%FD%03 for name: /localhop/ndn/nlsr/LSA
1605732654.339527 DEBUG: [nlsr.route.Fib] Successfully set strategy choice: /localhost/nfd/strategy/multicast/%FD%03 for name: /localhop/ndn/nlsr/sync/%FD%08
1605732654.339548 DEBUG: [nlsr.Nlsr] Successfully enabled incoming face id indicationfor face id 265
1605732654.339656 DEBUG: [nlsr.Nlsr] Processing face dataset
1605732654.339680 DEBUG: [nlsr.Nlsr] FaceUri: udp4://10.0.0.6:6363 FaceId: 261
1605732654.339685 DEBUG: [nlsr.route.Fib] Registering prefix: /ndn/p2-site/%C1.Router/cs/p2 faceUri: udp4://10.0.0.6:6363
1605732654.339791 DEBUG: [nlsr.route.Fib] Registering prefix: /localhop/ndn/nlsr/LSA faceUri: udp4://10.0.0.6:6363
1605732654.339874 DEBUG: [nlsr.Nlsr] Scheduling Dataset Fetch in 3600 seconds
1605732654.340214 DEBUG: [nlsr.Nlsr] Successfully registered prefix: /localhop/ndn/nlsr/LSA
1605732654.342324 DEBUG: [nlsr.Nlsr] Successfully registered prefix: /localhost/nlsr
1605732654.344260 DEBUG: [nlsr.Nlsr] Successfully registered prefix: /ndn/c2-site/%C1.Router/cs/c2/nlsr
1605732654.344968 DEBUG: [nlsr.CertificateStore] KEY prefix: /ndn/c2-site/%C1.Router/cs/c2/nlsr/KEY registration is successful.
1605732654.347248 DEBUG: [nlsr.CertificateStore] KEY prefix: /ndn/c2-site/%C1.Router/cs/c2/KEY registration is successful.
1605732654.347427 DEBUG: [nlsr.CertificateStore] KEY prefix: /ndn/c2-site/%C1.Operator registration is successful.
1605732654.347935 DEBUG: [nlsr.Lsdb] Received data for LSA interest: /localhop/ndn/nlsr/LSA/c1-site/%C1.Router/cs/c1/ADJACENCY/%01
1605732654.348156 DEBUG: [nlsr.Lsdb] Adding ADJACENCY LSA
1605732654.348166 DEBUG: [nlsr.Lsdb]     ADJACENCY LSA:
      Origin Router      : /ndn/c1-site/%C1.Router/cs/c1
      Sequence Number    : 1
      Expires in         : 3245651 milliseconds
      Adjacent(s):
        Adjacent 0: (name=/ndn/p1-site/%C1.Router/cs/p1, uri=udp4://10.0.0.2:6363, cost=10)
1605732654.348197 DEBUG: [nlsr.route.NamePrefixTable] Adding origin: /ndn/c1-site/%C1.Router/cs/c1 to a new name prefix: /ndn/c1-site/%C1.Router/cs/c1
1605732654.348203 DEBUG: [nlsr.route.Fib] Fib::remove called
1605732654.348207 DEBUG: [nlsr.route.RoutingTable] Scheduling routing table calculation in 15 seconds
1605732654.348271 DEBUG: [nlsr.Lsdb] Received data for LSA interest: /localhop/ndn/nlsr/LSA/p2-site/%C1.Router/cs/p2/NAME/%01
1605732654.348358 DEBUG: [nlsr.Lsdb] Adding NAME LSA
1605732654.348369 DEBUG: [nlsr.Lsdb]     NAME LSA:
      Origin Router      : /ndn/p2-site/%C1.Router/cs/p2
      Sequence Number    : 1
      Expires in         : 3235651 milliseconds
      Names:
        Name 0: /ndn/p2-site/p2
1605732654.348383 DEBUG: [nlsr.route.NamePrefixTable] Adding origin: /ndn/p2-site/%C1.Router/cs/p2 to a new name prefix: /ndn/p2-site/%C1.Router/cs/p2
1605732654.348387 DEBUG: [nlsr.route.Fib] Fib::remove called
1605732654.348390 DEBUG: [nlsr.route.NamePrefixTable] Adding origin: /ndn/p2-site/%C1.Router/cs/p2 to a new name prefix: /ndn/p2-site/p2
1605732654.348393 DEBUG: [nlsr.route.Fib] Fib::remove called
1605732654.348442 DEBUG: [nlsr.Lsdb] Received data for LSA interest: /localhop/ndn/nlsr/LSA/c1-site/%C1.Router/cs/c1/NAME/%01
1605732654.348549 DEBUG: [nlsr.Lsdb] Adding NAME LSA
1605732654.348557 DEBUG: [nlsr.Lsdb]     NAME LSA:
      Origin Router      : /ndn/c1-site/%C1.Router/cs/c1
      Sequence Number    : 1
      Expires in         : 3230651 milliseconds
      Names:
        Name 0: /ndn/c1-site/c1
1605732654.348568 DEBUG: [nlsr.route.Fib] Fib::remove called
1605732654.348571 DEBUG: [nlsr.route.NamePrefixTable] Adding origin: /ndn/c1-site/%C1.Router/cs/c1 to a new name prefix: /ndn/c1-site/c1
1605732654.348575 DEBUG: [nlsr.route.Fib] Fib::remove called
1605732654.348623 DEBUG: [nlsr.Lsdb] Received data for LSA interest: /localhop/ndn/nlsr/LSA/p1-site/%C1.Router/cs/p1/NAME/%01
1605732654.348704 DEBUG: [nlsr.Lsdb] Adding NAME LSA
1605732654.348713 DEBUG: [nlsr.Lsdb]     NAME LSA:
      Origin Router      : /ndn/p1-site/%C1.Router/cs/p1
      Sequence Number    : 1
      Expires in         : 3233651 milliseconds
      Names:
        Name 0: /ndn/p1-site/p1
1605732654.348726 DEBUG: [nlsr.route.NamePrefixTable] Adding origin: /ndn/p1-site/%C1.Router/cs/p1 to a new name prefix: /ndn/p1-site/%C1.Router/cs/p1
1605732654.348730 DEBUG: [nlsr.route.Fib] Fib::remove called
1605732654.348733 DEBUG: [nlsr.route.NamePrefixTable] Adding origin: /ndn/p1-site/%C1.Router/cs/p1 to a new name prefix: /ndn/p1-site/p1
1605732654.348736 DEBUG: [nlsr.route.Fib] Fib::remove called
1605732654.348810 DEBUG: [nlsr.Lsdb] Received data for LSA interest: /localhop/ndn/nlsr/LSA/p1-site/%C1.Router/cs/p1/ADJACENCY/%01
1605732654.348935 DEBUG: [nlsr.Lsdb] Adding ADJACENCY LSA
1605732654.348943 DEBUG: [nlsr.Lsdb]     ADJACENCY LSA:
      Origin Router      : /ndn/p1-site/%C1.Router/cs/p1
      Sequence Number    : 1
      Expires in         : 3245651 milliseconds
      Adjacent(s):
        Adjacent 0: (name=/ndn/c1-site/%C1.Router/cs/c1, uri=udp4://10.0.0.1:6363, cost=10)
        Adjacent 1: (name=/ndn/p2-site/%C1.Router/cs/p2, uri=udp4://10.0.0.10:6363, cost=10)
1605732654.348959 DEBUG: [nlsr.route.Fib] Fib::remove called
1605732654.349000 DEBUG: [nlsr.Lsdb] Received data for LSA interest: /localhop/ndn/nlsr/LSA/p2-site/%C1.Router/cs/p2/ADJACENCY/%01
1605732654.349108 DEBUG: [nlsr.Lsdb] Adding ADJACENCY LSA
1605732654.349116 DEBUG: [nlsr.Lsdb]     ADJACENCY LSA:
      Origin Router      : /ndn/p2-site/%C1.Router/cs/p2
      Sequence Number    : 1
      Expires in         : 3246650 milliseconds
      Adjacent(s):
        Adjacent 0: (name=/ndn/p1-site/%C1.Router/cs/p1, uri=udp4://10.0.0.9:6363, cost=10)
        Adjacent 1: (name=/ndn/c2-site/%C1.Router/cs/c2, uri=udp4://10.0.0.5:6363, cost=10)
1605732654.349142 DEBUG: [nlsr.route.Fib] Fib::remove called
1605732654.349185 DEBUG: [nlsr.CertificateStore] KEY prefix: /ndn/c2-site/KEY registration is successful.
1605732654.349214 DEBUG: [nlsr.route.Fib] Successfully set strategy choice: /localhost/nfd/strategy/best-route/%FD%05 for name: /ndn/c1-site/%C1.Router/cs/c1/KEY
1605732654.349251 DEBUG: [nlsr.route.Fib] Successful in name registration: /ndn/p2-site/%C1.Router/cs/p2 Face Uri: udp4://10.0.0.6:6363 faceId: 261
1605732654.349273 DEBUG: [nlsr.HelloProtocol] Expressing Interest: /ndn/p2-site/%C1.Router/cs/p2/nlsr/INFO/%07%20%08%03ndn%08%07c2-site%08%08%C1.Router%08%02cs%08%02c2
1605732654.349281 DEBUG: [nlsr.HelloProtocol] Sending HELLO interest: /ndn/p2-site/%C1.Router/cs/p2/nlsr/INFO/%07%20%08%03ndn%08%07c2-site%08%08%C1.Router%08%02cs%08%02c2
1605732654.349347 DEBUG: [nlsr.route.Fib] Successfully set strategy choice: /localhost/nfd/strategy/best-route/%FD%05 for name: /ndn/c1-site/%C1.Router/cs/c1/nlsr/KEY
1605732654.349745 DEBUG: [nlsr.route.Fib] Successfully set strategy choice: /localhost/nfd/strategy/best-route/%FD%05 for name: /ndn/c1-site/KEY
1605732654.349791 DEBUG: [nlsr.route.Fib] Successfully set strategy choice: /localhost/nfd/strategy/best-route/%FD%05 for name: /ndn/c1-site/%C1.Operator
1605732654.350238 DEBUG: [nlsr.route.Fib] Successfully set strategy choice: /localhost/nfd/strategy/best-route/%FD%05 for name: /ndn/p2-site/%C1.Router/cs/p2/KEY
1605732654.350294 DEBUG: [nlsr.route.Fib] Successfully set strategy choice: /localhost/nfd/strategy/best-route/%FD%05 for name: /ndn/p2-site/%C1.Router/cs/p2/nlsr/KEY
1605732654.350519 DEBUG: [nlsr.route.Fib] Successfully set strategy choice: /localhost/nfd/strategy/best-route/%FD%05 for name: /ndn/p2-site/KEY
1605732654.350563 DEBUG: [nlsr.route.Fib] Successfully set strategy choice: /localhost/nfd/strategy/best-route/%FD%05 for name: /ndn/p2-site/%C1.Operator
1605732654.350963 DEBUG: [nlsr.route.Fib] Successfully set strategy choice: /localhost/nfd/strategy/best-route/%FD%05 for name: /ndn/p1-site/%C1.Router/cs/p1/KEY
1605732654.351019 DEBUG: [nlsr.route.Fib] Successfully set strategy choice: /localhost/nfd/strategy/best-route/%FD%05 for name: /ndn/p1-site/%C1.Router/cs/p1/nlsr/KEY
1605732654.351243 DEBUG: [nlsr.route.Fib] Successfully set strategy choice: /localhost/nfd/strategy/best-route/%FD%05 for name: /ndn/p1-site/KEY
1605732654.351287 DEBUG: [nlsr.route.Fib] Successfully set strategy choice: /localhost/nfd/strategy/best-route/%FD%05 for name: /ndn/p1-site/%C1.Operator
1605732654.351695 DEBUG: [nlsr.route.Fib] Successful in name registration: /localhop/ndn/nlsr/LSA Face Uri: udp4://10.0.0.6:6363 faceId: 261
1605732654.351742 DEBUG: [nlsr.HelloProtocol] Received data for INFO(name): /ndn/p2-site/%C1.Router/cs/p2/nlsr/INFO/%07%20%08%03ndn%08%07c2-site%08%08%C1.Router%08%02cs%08%02c2/%FD%00%00%01u%DD%1F%C1%EF
1605732654.351755 DEBUG: [nlsr.HelloProtocol] Data signed with: /ndn/p2-site/%C1.Router/cs/p2/nlsr/KEY/%7C%15%15%C7%E7w%C2%9E
1605732654.351761 DEBUG: [nlsr.HelloProtocol] Data validation successful for INFO(name): /ndn/p2-site/%C1.Router/cs/p2/nlsr/INFO/%07%20%08%03ndn%08%07c2-site%08%08%C1.Router%08%02cs%08%02c2/%FD%00%00%01u%DD%1F%C1%EF
1605732654.351770 DEBUG: [nlsr.HelloProtocol] Neighbor : /ndn/p2-site/%C1.Router/cs/p2
1605732654.351772 DEBUG: [nlsr.HelloProtocol] Old Status: 0 New Status: 1
1605732654.351777 DEBUG: [nlsr.Lsdb] Scheduling Adjacency LSA build in 10 seconds
1605732654.351786 DEBUG: [nlsr.route.Fib] Registering prefix: /localhop/ndn/nlsr/sync/%FD%08 faceUri: udp4://10.0.0.6:6363
1605732654.352887 DEBUG: [nlsr.route.Fib] Successful in name registration: /localhop/ndn/nlsr/sync/%FD%08 Face Uri: udp4://10.0.0.6:6363 faceId: 261
1605732664.360405 DEBUG: [nlsr.Lsdb] Building and installing own Adj LSA
1605732664.360452 DEBUG: [nlsr.SequencingManager] Adj LSA seq no: 1
1605732664.360458 DEBUG: [nlsr.SequencingManager] Name LSA Seq no: 1
1605732664.360757 DEBUG: [nlsr.Lsdb] Adding ADJACENCY LSA
1605732664.360776 DEBUG: [nlsr.Lsdb]     ADJACENCY LSA:
      Origin Router      : /ndn/c2-site/%C1.Router/cs/c2
      Sequence Number    : 1
      Expires in         : 3599999 milliseconds
      Adjacent(s):
        Adjacent 0: (name=/ndn/p2-site/%C1.Router/cs/p2, uri=udp4://10.0.0.6:6363, cost=10)
1605732669.350236 DEBUG: [nlsr.Lsdb] ---------------NAME LSDB-------------------
1605732669.350279 DEBUG: [nlsr.Lsdb]     NAME LSA:
      Origin Router      : /ndn/p1-site/%C1.Router/cs/p1
      Sequence Number    : 1
      Expires in         : 3218649 milliseconds
      Names:
        Name 0: /ndn/p1-site/p1
1605732669.350313 DEBUG: [nlsr.Lsdb]     NAME LSA:
      Origin Router      : /ndn/c1-site/%C1.Router/cs/c1
      Sequence Number    : 1
      Expires in         : 3215649 milliseconds
      Names:
        Name 0: /ndn/c1-site/c1
1605732669.350326 DEBUG: [nlsr.Lsdb]     NAME LSA:
      Origin Router      : /ndn/p2-site/%C1.Router/cs/p2
      Sequence Number    : 1
      Expires in         : 3220649 milliseconds
      Names:
        Name 0: /ndn/p2-site/p2
1605732669.350336 DEBUG: [nlsr.Lsdb]     NAME LSA:
      Origin Router      : /ndn/c2-site/%C1.Router/cs/c2
      Sequence Number    : 1
      Expires in         : 3584981 milliseconds
      Names:
        Name 0: /ndn/c2-site/c2
1605732669.350347 DEBUG: [nlsr.Lsdb] ---------------ADJACENCY LSDB-------------------
1605732669.350351 DEBUG: [nlsr.Lsdb]     ADJACENCY LSA:
      Origin Router      : /ndn/c2-site/%C1.Router/cs/c2
      Sequence Number    : 1
      Expires in         : 3595010 milliseconds
      Adjacent(s):
        Adjacent 0: (name=/ndn/p2-site/%C1.Router/cs/p2, uri=udp4://10.0.0.6:6363, cost=10)
1605732669.350372 DEBUG: [nlsr.Lsdb]     ADJACENCY LSA:
      Origin Router      : /ndn/p2-site/%C1.Router/cs/p2
      Sequence Number    : 1
      Expires in         : 3231649 milliseconds
      Adjacent(s):
        Adjacent 0: (name=/ndn/p1-site/%C1.Router/cs/p1, uri=udp4://10.0.0.9:6363, cost=10)
        Adjacent 1: (name=/ndn/c2-site/%C1.Router/cs/c2, uri=udp4://10.0.0.5:6363, cost=10)
1605732669.350388 DEBUG: [nlsr.Lsdb]     ADJACENCY LSA:
      Origin Router      : /ndn/p1-site/%C1.Router/cs/p1
      Sequence Number    : 1
      Expires in         : 3230649 milliseconds
      Adjacent(s):
        Adjacent 0: (name=/ndn/c1-site/%C1.Router/cs/c1, uri=udp4://10.0.0.1:6363, cost=10)
        Adjacent 1: (name=/ndn/p2-site/%C1.Router/cs/p2, uri=udp4://10.0.0.10:6363, cost=10)
1605732669.350402 DEBUG: [nlsr.Lsdb]     ADJACENCY LSA:
      Origin Router      : /ndn/c1-site/%C1.Router/cs/c1
      Sequence Number    : 1
      Expires in         : 3230649 milliseconds
      Adjacent(s):
        Adjacent 0: (name=/ndn/p1-site/%C1.Router/cs/p1, uri=udp4://10.0.0.2:6363, cost=10)
1605732669.350416 DEBUG: [nlsr.route.NamePrefixTable] ----------------NPT----------------------
Name: /ndn/c1-site/%C1.Router/cs/c1
  Destination: /ndn/c1-site/%C1.Router/cs/c1
    
Name: /ndn/p2-site/%C1.Router/cs/p2
  Destination: /ndn/p2-site/%C1.Router/cs/p2
    
Name: /ndn/p2-site/p2
  Destination: /ndn/p2-site/%C1.Router/cs/p2
    
Name: /ndn/c1-site/c1
  Destination: /ndn/c1-site/%C1.Router/cs/c1
    
Name: /ndn/p1-site/%C1.Router/cs/p1
  Destination: /ndn/p1-site/%C1.Router/cs/p1
    
Name: /ndn/p1-site/p1
  Destination: /ndn/p1-site/%C1.Router/cs/p1
    
1605732669.350442 DEBUG: [nlsr.route.RoutingTable] Calculating routing table
1605732669.350470 DEBUG: [nlsr.route.Map] ---------------Map----------------------
1605732669.350473 DEBUG: [nlsr.route.Map] MapEntry: ( Router: /ndn/c2-site/%C1.Router/cs/c2 Mapping No: 0 )
1605732669.350478 DEBUG: [nlsr.route.Map] MapEntry: ( Router: /ndn/p2-site/%C1.Router/cs/p2 Mapping No: 1 )
1605732669.350482 DEBUG: [nlsr.route.Map] MapEntry: ( Router: /ndn/p1-site/%C1.Router/cs/p1 Mapping No: 2 )
1605732669.350485 DEBUG: [nlsr.route.Map] MapEntry: ( Router: /ndn/c1-site/%C1.Router/cs/c1 Mapping No: 3 )
1605732669.350492 DEBUG: [nlsr.route.RoutingTableCalculator] LinkStateRoutingTableCalculator::calculatePath Called
1605732669.350506 DEBUG: [nlsr.route.RoutingTableCalculator] -----------Legend (routerName -> index)------
1605732669.350512 DEBUG: [nlsr.route.RoutingTableCalculator] Router:/ndn/c2-site/%C1.Router/cs/c2 Index:0
1605732669.350518 DEBUG: [nlsr.route.RoutingTableCalculator] Router:/ndn/p2-site/%C1.Router/cs/p2 Index:1
1605732669.350523 DEBUG: [nlsr.route.RoutingTableCalculator] Router:/ndn/p1-site/%C1.Router/cs/p1 Index:2
1605732669.350528 DEBUG: [nlsr.route.RoutingTableCalculator] Router:/ndn/c1-site/%C1.Router/cs/c1 Index:3
1605732669.350532 DEBUG: [nlsr.route.RoutingTableCalculator]  |0 1 2 3 
1605732669.350534 DEBUG: [nlsr.route.RoutingTableCalculator] ----------
1605732669.350539 DEBUG: [nlsr.route.RoutingTableCalculator] 0|0 10 0 0 
1605732669.350543 DEBUG: [nlsr.route.RoutingTableCalculator] 1|10 0 10 0 
1605732669.350548 DEBUG: [nlsr.route.RoutingTableCalculator] 2|0 10 0 10 
1605732669.350551 DEBUG: [nlsr.route.RoutingTableCalculator] 3|0 0 10 0 
1605732669.350554 DEBUG: [nlsr.route.RoutingTableCalculator] -----------Legend (routerName -> index)------
1605732669.350559 DEBUG: [nlsr.route.RoutingTableCalculator] Router:/ndn/c2-site/%C1.Router/cs/c2 Index:0
1605732669.350566 DEBUG: [nlsr.route.RoutingTableCalculator] Router:/ndn/p2-site/%C1.Router/cs/p2 Index:1
1605732669.350570 DEBUG: [nlsr.route.RoutingTableCalculator] Router:/ndn/p1-site/%C1.Router/cs/p1 Index:2
1605732669.350575 DEBUG: [nlsr.route.RoutingTableCalculator] Router:/ndn/c1-site/%C1.Router/cs/c1 Index:3
1605732669.350579 DEBUG: [nlsr.route.RoutingTableCalculator]  |0 1 2 3 
1605732669.350581 DEBUG: [nlsr.route.RoutingTableCalculator] ----------
1605732669.350584 DEBUG: [nlsr.route.RoutingTableCalculator] 0|0 10 0 0 
1605732669.350588 DEBUG: [nlsr.route.RoutingTableCalculator] 1|10 0 10 0 
1605732669.350592 DEBUG: [nlsr.route.RoutingTableCalculator] 2|0 10 0 10 
1605732669.350595 DEBUG: [nlsr.route.RoutingTableCalculator] 3|0 0 10 0 
1605732669.350598 DEBUG: [nlsr.route.RoutingTableCalculator] LinkStateRoutingTableCalculator::addAllNextHopsToRoutingTable Called
1605732669.350605 DEBUG: [nlsr.route.RoutingTable] Adding NextHop(Uri: udp4://10.0.0.6:6363, Cost: 10) for destination: /ndn/p2-site/%C1.Router/cs/p2
1605732669.350621 DEBUG: [nlsr.route.RoutingTable] Adding NextHop(Uri: udp4://10.0.0.6:6363, Cost: 20) for destination: /ndn/p1-site/%C1.Router/cs/p1
1605732669.350631 DEBUG: [nlsr.route.RoutingTable] Adding NextHop(Uri: udp4://10.0.0.6:6363, Cost: 30) for destination: /ndn/c1-site/%C1.Router/cs/c1
1605732669.350651 DEBUG: [nlsr.route.RoutingTable] Calling Update NPT With new Route
1605732669.350655 DEBUG: [nlsr.route.NamePrefixTable] Updating table with newly calculated routes
1605732669.350658 DEBUG: [nlsr.route.NamePrefixTable] Routing entry: /ndn/p1-site/%C1.Router/cs/p1 has changed next-hops.
1605732669.350666 DEBUG: [nlsr.route.Fib] Fib::update called
1605732669.350669 DEBUG: [nlsr.route.Fib] New FIB Entry
1605732669.350692 DEBUG: [nlsr.route.Fib] Registering prefix: /ndn/p1-site/p1 faceUri: udp4://10.0.0.6:6363
1605732669.350877 DEBUG: [nlsr.route.Fib] Scheduling refresh for /ndn/p1-site/p1 Seq Num: 1 in 3600 seconds
1605732669.350952 DEBUG: [nlsr.route.Fib] Fib::update called
1605732669.350956 DEBUG: [nlsr.route.Fib] New FIB Entry
1605732669.350966 DEBUG: [nlsr.route.Fib] Registering prefix: /ndn/p1-site/%C1.Router/cs/p1 faceUri: udp4://10.0.0.6:6363
1605732669.351076 DEBUG: [nlsr.route.Fib] Scheduling refresh for /ndn/p1-site/%C1.Router/cs/p1 Seq Num: 1 in 3600 seconds
1605732669.351095 DEBUG: [nlsr.route.NamePrefixTable] Routing entry: /ndn/p2-site/%C1.Router/cs/p2 has changed next-hops.
1605732669.351102 DEBUG: [nlsr.route.Fib] Fib::update called
1605732669.351104 DEBUG: [nlsr.route.Fib] New FIB Entry
1605732669.351113 DEBUG: [nlsr.route.Fib] Registering prefix: /ndn/p2-site/p2 faceUri: udp4://10.0.0.6:6363
1605732669.351214 DEBUG: [nlsr.route.Fib] Scheduling refresh for /ndn/p2-site/p2 Seq Num: 1 in 3600 seconds
1605732669.351232 DEBUG: [nlsr.route.Fib] Fib::update called
1605732669.351235 DEBUG: [nlsr.route.Fib] New FIB Entry
1605732669.351241 DEBUG: [nlsr.route.NamePrefixTable] Routing entry: /ndn/c1-site/%C1.Router/cs/c1 has changed next-hops.
1605732669.351246 DEBUG: [nlsr.route.Fib] Fib::update called
1605732669.351249 DEBUG: [nlsr.route.Fib] New FIB Entry
1605732669.351258 DEBUG: [nlsr.route.Fib] Registering prefix: /ndn/c1-site/c1 faceUri: udp4://10.0.0.6:6363
1605732669.351366 DEBUG: [nlsr.route.Fib] Scheduling refresh for /ndn/c1-site/c1 Seq Num: 1 in 3600 seconds
1605732669.351383 DEBUG: [nlsr.route.Fib] Fib::update called
1605732669.351387 DEBUG: [nlsr.route.Fib] New FIB Entry
1605732669.351396 DEBUG: [nlsr.route.Fib] Registering prefix: /ndn/c1-site/%C1.Router/cs/c1 faceUri: udp4://10.0.0.6:6363
1605732669.351491 DEBUG: [nlsr.route.Fib] Scheduling refresh for /ndn/c1-site/%C1.Router/cs/c1 Seq Num: 1 in 3600 seconds
1605732669.351508 DEBUG: [nlsr.route.RoutingTable] Routing Table:
  Destination: /ndn/p2-site/%C1.Router/cs/p2
    NextHop(Uri: udp4://10.0.0.6:6363, Cost: 10)
  Destination: /ndn/p1-site/%C1.Router/cs/p1
    NextHop(Uri: udp4://10.0.0.6:6363, Cost: 20)
  Destination: /ndn/c1-site/%C1.Router/cs/c1
    NextHop(Uri: udp4://10.0.0.6:6363, Cost: 30)
1605732669.351519 DEBUG: [nlsr.route.NamePrefixTable] ----------------NPT----------------------
Name: /ndn/c1-site/%C1.Router/cs/c1
  Destination: /ndn/c1-site/%C1.Router/cs/c1
    NextHop(Uri: udp4://10.0.0.6:6363, Cost: 30)
Name: /ndn/p2-site/%C1.Router/cs/p2
  Destination: /ndn/p2-site/%C1.Router/cs/p2
    NextHop(Uri: udp4://10.0.0.6:6363, Cost: 10)
Name: /ndn/p2-site/p2
  Destination: /ndn/p2-site/%C1.Router/cs/p2
    NextHop(Uri: udp4://10.0.0.6:6363, Cost: 10)
Name: /ndn/c1-site/c1
  Destination: /ndn/c1-site/%C1.Router/cs/c1
    NextHop(Uri: udp4://10.0.0.6:6363, Cost: 30)
Name: /ndn/p1-site/%C1.Router/cs/p1
  Destination: /ndn/p1-site/%C1.Router/cs/p1
    NextHop(Uri: udp4://10.0.0.6:6363, Cost: 20)
Name: /ndn/p1-site/p1
  Destination: /ndn/p1-site/%C1.Router/cs/p1
    NextHop(Uri: udp4://10.0.0.6:6363, Cost: 20)
1605732669.351537 DEBUG: [nlsr.route.Fib] -------------------FIB-----------------------------
1605732669.351539 DEBUG: [nlsr.route.Fib] Name Prefix: /ndn/c1-site/c1
1605732669.351541 DEBUG: [nlsr.route.Fib] Seq No: 1
1605732669.351544 DEBUG: [nlsr.route.Fib]     NextHop(Uri: udp4://10.0.0.6:6363, Cost: 30)
1605732669.351547 DEBUG: [nlsr.route.Fib] Name Prefix: /ndn/c1-site/%C1.Router/cs/c1
1605732669.351550 DEBUG: [nlsr.route.Fib] Seq No: 1
1605732669.351552 DEBUG: [nlsr.route.Fib]     NextHop(Uri: udp4://10.0.0.6:6363, Cost: 30)
1605732669.351554 DEBUG: [nlsr.route.Fib] Name Prefix: /ndn/p1-site/p1
1605732669.351557 DEBUG: [nlsr.route.Fib] Seq No: 1
1605732669.351559 DEBUG: [nlsr.route.Fib]     NextHop(Uri: udp4://10.0.0.6:6363, Cost: 20)
1605732669.351561 DEBUG: [nlsr.route.Fib] Name Prefix: /ndn/p1-site/%C1.Router/cs/p1
1605732669.351564 DEBUG: [nlsr.route.Fib] Seq No: 1
1605732669.351566 DEBUG: [nlsr.route.Fib]     NextHop(Uri: udp4://10.0.0.6:6363, Cost: 20)
1605732669.351568 DEBUG: [nlsr.route.Fib] Name Prefix: /ndn/p2-site/p2
1605732669.351570 DEBUG: [nlsr.route.Fib] Seq No: 1
1605732669.351572 DEBUG: [nlsr.route.Fib]     NextHop(Uri: udp4://10.0.0.6:6363, Cost: 10)
1605732669.351574 DEBUG: [nlsr.route.Fib] Name Prefix: /ndn/p2-site/%C1.Router/cs/p2
1605732669.351581 DEBUG: [nlsr.route.Fib] Seq No: 1
1605732669.351582 DEBUG: [nlsr.route.Fib]     NextHop(Uri: udp4://10.0.0.6:6363, Cost: 10)
1605732669.353360 DEBUG: [nlsr.route.Fib] Successful in name registration: /ndn/p1-site/p1 Face Uri: udp4://10.0.0.6:6363 faceId: 261
1605732669.353854 DEBUG: [nlsr.route.Fib] Successful in name registration: /ndn/p1-site/%C1.Router/cs/p1 Face Uri: udp4://10.0.0.6:6363 faceId: 261
1605732669.354441 DEBUG: [nlsr.route.Fib] Successful in name registration: /ndn/p2-site/p2 Face Uri: udp4://10.0.0.6:6363 faceId: 261
1605732669.354853 DEBUG: [nlsr.route.Fib] Successful in name registration: /ndn/c1-site/c1 Face Uri: udp4://10.0.0.6:6363 faceId: 261
1605732669.355182 DEBUG: [nlsr.route.Fib] Successful in name registration: /ndn/c1-site/%C1.Router/cs/c1 Face Uri: udp4://10.0.0.6:6363 faceId: 261
1605732714.349393 DEBUG: [nlsr.HelloProtocol] Expressing Interest: /ndn/p2-site/%C1.Router/cs/p2/nlsr/INFO/%07%20%08%03ndn%08%07c2-site%08%08%C1.Router%08%02cs%08%02c2
1605732714.349434 DEBUG: [nlsr.HelloProtocol] Sending HELLO interest: /ndn/p2-site/%C1.Router/cs/p2/nlsr/INFO/%07%20%08%03ndn%08%07c2-site%08%08%C1.Router%08%02cs%08%02c2
1605732714.350096 DEBUG: [nlsr.HelloProtocol] Received data for INFO(name): /ndn/p2-site/%C1.Router/cs/p2/nlsr/INFO/%07%20%08%03ndn%08%07c2-site%08%08%C1.Router%08%02cs%08%02c2/%FD%00%00%01u%DD%20%ACk
1605732714.350162 DEBUG: [nlsr.HelloProtocol] Data signed with: /ndn/p2-site/%C1.Router/cs/p2/nlsr/KEY/%7C%15%15%C7%E7w%C2%9E
1605732714.350177 DEBUG: [nlsr.HelloProtocol] Data validation successful for INFO(name): /ndn/p2-site/%C1.Router/cs/p2/nlsr/INFO/%07%20%08%03ndn%08%07c2-site%08%08%C1.Router%08%02cs%08%02c2/%FD%00%00%01u%DD%20%ACk
1605732714.350187 DEBUG: [nlsr.HelloProtocol] Neighbor : /ndn/p2-site/%C1.Router/cs/p2
1605732714.350190 DEBUG: [nlsr.HelloProtocol] Old Status: 1 New Status: 1
1605732714.350200 DEBUG: [nlsr.route.Fib] Registering prefix: /localhop/ndn/nlsr/sync/%FD%08 faceUri: udp4://10.0.0.6:6363
1605732714.351603 DEBUG: [nlsr.route.Fib] Successful in name registration: /localhop/ndn/nlsr/sync/%FD%08 Face Uri: udp4://10.0.0.6:6363 faceId: 261
1605732758.523931 DEBUG: [nlsr.SyncLogicHandler] Update Name: /localhop/ndn/nlsr/LSA/p1-site/%C1.Router/cs/p1/NAME Seq no: 2
1605732758.523953 DEBUG: [nlsr.SyncLogicHandler] Origin Router of update: /ndn/p1-site/%C1.Router/cs/p1
1605732758.523961 DEBUG: [nlsr.SyncLogicHandler] Received sync update with higher NAME sequence number than entry in LSDB
1605732758.523976 DEBUG: [nlsr.Lsdb] Fetching Data for LSA: /localhop/ndn/nlsr/LSA/p1-site/%C1.Router/cs/p1/NAME/%02 Seq number: 2
1605732758.524505 DEBUG: [nlsr.Lsdb] Interest received for LSA: /localhop/ndn/nlsr/LSA/p1-site/%C1.Router/cs/p1/NAME/%02
1605732758.548075 DEBUG: [nlsr.SyncLogicHandler] Update Name: /localhop/ndn/nlsr/LSA/p1-site/%C1.Router/cs/p1/NAME Seq no: 3
1605732758.548108 DEBUG: [nlsr.SyncLogicHandler] Origin Router of update: /ndn/p1-site/%C1.Router/cs/p1
1605732758.548118 DEBUG: [nlsr.SyncLogicHandler] Received sync update with higher NAME sequence number than entry in LSDB
1605732758.548136 DEBUG: [nlsr.Lsdb] Fetching Data for LSA: /localhop/ndn/nlsr/LSA/p1-site/%C1.Router/cs/p1/NAME/%03 Seq number: 3
1605732758.548772 DEBUG: [nlsr.Lsdb] Interest received for LSA: /localhop/ndn/nlsr/LSA/p1-site/%C1.Router/cs/p1/NAME/%03
1605732758.574047 DEBUG: [nlsr.Lsdb] Received data for LSA interest: /localhop/ndn/nlsr/LSA/p1-site/%C1.Router/cs/p1/NAME/%03
1605732758.574215 DEBUG: [nlsr.Lsdb] Updating NAME LSA:
1605732758.574227 DEBUG: [nlsr.Lsdb]     NAME LSA:
      Origin Router      : /ndn/p1-site/%C1.Router/cs/p1
      Sequence Number    : 1
      Expires in         : 3129425 milliseconds
      Names:
        Name 0: /ndn/p1-site/p1
1605732758.574251 DEBUG: [nlsr.route.NamePrefixTable] Adding origin: /ndn/p1-site/%C1.Router/cs/p1 to a new name prefix: /ndnsd/p1/service-info
1605732758.574259 DEBUG: [nlsr.route.Fib] Fib::update called
1605732758.574264 DEBUG: [nlsr.route.Fib] New FIB Entry
1605732758.574291 DEBUG: [nlsr.route.Fib] Registering prefix: /ndnsd/p1/service-info faceUri: udp4://10.0.0.6:6363
1605732758.574446 DEBUG: [nlsr.route.Fib] Scheduling refresh for /ndnsd/p1/service-info Seq Num: 1 in 3600 seconds
1605732758.574467 DEBUG: [nlsr.route.NamePrefixTable] Adding origin: /ndn/p1-site/%C1.Router/cs/p1 to a new name prefix: /discovery/printer
1605732758.574473 DEBUG: [nlsr.route.Fib] Fib::update called
1605732758.574476 DEBUG: [nlsr.route.Fib] New FIB Entry
1605732758.574485 DEBUG: [nlsr.route.Fib] Registering prefix: /discovery/printer faceUri: udp4://10.0.0.6:6363
1605732758.574582 DEBUG: [nlsr.route.Fib] Scheduling refresh for /discovery/printer Seq Num: 1 in 3600 seconds
1605732758.574603 DEBUG: [nlsr.Lsdb] Updated NAME LSA:
1605732758.574606 DEBUG: [nlsr.Lsdb]     NAME LSA:
      Origin Router      : /ndn/p1-site/%C1.Router/cs/p1
      Sequence Number    : 3
      Expires in         : 3599425 milliseconds
      Names:
        Name 0: /ndn/p1-site/p1
        Name 1: /ndnsd/p1/service-info
        Name 2: /discovery/printer
1605732758.575736 DEBUG: [nlsr.route.Fib] Successful in name registration: /ndnsd/p1/service-info Face Uri: udp4://10.0.0.6:6363 faceId: 261
1605732758.576479 DEBUG: [nlsr.route.Fib] Successful in name registration: /discovery/printer Face Uri: udp4://10.0.0.6:6363 faceId: 261
1605732759.525225 DEBUG: [nlsr.Lsdb] Interest received for LSA: /localhop/ndn/nlsr/LSA/p1-site/%C1.Router/cs/p1/NAME/%02
1605732761.525148 DEBUG: [nlsr.Lsdb] Interest received for LSA: /localhop/ndn/nlsr/LSA/p1-site/%C1.Router/cs/p1/NAME/%02
1605732765.525116 DEBUG: [nlsr.Lsdb] Interest received for LSA: /localhop/ndn/nlsr/LSA/p1-site/%C1.Router/cs/p1/NAME/%02
1605732765.576978 DEBUG: [nlsr.SyncLogicHandler] Update Name: /localhop/ndn/nlsr/LSA/p2-site/%C1.Router/cs/p2/NAME Seq no: 2
1605732765.576995 DEBUG: [nlsr.SyncLogicHandler] Origin Router of update: /ndn/p2-site/%C1.Router/cs/p2
1605732765.577001 DEBUG: [nlsr.SyncLogicHandler] Received sync update with higher NAME sequence number than entry in LSDB
1605732765.577015 DEBUG: [nlsr.Lsdb] Fetching Data for LSA: /localhop/ndn/nlsr/LSA/p2-site/%C1.Router/cs/p2/NAME/%02 Seq number: 2
1605732765.577533 DEBUG: [nlsr.Lsdb] Interest received for LSA: /localhop/ndn/nlsr/LSA/p2-site/%C1.Router/cs/p2/NAME/%02
1605732765.599804 DEBUG: [nlsr.SyncLogicHandler] Update Name: /localhop/ndn/nlsr/LSA/p2-site/%C1.Router/cs/p2/NAME Seq no: 3
1605732765.599834 DEBUG: [nlsr.SyncLogicHandler] Origin Router of update: /ndn/p2-site/%C1.Router/cs/p2
1605732765.599842 DEBUG: [nlsr.SyncLogicHandler] Received sync update with higher NAME sequence number than entry in LSDB
1605732765.599856 DEBUG: [nlsr.Lsdb] Fetching Data for LSA: /localhop/ndn/nlsr/LSA/p2-site/%C1.Router/cs/p2/NAME/%03 Seq number: 3
1605732765.600083 DEBUG: [nlsr.Lsdb] Interest received for LSA: /localhop/ndn/nlsr/LSA/p2-site/%C1.Router/cs/p2/NAME/%03
1605732765.625500 DEBUG: [nlsr.Lsdb] Received data for LSA interest: /localhop/ndn/nlsr/LSA/p2-site/%C1.Router/cs/p2/NAME/%03
1605732765.625938 DEBUG: [nlsr.Lsdb] Updating NAME LSA:
1605732765.625946 DEBUG: [nlsr.Lsdb]     NAME LSA:
      Origin Router      : /ndn/p2-site/%C1.Router/cs/p2
      Sequence Number    : 1
      Expires in         : 3124374 milliseconds
      Names:
        Name 0: /ndn/p2-site/p2
1605732765.625973 DEBUG: [nlsr.route.NamePrefixTable] Adding origin: /ndn/p2-site/%C1.Router/cs/p2 to a new name prefix: /ndnsd/p2/service-info
1605732765.625982 DEBUG: [nlsr.route.Fib] Fib::update called
1605732765.625988 DEBUG: [nlsr.route.Fib] New FIB Entry
1605732765.626012 DEBUG: [nlsr.route.Fib] Registering prefix: /ndnsd/p2/service-info faceUri: udp4://10.0.0.6:6363
1605732765.626148 DEBUG: [nlsr.route.Fib] Scheduling refresh for /ndnsd/p2/service-info Seq Num: 1 in 3600 seconds
1605732765.626164 DEBUG: [nlsr.route.Fib] Fib::update called
1605732765.626167 DEBUG: [nlsr.route.Fib] Existing FIB Entry
1605732765.626178 DEBUG: [nlsr.route.Fib] Registering prefix: /discovery/printer faceUri: udp4://10.0.0.6:6363
1605732765.626332 DEBUG: [nlsr.Lsdb] Updated NAME LSA:
1605732765.626339 DEBUG: [nlsr.Lsdb]     NAME LSA:
      Origin Router      : /ndn/p2-site/%C1.Router/cs/p2
      Sequence Number    : 3
      Expires in         : 3599373 milliseconds
      Names:
        Name 0: /ndn/p2-site/p2
        Name 1: /ndnsd/p2/service-info
        Name 2: /discovery/printer
1605732765.630392 DEBUG: [nlsr.route.Fib] Successful in name registration: /ndnsd/p2/service-info Face Uri: udp4://10.0.0.6:6363 faceId: 261
1605732765.630468 DEBUG: [nlsr.route.Fib] Successful in name registration: /discovery/printer Face Uri: udp4://10.0.0.6:6363 faceId: 261
1605732766.577143 DEBUG: [nlsr.Lsdb] Interest received for LSA: /localhop/ndn/nlsr/LSA/p2-site/%C1.Router/cs/p2/NAME/%02
1605732768.622656 DEBUG: [nlsr.Lsdb] Interest received for LSA: /localhop/ndn/nlsr/LSA/p2-site/%C1.Router/cs/p2/NAME/%02
1605732772.623837 DEBUG: [nlsr.Lsdb] Interest received for LSA: /localhop/ndn/nlsr/LSA/p2-site/%C1.Router/cs/p2/NAME/%02
1605732773.527055 DEBUG: [nlsr.Lsdb] Interest received for LSA: /localhop/ndn/nlsr/LSA/p1-site/%C1.Router/cs/p1/NAME/%02
1605732774.430128 DEBUG: [nlsr.HelloProtocol] Expressing Interest: /ndn/p2-site/%C1.Router/cs/p2/nlsr/INFO/%07%20%08%03ndn%08%07c2-site%08%08%C1.Router%08%02cs%08%02c2
1605732774.430187 DEBUG: [nlsr.HelloProtocol] Sending HELLO interest: /ndn/p2-site/%C1.Router/cs/p2/nlsr/INFO/%07%20%08%03ndn%08%07c2-site%08%08%C1.Router%08%02cs%08%02c2
1605732774.431115 DEBUG: [nlsr.HelloProtocol] Received data for INFO(name): /ndn/p2-site/%C1.Router/cs/p2/nlsr/INFO/%07%20%08%03ndn%08%07c2-site%08%08%C1.Router%08%02cs%08%02c2/%FD%00%00%01u%DD%21%96%D5
1605732774.431170 DEBUG: [nlsr.HelloProtocol] Data signed with: /ndn/p2-site/%C1.Router/cs/p2/nlsr/KEY/%7C%15%15%C7%E7w%C2%9E
1605732774.431186 DEBUG: [nlsr.HelloProtocol] Data validation successful for INFO(name): /ndn/p2-site/%C1.Router/cs/p2/nlsr/INFO/%07%20%08%03ndn%08%07c2-site%08%08%C1.Router%08%02cs%08%02c2/%FD%00%00%01u%DD%21%96%D5
1605732774.431198 DEBUG: [nlsr.HelloProtocol] Neighbor : /ndn/p2-site/%C1.Router/cs/p2
1605732774.431230 DEBUG: [nlsr.HelloProtocol] Old Status: 1 New Status: 1
1605732774.431239 DEBUG: [nlsr.route.Fib] Registering prefix: /localhop/ndn/nlsr/sync/%FD%08 faceUri: udp4://10.0.0.6:6363
1605732774.433792 DEBUG: [nlsr.route.Fib] Successful in name registration: /localhop/ndn/nlsr/sync/%FD%08 Face Uri: udp4://10.0.0.6:6363 faceId: 261
1605732780.624077 DEBUG: [nlsr.Lsdb] Interest received for LSA: /localhop/ndn/nlsr/LSA/p2-site/%C1.Router/cs/p2/NAME/%02
1605732789.528155 DEBUG: [nlsr.Lsdb] Interest received for LSA: /localhop/ndn/nlsr/LSA/p1-site/%C1.Router/cs/p1/NAME/%02
1605732796.624605 DEBUG: [nlsr.Lsdb] Interest received for LSA: /localhop/ndn/nlsr/LSA/p2-site/%C1.Router/cs/p2/NAME/%02
1605732821.527843 DEBUG: [nlsr.Lsdb] Failed to fetch LSA: /localhop/ndn/nlsr/LSA/p1-site/%C1.Router/cs/p1/NAME, Error code: 1, Message: Timeout exceeded
1605732828.625116 DEBUG: [nlsr.Lsdb] Failed to fetch LSA: /localhop/ndn/nlsr/LSA/p2-site/%C1.Router/cs/p2/NAME, Error code: 1, Message: Timeout exceeded
1605732834.430345 DEBUG: [nlsr.HelloProtocol] Expressing Interest: /ndn/p2-site/%C1.Router/cs/p2/nlsr/INFO/%07%20%08%03ndn%08%07c2-site%08%08%C1.Router%08%02cs%08%02c2
1605732834.430444 DEBUG: [nlsr.HelloProtocol] Sending HELLO interest: /ndn/p2-site/%C1.Router/cs/p2/nlsr/INFO/%07%20%08%03ndn%08%07c2-site%08%08%C1.Router%08%02cs%08%02c2
1605732834.431024 DEBUG: [nlsr.HelloProtocol] Received data for INFO(name): /ndn/p2-site/%C1.Router/cs/p2/nlsr/INFO/%07%20%08%03ndn%08%07c2-site%08%08%C1.Router%08%02cs%08%02c2/%FD%00%00%01u%DD%22%81F
1605732834.431064 DEBUG: [nlsr.HelloProtocol] Data signed with: /ndn/p2-site/%C1.Router/cs/p2/nlsr/KEY/%7C%15%15%C7%E7w%C2%9E
1605732834.431088 DEBUG: [nlsr.HelloProtocol] Data validation successful for INFO(name): /ndn/p2-site/%C1.Router/cs/p2/nlsr/INFO/%07%20%08%03ndn%08%07c2-site%08%08%C1.Router%08%02cs%08%02c2/%FD%00%00%01u%DD%22%81F
1605732834.431112 DEBUG: [nlsr.HelloProtocol] Neighbor : /ndn/p2-site/%C1.Router/cs/p2
1605732834.431126 DEBUG: [nlsr.HelloProtocol] Old Status: 1 New Status: 1
1605732834.431143 DEBUG: [nlsr.route.Fib] Registering prefix: /localhop/ndn/nlsr/sync/%FD%08 faceUri: udp4://10.0.0.6:6363
1605732834.432459 DEBUG: [nlsr.route.Fib] Successful in name registration: /localhop/ndn/nlsr/sync/%FD%08 Face Uri: udp4://10.0.0.6:6363 faceId: 261
1605732894.431416 DEBUG: [nlsr.HelloProtocol] Expressing Interest: /ndn/p2-site/%C1.Router/cs/p2/nlsr/INFO/%07%20%08%03ndn%08%07c2-site%08%08%C1.Router%08%02cs%08%02c2
1605732894.431475 DEBUG: [nlsr.HelloProtocol] Sending HELLO interest: /ndn/p2-site/%C1.Router/cs/p2/nlsr/INFO/%07%20%08%03ndn%08%07c2-site%08%08%C1.Router%08%02cs%08%02c2
1605732894.432015 DEBUG: [nlsr.HelloProtocol] Received data for INFO(name): /ndn/p2-site/%C1.Router/cs/p2/nlsr/INFO/%07%20%08%03ndn%08%07c2-site%08%08%C1.Router%08%02cs%08%02c2/%FD%00%00%01u%DD%23k%BB
1605732894.432043 DEBUG: [nlsr.HelloProtocol] Data signed with: /ndn/p2-site/%C1.Router/cs/p2/nlsr/KEY/%7C%15%15%C7%E7w%C2%9E
1605732894.432058 DEBUG: [nlsr.HelloProtocol] Data validation successful for INFO(name): /ndn/p2-site/%C1.Router/cs/p2/nlsr/INFO/%07%20%08%03ndn%08%07c2-site%08%08%C1.Router%08%02cs%08%02c2/%FD%00%00%01u%DD%23k%BB
1605732894.432070 DEBUG: [nlsr.HelloProtocol] Neighbor : /ndn/p2-site/%C1.Router/cs/p2
1605732894.432075 DEBUG: [nlsr.HelloProtocol] Old Status: 1 New Status: 1
1605732894.432085 DEBUG: [nlsr.route.Fib] Registering prefix: /localhop/ndn/nlsr/sync/%FD%08 faceUri: udp4://10.0.0.6:6363
1605732894.433567 DEBUG: [nlsr.route.Fib] Successful in name registration: /localhop/ndn/nlsr/sync/%FD%08 Face Uri: udp4://10.0.0.6:6363 faceId: 261
1605732954.530310 DEBUG: [nlsr.HelloProtocol] Expressing Interest: /ndn/p2-site/%C1.Router/cs/p2/nlsr/INFO/%07%20%08%03ndn%08%07c2-site%08%08%C1.Router%08%02cs%08%02c2
1605732954.530392 DEBUG: [nlsr.HelloProtocol] Sending HELLO interest: /ndn/p2-site/%C1.Router/cs/p2/nlsr/INFO/%07%20%08%03ndn%08%07c2-site%08%08%C1.Router%08%02cs%08%02c2
1605732954.530959 DEBUG: [nlsr.HelloProtocol] Received data for INFO(name): /ndn/p2-site/%C1.Router/cs/p2/nlsr/INFO/%07%20%08%03ndn%08%07c2-site%08%08%C1.Router%08%02cs%08%02c2/%FD%00%00%01u%DD%24V%1F
1605732954.530980 DEBUG: [nlsr.HelloProtocol] Data signed with: /ndn/p2-site/%C1.Router/cs/p2/nlsr/KEY/%7C%15%15%C7%E7w%C2%9E
1605732954.530991 DEBUG: [nlsr.HelloProtocol] Data validation successful for INFO(name): /ndn/p2-site/%C1.Router/cs/p2/nlsr/INFO/%07%20%08%03ndn%08%07c2-site%08%08%C1.Router%08%02cs%08%02c2/%FD%00%00%01u%DD%24V%1F
1605732954.531000 DEBUG: [nlsr.HelloProtocol] Neighbor : /ndn/p2-site/%C1.Router/cs/p2
1605732954.531004 DEBUG: [nlsr.HelloProtocol] Old Status: 1 New Status: 1
1605732954.531010 DEBUG: [nlsr.route.Fib] Registering prefix: /localhop/ndn/nlsr/sync/%FD%08 faceUri: udp4://10.0.0.6:6363
1605732954.531906 DEBUG: [nlsr.route.Fib] Successful in name registration: /localhop/ndn/nlsr/sync/%FD%08 Face Uri: udp4://10.0.0.6:6363 faceId: 261
1605733014.533914 DEBUG: [nlsr.HelloProtocol] Expressing Interest: /ndn/p2-site/%C1.Router/cs/p2/nlsr/INFO/%07%20%08%03ndn%08%07c2-site%08%08%C1.Router%08%02cs%08%02c2
1605733014.533965 DEBUG: [nlsr.HelloProtocol] Sending HELLO interest: /ndn/p2-site/%C1.Router/cs/p2/nlsr/INFO/%07%20%08%03ndn%08%07c2-site%08%08%C1.Router%08%02cs%08%02c2
1605733014.534573 DEBUG: [nlsr.HelloProtocol] Received data for INFO(name): /ndn/p2-site/%C1.Router/cs/p2/nlsr/INFO/%07%20%08%03ndn%08%07c2-site%08%08%C1.Router%08%02cs%08%02c2/%FD%00%00%01u%DD%25%40%C0
1605733014.534596 DEBUG: [nlsr.HelloProtocol] Data signed with: /ndn/p2-site/%C1.Router/cs/p2/nlsr/KEY/%7C%15%15%C7%E7w%C2%9E
1605733014.534609 DEBUG: [nlsr.HelloProtocol] Data validation successful for INFO(name): /ndn/p2-site/%C1.Router/cs/p2/nlsr/INFO/%07%20%08%03ndn%08%07c2-site%08%08%C1.Router%08%02cs%08%02c2/%FD%00%00%01u%DD%25%40%C0
1605733014.534618 DEBUG: [nlsr.HelloProtocol] Neighbor : /ndn/p2-site/%C1.Router/cs/p2
1605733014.534621 DEBUG: [nlsr.HelloProtocol] Old Status: 1 New Status: 1
1605733014.534627 DEBUG: [nlsr.route.Fib] Registering prefix: /localhop/ndn/nlsr/sync/%FD%08 faceUri: udp4://10.0.0.6:6363
1605733014.535819 DEBUG: [nlsr.route.Fib] Successful in name registration: /localhop/ndn/nlsr/sync/%FD%08 Face Uri: udp4://10.0.0.6:6363 faceId: 261
1605733074.578715 DEBUG: [nlsr.HelloProtocol] Expressing Interest: /ndn/p2-site/%C1.Router/cs/p2/nlsr/INFO/%07%20%08%03ndn%08%07c2-site%08%08%C1.Router%08%02cs%08%02c2
1605733074.578764 DEBUG: [nlsr.HelloProtocol] Sending HELLO interest: /ndn/p2-site/%C1.Router/cs/p2/nlsr/INFO/%07%20%08%03ndn%08%07c2-site%08%08%C1.Router%08%02cs%08%02c2
1605733074.579436 DEBUG: [nlsr.HelloProtocol] Received data for INFO(name): /ndn/p2-site/%C1.Router/cs/p2/nlsr/INFO/%07%20%08%03ndn%08%07c2-site%08%08%C1.Router%08%02cs%08%02c2/%FD%00%00%01u%DD%26%2Bp
1605733074.579467 DEBUG: [nlsr.HelloProtocol] Data signed with: /ndn/p2-site/%C1.Router/cs/p2/nlsr/KEY/%7C%15%15%C7%E7w%C2%9E
1605733074.579482 DEBUG: [nlsr.HelloProtocol] Data validation successful for INFO(name): /ndn/p2-site/%C1.Router/cs/p2/nlsr/INFO/%07%20%08%03ndn%08%07c2-site%08%08%C1.Router%08%02cs%08%02c2/%FD%00%00%01u%DD%26%2Bp
1605733074.579494 DEBUG: [nlsr.HelloProtocol] Neighbor : /ndn/p2-site/%C1.Router/cs/p2
1605733074.579499 DEBUG: [nlsr.HelloProtocol] Old Status: 1 New Status: 1
1605733074.579508 DEBUG: [nlsr.route.Fib] Registering prefix: /localhop/ndn/nlsr/sync/%FD%08 faceUri: udp4://10.0.0.6:6363
1605733074.581127 DEBUG: [nlsr.route.Fib] Successful in name registration: /localhop/ndn/nlsr/sync/%FD%08 Face Uri: udp4://10.0.0.6:6363 faceId: 261
1605733134.579575 DEBUG: [nlsr.HelloProtocol] Expressing Interest: /ndn/p2-site/%C1.Router/cs/p2/nlsr/INFO/%07%20%08%03ndn%08%07c2-site%08%08%C1.Router%08%02cs%08%02c2
1605733134.579699 DEBUG: [nlsr.HelloProtocol] Sending HELLO interest: /ndn/p2-site/%C1.Router/cs/p2/nlsr/INFO/%07%20%08%03ndn%08%07c2-site%08%08%C1.Router%08%02cs%08%02c2
1605733134.580923 DEBUG: [nlsr.HelloProtocol] Received data for INFO(name): /ndn/p2-site/%C1.Router/cs/p2/nlsr/INFO/%07%20%08%03ndn%08%07c2-site%08%08%C1.Router%08%02cs%08%02c2/%FD%00%00%01u%DD%27%15%AD
1605733134.580990 DEBUG: [nlsr.HelloProtocol] Data signed with: /ndn/p2-site/%C1.Router/cs/p2/nlsr/KEY/%7C%15%15%C7%E7w%C2%9E
1605733134.581043 DEBUG: [nlsr.HelloProtocol] Data validation successful for INFO(name): /ndn/p2-site/%C1.Router/cs/p2/nlsr/INFO/%07%20%08%03ndn%08%07c2-site%08%08%C1.Router%08%02cs%08%02c2/%FD%00%00%01u%DD%27%15%AD
1605733134.581062 DEBUG: [nlsr.HelloProtocol] Neighbor : /ndn/p2-site/%C1.Router/cs/p2
1605733134.581067 DEBUG: [nlsr.HelloProtocol] Old Status: 1 New Status: 1
1605733134.581118 DEBUG: [nlsr.route.Fib] Registering prefix: /localhop/ndn/nlsr/sync/%FD%08 faceUri: udp4://10.0.0.6:6363
1605733134.584045 DEBUG: [nlsr.route.Fib] Successful in name registration: /localhop/ndn/nlsr/sync/%FD%08 Face Uri: udp4://10.0.0.6:6363 faceId: 261
1605733194.581890 DEBUG: [nlsr.HelloProtocol] Expressing Interest: /ndn/p2-site/%C1.Router/cs/p2/nlsr/INFO/%07%20%08%03ndn%08%07c2-site%08%08%C1.Router%08%02cs%08%02c2
1605733194.582168 DEBUG: [nlsr.HelloProtocol] Sending HELLO interest: /ndn/p2-site/%C1.Router/cs/p2/nlsr/INFO/%07%20%08%03ndn%08%07c2-site%08%08%C1.Router%08%02cs%08%02c2
1605733194.583265 DEBUG: [nlsr.HelloProtocol] Received data for INFO(name): /ndn/p2-site/%C1.Router/cs/p2/nlsr/INFO/%07%20%08%03ndn%08%07c2-site%08%08%C1.Router%08%02cs%08%02c2/%FD%00%00%01u%DD%28%00%26
1605733194.583389 DEBUG: [nlsr.HelloProtocol] Data signed with: /ndn/p2-site/%C1.Router/cs/p2/nlsr/KEY/%7C%15%15%C7%E7w%C2%9E
1605733194.583484 DEBUG: [nlsr.HelloProtocol] Data validation successful for INFO(name): /ndn/p2-site/%C1.Router/cs/p2/nlsr/INFO/%07%20%08%03ndn%08%07c2-site%08%08%C1.Router%08%02cs%08%02c2/%FD%00%00%01u%DD%28%00%26
1605733194.583551 DEBUG: [nlsr.HelloProtocol] Neighbor : /ndn/p2-site/%C1.Router/cs/p2
1605733194.583604 DEBUG: [nlsr.HelloProtocol] Old Status: 1 New Status: 1
1605733194.583633 DEBUG: [nlsr.route.Fib] Registering prefix: /localhop/ndn/nlsr/sync/%FD%08 faceUri: udp4://10.0.0.6:6363
1605733194.585719 DEBUG: [nlsr.route.Fib] Successful in name registration: /localhop/ndn/nlsr/sync/%FD%08 Face Uri: udp4://10.0.0.6:6363 faceId: 261
1605733254.584692 DEBUG: [nlsr.HelloProtocol] Expressing Interest: /ndn/p2-site/%C1.Router/cs/p2/nlsr/INFO/%07%20%08%03ndn%08%07c2-site%08%08%C1.Router%08%02cs%08%02c2
1605733254.584752 DEBUG: [nlsr.HelloProtocol] Sending HELLO interest: /ndn/p2-site/%C1.Router/cs/p2/nlsr/INFO/%07%20%08%03ndn%08%07c2-site%08%08%C1.Router%08%02cs%08%02c2
1605733254.585516 DEBUG: [nlsr.HelloProtocol] Received data for INFO(name): /ndn/p2-site/%C1.Router/cs/p2/nlsr/INFO/%07%20%08%03ndn%08%07c2-site%08%08%C1.Router%08%02cs%08%02c2/%FD%00%00%01u%DD%28%EA%D0
1605733254.585559 DEBUG: [nlsr.HelloProtocol] Data signed with: /ndn/p2-site/%C1.Router/cs/p2/nlsr/KEY/%7C%15%15%C7%E7w%C2%9E
1605733254.585574 DEBUG: [nlsr.HelloProtocol] Data validation successful for INFO(name): /ndn/p2-site/%C1.Router/cs/p2/nlsr/INFO/%07%20%08%03ndn%08%07c2-site%08%08%C1.Router%08%02cs%08%02c2/%FD%00%00%01u%DD%28%EA%D0
1605733254.585645 DEBUG: [nlsr.HelloProtocol] Neighbor : /ndn/p2-site/%C1.Router/cs/p2
1605733254.585655 DEBUG: [nlsr.HelloProtocol] Old Status: 1 New Status: 1
1605733254.585666 DEBUG: [nlsr.route.Fib] Registering prefix: /localhop/ndn/nlsr/sync/%FD%08 faceUri: udp4://10.0.0.6:6363
1605733254.587497 DEBUG: [nlsr.route.Fib] Successful in name registration: /localhop/ndn/nlsr/sync/%FD%08 Face Uri: udp4://10.0.0.6:6363 faceId: 261
