1605894468.996208  INFO: [ndnsd.Tools.Reload] Sending reload interest: /ndnsd/p2/service-info/reload/1605894468996137862%20nanoseconds%20since%20Jan%201%2C%201970?MustBeFresh
1605894468.999574  INFO: [ndnsd.Tools.Reload] Update SuccessfulName: /ndnsd/p2/service-info/reload/1605894468996137862%20nanoseconds%20since%20Jan%201%2C%201970
MetaInfo: [ContentType: 0, FreshnessPeriod: 1000 milliseconds]
Content: [17 bytes]
Signature: [type: SignatureSha256WithEcdsa, length: 71]
1605894468.999603 DEBUG: [ndnsd.Tools.Reload] Tentative next interest schedule in : 78 milliseconds
1605894469.078016  INFO: [ndnsd.Tools.Reload] Sending reload interest: /ndnsd/p2/service-info/reload/1605894469077957627%20nanoseconds%20since%20Jan%201%2C%201970?MustBeFresh
1605894469.080873  INFO: [ndnsd.Tools.Reload] Update SuccessfulName: /ndnsd/p2/service-info/reload/1605894469077957627%20nanoseconds%20since%20Jan%201%2C%201970
MetaInfo: [ContentType: 0, FreshnessPeriod: 1000 milliseconds]
Content: [17 bytes]
Signature: [type: SignatureSha256WithEcdsa, length: 72]
1605894469.080912 DEBUG: [ndnsd.Tools.Reload] Tentative next interest schedule in : 86 milliseconds
1605894469.167495  INFO: [ndnsd.Tools.Reload] Sending reload interest: /ndnsd/p2/service-info/reload/1605894469167455239%20nanoseconds%20since%20Jan%201%2C%201970?MustBeFresh
1605894469.169695  INFO: [ndnsd.Tools.Reload] Update SuccessfulName: /ndnsd/p2/service-info/reload/1605894469167455239%20nanoseconds%20since%20Jan%201%2C%201970
MetaInfo: [ContentType: 0, FreshnessPeriod: 1000 milliseconds]
Content: [17 bytes]
Signature: [type: SignatureSha256WithEcdsa, length: 71]
1605894469.169727 DEBUG: [ndnsd.Tools.Reload] Tentative next interest schedule in : 44 milliseconds
1605894469.226445  INFO: [ndnsd.Tools.Reload] Sending reload interest: /ndnsd/p2/service-info/reload/1605894469226350917%20nanoseconds%20since%20Jan%201%2C%201970?MustBeFresh
1605894469.229188  INFO: [ndnsd.Tools.Reload] Update SuccessfulName: /ndnsd/p2/service-info/reload/1605894469226350917%20nanoseconds%20since%20Jan%201%2C%201970
MetaInfo: [ContentType: 0, FreshnessPeriod: 1000 milliseconds]
Content: [17 bytes]
Signature: [type: SignatureSha256WithEcdsa, length: 71]
1605894469.229223 DEBUG: [ndnsd.Tools.Reload] Tentative next interest schedule in : 62 milliseconds
1605894469.291481  INFO: [ndnsd.Tools.Reload] Sending reload interest: /ndnsd/p2/service-info/reload/1605894469291428467%20nanoseconds%20since%20Jan%201%2C%201970?MustBeFresh
1605894469.294058  INFO: [ndnsd.Tools.Reload] Update SuccessfulName: /ndnsd/p2/service-info/reload/1605894469291428467%20nanoseconds%20since%20Jan%201%2C%201970
MetaInfo: [ContentType: 0, FreshnessPeriod: 1000 milliseconds]
Content: [17 bytes]
Signature: [type: SignatureSha256WithEcdsa, length: 70]
1605894469.294128 DEBUG: [ndnsd.Tools.Reload] Tentative next interest schedule in : 47 milliseconds
1605894469.341988  INFO: [ndnsd.Tools.Reload] Sending reload interest: /ndnsd/p2/service-info/reload/1605894469341947731%20nanoseconds%20since%20Jan%201%2C%201970?MustBeFresh
1605894469.344965  INFO: [ndnsd.Tools.Reload] Update SuccessfulName: /ndnsd/p2/service-info/reload/1605894469341947731%20nanoseconds%20since%20Jan%201%2C%201970
MetaInfo: [ContentType: 0, FreshnessPeriod: 1000 milliseconds]
Content: [17 bytes]
Signature: [type: SignatureSha256WithEcdsa, length: 72]
1605894469.344991 DEBUG: [ndnsd.Tools.Reload] Tentative next interest schedule in : 90 milliseconds
1605894469.435965  INFO: [ndnsd.Tools.Reload] Sending reload interest: /ndnsd/p2/service-info/reload/1605894469435882743%20nanoseconds%20since%20Jan%201%2C%201970?MustBeFresh
1605894469.439010  INFO: [ndnsd.Tools.Reload] Update SuccessfulName: /ndnsd/p2/service-info/reload/1605894469435882743%20nanoseconds%20since%20Jan%201%2C%201970
MetaInfo: [ContentType: 0, FreshnessPeriod: 1000 milliseconds]
Content: [17 bytes]
Signature: [type: SignatureSha256WithEcdsa, length: 71]
1605894469.439039 DEBUG: [ndnsd.Tools.Reload] Tentative next interest schedule in : 87 milliseconds
1605894469.527698  INFO: [ndnsd.Tools.Reload] Sending reload interest: /ndnsd/p2/service-info/reload/1605894469527662127%20nanoseconds%20since%20Jan%201%2C%201970?MustBeFresh
1605894469.529837  INFO: [ndnsd.Tools.Reload] Update SuccessfulName: /ndnsd/p2/service-info/reload/1605894469527662127%20nanoseconds%20since%20Jan%201%2C%201970
MetaInfo: [ContentType: 0, FreshnessPeriod: 1000 milliseconds]
Content: [17 bytes]
Signature: [type: SignatureSha256WithEcdsa, length: 71]
1605894469.529859 DEBUG: [ndnsd.Tools.Reload] Tentative next interest schedule in : 68 milliseconds
1605894469.599592  INFO: [ndnsd.Tools.Reload] Sending reload interest: /ndnsd/p2/service-info/reload/1605894469599556125%20nanoseconds%20since%20Jan%201%2C%201970?MustBeFresh
1605894469.602689  INFO: [ndnsd.Tools.Reload] Update SuccessfulName: /ndnsd/p2/service-info/reload/1605894469599556125%20nanoseconds%20since%20Jan%201%2C%201970
MetaInfo: [ContentType: 0, FreshnessPeriod: 1000 milliseconds]
Content: [17 bytes]
Signature: [type: SignatureSha256WithEcdsa, length: 71]
1605894469.602723 DEBUG: [ndnsd.Tools.Reload] Tentative next interest schedule in : 44 milliseconds
1605894469.646909  INFO: [ndnsd.Tools.Reload] Sending reload interest: /ndnsd/p2/service-info/reload/1605894469646874129%20nanoseconds%20since%20Jan%201%2C%201970?MustBeFresh
1605894469.649078  INFO: [ndnsd.Tools.Reload] Update SuccessfulName: /ndnsd/p2/service-info/reload/1605894469646874129%20nanoseconds%20since%20Jan%201%2C%201970
MetaInfo: [ContentType: 0, FreshnessPeriod: 1000 milliseconds]
Content: [17 bytes]
Signature: [type: SignatureSha256WithEcdsa, length: 71]
1605894469.649103 DEBUG: [ndnsd.Tools.Reload] Tentative next interest schedule in : 47 milliseconds
1605894469.696336  INFO: [ndnsd.Tools.Reload] Sending reload interest: /ndnsd/p2/service-info/reload/1605894469696299006%20nanoseconds%20since%20Jan%201%2C%201970?MustBeFresh
1605894469.699224  INFO: [ndnsd.Tools.Reload] Update SuccessfulName: /ndnsd/p2/service-info/reload/1605894469696299006%20nanoseconds%20since%20Jan%201%2C%201970
MetaInfo: [ContentType: 0, FreshnessPeriod: 1000 milliseconds]
Content: [17 bytes]
Signature: [type: SignatureSha256WithEcdsa, length: 71]
1605894469.699254 DEBUG: [ndnsd.Tools.Reload] Tentative next interest schedule in : 83 milliseconds
1605894469.783415  INFO: [ndnsd.Tools.Reload] Sending reload interest: /ndnsd/p2/service-info/reload/1605894469783264805%20nanoseconds%20since%20Jan%201%2C%201970?MustBeFresh
1605894469.787926  INFO: [ndnsd.Tools.Reload] Update SuccessfulName: /ndnsd/p2/service-info/reload/1605894469783264805%20nanoseconds%20since%20Jan%201%2C%201970
MetaInfo: [ContentType: 0, FreshnessPeriod: 1000 milliseconds]
Content: [17 bytes]
Signature: [type: SignatureSha256WithEcdsa, length: 71]
1605894469.787968 DEBUG: [ndnsd.Tools.Reload] Tentative next interest schedule in : 47 milliseconds
1605894469.845019  INFO: [ndnsd.Tools.Reload] Sending reload interest: /ndnsd/p2/service-info/reload/1605894469844987196%20nanoseconds%20since%20Jan%201%2C%201970?MustBeFresh
1605894469.847320  INFO: [ndnsd.Tools.Reload] Update SuccessfulName: /ndnsd/p2/service-info/reload/1605894469844987196%20nanoseconds%20since%20Jan%201%2C%201970
MetaInfo: [ContentType: 0, FreshnessPeriod: 1000 milliseconds]
Content: [17 bytes]
Signature: [type: SignatureSha256WithEcdsa, length: 71]
1605894469.847348 DEBUG: [ndnsd.Tools.Reload] Tentative next interest schedule in : 47 milliseconds
1605894469.894625  INFO: [ndnsd.Tools.Reload] Sending reload interest: /ndnsd/p2/service-info/reload/1605894469894588859%20nanoseconds%20since%20Jan%201%2C%201970?MustBeFresh
1605894469.896493  INFO: [ndnsd.Tools.Reload] Update SuccessfulName: /ndnsd/p2/service-info/reload/1605894469894588859%20nanoseconds%20since%20Jan%201%2C%201970
MetaInfo: [ContentType: 0, FreshnessPeriod: 1000 milliseconds]
Content: [17 bytes]
Signature: [type: SignatureSha256WithEcdsa, length: 70]
1605894469.896518 DEBUG: [ndnsd.Tools.Reload] Tentative next interest schedule in : 78 milliseconds
1605894469.974830  INFO: [ndnsd.Tools.Reload] Sending reload interest: /ndnsd/p2/service-info/reload/1605894469974773018%20nanoseconds%20since%20Jan%201%2C%201970?MustBeFresh
1605894469.976655  INFO: [ndnsd.Tools.Reload] Update SuccessfulName: /ndnsd/p2/service-info/reload/1605894469974773018%20nanoseconds%20since%20Jan%201%2C%201970
MetaInfo: [ContentType: 0, FreshnessPeriod: 1000 milliseconds]
Content: [17 bytes]
Signature: [type: SignatureSha256WithEcdsa, length: 70]
1605894469.976683 DEBUG: [ndnsd.Tools.Reload] Tentative next interest schedule in : 59 milliseconds
1605894470.036065  INFO: [ndnsd.Tools.Reload] Sending reload interest: /ndnsd/p2/service-info/reload/1605894470036017651%20nanoseconds%20since%20Jan%201%2C%201970?MustBeFresh
1605894470.039235  INFO: [ndnsd.Tools.Reload] Update SuccessfulName: /ndnsd/p2/service-info/reload/1605894470036017651%20nanoseconds%20since%20Jan%201%2C%201970
MetaInfo: [ContentType: 0, FreshnessPeriod: 1000 milliseconds]
Content: [17 bytes]
Signature: [type: SignatureSha256WithEcdsa, length: 70]
1605894470.039267 DEBUG: [ndnsd.Tools.Reload] Tentative next interest schedule in : 45 milliseconds
1605894470.084424  INFO: [ndnsd.Tools.Reload] Sending reload interest: /ndnsd/p2/service-info/reload/1605894470084386608%20nanoseconds%20since%20Jan%201%2C%201970?MustBeFresh
1605894470.091513  INFO: [ndnsd.Tools.Reload] Update SuccessfulName: /ndnsd/p2/service-info/reload/1605894470084386608%20nanoseconds%20since%20Jan%201%2C%201970
MetaInfo: [ContentType: 0, FreshnessPeriod: 1000 milliseconds]
Content: [17 bytes]
Signature: [type: SignatureSha256WithEcdsa, length: 71]
1605894470.091548 DEBUG: [ndnsd.Tools.Reload] Tentative next interest schedule in : 77 milliseconds
1605894470.169088  INFO: [ndnsd.Tools.Reload] Sending reload interest: /ndnsd/p2/service-info/reload/1605894470169029413%20nanoseconds%20since%20Jan%201%2C%201970?MustBeFresh
1605894470.173184  INFO: [ndnsd.Tools.Reload] Update SuccessfulName: /ndnsd/p2/service-info/reload/1605894470169029413%20nanoseconds%20since%20Jan%201%2C%201970
MetaInfo: [ContentType: 0, FreshnessPeriod: 1000 milliseconds]
Content: [17 bytes]
Signature: [type: SignatureSha256WithEcdsa, length: 72]
1605894470.173224 DEBUG: [ndnsd.Tools.Reload] Tentative next interest schedule in : 76 milliseconds
1605894470.250015  INFO: [ndnsd.Tools.Reload] Sending reload interest: /ndnsd/p2/service-info/reload/1605894470249446588%20nanoseconds%20since%20Jan%201%2C%201970?MustBeFresh
1605894470.252285  INFO: [ndnsd.Tools.Reload] Update SuccessfulName: /ndnsd/p2/service-info/reload/1605894470249446588%20nanoseconds%20since%20Jan%201%2C%201970
MetaInfo: [ContentType: 0, FreshnessPeriod: 1000 milliseconds]
Content: [17 bytes]
Signature: [type: SignatureSha256WithEcdsa, length: 72]
1605894470.252318 DEBUG: [ndnsd.Tools.Reload] Tentative next interest schedule in : 64 milliseconds
1605894470.316800  INFO: [ndnsd.Tools.Reload] Sending reload interest: /ndnsd/p2/service-info/reload/1605894470316767864%20nanoseconds%20since%20Jan%201%2C%201970?MustBeFresh
1605894470.318652  INFO: [ndnsd.Tools.Reload] Update SuccessfulName: /ndnsd/p2/service-info/reload/1605894470316767864%20nanoseconds%20since%20Jan%201%2C%201970
MetaInfo: [ContentType: 0, FreshnessPeriod: 1000 milliseconds]
Content: [17 bytes]
Signature: [type: SignatureSha256WithEcdsa, length: 70]
1605894470.318679 DEBUG: [ndnsd.Tools.Reload] Tentative next interest schedule in : 74 milliseconds
1605894470.392791  INFO: [ndnsd.Tools.Reload] Sending reload interest: /ndnsd/p2/service-info/reload/1605894470392755428%20nanoseconds%20since%20Jan%201%2C%201970?MustBeFresh
1605894470.395804  INFO: [ndnsd.Tools.Reload] Update SuccessfulName: /ndnsd/p2/service-info/reload/1605894470392755428%20nanoseconds%20since%20Jan%201%2C%201970
MetaInfo: [ContentType: 0, FreshnessPeriod: 1000 milliseconds]
Content: [17 bytes]
Signature: [type: SignatureSha256WithEcdsa, length: 71]
1605894470.395839 DEBUG: [ndnsd.Tools.Reload] Tentative next interest schedule in : 78 milliseconds
1605894470.474183  INFO: [ndnsd.Tools.Reload] Sending reload interest: /ndnsd/p2/service-info/reload/1605894470474145296%20nanoseconds%20since%20Jan%201%2C%201970?MustBeFresh
1605894470.477219  INFO: [ndnsd.Tools.Reload] Update SuccessfulName: /ndnsd/p2/service-info/reload/1605894470474145296%20nanoseconds%20since%20Jan%201%2C%201970
MetaInfo: [ContentType: 0, FreshnessPeriod: 1000 milliseconds]
Content: [17 bytes]
Signature: [type: SignatureSha256WithEcdsa, length: 70]
1605894470.477251 DEBUG: [ndnsd.Tools.Reload] Tentative next interest schedule in : 69 milliseconds
1605894470.548051  INFO: [ndnsd.Tools.Reload] Sending reload interest: /ndnsd/p2/service-info/reload/1605894470548005241%20nanoseconds%20since%20Jan%201%2C%201970?MustBeFresh
1605894470.550059  INFO: [ndnsd.Tools.Reload] Update SuccessfulName: /ndnsd/p2/service-info/reload/1605894470548005241%20nanoseconds%20since%20Jan%201%2C%201970
MetaInfo: [ContentType: 0, FreshnessPeriod: 1000 milliseconds]
Content: [17 bytes]
Signature: [type: SignatureSha256WithEcdsa, length: 71]
1605894470.550083 DEBUG: [ndnsd.Tools.Reload] Tentative next interest schedule in : 55 milliseconds
1605894470.605244  INFO: [ndnsd.Tools.Reload] Sending reload interest: /ndnsd/p2/service-info/reload/1605894470605215998%20nanoseconds%20since%20Jan%201%2C%201970?MustBeFresh
1605894470.608249  INFO: [ndnsd.Tools.Reload] Update SuccessfulName: /ndnsd/p2/service-info/reload/1605894470605215998%20nanoseconds%20since%20Jan%201%2C%201970
MetaInfo: [ContentType: 0, FreshnessPeriod: 1000 milliseconds]
Content: [17 bytes]
Signature: [type: SignatureSha256WithEcdsa, length: 71]
1605894470.608280 DEBUG: [ndnsd.Tools.Reload] Tentative next interest schedule in : 86 milliseconds
1605894470.694498  INFO: [ndnsd.Tools.Reload] Sending reload interest: /ndnsd/p2/service-info/reload/1605894470694461576%20nanoseconds%20since%20Jan%201%2C%201970?MustBeFresh
1605894470.696665  INFO: [ndnsd.Tools.Reload] Update SuccessfulName: /ndnsd/p2/service-info/reload/1605894470694461576%20nanoseconds%20since%20Jan%201%2C%201970
MetaInfo: [ContentType: 0, FreshnessPeriod: 1000 milliseconds]
Content: [17 bytes]
Signature: [type: SignatureSha256WithEcdsa, length: 72]
1605894470.696690 DEBUG: [ndnsd.Tools.Reload] Tentative next interest schedule in : 89 milliseconds
1605894470.787032  INFO: [ndnsd.Tools.Reload] Sending reload interest: /ndnsd/p2/service-info/reload/1605894470786853700%20nanoseconds%20since%20Jan%201%2C%201970?MustBeFresh
1605894470.790386  INFO: [ndnsd.Tools.Reload] Update SuccessfulName: /ndnsd/p2/service-info/reload/1605894470786853700%20nanoseconds%20since%20Jan%201%2C%201970
MetaInfo: [ContentType: 0, FreshnessPeriod: 1000 milliseconds]
Content: [17 bytes]
Signature: [type: SignatureSha256WithEcdsa, length: 72]
1605894470.790412 DEBUG: [ndnsd.Tools.Reload] Tentative next interest schedule in : 56 milliseconds
1605894470.847195  INFO: [ndnsd.Tools.Reload] Sending reload interest: /ndnsd/p2/service-info/reload/1605894470847146314%20nanoseconds%20since%20Jan%201%2C%201970?MustBeFresh
1605894470.850209  INFO: [ndnsd.Tools.Reload] Update SuccessfulName: /ndnsd/p2/service-info/reload/1605894470847146314%20nanoseconds%20since%20Jan%201%2C%201970
MetaInfo: [ContentType: 0, FreshnessPeriod: 1000 milliseconds]
Content: [17 bytes]
Signature: [type: SignatureSha256WithEcdsa, length: 72]
1605894470.850371 DEBUG: [ndnsd.Tools.Reload] Tentative next interest schedule in : 55 milliseconds
1605894470.905809  INFO: [ndnsd.Tools.Reload] Sending reload interest: /ndnsd/p2/service-info/reload/1605894470905766943%20nanoseconds%20since%20Jan%201%2C%201970?MustBeFresh
1605894470.908725  INFO: [ndnsd.Tools.Reload] Update SuccessfulName: /ndnsd/p2/service-info/reload/1605894470905766943%20nanoseconds%20since%20Jan%201%2C%201970
MetaInfo: [ContentType: 0, FreshnessPeriod: 1000 milliseconds]
Content: [17 bytes]
Signature: [type: SignatureSha256WithEcdsa, length: 71]
1605894470.908766 DEBUG: [ndnsd.Tools.Reload] Tentative next interest schedule in : 53 milliseconds
1605894470.962631  INFO: [ndnsd.Tools.Reload] Sending reload interest: /ndnsd/p2/service-info/reload/1605894470962596696%20nanoseconds%20since%20Jan%201%2C%201970?MustBeFresh
1605894470.966092  INFO: [ndnsd.Tools.Reload] Update SuccessfulName: /ndnsd/p2/service-info/reload/1605894470962596696%20nanoseconds%20since%20Jan%201%2C%201970
MetaInfo: [ContentType: 0, FreshnessPeriod: 1000 milliseconds]
Content: [17 bytes]
Signature: [type: SignatureSha256WithEcdsa, length: 71]
1605894470.966119 DEBUG: [ndnsd.Tools.Reload] Tentative next interest schedule in : 43 milliseconds
1605894471.009340  INFO: [ndnsd.Tools.Reload] Sending reload interest: /ndnsd/p2/service-info/reload/1605894471009301986%20nanoseconds%20since%20Jan%201%2C%201970?MustBeFresh
1605894471.011719  INFO: [ndnsd.Tools.Reload] Update SuccessfulName: /ndnsd/p2/service-info/reload/1605894471009301986%20nanoseconds%20since%20Jan%201%2C%201970
MetaInfo: [ContentType: 0, FreshnessPeriod: 1000 milliseconds]
Content: [17 bytes]
Signature: [type: SignatureSha256WithEcdsa, length: 71]
1605894471.011749 DEBUG: [ndnsd.Tools.Reload] Tentative next interest schedule in : 47 milliseconds
1605894471.059066  INFO: [ndnsd.Tools.Reload] Sending reload interest: /ndnsd/p2/service-info/reload/1605894471059030511%20nanoseconds%20since%20Jan%201%2C%201970?MustBeFresh
1605894471.062216  INFO: [ndnsd.Tools.Reload] Update SuccessfulName: /ndnsd/p2/service-info/reload/1605894471059030511%20nanoseconds%20since%20Jan%201%2C%201970
MetaInfo: [ContentType: 0, FreshnessPeriod: 1000 milliseconds]
Content: [17 bytes]
Signature: [type: SignatureSha256WithEcdsa, length: 70]
1605894471.062247 DEBUG: [ndnsd.Tools.Reload] Tentative next interest schedule in : 76 milliseconds
1605894471.139270  INFO: [ndnsd.Tools.Reload] Sending reload interest: /ndnsd/p2/service-info/reload/1605894471139117322%20nanoseconds%20since%20Jan%201%2C%201970?MustBeFresh
1605894471.140512  INFO: [ndnsd.Tools.Reload] Update SuccessfulName: /ndnsd/p2/service-info/reload/1605894471139117322%20nanoseconds%20since%20Jan%201%2C%201970
MetaInfo: [ContentType: 0, FreshnessPeriod: 1000 milliseconds]
Content: [17 bytes]
Signature: [type: SignatureSha256WithEcdsa, length: 70]
1605894471.140540 DEBUG: [ndnsd.Tools.Reload] Tentative next interest schedule in : 87 milliseconds
1605894471.227865  INFO: [ndnsd.Tools.Reload] Sending reload interest: /ndnsd/p2/service-info/reload/1605894471227830681%20nanoseconds%20since%20Jan%201%2C%201970?MustBeFresh
1605894471.230046  INFO: [ndnsd.Tools.Reload] Update SuccessfulName: /ndnsd/p2/service-info/reload/1605894471227830681%20nanoseconds%20since%20Jan%201%2C%201970
MetaInfo: [ContentType: 0, FreshnessPeriod: 1000 milliseconds]
Content: [17 bytes]
Signature: [type: SignatureSha256WithEcdsa, length: 70]
1605894471.230084 DEBUG: [ndnsd.Tools.Reload] Tentative next interest schedule in : 53 milliseconds
1605894471.283309  INFO: [ndnsd.Tools.Reload] Sending reload interest: /ndnsd/p2/service-info/reload/1605894471283267562%20nanoseconds%20since%20Jan%201%2C%201970?MustBeFresh
1605894471.285633  INFO: [ndnsd.Tools.Reload] Update SuccessfulName: /ndnsd/p2/service-info/reload/1605894471283267562%20nanoseconds%20since%20Jan%201%2C%201970
MetaInfo: [ContentType: 0, FreshnessPeriod: 1000 milliseconds]
Content: [17 bytes]
Signature: [type: SignatureSha256WithEcdsa, length: 71]
1605894471.285672 DEBUG: [ndnsd.Tools.Reload] Tentative next interest schedule in : 76 milliseconds
1605894471.362879  INFO: [ndnsd.Tools.Reload] Sending reload interest: /ndnsd/p2/service-info/reload/1605894471362833711%20nanoseconds%20since%20Jan%201%2C%201970?MustBeFresh
1605894471.365252  INFO: [ndnsd.Tools.Reload] Update SuccessfulName: /ndnsd/p2/service-info/reload/1605894471362833711%20nanoseconds%20since%20Jan%201%2C%201970
MetaInfo: [ContentType: 0, FreshnessPeriod: 1000 milliseconds]
Content: [17 bytes]
Signature: [type: SignatureSha256WithEcdsa, length: 72]
1605894471.365281 DEBUG: [ndnsd.Tools.Reload] Tentative next interest schedule in : 81 milliseconds
1605894471.446521  INFO: [ndnsd.Tools.Reload] Sending reload interest: /ndnsd/p2/service-info/reload/1605894471446488434%20nanoseconds%20since%20Jan%201%2C%201970?MustBeFresh
1605894471.448097  INFO: [ndnsd.Tools.Reload] Update SuccessfulName: /ndnsd/p2/service-info/reload/1605894471446488434%20nanoseconds%20since%20Jan%201%2C%201970
MetaInfo: [ContentType: 0, FreshnessPeriod: 1000 milliseconds]
Content: [17 bytes]
Signature: [type: SignatureSha256WithEcdsa, length: 70]
1605894471.448121 DEBUG: [ndnsd.Tools.Reload] Tentative next interest schedule in : 88 milliseconds
1605894471.536770  INFO: [ndnsd.Tools.Reload] Sending reload interest: /ndnsd/p2/service-info/reload/1605894471536724631%20nanoseconds%20since%20Jan%201%2C%201970?MustBeFresh
1605894471.540312  INFO: [ndnsd.Tools.Reload] Update SuccessfulName: /ndnsd/p2/service-info/reload/1605894471536724631%20nanoseconds%20since%20Jan%201%2C%201970
MetaInfo: [ContentType: 0, FreshnessPeriod: 1000 milliseconds]
Content: [17 bytes]
Signature: [type: SignatureSha256WithEcdsa, length: 72]
1605894471.540342 DEBUG: [ndnsd.Tools.Reload] Tentative next interest schedule in : 59 milliseconds
1605894471.599701  INFO: [ndnsd.Tools.Reload] Sending reload interest: /ndnsd/p2/service-info/reload/1605894471599672305%20nanoseconds%20since%20Jan%201%2C%201970?MustBeFresh
1605894471.601411  INFO: [ndnsd.Tools.Reload] Update SuccessfulName: /ndnsd/p2/service-info/reload/1605894471599672305%20nanoseconds%20since%20Jan%201%2C%201970
MetaInfo: [ContentType: 0, FreshnessPeriod: 1000 milliseconds]
Content: [17 bytes]
Signature: [type: SignatureSha256WithEcdsa, length: 70]
1605894471.601438 DEBUG: [ndnsd.Tools.Reload] Tentative next interest schedule in : 44 milliseconds
1605894471.646227  INFO: [ndnsd.Tools.Reload] Sending reload interest: /ndnsd/p2/service-info/reload/1605894471646192405%20nanoseconds%20since%20Jan%201%2C%201970?MustBeFresh
1605894471.648555  INFO: [ndnsd.Tools.Reload] Update SuccessfulName: /ndnsd/p2/service-info/reload/1605894471646192405%20nanoseconds%20since%20Jan%201%2C%201970
MetaInfo: [ContentType: 0, FreshnessPeriod: 1000 milliseconds]
Content: [17 bytes]
Signature: [type: SignatureSha256WithEcdsa, length: 71]
1605894471.648579 DEBUG: [ndnsd.Tools.Reload] Tentative next interest schedule in : 65 milliseconds
1605894471.713963  INFO: [ndnsd.Tools.Reload] Sending reload interest: /ndnsd/p2/service-info/reload/1605894471713930541%20nanoseconds%20since%20Jan%201%2C%201970?MustBeFresh
1605894471.716050  INFO: [ndnsd.Tools.Reload] Update SuccessfulName: /ndnsd/p2/service-info/reload/1605894471713930541%20nanoseconds%20since%20Jan%201%2C%201970
MetaInfo: [ContentType: 0, FreshnessPeriod: 1000 milliseconds]
Content: [17 bytes]
Signature: [type: SignatureSha256WithEcdsa, length: 70]
1605894471.716071 DEBUG: [ndnsd.Tools.Reload] Tentative next interest schedule in : 64 milliseconds
1605894471.790038  INFO: [ndnsd.Tools.Reload] Sending reload interest: /ndnsd/p2/service-info/reload/1605894471789992446%20nanoseconds%20since%20Jan%201%2C%201970?MustBeFresh
1605894471.793696  INFO: [ndnsd.Tools.Reload] Update SuccessfulName: /ndnsd/p2/service-info/reload/1605894471789992446%20nanoseconds%20since%20Jan%201%2C%201970
MetaInfo: [ContentType: 0, FreshnessPeriod: 1000 milliseconds]
Content: [17 bytes]
Signature: [type: SignatureSha256WithEcdsa, length: 72]
1605894471.793722 DEBUG: [ndnsd.Tools.Reload] Tentative next interest schedule in : 71 milliseconds
1605894471.865091  INFO: [ndnsd.Tools.Reload] Sending reload interest: /ndnsd/p2/service-info/reload/1605894471865054351%20nanoseconds%20since%20Jan%201%2C%201970?MustBeFresh
1605894471.867387  INFO: [ndnsd.Tools.Reload] Update SuccessfulName: /ndnsd/p2/service-info/reload/1605894471865054351%20nanoseconds%20since%20Jan%201%2C%201970
MetaInfo: [ContentType: 0, FreshnessPeriod: 1000 milliseconds]
Content: [17 bytes]
Signature: [type: SignatureSha256WithEcdsa, length: 70]
1605894471.867416 DEBUG: [ndnsd.Tools.Reload] Tentative next interest schedule in : 88 milliseconds
1605894471.958054  INFO: [ndnsd.Tools.Reload] Sending reload interest: /ndnsd/p2/service-info/reload/1605894471958005237%20nanoseconds%20since%20Jan%201%2C%201970?MustBeFresh
1605894471.960277  INFO: [ndnsd.Tools.Reload] Update SuccessfulName: /ndnsd/p2/service-info/reload/1605894471958005237%20nanoseconds%20since%20Jan%201%2C%201970
MetaInfo: [ContentType: 0, FreshnessPeriod: 1000 milliseconds]
Content: [17 bytes]
Signature: [type: SignatureSha256WithEcdsa, length: 71]
1605894471.960317 DEBUG: [ndnsd.Tools.Reload] Tentative next interest schedule in : 63 milliseconds
1605894472.024006  INFO: [ndnsd.Tools.Reload] Sending reload interest: /ndnsd/p2/service-info/reload/1605894472023966467%20nanoseconds%20since%20Jan%201%2C%201970?MustBeFresh
1605894472.026378  INFO: [ndnsd.Tools.Reload] Update SuccessfulName: /ndnsd/p2/service-info/reload/1605894472023966467%20nanoseconds%20since%20Jan%201%2C%201970
MetaInfo: [ContentType: 0, FreshnessPeriod: 1000 milliseconds]
Content: [17 bytes]
Signature: [type: SignatureSha256WithEcdsa, length: 70]
1605894472.026410 DEBUG: [ndnsd.Tools.Reload] Tentative next interest schedule in : 42 milliseconds
1605894472.068996  INFO: [ndnsd.Tools.Reload] Sending reload interest: /ndnsd/p2/service-info/reload/1605894472068968074%20nanoseconds%20since%20Jan%201%2C%201970?MustBeFresh
1605894472.071100  INFO: [ndnsd.Tools.Reload] Update SuccessfulName: /ndnsd/p2/service-info/reload/1605894472068968074%20nanoseconds%20since%20Jan%201%2C%201970
MetaInfo: [ContentType: 0, FreshnessPeriod: 1000 milliseconds]
Content: [17 bytes]
Signature: [type: SignatureSha256WithEcdsa, length: 71]
1605894472.071136 DEBUG: [ndnsd.Tools.Reload] Tentative next interest schedule in : 79 milliseconds
1605894472.150242  INFO: [ndnsd.Tools.Reload] Sending reload interest: /ndnsd/p2/service-info/reload/1605894472150204932%20nanoseconds%20since%20Jan%201%2C%201970?MustBeFresh
1605894472.152554  INFO: [ndnsd.Tools.Reload] Update SuccessfulName: /ndnsd/p2/service-info/reload/1605894472150204932%20nanoseconds%20since%20Jan%201%2C%201970
MetaInfo: [ContentType: 0, FreshnessPeriod: 1000 milliseconds]
Content: [17 bytes]
Signature: [type: SignatureSha256WithEcdsa, length: 71]
1605894472.152587 DEBUG: [ndnsd.Tools.Reload] Tentative next interest schedule in : 64 milliseconds
1605894472.216797  INFO: [ndnsd.Tools.Reload] Sending reload interest: /ndnsd/p2/service-info/reload/1605894472216736345%20nanoseconds%20since%20Jan%201%2C%201970?MustBeFresh
1605894472.219185  INFO: [ndnsd.Tools.Reload] Update SuccessfulName: /ndnsd/p2/service-info/reload/1605894472216736345%20nanoseconds%20since%20Jan%201%2C%201970
MetaInfo: [ContentType: 0, FreshnessPeriod: 1000 milliseconds]
Content: [17 bytes]
Signature: [type: SignatureSha256WithEcdsa, length: 71]
1605894472.219219 DEBUG: [ndnsd.Tools.Reload] Tentative next interest schedule in : 51 milliseconds
1605894472.270513  INFO: [ndnsd.Tools.Reload] Sending reload interest: /ndnsd/p2/service-info/reload/1605894472270469814%20nanoseconds%20since%20Jan%201%2C%201970?MustBeFresh
1605894472.273267  INFO: [ndnsd.Tools.Reload] Update SuccessfulName: /ndnsd/p2/service-info/reload/1605894472270469814%20nanoseconds%20since%20Jan%201%2C%201970
MetaInfo: [ContentType: 0, FreshnessPeriod: 1000 milliseconds]
Content: [17 bytes]
Signature: [type: SignatureSha256WithEcdsa, length: 71]
1605894472.273305 DEBUG: [ndnsd.Tools.Reload] Tentative next interest schedule in : 73 milliseconds
1605894472.357397  INFO: [ndnsd.Tools.Reload] Sending reload interest: /ndnsd/p2/service-info/reload/1605894472357359016%20nanoseconds%20since%20Jan%201%2C%201970?MustBeFresh
1605894472.359514  INFO: [ndnsd.Tools.Reload] Update SuccessfulName: /ndnsd/p2/service-info/reload/1605894472357359016%20nanoseconds%20since%20Jan%201%2C%201970
MetaInfo: [ContentType: 0, FreshnessPeriod: 1000 milliseconds]
Content: [17 bytes]
Signature: [type: SignatureSha256WithEcdsa, length: 72]
1605894472.359600 DEBUG: [ndnsd.Tools.Reload] Tentative next interest schedule in : 50 milliseconds
1605894472.409839  INFO: [ndnsd.Tools.Reload] Sending reload interest: /ndnsd/p2/service-info/reload/1605894472409805286%20nanoseconds%20since%20Jan%201%2C%201970?MustBeFresh
1605894472.411993  INFO: [ndnsd.Tools.Reload] Update SuccessfulName: /ndnsd/p2/service-info/reload/1605894472409805286%20nanoseconds%20since%20Jan%201%2C%201970
MetaInfo: [ContentType: 0, FreshnessPeriod: 1000 milliseconds]
Content: [17 bytes]
Signature: [type: SignatureSha256WithEcdsa, length: 72]
1605894472.412043 DEBUG: [ndnsd.Tools.Reload] Tentative next interest schedule in : 71 milliseconds
1605894472.483489  INFO: [ndnsd.Tools.Reload] Sending reload interest: /ndnsd/p2/service-info/reload/1605894472483438521%20nanoseconds%20since%20Jan%201%2C%201970?MustBeFresh
1605894472.487199  INFO: [ndnsd.Tools.Reload] Update SuccessfulName: /ndnsd/p2/service-info/reload/1605894472483438521%20nanoseconds%20since%20Jan%201%2C%201970
MetaInfo: [ContentType: 0, FreshnessPeriod: 1000 milliseconds]
Content: [17 bytes]
Signature: [type: SignatureSha256WithEcdsa, length: 71]
1605894472.487245 DEBUG: [ndnsd.Tools.Reload] Tentative next interest schedule in : 89 milliseconds
1605894472.576383  INFO: [ndnsd.Tools.Reload] Sending reload interest: /ndnsd/p2/service-info/reload/1605894472576348938%20nanoseconds%20since%20Jan%201%2C%201970?MustBeFresh
1605894472.578489  INFO: [ndnsd.Tools.Reload] Update SuccessfulName: /ndnsd/p2/service-info/reload/1605894472576348938%20nanoseconds%20since%20Jan%201%2C%201970
MetaInfo: [ContentType: 0, FreshnessPeriod: 1000 milliseconds]
Content: [17 bytes]
Signature: [type: SignatureSha256WithEcdsa, length: 71]
1605894472.578535 DEBUG: [ndnsd.Tools.Reload] Tentative next interest schedule in : 81 milliseconds
1605894472.661703  INFO: [ndnsd.Tools.Reload] Sending reload interest: /ndnsd/p2/service-info/reload/1605894472661662829%20nanoseconds%20since%20Jan%201%2C%201970?MustBeFresh
1605894472.664422  INFO: [ndnsd.Tools.Reload] Update SuccessfulName: /ndnsd/p2/service-info/reload/1605894472661662829%20nanoseconds%20since%20Jan%201%2C%201970
MetaInfo: [ContentType: 0, FreshnessPeriod: 1000 milliseconds]
Content: [17 bytes]
Signature: [type: SignatureSha256WithEcdsa, length: 71]
1605894472.664454 DEBUG: [ndnsd.Tools.Reload] Tentative next interest schedule in : 43 milliseconds
1605894472.707833  INFO: [ndnsd.Tools.Reload] Sending reload interest: /ndnsd/p2/service-info/reload/1605894472707792176%20nanoseconds%20since%20Jan%201%2C%201970?MustBeFresh
1605894472.710170  INFO: [ndnsd.Tools.Reload] Update SuccessfulName: /ndnsd/p2/service-info/reload/1605894472707792176%20nanoseconds%20since%20Jan%201%2C%201970
MetaInfo: [ContentType: 0, FreshnessPeriod: 1000 milliseconds]
Content: [17 bytes]
Signature: [type: SignatureSha256WithEcdsa, length: 71]
1605894472.710201 DEBUG: [ndnsd.Tools.Reload] Tentative next interest schedule in : 77 milliseconds
1605894472.791007  INFO: [ndnsd.Tools.Reload] Sending reload interest: /ndnsd/p2/service-info/reload/1605894472790955342%20nanoseconds%20since%20Jan%201%2C%201970?MustBeFresh
1605894472.793652  INFO: [ndnsd.Tools.Reload] Update SuccessfulName: /ndnsd/p2/service-info/reload/1605894472790955342%20nanoseconds%20since%20Jan%201%2C%201970
MetaInfo: [ContentType: 0, FreshnessPeriod: 1000 milliseconds]
Content: [17 bytes]
Signature: [type: SignatureSha256WithEcdsa, length: 71]
1605894472.793715 DEBUG: [ndnsd.Tools.Reload] Tentative next interest schedule in : 88 milliseconds
1605894472.881814  INFO: [ndnsd.Tools.Reload] Sending reload interest: /ndnsd/p2/service-info/reload/1605894472881778106%20nanoseconds%20since%20Jan%201%2C%201970?MustBeFresh
1605894472.883932  INFO: [ndnsd.Tools.Reload] Update SuccessfulName: /ndnsd/p2/service-info/reload/1605894472881778106%20nanoseconds%20since%20Jan%201%2C%201970
MetaInfo: [ContentType: 0, FreshnessPeriod: 1000 milliseconds]
Content: [17 bytes]
Signature: [type: SignatureSha256WithEcdsa, length: 70]
1605894472.883960 DEBUG: [ndnsd.Tools.Reload] Tentative next interest schedule in : 48 milliseconds
1605894472.932101  INFO: [ndnsd.Tools.Reload] Sending reload interest: /ndnsd/p2/service-info/reload/1605894472932074383%20nanoseconds%20since%20Jan%201%2C%201970?MustBeFresh
1605894472.934265  INFO: [ndnsd.Tools.Reload] Update SuccessfulName: /ndnsd/p2/service-info/reload/1605894472932074383%20nanoseconds%20since%20Jan%201%2C%201970
MetaInfo: [ContentType: 0, FreshnessPeriod: 1000 milliseconds]
Content: [17 bytes]
Signature: [type: SignatureSha256WithEcdsa, length: 70]
1605894472.934296 DEBUG: [ndnsd.Tools.Reload] Tentative next interest schedule in : 75 milliseconds
1605894473.009809  INFO: [ndnsd.Tools.Reload] Sending reload interest: /ndnsd/p2/service-info/reload/1605894473009766143%20nanoseconds%20since%20Jan%201%2C%201970?MustBeFresh
1605894473.012002  INFO: [ndnsd.Tools.Reload] Update SuccessfulName: /ndnsd/p2/service-info/reload/1605894473009766143%20nanoseconds%20since%20Jan%201%2C%201970
MetaInfo: [ContentType: 0, FreshnessPeriod: 1000 milliseconds]
Content: [17 bytes]
Signature: [type: SignatureSha256WithEcdsa, length: 71]
1605894473.012028 DEBUG: [ndnsd.Tools.Reload] Tentative next interest schedule in : 61 milliseconds
1605894473.073499  INFO: [ndnsd.Tools.Reload] Sending reload interest: /ndnsd/p2/service-info/reload/1605894473073447641%20nanoseconds%20since%20Jan%201%2C%201970?MustBeFresh
1605894473.076199  INFO: [ndnsd.Tools.Reload] Update SuccessfulName: /ndnsd/p2/service-info/reload/1605894473073447641%20nanoseconds%20since%20Jan%201%2C%201970
MetaInfo: [ContentType: 0, FreshnessPeriod: 1000 milliseconds]
Content: [17 bytes]
Signature: [type: SignatureSha256WithEcdsa, length: 71]
1605894473.076233 DEBUG: [ndnsd.Tools.Reload] Tentative next interest schedule in : 40 milliseconds
1605894473.116492  INFO: [ndnsd.Tools.Reload] Sending reload interest: /ndnsd/p2/service-info/reload/1605894473116456003%20nanoseconds%20since%20Jan%201%2C%201970?MustBeFresh
1605894473.118481  INFO: [ndnsd.Tools.Reload] Update SuccessfulName: /ndnsd/p2/service-info/reload/1605894473116456003%20nanoseconds%20since%20Jan%201%2C%201970
MetaInfo: [ContentType: 0, FreshnessPeriod: 1000 milliseconds]
Content: [17 bytes]
Signature: [type: SignatureSha256WithEcdsa, length: 71]
1605894473.118554 DEBUG: [ndnsd.Tools.Reload] Tentative next interest schedule in : 50 milliseconds
1605894473.169879  INFO: [ndnsd.Tools.Reload] Sending reload interest: /ndnsd/p2/service-info/reload/1605894473169809379%20nanoseconds%20since%20Jan%201%2C%201970?MustBeFresh
1605894473.173030  INFO: [ndnsd.Tools.Reload] Update SuccessfulName: /ndnsd/p2/service-info/reload/1605894473169809379%20nanoseconds%20since%20Jan%201%2C%201970
MetaInfo: [ContentType: 0, FreshnessPeriod: 1000 milliseconds]
Content: [17 bytes]
Signature: [type: SignatureSha256WithEcdsa, length: 71]
1605894473.173066 DEBUG: [ndnsd.Tools.Reload] Tentative next interest schedule in : 77 milliseconds
1605894473.250341  INFO: [ndnsd.Tools.Reload] Sending reload interest: /ndnsd/p2/service-info/reload/1605894473250299939%20nanoseconds%20since%20Jan%201%2C%201970?MustBeFresh
1605894473.252350  INFO: [ndnsd.Tools.Reload] Update SuccessfulName: /ndnsd/p2/service-info/reload/1605894473250299939%20nanoseconds%20since%20Jan%201%2C%201970
MetaInfo: [ContentType: 0, FreshnessPeriod: 1000 milliseconds]
Content: [17 bytes]
Signature: [type: SignatureSha256WithEcdsa, length: 71]
1605894473.252381 DEBUG: [ndnsd.Tools.Reload] Tentative next interest schedule in : 64 milliseconds
1605894473.316867  INFO: [ndnsd.Tools.Reload] Sending reload interest: /ndnsd/p2/service-info/reload/1605894473316834434%20nanoseconds%20since%20Jan%201%2C%201970?MustBeFresh
1605894473.319374  INFO: [ndnsd.Tools.Reload] Update SuccessfulName: /ndnsd/p2/service-info/reload/1605894473316834434%20nanoseconds%20since%20Jan%201%2C%201970
MetaInfo: [ContentType: 0, FreshnessPeriod: 1000 milliseconds]
Content: [17 bytes]
Signature: [type: SignatureSha256WithEcdsa, length: 72]
1605894473.319404 DEBUG: [ndnsd.Tools.Reload] Tentative next interest schedule in : 75 milliseconds
1605894473.402472  INFO: [ndnsd.Tools.Reload] Sending reload interest: /ndnsd/p2/service-info/reload/1605894473402257577%20nanoseconds%20since%20Jan%201%2C%201970?MustBeFresh
1605894473.407008  INFO: [ndnsd.Tools.Reload] Update SuccessfulName: /ndnsd/p2/service-info/reload/1605894473402257577%20nanoseconds%20since%20Jan%201%2C%201970
MetaInfo: [ContentType: 0, FreshnessPeriod: 1000 milliseconds]
Content: [17 bytes]
Signature: [type: SignatureSha256WithEcdsa, length: 71]
1605894473.407041 DEBUG: [ndnsd.Tools.Reload] Tentative next interest schedule in : 70 milliseconds
1605894473.477645  INFO: [ndnsd.Tools.Reload] Sending reload interest: /ndnsd/p2/service-info/reload/1605894473477545482%20nanoseconds%20since%20Jan%201%2C%201970?MustBeFresh
1605894473.480106  INFO: [ndnsd.Tools.Reload] Update SuccessfulName: /ndnsd/p2/service-info/reload/1605894473477545482%20nanoseconds%20since%20Jan%201%2C%201970
MetaInfo: [ContentType: 0, FreshnessPeriod: 1000 milliseconds]
Content: [17 bytes]
Signature: [type: SignatureSha256WithEcdsa, length: 70]
1605894473.480132 DEBUG: [ndnsd.Tools.Reload] Tentative next interest schedule in : 89 milliseconds
1605894473.569336  INFO: [ndnsd.Tools.Reload] Sending reload interest: /ndnsd/p2/service-info/reload/1605894473569290462%20nanoseconds%20since%20Jan%201%2C%201970?MustBeFresh
1605894473.571877  INFO: [ndnsd.Tools.Reload] Update SuccessfulName: /ndnsd/p2/service-info/reload/1605894473569290462%20nanoseconds%20since%20Jan%201%2C%201970
MetaInfo: [ContentType: 0, FreshnessPeriod: 1000 milliseconds]
Content: [17 bytes]
Signature: [type: SignatureSha256WithEcdsa, length: 70]
1605894473.571908 DEBUG: [ndnsd.Tools.Reload] Tentative next interest schedule in : 74 milliseconds
1605894473.646317  INFO: [ndnsd.Tools.Reload] Sending reload interest: /ndnsd/p2/service-info/reload/1605894473646271866%20nanoseconds%20since%20Jan%201%2C%201970?MustBeFresh
1605894473.648819  INFO: [ndnsd.Tools.Reload] Update SuccessfulName: /ndnsd/p2/service-info/reload/1605894473646271866%20nanoseconds%20since%20Jan%201%2C%201970
MetaInfo: [ContentType: 0, FreshnessPeriod: 1000 milliseconds]
Content: [17 bytes]
Signature: [type: SignatureSha256WithEcdsa, length: 71]
1605894473.648847 DEBUG: [ndnsd.Tools.Reload] Tentative next interest schedule in : 50 milliseconds
1605894473.699114  INFO: [ndnsd.Tools.Reload] Sending reload interest: /ndnsd/p2/service-info/reload/1605894473699075272%20nanoseconds%20since%20Jan%201%2C%201970?MustBeFresh
1605894473.701005  INFO: [ndnsd.Tools.Reload] Update SuccessfulName: /ndnsd/p2/service-info/reload/1605894473699075272%20nanoseconds%20since%20Jan%201%2C%201970
MetaInfo: [ContentType: 0, FreshnessPeriod: 1000 milliseconds]
Content: [17 bytes]
Signature: [type: SignatureSha256WithEcdsa, length: 71]
1605894473.701035 DEBUG: [ndnsd.Tools.Reload] Tentative next interest schedule in : 58 milliseconds
1605894473.767960  INFO: [ndnsd.Tools.Reload] Sending reload interest: /ndnsd/p2/service-info/reload/1605894473767914058%20nanoseconds%20since%20Jan%201%2C%201970?MustBeFresh
1605894473.771186  INFO: [ndnsd.Tools.Reload] Update SuccessfulName: /ndnsd/p2/service-info/reload/1605894473767914058%20nanoseconds%20since%20Jan%201%2C%201970
MetaInfo: [ContentType: 0, FreshnessPeriod: 1000 milliseconds]
Content: [17 bytes]
Signature: [type: SignatureSha256WithEcdsa, length: 70]
1605894473.771216 DEBUG: [ndnsd.Tools.Reload] Tentative next interest schedule in : 88 milliseconds
1605894473.859360  INFO: [ndnsd.Tools.Reload] Sending reload interest: /ndnsd/p2/service-info/reload/1605894473859316588%20nanoseconds%20since%20Jan%201%2C%201970?MustBeFresh
1605894473.862923  INFO: [ndnsd.Tools.Reload] Update SuccessfulName: /ndnsd/p2/service-info/reload/1605894473859316588%20nanoseconds%20since%20Jan%201%2C%201970
MetaInfo: [ContentType: 0, FreshnessPeriod: 1000 milliseconds]
Content: [17 bytes]
Signature: [type: SignatureSha256WithEcdsa, length: 71]
1605894473.862956 DEBUG: [ndnsd.Tools.Reload] Tentative next interest schedule in : 57 milliseconds
1605894473.921877  INFO: [ndnsd.Tools.Reload] Sending reload interest: /ndnsd/p2/service-info/reload/1605894473921841603%20nanoseconds%20since%20Jan%201%2C%201970?MustBeFresh
1605894473.924199  INFO: [ndnsd.Tools.Reload] Update SuccessfulName: /ndnsd/p2/service-info/reload/1605894473921841603%20nanoseconds%20since%20Jan%201%2C%201970
MetaInfo: [ContentType: 0, FreshnessPeriod: 1000 milliseconds]
Content: [17 bytes]
Signature: [type: SignatureSha256WithEcdsa, length: 70]
1605894473.924223 DEBUG: [ndnsd.Tools.Reload] Tentative next interest schedule in : 55 milliseconds
1605894473.980043  INFO: [ndnsd.Tools.Reload] Sending reload interest: /ndnsd/p2/service-info/reload/1605894473980007587%20nanoseconds%20since%20Jan%201%2C%201970?MustBeFresh
1605894473.983842  INFO: [ndnsd.Tools.Reload] Update SuccessfulName: /ndnsd/p2/service-info/reload/1605894473980007587%20nanoseconds%20since%20Jan%201%2C%201970
MetaInfo: [ContentType: 0, FreshnessPeriod: 1000 milliseconds]
Content: [17 bytes]
Signature: [type: SignatureSha256WithEcdsa, length: 71]
1605894473.983873 DEBUG: [ndnsd.Tools.Reload] Tentative next interest schedule in : 76 milliseconds
1605894474.060263  INFO: [ndnsd.Tools.Reload] Sending reload interest: /ndnsd/p2/service-info/reload/1605894474060228146%20nanoseconds%20since%20Jan%201%2C%201970?MustBeFresh
1605894474.062468  INFO: [ndnsd.Tools.Reload] Update SuccessfulName: /ndnsd/p2/service-info/reload/1605894474060228146%20nanoseconds%20since%20Jan%201%2C%201970
MetaInfo: [ContentType: 0, FreshnessPeriod: 1000 milliseconds]
Content: [17 bytes]
Signature: [type: SignatureSha256WithEcdsa, length: 71]
1605894474.062501 DEBUG: [ndnsd.Tools.Reload] Tentative next interest schedule in : 43 milliseconds
1605894474.105907  INFO: [ndnsd.Tools.Reload] Sending reload interest: /ndnsd/p2/service-info/reload/1605894474105870793%20nanoseconds%20since%20Jan%201%2C%201970?MustBeFresh
1605894474.108434  INFO: [ndnsd.Tools.Reload] Update SuccessfulName: /ndnsd/p2/service-info/reload/1605894474105870793%20nanoseconds%20since%20Jan%201%2C%201970
MetaInfo: [ContentType: 0, FreshnessPeriod: 1000 milliseconds]
Content: [17 bytes]
Signature: [type: SignatureSha256WithEcdsa, length: 70]
1605894474.108464 DEBUG: [ndnsd.Tools.Reload] Tentative next interest schedule in : 60 milliseconds
1605894474.170116  INFO: [ndnsd.Tools.Reload] Sending reload interest: /ndnsd/p2/service-info/reload/1605894474170023390%20nanoseconds%20since%20Jan%201%2C%201970?MustBeFresh
1605894474.172685  INFO: [ndnsd.Tools.Reload] Update SuccessfulName: /ndnsd/p2/service-info/reload/1605894474170023390%20nanoseconds%20since%20Jan%201%2C%201970
MetaInfo: [ContentType: 0, FreshnessPeriod: 1000 milliseconds]
Content: [17 bytes]
Signature: [type: SignatureSha256WithEcdsa, length: 72]
1605894474.172713 DEBUG: [ndnsd.Tools.Reload] Tentative next interest schedule in : 89 milliseconds
1605894474.262745  INFO: [ndnsd.Tools.Reload] Sending reload interest: /ndnsd/p2/service-info/reload/1605894474262694402%20nanoseconds%20since%20Jan%201%2C%201970?MustBeFresh
1605894474.266881  INFO: [ndnsd.Tools.Reload] Update SuccessfulName: /ndnsd/p2/service-info/reload/1605894474262694402%20nanoseconds%20since%20Jan%201%2C%201970
MetaInfo: [ContentType: 0, FreshnessPeriod: 1000 milliseconds]
Content: [17 bytes]
Signature: [type: SignatureSha256WithEcdsa, length: 71]
1605894474.266906 DEBUG: [ndnsd.Tools.Reload] Tentative next interest schedule in : 42 milliseconds
1605894474.311002  INFO: [ndnsd.Tools.Reload] Sending reload interest: /ndnsd/p2/service-info/reload/1605894474310956569%20nanoseconds%20since%20Jan%201%2C%201970?MustBeFresh
1605894474.313105  INFO: [ndnsd.Tools.Reload] Update SuccessfulName: /ndnsd/p2/service-info/reload/1605894474310956569%20nanoseconds%20since%20Jan%201%2C%201970
MetaInfo: [ContentType: 0, FreshnessPeriod: 1000 milliseconds]
Content: [17 bytes]
Signature: [type: SignatureSha256WithEcdsa, length: 72]
1605894474.313136 DEBUG: [ndnsd.Tools.Reload] Tentative next interest schedule in : 89 milliseconds
1605894474.402526  INFO: [ndnsd.Tools.Reload] Sending reload interest: /ndnsd/p2/service-info/reload/1605894474402479809%20nanoseconds%20since%20Jan%201%2C%201970?MustBeFresh
1605894474.405055  INFO: [ndnsd.Tools.Reload] Update SuccessfulName: /ndnsd/p2/service-info/reload/1605894474402479809%20nanoseconds%20since%20Jan%201%2C%201970
MetaInfo: [ContentType: 0, FreshnessPeriod: 1000 milliseconds]
Content: [17 bytes]
Signature: [type: SignatureSha256WithEcdsa, length: 70]
1605894474.405087 DEBUG: [ndnsd.Tools.Reload] Tentative next interest schedule in : 85 milliseconds
1605894474.490274  INFO: [ndnsd.Tools.Reload] Sending reload interest: /ndnsd/p2/service-info/reload/1605894474490243368%20nanoseconds%20since%20Jan%201%2C%201970?MustBeFresh
1605894474.491877  INFO: [ndnsd.Tools.Reload] Update SuccessfulName: /ndnsd/p2/service-info/reload/1605894474490243368%20nanoseconds%20since%20Jan%201%2C%201970
MetaInfo: [ContentType: 0, FreshnessPeriod: 1000 milliseconds]
Content: [17 bytes]
Signature: [type: SignatureSha256WithEcdsa, length: 71]
1605894474.491933 DEBUG: [ndnsd.Tools.Reload] Tentative next interest schedule in : 87 milliseconds
1605894474.580094  INFO: [ndnsd.Tools.Reload] Sending reload interest: /ndnsd/p2/service-info/reload/1605894474579926990%20nanoseconds%20since%20Jan%201%2C%201970?MustBeFresh
1605894474.584056  INFO: [ndnsd.Tools.Reload] Update SuccessfulName: /ndnsd/p2/service-info/reload/1605894474579926990%20nanoseconds%20since%20Jan%201%2C%201970
MetaInfo: [ContentType: 0, FreshnessPeriod: 1000 milliseconds]
Content: [17 bytes]
Signature: [type: SignatureSha256WithEcdsa, length: 72]
1605894474.584090 DEBUG: [ndnsd.Tools.Reload] Tentative next interest schedule in : 85 milliseconds
1605894474.670423  INFO: [ndnsd.Tools.Reload] Sending reload interest: /ndnsd/p2/service-info/reload/1605894474670378261%20nanoseconds%20since%20Jan%201%2C%201970?MustBeFresh
1605894474.673061  INFO: [ndnsd.Tools.Reload] Update SuccessfulName: /ndnsd/p2/service-info/reload/1605894474670378261%20nanoseconds%20since%20Jan%201%2C%201970
MetaInfo: [ContentType: 0, FreshnessPeriod: 1000 milliseconds]
Content: [17 bytes]
Signature: [type: SignatureSha256WithEcdsa, length: 71]
1605894474.673093 DEBUG: [ndnsd.Tools.Reload] Tentative next interest schedule in : 68 milliseconds
1605894474.741953  INFO: [ndnsd.Tools.Reload] Sending reload interest: /ndnsd/p2/service-info/reload/1605894474741901696%20nanoseconds%20since%20Jan%201%2C%201970?MustBeFresh
1605894474.744431  INFO: [ndnsd.Tools.Reload] Update SuccessfulName: /ndnsd/p2/service-info/reload/1605894474741901696%20nanoseconds%20since%20Jan%201%2C%201970
MetaInfo: [ContentType: 0, FreshnessPeriod: 1000 milliseconds]
Content: [17 bytes]
Signature: [type: SignatureSha256WithEcdsa, length: 70]
1605894474.744472 DEBUG: [ndnsd.Tools.Reload] Tentative next interest schedule in : 48 milliseconds
1605894474.792640  INFO: [ndnsd.Tools.Reload] Sending reload interest: /ndnsd/p2/service-info/reload/1605894474792571721%20nanoseconds%20since%20Jan%201%2C%201970?MustBeFresh
1605894474.794659  INFO: [ndnsd.Tools.Reload] Update SuccessfulName: /ndnsd/p2/service-info/reload/1605894474792571721%20nanoseconds%20since%20Jan%201%2C%201970
MetaInfo: [ContentType: 0, FreshnessPeriod: 1000 milliseconds]
Content: [17 bytes]
Signature: [type: SignatureSha256WithEcdsa, length: 72]
1605894474.794690 DEBUG: [ndnsd.Tools.Reload] Tentative next interest schedule in : 44 milliseconds
1605894474.838983  INFO: [ndnsd.Tools.Reload] Sending reload interest: /ndnsd/p2/service-info/reload/1605894474838948216%20nanoseconds%20since%20Jan%201%2C%201970?MustBeFresh
1605894474.840771  INFO: [ndnsd.Tools.Reload] Update SuccessfulName: /ndnsd/p2/service-info/reload/1605894474838948216%20nanoseconds%20since%20Jan%201%2C%201970
MetaInfo: [ContentType: 0, FreshnessPeriod: 1000 milliseconds]
Content: [17 bytes]
Signature: [type: SignatureSha256WithEcdsa, length: 70]
1605894474.840811 DEBUG: [ndnsd.Tools.Reload] Tentative next interest schedule in : 79 milliseconds
1605894474.920257  INFO: [ndnsd.Tools.Reload] Sending reload interest: /ndnsd/p2/service-info/reload/1605894474920218911%20nanoseconds%20since%20Jan%201%2C%201970?MustBeFresh
1605894474.924096  INFO: [ndnsd.Tools.Reload] Update SuccessfulName: /ndnsd/p2/service-info/reload/1605894474920218911%20nanoseconds%20since%20Jan%201%2C%201970
MetaInfo: [ContentType: 0, FreshnessPeriod: 1000 milliseconds]
Content: [17 bytes]
Signature: [type: SignatureSha256WithEcdsa, length: 71]
1605894474.924154 DEBUG: [ndnsd.Tools.Reload] Tentative next interest schedule in : 90 milliseconds
1605894475.017966  INFO: [ndnsd.Tools.Reload] Sending reload interest: /ndnsd/p2/service-info/reload/1605894475017914791%20nanoseconds%20since%20Jan%201%2C%201970?MustBeFresh
1605894475.020778  INFO: [ndnsd.Tools.Reload] Update SuccessfulName: /ndnsd/p2/service-info/reload/1605894475017914791%20nanoseconds%20since%20Jan%201%2C%201970
MetaInfo: [ContentType: 0, FreshnessPeriod: 1000 milliseconds]
Content: [17 bytes]
Signature: [type: SignatureSha256WithEcdsa, length: 71]
1605894475.020807 DEBUG: [ndnsd.Tools.Reload] Tentative next interest schedule in : 55 milliseconds
1605894475.076125  INFO: [ndnsd.Tools.Reload] Sending reload interest: /ndnsd/p2/service-info/reload/1605894475076093452%20nanoseconds%20since%20Jan%201%2C%201970?MustBeFresh
1605894475.078050  INFO: [ndnsd.Tools.Reload] Update SuccessfulName: /ndnsd/p2/service-info/reload/1605894475076093452%20nanoseconds%20since%20Jan%201%2C%201970
MetaInfo: [ContentType: 0, FreshnessPeriod: 1000 milliseconds]
Content: [17 bytes]
Signature: [type: SignatureSha256WithEcdsa, length: 72]
1605894475.078081 DEBUG: [ndnsd.Tools.Reload] Tentative next interest schedule in : 68 milliseconds
1605894475.146238  INFO: [ndnsd.Tools.Reload] Sending reload interest: /ndnsd/p2/service-info/reload/1605894475146204792%20nanoseconds%20since%20Jan%201%2C%201970?MustBeFresh
1605894475.147839  INFO: [ndnsd.Tools.Reload] Update SuccessfulName: /ndnsd/p2/service-info/reload/1605894475146204792%20nanoseconds%20since%20Jan%201%2C%201970
MetaInfo: [ContentType: 0, FreshnessPeriod: 1000 milliseconds]
Content: [17 bytes]
Signature: [type: SignatureSha256WithEcdsa, length: 72]
1605894475.147861 DEBUG: [ndnsd.Tools.Reload] Tentative next interest schedule in : 51 milliseconds
1605894475.202164  INFO: [ndnsd.Tools.Reload] Sending reload interest: /ndnsd/p2/service-info/reload/1605894475202109911%20nanoseconds%20since%20Jan%201%2C%201970?MustBeFresh
1605894475.205183  INFO: [ndnsd.Tools.Reload] Update SuccessfulName: /ndnsd/p2/service-info/reload/1605894475202109911%20nanoseconds%20since%20Jan%201%2C%201970
MetaInfo: [ContentType: 0, FreshnessPeriod: 1000 milliseconds]
Content: [17 bytes]
Signature: [type: SignatureSha256WithEcdsa, length: 70]
1605894475.205216 DEBUG: [ndnsd.Tools.Reload] Tentative next interest schedule in : 70 milliseconds
1605894475.278210  INFO: [ndnsd.Tools.Reload] Sending reload interest: /ndnsd/p2/service-info/reload/1605894475277494513%20nanoseconds%20since%20Jan%201%2C%201970?MustBeFresh
1605894475.281649  INFO: [ndnsd.Tools.Reload] Update SuccessfulName: /ndnsd/p2/service-info/reload/1605894475277494513%20nanoseconds%20since%20Jan%201%2C%201970
MetaInfo: [ContentType: 0, FreshnessPeriod: 1000 milliseconds]
Content: [17 bytes]
Signature: [type: SignatureSha256WithEcdsa, length: 72]
1605894475.281685 DEBUG: [ndnsd.Tools.Reload] Tentative next interest schedule in : 82 milliseconds
1605894475.364093  INFO: [ndnsd.Tools.Reload] Sending reload interest: /ndnsd/p2/service-info/reload/1605894475364058073%20nanoseconds%20since%20Jan%201%2C%201970?MustBeFresh
1605894475.366774  INFO: [ndnsd.Tools.Reload] Update SuccessfulName: /ndnsd/p2/service-info/reload/1605894475364058073%20nanoseconds%20since%20Jan%201%2C%201970
MetaInfo: [ContentType: 0, FreshnessPeriod: 1000 milliseconds]
Content: [17 bytes]
Signature: [type: SignatureSha256WithEcdsa, length: 71]
1605894475.366809 DEBUG: [ndnsd.Tools.Reload] Tentative next interest schedule in : 76 milliseconds
1605894475.443311  INFO: [ndnsd.Tools.Reload] Sending reload interest: /ndnsd/p2/service-info/reload/1605894475443260697%20nanoseconds%20since%20Jan%201%2C%201970?MustBeFresh
1605894475.446061  INFO: [ndnsd.Tools.Reload] Update SuccessfulName: /ndnsd/p2/service-info/reload/1605894475443260697%20nanoseconds%20since%20Jan%201%2C%201970
MetaInfo: [ContentType: 0, FreshnessPeriod: 1000 milliseconds]
Content: [17 bytes]
Signature: [type: SignatureSha256WithEcdsa, length: 72]
1605894475.446101 DEBUG: [ndnsd.Tools.Reload] Tentative next interest schedule in : 40 milliseconds
1605894475.574598  INFO: [ndnsd.Tools.Reload] Sending reload interest: /ndnsd/p2/service-info/reload/1605894475574500827%20nanoseconds%20since%20Jan%201%2C%201970?MustBeFresh
1605894475.577602  INFO: [ndnsd.Tools.Reload] Update SuccessfulName: /ndnsd/p2/service-info/reload/1605894475574500827%20nanoseconds%20since%20Jan%201%2C%201970
MetaInfo: [ContentType: 0, FreshnessPeriod: 1000 milliseconds]
Content: [17 bytes]
Signature: [type: SignatureSha256WithEcdsa, length: 72]
1605894475.577637 DEBUG: [ndnsd.Tools.Reload] Tentative next interest schedule in : 84 milliseconds
1605894475.661861  INFO: [ndnsd.Tools.Reload] Sending reload interest: /ndnsd/p2/service-info/reload/1605894475661826762%20nanoseconds%20since%20Jan%201%2C%201970?MustBeFresh
1605894475.664936  INFO: [ndnsd.Tools.Reload] Update SuccessfulName: /ndnsd/p2/service-info/reload/1605894475661826762%20nanoseconds%20since%20Jan%201%2C%201970
MetaInfo: [ContentType: 0, FreshnessPeriod: 1000 milliseconds]
Content: [17 bytes]
Signature: [type: SignatureSha256WithEcdsa, length: 72]
1605894475.664970 DEBUG: [ndnsd.Tools.Reload] Tentative next interest schedule in : 40 milliseconds
1605894475.705418  INFO: [ndnsd.Tools.Reload] Sending reload interest: /ndnsd/p2/service-info/reload/1605894475705382626%20nanoseconds%20since%20Jan%201%2C%201970?MustBeFresh
1605894475.710215  INFO: [ndnsd.Tools.Reload] Update SuccessfulName: /ndnsd/p2/service-info/reload/1605894475705382626%20nanoseconds%20since%20Jan%201%2C%201970
MetaInfo: [ContentType: 0, FreshnessPeriod: 1000 milliseconds]
Content: [17 bytes]
Signature: [type: SignatureSha256WithEcdsa, length: 72]
1605894475.710248 DEBUG: [ndnsd.Tools.Reload] Tentative next interest schedule in : 46 milliseconds
1605894475.756739  INFO: [ndnsd.Tools.Reload] Sending reload interest: /ndnsd/p2/service-info/reload/1605894475756688965%20nanoseconds%20since%20Jan%201%2C%201970?MustBeFresh
1605894475.759019  INFO: [ndnsd.Tools.Reload] Update SuccessfulName: /ndnsd/p2/service-info/reload/1605894475756688965%20nanoseconds%20since%20Jan%201%2C%201970
MetaInfo: [ContentType: 0, FreshnessPeriod: 1000 milliseconds]
Content: [17 bytes]
Signature: [type: SignatureSha256WithEcdsa, length: 71]
1605894475.759046 DEBUG: [ndnsd.Tools.Reload] Tentative next interest schedule in : 49 milliseconds
1605894475.814535  INFO: [ndnsd.Tools.Reload] Sending reload interest: /ndnsd/p2/service-info/reload/1605894475814485989%20nanoseconds%20since%20Jan%201%2C%201970?MustBeFresh
1605894475.816576  INFO: [ndnsd.Tools.Reload] Update SuccessfulName: /ndnsd/p2/service-info/reload/1605894475814485989%20nanoseconds%20since%20Jan%201%2C%201970
MetaInfo: [ContentType: 0, FreshnessPeriod: 1000 milliseconds]
Content: [17 bytes]
Signature: [type: SignatureSha256WithEcdsa, length: 71]
1605894475.816644 DEBUG: [ndnsd.Tools.Reload] Tentative next interest schedule in : 46 milliseconds
1605894475.863932  INFO: [ndnsd.Tools.Reload] Sending reload interest: /ndnsd/p2/service-info/reload/1605894475863894312%20nanoseconds%20since%20Jan%201%2C%201970?MustBeFresh
1605894475.866495  INFO: [ndnsd.Tools.Reload] Update SuccessfulName: /ndnsd/p2/service-info/reload/1605894475863894312%20nanoseconds%20since%20Jan%201%2C%201970
MetaInfo: [ContentType: 0, FreshnessPeriod: 1000 milliseconds]
Content: [17 bytes]
Signature: [type: SignatureSha256WithEcdsa, length: 70]
1605894475.866529 DEBUG: [ndnsd.Tools.Reload] Tentative next interest schedule in : 72 milliseconds
1605894475.938881  INFO: [ndnsd.Tools.Reload] Sending reload interest: /ndnsd/p2/service-info/reload/1605894475938830788%20nanoseconds%20since%20Jan%201%2C%201970?MustBeFresh
1605894475.941938  INFO: [ndnsd.Tools.Reload] Update SuccessfulName: /ndnsd/p2/service-info/reload/1605894475938830788%20nanoseconds%20since%20Jan%201%2C%201970
MetaInfo: [ContentType: 0, FreshnessPeriod: 1000 milliseconds]
Content: [17 bytes]
Signature: [type: SignatureSha256WithEcdsa, length: 71]
1605894475.941975 DEBUG: [ndnsd.Tools.Reload] Tentative next interest schedule in : 51 milliseconds
1605894475.993932  INFO: [ndnsd.Tools.Reload] Sending reload interest: /ndnsd/p2/service-info/reload/1605894475993898655%20nanoseconds%20since%20Jan%201%2C%201970?MustBeFresh
