1605734368.089371  INFO: [nlsr.ConfParameter] Router Name: /%C1.Router/cs/p1
1605734368.089403  INFO: [nlsr.ConfParameter] Site Name: /p1-site
1605734368.089407  INFO: [nlsr.ConfParameter] Network: /ndn
1605734368.089409  INFO: [nlsr.ConfParameter] Router Prefix: /ndn/p1-site/%C1.Router/cs/p1
1605734368.089411  INFO: [nlsr.ConfParameter] Sync Prefix: /localhop/ndn/nlsr/sync/%FD%08
1605734368.089414  INFO: [nlsr.ConfParameter] Sync LSA prefix: /localhop/ndn/nlsr/LSA
1605734368.089416  INFO: [nlsr.ConfParameter] Hello Interest retry number: 3
1605734368.089420  INFO: [nlsr.ConfParameter] Hello Interest resend second: 1
1605734368.089421  INFO: [nlsr.ConfParameter] Info Interest interval: 60
1605734368.089423  INFO: [nlsr.ConfParameter] LSA refresh time: 1800
1605734368.089425  INFO: [nlsr.ConfParameter] FIB Entry refresh time: 3600
1605734368.089426  INFO: [nlsr.ConfParameter] LSA Interest lifetime: 4 seconds
1605734368.089440  INFO: [nlsr.ConfParameter] Router dead interval: 3600
1605734368.089445  INFO: [nlsr.ConfParameter] Max Faces Per Prefix: 3
1605734368.089447  INFO: [nlsr.ConfParameter] State Directory: /tmp/minindn/p1/log
1605734368.089449  INFO: [nlsr.ConfParameter] Adjacency LSA build interval:  10
1605734368.089450  INFO: [nlsr.ConfParameter] Routing calculation interval:  15
1605734368.089453 DEBUG: [nlsr.ConfParameter] Initializing Key ...
1605734368.089878  WARN: [nlsr.ConfParameter] Identity /ndn/p1-site/%C1.Router/cs/p1/nlsr does not exist
1605734368.102741 ERROR: [nlsr.ConfParameter] Router's Identity /ndn/p1-site/%C1.Router/cs/p1 does not exist, NLSR is running without security. If security is enabled in the configuration, NLSR will not converge.
1605734368.102785 DEBUG: [nlsr.SyncProtocolAdapter] Using PSync
1605734368.104068 DEBUG: [nlsr.SequencingManager] Seq File Name: /tmp/minindn/p1/log/nlsrSeqNo.txt
1605734368.104094 DEBUG: [nlsr.SequencingManager] Adj LSA seq no: 0
1605734368.104098 DEBUG: [nlsr.SequencingManager] Name LSA Seq no: 0
1605734368.104121 DEBUG: [nlsr.update.PrefixUpdateProcessor] Setting dispatcher to capture Interests for: /localhost/nlsr/prefix-update
1605734368.104156 DEBUG: [nlsr.Nlsr] Initializing Nlsr
1605734368.104654 DEBUG: [nlsr.Nlsr] Default NLSR identity: /ndn/p1-site/%C1.Router/cs/p1/nlsr
1605734368.104670 DEBUG: [nlsr.Nlsr] Setting interest filter for Hello interest: /ndn/p1-site/%C1.Router/cs/p1/nlsr/INFO
1605734368.105064 DEBUG: [nlsr.Nlsr] Setting interest filter for LsaPrefix: /localhop/ndn/nlsr/LSA
1605734368.105220 DEBUG: [nlsr.Nlsr] Enabling incoming face id indication for local face.
1605734368.105609 DEBUG: [nlsr.AdjacencyList] -------Adjacency List--------
1605734368.105625 DEBUG: [nlsr.AdjacencyList] Adjacent: /ndn/c1-site/%C1.Router/cs/c1
		Connecting FaceUri: udp4://10.0.0.1:6363
		Link cost: 10
		Status: 0
		Interest Timed Out: 0
1605734368.105647 DEBUG: [nlsr.AdjacencyList] Adjacent: /ndn/p2-site/%C1.Router/cs/p2
		Connecting FaceUri: udp4://10.0.0.10:6363
		Link cost: 10
		Status: 0
		Interest Timed Out: 0
1605734368.105664 DEBUG: [nlsr.Nlsr] Name prefix list: {
/ndn/p1-site/p1
Sources:
  
}
1605734368.105675 DEBUG: [nlsr.SequencingManager] Adj LSA seq no: 0
1605734368.105678 DEBUG: [nlsr.SequencingManager] Name LSA Seq no: 1
1605734368.105936 DEBUG: [nlsr.Lsdb] Adding NAME LSA
1605734368.105950 DEBUG: [nlsr.Lsdb]     NAME LSA:
      Origin Router      : /ndn/p1-site/%C1.Router/cs/p1
      Sequence Number    : 1
      Expires in         : 3599999 milliseconds
      Names:
        Name 0: /ndn/p1-site/p1
1605734368.113116 DEBUG: [nlsr.Nlsr] Successfully registered prefix: /ndn/p1-site/%C1.Router/cs/p1/nlsr/INFO
1605734368.115634 DEBUG: [nlsr.SyncLogicHandler] Update Name: /localhop/ndn/nlsr/LSA/p2-site/%C1.Router/cs/p2/NAME Seq no: 3
1605734368.115666 DEBUG: [nlsr.SyncLogicHandler] Origin Router of update: /ndn/p2-site/%C1.Router/cs/p2
1605734368.115678 DEBUG: [nlsr.SyncLogicHandler] Received sync update with higher NAME sequence number than entry in LSDB
1605734368.115752 DEBUG: [nlsr.Lsdb] Fetching Data for LSA: /localhop/ndn/nlsr/LSA/p2-site/%C1.Router/cs/p2/NAME/%03 Seq number: 3
1605734368.116530 DEBUG: [nlsr.SyncLogicHandler] Update Name: /localhop/ndn/nlsr/LSA/p2-site/%C1.Router/cs/p2/ADJACENCY Seq no: 2
1605734368.116544 DEBUG: [nlsr.SyncLogicHandler] Origin Router of update: /ndn/p2-site/%C1.Router/cs/p2
1605734368.116550 DEBUG: [nlsr.SyncLogicHandler] Received sync update with higher ADJACENCY sequence number than entry in LSDB
1605734368.116562 DEBUG: [nlsr.Lsdb] Fetching Data for LSA: /localhop/ndn/nlsr/LSA/p2-site/%C1.Router/cs/p2/ADJACENCY/%02 Seq number: 2
1605734368.116582 DEBUG: [nlsr.SyncLogicHandler] Update Name: /localhop/ndn/nlsr/LSA/c1-site/%C1.Router/cs/c1/ADJACENCY Seq no: 2
1605734368.116589 DEBUG: [nlsr.SyncLogicHandler] Origin Router of update: /ndn/c1-site/%C1.Router/cs/c1
1605734368.116593 DEBUG: [nlsr.SyncLogicHandler] Received sync update with higher ADJACENCY sequence number than entry in LSDB
1605734368.116649 DEBUG: [nlsr.Lsdb] Fetching Data for LSA: /localhop/ndn/nlsr/LSA/c1-site/%C1.Router/cs/c1/ADJACENCY/%02 Seq number: 2
1605734368.117708 DEBUG: [nlsr.SyncLogicHandler] Update Name: /localhop/ndn/nlsr/LSA/c2-site/%C1.Router/cs/c2/NAME Seq no: 2
1605734368.117739 DEBUG: [nlsr.SyncLogicHandler] Origin Router of update: /ndn/c2-site/%C1.Router/cs/c2
1605734368.117749 DEBUG: [nlsr.SyncLogicHandler] Received sync update with higher NAME sequence number than entry in LSDB
1605734368.117771 DEBUG: [nlsr.Lsdb] Fetching Data for LSA: /localhop/ndn/nlsr/LSA/c2-site/%C1.Router/cs/c2/NAME/%02 Seq number: 2
1605734368.119011 DEBUG: [nlsr.SyncLogicHandler] Update Name: /localhop/ndn/nlsr/LSA/c2-site/%C1.Router/cs/c2/ADJACENCY Seq no: 2
1605734368.119210 DEBUG: [nlsr.SyncLogicHandler] Origin Router of update: /ndn/c2-site/%C1.Router/cs/c2
1605734368.119227 DEBUG: [nlsr.SyncLogicHandler] Received sync update with higher ADJACENCY sequence number than entry in LSDB
1605734368.119252 DEBUG: [nlsr.Lsdb] Fetching Data for LSA: /localhop/ndn/nlsr/LSA/c2-site/%C1.Router/cs/c2/ADJACENCY/%02 Seq number: 2
1605734368.119355 DEBUG: [nlsr.SyncLogicHandler] Update Name: /localhop/ndn/nlsr/LSA/c1-site/%C1.Router/cs/c1/NAME Seq no: 2
1605734368.119371 DEBUG: [nlsr.SyncLogicHandler] Origin Router of update: /ndn/c1-site/%C1.Router/cs/c1
1605734368.119379 DEBUG: [nlsr.SyncLogicHandler] Received sync update with higher NAME sequence number than entry in LSDB
1605734368.119402 DEBUG: [nlsr.Lsdb] Fetching Data for LSA: /localhop/ndn/nlsr/LSA/c1-site/%C1.Router/cs/c1/NAME/%02 Seq number: 2
1605734368.119434 DEBUG: [nlsr.SyncLogicHandler] Update Name: /localhop/ndn/nlsr/LSA/p1-site/%C1.Router/cs/p1/ADJACENCY Seq no: 2
1605734368.119446 DEBUG: [nlsr.SyncLogicHandler] Origin Router of update: /ndn/p1-site/%C1.Router/cs/p1
1605734368.119450 DEBUG: [nlsr.SyncLogicHandler] Update Name: /localhop/ndn/nlsr/LSA/p1-site/%C1.Router/cs/p1/NAME Seq no: 3
1605734368.119458 DEBUG: [nlsr.SyncLogicHandler] Origin Router of update: /ndn/p1-site/%C1.Router/cs/p1
1605734368.120613 DEBUG: [nlsr.route.Fib] Successfully set strategy choice: /localhost/nfd/strategy/multicast/%FD%03 for name: /localhop/ndn/nlsr/LSA
1605734368.120664 DEBUG: [nlsr.route.Fib] Successfully set strategy choice: /localhost/nfd/strategy/multicast/%FD%03 for name: /localhop/ndn/nlsr/sync/%FD%08
1605734368.120701 DEBUG: [nlsr.Nlsr] Successfully enabled incoming face id indicationfor face id 280
1605734368.121134 DEBUG: [nlsr.Nlsr] Processing face dataset
1605734368.121151 DEBUG: [nlsr.Nlsr] FaceUri: udp4://10.0.0.1:6363 FaceId: 263
1605734368.121156 DEBUG: [nlsr.route.Fib] Registering prefix: /ndn/c1-site/%C1.Router/cs/c1 faceUri: udp4://10.0.0.1:6363
1605734368.121255 DEBUG: [nlsr.route.Fib] Registering prefix: /localhop/ndn/nlsr/LSA faceUri: udp4://10.0.0.1:6363
1605734368.121432 DEBUG: [nlsr.Nlsr] FaceUri: udp4://10.0.0.10:6363 FaceId: 266
1605734368.121443 DEBUG: [nlsr.route.Fib] Registering prefix: /ndn/p2-site/%C1.Router/cs/p2 faceUri: udp4://10.0.0.10:6363
1605734368.121633 DEBUG: [nlsr.route.Fib] Registering prefix: /localhop/ndn/nlsr/LSA faceUri: udp4://10.0.0.10:6363
1605734368.121909 DEBUG: [nlsr.Nlsr] Scheduling Dataset Fetch in 3600 seconds
1605734368.124548 DEBUG: [nlsr.Nlsr] Successfully registered prefix: /localhop/ndn/nlsr/LSA
1605734368.130691 DEBUG: [nlsr.Nlsr] Successfully registered prefix: /localhost/nlsr
1605734368.131518 DEBUG: [nlsr.Nlsr] Successfully registered prefix: /ndn/p1-site/%C1.Router/cs/p1/nlsr
1605734368.137102 DEBUG: [nlsr.CertificateStore] KEY prefix: /ndn/p1-site/%C1.Router/cs/p1/nlsr/KEY registration is successful.
1605734368.137336 DEBUG: [nlsr.CertificateStore] KEY prefix: /ndn/p1-site/%C1.Router/cs/p1/KEY registration is successful.
1605734368.137691 DEBUG: [nlsr.CertificateStore] KEY prefix: /ndn/p1-site/%C1.Operator registration is successful.
1605734368.138255 DEBUG: [nlsr.Lsdb] Received data for LSA interest: /localhop/ndn/nlsr/LSA/p2-site/%C1.Router/cs/p2/NAME/%03
1605734368.138431 DEBUG: [nlsr.Lsdb] Adding NAME LSA
1605734368.138452 DEBUG: [nlsr.Lsdb]     NAME LSA:
      Origin Router      : /ndn/p2-site/%C1.Router/cs/p2
      Sequence Number    : 3
      Expires in         : 1996861 milliseconds
      Names:
        Name 0: /ndn/p2-site/p2
        Name 1: /ndnsd/p2/service-info
        Name 2: /discovery/printer
1605734368.138477 DEBUG: [nlsr.route.NamePrefixTable] Adding origin: /ndn/p2-site/%C1.Router/cs/p2 to a new name prefix: /ndn/p2-site/%C1.Router/cs/p2
1605734368.138483 DEBUG: [nlsr.route.Fib] Fib::remove called
1605734368.138487 DEBUG: [nlsr.route.NamePrefixTable] Adding origin: /ndn/p2-site/%C1.Router/cs/p2 to a new name prefix: /ndn/p2-site/p2
1605734368.138490 DEBUG: [nlsr.route.Fib] Fib::remove called
1605734368.138492 DEBUG: [nlsr.route.NamePrefixTable] Adding origin: /ndn/p2-site/%C1.Router/cs/p2 to a new name prefix: /ndnsd/p2/service-info
1605734368.138495 DEBUG: [nlsr.route.Fib] Fib::remove called
1605734368.138497 DEBUG: [nlsr.route.NamePrefixTable] Adding origin: /ndn/p2-site/%C1.Router/cs/p2 to a new name prefix: /discovery/printer
1605734368.138500 DEBUG: [nlsr.route.Fib] Fib::remove called
1605734368.138557 DEBUG: [nlsr.Lsdb] Received data for LSA interest: /localhop/ndn/nlsr/LSA/p2-site/%C1.Router/cs/p2/ADJACENCY/%02
1605734368.138674 DEBUG: [nlsr.Lsdb] Adding ADJACENCY LSA
1605734368.138683 DEBUG: [nlsr.Lsdb]     ADJACENCY LSA:
      Origin Router      : /ndn/p2-site/%C1.Router/cs/p2
      Sequence Number    : 2
      Expires in         : 3342861 milliseconds
      Adjacent(s):
        Adjacent 0: (name=/ndn/p1-site/%C1.Router/cs/p1, uri=udp4://10.0.0.9:6363, cost=10)
        Adjacent 1: (name=/ndn/c2-site/%C1.Router/cs/c2, uri=udp4://10.0.0.5:6363, cost=10)
1605734368.138701 DEBUG: [nlsr.route.Fib] Fib::remove called
1605734368.138707 DEBUG: [nlsr.route.RoutingTable] Scheduling routing table calculation in 15 seconds
1605734368.138750 DEBUG: [nlsr.Lsdb] Received data for LSA interest: /localhop/ndn/nlsr/LSA/c1-site/%C1.Router/cs/c1/ADJACENCY/%02
1605734368.138853 DEBUG: [nlsr.Lsdb] Adding ADJACENCY LSA
1605734368.138857 DEBUG: [nlsr.Lsdb]     ADJACENCY LSA:
      Origin Router      : /ndn/c1-site/%C1.Router/cs/c1
      Sequence Number    : 2
      Expires in         : 3341861 milliseconds
      Adjacent(s):
        Adjacent 0: (name=/ndn/p1-site/%C1.Router/cs/p1, uri=udp4://10.0.0.2:6363, cost=10)
1605734368.138874 DEBUG: [nlsr.route.NamePrefixTable] Adding origin: /ndn/c1-site/%C1.Router/cs/c1 to a new name prefix: /ndn/c1-site/%C1.Router/cs/c1
1605734368.138878 DEBUG: [nlsr.route.Fib] Fib::remove called
1605734368.138919 DEBUG: [nlsr.Lsdb] Received data for LSA interest: /localhop/ndn/nlsr/LSA/c2-site/%C1.Router/cs/c2/NAME/%02
1605734368.138996 DEBUG: [nlsr.Lsdb] Adding NAME LSA
1605734368.138998 DEBUG: [nlsr.Lsdb]     NAME LSA:
      Origin Router      : /ndn/c2-site/%C1.Router/cs/c2
      Sequence Number    : 2
      Expires in         : 3328860 milliseconds
      Names:
        Name 0: /ndn/c2-site/c2
1605734368.139010 DEBUG: [nlsr.route.NamePrefixTable] Adding origin: /ndn/c2-site/%C1.Router/cs/c2 to a new name prefix: /ndn/c2-site/%C1.Router/cs/c2
1605734368.139014 DEBUG: [nlsr.route.Fib] Fib::remove called
1605734368.139017 DEBUG: [nlsr.route.NamePrefixTable] Adding origin: /ndn/c2-site/%C1.Router/cs/c2 to a new name prefix: /ndn/c2-site/c2
1605734368.139020 DEBUG: [nlsr.route.Fib] Fib::remove called
1605734368.139062 DEBUG: [nlsr.Lsdb] Received data for LSA interest: /localhop/ndn/nlsr/LSA/c2-site/%C1.Router/cs/c2/ADJACENCY/%02
1605734368.139146 DEBUG: [nlsr.Lsdb] Adding ADJACENCY LSA
1605734368.139149 DEBUG: [nlsr.Lsdb]     ADJACENCY LSA:
      Origin Router      : /ndn/c2-site/%C1.Router/cs/c2
      Sequence Number    : 2
      Expires in         : 3342860 milliseconds
      Adjacent(s):
        Adjacent 0: (name=/ndn/p2-site/%C1.Router/cs/p2, uri=udp4://10.0.0.6:6363, cost=10)
1605734368.139164 DEBUG: [nlsr.route.Fib] Fib::remove called
1605734368.139206 DEBUG: [nlsr.Lsdb] Received data for LSA interest: /localhop/ndn/nlsr/LSA/c1-site/%C1.Router/cs/c1/NAME/%02
1605734368.139307 DEBUG: [nlsr.Lsdb] Adding NAME LSA
1605734368.139310 DEBUG: [nlsr.Lsdb]     NAME LSA:
      Origin Router      : /ndn/c1-site/%C1.Router/cs/c1
      Sequence Number    : 2
      Expires in         : 3326860 milliseconds
      Names:
        Name 0: /ndn/c1-site/c1
1605734368.139321 DEBUG: [nlsr.route.Fib] Fib::remove called
1605734368.139326 DEBUG: [nlsr.route.NamePrefixTable] Adding origin: /ndn/c1-site/%C1.Router/cs/c1 to a new name prefix: /ndn/c1-site/c1
1605734368.139332 DEBUG: [nlsr.route.Fib] Fib::remove called
1605734368.139370 DEBUG: [nlsr.CertificateStore] KEY prefix: /ndn/p1-site/KEY registration is successful.
1605734368.139409 DEBUG: [nlsr.route.Fib] Successfully set strategy choice: /localhost/nfd/strategy/best-route/%FD%05 for name: /ndn/p2-site/%C1.Router/cs/p2/KEY
1605734368.139437 DEBUG: [nlsr.route.Fib] Successfully set strategy choice: /localhost/nfd/strategy/best-route/%FD%05 for name: /ndn/p2-site/%C1.Router/cs/p2/nlsr/KEY
1605734368.139460 DEBUG: [nlsr.route.Fib] Successfully set strategy choice: /localhost/nfd/strategy/best-route/%FD%05 for name: /ndn/p2-site/KEY
1605734368.139490 DEBUG: [nlsr.route.Fib] Successfully set strategy choice: /localhost/nfd/strategy/best-route/%FD%05 for name: /ndn/p2-site/%C1.Operator
1605734368.139530 DEBUG: [nlsr.route.Fib] Successfully set strategy choice: /localhost/nfd/strategy/best-route/%FD%05 for name: /ndn/c1-site/%C1.Router/cs/c1/KEY
1605734368.139615 DEBUG: [nlsr.route.Fib] Successfully set strategy choice: /localhost/nfd/strategy/best-route/%FD%05 for name: /ndn/c1-site/%C1.Router/cs/c1/nlsr/KEY
1605734368.139663 DEBUG: [nlsr.route.Fib] Successfully set strategy choice: /localhost/nfd/strategy/best-route/%FD%05 for name: /ndn/c1-site/KEY
1605734368.139707 DEBUG: [nlsr.route.Fib] Successfully set strategy choice: /localhost/nfd/strategy/best-route/%FD%05 for name: /ndn/c1-site/%C1.Operator
1605734368.139730 DEBUG: [nlsr.route.Fib] Successfully set strategy choice: /localhost/nfd/strategy/best-route/%FD%05 for name: /ndn/c2-site/%C1.Router/cs/c2/KEY
1605734368.139753 DEBUG: [nlsr.route.Fib] Successfully set strategy choice: /localhost/nfd/strategy/best-route/%FD%05 for name: /ndn/c2-site/%C1.Router/cs/c2/nlsr/KEY
1605734368.139777 DEBUG: [nlsr.route.Fib] Successfully set strategy choice: /localhost/nfd/strategy/best-route/%FD%05 for name: /ndn/c2-site/KEY
1605734368.139991 DEBUG: [nlsr.route.Fib] Successfully set strategy choice: /localhost/nfd/strategy/best-route/%FD%05 for name: /ndn/c2-site/%C1.Operator
1605734368.140087 DEBUG: [nlsr.route.Fib] Successful in name registration: /ndn/c1-site/%C1.Router/cs/c1 Face Uri: udp4://10.0.0.1:6363 faceId: 263
1605734368.140171 DEBUG: [nlsr.HelloProtocol] Expressing Interest: /ndn/c1-site/%C1.Router/cs/c1/nlsr/INFO/%07%20%08%03ndn%08%07p1-site%08%08%C1.Router%08%02cs%08%02p1
1605734368.140188 DEBUG: [nlsr.HelloProtocol] Sending HELLO interest: /ndn/c1-site/%C1.Router/cs/c1/nlsr/INFO/%07%20%08%03ndn%08%07p1-site%08%08%C1.Router%08%02cs%08%02p1
1605734368.140349 DEBUG: [nlsr.route.Fib] Successful in name registration: /localhop/ndn/nlsr/LSA Face Uri: udp4://10.0.0.1:6363 faceId: 263
1605734368.140401 DEBUG: [nlsr.route.Fib] Successful in name registration: /ndn/p2-site/%C1.Router/cs/p2 Face Uri: udp4://10.0.0.10:6363 faceId: 266
1605734368.140514 DEBUG: [nlsr.HelloProtocol] Expressing Interest: /ndn/p2-site/%C1.Router/cs/p2/nlsr/INFO/%07%20%08%03ndn%08%07p1-site%08%08%C1.Router%08%02cs%08%02p1
1605734368.140531 DEBUG: [nlsr.HelloProtocol] Sending HELLO interest: /ndn/p2-site/%C1.Router/cs/p2/nlsr/INFO/%07%20%08%03ndn%08%07p1-site%08%08%C1.Router%08%02cs%08%02p1
1605734368.140596 DEBUG: [nlsr.route.Fib] Successful in name registration: /localhop/ndn/nlsr/LSA Face Uri: udp4://10.0.0.10:6363 faceId: 266
1605734368.164886 DEBUG: [nlsr.HelloProtocol] Received data for INFO(name): /ndn/p2-site/%C1.Router/cs/p2/nlsr/INFO/%07%20%08%03ndn%08%07p1-site%08%08%C1.Router%08%02cs%08%02p1/%FD%00%00%01u%DD%3A%03%98
1605734368.164935 DEBUG: [nlsr.HelloProtocol] Data signed with: /ndn/p2-site/%C1.Router/cs/p2/nlsr/KEY/%7C%15%15%C7%E7w%C2%9E
1605734368.164952 DEBUG: [nlsr.HelloProtocol] Data validation successful for INFO(name): /ndn/p2-site/%C1.Router/cs/p2/nlsr/INFO/%07%20%08%03ndn%08%07p1-site%08%08%C1.Router%08%02cs%08%02p1/%FD%00%00%01u%DD%3A%03%98
1605734368.164970 DEBUG: [nlsr.HelloProtocol] Neighbor : /ndn/p2-site/%C1.Router/cs/p2
1605734368.164975 DEBUG: [nlsr.HelloProtocol] Old Status: 0 New Status: 1
1605734368.164981 DEBUG: [nlsr.Lsdb] Scheduling Adjacency LSA build in 10 seconds
1605734368.165009 DEBUG: [nlsr.route.Fib] Registering prefix: /localhop/ndn/nlsr/sync/%FD%08 faceUri: udp4://10.0.0.10:6363
1605734368.165340 DEBUG: [nlsr.HelloProtocol] Received data for INFO(name): /ndn/c1-site/%C1.Router/cs/c1/nlsr/INFO/%07%20%08%03ndn%08%07p1-site%08%08%C1.Router%08%02cs%08%02p1/%FD%00%00%01u%DD%3A%03%98
1605734368.165366 DEBUG: [nlsr.HelloProtocol] Data signed with: /ndn/c1-site/%C1.Router/cs/c1/nlsr/KEY/%82%81%ECN%7F%8Bq%5E
1605734368.165377 DEBUG: [nlsr.HelloProtocol] Data validation successful for INFO(name): /ndn/c1-site/%C1.Router/cs/c1/nlsr/INFO/%07%20%08%03ndn%08%07p1-site%08%08%C1.Router%08%02cs%08%02p1/%FD%00%00%01u%DD%3A%03%98
1605734368.165390 DEBUG: [nlsr.HelloProtocol] Neighbor : /ndn/c1-site/%C1.Router/cs/c1
1605734368.165394 DEBUG: [nlsr.HelloProtocol] Old Status: 0 New Status: 1
1605734368.165399 DEBUG: [nlsr.Lsdb] Rescheduling Adjacency LSA build in 10 seconds
1605734368.165414 DEBUG: [nlsr.route.Fib] Registering prefix: /localhop/ndn/nlsr/sync/%FD%08 faceUri: udp4://10.0.0.1:6363
1605734368.166936 DEBUG: [nlsr.route.Fib] Successful in name registration: /localhop/ndn/nlsr/sync/%FD%08 Face Uri: udp4://10.0.0.10:6363 faceId: 266
1605734368.167168 DEBUG: [nlsr.route.Fib] Successful in name registration: /localhop/ndn/nlsr/sync/%FD%08 Face Uri: udp4://10.0.0.1:6363 faceId: 263
1605734378.166306 DEBUG: [nlsr.Lsdb] Building and installing own Adj LSA
1605734378.166366 DEBUG: [nlsr.SequencingManager] Adj LSA seq no: 1
1605734378.166373 DEBUG: [nlsr.SequencingManager] Name LSA Seq no: 1
1605734378.166683 DEBUG: [nlsr.Lsdb] Adding ADJACENCY LSA
1605734378.166701 DEBUG: [nlsr.Lsdb]     ADJACENCY LSA:
      Origin Router      : /ndn/p1-site/%C1.Router/cs/p1
      Sequence Number    : 1
      Expires in         : 3599999 milliseconds
      Adjacent(s):
        Adjacent 0: (name=/ndn/c1-site/%C1.Router/cs/c1, uri=udp4://10.0.0.1:6363, cost=10)
        Adjacent 1: (name=/ndn/p2-site/%C1.Router/cs/p2, uri=udp4://10.0.0.10:6363, cost=10)
1605734383.139274 DEBUG: [nlsr.Lsdb] ---------------NAME LSDB-------------------
1605734383.139313 DEBUG: [nlsr.Lsdb]     NAME LSA:
      Origin Router      : /ndn/c1-site/%C1.Router/cs/c1
      Sequence Number    : 2
      Expires in         : 3311860 milliseconds
      Names:
        Name 0: /ndn/c1-site/c1
1605734383.139341 DEBUG: [nlsr.Lsdb]     NAME LSA:
      Origin Router      : /ndn/c2-site/%C1.Router/cs/c2
      Sequence Number    : 2
      Expires in         : 3313860 milliseconds
      Names:
        Name 0: /ndn/c2-site/c2
1605734383.139352 DEBUG: [nlsr.Lsdb]     NAME LSA:
      Origin Router      : /ndn/p2-site/%C1.Router/cs/p2
      Sequence Number    : 3
      Expires in         : 1981860 milliseconds
      Names:
        Name 0: /ndn/p2-site/p2
        Name 1: /ndnsd/p2/service-info
        Name 2: /discovery/printer
1605734383.139364 DEBUG: [nlsr.Lsdb]     NAME LSA:
      Origin Router      : /ndn/p1-site/%C1.Router/cs/p1
      Sequence Number    : 1
      Expires in         : 3584966 milliseconds
      Names:
        Name 0: /ndn/p1-site/p1
1605734383.139373 DEBUG: [nlsr.Lsdb] ---------------ADJACENCY LSDB-------------------
1605734383.139377 DEBUG: [nlsr.Lsdb]     ADJACENCY LSA:
      Origin Router      : /ndn/p1-site/%C1.Router/cs/p1
      Sequence Number    : 1
      Expires in         : 3595026 milliseconds
      Adjacent(s):
        Adjacent 0: (name=/ndn/c1-site/%C1.Router/cs/c1, uri=udp4://10.0.0.1:6363, cost=10)
        Adjacent 1: (name=/ndn/p2-site/%C1.Router/cs/p2, uri=udp4://10.0.0.10:6363, cost=10)
1605734383.139397 DEBUG: [nlsr.Lsdb]     ADJACENCY LSA:
      Origin Router      : /ndn/c2-site/%C1.Router/cs/c2
      Sequence Number    : 2
      Expires in         : 3327860 milliseconds
      Adjacent(s):
        Adjacent 0: (name=/ndn/p2-site/%C1.Router/cs/p2, uri=udp4://10.0.0.6:6363, cost=10)
1605734383.139408 DEBUG: [nlsr.Lsdb]     ADJACENCY LSA:
      Origin Router      : /ndn/c1-site/%C1.Router/cs/c1
      Sequence Number    : 2
      Expires in         : 3326860 milliseconds
      Adjacent(s):
        Adjacent 0: (name=/ndn/p1-site/%C1.Router/cs/p1, uri=udp4://10.0.0.2:6363, cost=10)
1605734383.139418 DEBUG: [nlsr.Lsdb]     ADJACENCY LSA:
      Origin Router      : /ndn/p2-site/%C1.Router/cs/p2
      Sequence Number    : 2
      Expires in         : 3327860 milliseconds
      Adjacent(s):
        Adjacent 0: (name=/ndn/p1-site/%C1.Router/cs/p1, uri=udp4://10.0.0.9:6363, cost=10)
        Adjacent 1: (name=/ndn/c2-site/%C1.Router/cs/c2, uri=udp4://10.0.0.5:6363, cost=10)
1605734383.139430 DEBUG: [nlsr.route.NamePrefixTable] ----------------NPT----------------------
Name: /ndn/p2-site/%C1.Router/cs/p2
  Destination: /ndn/p2-site/%C1.Router/cs/p2
    
Name: /ndn/p2-site/p2
  Destination: /ndn/p2-site/%C1.Router/cs/p2
    
Name: /ndnsd/p2/service-info
  Destination: /ndn/p2-site/%C1.Router/cs/p2
    
Name: /discovery/printer
  Destination: /ndn/p2-site/%C1.Router/cs/p2
    
Name: /ndn/c1-site/%C1.Router/cs/c1
  Destination: /ndn/c1-site/%C1.Router/cs/c1
    
Name: /ndn/c2-site/%C1.Router/cs/c2
  Destination: /ndn/c2-site/%C1.Router/cs/c2
    
Name: /ndn/c2-site/c2
  Destination: /ndn/c2-site/%C1.Router/cs/c2
    
Name: /ndn/c1-site/c1
  Destination: /ndn/c1-site/%C1.Router/cs/c1
    
1605734383.139457 DEBUG: [nlsr.route.RoutingTable] Calculating routing table
1605734383.139494 DEBUG: [nlsr.route.Map] ---------------Map----------------------
1605734383.139496 DEBUG: [nlsr.route.Map] MapEntry: ( Router: /ndn/p1-site/%C1.Router/cs/p1 Mapping No: 0 )
1605734383.139501 DEBUG: [nlsr.route.Map] MapEntry: ( Router: /ndn/c1-site/%C1.Router/cs/c1 Mapping No: 1 )
1605734383.139504 DEBUG: [nlsr.route.Map] MapEntry: ( Router: /ndn/p2-site/%C1.Router/cs/p2 Mapping No: 2 )
1605734383.139506 DEBUG: [nlsr.route.Map] MapEntry: ( Router: /ndn/c2-site/%C1.Router/cs/c2 Mapping No: 3 )
1605734383.139512 DEBUG: [nlsr.route.RoutingTableCalculator] LinkStateRoutingTableCalculator::calculatePath Called
1605734383.139525 DEBUG: [nlsr.route.RoutingTableCalculator] -----------Legend (routerName -> index)------
1605734383.139528 DEBUG: [nlsr.route.RoutingTableCalculator] Router:/ndn/p1-site/%C1.Router/cs/p1 Index:0
1605734383.139534 DEBUG: [nlsr.route.RoutingTableCalculator] Router:/ndn/c1-site/%C1.Router/cs/c1 Index:1
1605734383.139537 DEBUG: [nlsr.route.RoutingTableCalculator] Router:/ndn/p2-site/%C1.Router/cs/p2 Index:2
1605734383.139541 DEBUG: [nlsr.route.RoutingTableCalculator] Router:/ndn/c2-site/%C1.Router/cs/c2 Index:3
1605734383.139545 DEBUG: [nlsr.route.RoutingTableCalculator]  |0 1 2 3 
1605734383.139547 DEBUG: [nlsr.route.RoutingTableCalculator] ----------
1605734383.139552 DEBUG: [nlsr.route.RoutingTableCalculator] 0|0 10 10 0 
1605734383.139556 DEBUG: [nlsr.route.RoutingTableCalculator] 1|10 0 0 0 
1605734383.139558 DEBUG: [nlsr.route.RoutingTableCalculator] 2|10 0 0 10 
1605734383.139561 DEBUG: [nlsr.route.RoutingTableCalculator] 3|0 0 10 0 
1605734383.139564 DEBUG: [nlsr.route.RoutingTableCalculator] -----------Legend (routerName -> index)------
1605734383.139567 DEBUG: [nlsr.route.RoutingTableCalculator] Router:/ndn/p1-site/%C1.Router/cs/p1 Index:0
1605734383.139570 DEBUG: [nlsr.route.RoutingTableCalculator] Router:/ndn/c1-site/%C1.Router/cs/c1 Index:1
1605734383.139575 DEBUG: [nlsr.route.RoutingTableCalculator] Router:/ndn/p2-site/%C1.Router/cs/p2 Index:2
1605734383.139579 DEBUG: [nlsr.route.RoutingTableCalculator] Router:/ndn/c2-site/%C1.Router/cs/c2 Index:3
1605734383.139584 DEBUG: [nlsr.route.RoutingTableCalculator]  |0 1 2 3 
1605734383.139586 DEBUG: [nlsr.route.RoutingTableCalculator] ----------
1605734383.139588 DEBUG: [nlsr.route.RoutingTableCalculator] 0|0 10 0 0 
1605734383.139591 DEBUG: [nlsr.route.RoutingTableCalculator] 1|10 0 0 0 
1605734383.139594 DEBUG: [nlsr.route.RoutingTableCalculator] 2|10 0 0 10 
1605734383.139597 DEBUG: [nlsr.route.RoutingTableCalculator] 3|0 0 10 0 
1605734383.139600 DEBUG: [nlsr.route.RoutingTableCalculator] LinkStateRoutingTableCalculator::addAllNextHopsToRoutingTable Called
1605734383.139607 DEBUG: [nlsr.route.RoutingTable] Adding NextHop(Uri: udp4://10.0.0.1:6363, Cost: 10) for destination: /ndn/c1-site/%C1.Router/cs/c1
1605734383.139627 DEBUG: [nlsr.route.RoutingTableCalculator] -----------Legend (routerName -> index)------
1605734383.139629 DEBUG: [nlsr.route.RoutingTableCalculator] Router:/ndn/p1-site/%C1.Router/cs/p1 Index:0
1605734383.139633 DEBUG: [nlsr.route.RoutingTableCalculator] Router:/ndn/c1-site/%C1.Router/cs/c1 Index:1
1605734383.139635 DEBUG: [nlsr.route.RoutingTableCalculator] Router:/ndn/p2-site/%C1.Router/cs/p2 Index:2
1605734383.139639 DEBUG: [nlsr.route.RoutingTableCalculator] Router:/ndn/c2-site/%C1.Router/cs/c2 Index:3
1605734383.139643 DEBUG: [nlsr.route.RoutingTableCalculator]  |0 1 2 3 
1605734383.139644 DEBUG: [nlsr.route.RoutingTableCalculator] ----------
1605734383.139648 DEBUG: [nlsr.route.RoutingTableCalculator] 0|0 0 10 0 
1605734383.139650 DEBUG: [nlsr.route.RoutingTableCalculator] 1|10 0 0 0 
1605734383.139655 DEBUG: [nlsr.route.RoutingTableCalculator] 2|10 0 0 10 
1605734383.139657 DEBUG: [nlsr.route.RoutingTableCalculator] 3|0 0 10 0 
1605734383.139660 DEBUG: [nlsr.route.RoutingTableCalculator] LinkStateRoutingTableCalculator::addAllNextHopsToRoutingTable Called
1605734383.139666 DEBUG: [nlsr.route.RoutingTable] Adding NextHop(Uri: udp4://10.0.0.10:6363, Cost: 10) for destination: /ndn/p2-site/%C1.Router/cs/p2
1605734383.139673 DEBUG: [nlsr.route.RoutingTable] Adding NextHop(Uri: udp4://10.0.0.10:6363, Cost: 20) for destination: /ndn/c2-site/%C1.Router/cs/c2
1605734383.139681 DEBUG: [nlsr.route.RoutingTable] Calling Update NPT With new Route
1605734383.139685 DEBUG: [nlsr.route.NamePrefixTable] Updating table with newly calculated routes
1605734383.139688 DEBUG: [nlsr.route.NamePrefixTable] Routing entry: /ndn/c2-site/%C1.Router/cs/c2 has changed next-hops.
1605734383.139698 DEBUG: [nlsr.route.Fib] Fib::update called
1605734383.139797 DEBUG: [nlsr.route.Fib] New FIB Entry
1605734383.139826 DEBUG: [nlsr.route.Fib] Registering prefix: /ndn/c2-site/c2 faceUri: udp4://10.0.0.10:6363
1605734383.139992 DEBUG: [nlsr.route.Fib] Scheduling refresh for /ndn/c2-site/c2 Seq Num: 1 in 3600 seconds
1605734383.140016 DEBUG: [nlsr.route.Fib] Fib::update called
1605734383.140020 DEBUG: [nlsr.route.Fib] New FIB Entry
1605734383.140029 DEBUG: [nlsr.route.Fib] Registering prefix: /ndn/c2-site/%C1.Router/cs/c2 faceUri: udp4://10.0.0.10:6363
1605734383.140147 DEBUG: [nlsr.route.Fib] Scheduling refresh for /ndn/c2-site/%C1.Router/cs/c2 Seq Num: 1 in 3600 seconds
1605734383.140166 DEBUG: [nlsr.route.NamePrefixTable] Routing entry: /ndn/c1-site/%C1.Router/cs/c1 has changed next-hops.
1605734383.140173 DEBUG: [nlsr.route.Fib] Fib::update called
1605734383.140175 DEBUG: [nlsr.route.Fib] New FIB Entry
1605734383.140183 DEBUG: [nlsr.route.Fib] Registering prefix: /ndn/c1-site/c1 faceUri: udp4://10.0.0.1:6363
1605734383.140270 DEBUG: [nlsr.route.Fib] Scheduling refresh for /ndn/c1-site/c1 Seq Num: 1 in 3600 seconds
1605734383.140284 DEBUG: [nlsr.route.Fib] Fib::update called
1605734383.140287 DEBUG: [nlsr.route.Fib] New FIB Entry
1605734383.140292 DEBUG: [nlsr.route.NamePrefixTable] Routing entry: /ndn/p2-site/%C1.Router/cs/p2 has changed next-hops.
1605734383.140296 DEBUG: [nlsr.route.Fib] Fib::update called
1605734383.140298 DEBUG: [nlsr.route.Fib] New FIB Entry
1605734383.140306 DEBUG: [nlsr.route.Fib] Registering prefix: /ndn/p2-site/p2 faceUri: udp4://10.0.0.10:6363
1605734383.140390 DEBUG: [nlsr.route.Fib] Scheduling refresh for /ndn/p2-site/p2 Seq Num: 1 in 3600 seconds
1605734383.140406 DEBUG: [nlsr.route.Fib] Fib::update called
1605734383.140408 DEBUG: [nlsr.route.Fib] New FIB Entry
1605734383.140416 DEBUG: [nlsr.route.Fib] Registering prefix: /discovery/printer faceUri: udp4://10.0.0.10:6363
1605734383.140586 DEBUG: [nlsr.route.Fib] Scheduling refresh for /discovery/printer Seq Num: 1 in 3600 seconds
1605734383.140607 DEBUG: [nlsr.route.Fib] Fib::update called
1605734383.140610 DEBUG: [nlsr.route.Fib] New FIB Entry
1605734383.140619 DEBUG: [nlsr.route.Fib] Registering prefix: /ndnsd/p2/service-info faceUri: udp4://10.0.0.10:6363
1605734383.140706 DEBUG: [nlsr.route.Fib] Scheduling refresh for /ndnsd/p2/service-info Seq Num: 1 in 3600 seconds
1605734383.140720 DEBUG: [nlsr.route.Fib] Fib::update called
1605734383.140723 DEBUG: [nlsr.route.Fib] New FIB Entry
1605734383.140729 DEBUG: [nlsr.route.RoutingTable] Routing Table:
  Destination: /ndn/c1-site/%C1.Router/cs/c1
    NextHop(Uri: udp4://10.0.0.1:6363, Cost: 10)
  Destination: /ndn/p2-site/%C1.Router/cs/p2
    NextHop(Uri: udp4://10.0.0.10:6363, Cost: 10)
  Destination: /ndn/c2-site/%C1.Router/cs/c2
    NextHop(Uri: udp4://10.0.0.10:6363, Cost: 20)
1605734383.140741 DEBUG: [nlsr.route.NamePrefixTable] ----------------NPT----------------------
Name: /ndn/p2-site/%C1.Router/cs/p2
  Destination: /ndn/p2-site/%C1.Router/cs/p2
    NextHop(Uri: udp4://10.0.0.10:6363, Cost: 10)
Name: /ndn/p2-site/p2
  Destination: /ndn/p2-site/%C1.Router/cs/p2
    NextHop(Uri: udp4://10.0.0.10:6363, Cost: 10)
Name: /ndnsd/p2/service-info
  Destination: /ndn/p2-site/%C1.Router/cs/p2
    NextHop(Uri: udp4://10.0.0.10:6363, Cost: 10)
Name: /discovery/printer
  Destination: /ndn/p2-site/%C1.Router/cs/p2
    NextHop(Uri: udp4://10.0.0.10:6363, Cost: 10)
Name: /ndn/c1-site/%C1.Router/cs/c1
  Destination: /ndn/c1-site/%C1.Router/cs/c1
    NextHop(Uri: udp4://10.0.0.1:6363, Cost: 10)
Name: /ndn/c2-site/%C1.Router/cs/c2
  Destination: /ndn/c2-site/%C1.Router/cs/c2
    NextHop(Uri: udp4://10.0.0.10:6363, Cost: 20)
Name: /ndn/c2-site/c2
  Destination: /ndn/c2-site/%C1.Router/cs/c2
    NextHop(Uri: udp4://10.0.0.10:6363, Cost: 20)
Name: /ndn/c1-site/c1
  Destination: /ndn/c1-site/%C1.Router/cs/c1
    NextHop(Uri: udp4://10.0.0.1:6363, Cost: 10)
1605734383.140763 DEBUG: [nlsr.route.Fib] -------------------FIB-----------------------------
1605734383.140766 DEBUG: [nlsr.route.Fib] Name Prefix: /ndn/c1-site/c1
1605734383.140768 DEBUG: [nlsr.route.Fib] Seq No: 1
1605734383.140770 DEBUG: [nlsr.route.Fib]     NextHop(Uri: udp4://10.0.0.1:6363, Cost: 10)
1605734383.140774 DEBUG: [nlsr.route.Fib] Name Prefix: /ndn/c1-site/%C1.Router/cs/c1
1605734383.140777 DEBUG: [nlsr.route.Fib] Seq No: 1
1605734383.140778 DEBUG: [nlsr.route.Fib]     NextHop(Uri: udp4://10.0.0.1:6363, Cost: 10)
1605734383.140782 DEBUG: [nlsr.route.Fib] Name Prefix: /ndn/c2-site/c2
1605734383.140784 DEBUG: [nlsr.route.Fib] Seq No: 1
1605734383.140786 DEBUG: [nlsr.route.Fib]     NextHop(Uri: udp4://10.0.0.10:6363, Cost: 20)
1605734383.140789 DEBUG: [nlsr.route.Fib] Name Prefix: /ndn/c2-site/%C1.Router/cs/c2
1605734383.140791 DEBUG: [nlsr.route.Fib] Seq No: 1
1605734383.140794 DEBUG: [nlsr.route.Fib]     NextHop(Uri: udp4://10.0.0.10:6363, Cost: 20)
1605734383.140797 DEBUG: [nlsr.route.Fib] Name Prefix: /ndn/p2-site/p2
1605734383.140799 DEBUG: [nlsr.route.Fib] Seq No: 1
1605734383.140802 DEBUG: [nlsr.route.Fib]     NextHop(Uri: udp4://10.0.0.10:6363, Cost: 10)
1605734383.140805 DEBUG: [nlsr.route.Fib] Name Prefix: /ndn/p2-site/%C1.Router/cs/p2
1605734383.140807 DEBUG: [nlsr.route.Fib] Seq No: 1
1605734383.140809 DEBUG: [nlsr.route.Fib]     NextHop(Uri: udp4://10.0.0.10:6363, Cost: 10)
1605734383.140813 DEBUG: [nlsr.route.Fib] Name Prefix: /ndnsd/p2/service-info
1605734383.140815 DEBUG: [nlsr.route.Fib] Seq No: 1
1605734383.140817 DEBUG: [nlsr.route.Fib]     NextHop(Uri: udp4://10.0.0.10:6363, Cost: 10)
1605734383.140819 DEBUG: [nlsr.route.Fib] Name Prefix: /discovery/printer
1605734383.140822 DEBUG: [nlsr.route.Fib] Seq No: 1
1605734383.140824 DEBUG: [nlsr.route.Fib]     NextHop(Uri: udp4://10.0.0.10:6363, Cost: 10)
1605734383.142055 DEBUG: [nlsr.route.Fib] Successful in name registration: /ndn/c2-site/c2 Face Uri: udp4://10.0.0.10:6363 faceId: 266
1605734383.142519 DEBUG: [nlsr.route.Fib] Successful in name registration: /ndn/c2-site/%C1.Router/cs/c2 Face Uri: udp4://10.0.0.10:6363 faceId: 266
1605734383.142996 DEBUG: [nlsr.route.Fib] Successful in name registration: /ndn/c1-site/c1 Face Uri: udp4://10.0.0.1:6363 faceId: 263
1605734383.143588 DEBUG: [nlsr.route.Fib] Successful in name registration: /ndn/p2-site/p2 Face Uri: udp4://10.0.0.10:6363 faceId: 266
1605734383.143625 DEBUG: [nlsr.route.Fib] Successful in name registration: /discovery/printer Face Uri: udp4://10.0.0.10:6363 faceId: 266
1605734383.143647 DEBUG: [nlsr.route.Fib] Successful in name registration: /ndnsd/p2/service-info Face Uri: udp4://10.0.0.10:6363 faceId: 266
1605734428.277340 DEBUG: [nlsr.HelloProtocol] Expressing Interest: /ndn/c1-site/%C1.Router/cs/c1/nlsr/INFO/%07%20%08%03ndn%08%07p1-site%08%08%C1.Router%08%02cs%08%02p1
1605734428.277388 DEBUG: [nlsr.HelloProtocol] Sending HELLO interest: /ndn/c1-site/%C1.Router/cs/c1/nlsr/INFO/%07%20%08%03ndn%08%07p1-site%08%08%C1.Router%08%02cs%08%02p1
1605734428.277406 DEBUG: [nlsr.HelloProtocol] Expressing Interest: /ndn/p2-site/%C1.Router/cs/p2/nlsr/INFO/%07%20%08%03ndn%08%07p1-site%08%08%C1.Router%08%02cs%08%02p1
1605734428.277415 DEBUG: [nlsr.HelloProtocol] Sending HELLO interest: /ndn/p2-site/%C1.Router/cs/p2/nlsr/INFO/%07%20%08%03ndn%08%07p1-site%08%08%C1.Router%08%02cs%08%02p1
1605734428.301916 DEBUG: [nlsr.HelloProtocol] Received data for INFO(name): /ndn/p2-site/%C1.Router/cs/p2/nlsr/INFO/%07%20%08%03ndn%08%07p1-site%08%08%C1.Router%08%02cs%08%02p1/%FD%00%00%01u%DD%3A%EE%81
1605734428.301964 DEBUG: [nlsr.HelloProtocol] Data signed with: /ndn/p2-site/%C1.Router/cs/p2/nlsr/KEY/%7C%15%15%C7%E7w%C2%9E
1605734428.301982 DEBUG: [nlsr.HelloProtocol] Data validation successful for INFO(name): /ndn/p2-site/%C1.Router/cs/p2/nlsr/INFO/%07%20%08%03ndn%08%07p1-site%08%08%C1.Router%08%02cs%08%02p1/%FD%00%00%01u%DD%3A%EE%81
1605734428.302000 DEBUG: [nlsr.HelloProtocol] Neighbor : /ndn/p2-site/%C1.Router/cs/p2
1605734428.302005 DEBUG: [nlsr.HelloProtocol] Old Status: 1 New Status: 1
1605734428.302016 DEBUG: [nlsr.route.Fib] Registering prefix: /localhop/ndn/nlsr/sync/%FD%08 faceUri: udp4://10.0.0.10:6363
1605734428.302321 DEBUG: [nlsr.HelloProtocol] Received data for INFO(name): /ndn/c1-site/%C1.Router/cs/c1/nlsr/INFO/%07%20%08%03ndn%08%07p1-site%08%08%C1.Router%08%02cs%08%02p1/%FD%00%00%01u%DD%3A%EE%81
1605734428.302346 DEBUG: [nlsr.HelloProtocol] Data signed with: /ndn/c1-site/%C1.Router/cs/c1/nlsr/KEY/%82%81%ECN%7F%8Bq%5E
1605734428.302355 DEBUG: [nlsr.HelloProtocol] Data validation successful for INFO(name): /ndn/c1-site/%C1.Router/cs/c1/nlsr/INFO/%07%20%08%03ndn%08%07p1-site%08%08%C1.Router%08%02cs%08%02p1/%FD%00%00%01u%DD%3A%EE%81
1605734428.302374 DEBUG: [nlsr.HelloProtocol] Neighbor : /ndn/c1-site/%C1.Router/cs/c1
1605734428.302377 DEBUG: [nlsr.HelloProtocol] Old Status: 1 New Status: 1
1605734428.302382 DEBUG: [nlsr.route.Fib] Registering prefix: /localhop/ndn/nlsr/sync/%FD%08 faceUri: udp4://10.0.0.1:6363
1605734428.303689 DEBUG: [nlsr.route.Fib] Successful in name registration: /localhop/ndn/nlsr/sync/%FD%08 Face Uri: udp4://10.0.0.10:6363 faceId: 266
1605734428.304000 DEBUG: [nlsr.route.Fib] Successful in name registration: /localhop/ndn/nlsr/sync/%FD%08 Face Uri: udp4://10.0.0.1:6363 faceId: 263
1605734472.187421 DEBUG: [nlsr.update.PrefixUpdateProcessor] accept /localhost/nlsr/prefix-update/advertise/h%16%07%14%08%09discovery%08%07printer/%00%00%01u%DD%3B%99%F8/6%DERD1%FE%ED%E1/%16%2B%1B%01%03%1C%26%07%24%08%09localhost%08%08operator%08%03KEY%08%08%0C%27%9B%A7%01%DD7%8B/%17H0F%02%21%00%FA%AD%FE%CDm%B2PX%DEt%96%FE%C5%13e%E5%7F%0BKV%9F%26%8F%CB%3Ef%1C%8A%1E%24%14%F9%02%21%00%DC%2C%A5%25zj%E1%A2%CA%E6%0EO-%E5%0A%AD%DAM%1A%22%DFJh-%25%F7d%CF%C1%A7%8Fz signer=*
1605734472.187465  INFO: [nlsr.update.PrefixCommandProcessor] Advertising name: /discovery/printer
1605734472.187473 DEBUG: [nlsr.SequencingManager] Adj LSA seq no: 1
1605734472.187476 DEBUG: [nlsr.SequencingManager] Name LSA Seq no: 2
1605734472.187636 DEBUG: [nlsr.Lsdb] Updating NAME LSA:
1605734472.187648 DEBUG: [nlsr.Lsdb]     NAME LSA:
      Origin Router      : /ndn/p1-site/%C1.Router/cs/p1
      Sequence Number    : 1
      Expires in         : 3495918 milliseconds
      Names:
        Name 0: /ndn/p1-site/p1
1605734472.187674 DEBUG: [nlsr.Lsdb] Updated NAME LSA:
1605734472.187676 DEBUG: [nlsr.Lsdb]     NAME LSA:
      Origin Router      : /ndn/p1-site/%C1.Router/cs/p1
      Sequence Number    : 2
      Expires in         : 3599999 milliseconds
      Names:
        Name 0: /ndn/p1-site/p1
        Name 1: /discovery/printer
1605734472.205450 DEBUG: [nlsr.update.PrefixUpdateProcessor] accept /localhost/nlsr/prefix-update/advertise/h%1B%07%19%08%05ndnsd%08%02p1%08%0Cservice-info/%00%00%01u%DD%3B%9A%0B/%13%3B%9C%E4L%3B%FD%3D/%16%2B%1B%01%03%1C%26%07%24%08%09localhost%08%08operator%08%03KEY%08%08%0C%27%9B%A7%01%DD7%8B/%17G0E%02%20-%88%CC%F4%E2%A8%3D%B5U%0F%12%851%FA%C2%D3%C5%C4%AAY%19R%1D%FD%F7%F6%20O%7F%8B%07%91%02%21%00%F0Uxcp%D1%9F%04%F5%DEm%DF%88%A0%A20%96%D5%F9%F2B%A6%D4%1C%94%C3%D8%A2%E2%E2%D4%F2 signer=*
1605734472.205506  INFO: [nlsr.update.PrefixCommandProcessor] Advertising name: /ndnsd/p1/service-info
1605734472.205515 DEBUG: [nlsr.SequencingManager] Adj LSA seq no: 1
1605734472.205517 DEBUG: [nlsr.SequencingManager] Name LSA Seq no: 3
1605734472.205802 DEBUG: [nlsr.Lsdb] Updating NAME LSA:
1605734472.205822 DEBUG: [nlsr.Lsdb]     NAME LSA:
      Origin Router      : /ndn/p1-site/%C1.Router/cs/p1
      Sequence Number    : 2
      Expires in         : 3599981 milliseconds
      Names:
        Name 0: /ndn/p1-site/p1
        Name 1: /discovery/printer
1605734472.205862 DEBUG: [nlsr.Lsdb] Updated NAME LSA:
1605734472.205868 DEBUG: [nlsr.Lsdb]     NAME LSA:
      Origin Router      : /ndn/p1-site/%C1.Router/cs/p1
      Sequence Number    : 3
      Expires in         : 3599999 milliseconds
      Names:
        Name 0: /ndn/p1-site/p1
        Name 1: /ndnsd/p1/service-info
        Name 2: /discovery/printer
1605734488.312336 DEBUG: [nlsr.HelloProtocol] Expressing Interest: /ndn/c1-site/%C1.Router/cs/c1/nlsr/INFO/%07%20%08%03ndn%08%07p1-site%08%08%C1.Router%08%02cs%08%02p1
1605734488.312370 DEBUG: [nlsr.HelloProtocol] Sending HELLO interest: /ndn/c1-site/%C1.Router/cs/c1/nlsr/INFO/%07%20%08%03ndn%08%07p1-site%08%08%C1.Router%08%02cs%08%02p1
1605734488.312382 DEBUG: [nlsr.HelloProtocol] Expressing Interest: /ndn/p2-site/%C1.Router/cs/p2/nlsr/INFO/%07%20%08%03ndn%08%07p1-site%08%08%C1.Router%08%02cs%08%02p1
1605734488.312388 DEBUG: [nlsr.HelloProtocol] Sending HELLO interest: /ndn/p2-site/%C1.Router/cs/p2/nlsr/INFO/%07%20%08%03ndn%08%07p1-site%08%08%C1.Router%08%02cs%08%02p1
1605734488.335480 DEBUG: [nlsr.HelloProtocol] Received data for INFO(name): /ndn/c1-site/%C1.Router/cs/c1/nlsr/INFO/%07%20%08%03ndn%08%07p1-site%08%08%C1.Router%08%02cs%08%02p1/%FD%00%00%01u%DD%3B%D9%04
1605734488.335507 DEBUG: [nlsr.HelloProtocol] Data signed with: /ndn/c1-site/%C1.Router/cs/c1/nlsr/KEY/%82%81%ECN%7F%8Bq%5E
1605734488.335518 DEBUG: [nlsr.HelloProtocol] Data validation successful for INFO(name): /ndn/c1-site/%C1.Router/cs/c1/nlsr/INFO/%07%20%08%03ndn%08%07p1-site%08%08%C1.Router%08%02cs%08%02p1/%FD%00%00%01u%DD%3B%D9%04
1605734488.335528 DEBUG: [nlsr.HelloProtocol] Neighbor : /ndn/c1-site/%C1.Router/cs/c1
1605734488.335531 DEBUG: [nlsr.HelloProtocol] Old Status: 1 New Status: 1
1605734488.335538 DEBUG: [nlsr.route.Fib] Registering prefix: /localhop/ndn/nlsr/sync/%FD%08 faceUri: udp4://10.0.0.1:6363
1605734488.335713 DEBUG: [nlsr.HelloProtocol] Received data for INFO(name): /ndn/p2-site/%C1.Router/cs/p2/nlsr/INFO/%07%20%08%03ndn%08%07p1-site%08%08%C1.Router%08%02cs%08%02p1/%FD%00%00%01u%DD%3B%D9%04
1605734488.335729 DEBUG: [nlsr.HelloProtocol] Data signed with: /ndn/p2-site/%C1.Router/cs/p2/nlsr/KEY/%7C%15%15%C7%E7w%C2%9E
1605734488.335734 DEBUG: [nlsr.HelloProtocol] Data validation successful for INFO(name): /ndn/p2-site/%C1.Router/cs/p2/nlsr/INFO/%07%20%08%03ndn%08%07p1-site%08%08%C1.Router%08%02cs%08%02p1/%FD%00%00%01u%DD%3B%D9%04
1605734488.335742 DEBUG: [nlsr.HelloProtocol] Neighbor : /ndn/p2-site/%C1.Router/cs/p2
1605734488.335744 DEBUG: [nlsr.HelloProtocol] Old Status: 1 New Status: 1
1605734488.335748 DEBUG: [nlsr.route.Fib] Registering prefix: /localhop/ndn/nlsr/sync/%FD%08 faceUri: udp4://10.0.0.10:6363
1605734488.336740 DEBUG: [nlsr.route.Fib] Successful in name registration: /localhop/ndn/nlsr/sync/%FD%08 Face Uri: udp4://10.0.0.1:6363 faceId: 263
1605734488.337045 DEBUG: [nlsr.route.Fib] Successful in name registration: /localhop/ndn/nlsr/sync/%FD%08 Face Uri: udp4://10.0.0.10:6363 faceId: 266
1605734548.312786 DEBUG: [nlsr.HelloProtocol] Expressing Interest: /ndn/c1-site/%C1.Router/cs/c1/nlsr/INFO/%07%20%08%03ndn%08%07p1-site%08%08%C1.Router%08%02cs%08%02p1
1605734548.312830 DEBUG: [nlsr.HelloProtocol] Sending HELLO interest: /ndn/c1-site/%C1.Router/cs/c1/nlsr/INFO/%07%20%08%03ndn%08%07p1-site%08%08%C1.Router%08%02cs%08%02p1
1605734548.312846 DEBUG: [nlsr.HelloProtocol] Expressing Interest: /ndn/p2-site/%C1.Router/cs/p2/nlsr/INFO/%07%20%08%03ndn%08%07p1-site%08%08%C1.Router%08%02cs%08%02p1
1605734548.312855 DEBUG: [nlsr.HelloProtocol] Sending HELLO interest: /ndn/p2-site/%C1.Router/cs/p2/nlsr/INFO/%07%20%08%03ndn%08%07p1-site%08%08%C1.Router%08%02cs%08%02p1
1605734548.336216 DEBUG: [nlsr.HelloProtocol] Received data for INFO(name): /ndn/p2-site/%C1.Router/cs/p2/nlsr/INFO/%07%20%08%03ndn%08%07p1-site%08%08%C1.Router%08%02cs%08%02p1/%FD%00%00%01u%DD%3C%C3d
1605734548.336249 DEBUG: [nlsr.HelloProtocol] Data signed with: /ndn/p2-site/%C1.Router/cs/p2/nlsr/KEY/%7C%15%15%C7%E7w%C2%9E
1605734548.336264 DEBUG: [nlsr.HelloProtocol] Data validation successful for INFO(name): /ndn/p2-site/%C1.Router/cs/p2/nlsr/INFO/%07%20%08%03ndn%08%07p1-site%08%08%C1.Router%08%02cs%08%02p1/%FD%00%00%01u%DD%3C%C3d
1605734548.336278 DEBUG: [nlsr.HelloProtocol] Neighbor : /ndn/p2-site/%C1.Router/cs/p2
1605734548.336283 DEBUG: [nlsr.HelloProtocol] Old Status: 1 New Status: 1
1605734548.336291 DEBUG: [nlsr.route.Fib] Registering prefix: /localhop/ndn/nlsr/sync/%FD%08 faceUri: udp4://10.0.0.10:6363
1605734548.336546 DEBUG: [nlsr.HelloProtocol] Received data for INFO(name): /ndn/c1-site/%C1.Router/cs/c1/nlsr/INFO/%07%20%08%03ndn%08%07p1-site%08%08%C1.Router%08%02cs%08%02p1/%FD%00%00%01u%DD%3C%C3d
1605734548.336570 DEBUG: [nlsr.HelloProtocol] Data signed with: /ndn/c1-site/%C1.Router/cs/c1/nlsr/KEY/%82%81%ECN%7F%8Bq%5E
1605734548.336579 DEBUG: [nlsr.HelloProtocol] Data validation successful for INFO(name): /ndn/c1-site/%C1.Router/cs/c1/nlsr/INFO/%07%20%08%03ndn%08%07p1-site%08%08%C1.Router%08%02cs%08%02p1/%FD%00%00%01u%DD%3C%C3d
1605734548.336589 DEBUG: [nlsr.HelloProtocol] Neighbor : /ndn/c1-site/%C1.Router/cs/c1
1605734548.336592 DEBUG: [nlsr.HelloProtocol] Old Status: 1 New Status: 1
1605734548.336598 DEBUG: [nlsr.route.Fib] Registering prefix: /localhop/ndn/nlsr/sync/%FD%08 faceUri: udp4://10.0.0.1:6363
1605734548.338162 DEBUG: [nlsr.route.Fib] Successful in name registration: /localhop/ndn/nlsr/sync/%FD%08 Face Uri: udp4://10.0.0.10:6363 faceId: 266
1605734548.338540 DEBUG: [nlsr.route.Fib] Successful in name registration: /localhop/ndn/nlsr/sync/%FD%08 Face Uri: udp4://10.0.0.1:6363 faceId: 263
1605734568.525272 DEBUG: [nlsr.SyncLogicHandler] Update Name: /localhop/ndn/nlsr/LSA/p1-site/%C1.Router/cs/p1/NAME Seq no: 4
1605734568.525293 DEBUG: [nlsr.SyncLogicHandler] Origin Router of update: /ndn/p1-site/%C1.Router/cs/p1
1605734568.579373 DEBUG: [nlsr.Lsdb] Interest received for LSA: /localhop/ndn/nlsr/LSA/p1-site/%C1.Router/cs/p1/NAME/%04
1605734568.579491 DEBUG: [nlsr.Lsdb] LSA sequence number from interest: 4
1605734568.579511 DEBUG: [nlsr.Lsdb] /localhop/ndn/nlsr/LSA/p1-site/%C1.Router/cs/p1/NAME/%04?CanBePrefix&MustBeFresh&Nonce=03b8cba7 received for NAME
1605734575.615005 DEBUG: [nlsr.SyncLogicHandler] Update Name: /localhop/ndn/nlsr/LSA/p2-site/%C1.Router/cs/p2/NAME Seq no: 4
1605734575.615030 DEBUG: [nlsr.SyncLogicHandler] Origin Router of update: /ndn/p2-site/%C1.Router/cs/p2
1605734575.615110 DEBUG: [nlsr.SyncLogicHandler] Received sync update with higher NAME sequence number than entry in LSDB
1605734575.615136 DEBUG: [nlsr.Lsdb] Fetching Data for LSA: /localhop/ndn/nlsr/LSA/p2-site/%C1.Router/cs/p2/NAME/%04 Seq number: 4
1605734575.615861 DEBUG: [nlsr.Lsdb] Interest received for LSA: /localhop/ndn/nlsr/LSA/p2-site/%C1.Router/cs/p2/NAME/%04
1605734575.644223 DEBUG: [nlsr.Lsdb] Received data for LSA interest: /localhop/ndn/nlsr/LSA/p2-site/%C1.Router/cs/p2/NAME/%04
1605734575.644350 DEBUG: [nlsr.Lsdb] Updating NAME LSA:
1605734575.644355 DEBUG: [nlsr.Lsdb]     NAME LSA:
      Origin Router      : /ndn/p2-site/%C1.Router/cs/p2
      Sequence Number    : 3
      Expires in         : 1789355 milliseconds
      Names:
        Name 0: /ndn/p2-site/p2
        Name 1: /ndnsd/p2/service-info
        Name 2: /discovery/printer
1605734575.644374 DEBUG: [nlsr.Lsdb] Updated NAME LSA:
1605734575.644378 DEBUG: [nlsr.Lsdb]     NAME LSA:
      Origin Router      : /ndn/p2-site/%C1.Router/cs/p2
      Sequence Number    : 4
      Expires in         : 3599355 milliseconds
      Names:
        Name 0: /ndn/p2-site/p2
        Name 1: /ndnsd/p2/service-info
        Name 2: /discovery/printer
1605734608.367847 DEBUG: [nlsr.HelloProtocol] Expressing Interest: /ndn/c1-site/%C1.Router/cs/c1/nlsr/INFO/%07%20%08%03ndn%08%07p1-site%08%08%C1.Router%08%02cs%08%02p1
1605734608.367904 DEBUG: [nlsr.HelloProtocol] Sending HELLO interest: /ndn/c1-site/%C1.Router/cs/c1/nlsr/INFO/%07%20%08%03ndn%08%07p1-site%08%08%C1.Router%08%02cs%08%02p1
1605734608.367921 DEBUG: [nlsr.HelloProtocol] Expressing Interest: /ndn/p2-site/%C1.Router/cs/p2/nlsr/INFO/%07%20%08%03ndn%08%07p1-site%08%08%C1.Router%08%02cs%08%02p1
1605734608.367931 DEBUG: [nlsr.HelloProtocol] Sending HELLO interest: /ndn/p2-site/%C1.Router/cs/p2/nlsr/INFO/%07%20%08%03ndn%08%07p1-site%08%08%C1.Router%08%02cs%08%02p1
1605734608.393409 DEBUG: [nlsr.HelloProtocol] Received data for INFO(name): /ndn/c1-site/%C1.Router/cs/c1/nlsr/INFO/%07%20%08%03ndn%08%07p1-site%08%08%C1.Router%08%02cs%08%02p1/%FD%00%00%01u%DD%3D%AD%FC
1605734608.393438 DEBUG: [nlsr.HelloProtocol] Data signed with: /ndn/c1-site/%C1.Router/cs/c1/nlsr/KEY/%82%81%ECN%7F%8Bq%5E
1605734608.393452 DEBUG: [nlsr.HelloProtocol] Data validation successful for INFO(name): /ndn/c1-site/%C1.Router/cs/c1/nlsr/INFO/%07%20%08%03ndn%08%07p1-site%08%08%C1.Router%08%02cs%08%02p1/%FD%00%00%01u%DD%3D%AD%FC
1605734608.393465 DEBUG: [nlsr.HelloProtocol] Neighbor : /ndn/c1-site/%C1.Router/cs/c1
1605734608.393469 DEBUG: [nlsr.HelloProtocol] Old Status: 1 New Status: 1
1605734608.393479 DEBUG: [nlsr.route.Fib] Registering prefix: /localhop/ndn/nlsr/sync/%FD%08 faceUri: udp4://10.0.0.1:6363
1605734608.393832 DEBUG: [nlsr.HelloProtocol] Received data for INFO(name): /ndn/p2-site/%C1.Router/cs/p2/nlsr/INFO/%07%20%08%03ndn%08%07p1-site%08%08%C1.Router%08%02cs%08%02p1/%FD%00%00%01u%DD%3D%AD%FC
1605734608.393854 DEBUG: [nlsr.HelloProtocol] Data signed with: /ndn/p2-site/%C1.Router/cs/p2/nlsr/KEY/%7C%15%15%C7%E7w%C2%9E
1605734608.393863 DEBUG: [nlsr.HelloProtocol] Data validation successful for INFO(name): /ndn/p2-site/%C1.Router/cs/p2/nlsr/INFO/%07%20%08%03ndn%08%07p1-site%08%08%C1.Router%08%02cs%08%02p1/%FD%00%00%01u%DD%3D%AD%FC
1605734608.393873 DEBUG: [nlsr.HelloProtocol] Neighbor : /ndn/p2-site/%C1.Router/cs/p2
1605734608.393876 DEBUG: [nlsr.HelloProtocol] Old Status: 1 New Status: 1
1605734608.393882 DEBUG: [nlsr.route.Fib] Registering prefix: /localhop/ndn/nlsr/sync/%FD%08 faceUri: udp4://10.0.0.10:6363
1605734608.394873 DEBUG: [nlsr.route.Fib] Successful in name registration: /localhop/ndn/nlsr/sync/%FD%08 Face Uri: udp4://10.0.0.1:6363 faceId: 263
1605734608.395079 DEBUG: [nlsr.route.Fib] Successful in name registration: /localhop/ndn/nlsr/sync/%FD%08 Face Uri: udp4://10.0.0.10:6363 faceId: 266
1605734668.369320 DEBUG: [nlsr.HelloProtocol] Expressing Interest: /ndn/c1-site/%C1.Router/cs/c1/nlsr/INFO/%07%20%08%03ndn%08%07p1-site%08%08%C1.Router%08%02cs%08%02p1
1605734668.369443 DEBUG: [nlsr.HelloProtocol] Sending HELLO interest: /ndn/c1-site/%C1.Router/cs/c1/nlsr/INFO/%07%20%08%03ndn%08%07p1-site%08%08%C1.Router%08%02cs%08%02p1
1605734668.369468 DEBUG: [nlsr.HelloProtocol] Expressing Interest: /ndn/p2-site/%C1.Router/cs/p2/nlsr/INFO/%07%20%08%03ndn%08%07p1-site%08%08%C1.Router%08%02cs%08%02p1
1605734668.369481 DEBUG: [nlsr.HelloProtocol] Sending HELLO interest: /ndn/p2-site/%C1.Router/cs/p2/nlsr/INFO/%07%20%08%03ndn%08%07p1-site%08%08%C1.Router%08%02cs%08%02p1
1605734668.395557 DEBUG: [nlsr.HelloProtocol] Received data for INFO(name): /ndn/p2-site/%C1.Router/cs/p2/nlsr/INFO/%07%20%08%03ndn%08%07p1-site%08%08%C1.Router%08%02cs%08%02p1/%FD%00%00%01u%DD%3E%98_
1605734668.395592 DEBUG: [nlsr.HelloProtocol] Data signed with: /ndn/p2-site/%C1.Router/cs/p2/nlsr/KEY/%7C%15%15%C7%E7w%C2%9E
1605734668.395605 DEBUG: [nlsr.HelloProtocol] Data validation successful for INFO(name): /ndn/p2-site/%C1.Router/cs/p2/nlsr/INFO/%07%20%08%03ndn%08%07p1-site%08%08%C1.Router%08%02cs%08%02p1/%FD%00%00%01u%DD%3E%98_
1605734668.395618 DEBUG: [nlsr.HelloProtocol] Neighbor : /ndn/p2-site/%C1.Router/cs/p2
1605734668.395622 DEBUG: [nlsr.HelloProtocol] Old Status: 1 New Status: 1
1605734668.395631 DEBUG: [nlsr.route.Fib] Registering prefix: /localhop/ndn/nlsr/sync/%FD%08 faceUri: udp4://10.0.0.10:6363
1605734668.395873 DEBUG: [nlsr.HelloProtocol] Received data for INFO(name): /ndn/c1-site/%C1.Router/cs/c1/nlsr/INFO/%07%20%08%03ndn%08%07p1-site%08%08%C1.Router%08%02cs%08%02p1/%FD%00%00%01u%DD%3E%98_
1605734668.395891 DEBUG: [nlsr.HelloProtocol] Data signed with: /ndn/c1-site/%C1.Router/cs/c1/nlsr/KEY/%82%81%ECN%7F%8Bq%5E
1605734668.395962 DEBUG: [nlsr.HelloProtocol] Data validation successful for INFO(name): /ndn/c1-site/%C1.Router/cs/c1/nlsr/INFO/%07%20%08%03ndn%08%07p1-site%08%08%C1.Router%08%02cs%08%02p1/%FD%00%00%01u%DD%3E%98_
1605734668.395985 DEBUG: [nlsr.HelloProtocol] Neighbor : /ndn/c1-site/%C1.Router/cs/c1
1605734668.395991 DEBUG: [nlsr.HelloProtocol] Old Status: 1 New Status: 1
1605734668.395998 DEBUG: [nlsr.route.Fib] Registering prefix: /localhop/ndn/nlsr/sync/%FD%08 faceUri: udp4://10.0.0.1:6363
1605734668.397001 DEBUG: [nlsr.route.Fib] Successful in name registration: /localhop/ndn/nlsr/sync/%FD%08 Face Uri: udp4://10.0.0.10:6363 faceId: 266
1605734668.397172 DEBUG: [nlsr.route.Fib] Successful in name registration: /localhop/ndn/nlsr/sync/%FD%08 Face Uri: udp4://10.0.0.1:6363 faceId: 263
