1605047511.362873  INFO: [ndnsd.Tools.Reload] Sending reload interest: /ndnsd/p2/service-info/reload/1605047511362785267%20nanoseconds%20since%20Jan%201%2C%201970?MustBeFresh
1605047511.365328  INFO: [ndnsd.Tools.Reload] Update SuccessfulName: /ndnsd/p2/service-info/reload/1605047511362785267%20nanoseconds%20since%20Jan%201%2C%201970
MetaInfo: [ContentType: 0, FreshnessPeriod: 1000 milliseconds]
Content: [17 bytes]
Signature: [type: SignatureSha256WithEcdsa, length: 71]
1605047511.365363 DEBUG: [ndnsd.Tools.Reload] Tentative next interest schedule in : 2073 milliseconds
1605047513.438968  INFO: [ndnsd.Tools.Reload] Sending reload interest: /ndnsd/p2/service-info/reload/1605047513438912502%20nanoseconds%20since%20Jan%201%2C%201970?MustBeFresh
1605047513.440890  INFO: [ndnsd.Tools.Reload] Update SuccessfulName: /ndnsd/p2/service-info/reload/1605047513438912502%20nanoseconds%20since%20Jan%201%2C%201970
MetaInfo: [ContentType: 0, FreshnessPeriod: 1000 milliseconds]
Content: [17 bytes]
Signature: [type: SignatureSha256WithEcdsa, length: 70]
1605047513.440920 DEBUG: [ndnsd.Tools.Reload] Tentative next interest schedule in : 2035 milliseconds
1605047515.477527  INFO: [ndnsd.Tools.Reload] Sending reload interest: /ndnsd/p2/service-info/reload/1605047515477480555%20nanoseconds%20since%20Jan%201%2C%201970?MustBeFresh
1605047515.479140  INFO: [ndnsd.Tools.Reload] Update SuccessfulName: /ndnsd/p2/service-info/reload/1605047515477480555%20nanoseconds%20since%20Jan%201%2C%201970
MetaInfo: [ContentType: 0, FreshnessPeriod: 1000 milliseconds]
Content: [17 bytes]
Signature: [type: SignatureSha256WithEcdsa, length: 70]
1605047515.479172 DEBUG: [ndnsd.Tools.Reload] Tentative next interest schedule in : 2029 milliseconds
1605047517.509491  INFO: [ndnsd.Tools.Reload] Sending reload interest: /ndnsd/p2/service-info/reload/1605047517509450593%20nanoseconds%20since%20Jan%201%2C%201970?MustBeFresh
1605047517.511203  INFO: [ndnsd.Tools.Reload] Update SuccessfulName: /ndnsd/p2/service-info/reload/1605047517509450593%20nanoseconds%20since%20Jan%201%2C%201970
MetaInfo: [ContentType: 0, FreshnessPeriod: 1000 milliseconds]
Content: [17 bytes]
Signature: [type: SignatureSha256WithEcdsa, length: 72]
1605047517.511240 DEBUG: [ndnsd.Tools.Reload] Tentative next interest schedule in : 2070 milliseconds
1605047519.606589  INFO: [ndnsd.Tools.Reload] Sending reload interest: /ndnsd/p2/service-info/reload/1605047519606539071%20nanoseconds%20since%20Jan%201%2C%201970?MustBeFresh
1605047519.608948  INFO: [ndnsd.Tools.Reload] Update SuccessfulName: /ndnsd/p2/service-info/reload/1605047519606539071%20nanoseconds%20since%20Jan%201%2C%201970
MetaInfo: [ContentType: 0, FreshnessPeriod: 1000 milliseconds]
Content: [17 bytes]
Signature: [type: SignatureSha256WithEcdsa, length: 71]
1605047519.608977 DEBUG: [ndnsd.Tools.Reload] Tentative next interest schedule in : 1992 milliseconds
1605047521.601930  INFO: [ndnsd.Tools.Reload] Sending reload interest: /ndnsd/p2/service-info/reload/1605047521601884695%20nanoseconds%20since%20Jan%201%2C%201970?MustBeFresh
1605047521.603955  INFO: [ndnsd.Tools.Reload] Update SuccessfulName: /ndnsd/p2/service-info/reload/1605047521601884695%20nanoseconds%20since%20Jan%201%2C%201970
MetaInfo: [ContentType: 0, FreshnessPeriod: 1000 milliseconds]
Content: [17 bytes]
Signature: [type: SignatureSha256WithEcdsa, length: 71]
1605047521.603984 DEBUG: [ndnsd.Tools.Reload] Tentative next interest schedule in : 2046 milliseconds
1605047523.650195  INFO: [ndnsd.Tools.Reload] Sending reload interest: /ndnsd/p2/service-info/reload/1605047523650142595%20nanoseconds%20since%20Jan%201%2C%201970?MustBeFresh
1605047523.652539  INFO: [ndnsd.Tools.Reload] Update SuccessfulName: /ndnsd/p2/service-info/reload/1605047523650142595%20nanoseconds%20since%20Jan%201%2C%201970
MetaInfo: [ContentType: 0, FreshnessPeriod: 1000 milliseconds]
Content: [17 bytes]
Signature: [type: SignatureSha256WithEcdsa, length: 71]
1605047523.652573 DEBUG: [ndnsd.Tools.Reload] Tentative next interest schedule in : 2009 milliseconds
1605047525.666884  INFO: [ndnsd.Tools.Reload] Sending reload interest: /ndnsd/p2/service-info/reload/1605047525666831366%20nanoseconds%20since%20Jan%201%2C%201970?MustBeFresh
1605047525.670125  INFO: [ndnsd.Tools.Reload] Update SuccessfulName: /ndnsd/p2/service-info/reload/1605047525666831366%20nanoseconds%20since%20Jan%201%2C%201970
MetaInfo: [ContentType: 0, FreshnessPeriod: 1000 milliseconds]
Content: [17 bytes]
Signature: [type: SignatureSha256WithEcdsa, length: 70]
1605047525.670157 DEBUG: [ndnsd.Tools.Reload] Tentative next interest schedule in : 2070 milliseconds
1605047527.740449  INFO: [ndnsd.Tools.Reload] Sending reload interest: /ndnsd/p2/service-info/reload/1605047527740403914%20nanoseconds%20since%20Jan%201%2C%201970?MustBeFresh
1605047527.741965  INFO: [ndnsd.Tools.Reload] Update SuccessfulName: /ndnsd/p2/service-info/reload/1605047527740403914%20nanoseconds%20since%20Jan%201%2C%201970
MetaInfo: [ContentType: 0, FreshnessPeriod: 1000 milliseconds]
Content: [17 bytes]
Signature: [type: SignatureSha256WithEcdsa, length: 72]
1605047527.741994 DEBUG: [ndnsd.Tools.Reload] Tentative next interest schedule in : 2060 milliseconds
1605047529.818564  INFO: [ndnsd.Tools.Reload] Sending reload interest: /ndnsd/p2/service-info/reload/1605047529818517257%20nanoseconds%20since%20Jan%201%2C%201970?MustBeFresh
1605047529.820852  INFO: [ndnsd.Tools.Reload] Update SuccessfulName: /ndnsd/p2/service-info/reload/1605047529818517257%20nanoseconds%20since%20Jan%201%2C%201970
MetaInfo: [ContentType: 0, FreshnessPeriod: 1000 milliseconds]
Content: [17 bytes]
Signature: [type: SignatureSha256WithEcdsa, length: 70]
1605047529.820879 DEBUG: [ndnsd.Tools.Reload] Tentative next interest schedule in : 2001 milliseconds
1605047531.830512  INFO: [ndnsd.Tools.Reload] Sending reload interest: /ndnsd/p2/service-info/reload/1605047531830450846%20nanoseconds%20since%20Jan%201%2C%201970?MustBeFresh
1605047531.832343  INFO: [ndnsd.Tools.Reload] Update SuccessfulName: /ndnsd/p2/service-info/reload/1605047531830450846%20nanoseconds%20since%20Jan%201%2C%201970
MetaInfo: [ContentType: 0, FreshnessPeriod: 1000 milliseconds]
Content: [17 bytes]
Signature: [type: SignatureSha256WithEcdsa, length: 71]
1605047531.832373 DEBUG: [ndnsd.Tools.Reload] Tentative next interest schedule in : 2066 milliseconds
1605047533.918213  INFO: [ndnsd.Tools.Reload] Sending reload interest: /ndnsd/p2/service-info/reload/1605047533918163165%20nanoseconds%20since%20Jan%201%2C%201970?MustBeFresh
1605047533.920201  INFO: [ndnsd.Tools.Reload] Update SuccessfulName: /ndnsd/p2/service-info/reload/1605047533918163165%20nanoseconds%20since%20Jan%201%2C%201970
MetaInfo: [ContentType: 0, FreshnessPeriod: 1000 milliseconds]
Content: [17 bytes]
Signature: [type: SignatureSha256WithEcdsa, length: 71]
1605047533.920230 DEBUG: [ndnsd.Tools.Reload] Tentative next interest schedule in : 2015 milliseconds
1605047535.947954  INFO: [ndnsd.Tools.Reload] Sending reload interest: /ndnsd/p2/service-info/reload/1605047535947905759%20nanoseconds%20since%20Jan%201%2C%201970?MustBeFresh
1605047535.949863  INFO: [ndnsd.Tools.Reload] Update SuccessfulName: /ndnsd/p2/service-info/reload/1605047535947905759%20nanoseconds%20since%20Jan%201%2C%201970
MetaInfo: [ContentType: 0, FreshnessPeriod: 1000 milliseconds]
Content: [17 bytes]
Signature: [type: SignatureSha256WithEcdsa, length: 72]
1605047535.949892 DEBUG: [ndnsd.Tools.Reload] Tentative next interest schedule in : 2036 milliseconds
1605047538.024157  INFO: [ndnsd.Tools.Reload] Sending reload interest: /ndnsd/p2/service-info/reload/1605047538024109838%20nanoseconds%20since%20Jan%201%2C%201970?MustBeFresh
1605047538.026033  INFO: [ndnsd.Tools.Reload] Update SuccessfulName: /ndnsd/p2/service-info/reload/1605047538024109838%20nanoseconds%20since%20Jan%201%2C%201970
MetaInfo: [ContentType: 0, FreshnessPeriod: 1000 milliseconds]
Content: [17 bytes]
Signature: [type: SignatureSha256WithEcdsa, length: 71]
1605047538.026097 DEBUG: [ndnsd.Tools.Reload] Tentative next interest schedule in : 2088 milliseconds
1605047540.114550  INFO: [ndnsd.Tools.Reload] Sending reload interest: /ndnsd/p2/service-info/reload/1605047540114508538%20nanoseconds%20since%20Jan%201%2C%201970?MustBeFresh
1605047540.115879  INFO: [ndnsd.Tools.Reload] Update SuccessfulName: /ndnsd/p2/service-info/reload/1605047540114508538%20nanoseconds%20since%20Jan%201%2C%201970
MetaInfo: [ContentType: 0, FreshnessPeriod: 1000 milliseconds]
Content: [17 bytes]
Signature: [type: SignatureSha256WithEcdsa, length: 70]
1605047540.115922 DEBUG: [ndnsd.Tools.Reload] Tentative next interest schedule in : 2001 milliseconds
1605047542.117134  INFO: [ndnsd.Tools.Reload] Sending reload interest: /ndnsd/p2/service-info/reload/1605047542117088191%20nanoseconds%20since%20Jan%201%2C%201970?MustBeFresh
1605047542.118753  INFO: [ndnsd.Tools.Reload] Update SuccessfulName: /ndnsd/p2/service-info/reload/1605047542117088191%20nanoseconds%20since%20Jan%201%2C%201970
MetaInfo: [ContentType: 0, FreshnessPeriod: 1000 milliseconds]
Content: [17 bytes]
Signature: [type: SignatureSha256WithEcdsa, length: 72]
1605047542.118793 DEBUG: [ndnsd.Tools.Reload] Tentative next interest schedule in : 2046 milliseconds
1605047544.185533  INFO: [ndnsd.Tools.Reload] Sending reload interest: /ndnsd/p2/service-info/reload/1605047544185483269%20nanoseconds%20since%20Jan%201%2C%201970?MustBeFresh
1605047544.187814  INFO: [ndnsd.Tools.Reload] Update SuccessfulName: /ndnsd/p2/service-info/reload/1605047544185483269%20nanoseconds%20since%20Jan%201%2C%201970
MetaInfo: [ContentType: 0, FreshnessPeriod: 1000 milliseconds]
Content: [17 bytes]
Signature: [type: SignatureSha256WithEcdsa, length: 71]
1605047544.187872 DEBUG: [ndnsd.Tools.Reload] Tentative next interest schedule in : 2073 milliseconds
1605047546.267703  INFO: [ndnsd.Tools.Reload] Sending reload interest: /ndnsd/p2/service-info/reload/1605047546267653745%20nanoseconds%20since%20Jan%201%2C%201970?MustBeFresh
1605047546.270214  INFO: [ndnsd.Tools.Reload] Update SuccessfulName: /ndnsd/p2/service-info/reload/1605047546267653745%20nanoseconds%20since%20Jan%201%2C%201970
MetaInfo: [ContentType: 0, FreshnessPeriod: 1000 milliseconds]
Content: [17 bytes]
Signature: [type: SignatureSha256WithEcdsa, length: 71]
1605047546.270264 DEBUG: [ndnsd.Tools.Reload] Tentative next interest schedule in : 2077 milliseconds
1605047548.358403  INFO: [ndnsd.Tools.Reload] Sending reload interest: /ndnsd/p2/service-info/reload/1605047548358354539%20nanoseconds%20since%20Jan%201%2C%201970?MustBeFresh
1605047548.360828  INFO: [ndnsd.Tools.Reload] Update SuccessfulName: /ndnsd/p2/service-info/reload/1605047548358354539%20nanoseconds%20since%20Jan%201%2C%201970
MetaInfo: [ContentType: 0, FreshnessPeriod: 1000 milliseconds]
Content: [17 bytes]
Signature: [type: SignatureSha256WithEcdsa, length: 72]
1605047548.360879 DEBUG: [ndnsd.Tools.Reload] Tentative next interest schedule in : 2022 milliseconds
1605047550.385958  INFO: [ndnsd.Tools.Reload] Sending reload interest: /ndnsd/p2/service-info/reload/1605047550385913441%20nanoseconds%20since%20Jan%201%2C%201970?MustBeFresh
1605047550.387734  INFO: [ndnsd.Tools.Reload] Update SuccessfulName: /ndnsd/p2/service-info/reload/1605047550385913441%20nanoseconds%20since%20Jan%201%2C%201970
MetaInfo: [ContentType: 0, FreshnessPeriod: 1000 milliseconds]
Content: [17 bytes]
Signature: [type: SignatureSha256WithEcdsa, length: 71]
1605047550.387796 DEBUG: [ndnsd.Tools.Reload] Tentative next interest schedule in : 2021 milliseconds
1605047552.425315  INFO: [ndnsd.Tools.Reload] Sending reload interest: /ndnsd/p2/service-info/reload/1605047552425270004%20nanoseconds%20since%20Jan%201%2C%201970?MustBeFresh
1605047552.427823  INFO: [ndnsd.Tools.Reload] Update SuccessfulName: /ndnsd/p2/service-info/reload/1605047552425270004%20nanoseconds%20since%20Jan%201%2C%201970
MetaInfo: [ContentType: 0, FreshnessPeriod: 1000 milliseconds]
Content: [17 bytes]
Signature: [type: SignatureSha256WithEcdsa, length: 72]
1605047552.427871 DEBUG: [ndnsd.Tools.Reload] Tentative next interest schedule in : 1991 milliseconds
1605047554.419519  INFO: [ndnsd.Tools.Reload] Sending reload interest: /ndnsd/p2/service-info/reload/1605047554419473535%20nanoseconds%20since%20Jan%201%2C%201970?MustBeFresh
1605047554.421398  INFO: [ndnsd.Tools.Reload] Update SuccessfulName: /ndnsd/p2/service-info/reload/1605047554419473535%20nanoseconds%20since%20Jan%201%2C%201970
MetaInfo: [ContentType: 0, FreshnessPeriod: 1000 milliseconds]
Content: [17 bytes]
Signature: [type: SignatureSha256WithEcdsa, length: 70]
1605047554.421455 DEBUG: [ndnsd.Tools.Reload] Tentative next interest schedule in : 2081 milliseconds
1605047556.580965  INFO: [ndnsd.Tools.Reload] Sending reload interest: /ndnsd/p2/service-info/reload/1605047556580923381%20nanoseconds%20since%20Jan%201%2C%201970?MustBeFresh
1605047556.582413  INFO: [ndnsd.Tools.Reload] Update SuccessfulName: /ndnsd/p2/service-info/reload/1605047556580923381%20nanoseconds%20since%20Jan%201%2C%201970
MetaInfo: [ContentType: 0, FreshnessPeriod: 1000 milliseconds]
Content: [17 bytes]
Signature: [type: SignatureSha256WithEcdsa, length: 71]
1605047556.582450 DEBUG: [ndnsd.Tools.Reload] Tentative next interest schedule in : 2006 milliseconds
1605047558.632711  INFO: [ndnsd.Tools.Reload] Sending reload interest: /ndnsd/p2/service-info/reload/1605047558632662677%20nanoseconds%20since%20Jan%201%2C%201970?MustBeFresh
1605047558.634552  INFO: [ndnsd.Tools.Reload] Update SuccessfulName: /ndnsd/p2/service-info/reload/1605047558632662677%20nanoseconds%20since%20Jan%201%2C%201970
MetaInfo: [ContentType: 0, FreshnessPeriod: 1000 milliseconds]
Content: [17 bytes]
Signature: [type: SignatureSha256WithEcdsa, length: 71]
1605047558.634603 DEBUG: [ndnsd.Tools.Reload] Tentative next interest schedule in : 2003 milliseconds
1605047560.652321  INFO: [ndnsd.Tools.Reload] Sending reload interest: /ndnsd/p2/service-info/reload/1605047560652277324%20nanoseconds%20since%20Jan%201%2C%201970?MustBeFresh
1605047560.654442  INFO: [ndnsd.Tools.Reload] Update SuccessfulName: /ndnsd/p2/service-info/reload/1605047560652277324%20nanoseconds%20since%20Jan%201%2C%201970
MetaInfo: [ContentType: 0, FreshnessPeriod: 1000 milliseconds]
Content: [17 bytes]
Signature: [type: SignatureSha256WithEcdsa, length: 71]
1605047560.654503 DEBUG: [ndnsd.Tools.Reload] Tentative next interest schedule in : 2068 milliseconds
1605047562.738799  INFO: [ndnsd.Tools.Reload] Sending reload interest: /ndnsd/p2/service-info/reload/1605047562738734764%20nanoseconds%20since%20Jan%201%2C%201970?MustBeFresh
1605047562.741360  INFO: [ndnsd.Tools.Reload] Update SuccessfulName: /ndnsd/p2/service-info/reload/1605047562738734764%20nanoseconds%20since%20Jan%201%2C%201970
MetaInfo: [ContentType: 0, FreshnessPeriod: 1000 milliseconds]
Content: [17 bytes]
Signature: [type: SignatureSha256WithEcdsa, length: 71]
1605047562.741404 DEBUG: [ndnsd.Tools.Reload] Tentative next interest schedule in : 2083 milliseconds
1605047564.824550  INFO: [ndnsd.Tools.Reload] Sending reload interest: /ndnsd/p2/service-info/reload/1605047564824509990%20nanoseconds%20since%20Jan%201%2C%201970?MustBeFresh
1605047564.826239  INFO: [ndnsd.Tools.Reload] Update SuccessfulName: /ndnsd/p2/service-info/reload/1605047564824509990%20nanoseconds%20since%20Jan%201%2C%201970
MetaInfo: [ContentType: 0, FreshnessPeriod: 1000 milliseconds]
Content: [17 bytes]
Signature: [type: SignatureSha256WithEcdsa, length: 72]
1605047564.826290 DEBUG: [ndnsd.Tools.Reload] Tentative next interest schedule in : 2011 milliseconds
1605047566.843223  INFO: [ndnsd.Tools.Reload] Sending reload interest: /ndnsd/p2/service-info/reload/1605047566843179742%20nanoseconds%20since%20Jan%201%2C%201970?MustBeFresh
1605047566.845883  INFO: [ndnsd.Tools.Reload] Update SuccessfulName: /ndnsd/p2/service-info/reload/1605047566843179742%20nanoseconds%20since%20Jan%201%2C%201970
MetaInfo: [ContentType: 0, FreshnessPeriod: 1000 milliseconds]
Content: [17 bytes]
Signature: [type: SignatureSha256WithEcdsa, length: 72]
1605047566.845952 DEBUG: [ndnsd.Tools.Reload] Tentative next interest schedule in : 2023 milliseconds
1605047568.869653  INFO: [ndnsd.Tools.Reload] Sending reload interest: /ndnsd/p2/service-info/reload/1605047568869613426%20nanoseconds%20since%20Jan%201%2C%201970?MustBeFresh
1605047568.872081  INFO: [ndnsd.Tools.Reload] Update SuccessfulName: /ndnsd/p2/service-info/reload/1605047568869613426%20nanoseconds%20since%20Jan%201%2C%201970
MetaInfo: [ContentType: 0, FreshnessPeriod: 1000 milliseconds]
Content: [17 bytes]
Signature: [type: SignatureSha256WithEcdsa, length: 71]
1605047568.872151 DEBUG: [ndnsd.Tools.Reload] Tentative next interest schedule in : 2090 milliseconds
1605047570.962725  INFO: [ndnsd.Tools.Reload] Sending reload interest: /ndnsd/p2/service-info/reload/1605047570962691103%20nanoseconds%20since%20Jan%201%2C%201970?MustBeFresh
1605047570.964684  INFO: [ndnsd.Tools.Reload] Update SuccessfulName: /ndnsd/p2/service-info/reload/1605047570962691103%20nanoseconds%20since%20Jan%201%2C%201970
MetaInfo: [ContentType: 0, FreshnessPeriod: 1000 milliseconds]
Content: [17 bytes]
Signature: [type: SignatureSha256WithEcdsa, length: 71]
1605047570.964730 DEBUG: [ndnsd.Tools.Reload] Tentative next interest schedule in : 2067 milliseconds
1605047573.046074  INFO: [ndnsd.Tools.Reload] Sending reload interest: /ndnsd/p2/service-info/reload/1605047573046023613%20nanoseconds%20since%20Jan%201%2C%201970?MustBeFresh
1605047573.047775  INFO: [ndnsd.Tools.Reload] Update SuccessfulName: /ndnsd/p2/service-info/reload/1605047573046023613%20nanoseconds%20since%20Jan%201%2C%201970
MetaInfo: [ContentType: 0, FreshnessPeriod: 1000 milliseconds]
Content: [17 bytes]
Signature: [type: SignatureSha256WithEcdsa, length: 71]
1605047573.047821 DEBUG: [ndnsd.Tools.Reload] Tentative next interest schedule in : 2027 milliseconds
1605047575.075679  INFO: [ndnsd.Tools.Reload] Sending reload interest: /ndnsd/p2/service-info/reload/1605047575075618695%20nanoseconds%20since%20Jan%201%2C%201970?MustBeFresh
1605047575.077391  INFO: [ndnsd.Tools.Reload] Update SuccessfulName: /ndnsd/p2/service-info/reload/1605047575075618695%20nanoseconds%20since%20Jan%201%2C%201970
MetaInfo: [ContentType: 0, FreshnessPeriod: 1000 milliseconds]
Content: [17 bytes]
Signature: [type: SignatureSha256WithEcdsa, length: 71]
1605047575.077436 DEBUG: [ndnsd.Tools.Reload] Tentative next interest schedule in : 2019 milliseconds
1605047577.096638  INFO: [ndnsd.Tools.Reload] Sending reload interest: /ndnsd/p2/service-info/reload/1605047577096600769%20nanoseconds%20since%20Jan%201%2C%201970?MustBeFresh
1605047577.098120  INFO: [ndnsd.Tools.Reload] Update SuccessfulName: /ndnsd/p2/service-info/reload/1605047577096600769%20nanoseconds%20since%20Jan%201%2C%201970
MetaInfo: [ContentType: 0, FreshnessPeriod: 1000 milliseconds]
Content: [17 bytes]
Signature: [type: SignatureSha256WithEcdsa, length: 71]
1605047577.098163 DEBUG: [ndnsd.Tools.Reload] Tentative next interest schedule in : 2037 milliseconds
1605047579.136129  INFO: [ndnsd.Tools.Reload] Sending reload interest: /ndnsd/p2/service-info/reload/1605047579136090036%20nanoseconds%20since%20Jan%201%2C%201970?MustBeFresh
1605047579.138082  INFO: [ndnsd.Tools.Reload] Update SuccessfulName: /ndnsd/p2/service-info/reload/1605047579136090036%20nanoseconds%20since%20Jan%201%2C%201970
MetaInfo: [ContentType: 0, FreshnessPeriod: 1000 milliseconds]
Content: [17 bytes]
Signature: [type: SignatureSha256WithEcdsa, length: 71]
1605047579.138146 DEBUG: [ndnsd.Tools.Reload] Tentative next interest schedule in : 2027 milliseconds
1605047581.175804  INFO: [ndnsd.Tools.Reload] Sending reload interest: /ndnsd/p2/service-info/reload/1605047581175759875%20nanoseconds%20since%20Jan%201%2C%201970?MustBeFresh
1605047581.177908  INFO: [ndnsd.Tools.Reload] Update SuccessfulName: /ndnsd/p2/service-info/reload/1605047581175759875%20nanoseconds%20since%20Jan%201%2C%201970
MetaInfo: [ContentType: 0, FreshnessPeriod: 1000 milliseconds]
Content: [17 bytes]
Signature: [type: SignatureSha256WithEcdsa, length: 72]
1605047581.178111 DEBUG: [ndnsd.Tools.Reload] Tentative next interest schedule in : 2036 milliseconds
1605047583.214367  INFO: [ndnsd.Tools.Reload] Sending reload interest: /ndnsd/p2/service-info/reload/1605047583214331223%20nanoseconds%20since%20Jan%201%2C%201970?MustBeFresh
1605047583.216536  INFO: [ndnsd.Tools.Reload] Update SuccessfulName: /ndnsd/p2/service-info/reload/1605047583214331223%20nanoseconds%20since%20Jan%201%2C%201970
MetaInfo: [ContentType: 0, FreshnessPeriod: 1000 milliseconds]
Content: [17 bytes]
Signature: [type: SignatureSha256WithEcdsa, length: 71]
1605047583.216620 DEBUG: [ndnsd.Tools.Reload] Tentative next interest schedule in : 2011 milliseconds
1605047585.228283  INFO: [ndnsd.Tools.Reload] Sending reload interest: /ndnsd/p2/service-info/reload/1605047585228244492%20nanoseconds%20since%20Jan%201%2C%201970?MustBeFresh
1605047585.230282  INFO: [ndnsd.Tools.Reload] Update SuccessfulName: /ndnsd/p2/service-info/reload/1605047585228244492%20nanoseconds%20since%20Jan%201%2C%201970
MetaInfo: [ContentType: 0, FreshnessPeriod: 1000 milliseconds]
Content: [17 bytes]
Signature: [type: SignatureSha256WithEcdsa, length: 72]
1605047585.230329 DEBUG: [ndnsd.Tools.Reload] Tentative next interest schedule in : 2090 milliseconds
1605047587.365424  INFO: [ndnsd.Tools.Reload] Sending reload interest: /ndnsd/p2/service-info/reload/1605047587365380275%20nanoseconds%20since%20Jan%201%2C%201970?MustBeFresh
1605047587.367429  INFO: [ndnsd.Tools.Reload] Update SuccessfulName: /ndnsd/p2/service-info/reload/1605047587365380275%20nanoseconds%20since%20Jan%201%2C%201970
MetaInfo: [ContentType: 0, FreshnessPeriod: 1000 milliseconds]
Content: [17 bytes]
Signature: [type: SignatureSha256WithEcdsa, length: 71]
1605047587.367473 DEBUG: [ndnsd.Tools.Reload] Tentative next interest schedule in : 2050 milliseconds
1605047589.420222  INFO: [ndnsd.Tools.Reload] Sending reload interest: /ndnsd/p2/service-info/reload/1605047589420151850%20nanoseconds%20since%20Jan%201%2C%201970?MustBeFresh
1605047589.423955  INFO: [ndnsd.Tools.Reload] Update SuccessfulName: /ndnsd/p2/service-info/reload/1605047589420151850%20nanoseconds%20since%20Jan%201%2C%201970
MetaInfo: [ContentType: 0, FreshnessPeriod: 1000 milliseconds]
Content: [17 bytes]
Signature: [type: SignatureSha256WithEcdsa, length: 71]
1605047589.424110 DEBUG: [ndnsd.Tools.Reload] Tentative next interest schedule in : 2082 milliseconds
1605047591.506302  INFO: [ndnsd.Tools.Reload] Sending reload interest: /ndnsd/p2/service-info/reload/1605047591506257732%20nanoseconds%20since%20Jan%201%2C%201970?MustBeFresh
1605047591.508147  INFO: [ndnsd.Tools.Reload] Update SuccessfulName: /ndnsd/p2/service-info/reload/1605047591506257732%20nanoseconds%20since%20Jan%201%2C%201970
MetaInfo: [ContentType: 0, FreshnessPeriod: 1000 milliseconds]
Content: [17 bytes]
Signature: [type: SignatureSha256WithEcdsa, length: 72]
1605047591.508171 DEBUG: [ndnsd.Tools.Reload] Tentative next interest schedule in : 2044 milliseconds
1605047593.565361  INFO: [ndnsd.Tools.Reload] Sending reload interest: /ndnsd/p2/service-info/reload/1605047593565303287%20nanoseconds%20since%20Jan%201%2C%201970?MustBeFresh
1605047593.568658  INFO: [ndnsd.Tools.Reload] Update SuccessfulName: /ndnsd/p2/service-info/reload/1605047593565303287%20nanoseconds%20since%20Jan%201%2C%201970
MetaInfo: [ContentType: 0, FreshnessPeriod: 1000 milliseconds]
Content: [17 bytes]
Signature: [type: SignatureSha256WithEcdsa, length: 70]
1605047593.568796 DEBUG: [ndnsd.Tools.Reload] Tentative next interest schedule in : 1998 milliseconds
1605047595.567319  INFO: [ndnsd.Tools.Reload] Sending reload interest: /ndnsd/p2/service-info/reload/1605047595567236762%20nanoseconds%20since%20Jan%201%2C%201970?MustBeFresh
1605047595.571164  INFO: [ndnsd.Tools.Reload] Update SuccessfulName: /ndnsd/p2/service-info/reload/1605047595567236762%20nanoseconds%20since%20Jan%201%2C%201970
MetaInfo: [ContentType: 0, FreshnessPeriod: 1000 milliseconds]
Content: [17 bytes]
Signature: [type: SignatureSha256WithEcdsa, length: 72]
1605047595.571215 DEBUG: [ndnsd.Tools.Reload] Tentative next interest schedule in : 2080 milliseconds
1605047597.716240  INFO: [ndnsd.Tools.Reload] Sending reload interest: /ndnsd/p2/service-info/reload/1605047597716193036%20nanoseconds%20since%20Jan%201%2C%201970?MustBeFresh
1605047597.718547  INFO: [ndnsd.Tools.Reload] Update SuccessfulName: /ndnsd/p2/service-info/reload/1605047597716193036%20nanoseconds%20since%20Jan%201%2C%201970
MetaInfo: [ContentType: 0, FreshnessPeriod: 1000 milliseconds]
Content: [17 bytes]
Signature: [type: SignatureSha256WithEcdsa, length: 71]
1605047597.718585 DEBUG: [ndnsd.Tools.Reload] Tentative next interest schedule in : 2007 milliseconds
1605047599.747620  INFO: [ndnsd.Tools.Reload] Sending reload interest: /ndnsd/p2/service-info/reload/1605047599747571935%20nanoseconds%20since%20Jan%201%2C%201970?MustBeFresh
1605047599.749384  INFO: [ndnsd.Tools.Reload] Update SuccessfulName: /ndnsd/p2/service-info/reload/1605047599747571935%20nanoseconds%20since%20Jan%201%2C%201970
MetaInfo: [ContentType: 0, FreshnessPeriod: 1000 milliseconds]
Content: [17 bytes]
Signature: [type: SignatureSha256WithEcdsa, length: 71]
1605047599.749416 DEBUG: [ndnsd.Tools.Reload] Tentative next interest schedule in : 2050 milliseconds
1605047601.802551  INFO: [ndnsd.Tools.Reload] Sending reload interest: /ndnsd/p2/service-info/reload/1605047601802502638%20nanoseconds%20since%20Jan%201%2C%201970?MustBeFresh
1605047601.806472  INFO: [ndnsd.Tools.Reload] Update SuccessfulName: /ndnsd/p2/service-info/reload/1605047601802502638%20nanoseconds%20since%20Jan%201%2C%201970
MetaInfo: [ContentType: 0, FreshnessPeriod: 1000 milliseconds]
Content: [17 bytes]
Signature: [type: SignatureSha256WithEcdsa, length: 72]
1605047601.806520 DEBUG: [ndnsd.Tools.Reload] Tentative next interest schedule in : 2074 milliseconds
1605047603.888459  INFO: [ndnsd.Tools.Reload] Sending reload interest: /ndnsd/p2/service-info/reload/1605047603888400513%20nanoseconds%20since%20Jan%201%2C%201970?MustBeFresh
1605047603.891171  INFO: [ndnsd.Tools.Reload] Update SuccessfulName: /ndnsd/p2/service-info/reload/1605047603888400513%20nanoseconds%20since%20Jan%201%2C%201970
MetaInfo: [ContentType: 0, FreshnessPeriod: 1000 milliseconds]
Content: [17 bytes]
Signature: [type: SignatureSha256WithEcdsa, length: 71]
1605047603.891213 DEBUG: [ndnsd.Tools.Reload] Tentative next interest schedule in : 2063 milliseconds
1605047605.954503  INFO: [ndnsd.Tools.Reload] Sending reload interest: /ndnsd/p2/service-info/reload/1605047605954466309%20nanoseconds%20since%20Jan%201%2C%201970?MustBeFresh
1605047605.956428  INFO: [ndnsd.Tools.Reload] Update SuccessfulName: /ndnsd/p2/service-info/reload/1605047605954466309%20nanoseconds%20since%20Jan%201%2C%201970
MetaInfo: [ContentType: 0, FreshnessPeriod: 1000 milliseconds]
Content: [17 bytes]
Signature: [type: SignatureSha256WithEcdsa, length: 70]
1605047605.956497 DEBUG: [ndnsd.Tools.Reload] Tentative next interest schedule in : 2031 milliseconds
1605047607.989616  INFO: [ndnsd.Tools.Reload] Sending reload interest: /ndnsd/p2/service-info/reload/1605047607989572714%20nanoseconds%20since%20Jan%201%2C%201970?MustBeFresh
1605047607.991765  INFO: [ndnsd.Tools.Reload] Update SuccessfulName: /ndnsd/p2/service-info/reload/1605047607989572714%20nanoseconds%20since%20Jan%201%2C%201970
MetaInfo: [ContentType: 0, FreshnessPeriod: 1000 milliseconds]
Content: [17 bytes]
Signature: [type: SignatureSha256WithEcdsa, length: 71]
1605047607.991800 DEBUG: [ndnsd.Tools.Reload] Tentative next interest schedule in : 1991 milliseconds
1605047609.985185  INFO: [ndnsd.Tools.Reload] Sending reload interest: /ndnsd/p2/service-info/reload/1605047609985125056%20nanoseconds%20since%20Jan%201%2C%201970?MustBeFresh
1605047609.986855  INFO: [ndnsd.Tools.Reload] Update SuccessfulName: /ndnsd/p2/service-info/reload/1605047609985125056%20nanoseconds%20since%20Jan%201%2C%201970
MetaInfo: [ContentType: 0, FreshnessPeriod: 1000 milliseconds]
Content: [17 bytes]
Signature: [type: SignatureSha256WithEcdsa, length: 70]
1605047609.986884 DEBUG: [ndnsd.Tools.Reload] Tentative next interest schedule in : 2012 milliseconds
1605047612.021901  INFO: [ndnsd.Tools.Reload] Sending reload interest: /ndnsd/p2/service-info/reload/1605047612021856695%20nanoseconds%20since%20Jan%201%2C%201970?MustBeFresh
1605047612.023928  INFO: [ndnsd.Tools.Reload] Update SuccessfulName: /ndnsd/p2/service-info/reload/1605047612021856695%20nanoseconds%20since%20Jan%201%2C%201970
MetaInfo: [ContentType: 0, FreshnessPeriod: 1000 milliseconds]
Content: [17 bytes]
Signature: [type: SignatureSha256WithEcdsa, length: 71]
1605047612.023958 DEBUG: [ndnsd.Tools.Reload] Tentative next interest schedule in : 2028 milliseconds
1605047614.060826  INFO: [ndnsd.Tools.Reload] Sending reload interest: /ndnsd/p2/service-info/reload/1605047614060672302%20nanoseconds%20since%20Jan%201%2C%201970?MustBeFresh
1605047614.062655  INFO: [ndnsd.Tools.Reload] Update SuccessfulName: /ndnsd/p2/service-info/reload/1605047614060672302%20nanoseconds%20since%20Jan%201%2C%201970
MetaInfo: [ContentType: 0, FreshnessPeriod: 1000 milliseconds]
Content: [17 bytes]
Signature: [type: SignatureSha256WithEcdsa, length: 72]
1605047614.062697 DEBUG: [ndnsd.Tools.Reload] Tentative next interest schedule in : 2050 milliseconds
1605047616.143735  INFO: [ndnsd.Tools.Reload] Sending reload interest: /ndnsd/p2/service-info/reload/1605047616143669824%20nanoseconds%20since%20Jan%201%2C%201970?MustBeFresh
1605047616.145774  INFO: [ndnsd.Tools.Reload] Update SuccessfulName: /ndnsd/p2/service-info/reload/1605047616143669824%20nanoseconds%20since%20Jan%201%2C%201970
MetaInfo: [ContentType: 0, FreshnessPeriod: 1000 milliseconds]
Content: [17 bytes]
Signature: [type: SignatureSha256WithEcdsa, length: 70]
1605047616.145859 DEBUG: [ndnsd.Tools.Reload] Tentative next interest schedule in : 2039 milliseconds
1605047618.202262  INFO: [ndnsd.Tools.Reload] Sending reload interest: /ndnsd/p2/service-info/reload/1605047618202215591%20nanoseconds%20since%20Jan%201%2C%201970?MustBeFresh
1605047618.204576  INFO: [ndnsd.Tools.Reload] Update SuccessfulName: /ndnsd/p2/service-info/reload/1605047618202215591%20nanoseconds%20since%20Jan%201%2C%201970
MetaInfo: [ContentType: 0, FreshnessPeriod: 1000 milliseconds]
Content: [17 bytes]
Signature: [type: SignatureSha256WithEcdsa, length: 72]
1605047618.204617 DEBUG: [ndnsd.Tools.Reload] Tentative next interest schedule in : 2059 milliseconds
1605047620.355202  INFO: [ndnsd.Tools.Reload] Sending reload interest: /ndnsd/p2/service-info/reload/1605047620355155542%20nanoseconds%20since%20Jan%201%2C%201970?MustBeFresh
1605047620.356989  INFO: [ndnsd.Tools.Reload] Update SuccessfulName: /ndnsd/p2/service-info/reload/1605047620355155542%20nanoseconds%20since%20Jan%201%2C%201970
MetaInfo: [ContentType: 0, FreshnessPeriod: 1000 milliseconds]
Content: [17 bytes]
Signature: [type: SignatureSha256WithEcdsa, length: 71]
1605047620.357019 DEBUG: [ndnsd.Tools.Reload] Tentative next interest schedule in : 2038 milliseconds
1605047622.419077  INFO: [ndnsd.Tools.Reload] Sending reload interest: /ndnsd/p2/service-info/reload/1605047622419043006%20nanoseconds%20since%20Jan%201%2C%201970?MustBeFresh
1605047622.420978  INFO: [ndnsd.Tools.Reload] Update SuccessfulName: /ndnsd/p2/service-info/reload/1605047622419043006%20nanoseconds%20since%20Jan%201%2C%201970
MetaInfo: [ContentType: 0, FreshnessPeriod: 1000 milliseconds]
Content: [17 bytes]
Signature: [type: SignatureSha256WithEcdsa, length: 71]
1605047622.421001 DEBUG: [ndnsd.Tools.Reload] Tentative next interest schedule in : 2068 milliseconds
1605047624.531006  INFO: [ndnsd.Tools.Reload] Sending reload interest: /ndnsd/p2/service-info/reload/1605047624530958580%20nanoseconds%20since%20Jan%201%2C%201970?MustBeFresh
1605047624.532690  INFO: [ndnsd.Tools.Reload] Update SuccessfulName: /ndnsd/p2/service-info/reload/1605047624530958580%20nanoseconds%20since%20Jan%201%2C%201970
MetaInfo: [ContentType: 0, FreshnessPeriod: 1000 milliseconds]
Content: [17 bytes]
Signature: [type: SignatureSha256WithEcdsa, length: 72]
1605047624.532716 DEBUG: [ndnsd.Tools.Reload] Tentative next interest schedule in : 2045 milliseconds
1605047626.578550  INFO: [ndnsd.Tools.Reload] Sending reload interest: /ndnsd/p2/service-info/reload/1605047626578507755%20nanoseconds%20since%20Jan%201%2C%201970?MustBeFresh
1605047626.580133  INFO: [ndnsd.Tools.Reload] Update SuccessfulName: /ndnsd/p2/service-info/reload/1605047626578507755%20nanoseconds%20since%20Jan%201%2C%201970
MetaInfo: [ContentType: 0, FreshnessPeriod: 1000 milliseconds]
Content: [17 bytes]
Signature: [type: SignatureSha256WithEcdsa, length: 71]
1605047626.580193 DEBUG: [ndnsd.Tools.Reload] Tentative next interest schedule in : 2062 milliseconds
1605047628.642441  INFO: [ndnsd.Tools.Reload] Sending reload interest: /ndnsd/p2/service-info/reload/1605047628642394469%20nanoseconds%20since%20Jan%201%2C%201970?MustBeFresh
1605047628.644089  INFO: [ndnsd.Tools.Reload] Update SuccessfulName: /ndnsd/p2/service-info/reload/1605047628642394469%20nanoseconds%20since%20Jan%201%2C%201970
MetaInfo: [ContentType: 0, FreshnessPeriod: 1000 milliseconds]
Content: [17 bytes]
Signature: [type: SignatureSha256WithEcdsa, length: 71]
1605047628.644113 DEBUG: [ndnsd.Tools.Reload] Tentative next interest schedule in : 2058 milliseconds
1605047630.702440  INFO: [ndnsd.Tools.Reload] Sending reload interest: /ndnsd/p2/service-info/reload/1605047630702376975%20nanoseconds%20since%20Jan%201%2C%201970?MustBeFresh
1605047630.705063  INFO: [ndnsd.Tools.Reload] Update SuccessfulName: /ndnsd/p2/service-info/reload/1605047630702376975%20nanoseconds%20since%20Jan%201%2C%201970
MetaInfo: [ContentType: 0, FreshnessPeriod: 1000 milliseconds]
Content: [17 bytes]
Signature: [type: SignatureSha256WithEcdsa, length: 71]
1605047630.705113 DEBUG: [ndnsd.Tools.Reload] Tentative next interest schedule in : 2016 milliseconds
1605047632.726886  INFO: [ndnsd.Tools.Reload] Sending reload interest: /ndnsd/p2/service-info/reload/1605047632726839816%20nanoseconds%20since%20Jan%201%2C%201970?MustBeFresh
1605047632.728621  INFO: [ndnsd.Tools.Reload] Update SuccessfulName: /ndnsd/p2/service-info/reload/1605047632726839816%20nanoseconds%20since%20Jan%201%2C%201970
MetaInfo: [ContentType: 0, FreshnessPeriod: 1000 milliseconds]
Content: [17 bytes]
Signature: [type: SignatureSha256WithEcdsa, length: 71]
1605047632.728665 DEBUG: [ndnsd.Tools.Reload] Tentative next interest schedule in : 2026 milliseconds
1605047634.755016  INFO: [ndnsd.Tools.Reload] Sending reload interest: /ndnsd/p2/service-info/reload/1605047634754971870%20nanoseconds%20since%20Jan%201%2C%201970?MustBeFresh
1605047634.756749  INFO: [ndnsd.Tools.Reload] Update SuccessfulName: /ndnsd/p2/service-info/reload/1605047634754971870%20nanoseconds%20since%20Jan%201%2C%201970
MetaInfo: [ContentType: 0, FreshnessPeriod: 1000 milliseconds]
Content: [17 bytes]
Signature: [type: SignatureSha256WithEcdsa, length: 70]
1605047634.756775 DEBUG: [ndnsd.Tools.Reload] Tentative next interest schedule in : 2055 milliseconds
1605047636.823692  INFO: [ndnsd.Tools.Reload] Sending reload interest: /ndnsd/p2/service-info/reload/1605047636823489402%20nanoseconds%20since%20Jan%201%2C%201970?MustBeFresh
1605047636.826026  INFO: [ndnsd.Tools.Reload] Update SuccessfulName: /ndnsd/p2/service-info/reload/1605047636823489402%20nanoseconds%20since%20Jan%201%2C%201970
MetaInfo: [ContentType: 0, FreshnessPeriod: 1000 milliseconds]
Content: [17 bytes]
Signature: [type: SignatureSha256WithEcdsa, length: 71]
1605047636.826079 DEBUG: [ndnsd.Tools.Reload] Tentative next interest schedule in : 2026 milliseconds
1605047638.852346  INFO: [ndnsd.Tools.Reload] Sending reload interest: /ndnsd/p2/service-info/reload/1605047638852303121%20nanoseconds%20since%20Jan%201%2C%201970?MustBeFresh
1605047638.853901  INFO: [ndnsd.Tools.Reload] Update SuccessfulName: /ndnsd/p2/service-info/reload/1605047638852303121%20nanoseconds%20since%20Jan%201%2C%201970
MetaInfo: [ContentType: 0, FreshnessPeriod: 1000 milliseconds]
Content: [17 bytes]
Signature: [type: SignatureSha256WithEcdsa, length: 71]
1605047638.853930 DEBUG: [ndnsd.Tools.Reload] Tentative next interest schedule in : 2073 milliseconds
1605047640.936175  INFO: [ndnsd.Tools.Reload] Sending reload interest: /ndnsd/p2/service-info/reload/1605047640936125770%20nanoseconds%20since%20Jan%201%2C%201970?MustBeFresh
1605047640.937716  INFO: [ndnsd.Tools.Reload] Update SuccessfulName: /ndnsd/p2/service-info/reload/1605047640936125770%20nanoseconds%20since%20Jan%201%2C%201970
MetaInfo: [ContentType: 0, FreshnessPeriod: 1000 milliseconds]
Content: [17 bytes]
Signature: [type: SignatureSha256WithEcdsa, length: 71]
1605047640.937739 DEBUG: [ndnsd.Tools.Reload] Tentative next interest schedule in : 2012 milliseconds
1605047642.954674  INFO: [ndnsd.Tools.Reload] Sending reload interest: /ndnsd/p2/service-info/reload/1605047642954631221%20nanoseconds%20since%20Jan%201%2C%201970?MustBeFresh
1605047642.957688  INFO: [ndnsd.Tools.Reload] Update SuccessfulName: /ndnsd/p2/service-info/reload/1605047642954631221%20nanoseconds%20since%20Jan%201%2C%201970
MetaInfo: [ContentType: 0, FreshnessPeriod: 1000 milliseconds]
Content: [17 bytes]
Signature: [type: SignatureSha256WithEcdsa, length: 71]
1605047642.957750 DEBUG: [ndnsd.Tools.Reload] Tentative next interest schedule in : 2057 milliseconds
1605047645.044319  INFO: [ndnsd.Tools.Reload] Sending reload interest: /ndnsd/p2/service-info/reload/1605047645044255585%20nanoseconds%20since%20Jan%201%2C%201970?MustBeFresh
1605047645.047270  INFO: [ndnsd.Tools.Reload] Update SuccessfulName: /ndnsd/p2/service-info/reload/1605047645044255585%20nanoseconds%20since%20Jan%201%2C%201970
MetaInfo: [ContentType: 0, FreshnessPeriod: 1000 milliseconds]
Content: [17 bytes]
Signature: [type: SignatureSha256WithEcdsa, length: 72]
1605047645.047371 DEBUG: [ndnsd.Tools.Reload] Tentative next interest schedule in : 2016 milliseconds
1605047647.063848  INFO: [ndnsd.Tools.Reload] Sending reload interest: /ndnsd/p2/service-info/reload/1605047647063796252%20nanoseconds%20since%20Jan%201%2C%201970?MustBeFresh
1605047647.065689  INFO: [ndnsd.Tools.Reload] Update SuccessfulName: /ndnsd/p2/service-info/reload/1605047647063796252%20nanoseconds%20since%20Jan%201%2C%201970
MetaInfo: [ContentType: 0, FreshnessPeriod: 1000 milliseconds]
Content: [17 bytes]
Signature: [type: SignatureSha256WithEcdsa, length: 70]
1605047647.065717 DEBUG: [ndnsd.Tools.Reload] Tentative next interest schedule in : 2076 milliseconds
1605047649.142140  INFO: [ndnsd.Tools.Reload] Sending reload interest: /ndnsd/p2/service-info/reload/1605047649142095532%20nanoseconds%20since%20Jan%201%2C%201970?MustBeFresh
1605047649.145041  INFO: [ndnsd.Tools.Reload] Update SuccessfulName: /ndnsd/p2/service-info/reload/1605047649142095532%20nanoseconds%20since%20Jan%201%2C%201970
MetaInfo: [ContentType: 0, FreshnessPeriod: 1000 milliseconds]
Content: [17 bytes]
Signature: [type: SignatureSha256WithEcdsa, length: 72]
1605047649.145080 DEBUG: [ndnsd.Tools.Reload] Tentative next interest schedule in : 2075 milliseconds
1605047651.224570  INFO: [ndnsd.Tools.Reload] Sending reload interest: /ndnsd/p2/service-info/reload/1605047651224463344%20nanoseconds%20since%20Jan%201%2C%201970?MustBeFresh
1605047651.228261  INFO: [ndnsd.Tools.Reload] Update SuccessfulName: /ndnsd/p2/service-info/reload/1605047651224463344%20nanoseconds%20since%20Jan%201%2C%201970
MetaInfo: [ContentType: 0, FreshnessPeriod: 1000 milliseconds]
Content: [17 bytes]
Signature: [type: SignatureSha256WithEcdsa, length: 72]
1605047651.228305 DEBUG: [ndnsd.Tools.Reload] Tentative next interest schedule in : 2018 milliseconds
1605047653.255946  INFO: [ndnsd.Tools.Reload] Sending reload interest: /ndnsd/p2/service-info/reload/1605047653255897422%20nanoseconds%20since%20Jan%201%2C%201970?MustBeFresh
1605047653.258232  INFO: [ndnsd.Tools.Reload] Update SuccessfulName: /ndnsd/p2/service-info/reload/1605047653255897422%20nanoseconds%20since%20Jan%201%2C%201970
MetaInfo: [ContentType: 0, FreshnessPeriod: 1000 milliseconds]
Content: [17 bytes]
Signature: [type: SignatureSha256WithEcdsa, length: 72]
1605047653.258271 DEBUG: [ndnsd.Tools.Reload] Tentative next interest schedule in : 2082 milliseconds
1605047655.340900  INFO: [ndnsd.Tools.Reload] Sending reload interest: /ndnsd/p2/service-info/reload/1605047655340851575%20nanoseconds%20since%20Jan%201%2C%201970?MustBeFresh
1605047655.342872  INFO: [ndnsd.Tools.Reload] Update SuccessfulName: /ndnsd/p2/service-info/reload/1605047655340851575%20nanoseconds%20since%20Jan%201%2C%201970
MetaInfo: [ContentType: 0, FreshnessPeriod: 1000 milliseconds]
Content: [17 bytes]
Signature: [type: SignatureSha256WithEcdsa, length: 71]
1605047655.342901 DEBUG: [ndnsd.Tools.Reload] Tentative next interest schedule in : 2018 milliseconds
1605047657.361016  INFO: [ndnsd.Tools.Reload] Sending reload interest: /ndnsd/p2/service-info/reload/1605047657360968487%20nanoseconds%20since%20Jan%201%2C%201970?MustBeFresh
1605047657.362700  INFO: [ndnsd.Tools.Reload] Update SuccessfulName: /ndnsd/p2/service-info/reload/1605047657360968487%20nanoseconds%20since%20Jan%201%2C%201970
MetaInfo: [ContentType: 0, FreshnessPeriod: 1000 milliseconds]
Content: [17 bytes]
Signature: [type: SignatureSha256WithEcdsa, length: 72]
1605047657.362732 DEBUG: [ndnsd.Tools.Reload] Tentative next interest schedule in : 2000 milliseconds
1605047659.363004  INFO: [ndnsd.Tools.Reload] Sending reload interest: /ndnsd/p2/service-info/reload/1605047659362944486%20nanoseconds%20since%20Jan%201%2C%201970?MustBeFresh
1605047659.365227  INFO: [ndnsd.Tools.Reload] Update SuccessfulName: /ndnsd/p2/service-info/reload/1605047659362944486%20nanoseconds%20since%20Jan%201%2C%201970
MetaInfo: [ContentType: 0, FreshnessPeriod: 1000 milliseconds]
Content: [17 bytes]
Signature: [type: SignatureSha256WithEcdsa, length: 71]
1605047659.365283 DEBUG: [ndnsd.Tools.Reload] Tentative next interest schedule in : 2053 milliseconds
1605047661.426849  INFO: [ndnsd.Tools.Reload] Sending reload interest: /ndnsd/p2/service-info/reload/1605047661426778041%20nanoseconds%20since%20Jan%201%2C%201970?MustBeFresh
1605047661.431710  INFO: [ndnsd.Tools.Reload] Update SuccessfulName: /ndnsd/p2/service-info/reload/1605047661426778041%20nanoseconds%20since%20Jan%201%2C%201970
MetaInfo: [ContentType: 0, FreshnessPeriod: 1000 milliseconds]
Content: [17 bytes]
Signature: [type: SignatureSha256WithEcdsa, length: 71]
1605047661.431807 DEBUG: [ndnsd.Tools.Reload] Tentative next interest schedule in : 2014 milliseconds
1605047663.446042  INFO: [ndnsd.Tools.Reload] Sending reload interest: /ndnsd/p2/service-info/reload/1605047663445955285%20nanoseconds%20since%20Jan%201%2C%201970?MustBeFresh
1605047663.448569  INFO: [ndnsd.Tools.Reload] Update SuccessfulName: /ndnsd/p2/service-info/reload/1605047663445955285%20nanoseconds%20since%20Jan%201%2C%201970
MetaInfo: [ContentType: 0, FreshnessPeriod: 1000 milliseconds]
Content: [17 bytes]
Signature: [type: SignatureSha256WithEcdsa, length: 70]
1605047663.448608 DEBUG: [ndnsd.Tools.Reload] Tentative next interest schedule in : 2022 milliseconds
1605047665.470950  INFO: [ndnsd.Tools.Reload] Sending reload interest: /ndnsd/p2/service-info/reload/1605047665470902924%20nanoseconds%20since%20Jan%201%2C%201970?MustBeFresh
1605047665.472625  INFO: [ndnsd.Tools.Reload] Update SuccessfulName: /ndnsd/p2/service-info/reload/1605047665470902924%20nanoseconds%20since%20Jan%201%2C%201970
MetaInfo: [ContentType: 0, FreshnessPeriod: 1000 milliseconds]
Content: [17 bytes]
Signature: [type: SignatureSha256WithEcdsa, length: 70]
1605047665.472654 DEBUG: [ndnsd.Tools.Reload] Tentative next interest schedule in : 2075 milliseconds
1605047667.572521  INFO: [ndnsd.Tools.Reload] Sending reload interest: /ndnsd/p2/service-info/reload/1605047667572484169%20nanoseconds%20since%20Jan%201%2C%201970?MustBeFresh
1605047667.573858  INFO: [ndnsd.Tools.Reload] Update SuccessfulName: /ndnsd/p2/service-info/reload/1605047667572484169%20nanoseconds%20since%20Jan%201%2C%201970
MetaInfo: [ContentType: 0, FreshnessPeriod: 1000 milliseconds]
Content: [17 bytes]
Signature: [type: SignatureSha256WithEcdsa, length: 72]
1605047667.573883 DEBUG: [ndnsd.Tools.Reload] Tentative next interest schedule in : 2028 milliseconds
1605047669.602288  INFO: [ndnsd.Tools.Reload] Sending reload interest: /ndnsd/p2/service-info/reload/1605047669602236627%20nanoseconds%20since%20Jan%201%2C%201970?MustBeFresh
1605047669.603246  INFO: [ndnsd.Tools.Reload] Update SuccessfulName: /ndnsd/p2/service-info/reload/1605047669602236627%20nanoseconds%20since%20Jan%201%2C%201970
MetaInfo: [ContentType: 0, FreshnessPeriod: 1000 milliseconds]
Content: [17 bytes]
Signature: [type: SignatureSha256WithEcdsa, length: 71]
1605047669.603274 DEBUG: [ndnsd.Tools.Reload] Tentative next interest schedule in : 2072 milliseconds
1605047671.675433  INFO: [ndnsd.Tools.Reload] Sending reload interest: /ndnsd/p2/service-info/reload/1605047671675388848%20nanoseconds%20since%20Jan%201%2C%201970?MustBeFresh
1605047671.677194  INFO: [ndnsd.Tools.Reload] Update SuccessfulName: /ndnsd/p2/service-info/reload/1605047671675388848%20nanoseconds%20since%20Jan%201%2C%201970
MetaInfo: [ContentType: 0, FreshnessPeriod: 1000 milliseconds]
Content: [17 bytes]
Signature: [type: SignatureSha256WithEcdsa, length: 72]
1605047671.677220 DEBUG: [ndnsd.Tools.Reload] Tentative next interest schedule in : 2023 milliseconds
1605047673.700818  INFO: [ndnsd.Tools.Reload] Sending reload interest: /ndnsd/p2/service-info/reload/1605047673700767853%20nanoseconds%20since%20Jan%201%2C%201970?MustBeFresh
1605047673.703356  INFO: [ndnsd.Tools.Reload] Update SuccessfulName: /ndnsd/p2/service-info/reload/1605047673700767853%20nanoseconds%20since%20Jan%201%2C%201970
MetaInfo: [ContentType: 0, FreshnessPeriod: 1000 milliseconds]
Content: [17 bytes]
Signature: [type: SignatureSha256WithEcdsa, length: 70]
1605047673.703471 DEBUG: [ndnsd.Tools.Reload] Tentative next interest schedule in : 2032 milliseconds
1605047675.745420  INFO: [ndnsd.Tools.Reload] Sending reload interest: /ndnsd/p2/service-info/reload/1605047675745350589%20nanoseconds%20since%20Jan%201%2C%201970?MustBeFresh
1605047675.748224  INFO: [ndnsd.Tools.Reload] Update SuccessfulName: /ndnsd/p2/service-info/reload/1605047675745350589%20nanoseconds%20since%20Jan%201%2C%201970
MetaInfo: [ContentType: 0, FreshnessPeriod: 1000 milliseconds]
Content: [17 bytes]
Signature: [type: SignatureSha256WithEcdsa, length: 70]
1605047675.748258 DEBUG: [ndnsd.Tools.Reload] Tentative next interest schedule in : 2073 milliseconds
1605047677.821698  INFO: [ndnsd.Tools.Reload] Sending reload interest: /ndnsd/p2/service-info/reload/1605047677821529936%20nanoseconds%20since%20Jan%201%2C%201970?MustBeFresh
1605047677.823652  INFO: [ndnsd.Tools.Reload] Update SuccessfulName: /ndnsd/p2/service-info/reload/1605047677821529936%20nanoseconds%20since%20Jan%201%2C%201970
MetaInfo: [ContentType: 0, FreshnessPeriod: 1000 milliseconds]
Content: [17 bytes]
Signature: [type: SignatureSha256WithEcdsa, length: 72]
1605047677.823742 DEBUG: [ndnsd.Tools.Reload] Tentative next interest schedule in : 2045 milliseconds
1605047679.874628  INFO: [ndnsd.Tools.Reload] Sending reload interest: /ndnsd/p2/service-info/reload/1605047679874553268%20nanoseconds%20since%20Jan%201%2C%201970?MustBeFresh
1605047679.876422  INFO: [ndnsd.Tools.Reload] Update SuccessfulName: /ndnsd/p2/service-info/reload/1605047679874553268%20nanoseconds%20since%20Jan%201%2C%201970
MetaInfo: [ContentType: 0, FreshnessPeriod: 1000 milliseconds]
Content: [17 bytes]
Signature: [type: SignatureSha256WithEcdsa, length: 71]
1605047679.876453 DEBUG: [ndnsd.Tools.Reload] Tentative next interest schedule in : 2056 milliseconds
1605047681.932703  INFO: [ndnsd.Tools.Reload] Sending reload interest: /ndnsd/p2/service-info/reload/1605047681932634918%20nanoseconds%20since%20Jan%201%2C%201970?MustBeFresh
1605047681.934361  INFO: [ndnsd.Tools.Reload] Update SuccessfulName: /ndnsd/p2/service-info/reload/1605047681932634918%20nanoseconds%20since%20Jan%201%2C%201970
MetaInfo: [ContentType: 0, FreshnessPeriod: 1000 milliseconds]
Content: [17 bytes]
Signature: [type: SignatureSha256WithEcdsa, length: 71]
1605047681.934387 DEBUG: [ndnsd.Tools.Reload] Tentative next interest schedule in : 2008 milliseconds
1605047683.943076  INFO: [ndnsd.Tools.Reload] Sending reload interest: /ndnsd/p2/service-info/reload/1605047683943011059%20nanoseconds%20since%20Jan%201%2C%201970?MustBeFresh
1605047683.944784  INFO: [ndnsd.Tools.Reload] Update SuccessfulName: /ndnsd/p2/service-info/reload/1605047683943011059%20nanoseconds%20since%20Jan%201%2C%201970
MetaInfo: [ContentType: 0, FreshnessPeriod: 1000 milliseconds]
Content: [17 bytes]
Signature: [type: SignatureSha256WithEcdsa, length: 72]
1605047683.944809 DEBUG: [ndnsd.Tools.Reload] Tentative next interest schedule in : 2051 milliseconds
1605047685.996092  INFO: [ndnsd.Tools.Reload] Sending reload interest: /ndnsd/p2/service-info/reload/1605047685996045466%20nanoseconds%20since%20Jan%201%2C%201970?MustBeFresh
1605047685.997820  INFO: [ndnsd.Tools.Reload] Update SuccessfulName: /ndnsd/p2/service-info/reload/1605047685996045466%20nanoseconds%20since%20Jan%201%2C%201970
MetaInfo: [ContentType: 0, FreshnessPeriod: 1000 milliseconds]
Content: [17 bytes]
Signature: [type: SignatureSha256WithEcdsa, length: 71]
1605047685.997848 DEBUG: [ndnsd.Tools.Reload] Tentative next interest schedule in : 2031 milliseconds
1605047688.032308  INFO: [ndnsd.Tools.Reload] Sending reload interest: /ndnsd/p2/service-info/reload/1605047688032226411%20nanoseconds%20since%20Jan%201%2C%201970?MustBeFresh
1605047688.034346  INFO: [ndnsd.Tools.Reload] Update SuccessfulName: /ndnsd/p2/service-info/reload/1605047688032226411%20nanoseconds%20since%20Jan%201%2C%201970
MetaInfo: [ContentType: 0, FreshnessPeriod: 1000 milliseconds]
Content: [17 bytes]
Signature: [type: SignatureSha256WithEcdsa, length: 71]
1605047688.034375 DEBUG: [ndnsd.Tools.Reload] Tentative next interest schedule in : 2045 milliseconds
1605047690.079616  INFO: [ndnsd.Tools.Reload] Sending reload interest: /ndnsd/p2/service-info/reload/1605047690079572249%20nanoseconds%20since%20Jan%201%2C%201970?MustBeFresh
1605047690.081468  INFO: [ndnsd.Tools.Reload] Update SuccessfulName: /ndnsd/p2/service-info/reload/1605047690079572249%20nanoseconds%20since%20Jan%201%2C%201970
MetaInfo: [ContentType: 0, FreshnessPeriod: 1000 milliseconds]
Content: [17 bytes]
Signature: [type: SignatureSha256WithEcdsa, length: 71]
1605047690.081494 DEBUG: [ndnsd.Tools.Reload] Tentative next interest schedule in : 2044 milliseconds
1605047692.126383  INFO: [ndnsd.Tools.Reload] Sending reload interest: /ndnsd/p2/service-info/reload/1605047692126330175%20nanoseconds%20since%20Jan%201%2C%201970?MustBeFresh
1605047692.128515  INFO: [ndnsd.Tools.Reload] Update SuccessfulName: /ndnsd/p2/service-info/reload/1605047692126330175%20nanoseconds%20since%20Jan%201%2C%201970
MetaInfo: [ContentType: 0, FreshnessPeriod: 1000 milliseconds]
Content: [17 bytes]
Signature: [type: SignatureSha256WithEcdsa, length: 72]
1605047692.128550 DEBUG: [ndnsd.Tools.Reload] Tentative next interest schedule in : 2001 milliseconds
1605047694.130315  INFO: [ndnsd.Tools.Reload] Sending reload interest: /ndnsd/p2/service-info/reload/1605047694130264969%20nanoseconds%20since%20Jan%201%2C%201970?MustBeFresh
1605047694.132672  INFO: [ndnsd.Tools.Reload] Update SuccessfulName: /ndnsd/p2/service-info/reload/1605047694130264969%20nanoseconds%20since%20Jan%201%2C%201970
MetaInfo: [ContentType: 0, FreshnessPeriod: 1000 milliseconds]
Content: [17 bytes]
Signature: [type: SignatureSha256WithEcdsa, length: 71]
1605047694.132714 DEBUG: [ndnsd.Tools.Reload] Tentative next interest schedule in : 2062 milliseconds
1605047696.195142  INFO: [ndnsd.Tools.Reload] Sending reload interest: /ndnsd/p2/service-info/reload/1605047696195089690%20nanoseconds%20since%20Jan%201%2C%201970?MustBeFresh
1605047696.196864  INFO: [ndnsd.Tools.Reload] Update SuccessfulName: /ndnsd/p2/service-info/reload/1605047696195089690%20nanoseconds%20since%20Jan%201%2C%201970
MetaInfo: [ContentType: 0, FreshnessPeriod: 1000 milliseconds]
Content: [17 bytes]
Signature: [type: SignatureSha256WithEcdsa, length: 71]
1605047696.196892 DEBUG: [ndnsd.Tools.Reload] Tentative next interest schedule in : 2028 milliseconds
1605047698.225096  INFO: [ndnsd.Tools.Reload] Sending reload interest: /ndnsd/p2/service-info/reload/1605047698225048081%20nanoseconds%20since%20Jan%201%2C%201970?MustBeFresh
1605047698.226862  INFO: [ndnsd.Tools.Reload] Update SuccessfulName: /ndnsd/p2/service-info/reload/1605047698225048081%20nanoseconds%20since%20Jan%201%2C%201970
MetaInfo: [ContentType: 0, FreshnessPeriod: 1000 milliseconds]
Content: [17 bytes]
Signature: [type: SignatureSha256WithEcdsa, length: 71]
1605047698.226887 DEBUG: [ndnsd.Tools.Reload] Tentative next interest schedule in : 2002 milliseconds
1605047700.229979  INFO: [ndnsd.Tools.Reload] Sending reload interest: /ndnsd/p2/service-info/reload/1605047700229933805%20nanoseconds%20since%20Jan%201%2C%201970?MustBeFresh
1605047700.231526  INFO: [ndnsd.Tools.Reload] Update SuccessfulName: /ndnsd/p2/service-info/reload/1605047700229933805%20nanoseconds%20since%20Jan%201%2C%201970
MetaInfo: [ContentType: 0, FreshnessPeriod: 1000 milliseconds]
Content: [17 bytes]
Signature: [type: SignatureSha256WithEcdsa, length: 71]
1605047700.231556 DEBUG: [ndnsd.Tools.Reload] Tentative next interest schedule in : 2040 milliseconds
1605047702.273534  INFO: [ndnsd.Tools.Reload] Sending reload interest: /ndnsd/p2/service-info/reload/1605047702273491186%20nanoseconds%20since%20Jan%201%2C%201970?MustBeFresh
1605047702.275166  INFO: [ndnsd.Tools.Reload] Update SuccessfulName: /ndnsd/p2/service-info/reload/1605047702273491186%20nanoseconds%20since%20Jan%201%2C%201970
MetaInfo: [ContentType: 0, FreshnessPeriod: 1000 milliseconds]
Content: [17 bytes]
Signature: [type: SignatureSha256WithEcdsa, length: 71]
1605047702.275195 DEBUG: [ndnsd.Tools.Reload] Tentative next interest schedule in : 2053 milliseconds
1605047704.328403  INFO: [ndnsd.Tools.Reload] Sending reload interest: /ndnsd/p2/service-info/reload/1605047704328360238%20nanoseconds%20since%20Jan%201%2C%201970?MustBeFresh
1605047704.330065  INFO: [ndnsd.Tools.Reload] Update SuccessfulName: /ndnsd/p2/service-info/reload/1605047704328360238%20nanoseconds%20since%20Jan%201%2C%201970
MetaInfo: [ContentType: 0, FreshnessPeriod: 1000 milliseconds]
Content: [17 bytes]
Signature: [type: SignatureSha256WithEcdsa, length: 71]
1605047704.330126 DEBUG: [ndnsd.Tools.Reload] Tentative next interest schedule in : 1995 milliseconds
1605047706.348789  INFO: [ndnsd.Tools.Reload] Sending reload interest: /ndnsd/p2/service-info/reload/1605047706348638679%20nanoseconds%20since%20Jan%201%2C%201970?MustBeFresh
1605047706.350745  INFO: [ndnsd.Tools.Reload] Update SuccessfulName: /ndnsd/p2/service-info/reload/1605047706348638679%20nanoseconds%20since%20Jan%201%2C%201970
MetaInfo: [ContentType: 0, FreshnessPeriod: 1000 milliseconds]
Content: [17 bytes]
Signature: [type: SignatureSha256WithEcdsa, length: 71]
1605047706.350781 DEBUG: [ndnsd.Tools.Reload] Tentative next interest schedule in : 2020 milliseconds
1605047708.371244  INFO: [ndnsd.Tools.Reload] Sending reload interest: /ndnsd/p2/service-info/reload/1605047708371126032%20nanoseconds%20since%20Jan%201%2C%201970?MustBeFresh
1605047708.373417  INFO: [ndnsd.Tools.Reload] Update SuccessfulName: /ndnsd/p2/service-info/reload/1605047708371126032%20nanoseconds%20since%20Jan%201%2C%201970
MetaInfo: [ContentType: 0, FreshnessPeriod: 1000 milliseconds]
Content: [17 bytes]
Signature: [type: SignatureSha256WithEcdsa, length: 71]
1605047708.373452 DEBUG: [ndnsd.Tools.Reload] Tentative next interest schedule in : 2023 milliseconds
1605047710.396574  INFO: [ndnsd.Tools.Reload] Sending reload interest: /ndnsd/p2/service-info/reload/1605047710396529904%20nanoseconds%20since%20Jan%201%2C%201970?MustBeFresh
1605047710.398209  INFO: [ndnsd.Tools.Reload] Update SuccessfulName: /ndnsd/p2/service-info/reload/1605047710396529904%20nanoseconds%20since%20Jan%201%2C%201970
MetaInfo: [ContentType: 0, FreshnessPeriod: 1000 milliseconds]
Content: [17 bytes]
Signature: [type: SignatureSha256WithEcdsa, length: 71]
1605047710.398237 DEBUG: [ndnsd.Tools.Reload] Tentative next interest schedule in : 2051 milliseconds
1605047712.450004  INFO: [ndnsd.Tools.Reload] Sending reload interest: /ndnsd/p2/service-info/reload/1605047712449948335%20nanoseconds%20since%20Jan%201%2C%201970?MustBeFresh
1605047712.452057  INFO: [ndnsd.Tools.Reload] Update SuccessfulName: /ndnsd/p2/service-info/reload/1605047712449948335%20nanoseconds%20since%20Jan%201%2C%201970
MetaInfo: [ContentType: 0, FreshnessPeriod: 1000 milliseconds]
Content: [17 bytes]
Signature: [type: SignatureSha256WithEcdsa, length: 72]
1605047712.452086 DEBUG: [ndnsd.Tools.Reload] Tentative next interest schedule in : 1994 milliseconds
1605047714.446418  INFO: [ndnsd.Tools.Reload] Sending reload interest: /ndnsd/p2/service-info/reload/1605047714446373317%20nanoseconds%20since%20Jan%201%2C%201970?MustBeFresh
