1605732657.370837  INFO: [nlsr.ConfParameter] Router Name: /%C1.Router/cs/p2
1605732657.370863  INFO: [nlsr.ConfParameter] Site Name: /p2-site
1605732657.370866  INFO: [nlsr.ConfParameter] Network: /ndn
1605732657.370868  INFO: [nlsr.ConfParameter] Router Prefix: /ndn/p2-site/%C1.Router/cs/p2
1605732657.370870  INFO: [nlsr.ConfParameter] Sync Prefix: /localhop/ndn/nlsr/sync/%FD%08
1605732657.370873  INFO: [nlsr.ConfParameter] Sync LSA prefix: /localhop/ndn/nlsr/LSA
1605732657.370875  INFO: [nlsr.ConfParameter] Hello Interest retry number: 3
1605732657.370878  INFO: [nlsr.ConfParameter] Hello Interest resend second: 1
1605732657.370880  INFO: [nlsr.ConfParameter] Info Interest interval: 60
1605732657.370882  INFO: [nlsr.ConfParameter] LSA refresh time: 1800
1605732657.370883  INFO: [nlsr.ConfParameter] FIB Entry refresh time: 3600
1605732657.370884  INFO: [nlsr.ConfParameter] LSA Interest lifetime: 4 seconds
1605732657.370896  INFO: [nlsr.ConfParameter] Router dead interval: 3600
1605732657.370901  INFO: [nlsr.ConfParameter] Max Faces Per Prefix: 3
1605732657.370902  INFO: [nlsr.ConfParameter] State Directory: /tmp/minindn/p2/log
1605732657.370904  INFO: [nlsr.ConfParameter] Adjacency LSA build interval:  10
1605732657.370905  INFO: [nlsr.ConfParameter] Routing calculation interval:  15
1605732657.370908 DEBUG: [nlsr.ConfParameter] Initializing Key ...
1605732657.371135  WARN: [nlsr.ConfParameter] Identity /ndn/p2-site/%C1.Router/cs/p2/nlsr does not exist
1605732657.385017 ERROR: [nlsr.ConfParameter] Router's Identity /ndn/p2-site/%C1.Router/cs/p2 does not exist, NLSR is running without security. If security is enabled in the configuration, NLSR will not converge.
1605732657.385080 DEBUG: [nlsr.SyncProtocolAdapter] Using PSync
1605732657.386537 DEBUG: [nlsr.SequencingManager] Seq File Name: /tmp/minindn/p2/log/nlsrSeqNo.txt
1605732657.386565 DEBUG: [nlsr.SequencingManager] Adj LSA seq no: 0
1605732657.386568 DEBUG: [nlsr.SequencingManager] Name LSA Seq no: 0
1605732657.386594 DEBUG: [nlsr.update.PrefixUpdateProcessor] Setting dispatcher to capture Interests for: /localhost/nlsr/prefix-update
1605732657.386629 DEBUG: [nlsr.Nlsr] Initializing Nlsr
1605732657.387134 DEBUG: [nlsr.Nlsr] Default NLSR identity: /ndn/p2-site/%C1.Router/cs/p2/nlsr
1605732657.387151 DEBUG: [nlsr.Nlsr] Setting interest filter for Hello interest: /ndn/p2-site/%C1.Router/cs/p2/nlsr/INFO
1605732657.387547 DEBUG: [nlsr.Nlsr] Setting interest filter for LsaPrefix: /localhop/ndn/nlsr/LSA
1605732657.387697 DEBUG: [nlsr.Nlsr] Enabling incoming face id indication for local face.
1605732657.387934 DEBUG: [nlsr.AdjacencyList] -------Adjacency List--------
1605732657.387945 DEBUG: [nlsr.AdjacencyList] Adjacent: /ndn/p1-site/%C1.Router/cs/p1
		Connecting FaceUri: udp4://10.0.0.9:6363
		Link cost: 10
		Status: 0
		Interest Timed Out: 0
1605732657.387967 DEBUG: [nlsr.AdjacencyList] Adjacent: /ndn/c2-site/%C1.Router/cs/c2
		Connecting FaceUri: udp4://10.0.0.5:6363
		Link cost: 10
		Status: 0
		Interest Timed Out: 0
1605732657.387973 DEBUG: [nlsr.Nlsr] Name prefix list: {
/ndn/p2-site/p2
Sources:
  
}
1605732657.387980 DEBUG: [nlsr.SequencingManager] Adj LSA seq no: 0
1605732657.387982 DEBUG: [nlsr.SequencingManager] Name LSA Seq no: 1
1605732657.388062 DEBUG: [nlsr.Lsdb] Adding NAME LSA
1605732657.388073 DEBUG: [nlsr.Lsdb]     NAME LSA:
      Origin Router      : /ndn/p2-site/%C1.Router/cs/p2
      Sequence Number    : 1
      Expires in         : 3599999 milliseconds
      Names:
        Name 0: /ndn/p2-site/p2
1605732657.394126 DEBUG: [nlsr.Nlsr] Successfully registered prefix: /ndn/p2-site/%C1.Router/cs/p2/nlsr/INFO
1605732657.395895 DEBUG: [nlsr.SyncLogicHandler] Update Name: /localhop/ndn/nlsr/LSA/c1-site/%C1.Router/cs/c1/ADJACENCY Seq no: 1
1605732657.395913 DEBUG: [nlsr.SyncLogicHandler] Origin Router of update: /ndn/c1-site/%C1.Router/cs/c1
1605732657.395919 DEBUG: [nlsr.SyncLogicHandler] Received sync update with higher ADJACENCY sequence number than entry in LSDB
1605732657.395932 DEBUG: [nlsr.Lsdb] Fetching Data for LSA: /localhop/ndn/nlsr/LSA/c1-site/%C1.Router/cs/c1/ADJACENCY/%01 Seq number: 1
1605732657.396262 DEBUG: [nlsr.SyncLogicHandler] Update Name: /localhop/ndn/nlsr/LSA/c1-site/%C1.Router/cs/c1/NAME Seq no: 1
1605732657.396277 DEBUG: [nlsr.SyncLogicHandler] Origin Router of update: /ndn/c1-site/%C1.Router/cs/c1
1605732657.396284 DEBUG: [nlsr.SyncLogicHandler] Received sync update with higher NAME sequence number than entry in LSDB
1605732657.396292 DEBUG: [nlsr.Lsdb] Fetching Data for LSA: /localhop/ndn/nlsr/LSA/c1-site/%C1.Router/cs/c1/NAME/%01 Seq number: 1
1605732657.396311 DEBUG: [nlsr.SyncLogicHandler] Update Name: /localhop/ndn/nlsr/LSA/p1-site/%C1.Router/cs/p1/NAME Seq no: 1
1605732657.396319 DEBUG: [nlsr.SyncLogicHandler] Origin Router of update: /ndn/p1-site/%C1.Router/cs/p1
1605732657.396322 DEBUG: [nlsr.SyncLogicHandler] Received sync update with higher NAME sequence number than entry in LSDB
1605732657.396330 DEBUG: [nlsr.Lsdb] Fetching Data for LSA: /localhop/ndn/nlsr/LSA/p1-site/%C1.Router/cs/p1/NAME/%01 Seq number: 1
1605732657.396646 DEBUG: [nlsr.SyncLogicHandler] Update Name: /localhop/ndn/nlsr/LSA/c2-site/%C1.Router/cs/c2/NAME Seq no: 1
1605732657.396659 DEBUG: [nlsr.SyncLogicHandler] Origin Router of update: /ndn/c2-site/%C1.Router/cs/c2
1605732657.396663 DEBUG: [nlsr.SyncLogicHandler] Received sync update with higher NAME sequence number than entry in LSDB
1605732657.396674 DEBUG: [nlsr.Lsdb] Fetching Data for LSA: /localhop/ndn/nlsr/LSA/c2-site/%C1.Router/cs/c2/NAME/%01 Seq number: 1
1605732657.396995 DEBUG: [nlsr.SyncLogicHandler] Update Name: /localhop/ndn/nlsr/LSA/c2-site/%C1.Router/cs/c2/ADJACENCY Seq no: 1
1605732657.397011 DEBUG: [nlsr.SyncLogicHandler] Origin Router of update: /ndn/c2-site/%C1.Router/cs/c2
1605732657.397015 DEBUG: [nlsr.SyncLogicHandler] Received sync update with higher ADJACENCY sequence number than entry in LSDB
1605732657.397026 DEBUG: [nlsr.Lsdb] Fetching Data for LSA: /localhop/ndn/nlsr/LSA/c2-site/%C1.Router/cs/c2/ADJACENCY/%01 Seq number: 1
1605732657.397046 DEBUG: [nlsr.SyncLogicHandler] Update Name: /localhop/ndn/nlsr/LSA/p1-site/%C1.Router/cs/p1/ADJACENCY Seq no: 1
1605732657.397052 DEBUG: [nlsr.SyncLogicHandler] Origin Router of update: /ndn/p1-site/%C1.Router/cs/p1
1605732657.397056 DEBUG: [nlsr.SyncLogicHandler] Received sync update with higher ADJACENCY sequence number than entry in LSDB
1605732657.397065 DEBUG: [nlsr.Lsdb] Fetching Data for LSA: /localhop/ndn/nlsr/LSA/p1-site/%C1.Router/cs/p1/ADJACENCY/%01 Seq number: 1
1605732657.397087 DEBUG: [nlsr.SyncLogicHandler] Update Name: /localhop/ndn/nlsr/LSA/p2-site/%C1.Router/cs/p2/ADJACENCY Seq no: 1
1605732657.397092 DEBUG: [nlsr.SyncLogicHandler] Origin Router of update: /ndn/p2-site/%C1.Router/cs/p2
1605732657.397448 DEBUG: [nlsr.route.Fib] Successfully set strategy choice: /localhost/nfd/strategy/multicast/%FD%03 for name: /localhop/ndn/nlsr/LSA
1605732657.397516 DEBUG: [nlsr.route.Fib] Successfully set strategy choice: /localhost/nfd/strategy/multicast/%FD%03 for name: /localhop/ndn/nlsr/sync/%FD%08
1605732657.397544 DEBUG: [nlsr.Nlsr] Successfully enabled incoming face id indicationfor face id 271
1605732657.397628 DEBUG: [nlsr.Nlsr] Processing face dataset
1605732657.397639 DEBUG: [nlsr.Nlsr] FaceUri: udp4://10.0.0.9:6363 FaceId: 265
1605732657.397643 DEBUG: [nlsr.route.Fib] Registering prefix: /ndn/p1-site/%C1.Router/cs/p1 faceUri: udp4://10.0.0.9:6363
1605732657.397744 DEBUG: [nlsr.route.Fib] Registering prefix: /localhop/ndn/nlsr/LSA faceUri: udp4://10.0.0.9:6363
1605732657.397900 DEBUG: [nlsr.Nlsr] FaceUri: udp4://10.0.0.5:6363 FaceId: 263
1605732657.397911 DEBUG: [nlsr.route.Fib] Registering prefix: /ndn/c2-site/%C1.Router/cs/c2 faceUri: udp4://10.0.0.5:6363
1605732657.397986 DEBUG: [nlsr.route.Fib] Registering prefix: /localhop/ndn/nlsr/LSA faceUri: udp4://10.0.0.5:6363
1605732657.398061 DEBUG: [nlsr.Nlsr] Scheduling Dataset Fetch in 3600 seconds
1605732657.398111 DEBUG: [nlsr.Nlsr] Successfully registered prefix: /localhop/ndn/nlsr/LSA
1605732657.398138 DEBUG: [nlsr.Nlsr] Successfully registered prefix: /localhost/nlsr
1605732657.398162 DEBUG: [nlsr.Nlsr] Successfully registered prefix: /ndn/p2-site/%C1.Router/cs/p2/nlsr
1605732657.398185 DEBUG: [nlsr.CertificateStore] KEY prefix: /ndn/p2-site/%C1.Router/cs/p2/nlsr/KEY registration is successful.
1605732657.398213 DEBUG: [nlsr.CertificateStore] KEY prefix: /ndn/p2-site/%C1.Router/cs/p2/KEY registration is successful.
1605732657.398580 DEBUG: [nlsr.CertificateStore] KEY prefix: /ndn/p2-site/%C1.Operator registration is successful.
1605732657.403370 DEBUG: [nlsr.CertificateStore] KEY prefix: /ndn/p2-site/KEY registration is successful.
1605732657.405878 DEBUG: [nlsr.Lsdb] Received data for LSA interest: /localhop/ndn/nlsr/LSA/c1-site/%C1.Router/cs/c1/ADJACENCY/%01
1605732657.406085 DEBUG: [nlsr.Lsdb] Adding ADJACENCY LSA
1605732657.406096 DEBUG: [nlsr.Lsdb]     ADJACENCY LSA:
      Origin Router      : /ndn/c1-site/%C1.Router/cs/c1
      Sequence Number    : 1
      Expires in         : 3242593 milliseconds
      Adjacent(s):
        Adjacent 0: (name=/ndn/p1-site/%C1.Router/cs/p1, uri=udp4://10.0.0.2:6363, cost=10)
1605732657.406128 DEBUG: [nlsr.route.NamePrefixTable] Adding origin: /ndn/c1-site/%C1.Router/cs/c1 to a new name prefix: /ndn/c1-site/%C1.Router/cs/c1
1605732657.406134 DEBUG: [nlsr.route.Fib] Fib::remove called
1605732657.406140 DEBUG: [nlsr.route.RoutingTable] Scheduling routing table calculation in 15 seconds
1605732657.406838 DEBUG: [nlsr.Lsdb] Received data for LSA interest: /localhop/ndn/nlsr/LSA/c1-site/%C1.Router/cs/c1/NAME/%01
1605732657.406934 DEBUG: [nlsr.Lsdb] Adding NAME LSA
1605732657.406942 DEBUG: [nlsr.Lsdb]     NAME LSA:
      Origin Router      : /ndn/c1-site/%C1.Router/cs/c1
      Sequence Number    : 1
      Expires in         : 3227593 milliseconds
      Names:
        Name 0: /ndn/c1-site/c1
1605732657.406955 DEBUG: [nlsr.route.Fib] Fib::remove called
1605732657.406958 DEBUG: [nlsr.route.NamePrefixTable] Adding origin: /ndn/c1-site/%C1.Router/cs/c1 to a new name prefix: /ndn/c1-site/c1
1605732657.406963 DEBUG: [nlsr.route.Fib] Fib::remove called
1605732657.409991 DEBUG: [nlsr.Lsdb] Received data for LSA interest: /localhop/ndn/nlsr/LSA/p1-site/%C1.Router/cs/p1/NAME/%01
1605732657.410091 DEBUG: [nlsr.Lsdb] Adding NAME LSA
1605732657.410099 DEBUG: [nlsr.Lsdb]     NAME LSA:
      Origin Router      : /ndn/p1-site/%C1.Router/cs/p1
      Sequence Number    : 1
      Expires in         : 3230589 milliseconds
      Names:
        Name 0: /ndn/p1-site/p1
1605732657.410114 DEBUG: [nlsr.route.NamePrefixTable] Adding origin: /ndn/p1-site/%C1.Router/cs/p1 to a new name prefix: /ndn/p1-site/%C1.Router/cs/p1
1605732657.410119 DEBUG: [nlsr.route.Fib] Fib::remove called
1605732657.410122 DEBUG: [nlsr.route.NamePrefixTable] Adding origin: /ndn/p1-site/%C1.Router/cs/p1 to a new name prefix: /ndn/p1-site/p1
1605732657.410126 DEBUG: [nlsr.route.Fib] Fib::remove called
1605732657.410799 DEBUG: [nlsr.Lsdb] Received data for LSA interest: /localhop/ndn/nlsr/LSA/c2-site/%C1.Router/cs/c2/NAME/%01
1605732657.410896 DEBUG: [nlsr.Lsdb] Adding NAME LSA
1605732657.410904 DEBUG: [nlsr.Lsdb]     NAME LSA:
      Origin Router      : /ndn/c2-site/%C1.Router/cs/c2
      Sequence Number    : 1
      Expires in         : 3229589 milliseconds
      Names:
        Name 0: /ndn/c2-site/c2
1605732657.410918 DEBUG: [nlsr.route.NamePrefixTable] Adding origin: /ndn/c2-site/%C1.Router/cs/c2 to a new name prefix: /ndn/c2-site/%C1.Router/cs/c2
1605732657.410923 DEBUG: [nlsr.route.Fib] Fib::remove called
1605732657.410926 DEBUG: [nlsr.route.NamePrefixTable] Adding origin: /ndn/c2-site/%C1.Router/cs/c2 to a new name prefix: /ndn/c2-site/c2
1605732657.410929 DEBUG: [nlsr.route.Fib] Fib::remove called
1605732657.410998 DEBUG: [nlsr.Lsdb] Received data for LSA interest: /localhop/ndn/nlsr/LSA/c2-site/%C1.Router/cs/c2/ADJACENCY/%01
1605732657.411101 DEBUG: [nlsr.Lsdb] Adding ADJACENCY LSA
1605732657.411108 DEBUG: [nlsr.Lsdb]     ADJACENCY LSA:
      Origin Router      : /ndn/c2-site/%C1.Router/cs/c2
      Sequence Number    : 1
      Expires in         : 3243588 milliseconds
      Adjacent(s):
        Adjacent 0: (name=/ndn/p2-site/%C1.Router/cs/p2, uri=udp4://10.0.0.6:6363, cost=10)
1605732657.411124 DEBUG: [nlsr.route.Fib] Fib::remove called
1605732657.411431 DEBUG: [nlsr.Lsdb] Received data for LSA interest: /localhop/ndn/nlsr/LSA/p1-site/%C1.Router/cs/p1/ADJACENCY/%01
1605732657.411549 DEBUG: [nlsr.Lsdb] Adding ADJACENCY LSA
1605732657.411557 DEBUG: [nlsr.Lsdb]     ADJACENCY LSA:
      Origin Router      : /ndn/p1-site/%C1.Router/cs/p1
      Sequence Number    : 1
      Expires in         : 3242588 milliseconds
      Adjacent(s):
        Adjacent 0: (name=/ndn/c1-site/%C1.Router/cs/c1, uri=udp4://10.0.0.1:6363, cost=10)
        Adjacent 1: (name=/ndn/p2-site/%C1.Router/cs/p2, uri=udp4://10.0.0.10:6363, cost=10)
1605732657.411575 DEBUG: [nlsr.route.Fib] Fib::remove called
1605732657.411609 DEBUG: [nlsr.route.Fib] Successful in name registration: /ndn/p1-site/%C1.Router/cs/p1 Face Uri: udp4://10.0.0.9:6363 faceId: 265
1605732657.411627 DEBUG: [nlsr.HelloProtocol] Expressing Interest: /ndn/p1-site/%C1.Router/cs/p1/nlsr/INFO/%07%20%08%03ndn%08%07p2-site%08%08%C1.Router%08%02cs%08%02p2
1605732657.411654 DEBUG: [nlsr.HelloProtocol] Sending HELLO interest: /ndn/p1-site/%C1.Router/cs/p1/nlsr/INFO/%07%20%08%03ndn%08%07p2-site%08%08%C1.Router%08%02cs%08%02p2
1605732657.412018 DEBUG: [nlsr.route.Fib] Successful in name registration: /localhop/ndn/nlsr/LSA Face Uri: udp4://10.0.0.9:6363 faceId: 265
1605732657.412312 DEBUG: [nlsr.route.Fib] Successfully set strategy choice: /localhost/nfd/strategy/best-route/%FD%05 for name: /ndn/c1-site/%C1.Router/cs/c1/KEY
1605732657.412525 DEBUG: [nlsr.route.Fib] Successfully set strategy choice: /localhost/nfd/strategy/best-route/%FD%05 for name: /ndn/c1-site/%C1.Router/cs/c1/nlsr/KEY
1605732657.412732 DEBUG: [nlsr.route.Fib] Successfully set strategy choice: /localhost/nfd/strategy/best-route/%FD%05 for name: /ndn/c1-site/KEY
1605732657.412776 DEBUG: [nlsr.route.Fib] Successfully set strategy choice: /localhost/nfd/strategy/best-route/%FD%05 for name: /ndn/c1-site/%C1.Operator
1605732657.413050 DEBUG: [nlsr.route.Fib] Successfully set strategy choice: /localhost/nfd/strategy/best-route/%FD%05 for name: /ndn/p1-site/%C1.Router/cs/p1/KEY
1605732657.413095 DEBUG: [nlsr.route.Fib] Successfully set strategy choice: /localhost/nfd/strategy/best-route/%FD%05 for name: /ndn/p1-site/%C1.Router/cs/p1/nlsr/KEY
1605732657.413122 DEBUG: [nlsr.route.Fib] Successfully set strategy choice: /localhost/nfd/strategy/best-route/%FD%05 for name: /ndn/p1-site/KEY
1605732657.413149 DEBUG: [nlsr.route.Fib] Successfully set strategy choice: /localhost/nfd/strategy/best-route/%FD%05 for name: /ndn/p1-site/%C1.Operator
1605732657.413171 DEBUG: [nlsr.route.Fib] Successfully set strategy choice: /localhost/nfd/strategy/best-route/%FD%05 for name: /ndn/c2-site/%C1.Router/cs/c2/KEY
1605732657.413197 DEBUG: [nlsr.route.Fib] Successfully set strategy choice: /localhost/nfd/strategy/best-route/%FD%05 for name: /ndn/c2-site/%C1.Router/cs/c2/nlsr/KEY
1605732657.413225 DEBUG: [nlsr.route.Fib] Successfully set strategy choice: /localhost/nfd/strategy/best-route/%FD%05 for name: /ndn/c2-site/KEY
1605732657.413253 DEBUG: [nlsr.route.Fib] Successfully set strategy choice: /localhost/nfd/strategy/best-route/%FD%05 for name: /ndn/c2-site/%C1.Operator
1605732657.413275 DEBUG: [nlsr.route.Fib] Successful in name registration: /ndn/c2-site/%C1.Router/cs/c2 Face Uri: udp4://10.0.0.5:6363 faceId: 263
1605732657.413292 DEBUG: [nlsr.HelloProtocol] Expressing Interest: /ndn/c2-site/%C1.Router/cs/c2/nlsr/INFO/%07%20%08%03ndn%08%07p2-site%08%08%C1.Router%08%02cs%08%02p2
1605732657.413301 DEBUG: [nlsr.HelloProtocol] Sending HELLO interest: /ndn/c2-site/%C1.Router/cs/c2/nlsr/INFO/%07%20%08%03ndn%08%07p2-site%08%08%C1.Router%08%02cs%08%02p2
1605732657.413341 DEBUG: [nlsr.route.Fib] Successful in name registration: /localhop/ndn/nlsr/LSA Face Uri: udp4://10.0.0.5:6363 faceId: 263
1605732657.413360 DEBUG: [nlsr.HelloProtocol] Received data for INFO(name): /ndn/p1-site/%C1.Router/cs/p1/nlsr/INFO/%07%20%08%03ndn%08%07p2-site%08%08%C1.Router%08%02cs%08%02p2/%FD%00%00%01u%DD%1F%CD%17
1605732657.413365 DEBUG: [nlsr.HelloProtocol] Data signed with: /ndn/p1-site/%C1.Router/cs/p1/nlsr/KEY/u%B6%9BX%9F%E6%F0s
1605732657.413371 DEBUG: [nlsr.HelloProtocol] Data validation successful for INFO(name): /ndn/p1-site/%C1.Router/cs/p1/nlsr/INFO/%07%20%08%03ndn%08%07p2-site%08%08%C1.Router%08%02cs%08%02p2/%FD%00%00%01u%DD%1F%CD%17
1605732657.413378 DEBUG: [nlsr.HelloProtocol] Neighbor : /ndn/p1-site/%C1.Router/cs/p1
1605732657.413380 DEBUG: [nlsr.HelloProtocol] Old Status: 0 New Status: 1
1605732657.413383 DEBUG: [nlsr.Lsdb] Scheduling Adjacency LSA build in 10 seconds
1605732657.413393 DEBUG: [nlsr.route.Fib] Registering prefix: /localhop/ndn/nlsr/sync/%FD%08 faceUri: udp4://10.0.0.9:6363
1605732657.414056 DEBUG: [nlsr.HelloProtocol] Received data for INFO(name): /ndn/c2-site/%C1.Router/cs/c2/nlsr/INFO/%07%20%08%03ndn%08%07p2-site%08%08%C1.Router%08%02cs%08%02p2/%FD%00%00%01u%DD%1F%CD%16
1605732657.414074 DEBUG: [nlsr.HelloProtocol] Data signed with: /ndn/c2-site/%C1.Router/cs/c2/nlsr/KEY/%D6%876%D4%00%24%0C%1C
1605732657.414080 DEBUG: [nlsr.HelloProtocol] Data validation successful for INFO(name): /ndn/c2-site/%C1.Router/cs/c2/nlsr/INFO/%07%20%08%03ndn%08%07p2-site%08%08%C1.Router%08%02cs%08%02p2/%FD%00%00%01u%DD%1F%CD%16
1605732657.414088 DEBUG: [nlsr.HelloProtocol] Neighbor : /ndn/c2-site/%C1.Router/cs/c2
1605732657.414091 DEBUG: [nlsr.HelloProtocol] Old Status: 0 New Status: 1
1605732657.414093 DEBUG: [nlsr.Lsdb] Rescheduling Adjacency LSA build in 10 seconds
1605732657.414114 DEBUG: [nlsr.route.Fib] Registering prefix: /localhop/ndn/nlsr/sync/%FD%08 faceUri: udp4://10.0.0.5:6363
1605732657.415259 DEBUG: [nlsr.route.Fib] Successful in name registration: /localhop/ndn/nlsr/sync/%FD%08 Face Uri: udp4://10.0.0.9:6363 faceId: 265
1605732657.415566 DEBUG: [nlsr.route.Fib] Successful in name registration: /localhop/ndn/nlsr/sync/%FD%08 Face Uri: udp4://10.0.0.5:6363 faceId: 263
1605732667.414505 DEBUG: [nlsr.Lsdb] Building and installing own Adj LSA
1605732667.414557 DEBUG: [nlsr.SequencingManager] Adj LSA seq no: 1
1605732667.414564 DEBUG: [nlsr.SequencingManager] Name LSA Seq no: 1
1605732667.414849 DEBUG: [nlsr.Lsdb] Adding ADJACENCY LSA
1605732667.414861 DEBUG: [nlsr.Lsdb]     ADJACENCY LSA:
      Origin Router      : /ndn/p2-site/%C1.Router/cs/p2
      Sequence Number    : 1
      Expires in         : 3599999 milliseconds
      Adjacent(s):
        Adjacent 0: (name=/ndn/p1-site/%C1.Router/cs/p1, uri=udp4://10.0.0.9:6363, cost=10)
        Adjacent 1: (name=/ndn/c2-site/%C1.Router/cs/c2, uri=udp4://10.0.0.5:6363, cost=10)
1605732672.414358 DEBUG: [nlsr.Lsdb] ---------------NAME LSDB-------------------
1605732672.414395 DEBUG: [nlsr.Lsdb]     NAME LSA:
      Origin Router      : /ndn/c2-site/%C1.Router/cs/c2
      Sequence Number    : 1
      Expires in         : 3214585 milliseconds
      Names:
        Name 0: /ndn/c2-site/c2
1605732672.414423 DEBUG: [nlsr.Lsdb]     NAME LSA:
      Origin Router      : /ndn/p1-site/%C1.Router/cs/p1
      Sequence Number    : 1
      Expires in         : 3215585 milliseconds
      Names:
        Name 0: /ndn/p1-site/p1
1605732672.414432 DEBUG: [nlsr.Lsdb]     NAME LSA:
      Origin Router      : /ndn/c1-site/%C1.Router/cs/c1
      Sequence Number    : 1
      Expires in         : 3212585 milliseconds
      Names:
        Name 0: /ndn/c1-site/c1
1605732672.414441 DEBUG: [nlsr.Lsdb]     NAME LSA:
      Origin Router      : /ndn/p2-site/%C1.Router/cs/p2
      Sequence Number    : 1
      Expires in         : 3584973 milliseconds
      Names:
        Name 0: /ndn/p2-site/p2
1605732672.414452 DEBUG: [nlsr.Lsdb] ---------------ADJACENCY LSDB-------------------
1605732672.414455 DEBUG: [nlsr.Lsdb]     ADJACENCY LSA:
      Origin Router      : /ndn/p2-site/%C1.Router/cs/p2
      Sequence Number    : 1
      Expires in         : 3595000 milliseconds
      Adjacent(s):
        Adjacent 0: (name=/ndn/p1-site/%C1.Router/cs/p1, uri=udp4://10.0.0.9:6363, cost=10)
        Adjacent 1: (name=/ndn/c2-site/%C1.Router/cs/c2, uri=udp4://10.0.0.5:6363, cost=10)
1605732672.414474 DEBUG: [nlsr.Lsdb]     ADJACENCY LSA:
      Origin Router      : /ndn/p1-site/%C1.Router/cs/p1
      Sequence Number    : 1
      Expires in         : 3227585 milliseconds
      Adjacent(s):
        Adjacent 0: (name=/ndn/c1-site/%C1.Router/cs/c1, uri=udp4://10.0.0.1:6363, cost=10)
        Adjacent 1: (name=/ndn/p2-site/%C1.Router/cs/p2, uri=udp4://10.0.0.10:6363, cost=10)
1605732672.414485 DEBUG: [nlsr.Lsdb]     ADJACENCY LSA:
      Origin Router      : /ndn/c2-site/%C1.Router/cs/c2
      Sequence Number    : 1
      Expires in         : 3228585 milliseconds
      Adjacent(s):
        Adjacent 0: (name=/ndn/p2-site/%C1.Router/cs/p2, uri=udp4://10.0.0.6:6363, cost=10)
1605732672.414493 DEBUG: [nlsr.Lsdb]     ADJACENCY LSA:
      Origin Router      : /ndn/c1-site/%C1.Router/cs/c1
      Sequence Number    : 1
      Expires in         : 3227585 milliseconds
      Adjacent(s):
        Adjacent 0: (name=/ndn/p1-site/%C1.Router/cs/p1, uri=udp4://10.0.0.2:6363, cost=10)
1605732672.414504 DEBUG: [nlsr.route.NamePrefixTable] ----------------NPT----------------------
Name: /ndn/c1-site/%C1.Router/cs/c1
  Destination: /ndn/c1-site/%C1.Router/cs/c1
    
Name: /ndn/c1-site/c1
  Destination: /ndn/c1-site/%C1.Router/cs/c1
    
Name: /ndn/p1-site/%C1.Router/cs/p1
  Destination: /ndn/p1-site/%C1.Router/cs/p1
    
Name: /ndn/p1-site/p1
  Destination: /ndn/p1-site/%C1.Router/cs/p1
    
Name: /ndn/c2-site/%C1.Router/cs/c2
  Destination: /ndn/c2-site/%C1.Router/cs/c2
    
Name: /ndn/c2-site/c2
  Destination: /ndn/c2-site/%C1.Router/cs/c2
    
1605732672.414524 DEBUG: [nlsr.route.RoutingTable] Calculating routing table
1605732672.414548 DEBUG: [nlsr.route.Map] ---------------Map----------------------
1605732672.414551 DEBUG: [nlsr.route.Map] MapEntry: ( Router: /ndn/p2-site/%C1.Router/cs/p2 Mapping No: 0 )
1605732672.414555 DEBUG: [nlsr.route.Map] MapEntry: ( Router: /ndn/p1-site/%C1.Router/cs/p1 Mapping No: 1 )
1605732672.414558 DEBUG: [nlsr.route.Map] MapEntry: ( Router: /ndn/c2-site/%C1.Router/cs/c2 Mapping No: 2 )
1605732672.414560 DEBUG: [nlsr.route.Map] MapEntry: ( Router: /ndn/c1-site/%C1.Router/cs/c1 Mapping No: 3 )
1605732672.414566 DEBUG: [nlsr.route.RoutingTableCalculator] LinkStateRoutingTableCalculator::calculatePath Called
1605732672.414579 DEBUG: [nlsr.route.RoutingTableCalculator] -----------Legend (routerName -> index)------
1605732672.414581 DEBUG: [nlsr.route.RoutingTableCalculator] Router:/ndn/p2-site/%C1.Router/cs/p2 Index:0
1605732672.414587 DEBUG: [nlsr.route.RoutingTableCalculator] Router:/ndn/p1-site/%C1.Router/cs/p1 Index:1
1605732672.414589 DEBUG: [nlsr.route.RoutingTableCalculator] Router:/ndn/c2-site/%C1.Router/cs/c2 Index:2
1605732672.414592 DEBUG: [nlsr.route.RoutingTableCalculator] Router:/ndn/c1-site/%C1.Router/cs/c1 Index:3
1605732672.414595 DEBUG: [nlsr.route.RoutingTableCalculator]  |0 1 2 3 
1605732672.414597 DEBUG: [nlsr.route.RoutingTableCalculator] ----------
1605732672.414601 DEBUG: [nlsr.route.RoutingTableCalculator] 0|0 10 10 0 
1605732672.414604 DEBUG: [nlsr.route.RoutingTableCalculator] 1|10 0 0 10 
1605732672.414606 DEBUG: [nlsr.route.RoutingTableCalculator] 2|10 0 0 0 
1605732672.414608 DEBUG: [nlsr.route.RoutingTableCalculator] 3|0 10 0 0 
1605732672.414611 DEBUG: [nlsr.route.RoutingTableCalculator] -----------Legend (routerName -> index)------
1605732672.414613 DEBUG: [nlsr.route.RoutingTableCalculator] Router:/ndn/p2-site/%C1.Router/cs/p2 Index:0
1605732672.414616 DEBUG: [nlsr.route.RoutingTableCalculator] Router:/ndn/p1-site/%C1.Router/cs/p1 Index:1
1605732672.414619 DEBUG: [nlsr.route.RoutingTableCalculator] Router:/ndn/c2-site/%C1.Router/cs/c2 Index:2
1605732672.414622 DEBUG: [nlsr.route.RoutingTableCalculator] Router:/ndn/c1-site/%C1.Router/cs/c1 Index:3
1605732672.414625 DEBUG: [nlsr.route.RoutingTableCalculator]  |0 1 2 3 
1605732672.414626 DEBUG: [nlsr.route.RoutingTableCalculator] ----------
1605732672.414628 DEBUG: [nlsr.route.RoutingTableCalculator] 0|0 10 0 0 
1605732672.414631 DEBUG: [nlsr.route.RoutingTableCalculator] 1|10 0 0 10 
1605732672.414633 DEBUG: [nlsr.route.RoutingTableCalculator] 2|10 0 0 0 
1605732672.414635 DEBUG: [nlsr.route.RoutingTableCalculator] 3|0 10 0 0 
1605732672.414637 DEBUG: [nlsr.route.RoutingTableCalculator] LinkStateRoutingTableCalculator::addAllNextHopsToRoutingTable Called
1605732672.414642 DEBUG: [nlsr.route.RoutingTable] Adding NextHop(Uri: udp4://10.0.0.9:6363, Cost: 10) for destination: /ndn/p1-site/%C1.Router/cs/p1
1605732672.414653 DEBUG: [nlsr.route.RoutingTable] Adding NextHop(Uri: udp4://10.0.0.9:6363, Cost: 20) for destination: /ndn/c1-site/%C1.Router/cs/c1
1605732672.414658 DEBUG: [nlsr.route.RoutingTableCalculator] -----------Legend (routerName -> index)------
1605732672.414660 DEBUG: [nlsr.route.RoutingTableCalculator] Router:/ndn/p2-site/%C1.Router/cs/p2 Index:0
1605732672.414663 DEBUG: [nlsr.route.RoutingTableCalculator] Router:/ndn/p1-site/%C1.Router/cs/p1 Index:1
1605732672.414666 DEBUG: [nlsr.route.RoutingTableCalculator] Router:/ndn/c2-site/%C1.Router/cs/c2 Index:2
1605732672.414669 DEBUG: [nlsr.route.RoutingTableCalculator] Router:/ndn/c1-site/%C1.Router/cs/c1 Index:3
1605732672.414672 DEBUG: [nlsr.route.RoutingTableCalculator]  |0 1 2 3 
1605732672.414673 DEBUG: [nlsr.route.RoutingTableCalculator] ----------
1605732672.414675 DEBUG: [nlsr.route.RoutingTableCalculator] 0|0 0 10 0 
1605732672.414678 DEBUG: [nlsr.route.RoutingTableCalculator] 1|10 0 0 10 
1605732672.414680 DEBUG: [nlsr.route.RoutingTableCalculator] 2|10 0 0 0 
1605732672.414682 DEBUG: [nlsr.route.RoutingTableCalculator] 3|0 10 0 0 
1605732672.414683 DEBUG: [nlsr.route.RoutingTableCalculator] LinkStateRoutingTableCalculator::addAllNextHopsToRoutingTable Called
1605732672.414686 DEBUG: [nlsr.route.RoutingTable] Adding NextHop(Uri: udp4://10.0.0.5:6363, Cost: 10) for destination: /ndn/c2-site/%C1.Router/cs/c2
1605732672.414694 DEBUG: [nlsr.route.RoutingTable] Calling Update NPT With new Route
1605732672.414696 DEBUG: [nlsr.route.NamePrefixTable] Updating table with newly calculated routes
1605732672.414698 DEBUG: [nlsr.route.NamePrefixTable] Routing entry: /ndn/p1-site/%C1.Router/cs/p1 has changed next-hops.
1605732672.414704 DEBUG: [nlsr.route.Fib] Fib::update called
1605732672.414707 DEBUG: [nlsr.route.Fib] New FIB Entry
1605732672.414725 DEBUG: [nlsr.route.Fib] Registering prefix: /ndn/p1-site/p1 faceUri: udp4://10.0.0.9:6363
1605732672.414881 DEBUG: [nlsr.route.Fib] Scheduling refresh for /ndn/p1-site/p1 Seq Num: 1 in 3600 seconds
1605732672.414892 DEBUG: [nlsr.route.Fib] Fib::update called
1605732672.414894 DEBUG: [nlsr.route.Fib] New FIB Entry
1605732672.414899 DEBUG: [nlsr.route.NamePrefixTable] Routing entry: /ndn/c2-site/%C1.Router/cs/c2 has changed next-hops.
1605732672.414904 DEBUG: [nlsr.route.Fib] Fib::update called
1605732672.414906 DEBUG: [nlsr.route.Fib] New FIB Entry
1605732672.414915 DEBUG: [nlsr.route.Fib] Registering prefix: /ndn/c2-site/c2 faceUri: udp4://10.0.0.5:6363
1605732672.415020 DEBUG: [nlsr.route.Fib] Scheduling refresh for /ndn/c2-site/c2 Seq Num: 1 in 3600 seconds
1605732672.415032 DEBUG: [nlsr.route.Fib] Fib::update called
1605732672.415035 DEBUG: [nlsr.route.Fib] New FIB Entry
1605732672.415042 DEBUG: [nlsr.route.NamePrefixTable] Routing entry: /ndn/c1-site/%C1.Router/cs/c1 has changed next-hops.
1605732672.415048 DEBUG: [nlsr.route.Fib] Fib::update called
1605732672.415051 DEBUG: [nlsr.route.Fib] New FIB Entry
1605732672.415061 DEBUG: [nlsr.route.Fib] Registering prefix: /ndn/c1-site/c1 faceUri: udp4://10.0.0.9:6363
1605732672.415168 DEBUG: [nlsr.route.Fib] Scheduling refresh for /ndn/c1-site/c1 Seq Num: 1 in 3600 seconds
1605732672.415178 DEBUG: [nlsr.route.Fib] Fib::update called
1605732672.415181 DEBUG: [nlsr.route.Fib] New FIB Entry
1605732672.415191 DEBUG: [nlsr.route.Fib] Registering prefix: /ndn/c1-site/%C1.Router/cs/c1 faceUri: udp4://10.0.0.9:6363
1605732672.415298 DEBUG: [nlsr.route.Fib] Scheduling refresh for /ndn/c1-site/%C1.Router/cs/c1 Seq Num: 1 in 3600 seconds
1605732672.415308 DEBUG: [nlsr.route.RoutingTable] Routing Table:
  Destination: /ndn/p1-site/%C1.Router/cs/p1
    NextHop(Uri: udp4://10.0.0.9:6363, Cost: 10)
  Destination: /ndn/c1-site/%C1.Router/cs/c1
    NextHop(Uri: udp4://10.0.0.9:6363, Cost: 20)
  Destination: /ndn/c2-site/%C1.Router/cs/c2
    NextHop(Uri: udp4://10.0.0.5:6363, Cost: 10)
1605732672.415320 DEBUG: [nlsr.route.NamePrefixTable] ----------------NPT----------------------
Name: /ndn/c1-site/%C1.Router/cs/c1
  Destination: /ndn/c1-site/%C1.Router/cs/c1
    NextHop(Uri: udp4://10.0.0.9:6363, Cost: 20)
Name: /ndn/c1-site/c1
  Destination: /ndn/c1-site/%C1.Router/cs/c1
    NextHop(Uri: udp4://10.0.0.9:6363, Cost: 20)
Name: /ndn/p1-site/%C1.Router/cs/p1
  Destination: /ndn/p1-site/%C1.Router/cs/p1
    NextHop(Uri: udp4://10.0.0.9:6363, Cost: 10)
Name: /ndn/p1-site/p1
  Destination: /ndn/p1-site/%C1.Router/cs/p1
    NextHop(Uri: udp4://10.0.0.9:6363, Cost: 10)
Name: /ndn/c2-site/%C1.Router/cs/c2
  Destination: /ndn/c2-site/%C1.Router/cs/c2
    NextHop(Uri: udp4://10.0.0.5:6363, Cost: 10)
Name: /ndn/c2-site/c2
  Destination: /ndn/c2-site/%C1.Router/cs/c2
    NextHop(Uri: udp4://10.0.0.5:6363, Cost: 10)
1605732672.415341 DEBUG: [nlsr.route.Fib] -------------------FIB-----------------------------
1605732672.415344 DEBUG: [nlsr.route.Fib] Name Prefix: /ndn/c1-site/c1
1605732672.415347 DEBUG: [nlsr.route.Fib] Seq No: 1
1605732672.415349 DEBUG: [nlsr.route.Fib]     NextHop(Uri: udp4://10.0.0.9:6363, Cost: 20)
1605732672.415352 DEBUG: [nlsr.route.Fib] Name Prefix: /ndn/c1-site/%C1.Router/cs/c1
1605732672.415355 DEBUG: [nlsr.route.Fib] Seq No: 1
1605732672.415357 DEBUG: [nlsr.route.Fib]     NextHop(Uri: udp4://10.0.0.9:6363, Cost: 20)
1605732672.415360 DEBUG: [nlsr.route.Fib] Name Prefix: /ndn/c2-site/c2
1605732672.415362 DEBUG: [nlsr.route.Fib] Seq No: 1
1605732672.415364 DEBUG: [nlsr.route.Fib]     NextHop(Uri: udp4://10.0.0.5:6363, Cost: 10)
1605732672.415367 DEBUG: [nlsr.route.Fib] Name Prefix: /ndn/c2-site/%C1.Router/cs/c2
1605732672.415370 DEBUG: [nlsr.route.Fib] Seq No: 1
1605732672.415372 DEBUG: [nlsr.route.Fib]     NextHop(Uri: udp4://10.0.0.5:6363, Cost: 10)
1605732672.415375 DEBUG: [nlsr.route.Fib] Name Prefix: /ndn/p1-site/p1
1605732672.415378 DEBUG: [nlsr.route.Fib] Seq No: 1
1605732672.415380 DEBUG: [nlsr.route.Fib]     NextHop(Uri: udp4://10.0.0.9:6363, Cost: 10)
1605732672.415382 DEBUG: [nlsr.route.Fib] Name Prefix: /ndn/p1-site/%C1.Router/cs/p1
1605732672.415385 DEBUG: [nlsr.route.Fib] Seq No: 1
1605732672.415387 DEBUG: [nlsr.route.Fib]     NextHop(Uri: udp4://10.0.0.9:6363, Cost: 10)
1605732672.418246 DEBUG: [nlsr.route.Fib] Successful in name registration: /ndn/p1-site/p1 Face Uri: udp4://10.0.0.9:6363 faceId: 265
1605732672.418930 DEBUG: [nlsr.route.Fib] Successful in name registration: /ndn/c2-site/c2 Face Uri: udp4://10.0.0.5:6363 faceId: 263
1605732672.419499 DEBUG: [nlsr.route.Fib] Successful in name registration: /ndn/c1-site/c1 Face Uri: udp4://10.0.0.9:6363 faceId: 265
1605732672.419890 DEBUG: [nlsr.route.Fib] Successful in name registration: /ndn/c1-site/%C1.Router/cs/c1 Face Uri: udp4://10.0.0.9:6363 faceId: 265
1605732717.412204 DEBUG: [nlsr.HelloProtocol] Expressing Interest: /ndn/p1-site/%C1.Router/cs/p1/nlsr/INFO/%07%20%08%03ndn%08%07p2-site%08%08%C1.Router%08%02cs%08%02p2
1605732717.412308 DEBUG: [nlsr.HelloProtocol] Sending HELLO interest: /ndn/p1-site/%C1.Router/cs/p1/nlsr/INFO/%07%20%08%03ndn%08%07p2-site%08%08%C1.Router%08%02cs%08%02p2
1605732717.412794 DEBUG: [nlsr.HelloProtocol] Received data for INFO(name): /ndn/p1-site/%C1.Router/cs/p1/nlsr/INFO/%07%20%08%03ndn%08%07p2-site%08%08%C1.Router%08%02cs%08%02p2/%FD%00%00%01u%DD%20%B7x
1605732717.412836 DEBUG: [nlsr.HelloProtocol] Data signed with: /ndn/p1-site/%C1.Router/cs/p1/nlsr/KEY/u%B6%9BX%9F%E6%F0s
1605732717.412863 DEBUG: [nlsr.HelloProtocol] Data validation successful for INFO(name): /ndn/p1-site/%C1.Router/cs/p1/nlsr/INFO/%07%20%08%03ndn%08%07p2-site%08%08%C1.Router%08%02cs%08%02p2/%FD%00%00%01u%DD%20%B7x
1605732717.412889 DEBUG: [nlsr.HelloProtocol] Neighbor : /ndn/p1-site/%C1.Router/cs/p1
1605732717.412906 DEBUG: [nlsr.HelloProtocol] Old Status: 1 New Status: 1
1605732717.412928 DEBUG: [nlsr.route.Fib] Registering prefix: /localhop/ndn/nlsr/sync/%FD%08 faceUri: udp4://10.0.0.9:6363
1605732717.413669 DEBUG: [nlsr.HelloProtocol] Expressing Interest: /ndn/c2-site/%C1.Router/cs/c2/nlsr/INFO/%07%20%08%03ndn%08%07p2-site%08%08%C1.Router%08%02cs%08%02p2
1605732717.413717 DEBUG: [nlsr.HelloProtocol] Sending HELLO interest: /ndn/c2-site/%C1.Router/cs/c2/nlsr/INFO/%07%20%08%03ndn%08%07p2-site%08%08%C1.Router%08%02cs%08%02p2
1605732717.414118 DEBUG: [nlsr.HelloProtocol] Received data for INFO(name): /ndn/c2-site/%C1.Router/cs/c2/nlsr/INFO/%07%20%08%03ndn%08%07p2-site%08%08%C1.Router%08%02cs%08%02p2/%FD%00%00%01u%DD%20%B7x
1605732717.414157 DEBUG: [nlsr.HelloProtocol] Data signed with: /ndn/c2-site/%C1.Router/cs/c2/nlsr/KEY/%D6%876%D4%00%24%0C%1C
1605732717.414179 DEBUG: [nlsr.HelloProtocol] Data validation successful for INFO(name): /ndn/c2-site/%C1.Router/cs/c2/nlsr/INFO/%07%20%08%03ndn%08%07p2-site%08%08%C1.Router%08%02cs%08%02p2/%FD%00%00%01u%DD%20%B7x
1605732717.414204 DEBUG: [nlsr.HelloProtocol] Neighbor : /ndn/c2-site/%C1.Router/cs/c2
1605732717.414221 DEBUG: [nlsr.HelloProtocol] Old Status: 1 New Status: 1
1605732717.414239 DEBUG: [nlsr.route.Fib] Registering prefix: /localhop/ndn/nlsr/sync/%FD%08 faceUri: udp4://10.0.0.5:6363
1605732717.415164 DEBUG: [nlsr.route.Fib] Successful in name registration: /localhop/ndn/nlsr/sync/%FD%08 Face Uri: udp4://10.0.0.9:6363 faceId: 265
1605732717.415687 DEBUG: [nlsr.route.Fib] Successful in name registration: /localhop/ndn/nlsr/sync/%FD%08 Face Uri: udp4://10.0.0.5:6363 faceId: 263
1605732758.513724 DEBUG: [nlsr.SyncLogicHandler] Update Name: /localhop/ndn/nlsr/LSA/p1-site/%C1.Router/cs/p1/NAME Seq no: 2
1605732758.513769 DEBUG: [nlsr.SyncLogicHandler] Origin Router of update: /ndn/p1-site/%C1.Router/cs/p1
1605732758.513787 DEBUG: [nlsr.SyncLogicHandler] Received sync update with higher NAME sequence number than entry in LSDB
1605732758.513812 DEBUG: [nlsr.Lsdb] Fetching Data for LSA: /localhop/ndn/nlsr/LSA/p1-site/%C1.Router/cs/p1/NAME/%02 Seq number: 2
1605732758.515652 DEBUG: [nlsr.Lsdb] Interest received for LSA: /localhop/ndn/nlsr/LSA/p1-site/%C1.Router/cs/p1/NAME/%02
1605732758.535366 DEBUG: [nlsr.Lsdb] Interest received for LSA: /localhop/ndn/nlsr/LSA/p1-site/%C1.Router/cs/p1/NAME/%02
1605732758.537595 DEBUG: [nlsr.SyncLogicHandler] Update Name: /localhop/ndn/nlsr/LSA/p1-site/%C1.Router/cs/p1/NAME Seq no: 3
1605732758.537635 DEBUG: [nlsr.SyncLogicHandler] Origin Router of update: /ndn/p1-site/%C1.Router/cs/p1
1605732758.537656 DEBUG: [nlsr.SyncLogicHandler] Received sync update with higher NAME sequence number than entry in LSDB
1605732758.537685 DEBUG: [nlsr.Lsdb] Fetching Data for LSA: /localhop/ndn/nlsr/LSA/p1-site/%C1.Router/cs/p1/NAME/%03 Seq number: 3
1605732758.538226 DEBUG: [nlsr.Lsdb] Interest received for LSA: /localhop/ndn/nlsr/LSA/p1-site/%C1.Router/cs/p1/NAME/%03
1605732758.560473 DEBUG: [nlsr.Lsdb] Interest received for LSA: /localhop/ndn/nlsr/LSA/p1-site/%C1.Router/cs/p1/NAME/%03
1605732758.562669 DEBUG: [nlsr.Lsdb] Received data for LSA interest: /localhop/ndn/nlsr/LSA/p1-site/%C1.Router/cs/p1/NAME/%03
1605732758.562845 DEBUG: [nlsr.Lsdb] Updating NAME LSA:
1605732758.562870 DEBUG: [nlsr.Lsdb]     NAME LSA:
      Origin Router      : /ndn/p1-site/%C1.Router/cs/p1
      Sequence Number    : 1
      Expires in         : 3129437 milliseconds
      Names:
        Name 0: /ndn/p1-site/p1
1605732758.562903 DEBUG: [nlsr.route.NamePrefixTable] Adding origin: /ndn/p1-site/%C1.Router/cs/p1 to a new name prefix: /ndnsd/p1/service-info
1605732758.562924 DEBUG: [nlsr.route.Fib] Fib::update called
1605732758.562939 DEBUG: [nlsr.route.Fib] New FIB Entry
1605732758.562973 DEBUG: [nlsr.route.Fib] Registering prefix: /ndnsd/p1/service-info faceUri: udp4://10.0.0.9:6363
1605732758.563103 DEBUG: [nlsr.route.Fib] Scheduling refresh for /ndnsd/p1/service-info Seq Num: 1 in 3600 seconds
1605732758.563136 DEBUG: [nlsr.route.NamePrefixTable] Adding origin: /ndn/p1-site/%C1.Router/cs/p1 to a new name prefix: /discovery/printer
1605732758.563155 DEBUG: [nlsr.route.Fib] Fib::update called
1605732758.563170 DEBUG: [nlsr.route.Fib] New FIB Entry
1605732758.563191 DEBUG: [nlsr.route.Fib] Registering prefix: /discovery/printer faceUri: udp4://10.0.0.9:6363
1605732758.563311 DEBUG: [nlsr.route.Fib] Scheduling refresh for /discovery/printer Seq Num: 1 in 3600 seconds
1605732758.563345 DEBUG: [nlsr.Lsdb] Updated NAME LSA:
1605732758.563361 DEBUG: [nlsr.Lsdb]     NAME LSA:
      Origin Router      : /ndn/p1-site/%C1.Router/cs/p1
      Sequence Number    : 3
      Expires in         : 3599436 milliseconds
      Names:
        Name 0: /ndn/p1-site/p1
        Name 1: /ndnsd/p1/service-info
        Name 2: /discovery/printer
1605732758.564880 DEBUG: [nlsr.route.Fib] Successful in name registration: /ndnsd/p1/service-info Face Uri: udp4://10.0.0.9:6363 faceId: 265
1605732758.565053 DEBUG: [nlsr.route.Fib] Successful in name registration: /discovery/printer Face Uri: udp4://10.0.0.9:6363 faceId: 265
1605732759.514062 DEBUG: [nlsr.Lsdb] Interest received for LSA: /localhop/ndn/nlsr/LSA/p1-site/%C1.Router/cs/p1/NAME/%02
1605732761.514466 DEBUG: [nlsr.Lsdb] Interest received for LSA: /localhop/ndn/nlsr/LSA/p1-site/%C1.Router/cs/p1/NAME/%02
1605732765.514705 DEBUG: [nlsr.Lsdb] Interest received for LSA: /localhop/ndn/nlsr/LSA/p1-site/%C1.Router/cs/p1/NAME/%02
1605732765.563909 DEBUG: [nlsr.update.PrefixUpdateProcessor] accept /localhost/nlsr/prefix-update/advertise/h%16%07%14%08%09discovery%08%07printer/%00%00%01u%DD%21%8Fy/%95_%86Re~%AD%9C/%16%2B%1B%01%03%1C%26%07%24%08%09localhost%08%08operator%08%03KEY%08%08%0D%01%2F%D2%F6%10Dq/%17H0F%02%21%00%FF%A9%85%22%B8%D5%07%15%D8%5E%F0%A5%20%E27%FA%B4l%D8%0F%BD%BF%B2%E5%3A%F7%EB%C3G%B4h%1A%02%21%00%B6%CEo%80%CD9y%B9%E7%8E%7B%BE%D2%3E%FE%92j%85%D5%AD%9D%97~-%BD%A2%CB%F1%E6%BA%88%D3 signer=*
1605732765.563975  INFO: [nlsr.update.PrefixCommandProcessor] Advertising name: /discovery/printer
1605732765.563994 DEBUG: [nlsr.SequencingManager] Adj LSA seq no: 1
1605732765.564007 DEBUG: [nlsr.SequencingManager] Name LSA Seq no: 2
1605732765.565341 DEBUG: [nlsr.Lsdb] Updating NAME LSA:
1605732765.565372 DEBUG: [nlsr.Lsdb]     NAME LSA:
      Origin Router      : /ndn/p2-site/%C1.Router/cs/p2
      Sequence Number    : 1
      Expires in         : 3491822 milliseconds
      Names:
        Name 0: /ndn/p2-site/p2
1605732765.565417 DEBUG: [nlsr.Lsdb] Updated NAME LSA:
1605732765.565430 DEBUG: [nlsr.Lsdb]     NAME LSA:
      Origin Router      : /ndn/p2-site/%C1.Router/cs/p2
      Sequence Number    : 2
      Expires in         : 3599998 milliseconds
      Names:
        Name 0: /ndn/p2-site/p2
        Name 1: /discovery/printer
1605732765.581926 DEBUG: [nlsr.update.PrefixUpdateProcessor] accept /localhost/nlsr/prefix-update/advertise/h%1B%07%19%08%05ndnsd%08%02p2%08%0Cservice-info/%00%00%01u%DD%21%8F%8B/q%1C%D4%7B%BF%8F%DEJ/%16%2B%1B%01%03%1C%26%07%24%08%09localhost%08%08operator%08%03KEY%08%08%0D%01%2F%D2%F6%10Dq/%17H0F%02%21%00%D787O%1Cl%F5%0C%BB%9A%1EC%1B%1C%3C%B9f.%E9%7DFn%E6%B6%16%8A%02%EB%FB%8C%B4%AF%02%21%00%CB%81%9B%21%3A%FD%20%A0O%2F%20%3A6%1D%D1%CAY%DFAlc%CF%18%CFhN%08%E9mg%7B%94 signer=*
1605732765.581987  INFO: [nlsr.update.PrefixCommandProcessor] Advertising name: /ndnsd/p2/service-info
1605732765.582007 DEBUG: [nlsr.SequencingManager] Adj LSA seq no: 1
1605732765.582019 DEBUG: [nlsr.SequencingManager] Name LSA Seq no: 3
1605732765.582956 DEBUG: [nlsr.Lsdb] Updating NAME LSA:
1605732765.582985 DEBUG: [nlsr.Lsdb]     NAME LSA:
      Origin Router      : /ndn/p2-site/%C1.Router/cs/p2
      Sequence Number    : 2
      Expires in         : 3599981 milliseconds
      Names:
        Name 0: /ndn/p2-site/p2
        Name 1: /discovery/printer
1605732765.583032 DEBUG: [nlsr.Lsdb] Updated NAME LSA:
1605732765.583045 DEBUG: [nlsr.Lsdb]     NAME LSA:
      Origin Router      : /ndn/p2-site/%C1.Router/cs/p2
      Sequence Number    : 3
      Expires in         : 3599998 milliseconds
      Names:
        Name 0: /ndn/p2-site/p2
        Name 1: /ndnsd/p2/service-info
        Name 2: /discovery/printer
1605732765.587611 DEBUG: [nlsr.Lsdb] Interest received for LSA: /localhop/ndn/nlsr/LSA/p2-site/%C1.Router/cs/p2/NAME/%02
1605732765.587644 DEBUG: [nlsr.Lsdb] LSA sequence number from interest: 2
1605732765.587666 DEBUG: [nlsr.Lsdb] /localhop/ndn/nlsr/LSA/p2-site/%C1.Router/cs/p2/NAME/%02?CanBePrefix&MustBeFresh&Nonce=a9d5d660 received for NAME
1605732765.611290 DEBUG: [nlsr.Lsdb] Interest received for LSA: /localhop/ndn/nlsr/LSA/p2-site/%C1.Router/cs/p2/NAME/%03
1605732765.611322 DEBUG: [nlsr.Lsdb] LSA sequence number from interest: 3
1605732765.611332 DEBUG: [nlsr.Lsdb] /localhop/ndn/nlsr/LSA/p2-site/%C1.Router/cs/p2/NAME/%03?CanBePrefix&MustBeFresh&Nonce=5a78bb5f received for NAME
1605732766.588515 DEBUG: [nlsr.Lsdb] Interest received for LSA: /localhop/ndn/nlsr/LSA/p2-site/%C1.Router/cs/p2/NAME/%02
1605732766.588566 DEBUG: [nlsr.Lsdb] LSA sequence number from interest: 2
1605732766.588577 DEBUG: [nlsr.Lsdb] /localhop/ndn/nlsr/LSA/p2-site/%C1.Router/cs/p2/NAME/%02?CanBePrefix&MustBeFresh&Nonce=a1f855d0 received for NAME
1605732768.634074 DEBUG: [nlsr.Lsdb] Interest received for LSA: /localhop/ndn/nlsr/LSA/p2-site/%C1.Router/cs/p2/NAME/%02
1605732768.634102 DEBUG: [nlsr.Lsdb] LSA sequence number from interest: 2
1605732768.634110 DEBUG: [nlsr.Lsdb] /localhop/ndn/nlsr/LSA/p2-site/%C1.Router/cs/p2/NAME/%02?CanBePrefix&MustBeFresh&Nonce=6cb289a2 received for NAME
1605732772.634094 DEBUG: [nlsr.Lsdb] Interest received for LSA: /localhop/ndn/nlsr/LSA/p2-site/%C1.Router/cs/p2/NAME/%02
1605732772.634135 DEBUG: [nlsr.Lsdb] LSA sequence number from interest: 2
1605732772.634148 DEBUG: [nlsr.Lsdb] /localhop/ndn/nlsr/LSA/p2-site/%C1.Router/cs/p2/NAME/%02?CanBePrefix&MustBeFresh&Nonce=bffc06ea received for NAME
1605732773.515512 DEBUG: [nlsr.Lsdb] Interest received for LSA: /localhop/ndn/nlsr/LSA/p1-site/%C1.Router/cs/p1/NAME/%02
1605732773.538170 DEBUG: [nlsr.Lsdb] Interest received for LSA: /localhop/ndn/nlsr/LSA/p1-site/%C1.Router/cs/p1/NAME/%02
1605732777.437072 DEBUG: [nlsr.HelloProtocol] Expressing Interest: /ndn/p1-site/%C1.Router/cs/p1/nlsr/INFO/%07%20%08%03ndn%08%07p2-site%08%08%C1.Router%08%02cs%08%02p2
1605732777.437604 DEBUG: [nlsr.HelloProtocol] Sending HELLO interest: /ndn/p1-site/%C1.Router/cs/p1/nlsr/INFO/%07%20%08%03ndn%08%07p2-site%08%08%C1.Router%08%02cs%08%02p2
1605732777.437640 DEBUG: [nlsr.HelloProtocol] Expressing Interest: /ndn/c2-site/%C1.Router/cs/c2/nlsr/INFO/%07%20%08%03ndn%08%07p2-site%08%08%C1.Router%08%02cs%08%02p2
1605732777.437652 DEBUG: [nlsr.HelloProtocol] Sending HELLO interest: /ndn/c2-site/%C1.Router/cs/c2/nlsr/INFO/%07%20%08%03ndn%08%07p2-site%08%08%C1.Router%08%02cs%08%02p2
1605732777.438228 DEBUG: [nlsr.HelloProtocol] Received data for INFO(name): /ndn/p1-site/%C1.Router/cs/p1/nlsr/INFO/%07%20%08%03ndn%08%07p2-site%08%08%C1.Router%08%02cs%08%02p2/%FD%00%00%01u%DD%21%A2%A0
1605732777.438288 DEBUG: [nlsr.HelloProtocol] Data signed with: /ndn/p1-site/%C1.Router/cs/p1/nlsr/KEY/u%B6%9BX%9F%E6%F0s
1605732777.438302 DEBUG: [nlsr.HelloProtocol] Data validation successful for INFO(name): /ndn/p1-site/%C1.Router/cs/p1/nlsr/INFO/%07%20%08%03ndn%08%07p2-site%08%08%C1.Router%08%02cs%08%02p2/%FD%00%00%01u%DD%21%A2%A0
1605732777.438314 DEBUG: [nlsr.HelloProtocol] Neighbor : /ndn/p1-site/%C1.Router/cs/p1
1605732777.438318 DEBUG: [nlsr.HelloProtocol] Old Status: 1 New Status: 1
1605732777.438325 DEBUG: [nlsr.route.Fib] Registering prefix: /localhop/ndn/nlsr/sync/%FD%08 faceUri: udp4://10.0.0.9:6363
1605732777.439292 DEBUG: [nlsr.HelloProtocol] Received data for INFO(name): /ndn/c2-site/%C1.Router/cs/c2/nlsr/INFO/%07%20%08%03ndn%08%07p2-site%08%08%C1.Router%08%02cs%08%02p2/%FD%00%00%01u%DD%21%A2%A1
1605732777.439333 DEBUG: [nlsr.HelloProtocol] Data signed with: /ndn/c2-site/%C1.Router/cs/c2/nlsr/KEY/%D6%876%D4%00%24%0C%1C
1605732777.439350 DEBUG: [nlsr.HelloProtocol] Data validation successful for INFO(name): /ndn/c2-site/%C1.Router/cs/c2/nlsr/INFO/%07%20%08%03ndn%08%07p2-site%08%08%C1.Router%08%02cs%08%02p2/%FD%00%00%01u%DD%21%A2%A1
1605732777.439368 DEBUG: [nlsr.HelloProtocol] Neighbor : /ndn/c2-site/%C1.Router/cs/c2
1605732777.439373 DEBUG: [nlsr.HelloProtocol] Old Status: 1 New Status: 1
1605732777.439383 DEBUG: [nlsr.route.Fib] Registering prefix: /localhop/ndn/nlsr/sync/%FD%08 faceUri: udp4://10.0.0.5:6363
1605732777.441638 DEBUG: [nlsr.route.Fib] Successful in name registration: /localhop/ndn/nlsr/sync/%FD%08 Face Uri: udp4://10.0.0.9:6363 faceId: 265
1605732777.441932 DEBUG: [nlsr.route.Fib] Successful in name registration: /localhop/ndn/nlsr/sync/%FD%08 Face Uri: udp4://10.0.0.5:6363 faceId: 263
1605732780.634320 DEBUG: [nlsr.Lsdb] Interest received for LSA: /localhop/ndn/nlsr/LSA/p2-site/%C1.Router/cs/p2/NAME/%02
1605732780.634414 DEBUG: [nlsr.Lsdb] LSA sequence number from interest: 2
1605732780.634434 DEBUG: [nlsr.Lsdb] /localhop/ndn/nlsr/LSA/p2-site/%C1.Router/cs/p2/NAME/%02?CanBePrefix&MustBeFresh&Nonce=e830942b received for NAME
1605732789.516559 DEBUG: [nlsr.Lsdb] Interest received for LSA: /localhop/ndn/nlsr/LSA/p1-site/%C1.Router/cs/p1/NAME/%02
1605732789.539628 DEBUG: [nlsr.Lsdb] Interest received for LSA: /localhop/ndn/nlsr/LSA/p1-site/%C1.Router/cs/p1/NAME/%02
1605732796.637140 DEBUG: [nlsr.Lsdb] Interest received for LSA: /localhop/ndn/nlsr/LSA/p2-site/%C1.Router/cs/p2/NAME/%02
1605732796.637246 DEBUG: [nlsr.Lsdb] LSA sequence number from interest: 2
1605732796.637277 DEBUG: [nlsr.Lsdb] /localhop/ndn/nlsr/LSA/p2-site/%C1.Router/cs/p2/NAME/%02?CanBePrefix&MustBeFresh&Nonce=d96232db received for NAME
1605732821.516407 DEBUG: [nlsr.Lsdb] Failed to fetch LSA: /localhop/ndn/nlsr/LSA/p1-site/%C1.Router/cs/p1/NAME, Error code: 1, Message: Timeout exceeded
1605732837.438492 DEBUG: [nlsr.HelloProtocol] Expressing Interest: /ndn/p1-site/%C1.Router/cs/p1/nlsr/INFO/%07%20%08%03ndn%08%07p2-site%08%08%C1.Router%08%02cs%08%02p2
1605732837.438612 DEBUG: [nlsr.HelloProtocol] Sending HELLO interest: /ndn/p1-site/%C1.Router/cs/p1/nlsr/INFO/%07%20%08%03ndn%08%07p2-site%08%08%C1.Router%08%02cs%08%02p2
1605732837.438655 DEBUG: [nlsr.HelloProtocol] Expressing Interest: /ndn/c2-site/%C1.Router/cs/c2/nlsr/INFO/%07%20%08%03ndn%08%07p2-site%08%08%C1.Router%08%02cs%08%02p2
1605732837.438686 DEBUG: [nlsr.HelloProtocol] Sending HELLO interest: /ndn/c2-site/%C1.Router/cs/c2/nlsr/INFO/%07%20%08%03ndn%08%07p2-site%08%08%C1.Router%08%02cs%08%02p2
1605732837.439560 DEBUG: [nlsr.HelloProtocol] Received data for INFO(name): /ndn/p1-site/%C1.Router/cs/p1/nlsr/INFO/%07%20%08%03ndn%08%07p2-site%08%08%C1.Router%08%02cs%08%02p2/%FD%00%00%01u%DD%22%8D%0B
1605732837.439633 DEBUG: [nlsr.HelloProtocol] Data signed with: /ndn/p1-site/%C1.Router/cs/p1/nlsr/KEY/u%B6%9BX%9F%E6%F0s
1605732837.439669 DEBUG: [nlsr.HelloProtocol] Data validation successful for INFO(name): /ndn/p1-site/%C1.Router/cs/p1/nlsr/INFO/%07%20%08%03ndn%08%07p2-site%08%08%C1.Router%08%02cs%08%02p2/%FD%00%00%01u%DD%22%8D%0B
1605732837.439706 DEBUG: [nlsr.HelloProtocol] Neighbor : /ndn/p1-site/%C1.Router/cs/p1
1605732837.439728 DEBUG: [nlsr.HelloProtocol] Old Status: 1 New Status: 1
1605732837.439755 DEBUG: [nlsr.route.Fib] Registering prefix: /localhop/ndn/nlsr/sync/%FD%08 faceUri: udp4://10.0.0.9:6363
1605732837.440078 DEBUG: [nlsr.HelloProtocol] Received data for INFO(name): /ndn/c2-site/%C1.Router/cs/c2/nlsr/INFO/%07%20%08%03ndn%08%07p2-site%08%08%C1.Router%08%02cs%08%02p2/%FD%00%00%01u%DD%22%8D%0A
1605732837.440131 DEBUG: [nlsr.HelloProtocol] Data signed with: /ndn/c2-site/%C1.Router/cs/c2/nlsr/KEY/%D6%876%D4%00%24%0C%1C
1605732837.440160 DEBUG: [nlsr.HelloProtocol] Data validation successful for INFO(name): /ndn/c2-site/%C1.Router/cs/c2/nlsr/INFO/%07%20%08%03ndn%08%07p2-site%08%08%C1.Router%08%02cs%08%02p2/%FD%00%00%01u%DD%22%8D%0A
1605732837.440243 DEBUG: [nlsr.HelloProtocol] Neighbor : /ndn/c2-site/%C1.Router/cs/c2
1605732837.440268 DEBUG: [nlsr.HelloProtocol] Old Status: 1 New Status: 1
1605732837.440287 DEBUG: [nlsr.route.Fib] Registering prefix: /localhop/ndn/nlsr/sync/%FD%08 faceUri: udp4://10.0.0.5:6363
1605732837.441589 DEBUG: [nlsr.route.Fib] Successful in name registration: /localhop/ndn/nlsr/sync/%FD%08 Face Uri: udp4://10.0.0.9:6363 faceId: 265
1605732837.442001 DEBUG: [nlsr.route.Fib] Successful in name registration: /localhop/ndn/nlsr/sync/%FD%08 Face Uri: udp4://10.0.0.5:6363 faceId: 263
1605732897.487812 DEBUG: [nlsr.HelloProtocol] Expressing Interest: /ndn/p1-site/%C1.Router/cs/p1/nlsr/INFO/%07%20%08%03ndn%08%07p2-site%08%08%C1.Router%08%02cs%08%02p2
1605732897.487944 DEBUG: [nlsr.HelloProtocol] Sending HELLO interest: /ndn/p1-site/%C1.Router/cs/p1/nlsr/INFO/%07%20%08%03ndn%08%07p2-site%08%08%C1.Router%08%02cs%08%02p2
1605732897.487987 DEBUG: [nlsr.HelloProtocol] Expressing Interest: /ndn/c2-site/%C1.Router/cs/c2/nlsr/INFO/%07%20%08%03ndn%08%07p2-site%08%08%C1.Router%08%02cs%08%02p2
1605732897.488019 DEBUG: [nlsr.HelloProtocol] Sending HELLO interest: /ndn/c2-site/%C1.Router/cs/c2/nlsr/INFO/%07%20%08%03ndn%08%07p2-site%08%08%C1.Router%08%02cs%08%02p2
1605732897.488930 DEBUG: [nlsr.HelloProtocol] Received data for INFO(name): /ndn/p1-site/%C1.Router/cs/p1/nlsr/INFO/%07%20%08%03ndn%08%07p2-site%08%08%C1.Router%08%02cs%08%02p2/%FD%00%00%01u%DD%23w%9B
1605732897.489002 DEBUG: [nlsr.HelloProtocol] Data signed with: /ndn/p1-site/%C1.Router/cs/p1/nlsr/KEY/u%B6%9BX%9F%E6%F0s
1605732897.489037 DEBUG: [nlsr.HelloProtocol] Data validation successful for INFO(name): /ndn/p1-site/%C1.Router/cs/p1/nlsr/INFO/%07%20%08%03ndn%08%07p2-site%08%08%C1.Router%08%02cs%08%02p2/%FD%00%00%01u%DD%23w%9B
1605732897.489071 DEBUG: [nlsr.HelloProtocol] Neighbor : /ndn/p1-site/%C1.Router/cs/p1
1605732897.489092 DEBUG: [nlsr.HelloProtocol] Old Status: 1 New Status: 1
1605732897.489118 DEBUG: [nlsr.route.Fib] Registering prefix: /localhop/ndn/nlsr/sync/%FD%08 faceUri: udp4://10.0.0.9:6363
1605732897.489438 DEBUG: [nlsr.HelloProtocol] Received data for INFO(name): /ndn/c2-site/%C1.Router/cs/c2/nlsr/INFO/%07%20%08%03ndn%08%07p2-site%08%08%C1.Router%08%02cs%08%02p2/%FD%00%00%01u%DD%23w%9B
1605732897.489489 DEBUG: [nlsr.HelloProtocol] Data signed with: /ndn/c2-site/%C1.Router/cs/c2/nlsr/KEY/%D6%876%D4%00%24%0C%1C
1605732897.489517 DEBUG: [nlsr.HelloProtocol] Data validation successful for INFO(name): /ndn/c2-site/%C1.Router/cs/c2/nlsr/INFO/%07%20%08%03ndn%08%07p2-site%08%08%C1.Router%08%02cs%08%02p2/%FD%00%00%01u%DD%23w%9B
1605732897.489549 DEBUG: [nlsr.HelloProtocol] Neighbor : /ndn/c2-site/%C1.Router/cs/c2
1605732897.489625 DEBUG: [nlsr.HelloProtocol] Old Status: 1 New Status: 1
1605732897.489650 DEBUG: [nlsr.route.Fib] Registering prefix: /localhop/ndn/nlsr/sync/%FD%08 faceUri: udp4://10.0.0.5:6363
1605732897.491156 DEBUG: [nlsr.route.Fib] Successful in name registration: /localhop/ndn/nlsr/sync/%FD%08 Face Uri: udp4://10.0.0.9:6363 faceId: 265
1605732897.491506 DEBUG: [nlsr.route.Fib] Successful in name registration: /localhop/ndn/nlsr/sync/%FD%08 Face Uri: udp4://10.0.0.5:6363 faceId: 263
1605732957.488144 DEBUG: [nlsr.HelloProtocol] Expressing Interest: /ndn/p1-site/%C1.Router/cs/p1/nlsr/INFO/%07%20%08%03ndn%08%07p2-site%08%08%C1.Router%08%02cs%08%02p2
1605732957.488248 DEBUG: [nlsr.HelloProtocol] Sending HELLO interest: /ndn/p1-site/%C1.Router/cs/p1/nlsr/INFO/%07%20%08%03ndn%08%07p2-site%08%08%C1.Router%08%02cs%08%02p2
1605732957.488303 DEBUG: [nlsr.HelloProtocol] Expressing Interest: /ndn/c2-site/%C1.Router/cs/c2/nlsr/INFO/%07%20%08%03ndn%08%07p2-site%08%08%C1.Router%08%02cs%08%02p2
1605732957.488336 DEBUG: [nlsr.HelloProtocol] Sending HELLO interest: /ndn/c2-site/%C1.Router/cs/c2/nlsr/INFO/%07%20%08%03ndn%08%07p2-site%08%08%C1.Router%08%02cs%08%02p2
1605732957.489225 DEBUG: [nlsr.HelloProtocol] Received data for INFO(name): /ndn/p1-site/%C1.Router/cs/p1/nlsr/INFO/%07%20%08%03ndn%08%07p2-site%08%08%C1.Router%08%02cs%08%02p2/%FD%00%00%01u%DD%24b%01
1605732957.489295 DEBUG: [nlsr.HelloProtocol] Data signed with: /ndn/p1-site/%C1.Router/cs/p1/nlsr/KEY/u%B6%9BX%9F%E6%F0s
1605732957.489332 DEBUG: [nlsr.HelloProtocol] Data validation successful for INFO(name): /ndn/p1-site/%C1.Router/cs/p1/nlsr/INFO/%07%20%08%03ndn%08%07p2-site%08%08%C1.Router%08%02cs%08%02p2/%FD%00%00%01u%DD%24b%01
1605732957.489370 DEBUG: [nlsr.HelloProtocol] Neighbor : /ndn/p1-site/%C1.Router/cs/p1
1605732957.489393 DEBUG: [nlsr.HelloProtocol] Old Status: 1 New Status: 1
1605732957.489421 DEBUG: [nlsr.route.Fib] Registering prefix: /localhop/ndn/nlsr/sync/%FD%08 faceUri: udp4://10.0.0.9:6363
1605732957.489769 DEBUG: [nlsr.HelloProtocol] Received data for INFO(name): /ndn/c2-site/%C1.Router/cs/c2/nlsr/INFO/%07%20%08%03ndn%08%07p2-site%08%08%C1.Router%08%02cs%08%02p2/%FD%00%00%01u%DD%24b%01
1605732957.489822 DEBUG: [nlsr.HelloProtocol] Data signed with: /ndn/c2-site/%C1.Router/cs/c2/nlsr/KEY/%D6%876%D4%00%24%0C%1C
1605732957.489928 DEBUG: [nlsr.HelloProtocol] Data validation successful for INFO(name): /ndn/c2-site/%C1.Router/cs/c2/nlsr/INFO/%07%20%08%03ndn%08%07p2-site%08%08%C1.Router%08%02cs%08%02p2/%FD%00%00%01u%DD%24b%01
1605732957.489977 DEBUG: [nlsr.HelloProtocol] Neighbor : /ndn/c2-site/%C1.Router/cs/c2
1605732957.489999 DEBUG: [nlsr.HelloProtocol] Old Status: 1 New Status: 1
1605732957.490022 DEBUG: [nlsr.route.Fib] Registering prefix: /localhop/ndn/nlsr/sync/%FD%08 faceUri: udp4://10.0.0.5:6363
1605732957.491374 DEBUG: [nlsr.route.Fib] Successful in name registration: /localhop/ndn/nlsr/sync/%FD%08 Face Uri: udp4://10.0.0.9:6363 faceId: 265
1605732957.491766 DEBUG: [nlsr.route.Fib] Successful in name registration: /localhop/ndn/nlsr/sync/%FD%08 Face Uri: udp4://10.0.0.5:6363 faceId: 263
1605733017.502491 DEBUG: [nlsr.HelloProtocol] Expressing Interest: /ndn/p1-site/%C1.Router/cs/p1/nlsr/INFO/%07%20%08%03ndn%08%07p2-site%08%08%C1.Router%08%02cs%08%02p2
1605733017.502541 DEBUG: [nlsr.HelloProtocol] Sending HELLO interest: /ndn/p1-site/%C1.Router/cs/p1/nlsr/INFO/%07%20%08%03ndn%08%07p2-site%08%08%C1.Router%08%02cs%08%02p2
1605733017.502556 DEBUG: [nlsr.HelloProtocol] Expressing Interest: /ndn/c2-site/%C1.Router/cs/c2/nlsr/INFO/%07%20%08%03ndn%08%07p2-site%08%08%C1.Router%08%02cs%08%02p2
1605733017.502565 DEBUG: [nlsr.HelloProtocol] Sending HELLO interest: /ndn/c2-site/%C1.Router/cs/c2/nlsr/INFO/%07%20%08%03ndn%08%07p2-site%08%08%C1.Router%08%02cs%08%02p2
1605733017.503020 DEBUG: [nlsr.HelloProtocol] Received data for INFO(name): /ndn/p1-site/%C1.Router/cs/p1/nlsr/INFO/%07%20%08%03ndn%08%07p2-site%08%08%C1.Router%08%02cs%08%02p2/%FD%00%00%01u%DD%25L%85
1605733017.503045 DEBUG: [nlsr.HelloProtocol] Data signed with: /ndn/p1-site/%C1.Router/cs/p1/nlsr/KEY/u%B6%9BX%9F%E6%F0s
1605733017.503057 DEBUG: [nlsr.HelloProtocol] Data validation successful for INFO(name): /ndn/p1-site/%C1.Router/cs/p1/nlsr/INFO/%07%20%08%03ndn%08%07p2-site%08%08%C1.Router%08%02cs%08%02p2/%FD%00%00%01u%DD%25L%85
1605733017.503068 DEBUG: [nlsr.HelloProtocol] Neighbor : /ndn/p1-site/%C1.Router/cs/p1
1605733017.503072 DEBUG: [nlsr.HelloProtocol] Old Status: 1 New Status: 1
1605733017.503080 DEBUG: [nlsr.route.Fib] Registering prefix: /localhop/ndn/nlsr/sync/%FD%08 faceUri: udp4://10.0.0.9:6363
1605733017.503474 DEBUG: [nlsr.HelloProtocol] Received data for INFO(name): /ndn/c2-site/%C1.Router/cs/c2/nlsr/INFO/%07%20%08%03ndn%08%07p2-site%08%08%C1.Router%08%02cs%08%02p2/%FD%00%00%01u%DD%25L%85
1605733017.503497 DEBUG: [nlsr.HelloProtocol] Data signed with: /ndn/c2-site/%C1.Router/cs/c2/nlsr/KEY/%D6%876%D4%00%24%0C%1C
1605733017.503506 DEBUG: [nlsr.HelloProtocol] Data validation successful for INFO(name): /ndn/c2-site/%C1.Router/cs/c2/nlsr/INFO/%07%20%08%03ndn%08%07p2-site%08%08%C1.Router%08%02cs%08%02p2/%FD%00%00%01u%DD%25L%85
1605733017.503515 DEBUG: [nlsr.HelloProtocol] Neighbor : /ndn/c2-site/%C1.Router/cs/c2
1605733017.503518 DEBUG: [nlsr.HelloProtocol] Old Status: 1 New Status: 1
1605733017.503523 DEBUG: [nlsr.route.Fib] Registering prefix: /localhop/ndn/nlsr/sync/%FD%08 faceUri: udp4://10.0.0.5:6363
1605733017.504639 DEBUG: [nlsr.route.Fib] Successful in name registration: /localhop/ndn/nlsr/sync/%FD%08 Face Uri: udp4://10.0.0.9:6363 faceId: 265
1605733017.504990 DEBUG: [nlsr.route.Fib] Successful in name registration: /localhop/ndn/nlsr/sync/%FD%08 Face Uri: udp4://10.0.0.5:6363 faceId: 263
1605733077.521123 DEBUG: [nlsr.HelloProtocol] Expressing Interest: /ndn/p1-site/%C1.Router/cs/p1/nlsr/INFO/%07%20%08%03ndn%08%07p2-site%08%08%C1.Router%08%02cs%08%02p2
1605733077.521218 DEBUG: [nlsr.HelloProtocol] Sending HELLO interest: /ndn/p1-site/%C1.Router/cs/p1/nlsr/INFO/%07%20%08%03ndn%08%07p2-site%08%08%C1.Router%08%02cs%08%02p2
1605733077.521249 DEBUG: [nlsr.HelloProtocol] Expressing Interest: /ndn/c2-site/%C1.Router/cs/c2/nlsr/INFO/%07%20%08%03ndn%08%07p2-site%08%08%C1.Router%08%02cs%08%02p2
1605733077.521288 DEBUG: [nlsr.HelloProtocol] Sending HELLO interest: /ndn/c2-site/%C1.Router/cs/c2/nlsr/INFO/%07%20%08%03ndn%08%07p2-site%08%08%C1.Router%08%02cs%08%02p2
1605733077.522062 DEBUG: [nlsr.HelloProtocol] Received data for INFO(name): /ndn/p1-site/%C1.Router/cs/p1/nlsr/INFO/%07%20%08%03ndn%08%07p2-site%08%08%C1.Router%08%02cs%08%02p2/%FD%00%00%01u%DD%266%F7
1605733077.522087 DEBUG: [nlsr.HelloProtocol] Data signed with: /ndn/p1-site/%C1.Router/cs/p1/nlsr/KEY/u%B6%9BX%9F%E6%F0s
1605733077.522099 DEBUG: [nlsr.HelloProtocol] Data validation successful for INFO(name): /ndn/p1-site/%C1.Router/cs/p1/nlsr/INFO/%07%20%08%03ndn%08%07p2-site%08%08%C1.Router%08%02cs%08%02p2/%FD%00%00%01u%DD%266%F7
1605733077.522109 DEBUG: [nlsr.HelloProtocol] Neighbor : /ndn/p1-site/%C1.Router/cs/p1
1605733077.522112 DEBUG: [nlsr.HelloProtocol] Old Status: 1 New Status: 1
1605733077.522119 DEBUG: [nlsr.route.Fib] Registering prefix: /localhop/ndn/nlsr/sync/%FD%08 faceUri: udp4://10.0.0.9:6363
1605733077.522299 DEBUG: [nlsr.HelloProtocol] Received data for INFO(name): /ndn/c2-site/%C1.Router/cs/c2/nlsr/INFO/%07%20%08%03ndn%08%07p2-site%08%08%C1.Router%08%02cs%08%02p2/%FD%00%00%01u%DD%266%F7
1605733077.522317 DEBUG: [nlsr.HelloProtocol] Data signed with: /ndn/c2-site/%C1.Router/cs/c2/nlsr/KEY/%D6%876%D4%00%24%0C%1C
1605733077.522324 DEBUG: [nlsr.HelloProtocol] Data validation successful for INFO(name): /ndn/c2-site/%C1.Router/cs/c2/nlsr/INFO/%07%20%08%03ndn%08%07p2-site%08%08%C1.Router%08%02cs%08%02p2/%FD%00%00%01u%DD%266%F7
1605733077.522332 DEBUG: [nlsr.HelloProtocol] Neighbor : /ndn/c2-site/%C1.Router/cs/c2
1605733077.522335 DEBUG: [nlsr.HelloProtocol] Old Status: 1 New Status: 1
1605733077.522339 DEBUG: [nlsr.route.Fib] Registering prefix: /localhop/ndn/nlsr/sync/%FD%08 faceUri: udp4://10.0.0.5:6363
1605733077.523655 DEBUG: [nlsr.route.Fib] Successful in name registration: /localhop/ndn/nlsr/sync/%FD%08 Face Uri: udp4://10.0.0.9:6363 faceId: 265
1605733077.523903 DEBUG: [nlsr.route.Fib] Successful in name registration: /localhop/ndn/nlsr/sync/%FD%08 Face Uri: udp4://10.0.0.5:6363 faceId: 263
1605733137.521542 DEBUG: [nlsr.HelloProtocol] Expressing Interest: /ndn/p1-site/%C1.Router/cs/p1/nlsr/INFO/%07%20%08%03ndn%08%07p2-site%08%08%C1.Router%08%02cs%08%02p2
1605733137.521606 DEBUG: [nlsr.HelloProtocol] Sending HELLO interest: /ndn/p1-site/%C1.Router/cs/p1/nlsr/INFO/%07%20%08%03ndn%08%07p2-site%08%08%C1.Router%08%02cs%08%02p2
1605733137.521622 DEBUG: [nlsr.HelloProtocol] Expressing Interest: /ndn/c2-site/%C1.Router/cs/c2/nlsr/INFO/%07%20%08%03ndn%08%07p2-site%08%08%C1.Router%08%02cs%08%02p2
1605733137.521631 DEBUG: [nlsr.HelloProtocol] Sending HELLO interest: /ndn/c2-site/%C1.Router/cs/c2/nlsr/INFO/%07%20%08%03ndn%08%07p2-site%08%08%C1.Router%08%02cs%08%02p2
1605733137.522822 DEBUG: [nlsr.HelloProtocol] Received data for INFO(name): /ndn/p1-site/%C1.Router/cs/p1/nlsr/INFO/%07%20%08%03ndn%08%07p2-site%08%08%C1.Router%08%02cs%08%02p2/%FD%00%00%01u%DD%27%21f
1605733137.522845 DEBUG: [nlsr.HelloProtocol] Data signed with: /ndn/p1-site/%C1.Router/cs/p1/nlsr/KEY/u%B6%9BX%9F%E6%F0s
1605733137.522856 DEBUG: [nlsr.HelloProtocol] Data validation successful for INFO(name): /ndn/p1-site/%C1.Router/cs/p1/nlsr/INFO/%07%20%08%03ndn%08%07p2-site%08%08%C1.Router%08%02cs%08%02p2/%FD%00%00%01u%DD%27%21f
1605733137.522866 DEBUG: [nlsr.HelloProtocol] Neighbor : /ndn/p1-site/%C1.Router/cs/p1
1605733137.522869 DEBUG: [nlsr.HelloProtocol] Old Status: 1 New Status: 1
1605733137.522877 DEBUG: [nlsr.route.Fib] Registering prefix: /localhop/ndn/nlsr/sync/%FD%08 faceUri: udp4://10.0.0.9:6363
1605733137.523079 DEBUG: [nlsr.HelloProtocol] Received data for INFO(name): /ndn/c2-site/%C1.Router/cs/c2/nlsr/INFO/%07%20%08%03ndn%08%07p2-site%08%08%C1.Router%08%02cs%08%02p2/%FD%00%00%01u%DD%27%21f
1605733137.523096 DEBUG: [nlsr.HelloProtocol] Data signed with: /ndn/c2-site/%C1.Router/cs/c2/nlsr/KEY/%D6%876%D4%00%24%0C%1C
1605733137.523104 DEBUG: [nlsr.HelloProtocol] Data validation successful for INFO(name): /ndn/c2-site/%C1.Router/cs/c2/nlsr/INFO/%07%20%08%03ndn%08%07p2-site%08%08%C1.Router%08%02cs%08%02p2/%FD%00%00%01u%DD%27%21f
1605733137.523112 DEBUG: [nlsr.HelloProtocol] Neighbor : /ndn/c2-site/%C1.Router/cs/c2
1605733137.523114 DEBUG: [nlsr.HelloProtocol] Old Status: 1 New Status: 1
1605733137.523119 DEBUG: [nlsr.route.Fib] Registering prefix: /localhop/ndn/nlsr/sync/%FD%08 faceUri: udp4://10.0.0.5:6363
1605733137.524500 DEBUG: [nlsr.route.Fib] Successful in name registration: /localhop/ndn/nlsr/sync/%FD%08 Face Uri: udp4://10.0.0.9:6363 faceId: 265
1605733137.524863 DEBUG: [nlsr.route.Fib] Successful in name registration: /localhop/ndn/nlsr/sync/%FD%08 Face Uri: udp4://10.0.0.5:6363 faceId: 263
1605733197.521975 DEBUG: [nlsr.HelloProtocol] Expressing Interest: /ndn/p1-site/%C1.Router/cs/p1/nlsr/INFO/%07%20%08%03ndn%08%07p2-site%08%08%C1.Router%08%02cs%08%02p2
1605733197.522027 DEBUG: [nlsr.HelloProtocol] Sending HELLO interest: /ndn/p1-site/%C1.Router/cs/p1/nlsr/INFO/%07%20%08%03ndn%08%07p2-site%08%08%C1.Router%08%02cs%08%02p2
1605733197.522043 DEBUG: [nlsr.HelloProtocol] Expressing Interest: /ndn/c2-site/%C1.Router/cs/c2/nlsr/INFO/%07%20%08%03ndn%08%07p2-site%08%08%C1.Router%08%02cs%08%02p2
1605733197.522052 DEBUG: [nlsr.HelloProtocol] Sending HELLO interest: /ndn/c2-site/%C1.Router/cs/c2/nlsr/INFO/%07%20%08%03ndn%08%07p2-site%08%08%C1.Router%08%02cs%08%02p2
1605733197.522708 DEBUG: [nlsr.HelloProtocol] Received data for INFO(name): /ndn/p1-site/%C1.Router/cs/p1/nlsr/INFO/%07%20%08%03ndn%08%07p2-site%08%08%C1.Router%08%02cs%08%02p2/%FD%00%00%01u%DD%28%0B%C6
1605733197.522737 DEBUG: [nlsr.HelloProtocol] Data signed with: /ndn/p1-site/%C1.Router/cs/p1/nlsr/KEY/u%B6%9BX%9F%E6%F0s
1605733197.522750 DEBUG: [nlsr.HelloProtocol] Data validation successful for INFO(name): /ndn/p1-site/%C1.Router/cs/p1/nlsr/INFO/%07%20%08%03ndn%08%07p2-site%08%08%C1.Router%08%02cs%08%02p2/%FD%00%00%01u%DD%28%0B%C6
1605733197.522762 DEBUG: [nlsr.HelloProtocol] Neighbor : /ndn/p1-site/%C1.Router/cs/p1
1605733197.522766 DEBUG: [nlsr.HelloProtocol] Old Status: 1 New Status: 1
1605733197.522775 DEBUG: [nlsr.route.Fib] Registering prefix: /localhop/ndn/nlsr/sync/%FD%08 faceUri: udp4://10.0.0.9:6363
1605733197.523112 DEBUG: [nlsr.HelloProtocol] Received data for INFO(name): /ndn/c2-site/%C1.Router/cs/c2/nlsr/INFO/%07%20%08%03ndn%08%07p2-site%08%08%C1.Router%08%02cs%08%02p2/%FD%00%00%01u%DD%28%0B%C5
1605733197.523134 DEBUG: [nlsr.HelloProtocol] Data signed with: /ndn/c2-site/%C1.Router/cs/c2/nlsr/KEY/%D6%876%D4%00%24%0C%1C
1605733197.523143 DEBUG: [nlsr.HelloProtocol] Data validation successful for INFO(name): /ndn/c2-site/%C1.Router/cs/c2/nlsr/INFO/%07%20%08%03ndn%08%07p2-site%08%08%C1.Router%08%02cs%08%02p2/%FD%00%00%01u%DD%28%0B%C5
1605733197.523153 DEBUG: [nlsr.HelloProtocol] Neighbor : /ndn/c2-site/%C1.Router/cs/c2
1605733197.523157 DEBUG: [nlsr.HelloProtocol] Old Status: 1 New Status: 1
1605733197.523163 DEBUG: [nlsr.route.Fib] Registering prefix: /localhop/ndn/nlsr/sync/%FD%08 faceUri: udp4://10.0.0.5:6363
1605733197.524696 DEBUG: [nlsr.route.Fib] Successful in name registration: /localhop/ndn/nlsr/sync/%FD%08 Face Uri: udp4://10.0.0.9:6363 faceId: 265
1605733197.525105 DEBUG: [nlsr.route.Fib] Successful in name registration: /localhop/ndn/nlsr/sync/%FD%08 Face Uri: udp4://10.0.0.5:6363 faceId: 263
1605733257.523154 DEBUG: [nlsr.HelloProtocol] Expressing Interest: /ndn/p1-site/%C1.Router/cs/p1/nlsr/INFO/%07%20%08%03ndn%08%07p2-site%08%08%C1.Router%08%02cs%08%02p2
1605733257.523217 DEBUG: [nlsr.HelloProtocol] Sending HELLO interest: /ndn/p1-site/%C1.Router/cs/p1/nlsr/INFO/%07%20%08%03ndn%08%07p2-site%08%08%C1.Router%08%02cs%08%02p2
1605733257.523237 DEBUG: [nlsr.HelloProtocol] Expressing Interest: /ndn/c2-site/%C1.Router/cs/c2/nlsr/INFO/%07%20%08%03ndn%08%07p2-site%08%08%C1.Router%08%02cs%08%02p2
1605733257.523249 DEBUG: [nlsr.HelloProtocol] Sending HELLO interest: /ndn/c2-site/%C1.Router/cs/c2/nlsr/INFO/%07%20%08%03ndn%08%07p2-site%08%08%C1.Router%08%02cs%08%02p2
1605733257.523920 DEBUG: [nlsr.HelloProtocol] Received data for INFO(name): /ndn/p1-site/%C1.Router/cs/p1/nlsr/INFO/%07%20%08%03ndn%08%07p2-site%08%08%C1.Router%08%02cs%08%02p2/%FD%00%00%01u%DD%28%F65
1605733257.523957 DEBUG: [nlsr.HelloProtocol] Data signed with: /ndn/p1-site/%C1.Router/cs/p1/nlsr/KEY/u%B6%9BX%9F%E6%F0s
1605733257.523973 DEBUG: [nlsr.HelloProtocol] Data validation successful for INFO(name): /ndn/p1-site/%C1.Router/cs/p1/nlsr/INFO/%07%20%08%03ndn%08%07p2-site%08%08%C1.Router%08%02cs%08%02p2/%FD%00%00%01u%DD%28%F65
1605733257.523988 DEBUG: [nlsr.HelloProtocol] Neighbor : /ndn/p1-site/%C1.Router/cs/p1
1605733257.523993 DEBUG: [nlsr.HelloProtocol] Old Status: 1 New Status: 1
1605733257.524005 DEBUG: [nlsr.route.Fib] Registering prefix: /localhop/ndn/nlsr/sync/%FD%08 faceUri: udp4://10.0.0.9:6363
1605733257.524311 DEBUG: [nlsr.HelloProtocol] Received data for INFO(name): /ndn/c2-site/%C1.Router/cs/c2/nlsr/INFO/%07%20%08%03ndn%08%07p2-site%08%08%C1.Router%08%02cs%08%02p2/%FD%00%00%01u%DD%28%F65
1605733257.524338 DEBUG: [nlsr.HelloProtocol] Data signed with: /ndn/c2-site/%C1.Router/cs/c2/nlsr/KEY/%D6%876%D4%00%24%0C%1C
1605733257.524349 DEBUG: [nlsr.HelloProtocol] Data validation successful for INFO(name): /ndn/c2-site/%C1.Router/cs/c2/nlsr/INFO/%07%20%08%03ndn%08%07p2-site%08%08%C1.Router%08%02cs%08%02p2/%FD%00%00%01u%DD%28%F65
1605733257.524362 DEBUG: [nlsr.HelloProtocol] Neighbor : /ndn/c2-site/%C1.Router/cs/c2
1605733257.524367 DEBUG: [nlsr.HelloProtocol] Old Status: 1 New Status: 1
1605733257.524373 DEBUG: [nlsr.route.Fib] Registering prefix: /localhop/ndn/nlsr/sync/%FD%08 faceUri: udp4://10.0.0.5:6363
1605733257.525926 DEBUG: [nlsr.route.Fib] Successful in name registration: /localhop/ndn/nlsr/sync/%FD%08 Face Uri: udp4://10.0.0.9:6363 faceId: 265
1605733257.526246 DEBUG: [nlsr.route.Fib] Successful in name registration: /localhop/ndn/nlsr/sync/%FD%08 Face Uri: udp4://10.0.0.5:6363 faceId: 263
