1605894468.996658  INFO: [ndnsd.Tools.Reload] Sending reload interest: /ndnsd/p3/service-info/reload/1605894468996588886%20nanoseconds%20since%20Jan%201%2C%201970?MustBeFresh
1605894469.000395  INFO: [ndnsd.Tools.Reload] Update SuccessfulName: /ndnsd/p3/service-info/reload/1605894468996588886%20nanoseconds%20since%20Jan%201%2C%201970
MetaInfo: [ContentType: 0, FreshnessPeriod: 1000 milliseconds]
Content: [17 bytes]
Signature: [type: SignatureSha256WithEcdsa, length: 71]
1605894469.000427 DEBUG: [ndnsd.Tools.Reload] Tentative next interest schedule in : 64 milliseconds
1605894469.064992  INFO: [ndnsd.Tools.Reload] Sending reload interest: /ndnsd/p3/service-info/reload/1605894469064933565%20nanoseconds%20since%20Jan%201%2C%201970?MustBeFresh
1605894469.067673  INFO: [ndnsd.Tools.Reload] Update SuccessfulName: /ndnsd/p3/service-info/reload/1605894469064933565%20nanoseconds%20since%20Jan%201%2C%201970
MetaInfo: [ContentType: 0, FreshnessPeriod: 1000 milliseconds]
Content: [17 bytes]
Signature: [type: SignatureSha256WithEcdsa, length: 72]
1605894469.067809 DEBUG: [ndnsd.Tools.Reload] Tentative next interest schedule in : 63 milliseconds
1605894469.138697  INFO: [ndnsd.Tools.Reload] Sending reload interest: /ndnsd/p3/service-info/reload/1605894469138658068%20nanoseconds%20since%20Jan%201%2C%201970?MustBeFresh
1605894469.142605  INFO: [ndnsd.Tools.Reload] Update SuccessfulName: /ndnsd/p3/service-info/reload/1605894469138658068%20nanoseconds%20since%20Jan%201%2C%201970
MetaInfo: [ContentType: 0, FreshnessPeriod: 1000 milliseconds]
Content: [17 bytes]
Signature: [type: SignatureSha256WithEcdsa, length: 72]
1605894469.142637 DEBUG: [ndnsd.Tools.Reload] Tentative next interest schedule in : 87 milliseconds
1605894469.229967  INFO: [ndnsd.Tools.Reload] Sending reload interest: /ndnsd/p3/service-info/reload/1605894469229935076%20nanoseconds%20since%20Jan%201%2C%201970?MustBeFresh
1605894469.232244  INFO: [ndnsd.Tools.Reload] Update SuccessfulName: /ndnsd/p3/service-info/reload/1605894469229935076%20nanoseconds%20since%20Jan%201%2C%201970
MetaInfo: [ContentType: 0, FreshnessPeriod: 1000 milliseconds]
Content: [17 bytes]
Signature: [type: SignatureSha256WithEcdsa, length: 71]
1605894469.232268 DEBUG: [ndnsd.Tools.Reload] Tentative next interest schedule in : 79 milliseconds
1605894469.312001  INFO: [ndnsd.Tools.Reload] Sending reload interest: /ndnsd/p3/service-info/reload/1605894469311955980%20nanoseconds%20since%20Jan%201%2C%201970?MustBeFresh
1605894469.315717  INFO: [ndnsd.Tools.Reload] Update SuccessfulName: /ndnsd/p3/service-info/reload/1605894469311955980%20nanoseconds%20since%20Jan%201%2C%201970
MetaInfo: [ContentType: 0, FreshnessPeriod: 1000 milliseconds]
Content: [17 bytes]
Signature: [type: SignatureSha256WithEcdsa, length: 72]
1605894469.315749 DEBUG: [ndnsd.Tools.Reload] Tentative next interest schedule in : 53 milliseconds
1605894469.368872  INFO: [ndnsd.Tools.Reload] Sending reload interest: /ndnsd/p3/service-info/reload/1605894469368837558%20nanoseconds%20since%20Jan%201%2C%201970?MustBeFresh
1605894469.371513  INFO: [ndnsd.Tools.Reload] Update SuccessfulName: /ndnsd/p3/service-info/reload/1605894469368837558%20nanoseconds%20since%20Jan%201%2C%201970
MetaInfo: [ContentType: 0, FreshnessPeriod: 1000 milliseconds]
Content: [17 bytes]
Signature: [type: SignatureSha256WithEcdsa, length: 70]
1605894469.371546 DEBUG: [ndnsd.Tools.Reload] Tentative next interest schedule in : 44 milliseconds
1605894469.415858  INFO: [ndnsd.Tools.Reload] Sending reload interest: /ndnsd/p3/service-info/reload/1605894469415815618%20nanoseconds%20since%20Jan%201%2C%201970?MustBeFresh
1605894469.418907  INFO: [ndnsd.Tools.Reload] Update SuccessfulName: /ndnsd/p3/service-info/reload/1605894469415815618%20nanoseconds%20since%20Jan%201%2C%201970
MetaInfo: [ContentType: 0, FreshnessPeriod: 1000 milliseconds]
Content: [17 bytes]
Signature: [type: SignatureSha256WithEcdsa, length: 72]
1605894469.418940 DEBUG: [ndnsd.Tools.Reload] Tentative next interest schedule in : 54 milliseconds
1605894469.473779  INFO: [ndnsd.Tools.Reload] Sending reload interest: /ndnsd/p3/service-info/reload/1605894469473743893%20nanoseconds%20since%20Jan%201%2C%201970?MustBeFresh
1605894469.477286  INFO: [ndnsd.Tools.Reload] Update SuccessfulName: /ndnsd/p3/service-info/reload/1605894469473743893%20nanoseconds%20since%20Jan%201%2C%201970
MetaInfo: [ContentType: 0, FreshnessPeriod: 1000 milliseconds]
Content: [17 bytes]
Signature: [type: SignatureSha256WithEcdsa, length: 71]
1605894469.477317 DEBUG: [ndnsd.Tools.Reload] Tentative next interest schedule in : 56 milliseconds
1605894469.533733  INFO: [ndnsd.Tools.Reload] Sending reload interest: /ndnsd/p3/service-info/reload/1605894469533695756%20nanoseconds%20since%20Jan%201%2C%201970?MustBeFresh
1605894469.536648  INFO: [ndnsd.Tools.Reload] Update SuccessfulName: /ndnsd/p3/service-info/reload/1605894469533695756%20nanoseconds%20since%20Jan%201%2C%201970
MetaInfo: [ContentType: 0, FreshnessPeriod: 1000 milliseconds]
Content: [17 bytes]
Signature: [type: SignatureSha256WithEcdsa, length: 71]
1605894469.536683 DEBUG: [ndnsd.Tools.Reload] Tentative next interest schedule in : 51 milliseconds
1605894469.599028  INFO: [ndnsd.Tools.Reload] Sending reload interest: /ndnsd/p3/service-info/reload/1605894469598973664%20nanoseconds%20since%20Jan%201%2C%201970?MustBeFresh
1605894469.601877  INFO: [ndnsd.Tools.Reload] Update SuccessfulName: /ndnsd/p3/service-info/reload/1605894469598973664%20nanoseconds%20since%20Jan%201%2C%201970
MetaInfo: [ContentType: 0, FreshnessPeriod: 1000 milliseconds]
Content: [17 bytes]
Signature: [type: SignatureSha256WithEcdsa, length: 71]
1605894469.601913 DEBUG: [ndnsd.Tools.Reload] Tentative next interest schedule in : 75 milliseconds
1605894469.677932  INFO: [ndnsd.Tools.Reload] Sending reload interest: /ndnsd/p3/service-info/reload/1605894469677881336%20nanoseconds%20since%20Jan%201%2C%201970?MustBeFresh
1605894469.680766  INFO: [ndnsd.Tools.Reload] Update SuccessfulName: /ndnsd/p3/service-info/reload/1605894469677881336%20nanoseconds%20since%20Jan%201%2C%201970
MetaInfo: [ContentType: 0, FreshnessPeriod: 1000 milliseconds]
Content: [17 bytes]
Signature: [type: SignatureSha256WithEcdsa, length: 71]
1605894469.680801 DEBUG: [ndnsd.Tools.Reload] Tentative next interest schedule in : 78 milliseconds
1605894469.758939  INFO: [ndnsd.Tools.Reload] Sending reload interest: /ndnsd/p3/service-info/reload/1605894469758898824%20nanoseconds%20since%20Jan%201%2C%201970?MustBeFresh
1605894469.761734  INFO: [ndnsd.Tools.Reload] Update SuccessfulName: /ndnsd/p3/service-info/reload/1605894469758898824%20nanoseconds%20since%20Jan%201%2C%201970
MetaInfo: [ContentType: 0, FreshnessPeriod: 1000 milliseconds]
Content: [17 bytes]
Signature: [type: SignatureSha256WithEcdsa, length: 72]
1605894469.761760 DEBUG: [ndnsd.Tools.Reload] Tentative next interest schedule in : 68 milliseconds
1605894469.844618  INFO: [ndnsd.Tools.Reload] Sending reload interest: /ndnsd/p3/service-info/reload/1605894469844536189%20nanoseconds%20since%20Jan%201%2C%201970?MustBeFresh
1605894469.847412  INFO: [ndnsd.Tools.Reload] Update SuccessfulName: /ndnsd/p3/service-info/reload/1605894469844536189%20nanoseconds%20since%20Jan%201%2C%201970
MetaInfo: [ContentType: 0, FreshnessPeriod: 1000 milliseconds]
Content: [17 bytes]
Signature: [type: SignatureSha256WithEcdsa, length: 72]
1605894469.847440 DEBUG: [ndnsd.Tools.Reload] Tentative next interest schedule in : 86 milliseconds
1605894469.933755  INFO: [ndnsd.Tools.Reload] Sending reload interest: /ndnsd/p3/service-info/reload/1605894469933720579%20nanoseconds%20since%20Jan%201%2C%201970?MustBeFresh
1605894469.936105  INFO: [ndnsd.Tools.Reload] Update SuccessfulName: /ndnsd/p3/service-info/reload/1605894469933720579%20nanoseconds%20since%20Jan%201%2C%201970
MetaInfo: [ContentType: 0, FreshnessPeriod: 1000 milliseconds]
Content: [17 bytes]
Signature: [type: SignatureSha256WithEcdsa, length: 71]
1605894469.936139 DEBUG: [ndnsd.Tools.Reload] Tentative next interest schedule in : 58 milliseconds
1605894469.994523  INFO: [ndnsd.Tools.Reload] Sending reload interest: /ndnsd/p3/service-info/reload/1605894469994441007%20nanoseconds%20since%20Jan%201%2C%201970?MustBeFresh
1605894469.997012  INFO: [ndnsd.Tools.Reload] Update SuccessfulName: /ndnsd/p3/service-info/reload/1605894469994441007%20nanoseconds%20since%20Jan%201%2C%201970
MetaInfo: [ContentType: 0, FreshnessPeriod: 1000 milliseconds]
Content: [17 bytes]
Signature: [type: SignatureSha256WithEcdsa, length: 71]
1605894469.997086 DEBUG: [ndnsd.Tools.Reload] Tentative next interest schedule in : 76 milliseconds
1605894470.073636  INFO: [ndnsd.Tools.Reload] Sending reload interest: /ndnsd/p3/service-info/reload/1605894470073565431%20nanoseconds%20since%20Jan%201%2C%201970?MustBeFresh
1605894470.076059  INFO: [ndnsd.Tools.Reload] Update SuccessfulName: /ndnsd/p3/service-info/reload/1605894470073565431%20nanoseconds%20since%20Jan%201%2C%201970
MetaInfo: [ContentType: 0, FreshnessPeriod: 1000 milliseconds]
Content: [17 bytes]
Signature: [type: SignatureSha256WithEcdsa, length: 72]
1605894470.076087 DEBUG: [ndnsd.Tools.Reload] Tentative next interest schedule in : 81 milliseconds
1605894470.157765  INFO: [ndnsd.Tools.Reload] Sending reload interest: /ndnsd/p3/service-info/reload/1605894470157720209%20nanoseconds%20since%20Jan%201%2C%201970?MustBeFresh
1605894470.159923  INFO: [ndnsd.Tools.Reload] Update SuccessfulName: /ndnsd/p3/service-info/reload/1605894470157720209%20nanoseconds%20since%20Jan%201%2C%201970
MetaInfo: [ContentType: 0, FreshnessPeriod: 1000 milliseconds]
Content: [17 bytes]
Signature: [type: SignatureSha256WithEcdsa, length: 71]
1605894470.159950 DEBUG: [ndnsd.Tools.Reload] Tentative next interest schedule in : 75 milliseconds
1605894470.235151  INFO: [ndnsd.Tools.Reload] Sending reload interest: /ndnsd/p3/service-info/reload/1605894470235101962%20nanoseconds%20since%20Jan%201%2C%201970?MustBeFresh
1605894470.237935  INFO: [ndnsd.Tools.Reload] Update SuccessfulName: /ndnsd/p3/service-info/reload/1605894470235101962%20nanoseconds%20since%20Jan%201%2C%201970
MetaInfo: [ContentType: 0, FreshnessPeriod: 1000 milliseconds]
Content: [17 bytes]
Signature: [type: SignatureSha256WithEcdsa, length: 72]
1605894470.238041 DEBUG: [ndnsd.Tools.Reload] Tentative next interest schedule in : 64 milliseconds
1605894470.302792  INFO: [ndnsd.Tools.Reload] Sending reload interest: /ndnsd/p3/service-info/reload/1605894470302756514%20nanoseconds%20since%20Jan%201%2C%201970?MustBeFresh
1605894470.304650  INFO: [ndnsd.Tools.Reload] Update SuccessfulName: /ndnsd/p3/service-info/reload/1605894470302756514%20nanoseconds%20since%20Jan%201%2C%201970
MetaInfo: [ContentType: 0, FreshnessPeriod: 1000 milliseconds]
Content: [17 bytes]
Signature: [type: SignatureSha256WithEcdsa, length: 71]
1605894470.304680 DEBUG: [ndnsd.Tools.Reload] Tentative next interest schedule in : 59 milliseconds
1605894470.364081  INFO: [ndnsd.Tools.Reload] Sending reload interest: /ndnsd/p3/service-info/reload/1605894470364045526%20nanoseconds%20since%20Jan%201%2C%201970?MustBeFresh
1605894470.366576  INFO: [ndnsd.Tools.Reload] Update SuccessfulName: /ndnsd/p3/service-info/reload/1605894470364045526%20nanoseconds%20since%20Jan%201%2C%201970
MetaInfo: [ContentType: 0, FreshnessPeriod: 1000 milliseconds]
Content: [17 bytes]
Signature: [type: SignatureSha256WithEcdsa, length: 71]
1605894470.366605 DEBUG: [ndnsd.Tools.Reload] Tentative next interest schedule in : 68 milliseconds
1605894470.438395  INFO: [ndnsd.Tools.Reload] Sending reload interest: /ndnsd/p3/service-info/reload/1605894470438349061%20nanoseconds%20since%20Jan%201%2C%201970?MustBeFresh
1605894470.440625  INFO: [ndnsd.Tools.Reload] Update SuccessfulName: /ndnsd/p3/service-info/reload/1605894470438349061%20nanoseconds%20since%20Jan%201%2C%201970
MetaInfo: [ContentType: 0, FreshnessPeriod: 1000 milliseconds]
Content: [17 bytes]
Signature: [type: SignatureSha256WithEcdsa, length: 71]
1605894470.440659 DEBUG: [ndnsd.Tools.Reload] Tentative next interest schedule in : 74 milliseconds
1605894470.514839  INFO: [ndnsd.Tools.Reload] Sending reload interest: /ndnsd/p3/service-info/reload/1605894470514763438%20nanoseconds%20since%20Jan%201%2C%201970?MustBeFresh
1605894470.517675  INFO: [ndnsd.Tools.Reload] Update SuccessfulName: /ndnsd/p3/service-info/reload/1605894470514763438%20nanoseconds%20since%20Jan%201%2C%201970
MetaInfo: [ContentType: 0, FreshnessPeriod: 1000 milliseconds]
Content: [17 bytes]
Signature: [type: SignatureSha256WithEcdsa, length: 71]
1605894470.517705 DEBUG: [ndnsd.Tools.Reload] Tentative next interest schedule in : 87 milliseconds
1605894470.604867  INFO: [ndnsd.Tools.Reload] Sending reload interest: /ndnsd/p3/service-info/reload/1605894470604833883%20nanoseconds%20since%20Jan%201%2C%201970?MustBeFresh
1605894470.607534  INFO: [ndnsd.Tools.Reload] Update SuccessfulName: /ndnsd/p3/service-info/reload/1605894470604833883%20nanoseconds%20since%20Jan%201%2C%201970
MetaInfo: [ContentType: 0, FreshnessPeriod: 1000 milliseconds]
Content: [17 bytes]
Signature: [type: SignatureSha256WithEcdsa, length: 71]
1605894470.607563 DEBUG: [ndnsd.Tools.Reload] Tentative next interest schedule in : 42 milliseconds
1605894470.650943  INFO: [ndnsd.Tools.Reload] Sending reload interest: /ndnsd/p3/service-info/reload/1605894470650908584%20nanoseconds%20since%20Jan%201%2C%201970?MustBeFresh
1605894470.653438  INFO: [ndnsd.Tools.Reload] Update SuccessfulName: /ndnsd/p3/service-info/reload/1605894470650908584%20nanoseconds%20since%20Jan%201%2C%201970
MetaInfo: [ContentType: 0, FreshnessPeriod: 1000 milliseconds]
Content: [17 bytes]
Signature: [type: SignatureSha256WithEcdsa, length: 71]
1605894470.653672 DEBUG: [ndnsd.Tools.Reload] Tentative next interest schedule in : 56 milliseconds
1605894470.709889  INFO: [ndnsd.Tools.Reload] Sending reload interest: /ndnsd/p3/service-info/reload/1605894470709857653%20nanoseconds%20since%20Jan%201%2C%201970?MustBeFresh
1605894470.711610  INFO: [ndnsd.Tools.Reload] Update SuccessfulName: /ndnsd/p3/service-info/reload/1605894470709857653%20nanoseconds%20since%20Jan%201%2C%201970
MetaInfo: [ContentType: 0, FreshnessPeriod: 1000 milliseconds]
Content: [17 bytes]
Signature: [type: SignatureSha256WithEcdsa, length: 71]
1605894470.711636 DEBUG: [ndnsd.Tools.Reload] Tentative next interest schedule in : 78 milliseconds
1605894470.789779  INFO: [ndnsd.Tools.Reload] Sending reload interest: /ndnsd/p3/service-info/reload/1605894470789748065%20nanoseconds%20since%20Jan%201%2C%201970?MustBeFresh
1605894470.791588  INFO: [ndnsd.Tools.Reload] Update SuccessfulName: /ndnsd/p3/service-info/reload/1605894470789748065%20nanoseconds%20since%20Jan%201%2C%201970
MetaInfo: [ContentType: 0, FreshnessPeriod: 1000 milliseconds]
Content: [17 bytes]
Signature: [type: SignatureSha256WithEcdsa, length: 72]
1605894470.791622 DEBUG: [ndnsd.Tools.Reload] Tentative next interest schedule in : 79 milliseconds
1605894470.870747  INFO: [ndnsd.Tools.Reload] Sending reload interest: /ndnsd/p3/service-info/reload/1605894470870712129%20nanoseconds%20since%20Jan%201%2C%201970?MustBeFresh
1605894470.872525  INFO: [ndnsd.Tools.Reload] Update SuccessfulName: /ndnsd/p3/service-info/reload/1605894470870712129%20nanoseconds%20since%20Jan%201%2C%201970
MetaInfo: [ContentType: 0, FreshnessPeriod: 1000 milliseconds]
Content: [17 bytes]
Signature: [type: SignatureSha256WithEcdsa, length: 71]
1605894470.872565 DEBUG: [ndnsd.Tools.Reload] Tentative next interest schedule in : 74 milliseconds
1605894470.946775  INFO: [ndnsd.Tools.Reload] Sending reload interest: /ndnsd/p3/service-info/reload/1605894470946736245%20nanoseconds%20since%20Jan%201%2C%201970?MustBeFresh
1605894470.949063  INFO: [ndnsd.Tools.Reload] Update SuccessfulName: /ndnsd/p3/service-info/reload/1605894470946736245%20nanoseconds%20since%20Jan%201%2C%201970
MetaInfo: [ContentType: 0, FreshnessPeriod: 1000 milliseconds]
Content: [17 bytes]
Signature: [type: SignatureSha256WithEcdsa, length: 71]
1605894470.949100 DEBUG: [ndnsd.Tools.Reload] Tentative next interest schedule in : 63 milliseconds
1605894471.012273  INFO: [ndnsd.Tools.Reload] Sending reload interest: /ndnsd/p3/service-info/reload/1605894471012240056%20nanoseconds%20since%20Jan%201%2C%201970?MustBeFresh
1605894471.014251  INFO: [ndnsd.Tools.Reload] Update SuccessfulName: /ndnsd/p3/service-info/reload/1605894471012240056%20nanoseconds%20since%20Jan%201%2C%201970
MetaInfo: [ContentType: 0, FreshnessPeriod: 1000 milliseconds]
Content: [17 bytes]
Signature: [type: SignatureSha256WithEcdsa, length: 70]
1605894471.014302 DEBUG: [ndnsd.Tools.Reload] Tentative next interest schedule in : 87 milliseconds
1605894471.101474  INFO: [ndnsd.Tools.Reload] Sending reload interest: /ndnsd/p3/service-info/reload/1605894471101429735%20nanoseconds%20since%20Jan%201%2C%201970?MustBeFresh
1605894471.104679  INFO: [ndnsd.Tools.Reload] Update SuccessfulName: /ndnsd/p3/service-info/reload/1605894471101429735%20nanoseconds%20since%20Jan%201%2C%201970
MetaInfo: [ContentType: 0, FreshnessPeriod: 1000 milliseconds]
Content: [17 bytes]
Signature: [type: SignatureSha256WithEcdsa, length: 71]
1605894471.104728 DEBUG: [ndnsd.Tools.Reload] Tentative next interest schedule in : 40 milliseconds
1605894471.144877  INFO: [ndnsd.Tools.Reload] Sending reload interest: /ndnsd/p3/service-info/reload/1605894471144845547%20nanoseconds%20since%20Jan%201%2C%201970?MustBeFresh
1605894471.146943  INFO: [ndnsd.Tools.Reload] Update SuccessfulName: /ndnsd/p3/service-info/reload/1605894471144845547%20nanoseconds%20since%20Jan%201%2C%201970
MetaInfo: [ContentType: 0, FreshnessPeriod: 1000 milliseconds]
Content: [17 bytes]
Signature: [type: SignatureSha256WithEcdsa, length: 70]
1605894471.146978 DEBUG: [ndnsd.Tools.Reload] Tentative next interest schedule in : 45 milliseconds
1605894471.192969  INFO: [ndnsd.Tools.Reload] Sending reload interest: /ndnsd/p3/service-info/reload/1605894471192895608%20nanoseconds%20since%20Jan%201%2C%201970?MustBeFresh
1605894471.195318  INFO: [ndnsd.Tools.Reload] Update SuccessfulName: /ndnsd/p3/service-info/reload/1605894471192895608%20nanoseconds%20since%20Jan%201%2C%201970
MetaInfo: [ContentType: 0, FreshnessPeriod: 1000 milliseconds]
Content: [17 bytes]
Signature: [type: SignatureSha256WithEcdsa, length: 70]
1605894471.195354 DEBUG: [ndnsd.Tools.Reload] Tentative next interest schedule in : 44 milliseconds
1605894471.239596  INFO: [ndnsd.Tools.Reload] Sending reload interest: /ndnsd/p3/service-info/reload/1605894471239530912%20nanoseconds%20since%20Jan%201%2C%201970?MustBeFresh
1605894471.242501  INFO: [ndnsd.Tools.Reload] Update SuccessfulName: /ndnsd/p3/service-info/reload/1605894471239530912%20nanoseconds%20since%20Jan%201%2C%201970
MetaInfo: [ContentType: 0, FreshnessPeriod: 1000 milliseconds]
Content: [17 bytes]
Signature: [type: SignatureSha256WithEcdsa, length: 70]
1605894471.242611 DEBUG: [ndnsd.Tools.Reload] Tentative next interest schedule in : 65 milliseconds
1605894471.308056  INFO: [ndnsd.Tools.Reload] Sending reload interest: /ndnsd/p3/service-info/reload/1605894471307965352%20nanoseconds%20since%20Jan%201%2C%201970?MustBeFresh
1605894471.309860  INFO: [ndnsd.Tools.Reload] Update SuccessfulName: /ndnsd/p3/service-info/reload/1605894471307965352%20nanoseconds%20since%20Jan%201%2C%201970
MetaInfo: [ContentType: 0, FreshnessPeriod: 1000 milliseconds]
Content: [17 bytes]
Signature: [type: SignatureSha256WithEcdsa, length: 71]
1605894471.309888 DEBUG: [ndnsd.Tools.Reload] Tentative next interest schedule in : 56 milliseconds
1605894471.366071  INFO: [ndnsd.Tools.Reload] Sending reload interest: /ndnsd/p3/service-info/reload/1605894471366040867%20nanoseconds%20since%20Jan%201%2C%201970?MustBeFresh
1605894471.368999  INFO: [ndnsd.Tools.Reload] Update SuccessfulName: /ndnsd/p3/service-info/reload/1605894471366040867%20nanoseconds%20since%20Jan%201%2C%201970
MetaInfo: [ContentType: 0, FreshnessPeriod: 1000 milliseconds]
Content: [17 bytes]
Signature: [type: SignatureSha256WithEcdsa, length: 70]
1605894471.369035 DEBUG: [ndnsd.Tools.Reload] Tentative next interest schedule in : 57 milliseconds
1605894471.426343  INFO: [ndnsd.Tools.Reload] Sending reload interest: /ndnsd/p3/service-info/reload/1605894471426310864%20nanoseconds%20since%20Jan%201%2C%201970?MustBeFresh
1605894471.428151  INFO: [ndnsd.Tools.Reload] Update SuccessfulName: /ndnsd/p3/service-info/reload/1605894471426310864%20nanoseconds%20since%20Jan%201%2C%201970
MetaInfo: [ContentType: 0, FreshnessPeriod: 1000 milliseconds]
Content: [17 bytes]
Signature: [type: SignatureSha256WithEcdsa, length: 71]
1605894471.428178 DEBUG: [ndnsd.Tools.Reload] Tentative next interest schedule in : 47 milliseconds
1605894471.475295  INFO: [ndnsd.Tools.Reload] Sending reload interest: /ndnsd/p3/service-info/reload/1605894471475265814%20nanoseconds%20since%20Jan%201%2C%201970?MustBeFresh
1605894471.477536  INFO: [ndnsd.Tools.Reload] Update SuccessfulName: /ndnsd/p3/service-info/reload/1605894471475265814%20nanoseconds%20since%20Jan%201%2C%201970
MetaInfo: [ContentType: 0, FreshnessPeriod: 1000 milliseconds]
Content: [17 bytes]
Signature: [type: SignatureSha256WithEcdsa, length: 70]
1605894471.477655 DEBUG: [ndnsd.Tools.Reload] Tentative next interest schedule in : 69 milliseconds
1605894471.546791  INFO: [ndnsd.Tools.Reload] Sending reload interest: /ndnsd/p3/service-info/reload/1605894471546760795%20nanoseconds%20since%20Jan%201%2C%201970?MustBeFresh
1605894471.549357  INFO: [ndnsd.Tools.Reload] Update SuccessfulName: /ndnsd/p3/service-info/reload/1605894471546760795%20nanoseconds%20since%20Jan%201%2C%201970
MetaInfo: [ContentType: 0, FreshnessPeriod: 1000 milliseconds]
Content: [17 bytes]
Signature: [type: SignatureSha256WithEcdsa, length: 70]
1605894471.549387 DEBUG: [ndnsd.Tools.Reload] Tentative next interest schedule in : 55 milliseconds
1605894471.606672  INFO: [ndnsd.Tools.Reload] Sending reload interest: /ndnsd/p3/service-info/reload/1605894471606613905%20nanoseconds%20since%20Jan%201%2C%201970?MustBeFresh
1605894471.609583  INFO: [ndnsd.Tools.Reload] Update SuccessfulName: /ndnsd/p3/service-info/reload/1605894471606613905%20nanoseconds%20since%20Jan%201%2C%201970
MetaInfo: [ContentType: 0, FreshnessPeriod: 1000 milliseconds]
Content: [17 bytes]
Signature: [type: SignatureSha256WithEcdsa, length: 70]
1605894471.609616 DEBUG: [ndnsd.Tools.Reload] Tentative next interest schedule in : 84 milliseconds
1605894471.693867  INFO: [ndnsd.Tools.Reload] Sending reload interest: /ndnsd/p3/service-info/reload/1605894471693820583%20nanoseconds%20since%20Jan%201%2C%201970?MustBeFresh
1605894471.696482  INFO: [ndnsd.Tools.Reload] Update SuccessfulName: /ndnsd/p3/service-info/reload/1605894471693820583%20nanoseconds%20since%20Jan%201%2C%201970
MetaInfo: [ContentType: 0, FreshnessPeriod: 1000 milliseconds]
Content: [17 bytes]
Signature: [type: SignatureSha256WithEcdsa, length: 70]
1605894471.696516 DEBUG: [ndnsd.Tools.Reload] Tentative next interest schedule in : 80 milliseconds
1605894471.776810  INFO: [ndnsd.Tools.Reload] Sending reload interest: /ndnsd/p3/service-info/reload/1605894471776775431%20nanoseconds%20since%20Jan%201%2C%201970?MustBeFresh
1605894471.779166  INFO: [ndnsd.Tools.Reload] Update SuccessfulName: /ndnsd/p3/service-info/reload/1605894471776775431%20nanoseconds%20since%20Jan%201%2C%201970
MetaInfo: [ContentType: 0, FreshnessPeriod: 1000 milliseconds]
Content: [17 bytes]
Signature: [type: SignatureSha256WithEcdsa, length: 71]
1605894471.779198 DEBUG: [ndnsd.Tools.Reload] Tentative next interest schedule in : 46 milliseconds
1605894471.826383  INFO: [ndnsd.Tools.Reload] Sending reload interest: /ndnsd/p3/service-info/reload/1605894471826344447%20nanoseconds%20since%20Jan%201%2C%201970?MustBeFresh
1605894471.830405  INFO: [ndnsd.Tools.Reload] Update SuccessfulName: /ndnsd/p3/service-info/reload/1605894471826344447%20nanoseconds%20since%20Jan%201%2C%201970
MetaInfo: [ContentType: 0, FreshnessPeriod: 1000 milliseconds]
Content: [17 bytes]
Signature: [type: SignatureSha256WithEcdsa, length: 71]
1605894471.830437 DEBUG: [ndnsd.Tools.Reload] Tentative next interest schedule in : 46 milliseconds
1605894471.876842  INFO: [ndnsd.Tools.Reload] Sending reload interest: /ndnsd/p3/service-info/reload/1605894471876808844%20nanoseconds%20since%20Jan%201%2C%201970?MustBeFresh
1605894471.879067  INFO: [ndnsd.Tools.Reload] Update SuccessfulName: /ndnsd/p3/service-info/reload/1605894471876808844%20nanoseconds%20since%20Jan%201%2C%201970
MetaInfo: [ContentType: 0, FreshnessPeriod: 1000 milliseconds]
Content: [17 bytes]
Signature: [type: SignatureSha256WithEcdsa, length: 70]
1605894471.879092 DEBUG: [ndnsd.Tools.Reload] Tentative next interest schedule in : 41 milliseconds
1605894471.920302  INFO: [ndnsd.Tools.Reload] Sending reload interest: /ndnsd/p3/service-info/reload/1605894471920261923%20nanoseconds%20since%20Jan%201%2C%201970?MustBeFresh
1605894471.923521  INFO: [ndnsd.Tools.Reload] Update SuccessfulName: /ndnsd/p3/service-info/reload/1605894471920261923%20nanoseconds%20since%20Jan%201%2C%201970
MetaInfo: [ContentType: 0, FreshnessPeriod: 1000 milliseconds]
Content: [17 bytes]
Signature: [type: SignatureSha256WithEcdsa, length: 71]
1605894471.923557 DEBUG: [ndnsd.Tools.Reload] Tentative next interest schedule in : 51 milliseconds
1605894471.974746  INFO: [ndnsd.Tools.Reload] Sending reload interest: /ndnsd/p3/service-info/reload/1605894471974714621%20nanoseconds%20since%20Jan%201%2C%201970?MustBeFresh
1605894471.976642  INFO: [ndnsd.Tools.Reload] Update SuccessfulName: /ndnsd/p3/service-info/reload/1605894471974714621%20nanoseconds%20since%20Jan%201%2C%201970
MetaInfo: [ContentType: 0, FreshnessPeriod: 1000 milliseconds]
Content: [17 bytes]
Signature: [type: SignatureSha256WithEcdsa, length: 70]
1605894471.976669 DEBUG: [ndnsd.Tools.Reload] Tentative next interest schedule in : 88 milliseconds
1605894472.064834  INFO: [ndnsd.Tools.Reload] Sending reload interest: /ndnsd/p3/service-info/reload/1605894472064791990%20nanoseconds%20since%20Jan%201%2C%201970?MustBeFresh
1605894472.066950  INFO: [ndnsd.Tools.Reload] Update SuccessfulName: /ndnsd/p3/service-info/reload/1605894472064791990%20nanoseconds%20since%20Jan%201%2C%201970
MetaInfo: [ContentType: 0, FreshnessPeriod: 1000 milliseconds]
Content: [17 bytes]
Signature: [type: SignatureSha256WithEcdsa, length: 70]
1605894472.067092 DEBUG: [ndnsd.Tools.Reload] Tentative next interest schedule in : 52 milliseconds
1605894472.119663  INFO: [ndnsd.Tools.Reload] Sending reload interest: /ndnsd/p3/service-info/reload/1605894472119630435%20nanoseconds%20since%20Jan%201%2C%201970?MustBeFresh
1605894472.121706  INFO: [ndnsd.Tools.Reload] Update SuccessfulName: /ndnsd/p3/service-info/reload/1605894472119630435%20nanoseconds%20since%20Jan%201%2C%201970
MetaInfo: [ContentType: 0, FreshnessPeriod: 1000 milliseconds]
Content: [17 bytes]
Signature: [type: SignatureSha256WithEcdsa, length: 71]
1605894472.121731 DEBUG: [ndnsd.Tools.Reload] Tentative next interest schedule in : 70 milliseconds
1605894472.192336  INFO: [ndnsd.Tools.Reload] Sending reload interest: /ndnsd/p3/service-info/reload/1605894472192256269%20nanoseconds%20since%20Jan%201%2C%201970?MustBeFresh
1605894472.194975  INFO: [ndnsd.Tools.Reload] Update SuccessfulName: /ndnsd/p3/service-info/reload/1605894472192256269%20nanoseconds%20since%20Jan%201%2C%201970
MetaInfo: [ContentType: 0, FreshnessPeriod: 1000 milliseconds]
Content: [17 bytes]
Signature: [type: SignatureSha256WithEcdsa, length: 71]
1605894472.195002 DEBUG: [ndnsd.Tools.Reload] Tentative next interest schedule in : 61 milliseconds
1605894472.256370  INFO: [ndnsd.Tools.Reload] Sending reload interest: /ndnsd/p3/service-info/reload/1605894472256331102%20nanoseconds%20since%20Jan%201%2C%201970?MustBeFresh
1605894472.258877  INFO: [ndnsd.Tools.Reload] Update SuccessfulName: /ndnsd/p3/service-info/reload/1605894472256331102%20nanoseconds%20since%20Jan%201%2C%201970
MetaInfo: [ContentType: 0, FreshnessPeriod: 1000 milliseconds]
Content: [17 bytes]
Signature: [type: SignatureSha256WithEcdsa, length: 71]
1605894472.258907 DEBUG: [ndnsd.Tools.Reload] Tentative next interest schedule in : 57 milliseconds
1605894472.316339  INFO: [ndnsd.Tools.Reload] Sending reload interest: /ndnsd/p3/service-info/reload/1605894472316294811%20nanoseconds%20since%20Jan%201%2C%201970?MustBeFresh
1605894472.318639  INFO: [ndnsd.Tools.Reload] Update SuccessfulName: /ndnsd/p3/service-info/reload/1605894472316294811%20nanoseconds%20since%20Jan%201%2C%201970
MetaInfo: [ContentType: 0, FreshnessPeriod: 1000 milliseconds]
Content: [17 bytes]
Signature: [type: SignatureSha256WithEcdsa, length: 70]
1605894472.318663 DEBUG: [ndnsd.Tools.Reload] Tentative next interest schedule in : 80 milliseconds
1605894472.398845  INFO: [ndnsd.Tools.Reload] Sending reload interest: /ndnsd/p3/service-info/reload/1605894472398806247%20nanoseconds%20since%20Jan%201%2C%201970?MustBeFresh
1605894472.401682  INFO: [ndnsd.Tools.Reload] Update SuccessfulName: /ndnsd/p3/service-info/reload/1605894472398806247%20nanoseconds%20since%20Jan%201%2C%201970
MetaInfo: [ContentType: 0, FreshnessPeriod: 1000 milliseconds]
Content: [17 bytes]
Signature: [type: SignatureSha256WithEcdsa, length: 71]
1605894472.401713 DEBUG: [ndnsd.Tools.Reload] Tentative next interest schedule in : 71 milliseconds
1605894472.472938  INFO: [ndnsd.Tools.Reload] Sending reload interest: /ndnsd/p3/service-info/reload/1605894472472892646%20nanoseconds%20since%20Jan%201%2C%201970?MustBeFresh
1605894472.475086  INFO: [ndnsd.Tools.Reload] Update SuccessfulName: /ndnsd/p3/service-info/reload/1605894472472892646%20nanoseconds%20since%20Jan%201%2C%201970
MetaInfo: [ContentType: 0, FreshnessPeriod: 1000 milliseconds]
Content: [17 bytes]
Signature: [type: SignatureSha256WithEcdsa, length: 71]
1605894472.475112 DEBUG: [ndnsd.Tools.Reload] Tentative next interest schedule in : 71 milliseconds
1605894472.546878  INFO: [ndnsd.Tools.Reload] Sending reload interest: /ndnsd/p3/service-info/reload/1605894472546835099%20nanoseconds%20since%20Jan%201%2C%201970?MustBeFresh
1605894472.548936  INFO: [ndnsd.Tools.Reload] Update SuccessfulName: /ndnsd/p3/service-info/reload/1605894472546835099%20nanoseconds%20since%20Jan%201%2C%201970
MetaInfo: [ContentType: 0, FreshnessPeriod: 1000 milliseconds]
Content: [17 bytes]
Signature: [type: SignatureSha256WithEcdsa, length: 72]
1605894472.549012 DEBUG: [ndnsd.Tools.Reload] Tentative next interest schedule in : 82 milliseconds
1605894472.631365  INFO: [ndnsd.Tools.Reload] Sending reload interest: /ndnsd/p3/service-info/reload/1605894472631327038%20nanoseconds%20since%20Jan%201%2C%201970?MustBeFresh
1605894472.634674  INFO: [ndnsd.Tools.Reload] Update SuccessfulName: /ndnsd/p3/service-info/reload/1605894472631327038%20nanoseconds%20since%20Jan%201%2C%201970
MetaInfo: [ContentType: 0, FreshnessPeriod: 1000 milliseconds]
Content: [17 bytes]
Signature: [type: SignatureSha256WithEcdsa, length: 70]
1605894472.634706 DEBUG: [ndnsd.Tools.Reload] Tentative next interest schedule in : 72 milliseconds
1605894472.706951  INFO: [ndnsd.Tools.Reload] Sending reload interest: /ndnsd/p3/service-info/reload/1605894472706912305%20nanoseconds%20since%20Jan%201%2C%201970?MustBeFresh
1605894472.709037  INFO: [ndnsd.Tools.Reload] Update SuccessfulName: /ndnsd/p3/service-info/reload/1605894472706912305%20nanoseconds%20since%20Jan%201%2C%201970
MetaInfo: [ContentType: 0, FreshnessPeriod: 1000 milliseconds]
Content: [17 bytes]
Signature: [type: SignatureSha256WithEcdsa, length: 71]
1605894472.709062 DEBUG: [ndnsd.Tools.Reload] Tentative next interest schedule in : 82 milliseconds
1605894472.791825  INFO: [ndnsd.Tools.Reload] Sending reload interest: /ndnsd/p3/service-info/reload/1605894472791786884%20nanoseconds%20since%20Jan%201%2C%201970?MustBeFresh
1605894472.794389  INFO: [ndnsd.Tools.Reload] Update SuccessfulName: /ndnsd/p3/service-info/reload/1605894472791786884%20nanoseconds%20since%20Jan%201%2C%201970
MetaInfo: [ContentType: 0, FreshnessPeriod: 1000 milliseconds]
Content: [17 bytes]
Signature: [type: SignatureSha256WithEcdsa, length: 72]
1605894472.794420 DEBUG: [ndnsd.Tools.Reload] Tentative next interest schedule in : 78 milliseconds
1605894472.872774  INFO: [ndnsd.Tools.Reload] Sending reload interest: /ndnsd/p3/service-info/reload/1605894472872728277%20nanoseconds%20since%20Jan%201%2C%201970?MustBeFresh
1605894472.874929  INFO: [ndnsd.Tools.Reload] Update SuccessfulName: /ndnsd/p3/service-info/reload/1605894472872728277%20nanoseconds%20since%20Jan%201%2C%201970
MetaInfo: [ContentType: 0, FreshnessPeriod: 1000 milliseconds]
Content: [17 bytes]
Signature: [type: SignatureSha256WithEcdsa, length: 70]
1605894472.874960 DEBUG: [ndnsd.Tools.Reload] Tentative next interest schedule in : 55 milliseconds
1605894472.930152  INFO: [ndnsd.Tools.Reload] Sending reload interest: /ndnsd/p3/service-info/reload/1605894472930107835%20nanoseconds%20since%20Jan%201%2C%201970?MustBeFresh
1605894472.931948  INFO: [ndnsd.Tools.Reload] Update SuccessfulName: /ndnsd/p3/service-info/reload/1605894472930107835%20nanoseconds%20since%20Jan%201%2C%201970
MetaInfo: [ContentType: 0, FreshnessPeriod: 1000 milliseconds]
Content: [17 bytes]
Signature: [type: SignatureSha256WithEcdsa, length: 71]
1605894472.931985 DEBUG: [ndnsd.Tools.Reload] Tentative next interest schedule in : 44 milliseconds
1605894472.976410  INFO: [ndnsd.Tools.Reload] Sending reload interest: /ndnsd/p3/service-info/reload/1605894472976360280%20nanoseconds%20since%20Jan%201%2C%201970?MustBeFresh
1605894472.979371  INFO: [ndnsd.Tools.Reload] Update SuccessfulName: /ndnsd/p3/service-info/reload/1605894472976360280%20nanoseconds%20since%20Jan%201%2C%201970
MetaInfo: [ContentType: 0, FreshnessPeriod: 1000 milliseconds]
Content: [17 bytes]
Signature: [type: SignatureSha256WithEcdsa, length: 70]
1605894472.979407 DEBUG: [ndnsd.Tools.Reload] Tentative next interest schedule in : 87 milliseconds
1605894473.067378  INFO: [ndnsd.Tools.Reload] Sending reload interest: /ndnsd/p3/service-info/reload/1605894473067344711%20nanoseconds%20since%20Jan%201%2C%201970?MustBeFresh
1605894473.069927  INFO: [ndnsd.Tools.Reload] Update SuccessfulName: /ndnsd/p3/service-info/reload/1605894473067344711%20nanoseconds%20since%20Jan%201%2C%201970
MetaInfo: [ContentType: 0, FreshnessPeriod: 1000 milliseconds]
Content: [17 bytes]
Signature: [type: SignatureSha256WithEcdsa, length: 72]
1605894473.069958 DEBUG: [ndnsd.Tools.Reload] Tentative next interest schedule in : 82 milliseconds
1605894473.152309  INFO: [ndnsd.Tools.Reload] Sending reload interest: /ndnsd/p3/service-info/reload/1605894473152271781%20nanoseconds%20since%20Jan%201%2C%201970?MustBeFresh
1605894473.154824  INFO: [ndnsd.Tools.Reload] Update SuccessfulName: /ndnsd/p3/service-info/reload/1605894473152271781%20nanoseconds%20since%20Jan%201%2C%201970
MetaInfo: [ContentType: 0, FreshnessPeriod: 1000 milliseconds]
Content: [17 bytes]
Signature: [type: SignatureSha256WithEcdsa, length: 71]
1605894473.154857 DEBUG: [ndnsd.Tools.Reload] Tentative next interest schedule in : 63 milliseconds
1605894473.217974  INFO: [ndnsd.Tools.Reload] Sending reload interest: /ndnsd/p3/service-info/reload/1605894473217937569%20nanoseconds%20since%20Jan%201%2C%201970?MustBeFresh
1605894473.219869  INFO: [ndnsd.Tools.Reload] Update SuccessfulName: /ndnsd/p3/service-info/reload/1605894473217937569%20nanoseconds%20since%20Jan%201%2C%201970
MetaInfo: [ContentType: 0, FreshnessPeriod: 1000 milliseconds]
Content: [17 bytes]
Signature: [type: SignatureSha256WithEcdsa, length: 71]
1605894473.219897 DEBUG: [ndnsd.Tools.Reload] Tentative next interest schedule in : 67 milliseconds
1605894473.287188  INFO: [ndnsd.Tools.Reload] Sending reload interest: /ndnsd/p3/service-info/reload/1605894473287142910%20nanoseconds%20since%20Jan%201%2C%201970?MustBeFresh
1605894473.288993  INFO: [ndnsd.Tools.Reload] Update SuccessfulName: /ndnsd/p3/service-info/reload/1605894473287142910%20nanoseconds%20since%20Jan%201%2C%201970
MetaInfo: [ContentType: 0, FreshnessPeriod: 1000 milliseconds]
Content: [17 bytes]
Signature: [type: SignatureSha256WithEcdsa, length: 71]
1605894473.289114 DEBUG: [ndnsd.Tools.Reload] Tentative next interest schedule in : 56 milliseconds
1605894473.345925  INFO: [ndnsd.Tools.Reload] Sending reload interest: /ndnsd/p3/service-info/reload/1605894473345887498%20nanoseconds%20since%20Jan%201%2C%201970?MustBeFresh
1605894473.348298  INFO: [ndnsd.Tools.Reload] Update SuccessfulName: /ndnsd/p3/service-info/reload/1605894473345887498%20nanoseconds%20since%20Jan%201%2C%201970
MetaInfo: [ContentType: 0, FreshnessPeriod: 1000 milliseconds]
Content: [17 bytes]
Signature: [type: SignatureSha256WithEcdsa, length: 71]
1605894473.348330 DEBUG: [ndnsd.Tools.Reload] Tentative next interest schedule in : 56 milliseconds
1605894473.404563  INFO: [ndnsd.Tools.Reload] Sending reload interest: /ndnsd/p3/service-info/reload/1605894473404527366%20nanoseconds%20since%20Jan%201%2C%201970?MustBeFresh
1605894473.406898  INFO: [ndnsd.Tools.Reload] Update SuccessfulName: /ndnsd/p3/service-info/reload/1605894473404527366%20nanoseconds%20since%20Jan%201%2C%201970
MetaInfo: [ContentType: 0, FreshnessPeriod: 1000 milliseconds]
Content: [17 bytes]
Signature: [type: SignatureSha256WithEcdsa, length: 72]
1605894473.406931 DEBUG: [ndnsd.Tools.Reload] Tentative next interest schedule in : 42 milliseconds
1605894473.449203  INFO: [ndnsd.Tools.Reload] Sending reload interest: /ndnsd/p3/service-info/reload/1605894473449152265%20nanoseconds%20since%20Jan%201%2C%201970?MustBeFresh
1605894473.451653  INFO: [ndnsd.Tools.Reload] Update SuccessfulName: /ndnsd/p3/service-info/reload/1605894473449152265%20nanoseconds%20since%20Jan%201%2C%201970
MetaInfo: [ContentType: 0, FreshnessPeriod: 1000 milliseconds]
Content: [17 bytes]
Signature: [type: SignatureSha256WithEcdsa, length: 70]
1605894473.451687 DEBUG: [ndnsd.Tools.Reload] Tentative next interest schedule in : 43 milliseconds
1605894473.494894  INFO: [ndnsd.Tools.Reload] Sending reload interest: /ndnsd/p3/service-info/reload/1605894473494850387%20nanoseconds%20since%20Jan%201%2C%201970?MustBeFresh
1605894473.496721  INFO: [ndnsd.Tools.Reload] Update SuccessfulName: /ndnsd/p3/service-info/reload/1605894473494850387%20nanoseconds%20since%20Jan%201%2C%201970
MetaInfo: [ContentType: 0, FreshnessPeriod: 1000 milliseconds]
Content: [17 bytes]
Signature: [type: SignatureSha256WithEcdsa, length: 71]
1605894473.496784 DEBUG: [ndnsd.Tools.Reload] Tentative next interest schedule in : 62 milliseconds
1605894473.559975  INFO: [ndnsd.Tools.Reload] Sending reload interest: /ndnsd/p3/service-info/reload/1605894473559935946%20nanoseconds%20since%20Jan%201%2C%201970?MustBeFresh
1605894473.562112  INFO: [ndnsd.Tools.Reload] Update SuccessfulName: /ndnsd/p3/service-info/reload/1605894473559935946%20nanoseconds%20since%20Jan%201%2C%201970
MetaInfo: [ContentType: 0, FreshnessPeriod: 1000 milliseconds]
Content: [17 bytes]
Signature: [type: SignatureSha256WithEcdsa, length: 71]
1605894473.562151 DEBUG: [ndnsd.Tools.Reload] Tentative next interest schedule in : 46 milliseconds
1605894473.608402  INFO: [ndnsd.Tools.Reload] Sending reload interest: /ndnsd/p3/service-info/reload/1605894473608362281%20nanoseconds%20since%20Jan%201%2C%201970?MustBeFresh
1605894473.611187  INFO: [ndnsd.Tools.Reload] Update SuccessfulName: /ndnsd/p3/service-info/reload/1605894473608362281%20nanoseconds%20since%20Jan%201%2C%201970
MetaInfo: [ContentType: 0, FreshnessPeriod: 1000 milliseconds]
Content: [17 bytes]
Signature: [type: SignatureSha256WithEcdsa, length: 71]
1605894473.611209 DEBUG: [ndnsd.Tools.Reload] Tentative next interest schedule in : 46 milliseconds
1605894473.657808  INFO: [ndnsd.Tools.Reload] Sending reload interest: /ndnsd/p3/service-info/reload/1605894473657753063%20nanoseconds%20since%20Jan%201%2C%201970?MustBeFresh
1605894473.659927  INFO: [ndnsd.Tools.Reload] Update SuccessfulName: /ndnsd/p3/service-info/reload/1605894473657753063%20nanoseconds%20since%20Jan%201%2C%201970
MetaInfo: [ContentType: 0, FreshnessPeriod: 1000 milliseconds]
Content: [17 bytes]
Signature: [type: SignatureSha256WithEcdsa, length: 71]
1605894473.659955 DEBUG: [ndnsd.Tools.Reload] Tentative next interest schedule in : 56 milliseconds
1605894473.716215  INFO: [ndnsd.Tools.Reload] Sending reload interest: /ndnsd/p3/service-info/reload/1605894473716184791%20nanoseconds%20since%20Jan%201%2C%201970?MustBeFresh
1605894473.718248  INFO: [ndnsd.Tools.Reload] Update SuccessfulName: /ndnsd/p3/service-info/reload/1605894473716184791%20nanoseconds%20since%20Jan%201%2C%201970
MetaInfo: [ContentType: 0, FreshnessPeriod: 1000 milliseconds]
Content: [17 bytes]
Signature: [type: SignatureSha256WithEcdsa, length: 71]
1605894473.718272 DEBUG: [ndnsd.Tools.Reload] Tentative next interest schedule in : 49 milliseconds
1605894473.768094  INFO: [ndnsd.Tools.Reload] Sending reload interest: /ndnsd/p3/service-info/reload/1605894473768052370%20nanoseconds%20since%20Jan%201%2C%201970?MustBeFresh
1605894473.770812  INFO: [ndnsd.Tools.Reload] Update SuccessfulName: /ndnsd/p3/service-info/reload/1605894473768052370%20nanoseconds%20since%20Jan%201%2C%201970
MetaInfo: [ContentType: 0, FreshnessPeriod: 1000 milliseconds]
Content: [17 bytes]
Signature: [type: SignatureSha256WithEcdsa, length: 71]
1605894473.770859 DEBUG: [ndnsd.Tools.Reload] Tentative next interest schedule in : 49 milliseconds
1605894473.820143  INFO: [ndnsd.Tools.Reload] Sending reload interest: /ndnsd/p3/service-info/reload/1605894473820096726%20nanoseconds%20since%20Jan%201%2C%201970?MustBeFresh
1605894473.823100  INFO: [ndnsd.Tools.Reload] Update SuccessfulName: /ndnsd/p3/service-info/reload/1605894473820096726%20nanoseconds%20since%20Jan%201%2C%201970
MetaInfo: [ContentType: 0, FreshnessPeriod: 1000 milliseconds]
Content: [17 bytes]
Signature: [type: SignatureSha256WithEcdsa, length: 70]
1605894473.823138 DEBUG: [ndnsd.Tools.Reload] Tentative next interest schedule in : 54 milliseconds
1605894473.877792  INFO: [ndnsd.Tools.Reload] Sending reload interest: /ndnsd/p3/service-info/reload/1605894473877746135%20nanoseconds%20since%20Jan%201%2C%201970?MustBeFresh
1605894473.880062  INFO: [ndnsd.Tools.Reload] Update SuccessfulName: /ndnsd/p3/service-info/reload/1605894473877746135%20nanoseconds%20since%20Jan%201%2C%201970
MetaInfo: [ContentType: 0, FreshnessPeriod: 1000 milliseconds]
Content: [17 bytes]
Signature: [type: SignatureSha256WithEcdsa, length: 72]
1605894473.880091 DEBUG: [ndnsd.Tools.Reload] Tentative next interest schedule in : 54 milliseconds
1605894473.934425  INFO: [ndnsd.Tools.Reload] Sending reload interest: /ndnsd/p3/service-info/reload/1605894473934381431%20nanoseconds%20since%20Jan%201%2C%201970?MustBeFresh
1605894473.936856  INFO: [ndnsd.Tools.Reload] Update SuccessfulName: /ndnsd/p3/service-info/reload/1605894473934381431%20nanoseconds%20since%20Jan%201%2C%201970
MetaInfo: [ContentType: 0, FreshnessPeriod: 1000 milliseconds]
Content: [17 bytes]
Signature: [type: SignatureSha256WithEcdsa, length: 70]
1605894473.936931 DEBUG: [ndnsd.Tools.Reload] Tentative next interest schedule in : 42 milliseconds
1605894473.980034  INFO: [ndnsd.Tools.Reload] Sending reload interest: /ndnsd/p3/service-info/reload/1605894473979994650%20nanoseconds%20since%20Jan%201%2C%201970?MustBeFresh
1605894473.982994  INFO: [ndnsd.Tools.Reload] Update SuccessfulName: /ndnsd/p3/service-info/reload/1605894473979994650%20nanoseconds%20since%20Jan%201%2C%201970
MetaInfo: [ContentType: 0, FreshnessPeriod: 1000 milliseconds]
Content: [17 bytes]
Signature: [type: SignatureSha256WithEcdsa, length: 70]
1605894473.983030 DEBUG: [ndnsd.Tools.Reload] Tentative next interest schedule in : 40 milliseconds
1605894474.023223  INFO: [ndnsd.Tools.Reload] Sending reload interest: /ndnsd/p3/service-info/reload/1605894474023188873%20nanoseconds%20since%20Jan%201%2C%201970?MustBeFresh
1605894474.024839  INFO: [ndnsd.Tools.Reload] Update SuccessfulName: /ndnsd/p3/service-info/reload/1605894474023188873%20nanoseconds%20since%20Jan%201%2C%201970
MetaInfo: [ContentType: 0, FreshnessPeriod: 1000 milliseconds]
Content: [17 bytes]
Signature: [type: SignatureSha256WithEcdsa, length: 70]
1605894474.024863 DEBUG: [ndnsd.Tools.Reload] Tentative next interest schedule in : 79 milliseconds
1605894474.104558  INFO: [ndnsd.Tools.Reload] Sending reload interest: /ndnsd/p3/service-info/reload/1605894474104483260%20nanoseconds%20since%20Jan%201%2C%201970?MustBeFresh
1605894474.107032  INFO: [ndnsd.Tools.Reload] Update SuccessfulName: /ndnsd/p3/service-info/reload/1605894474104483260%20nanoseconds%20since%20Jan%201%2C%201970
MetaInfo: [ContentType: 0, FreshnessPeriod: 1000 milliseconds]
Content: [17 bytes]
Signature: [type: SignatureSha256WithEcdsa, length: 70]
1605894474.107061 DEBUG: [ndnsd.Tools.Reload] Tentative next interest schedule in : 84 milliseconds
1605894474.191239  INFO: [ndnsd.Tools.Reload] Sending reload interest: /ndnsd/p3/service-info/reload/1605894474191207131%20nanoseconds%20since%20Jan%201%2C%201970?MustBeFresh
1605894474.192722  INFO: [ndnsd.Tools.Reload] Update SuccessfulName: /ndnsd/p3/service-info/reload/1605894474191207131%20nanoseconds%20since%20Jan%201%2C%201970
MetaInfo: [ContentType: 0, FreshnessPeriod: 1000 milliseconds]
Content: [17 bytes]
Signature: [type: SignatureSha256WithEcdsa, length: 71]
1605894474.192744 DEBUG: [ndnsd.Tools.Reload] Tentative next interest schedule in : 71 milliseconds
1605894474.263981  INFO: [ndnsd.Tools.Reload] Sending reload interest: /ndnsd/p3/service-info/reload/1605894474263947204%20nanoseconds%20since%20Jan%201%2C%201970?MustBeFresh
1605894474.266282  INFO: [ndnsd.Tools.Reload] Update SuccessfulName: /ndnsd/p3/service-info/reload/1605894474263947204%20nanoseconds%20since%20Jan%201%2C%201970
MetaInfo: [ContentType: 0, FreshnessPeriod: 1000 milliseconds]
Content: [17 bytes]
Signature: [type: SignatureSha256WithEcdsa, length: 72]
1605894474.266311 DEBUG: [ndnsd.Tools.Reload] Tentative next interest schedule in : 57 milliseconds
1605894474.323858  INFO: [ndnsd.Tools.Reload] Sending reload interest: /ndnsd/p3/service-info/reload/1605894474323811607%20nanoseconds%20since%20Jan%201%2C%201970?MustBeFresh
1605894474.326657  INFO: [ndnsd.Tools.Reload] Update SuccessfulName: /ndnsd/p3/service-info/reload/1605894474323811607%20nanoseconds%20since%20Jan%201%2C%201970
MetaInfo: [ContentType: 0, FreshnessPeriod: 1000 milliseconds]
Content: [17 bytes]
Signature: [type: SignatureSha256WithEcdsa, length: 72]
1605894474.326692 DEBUG: [ndnsd.Tools.Reload] Tentative next interest schedule in : 45 milliseconds
1605894474.372088  INFO: [ndnsd.Tools.Reload] Sending reload interest: /ndnsd/p3/service-info/reload/1605894474372049686%20nanoseconds%20since%20Jan%201%2C%201970?MustBeFresh
1605894474.374364  INFO: [ndnsd.Tools.Reload] Update SuccessfulName: /ndnsd/p3/service-info/reload/1605894474372049686%20nanoseconds%20since%20Jan%201%2C%201970
MetaInfo: [ContentType: 0, FreshnessPeriod: 1000 milliseconds]
Content: [17 bytes]
Signature: [type: SignatureSha256WithEcdsa, length: 71]
1605894474.374395 DEBUG: [ndnsd.Tools.Reload] Tentative next interest schedule in : 54 milliseconds
1605894474.429020  INFO: [ndnsd.Tools.Reload] Sending reload interest: /ndnsd/p3/service-info/reload/1605894474428971688%20nanoseconds%20since%20Jan%201%2C%201970?MustBeFresh
1605894474.431453  INFO: [ndnsd.Tools.Reload] Update SuccessfulName: /ndnsd/p3/service-info/reload/1605894474428971688%20nanoseconds%20since%20Jan%201%2C%201970
MetaInfo: [ContentType: 0, FreshnessPeriod: 1000 milliseconds]
Content: [17 bytes]
Signature: [type: SignatureSha256WithEcdsa, length: 71]
1605894474.431478 DEBUG: [ndnsd.Tools.Reload] Tentative next interest schedule in : 53 milliseconds
1605894474.488062  INFO: [ndnsd.Tools.Reload] Sending reload interest: /ndnsd/p3/service-info/reload/1605894474488014351%20nanoseconds%20since%20Jan%201%2C%201970?MustBeFresh
1605894474.490221  INFO: [ndnsd.Tools.Reload] Update SuccessfulName: /ndnsd/p3/service-info/reload/1605894474488014351%20nanoseconds%20since%20Jan%201%2C%201970
MetaInfo: [ContentType: 0, FreshnessPeriod: 1000 milliseconds]
Content: [17 bytes]
Signature: [type: SignatureSha256WithEcdsa, length: 72]
1605894474.490249 DEBUG: [ndnsd.Tools.Reload] Tentative next interest schedule in : 55 milliseconds
1605894474.545546  INFO: [ndnsd.Tools.Reload] Sending reload interest: /ndnsd/p3/service-info/reload/1605894474545460980%20nanoseconds%20since%20Jan%201%2C%201970?MustBeFresh
1605894474.548167  INFO: [ndnsd.Tools.Reload] Update SuccessfulName: /ndnsd/p3/service-info/reload/1605894474545460980%20nanoseconds%20since%20Jan%201%2C%201970
MetaInfo: [ContentType: 0, FreshnessPeriod: 1000 milliseconds]
Content: [17 bytes]
Signature: [type: SignatureSha256WithEcdsa, length: 71]
1605894474.548203 DEBUG: [ndnsd.Tools.Reload] Tentative next interest schedule in : 42 milliseconds
1605894474.590351  INFO: [ndnsd.Tools.Reload] Sending reload interest: /ndnsd/p3/service-info/reload/1605894474590319461%20nanoseconds%20since%20Jan%201%2C%201970?MustBeFresh
1605894474.592223  INFO: [ndnsd.Tools.Reload] Update SuccessfulName: /ndnsd/p3/service-info/reload/1605894474590319461%20nanoseconds%20since%20Jan%201%2C%201970
MetaInfo: [ContentType: 0, FreshnessPeriod: 1000 milliseconds]
Content: [17 bytes]
Signature: [type: SignatureSha256WithEcdsa, length: 70]
1605894474.592247 DEBUG: [ndnsd.Tools.Reload] Tentative next interest schedule in : 83 milliseconds
1605894474.675812  INFO: [ndnsd.Tools.Reload] Sending reload interest: /ndnsd/p3/service-info/reload/1605894474675715141%20nanoseconds%20since%20Jan%201%2C%201970?MustBeFresh
1605894474.679250  INFO: [ndnsd.Tools.Reload] Update SuccessfulName: /ndnsd/p3/service-info/reload/1605894474675715141%20nanoseconds%20since%20Jan%201%2C%201970
MetaInfo: [ContentType: 0, FreshnessPeriod: 1000 milliseconds]
Content: [17 bytes]
Signature: [type: SignatureSha256WithEcdsa, length: 72]
1605894474.679281 DEBUG: [ndnsd.Tools.Reload] Tentative next interest schedule in : 79 milliseconds
1605894474.758472  INFO: [ndnsd.Tools.Reload] Sending reload interest: /ndnsd/p3/service-info/reload/1605894474758402096%20nanoseconds%20since%20Jan%201%2C%201970?MustBeFresh
1605894474.760591  INFO: [ndnsd.Tools.Reload] Update SuccessfulName: /ndnsd/p3/service-info/reload/1605894474758402096%20nanoseconds%20since%20Jan%201%2C%201970
MetaInfo: [ContentType: 0, FreshnessPeriod: 1000 milliseconds]
Content: [17 bytes]
Signature: [type: SignatureSha256WithEcdsa, length: 71]
1605894474.760624 DEBUG: [ndnsd.Tools.Reload] Tentative next interest schedule in : 73 milliseconds
1605894474.833962  INFO: [ndnsd.Tools.Reload] Sending reload interest: /ndnsd/p3/service-info/reload/1605894474833917839%20nanoseconds%20since%20Jan%201%2C%201970?MustBeFresh
1605894474.836081  INFO: [ndnsd.Tools.Reload] Update SuccessfulName: /ndnsd/p3/service-info/reload/1605894474833917839%20nanoseconds%20since%20Jan%201%2C%201970
MetaInfo: [ContentType: 0, FreshnessPeriod: 1000 milliseconds]
Content: [17 bytes]
Signature: [type: SignatureSha256WithEcdsa, length: 70]
1605894474.836107 DEBUG: [ndnsd.Tools.Reload] Tentative next interest schedule in : 79 milliseconds
1605894474.916831  INFO: [ndnsd.Tools.Reload] Sending reload interest: /ndnsd/p3/service-info/reload/1605894474916788162%20nanoseconds%20since%20Jan%201%2C%201970?MustBeFresh
1605894474.919560  INFO: [ndnsd.Tools.Reload] Update SuccessfulName: /ndnsd/p3/service-info/reload/1605894474916788162%20nanoseconds%20since%20Jan%201%2C%201970
MetaInfo: [ContentType: 0, FreshnessPeriod: 1000 milliseconds]
Content: [17 bytes]
Signature: [type: SignatureSha256WithEcdsa, length: 71]
1605894474.919597 DEBUG: [ndnsd.Tools.Reload] Tentative next interest schedule in : 52 milliseconds
1605894474.971763  INFO: [ndnsd.Tools.Reload] Sending reload interest: /ndnsd/p3/service-info/reload/1605894474971719423%20nanoseconds%20since%20Jan%201%2C%201970?MustBeFresh
1605894474.973951  INFO: [ndnsd.Tools.Reload] Update SuccessfulName: /ndnsd/p3/service-info/reload/1605894474971719423%20nanoseconds%20since%20Jan%201%2C%201970
MetaInfo: [ContentType: 0, FreshnessPeriod: 1000 milliseconds]
Content: [17 bytes]
Signature: [type: SignatureSha256WithEcdsa, length: 71]
1605894474.973986 DEBUG: [ndnsd.Tools.Reload] Tentative next interest schedule in : 77 milliseconds
1605894475.060833  INFO: [ndnsd.Tools.Reload] Sending reload interest: /ndnsd/p3/service-info/reload/1605894475060723524%20nanoseconds%20since%20Jan%201%2C%201970?MustBeFresh
1605894475.063940  INFO: [ndnsd.Tools.Reload] Update SuccessfulName: /ndnsd/p3/service-info/reload/1605894475060723524%20nanoseconds%20since%20Jan%201%2C%201970
MetaInfo: [ContentType: 0, FreshnessPeriod: 1000 milliseconds]
Content: [17 bytes]
Signature: [type: SignatureSha256WithEcdsa, length: 72]
1605894475.063978 DEBUG: [ndnsd.Tools.Reload] Tentative next interest schedule in : 58 milliseconds
1605894475.122345  INFO: [ndnsd.Tools.Reload] Sending reload interest: /ndnsd/p3/service-info/reload/1605894475122293454%20nanoseconds%20since%20Jan%201%2C%201970?MustBeFresh
1605894475.124597  INFO: [ndnsd.Tools.Reload] Update SuccessfulName: /ndnsd/p3/service-info/reload/1605894475122293454%20nanoseconds%20since%20Jan%201%2C%201970
MetaInfo: [ContentType: 0, FreshnessPeriod: 1000 milliseconds]
Content: [17 bytes]
Signature: [type: SignatureSha256WithEcdsa, length: 72]
1605894475.124637 DEBUG: [ndnsd.Tools.Reload] Tentative next interest schedule in : 44 milliseconds
1605894475.168866  INFO: [ndnsd.Tools.Reload] Sending reload interest: /ndnsd/p3/service-info/reload/1605894475168716969%20nanoseconds%20since%20Jan%201%2C%201970?MustBeFresh
1605894475.171091  INFO: [ndnsd.Tools.Reload] Update SuccessfulName: /ndnsd/p3/service-info/reload/1605894475168716969%20nanoseconds%20since%20Jan%201%2C%201970
MetaInfo: [ContentType: 0, FreshnessPeriod: 1000 milliseconds]
Content: [17 bytes]
Signature: [type: SignatureSha256WithEcdsa, length: 71]
1605894475.171122 DEBUG: [ndnsd.Tools.Reload] Tentative next interest schedule in : 81 milliseconds
1605894475.257023  INFO: [ndnsd.Tools.Reload] Sending reload interest: /ndnsd/p3/service-info/reload/1605894475256972393%20nanoseconds%20since%20Jan%201%2C%201970?MustBeFresh
1605894475.259538  INFO: [ndnsd.Tools.Reload] Update SuccessfulName: /ndnsd/p3/service-info/reload/1605894475256972393%20nanoseconds%20since%20Jan%201%2C%201970
MetaInfo: [ContentType: 0, FreshnessPeriod: 1000 milliseconds]
Content: [17 bytes]
Signature: [type: SignatureSha256WithEcdsa, length: 70]
1605894475.259569 DEBUG: [ndnsd.Tools.Reload] Tentative next interest schedule in : 70 milliseconds
1605894475.348646  INFO: [ndnsd.Tools.Reload] Sending reload interest: /ndnsd/p3/service-info/reload/1605894475348604735%20nanoseconds%20since%20Jan%201%2C%201970?MustBeFresh
1605894475.352603  INFO: [ndnsd.Tools.Reload] Update SuccessfulName: /ndnsd/p3/service-info/reload/1605894475348604735%20nanoseconds%20since%20Jan%201%2C%201970
MetaInfo: [ContentType: 0, FreshnessPeriod: 1000 milliseconds]
Content: [17 bytes]
Signature: [type: SignatureSha256WithEcdsa, length: 71]
1605894475.352656 DEBUG: [ndnsd.Tools.Reload] Tentative next interest schedule in : 71 milliseconds
1605894475.424063  INFO: [ndnsd.Tools.Reload] Sending reload interest: /ndnsd/p3/service-info/reload/1605894475424010773%20nanoseconds%20since%20Jan%201%2C%201970?MustBeFresh
1605894475.426786  INFO: [ndnsd.Tools.Reload] Update SuccessfulName: /ndnsd/p3/service-info/reload/1605894475424010773%20nanoseconds%20since%20Jan%201%2C%201970
MetaInfo: [ContentType: 0, FreshnessPeriod: 1000 milliseconds]
Content: [17 bytes]
Signature: [type: SignatureSha256WithEcdsa, length: 72]
1605894475.426823 DEBUG: [ndnsd.Tools.Reload] Tentative next interest schedule in : 69 milliseconds
1605894475.574732  INFO: [ndnsd.Tools.Reload] Sending reload interest: /ndnsd/p3/service-info/reload/1605894475574697900%20nanoseconds%20since%20Jan%201%2C%201970?MustBeFresh
1605894475.577778  INFO: [ndnsd.Tools.Reload] Update SuccessfulName: /ndnsd/p3/service-info/reload/1605894475574697900%20nanoseconds%20since%20Jan%201%2C%201970
MetaInfo: [ContentType: 0, FreshnessPeriod: 1000 milliseconds]
Content: [17 bytes]
Signature: [type: SignatureSha256WithEcdsa, length: 71]
1605894475.577813 DEBUG: [ndnsd.Tools.Reload] Tentative next interest schedule in : 50 milliseconds
1605894475.629481  INFO: [ndnsd.Tools.Reload] Sending reload interest: /ndnsd/p3/service-info/reload/1605894475629445490%20nanoseconds%20since%20Jan%201%2C%201970?MustBeFresh
1605894475.631565  INFO: [ndnsd.Tools.Reload] Update SuccessfulName: /ndnsd/p3/service-info/reload/1605894475629445490%20nanoseconds%20since%20Jan%201%2C%201970
MetaInfo: [ContentType: 0, FreshnessPeriod: 1000 milliseconds]
Content: [17 bytes]
Signature: [type: SignatureSha256WithEcdsa, length: 71]
1605894475.631596 DEBUG: [ndnsd.Tools.Reload] Tentative next interest schedule in : 52 milliseconds
1605894475.683887  INFO: [ndnsd.Tools.Reload] Sending reload interest: /ndnsd/p3/service-info/reload/1605894475683851838%20nanoseconds%20since%20Jan%201%2C%201970?MustBeFresh
