1605732653.035434  INFO: [nlsr.ConfParameter] Router Name: /%C1.Router/cs/c1
1605732653.035465  INFO: [nlsr.ConfParameter] Site Name: /c1-site
1605732653.035478  INFO: [nlsr.ConfParameter] Network: /ndn
1605732653.035480  INFO: [nlsr.ConfParameter] Router Prefix: /ndn/c1-site/%C1.Router/cs/c1
1605732653.035483  INFO: [nlsr.ConfParameter] Sync Prefix: /localhop/ndn/nlsr/sync/%FD%08
1605732653.035485  INFO: [nlsr.ConfParameter] Sync LSA prefix: /localhop/ndn/nlsr/LSA
1605732653.035487  INFO: [nlsr.ConfParameter] Hello Interest retry number: 3
1605732653.035490  INFO: [nlsr.ConfParameter] Hello Interest resend second: 1
1605732653.035492  INFO: [nlsr.ConfParameter] Info Interest interval: 60
1605732653.035493  INFO: [nlsr.ConfParameter] LSA refresh time: 1800
1605732653.035495  INFO: [nlsr.ConfParameter] FIB Entry refresh time: 3600
1605732653.035496  INFO: [nlsr.ConfParameter] LSA Interest lifetime: 4 seconds
1605732653.035510  INFO: [nlsr.ConfParameter] Router dead interval: 3600
1605732653.035515  INFO: [nlsr.ConfParameter] Max Faces Per Prefix: 3
1605732653.035516  INFO: [nlsr.ConfParameter] State Directory: /tmp/minindn/c1/log
1605732653.035518  INFO: [nlsr.ConfParameter] Adjacency LSA build interval:  10
1605732653.035520  INFO: [nlsr.ConfParameter] Routing calculation interval:  15
1605732653.035522 DEBUG: [nlsr.ConfParameter] Initializing Key ...
1605732653.035712  WARN: [nlsr.ConfParameter] Identity /ndn/c1-site/%C1.Router/cs/c1/nlsr does not exist
1605732653.049494 ERROR: [nlsr.ConfParameter] Router's Identity /ndn/c1-site/%C1.Router/cs/c1 does not exist, NLSR is running without security. If security is enabled in the configuration, NLSR will not converge.
1605732653.049571 DEBUG: [nlsr.SyncProtocolAdapter] Using PSync
1605732653.051058 DEBUG: [nlsr.SequencingManager] Seq File Name: /tmp/minindn/c1/log/nlsrSeqNo.txt
1605732653.051088 DEBUG: [nlsr.SequencingManager] Adj LSA seq no: 0
1605732653.051091 DEBUG: [nlsr.SequencingManager] Name LSA Seq no: 0
1605732653.051117 DEBUG: [nlsr.update.PrefixUpdateProcessor] Setting dispatcher to capture Interests for: /localhost/nlsr/prefix-update
1605732653.051150 DEBUG: [nlsr.Nlsr] Initializing Nlsr
1605732653.051661 DEBUG: [nlsr.Nlsr] Default NLSR identity: /ndn/c1-site/%C1.Router/cs/c1/nlsr
1605732653.051679 DEBUG: [nlsr.Nlsr] Setting interest filter for Hello interest: /ndn/c1-site/%C1.Router/cs/c1/nlsr/INFO
1605732653.052084 DEBUG: [nlsr.Nlsr] Setting interest filter for LsaPrefix: /localhop/ndn/nlsr/LSA
1605732653.052240 DEBUG: [nlsr.Nlsr] Enabling incoming face id indication for local face.
1605732653.052490 DEBUG: [nlsr.AdjacencyList] -------Adjacency List--------
1605732653.052502 DEBUG: [nlsr.AdjacencyList] Adjacent: /ndn/p1-site/%C1.Router/cs/p1
		Connecting FaceUri: udp4://10.0.0.2:6363
		Link cost: 10
		Status: 0
		Interest Timed Out: 0
1605732653.052519 DEBUG: [nlsr.Nlsr] Name prefix list: {
/ndn/c1-site/c1
Sources:
  
}
1605732653.052525 DEBUG: [nlsr.SequencingManager] Adj LSA seq no: 0
1605732653.052534 DEBUG: [nlsr.SequencingManager] Name LSA Seq no: 1
1605732653.052625 DEBUG: [nlsr.Lsdb] Adding NAME LSA
1605732653.052637 DEBUG: [nlsr.Lsdb]     NAME LSA:
      Origin Router      : /ndn/c1-site/%C1.Router/cs/c1
      Sequence Number    : 1
      Expires in         : 3599999 milliseconds
      Names:
        Name 0: /ndn/c1-site/c1
1605732653.059783 DEBUG: [nlsr.Nlsr] Successfully registered prefix: /ndn/c1-site/%C1.Router/cs/c1/nlsr/INFO
1605732653.061469 DEBUG: [nlsr.SyncLogicHandler] Update Name: /localhop/ndn/nlsr/LSA/c1-site/%C1.Router/cs/c1/ADJACENCY Seq no: 1
1605732653.061500 DEBUG: [nlsr.SyncLogicHandler] Origin Router of update: /ndn/c1-site/%C1.Router/cs/c1
1605732653.061504 DEBUG: [nlsr.SyncLogicHandler] Update Name: /localhop/ndn/nlsr/LSA/p2-site/%C1.Router/cs/p2/NAME Seq no: 1
1605732653.061512 DEBUG: [nlsr.SyncLogicHandler] Origin Router of update: /ndn/p2-site/%C1.Router/cs/p2
1605732653.061554 DEBUG: [nlsr.SyncLogicHandler] Received sync update with higher NAME sequence number than entry in LSDB
1605732653.061571 DEBUG: [nlsr.Lsdb] Fetching Data for LSA: /localhop/ndn/nlsr/LSA/p2-site/%C1.Router/cs/p2/NAME/%01 Seq number: 1
1605732653.062018 DEBUG: [nlsr.SyncLogicHandler] Update Name: /localhop/ndn/nlsr/LSA/p1-site/%C1.Router/cs/p1/NAME Seq no: 1
1605732653.062046 DEBUG: [nlsr.SyncLogicHandler] Origin Router of update: /ndn/p1-site/%C1.Router/cs/p1
1605732653.062051 DEBUG: [nlsr.SyncLogicHandler] Received sync update with higher NAME sequence number than entry in LSDB
1605732653.062062 DEBUG: [nlsr.Lsdb] Fetching Data for LSA: /localhop/ndn/nlsr/LSA/p1-site/%C1.Router/cs/p1/NAME/%01 Seq number: 1
1605732653.062382 DEBUG: [nlsr.SyncLogicHandler] Update Name: /localhop/ndn/nlsr/LSA/c2-site/%C1.Router/cs/c2/NAME Seq no: 1
1605732653.062453 DEBUG: [nlsr.SyncLogicHandler] Origin Router of update: /ndn/c2-site/%C1.Router/cs/c2
1605732653.062460 DEBUG: [nlsr.SyncLogicHandler] Received sync update with higher NAME sequence number than entry in LSDB
1605732653.062474 DEBUG: [nlsr.Lsdb] Fetching Data for LSA: /localhop/ndn/nlsr/LSA/c2-site/%C1.Router/cs/c2/NAME/%01 Seq number: 1
1605732653.062818 DEBUG: [nlsr.SyncLogicHandler] Update Name: /localhop/ndn/nlsr/LSA/c2-site/%C1.Router/cs/c2/ADJACENCY Seq no: 1
1605732653.062848 DEBUG: [nlsr.SyncLogicHandler] Origin Router of update: /ndn/c2-site/%C1.Router/cs/c2
1605732653.062853 DEBUG: [nlsr.SyncLogicHandler] Received sync update with higher ADJACENCY sequence number than entry in LSDB
1605732653.062864 DEBUG: [nlsr.Lsdb] Fetching Data for LSA: /localhop/ndn/nlsr/LSA/c2-site/%C1.Router/cs/c2/ADJACENCY/%01 Seq number: 1
1605732653.062881 DEBUG: [nlsr.SyncLogicHandler] Update Name: /localhop/ndn/nlsr/LSA/p1-site/%C1.Router/cs/p1/ADJACENCY Seq no: 1
1605732653.062886 DEBUG: [nlsr.SyncLogicHandler] Origin Router of update: /ndn/p1-site/%C1.Router/cs/p1
1605732653.062889 DEBUG: [nlsr.SyncLogicHandler] Received sync update with higher ADJACENCY sequence number than entry in LSDB
1605732653.062899 DEBUG: [nlsr.Lsdb] Fetching Data for LSA: /localhop/ndn/nlsr/LSA/p1-site/%C1.Router/cs/p1/ADJACENCY/%01 Seq number: 1
1605732653.062922 DEBUG: [nlsr.SyncLogicHandler] Update Name: /localhop/ndn/nlsr/LSA/p2-site/%C1.Router/cs/p2/ADJACENCY Seq no: 1
1605732653.062928 DEBUG: [nlsr.SyncLogicHandler] Origin Router of update: /ndn/p2-site/%C1.Router/cs/p2
1605732653.062932 DEBUG: [nlsr.SyncLogicHandler] Received sync update with higher ADJACENCY sequence number than entry in LSDB
1605732653.062939 DEBUG: [nlsr.Lsdb] Fetching Data for LSA: /localhop/ndn/nlsr/LSA/p2-site/%C1.Router/cs/p2/ADJACENCY/%01 Seq number: 1
1605732653.063319 DEBUG: [nlsr.route.Fib] Successfully set strategy choice: /localhost/nfd/strategy/multicast/%FD%03 for name: /localhop/ndn/nlsr/LSA
1605732653.063373 DEBUG: [nlsr.route.Fib] Successfully set strategy choice: /localhost/nfd/strategy/multicast/%FD%03 for name: /localhop/ndn/nlsr/sync/%FD%08
1605732653.063396 DEBUG: [nlsr.Nlsr] Successfully enabled incoming face id indicationfor face id 265
1605732653.063739 DEBUG: [nlsr.Nlsr] Processing face dataset
1605732653.063768 DEBUG: [nlsr.Nlsr] FaceUri: udp4://10.0.0.2:6363 FaceId: 261
1605732653.063773 DEBUG: [nlsr.route.Fib] Registering prefix: /ndn/p1-site/%C1.Router/cs/p1 faceUri: udp4://10.0.0.2:6363
1605732653.063862 DEBUG: [nlsr.route.Fib] Registering prefix: /localhop/ndn/nlsr/LSA faceUri: udp4://10.0.0.2:6363
1605732653.063948 DEBUG: [nlsr.Nlsr] Scheduling Dataset Fetch in 3600 seconds
1605732653.066992 DEBUG: [nlsr.Nlsr] Successfully registered prefix: /localhop/ndn/nlsr/LSA
1605732653.069562 DEBUG: [nlsr.Nlsr] Successfully registered prefix: /localhost/nlsr
1605732653.069996 DEBUG: [nlsr.Nlsr] Successfully registered prefix: /ndn/c1-site/%C1.Router/cs/c1/nlsr
1605732653.074417 DEBUG: [nlsr.CertificateStore] KEY prefix: /ndn/c1-site/%C1.Router/cs/c1/nlsr/KEY registration is successful.
1605732653.074826 DEBUG: [nlsr.CertificateStore] KEY prefix: /ndn/c1-site/%C1.Router/cs/c1/KEY registration is successful.
1605732653.075256 DEBUG: [nlsr.CertificateStore] KEY prefix: /ndn/c1-site/%C1.Operator registration is successful.
1605732653.075962 DEBUG: [nlsr.Lsdb] Received data for LSA interest: /localhop/ndn/nlsr/LSA/p2-site/%C1.Router/cs/p2/NAME/%01
1605732653.076162 DEBUG: [nlsr.Lsdb] Adding NAME LSA
1605732653.076173 DEBUG: [nlsr.Lsdb]     NAME LSA:
      Origin Router      : /ndn/p2-site/%C1.Router/cs/p2
      Sequence Number    : 1
      Expires in         : 3236923 milliseconds
      Names:
        Name 0: /ndn/p2-site/p2
1605732653.076202 DEBUG: [nlsr.route.NamePrefixTable] Adding origin: /ndn/p2-site/%C1.Router/cs/p2 to a new name prefix: /ndn/p2-site/%C1.Router/cs/p2
1605732653.076208 DEBUG: [nlsr.route.Fib] Fib::remove called
1605732653.076212 DEBUG: [nlsr.route.NamePrefixTable] Adding origin: /ndn/p2-site/%C1.Router/cs/p2 to a new name prefix: /ndn/p2-site/p2
1605732653.076216 DEBUG: [nlsr.route.Fib] Fib::remove called
1605732653.076297 DEBUG: [nlsr.Lsdb] Received data for LSA interest: /localhop/ndn/nlsr/LSA/p1-site/%C1.Router/cs/p1/NAME/%01
1605732653.076430 DEBUG: [nlsr.Lsdb] Adding NAME LSA
1605732653.076441 DEBUG: [nlsr.Lsdb]     NAME LSA:
      Origin Router      : /ndn/p1-site/%C1.Router/cs/p1
      Sequence Number    : 1
      Expires in         : 3234923 milliseconds
      Names:
        Name 0: /ndn/p1-site/p1
1605732653.076457 DEBUG: [nlsr.route.NamePrefixTable] Adding origin: /ndn/p1-site/%C1.Router/cs/p1 to a new name prefix: /ndn/p1-site/%C1.Router/cs/p1
1605732653.076461 DEBUG: [nlsr.route.Fib] Fib::remove called
1605732653.076465 DEBUG: [nlsr.route.NamePrefixTable] Adding origin: /ndn/p1-site/%C1.Router/cs/p1 to a new name prefix: /ndn/p1-site/p1
1605732653.076467 DEBUG: [nlsr.route.Fib] Fib::remove called
1605732653.076907 DEBUG: [nlsr.Lsdb] Received data for LSA interest: /localhop/ndn/nlsr/LSA/c2-site/%C1.Router/cs/c2/NAME/%01
1605732653.077084 DEBUG: [nlsr.Lsdb] Adding NAME LSA
1605732653.077096 DEBUG: [nlsr.Lsdb]     NAME LSA:
      Origin Router      : /ndn/c2-site/%C1.Router/cs/c2
      Sequence Number    : 1
      Expires in         : 3233922 milliseconds
      Names:
        Name 0: /ndn/c2-site/c2
1605732653.077115 DEBUG: [nlsr.route.NamePrefixTable] Adding origin: /ndn/c2-site/%C1.Router/cs/c2 to a new name prefix: /ndn/c2-site/%C1.Router/cs/c2
1605732653.077119 DEBUG: [nlsr.route.Fib] Fib::remove called
1605732653.077123 DEBUG: [nlsr.route.NamePrefixTable] Adding origin: /ndn/c2-site/%C1.Router/cs/c2 to a new name prefix: /ndn/c2-site/c2
1605732653.077126 DEBUG: [nlsr.route.Fib] Fib::remove called
1605732653.077188 DEBUG: [nlsr.Lsdb] Received data for LSA interest: /localhop/ndn/nlsr/LSA/c2-site/%C1.Router/cs/c2/ADJACENCY/%01
1605732653.077297 DEBUG: [nlsr.Lsdb] Adding ADJACENCY LSA
1605732653.077300 DEBUG: [nlsr.Lsdb]     ADJACENCY LSA:
      Origin Router      : /ndn/c2-site/%C1.Router/cs/c2
      Sequence Number    : 1
      Expires in         : 3247922 milliseconds
      Adjacent(s):
        Adjacent 0: (name=/ndn/p2-site/%C1.Router/cs/p2, uri=udp4://10.0.0.6:6363, cost=10)
1605732653.077317 DEBUG: [nlsr.route.Fib] Fib::remove called
1605732653.077326 DEBUG: [nlsr.route.RoutingTable] Scheduling routing table calculation in 15 seconds
1605732653.077397 DEBUG: [nlsr.Lsdb] Received data for LSA interest: /localhop/ndn/nlsr/LSA/p1-site/%C1.Router/cs/p1/ADJACENCY/%01
1605732653.077534 DEBUG: [nlsr.Lsdb] Adding ADJACENCY LSA
1605732653.077545 DEBUG: [nlsr.Lsdb]     ADJACENCY LSA:
      Origin Router      : /ndn/p1-site/%C1.Router/cs/p1
      Sequence Number    : 1
      Expires in         : 3246922 milliseconds
      Adjacent(s):
        Adjacent 0: (name=/ndn/c1-site/%C1.Router/cs/c1, uri=udp4://10.0.0.1:6363, cost=10)
        Adjacent 1: (name=/ndn/p2-site/%C1.Router/cs/p2, uri=udp4://10.0.0.10:6363, cost=10)
1605732653.077562 DEBUG: [nlsr.route.Fib] Fib::remove called
1605732653.077625 DEBUG: [nlsr.Lsdb] Received data for LSA interest: /localhop/ndn/nlsr/LSA/p2-site/%C1.Router/cs/p2/ADJACENCY/%01
1605732653.077810 DEBUG: [nlsr.Lsdb] Adding ADJACENCY LSA
1605732653.077822 DEBUG: [nlsr.Lsdb]     ADJACENCY LSA:
      Origin Router      : /ndn/p2-site/%C1.Router/cs/p2
      Sequence Number    : 1
      Expires in         : 3247922 milliseconds
      Adjacent(s):
        Adjacent 0: (name=/ndn/p1-site/%C1.Router/cs/p1, uri=udp4://10.0.0.9:6363, cost=10)
        Adjacent 1: (name=/ndn/c2-site/%C1.Router/cs/c2, uri=udp4://10.0.0.5:6363, cost=10)
1605732653.077840 DEBUG: [nlsr.route.Fib] Fib::remove called
1605732653.077889 DEBUG: [nlsr.CertificateStore] KEY prefix: /ndn/c1-site/KEY registration is successful.
1605732653.077922 DEBUG: [nlsr.route.Fib] Successfully set strategy choice: /localhost/nfd/strategy/best-route/%FD%05 for name: /ndn/p2-site/%C1.Router/cs/p2/KEY
1605732653.078368 DEBUG: [nlsr.route.Fib] Successfully set strategy choice: /localhost/nfd/strategy/best-route/%FD%05 for name: /ndn/p2-site/%C1.Router/cs/p2/nlsr/KEY
1605732653.078559 DEBUG: [nlsr.route.Fib] Successfully set strategy choice: /localhost/nfd/strategy/best-route/%FD%05 for name: /ndn/p2-site/KEY
1605732653.078739 DEBUG: [nlsr.route.Fib] Successfully set strategy choice: /localhost/nfd/strategy/best-route/%FD%05 for name: /ndn/p2-site/%C1.Operator
1605732653.078790 DEBUG: [nlsr.route.Fib] Successfully set strategy choice: /localhost/nfd/strategy/best-route/%FD%05 for name: /ndn/p1-site/%C1.Router/cs/p1/KEY
1605732653.079374 DEBUG: [nlsr.route.Fib] Successfully set strategy choice: /localhost/nfd/strategy/best-route/%FD%05 for name: /ndn/p1-site/%C1.Router/cs/p1/nlsr/KEY
1605732653.079551 DEBUG: [nlsr.route.Fib] Successfully set strategy choice: /localhost/nfd/strategy/best-route/%FD%05 for name: /ndn/p1-site/KEY
1605732653.079787 DEBUG: [nlsr.route.Fib] Successfully set strategy choice: /localhost/nfd/strategy/best-route/%FD%05 for name: /ndn/p1-site/%C1.Operator
1605732653.079958 DEBUG: [nlsr.route.Fib] Successfully set strategy choice: /localhost/nfd/strategy/best-route/%FD%05 for name: /ndn/c2-site/%C1.Router/cs/c2/KEY
1605732653.080492 DEBUG: [nlsr.route.Fib] Successfully set strategy choice: /localhost/nfd/strategy/best-route/%FD%05 for name: /ndn/c2-site/%C1.Router/cs/c2/nlsr/KEY
1605732653.080704 DEBUG: [nlsr.route.Fib] Successfully set strategy choice: /localhost/nfd/strategy/best-route/%FD%05 for name: /ndn/c2-site/KEY
1605732653.080874 DEBUG: [nlsr.route.Fib] Successfully set strategy choice: /localhost/nfd/strategy/best-route/%FD%05 for name: /ndn/c2-site/%C1.Operator
1605732653.080925 DEBUG: [nlsr.route.Fib] Successful in name registration: /ndn/p1-site/%C1.Router/cs/p1 Face Uri: udp4://10.0.0.2:6363 faceId: 261
1605732653.080947 DEBUG: [nlsr.HelloProtocol] Expressing Interest: /ndn/p1-site/%C1.Router/cs/p1/nlsr/INFO/%07%20%08%03ndn%08%07c1-site%08%08%C1.Router%08%02cs%08%02c1
1605732653.080958 DEBUG: [nlsr.HelloProtocol] Sending HELLO interest: /ndn/p1-site/%C1.Router/cs/p1/nlsr/INFO/%07%20%08%03ndn%08%07c1-site%08%08%C1.Router%08%02cs%08%02c1
1605732653.081506 DEBUG: [nlsr.route.Fib] Successful in name registration: /localhop/ndn/nlsr/LSA Face Uri: udp4://10.0.0.2:6363 faceId: 261
1605732653.082169 DEBUG: [nlsr.HelloProtocol] Received data for INFO(name): /ndn/p1-site/%C1.Router/cs/p1/nlsr/INFO/%07%20%08%03ndn%08%07c1-site%08%08%C1.Router%08%02cs%08%02c1/%FD%00%00%01u%DD%1F%BB%F2
1605732653.082192 DEBUG: [nlsr.HelloProtocol] Data signed with: /ndn/p1-site/%C1.Router/cs/p1/nlsr/KEY/u%B6%9BX%9F%E6%F0s
1605732653.082202 DEBUG: [nlsr.HelloProtocol] Data validation successful for INFO(name): /ndn/p1-site/%C1.Router/cs/p1/nlsr/INFO/%07%20%08%03ndn%08%07c1-site%08%08%C1.Router%08%02cs%08%02c1/%FD%00%00%01u%DD%1F%BB%F2
1605732653.082211 DEBUG: [nlsr.HelloProtocol] Neighbor : /ndn/p1-site/%C1.Router/cs/p1
1605732653.082214 DEBUG: [nlsr.HelloProtocol] Old Status: 0 New Status: 1
1605732653.082217 DEBUG: [nlsr.Lsdb] Scheduling Adjacency LSA build in 10 seconds
1605732653.082234 DEBUG: [nlsr.route.Fib] Registering prefix: /localhop/ndn/nlsr/sync/%FD%08 faceUri: udp4://10.0.0.2:6363
1605732653.084010 DEBUG: [nlsr.route.Fib] Successful in name registration: /localhop/ndn/nlsr/sync/%FD%08 Face Uri: udp4://10.0.0.2:6363 faceId: 261
1605732663.125307 DEBUG: [nlsr.Lsdb] Building and installing own Adj LSA
1605732663.125347 DEBUG: [nlsr.SequencingManager] Adj LSA seq no: 1
1605732663.125354 DEBUG: [nlsr.SequencingManager] Name LSA Seq no: 1
1605732663.125581 DEBUG: [nlsr.Lsdb] Adding ADJACENCY LSA
1605732663.125598 DEBUG: [nlsr.Lsdb]     ADJACENCY LSA:
      Origin Router      : /ndn/c1-site/%C1.Router/cs/c1
      Sequence Number    : 1
      Expires in         : 3599999 milliseconds
      Adjacent(s):
        Adjacent 0: (name=/ndn/p1-site/%C1.Router/cs/p1, uri=udp4://10.0.0.2:6363, cost=10)
1605732668.077613 DEBUG: [nlsr.Lsdb] ---------------NAME LSDB-------------------
1605732668.077657 DEBUG: [nlsr.Lsdb]     NAME LSA:
      Origin Router      : /ndn/c2-site/%C1.Router/cs/c2
      Sequence Number    : 1
      Expires in         : 3218922 milliseconds
      Names:
        Name 0: /ndn/c2-site/c2
1605732668.077758 DEBUG: [nlsr.Lsdb]     NAME LSA:
      Origin Router      : /ndn/p1-site/%C1.Router/cs/p1
      Sequence Number    : 1
      Expires in         : 3219922 milliseconds
      Names:
        Name 0: /ndn/p1-site/p1
1605732668.077772 DEBUG: [nlsr.Lsdb]     NAME LSA:
      Origin Router      : /ndn/p2-site/%C1.Router/cs/p2
      Sequence Number    : 1
      Expires in         : 3221922 milliseconds
      Names:
        Name 0: /ndn/p2-site/p2
1605732668.077782 DEBUG: [nlsr.Lsdb]     NAME LSA:
      Origin Router      : /ndn/c1-site/%C1.Router/cs/c1
      Sequence Number    : 1
      Expires in         : 3584974 milliseconds
      Names:
        Name 0: /ndn/c1-site/c1
1605732668.077791 DEBUG: [nlsr.Lsdb] ---------------ADJACENCY LSDB-------------------
1605732668.077795 DEBUG: [nlsr.Lsdb]     ADJACENCY LSA:
      Origin Router      : /ndn/c1-site/%C1.Router/cs/c1
      Sequence Number    : 1
      Expires in         : 3595047 milliseconds
      Adjacent(s):
        Adjacent 0: (name=/ndn/p1-site/%C1.Router/cs/p1, uri=udp4://10.0.0.2:6363, cost=10)
1605732668.077814 DEBUG: [nlsr.Lsdb]     ADJACENCY LSA:
      Origin Router      : /ndn/p2-site/%C1.Router/cs/p2
      Sequence Number    : 1
      Expires in         : 3232922 milliseconds
      Adjacent(s):
        Adjacent 0: (name=/ndn/p1-site/%C1.Router/cs/p1, uri=udp4://10.0.0.9:6363, cost=10)
        Adjacent 1: (name=/ndn/c2-site/%C1.Router/cs/c2, uri=udp4://10.0.0.5:6363, cost=10)
1605732668.077835 DEBUG: [nlsr.Lsdb]     ADJACENCY LSA:
      Origin Router      : /ndn/p1-site/%C1.Router/cs/p1
      Sequence Number    : 1
      Expires in         : 3231922 milliseconds
      Adjacent(s):
        Adjacent 0: (name=/ndn/c1-site/%C1.Router/cs/c1, uri=udp4://10.0.0.1:6363, cost=10)
        Adjacent 1: (name=/ndn/p2-site/%C1.Router/cs/p2, uri=udp4://10.0.0.10:6363, cost=10)
1605732668.077848 DEBUG: [nlsr.Lsdb]     ADJACENCY LSA:
      Origin Router      : /ndn/c2-site/%C1.Router/cs/c2
      Sequence Number    : 1
      Expires in         : 3232922 milliseconds
      Adjacent(s):
        Adjacent 0: (name=/ndn/p2-site/%C1.Router/cs/p2, uri=udp4://10.0.0.6:6363, cost=10)
1605732668.077861 DEBUG: [nlsr.route.NamePrefixTable] ----------------NPT----------------------
Name: /ndn/p2-site/%C1.Router/cs/p2
  Destination: /ndn/p2-site/%C1.Router/cs/p2
    
Name: /ndn/p2-site/p2
  Destination: /ndn/p2-site/%C1.Router/cs/p2
    
Name: /ndn/p1-site/%C1.Router/cs/p1
  Destination: /ndn/p1-site/%C1.Router/cs/p1
    
Name: /ndn/p1-site/p1
  Destination: /ndn/p1-site/%C1.Router/cs/p1
    
Name: /ndn/c2-site/%C1.Router/cs/c2
  Destination: /ndn/c2-site/%C1.Router/cs/c2
    
Name: /ndn/c2-site/c2
  Destination: /ndn/c2-site/%C1.Router/cs/c2
    
1605732668.077889 DEBUG: [nlsr.route.RoutingTable] Calculating routing table
1605732668.077913 DEBUG: [nlsr.route.Map] ---------------Map----------------------
1605732668.077915 DEBUG: [nlsr.route.Map] MapEntry: ( Router: /ndn/c1-site/%C1.Router/cs/c1 Mapping No: 0 )
1605732668.077920 DEBUG: [nlsr.route.Map] MapEntry: ( Router: /ndn/p1-site/%C1.Router/cs/p1 Mapping No: 1 )
1605732668.077923 DEBUG: [nlsr.route.Map] MapEntry: ( Router: /ndn/p2-site/%C1.Router/cs/p2 Mapping No: 2 )
1605732668.077927 DEBUG: [nlsr.route.Map] MapEntry: ( Router: /ndn/c2-site/%C1.Router/cs/c2 Mapping No: 3 )
1605732668.077935 DEBUG: [nlsr.route.RoutingTableCalculator] LinkStateRoutingTableCalculator::calculatePath Called
1605732668.077948 DEBUG: [nlsr.route.RoutingTableCalculator] -----------Legend (routerName -> index)------
1605732668.077951 DEBUG: [nlsr.route.RoutingTableCalculator] Router:/ndn/c1-site/%C1.Router/cs/c1 Index:0
1605732668.077958 DEBUG: [nlsr.route.RoutingTableCalculator] Router:/ndn/p1-site/%C1.Router/cs/p1 Index:1
1605732668.077962 DEBUG: [nlsr.route.RoutingTableCalculator] Router:/ndn/p2-site/%C1.Router/cs/p2 Index:2
1605732668.077966 DEBUG: [nlsr.route.RoutingTableCalculator] Router:/ndn/c2-site/%C1.Router/cs/c2 Index:3
1605732668.077970 DEBUG: [nlsr.route.RoutingTableCalculator]  |0 1 2 3 
1605732668.077973 DEBUG: [nlsr.route.RoutingTableCalculator] ----------
1605732668.077977 DEBUG: [nlsr.route.RoutingTableCalculator] 0|0 10 0 0 
1605732668.077980 DEBUG: [nlsr.route.RoutingTableCalculator] 1|10 0 10 0 
1605732668.077983 DEBUG: [nlsr.route.RoutingTableCalculator] 2|0 10 0 10 
1605732668.077986 DEBUG: [nlsr.route.RoutingTableCalculator] 3|0 0 10 0 
1605732668.077989 DEBUG: [nlsr.route.RoutingTableCalculator] -----------Legend (routerName -> index)------
1605732668.077991 DEBUG: [nlsr.route.RoutingTableCalculator] Router:/ndn/c1-site/%C1.Router/cs/c1 Index:0
1605732668.077995 DEBUG: [nlsr.route.RoutingTableCalculator] Router:/ndn/p1-site/%C1.Router/cs/p1 Index:1
1605732668.077998 DEBUG: [nlsr.route.RoutingTableCalculator] Router:/ndn/p2-site/%C1.Router/cs/p2 Index:2
1605732668.078002 DEBUG: [nlsr.route.RoutingTableCalculator] Router:/ndn/c2-site/%C1.Router/cs/c2 Index:3
1605732668.078005 DEBUG: [nlsr.route.RoutingTableCalculator]  |0 1 2 3 
1605732668.078007 DEBUG: [nlsr.route.RoutingTableCalculator] ----------
1605732668.078010 DEBUG: [nlsr.route.RoutingTableCalculator] 0|0 10 0 0 
1605732668.078013 DEBUG: [nlsr.route.RoutingTableCalculator] 1|10 0 10 0 
1605732668.078015 DEBUG: [nlsr.route.RoutingTableCalculator] 2|0 10 0 10 
1605732668.078018 DEBUG: [nlsr.route.RoutingTableCalculator] 3|0 0 10 0 
1605732668.078020 DEBUG: [nlsr.route.RoutingTableCalculator] LinkStateRoutingTableCalculator::addAllNextHopsToRoutingTable Called
1605732668.078027 DEBUG: [nlsr.route.RoutingTable] Adding NextHop(Uri: udp4://10.0.0.2:6363, Cost: 10) for destination: /ndn/p1-site/%C1.Router/cs/p1
1605732668.078039 DEBUG: [nlsr.route.RoutingTable] Adding NextHop(Uri: udp4://10.0.0.2:6363, Cost: 20) for destination: /ndn/p2-site/%C1.Router/cs/p2
1605732668.078047 DEBUG: [nlsr.route.RoutingTable] Adding NextHop(Uri: udp4://10.0.0.2:6363, Cost: 30) for destination: /ndn/c2-site/%C1.Router/cs/c2
1605732668.078054 DEBUG: [nlsr.route.RoutingTable] Calling Update NPT With new Route
1605732668.078056 DEBUG: [nlsr.route.NamePrefixTable] Updating table with newly calculated routes
1605732668.078059 DEBUG: [nlsr.route.NamePrefixTable] Routing entry: /ndn/c2-site/%C1.Router/cs/c2 has changed next-hops.
1605732668.078066 DEBUG: [nlsr.route.Fib] Fib::update called
1605732668.078069 DEBUG: [nlsr.route.Fib] New FIB Entry
1605732668.078088 DEBUG: [nlsr.route.Fib] Registering prefix: /ndn/c2-site/c2 faceUri: udp4://10.0.0.2:6363
1605732668.078279 DEBUG: [nlsr.route.Fib] Scheduling refresh for /ndn/c2-site/c2 Seq Num: 1 in 3600 seconds
1605732668.078293 DEBUG: [nlsr.route.Fib] Fib::update called
1605732668.078295 DEBUG: [nlsr.route.Fib] New FIB Entry
1605732668.078305 DEBUG: [nlsr.route.Fib] Registering prefix: /ndn/c2-site/%C1.Router/cs/c2 faceUri: udp4://10.0.0.2:6363
1605732668.078524 DEBUG: [nlsr.route.Fib] Scheduling refresh for /ndn/c2-site/%C1.Router/cs/c2 Seq Num: 1 in 3600 seconds
1605732668.078548 DEBUG: [nlsr.route.NamePrefixTable] Routing entry: /ndn/p1-site/%C1.Router/cs/p1 has changed next-hops.
1605732668.078613 DEBUG: [nlsr.route.Fib] Fib::update called
1605732668.078623 DEBUG: [nlsr.route.Fib] New FIB Entry
1605732668.078639 DEBUG: [nlsr.route.Fib] Registering prefix: /ndn/p1-site/p1 faceUri: udp4://10.0.0.2:6363
1605732668.078958 DEBUG: [nlsr.route.Fib] Scheduling refresh for /ndn/p1-site/p1 Seq Num: 1 in 3600 seconds
1605732668.078983 DEBUG: [nlsr.route.Fib] Fib::update called
1605732668.078990 DEBUG: [nlsr.route.Fib] New FIB Entry
1605732668.079000 DEBUG: [nlsr.route.NamePrefixTable] Routing entry: /ndn/p2-site/%C1.Router/cs/p2 has changed next-hops.
1605732668.079009 DEBUG: [nlsr.route.Fib] Fib::update called
1605732668.079014 DEBUG: [nlsr.route.Fib] New FIB Entry
1605732668.079031 DEBUG: [nlsr.route.Fib] Registering prefix: /ndn/p2-site/p2 faceUri: udp4://10.0.0.2:6363
1605732668.079275 DEBUG: [nlsr.route.Fib] Scheduling refresh for /ndn/p2-site/p2 Seq Num: 1 in 3600 seconds
1605732668.079292 DEBUG: [nlsr.route.Fib] Fib::update called
1605732668.079296 DEBUG: [nlsr.route.Fib] New FIB Entry
1605732668.079308 DEBUG: [nlsr.route.Fib] Registering prefix: /ndn/p2-site/%C1.Router/cs/p2 faceUri: udp4://10.0.0.2:6363
1605732668.079434 DEBUG: [nlsr.route.Fib] Scheduling refresh for /ndn/p2-site/%C1.Router/cs/p2 Seq Num: 1 in 3600 seconds
1605732668.079444 DEBUG: [nlsr.route.RoutingTable] Routing Table:
  Destination: /ndn/p1-site/%C1.Router/cs/p1
    NextHop(Uri: udp4://10.0.0.2:6363, Cost: 10)
  Destination: /ndn/p2-site/%C1.Router/cs/p2
    NextHop(Uri: udp4://10.0.0.2:6363, Cost: 20)
  Destination: /ndn/c2-site/%C1.Router/cs/c2
    NextHop(Uri: udp4://10.0.0.2:6363, Cost: 30)
1605732668.079458 DEBUG: [nlsr.route.NamePrefixTable] ----------------NPT----------------------
Name: /ndn/p2-site/%C1.Router/cs/p2
  Destination: /ndn/p2-site/%C1.Router/cs/p2
    NextHop(Uri: udp4://10.0.0.2:6363, Cost: 20)
Name: /ndn/p2-site/p2
  Destination: /ndn/p2-site/%C1.Router/cs/p2
    NextHop(Uri: udp4://10.0.0.2:6363, Cost: 20)
Name: /ndn/p1-site/%C1.Router/cs/p1
  Destination: /ndn/p1-site/%C1.Router/cs/p1
    NextHop(Uri: udp4://10.0.0.2:6363, Cost: 10)
Name: /ndn/p1-site/p1
  Destination: /ndn/p1-site/%C1.Router/cs/p1
    NextHop(Uri: udp4://10.0.0.2:6363, Cost: 10)
Name: /ndn/c2-site/%C1.Router/cs/c2
  Destination: /ndn/c2-site/%C1.Router/cs/c2
    NextHop(Uri: udp4://10.0.0.2:6363, Cost: 30)
Name: /ndn/c2-site/c2
  Destination: /ndn/c2-site/%C1.Router/cs/c2
    NextHop(Uri: udp4://10.0.0.2:6363, Cost: 30)
1605732668.079482 DEBUG: [nlsr.route.Fib] -------------------FIB-----------------------------
1605732668.079486 DEBUG: [nlsr.route.Fib] Name Prefix: /ndn/c2-site/c2
1605732668.079489 DEBUG: [nlsr.route.Fib] Seq No: 1
1605732668.079492 DEBUG: [nlsr.route.Fib]     NextHop(Uri: udp4://10.0.0.2:6363, Cost: 30)
1605732668.079495 DEBUG: [nlsr.route.Fib] Name Prefix: /ndn/c2-site/%C1.Router/cs/c2
1605732668.079499 DEBUG: [nlsr.route.Fib] Seq No: 1
1605732668.079501 DEBUG: [nlsr.route.Fib]     NextHop(Uri: udp4://10.0.0.2:6363, Cost: 30)
1605732668.079504 DEBUG: [nlsr.route.Fib] Name Prefix: /ndn/p1-site/p1
1605732668.079506 DEBUG: [nlsr.route.Fib] Seq No: 1
1605732668.079507 DEBUG: [nlsr.route.Fib]     NextHop(Uri: udp4://10.0.0.2:6363, Cost: 10)
1605732668.079510 DEBUG: [nlsr.route.Fib] Name Prefix: /ndn/p1-site/%C1.Router/cs/p1
1605732668.079513 DEBUG: [nlsr.route.Fib] Seq No: 1
1605732668.079514 DEBUG: [nlsr.route.Fib]     NextHop(Uri: udp4://10.0.0.2:6363, Cost: 10)
1605732668.079517 DEBUG: [nlsr.route.Fib] Name Prefix: /ndn/p2-site/p2
1605732668.079519 DEBUG: [nlsr.route.Fib] Seq No: 1
1605732668.079521 DEBUG: [nlsr.route.Fib]     NextHop(Uri: udp4://10.0.0.2:6363, Cost: 20)
1605732668.079523 DEBUG: [nlsr.route.Fib] Name Prefix: /ndn/p2-site/%C1.Router/cs/p2
1605732668.079526 DEBUG: [nlsr.route.Fib] Seq No: 1
1605732668.079528 DEBUG: [nlsr.route.Fib]     NextHop(Uri: udp4://10.0.0.2:6363, Cost: 20)
1605732668.082802 DEBUG: [nlsr.route.Fib] Successful in name registration: /ndn/c2-site/c2 Face Uri: udp4://10.0.0.2:6363 faceId: 261
1605732668.083514 DEBUG: [nlsr.route.Fib] Successful in name registration: /ndn/c2-site/%C1.Router/cs/c2 Face Uri: udp4://10.0.0.2:6363 faceId: 261
1605732668.084022 DEBUG: [nlsr.route.Fib] Successful in name registration: /ndn/p1-site/p1 Face Uri: udp4://10.0.0.2:6363 faceId: 261
1605732668.084508 DEBUG: [nlsr.route.Fib] Successful in name registration: /ndn/p2-site/p2 Face Uri: udp4://10.0.0.2:6363 faceId: 261
1605732668.084889 DEBUG: [nlsr.route.Fib] Successful in name registration: /ndn/p2-site/%C1.Router/cs/p2 Face Uri: udp4://10.0.0.2:6363 faceId: 261
1605732713.091896 DEBUG: [nlsr.HelloProtocol] Expressing Interest: /ndn/p1-site/%C1.Router/cs/p1/nlsr/INFO/%07%20%08%03ndn%08%07c1-site%08%08%C1.Router%08%02cs%08%02c1
1605732713.091997 DEBUG: [nlsr.HelloProtocol] Sending HELLO interest: /ndn/p1-site/%C1.Router/cs/p1/nlsr/INFO/%07%20%08%03ndn%08%07c1-site%08%08%C1.Router%08%02cs%08%02c1
1605732713.092899 DEBUG: [nlsr.HelloProtocol] Received data for INFO(name): /ndn/p1-site/%C1.Router/cs/p1/nlsr/INFO/%07%20%08%03ndn%08%07c1-site%08%08%C1.Router%08%02cs%08%02c1/%FD%00%00%01u%DD%20%A6R
1605732713.092935 DEBUG: [nlsr.HelloProtocol] Data signed with: /ndn/p1-site/%C1.Router/cs/p1/nlsr/KEY/u%B6%9BX%9F%E6%F0s
1605732713.092955 DEBUG: [nlsr.HelloProtocol] Data validation successful for INFO(name): /ndn/p1-site/%C1.Router/cs/p1/nlsr/INFO/%07%20%08%03ndn%08%07c1-site%08%08%C1.Router%08%02cs%08%02c1/%FD%00%00%01u%DD%20%A6R
1605732713.092968 DEBUG: [nlsr.HelloProtocol] Neighbor : /ndn/p1-site/%C1.Router/cs/p1
1605732713.092972 DEBUG: [nlsr.HelloProtocol] Old Status: 1 New Status: 1
1605732713.093033 DEBUG: [nlsr.route.Fib] Registering prefix: /localhop/ndn/nlsr/sync/%FD%08 faceUri: udp4://10.0.0.2:6363
1605732713.094459 DEBUG: [nlsr.route.Fib] Successful in name registration: /localhop/ndn/nlsr/sync/%FD%08 Face Uri: udp4://10.0.0.2:6363 faceId: 261
1605732758.512464 DEBUG: [nlsr.SyncLogicHandler] Update Name: /localhop/ndn/nlsr/LSA/p1-site/%C1.Router/cs/p1/NAME Seq no: 2
1605732758.512485 DEBUG: [nlsr.SyncLogicHandler] Origin Router of update: /ndn/p1-site/%C1.Router/cs/p1
1605732758.512492 DEBUG: [nlsr.SyncLogicHandler] Received sync update with higher NAME sequence number than entry in LSDB
1605732758.512507 DEBUG: [nlsr.Lsdb] Fetching Data for LSA: /localhop/ndn/nlsr/LSA/p1-site/%C1.Router/cs/p1/NAME/%02 Seq number: 2
1605732758.514300 DEBUG: [nlsr.Lsdb] Interest received for LSA: /localhop/ndn/nlsr/LSA/p1-site/%C1.Router/cs/p1/NAME/%02
1605732758.536073 DEBUG: [nlsr.SyncLogicHandler] Update Name: /localhop/ndn/nlsr/LSA/p1-site/%C1.Router/cs/p1/NAME Seq no: 3
1605732758.536100 DEBUG: [nlsr.SyncLogicHandler] Origin Router of update: /ndn/p1-site/%C1.Router/cs/p1
1605732758.536108 DEBUG: [nlsr.SyncLogicHandler] Received sync update with higher NAME sequence number than entry in LSDB
1605732758.536125 DEBUG: [nlsr.Lsdb] Fetching Data for LSA: /localhop/ndn/nlsr/LSA/p1-site/%C1.Router/cs/p1/NAME/%03 Seq number: 3
1605732758.537246 DEBUG: [nlsr.Lsdb] Interest received for LSA: /localhop/ndn/nlsr/LSA/p1-site/%C1.Router/cs/p1/NAME/%03
1605732758.561924 DEBUG: [nlsr.Lsdb] Received data for LSA interest: /localhop/ndn/nlsr/LSA/p1-site/%C1.Router/cs/p1/NAME/%03
1605732758.562092 DEBUG: [nlsr.Lsdb] Updating NAME LSA:
1605732758.562103 DEBUG: [nlsr.Lsdb]     NAME LSA:
      Origin Router      : /ndn/p1-site/%C1.Router/cs/p1
      Sequence Number    : 1
      Expires in         : 3129437 milliseconds
      Names:
        Name 0: /ndn/p1-site/p1
1605732758.562125 DEBUG: [nlsr.route.NamePrefixTable] Adding origin: /ndn/p1-site/%C1.Router/cs/p1 to a new name prefix: /ndnsd/p1/service-info
1605732758.562132 DEBUG: [nlsr.route.Fib] Fib::update called
1605732758.562135 DEBUG: [nlsr.route.Fib] New FIB Entry
1605732758.562158 DEBUG: [nlsr.route.Fib] Registering prefix: /ndnsd/p1/service-info faceUri: udp4://10.0.0.2:6363
1605732758.562289 DEBUG: [nlsr.route.Fib] Scheduling refresh for /ndnsd/p1/service-info Seq Num: 1 in 3600 seconds
1605732758.562300 DEBUG: [nlsr.route.NamePrefixTable] Adding origin: /ndn/p1-site/%C1.Router/cs/p1 to a new name prefix: /discovery/printer
1605732758.562306 DEBUG: [nlsr.route.Fib] Fib::update called
1605732758.562309 DEBUG: [nlsr.route.Fib] New FIB Entry
1605732758.562318 DEBUG: [nlsr.route.Fib] Registering prefix: /discovery/printer faceUri: udp4://10.0.0.2:6363
1605732758.562416 DEBUG: [nlsr.route.Fib] Scheduling refresh for /discovery/printer Seq Num: 1 in 3600 seconds
1605732758.562430 DEBUG: [nlsr.Lsdb] Updated NAME LSA:
1605732758.562433 DEBUG: [nlsr.Lsdb]     NAME LSA:
      Origin Router      : /ndn/p1-site/%C1.Router/cs/p1
      Sequence Number    : 3
      Expires in         : 3599437 milliseconds
      Names:
        Name 0: /ndn/p1-site/p1
        Name 1: /ndnsd/p1/service-info
        Name 2: /discovery/printer
1605732758.565899 DEBUG: [nlsr.route.Fib] Successful in name registration: /ndnsd/p1/service-info Face Uri: udp4://10.0.0.2:6363 faceId: 261
1605732758.566649 DEBUG: [nlsr.route.Fib] Successful in name registration: /discovery/printer Face Uri: udp4://10.0.0.2:6363 faceId: 261
1605732759.513582 DEBUG: [nlsr.Lsdb] Interest received for LSA: /localhop/ndn/nlsr/LSA/p1-site/%C1.Router/cs/p1/NAME/%02
1605732761.513893 DEBUG: [nlsr.Lsdb] Interest received for LSA: /localhop/ndn/nlsr/LSA/p1-site/%C1.Router/cs/p1/NAME/%02
1605732765.514384 DEBUG: [nlsr.Lsdb] Interest received for LSA: /localhop/ndn/nlsr/LSA/p1-site/%C1.Router/cs/p1/NAME/%02
1605732765.586630 DEBUG: [nlsr.SyncLogicHandler] Update Name: /localhop/ndn/nlsr/LSA/p2-site/%C1.Router/cs/p2/NAME Seq no: 2
1605732765.586663 DEBUG: [nlsr.SyncLogicHandler] Origin Router of update: /ndn/p2-site/%C1.Router/cs/p2
1605732765.586670 DEBUG: [nlsr.SyncLogicHandler] Received sync update with higher NAME sequence number than entry in LSDB
1605732765.586685 DEBUG: [nlsr.Lsdb] Fetching Data for LSA: /localhop/ndn/nlsr/LSA/p2-site/%C1.Router/cs/p2/NAME/%02 Seq number: 2
1605732765.587125 DEBUG: [nlsr.Lsdb] Interest received for LSA: /localhop/ndn/nlsr/LSA/p2-site/%C1.Router/cs/p2/NAME/%02
1605732765.610831 DEBUG: [nlsr.Lsdb] Interest received for LSA: /localhop/ndn/nlsr/LSA/p2-site/%C1.Router/cs/p2/NAME/%03
1605732765.611716 DEBUG: [nlsr.SyncLogicHandler] Update Name: /localhop/ndn/nlsr/LSA/p2-site/%C1.Router/cs/p2/NAME Seq no: 3
1605732765.611740 DEBUG: [nlsr.SyncLogicHandler] Origin Router of update: /ndn/p2-site/%C1.Router/cs/p2
1605732765.611747 DEBUG: [nlsr.SyncLogicHandler] Received sync update with higher NAME sequence number than entry in LSDB
1605732765.611762 DEBUG: [nlsr.Lsdb] Fetching Data for LSA: /localhop/ndn/nlsr/LSA/p2-site/%C1.Router/cs/p2/NAME/%03 Seq number: 3
1605732765.634922 DEBUG: [nlsr.Lsdb] Received data for LSA interest: /localhop/ndn/nlsr/LSA/p2-site/%C1.Router/cs/p2/NAME/%03
1605732765.635135 DEBUG: [nlsr.Lsdb] Updating NAME LSA:
1605732765.635150 DEBUG: [nlsr.Lsdb]     NAME LSA:
      Origin Router      : /ndn/p2-site/%C1.Router/cs/p2
      Sequence Number    : 1
      Expires in         : 3124364 milliseconds
      Names:
        Name 0: /ndn/p2-site/p2
1605732765.635182 DEBUG: [nlsr.route.NamePrefixTable] Adding origin: /ndn/p2-site/%C1.Router/cs/p2 to a new name prefix: /ndnsd/p2/service-info
1605732765.635193 DEBUG: [nlsr.route.Fib] Fib::update called
1605732765.635199 DEBUG: [nlsr.route.Fib] New FIB Entry
1605732765.635229 DEBUG: [nlsr.route.Fib] Registering prefix: /ndnsd/p2/service-info faceUri: udp4://10.0.0.2:6363
1605732765.635463 DEBUG: [nlsr.route.Fib] Scheduling refresh for /ndnsd/p2/service-info Seq Num: 1 in 3600 seconds
1605732765.635492 DEBUG: [nlsr.route.Fib] Fib::update called
1605732765.635495 DEBUG: [nlsr.route.Fib] Existing FIB Entry
1605732765.635508 DEBUG: [nlsr.route.Fib] Registering prefix: /discovery/printer faceUri: udp4://10.0.0.2:6363
1605732765.635627 DEBUG: [nlsr.Lsdb] Updated NAME LSA:
1605732765.635641 DEBUG: [nlsr.Lsdb]     NAME LSA:
      Origin Router      : /ndn/p2-site/%C1.Router/cs/p2
      Sequence Number    : 3
      Expires in         : 3599364 milliseconds
      Names:
        Name 0: /ndn/p2-site/p2
        Name 1: /ndnsd/p2/service-info
        Name 2: /discovery/printer
1605732765.637944 DEBUG: [nlsr.route.Fib] Successful in name registration: /ndnsd/p2/service-info Face Uri: udp4://10.0.0.2:6363 faceId: 261
1605732765.638409 DEBUG: [nlsr.route.Fib] Successful in name registration: /discovery/printer Face Uri: udp4://10.0.0.2:6363 faceId: 261
1605732766.587791 DEBUG: [nlsr.Lsdb] Interest received for LSA: /localhop/ndn/nlsr/LSA/p2-site/%C1.Router/cs/p2/NAME/%02
1605732768.622580 DEBUG: [nlsr.Lsdb] Interest received for LSA: /localhop/ndn/nlsr/LSA/p2-site/%C1.Router/cs/p2/NAME/%02
1605732772.623728 DEBUG: [nlsr.Lsdb] Interest received for LSA: /localhop/ndn/nlsr/LSA/p2-site/%C1.Router/cs/p2/NAME/%02
1605732773.108751 DEBUG: [nlsr.HelloProtocol] Expressing Interest: /ndn/p1-site/%C1.Router/cs/p1/nlsr/INFO/%07%20%08%03ndn%08%07c1-site%08%08%C1.Router%08%02cs%08%02c1
1605732773.108804 DEBUG: [nlsr.HelloProtocol] Sending HELLO interest: /ndn/p1-site/%C1.Router/cs/p1/nlsr/INFO/%07%20%08%03ndn%08%07c1-site%08%08%C1.Router%08%02cs%08%02c1
1605732773.109681 DEBUG: [nlsr.HelloProtocol] Received data for INFO(name): /ndn/p1-site/%C1.Router/cs/p1/nlsr/INFO/%07%20%08%03ndn%08%07c1-site%08%08%C1.Router%08%02cs%08%02c1/%FD%00%00%01u%DD%21%90%BD
1605732773.109710 DEBUG: [nlsr.HelloProtocol] Data signed with: /ndn/p1-site/%C1.Router/cs/p1/nlsr/KEY/u%B6%9BX%9F%E6%F0s
1605732773.109723 DEBUG: [nlsr.HelloProtocol] Data validation successful for INFO(name): /ndn/p1-site/%C1.Router/cs/p1/nlsr/INFO/%07%20%08%03ndn%08%07c1-site%08%08%C1.Router%08%02cs%08%02c1/%FD%00%00%01u%DD%21%90%BD
1605732773.109734 DEBUG: [nlsr.HelloProtocol] Neighbor : /ndn/p1-site/%C1.Router/cs/p1
1605732773.109739 DEBUG: [nlsr.HelloProtocol] Old Status: 1 New Status: 1
1605732773.109747 DEBUG: [nlsr.route.Fib] Registering prefix: /localhop/ndn/nlsr/sync/%FD%08 faceUri: udp4://10.0.0.2:6363
1605732773.111101 DEBUG: [nlsr.route.Fib] Successful in name registration: /localhop/ndn/nlsr/sync/%FD%08 Face Uri: udp4://10.0.0.2:6363 faceId: 261
1605732773.515583 DEBUG: [nlsr.Lsdb] Interest received for LSA: /localhop/ndn/nlsr/LSA/p1-site/%C1.Router/cs/p1/NAME/%02
1605732780.624116 DEBUG: [nlsr.Lsdb] Interest received for LSA: /localhop/ndn/nlsr/LSA/p2-site/%C1.Router/cs/p2/NAME/%02
1605732780.635117 DEBUG: [nlsr.Lsdb] Interest received for LSA: /localhop/ndn/nlsr/LSA/p2-site/%C1.Router/cs/p2/NAME/%02
1605732789.516864 DEBUG: [nlsr.Lsdb] Interest received for LSA: /localhop/ndn/nlsr/LSA/p1-site/%C1.Router/cs/p1/NAME/%02
1605732796.624874 DEBUG: [nlsr.Lsdb] Interest received for LSA: /localhop/ndn/nlsr/LSA/p2-site/%C1.Router/cs/p2/NAME/%02
1605732796.637350 DEBUG: [nlsr.Lsdb] Interest received for LSA: /localhop/ndn/nlsr/LSA/p2-site/%C1.Router/cs/p2/NAME/%02
1605732821.516528 DEBUG: [nlsr.Lsdb] Failed to fetch LSA: /localhop/ndn/nlsr/LSA/p1-site/%C1.Router/cs/p1/NAME, Error code: 1, Message: Timeout exceeded
1605732828.625039 DEBUG: [nlsr.Lsdb] Failed to fetch LSA: /localhop/ndn/nlsr/LSA/p2-site/%C1.Router/cs/p2/NAME, Error code: 1, Message: Timeout exceeded
1605732833.143697 DEBUG: [nlsr.HelloProtocol] Expressing Interest: /ndn/p1-site/%C1.Router/cs/p1/nlsr/INFO/%07%20%08%03ndn%08%07c1-site%08%08%C1.Router%08%02cs%08%02c1
1605732833.143745 DEBUG: [nlsr.HelloProtocol] Sending HELLO interest: /ndn/p1-site/%C1.Router/cs/p1/nlsr/INFO/%07%20%08%03ndn%08%07c1-site%08%08%C1.Router%08%02cs%08%02c1
1605732833.144413 DEBUG: [nlsr.HelloProtocol] Received data for INFO(name): /ndn/p1-site/%C1.Router/cs/p1/nlsr/INFO/%07%20%08%03ndn%08%07c1-site%08%08%C1.Router%08%02cs%08%02c1/%FD%00%00%01u%DD%22%7B%1E
1605732833.144441 DEBUG: [nlsr.HelloProtocol] Data signed with: /ndn/p1-site/%C1.Router/cs/p1/nlsr/KEY/u%B6%9BX%9F%E6%F0s
1605732833.144454 DEBUG: [nlsr.HelloProtocol] Data validation successful for INFO(name): /ndn/p1-site/%C1.Router/cs/p1/nlsr/INFO/%07%20%08%03ndn%08%07c1-site%08%08%C1.Router%08%02cs%08%02c1/%FD%00%00%01u%DD%22%7B%1E
1605732833.144466 DEBUG: [nlsr.HelloProtocol] Neighbor : /ndn/p1-site/%C1.Router/cs/p1
1605732833.144470 DEBUG: [nlsr.HelloProtocol] Old Status: 1 New Status: 1
1605732833.144479 DEBUG: [nlsr.route.Fib] Registering prefix: /localhop/ndn/nlsr/sync/%FD%08 faceUri: udp4://10.0.0.2:6363
1605732833.145883 DEBUG: [nlsr.route.Fib] Successful in name registration: /localhop/ndn/nlsr/sync/%FD%08 Face Uri: udp4://10.0.0.2:6363 faceId: 261
1605732893.146126 DEBUG: [nlsr.HelloProtocol] Expressing Interest: /ndn/p1-site/%C1.Router/cs/p1/nlsr/INFO/%07%20%08%03ndn%08%07c1-site%08%08%C1.Router%08%02cs%08%02c1
1605732893.146190 DEBUG: [nlsr.HelloProtocol] Sending HELLO interest: /ndn/p1-site/%C1.Router/cs/p1/nlsr/INFO/%07%20%08%03ndn%08%07c1-site%08%08%C1.Router%08%02cs%08%02c1
1605732893.147286 DEBUG: [nlsr.HelloProtocol] Received data for INFO(name): /ndn/p1-site/%C1.Router/cs/p1/nlsr/INFO/%07%20%08%03ndn%08%07c1-site%08%08%C1.Router%08%02cs%08%02c1/%FD%00%00%01u%DD%23e%9E
1605732893.147333 DEBUG: [nlsr.HelloProtocol] Data signed with: /ndn/p1-site/%C1.Router/cs/p1/nlsr/KEY/u%B6%9BX%9F%E6%F0s
1605732893.147350 DEBUG: [nlsr.HelloProtocol] Data validation successful for INFO(name): /ndn/p1-site/%C1.Router/cs/p1/nlsr/INFO/%07%20%08%03ndn%08%07c1-site%08%08%C1.Router%08%02cs%08%02c1/%FD%00%00%01u%DD%23e%9E
1605732893.147367 DEBUG: [nlsr.HelloProtocol] Neighbor : /ndn/p1-site/%C1.Router/cs/p1
1605732893.147372 DEBUG: [nlsr.HelloProtocol] Old Status: 1 New Status: 1
1605732893.147383 DEBUG: [nlsr.route.Fib] Registering prefix: /localhop/ndn/nlsr/sync/%FD%08 faceUri: udp4://10.0.0.2:6363
1605732893.149483 DEBUG: [nlsr.route.Fib] Successful in name registration: /localhop/ndn/nlsr/sync/%FD%08 Face Uri: udp4://10.0.0.2:6363 faceId: 261
1605732953.146870 DEBUG: [nlsr.HelloProtocol] Expressing Interest: /ndn/p1-site/%C1.Router/cs/p1/nlsr/INFO/%07%20%08%03ndn%08%07c1-site%08%08%C1.Router%08%02cs%08%02c1
1605732953.146925 DEBUG: [nlsr.HelloProtocol] Sending HELLO interest: /ndn/p1-site/%C1.Router/cs/p1/nlsr/INFO/%07%20%08%03ndn%08%07c1-site%08%08%C1.Router%08%02cs%08%02c1
1605732953.147807 DEBUG: [nlsr.HelloProtocol] Received data for INFO(name): /ndn/p1-site/%C1.Router/cs/p1/nlsr/INFO/%07%20%08%03ndn%08%07c1-site%08%08%C1.Router%08%02cs%08%02c1/%FD%00%00%01u%DD%24P%00
1605732953.147841 DEBUG: [nlsr.HelloProtocol] Data signed with: /ndn/p1-site/%C1.Router/cs/p1/nlsr/KEY/u%B6%9BX%9F%E6%F0s
1605732953.147856 DEBUG: [nlsr.HelloProtocol] Data validation successful for INFO(name): /ndn/p1-site/%C1.Router/cs/p1/nlsr/INFO/%07%20%08%03ndn%08%07c1-site%08%08%C1.Router%08%02cs%08%02c1/%FD%00%00%01u%DD%24P%00
1605732953.147870 DEBUG: [nlsr.HelloProtocol] Neighbor : /ndn/p1-site/%C1.Router/cs/p1
1605732953.147875 DEBUG: [nlsr.HelloProtocol] Old Status: 1 New Status: 1
1605732953.147887 DEBUG: [nlsr.route.Fib] Registering prefix: /localhop/ndn/nlsr/sync/%FD%08 faceUri: udp4://10.0.0.2:6363
1605732953.149983 DEBUG: [nlsr.route.Fib] Successful in name registration: /localhop/ndn/nlsr/sync/%FD%08 Face Uri: udp4://10.0.0.2:6363 faceId: 261
1605733013.148200 DEBUG: [nlsr.HelloProtocol] Expressing Interest: /ndn/p1-site/%C1.Router/cs/p1/nlsr/INFO/%07%20%08%03ndn%08%07c1-site%08%08%C1.Router%08%02cs%08%02c1
1605733013.148296 DEBUG: [nlsr.HelloProtocol] Sending HELLO interest: /ndn/p1-site/%C1.Router/cs/p1/nlsr/INFO/%07%20%08%03ndn%08%07c1-site%08%08%C1.Router%08%02cs%08%02c1
1605733013.148805 DEBUG: [nlsr.HelloProtocol] Received data for INFO(name): /ndn/p1-site/%C1.Router/cs/p1/nlsr/INFO/%07%20%08%03ndn%08%07c1-site%08%08%C1.Router%08%02cs%08%02c1/%FD%00%00%01u%DD%25%3Aa
1605733013.148846 DEBUG: [nlsr.HelloProtocol] Data signed with: /ndn/p1-site/%C1.Router/cs/p1/nlsr/KEY/u%B6%9BX%9F%E6%F0s
1605733013.148914 DEBUG: [nlsr.HelloProtocol] Data validation successful for INFO(name): /ndn/p1-site/%C1.Router/cs/p1/nlsr/INFO/%07%20%08%03ndn%08%07c1-site%08%08%C1.Router%08%02cs%08%02c1/%FD%00%00%01u%DD%25%3Aa
1605733013.148938 DEBUG: [nlsr.HelloProtocol] Neighbor : /ndn/p1-site/%C1.Router/cs/p1
1605733013.148951 DEBUG: [nlsr.HelloProtocol] Old Status: 1 New Status: 1
1605733013.148969 DEBUG: [nlsr.route.Fib] Registering prefix: /localhop/ndn/nlsr/sync/%FD%08 faceUri: udp4://10.0.0.2:6363
1605733013.150953 DEBUG: [nlsr.route.Fib] Successful in name registration: /localhop/ndn/nlsr/sync/%FD%08 Face Uri: udp4://10.0.0.2:6363 faceId: 261
1605733073.167157 DEBUG: [nlsr.HelloProtocol] Expressing Interest: /ndn/p1-site/%C1.Router/cs/p1/nlsr/INFO/%07%20%08%03ndn%08%07c1-site%08%08%C1.Router%08%02cs%08%02c1
1605733073.167336 DEBUG: [nlsr.HelloProtocol] Sending HELLO interest: /ndn/p1-site/%C1.Router/cs/p1/nlsr/INFO/%07%20%08%03ndn%08%07c1-site%08%08%C1.Router%08%02cs%08%02c1
1605733073.167990 DEBUG: [nlsr.HelloProtocol] Received data for INFO(name): /ndn/p1-site/%C1.Router/cs/p1/nlsr/INFO/%07%20%08%03ndn%08%07c1-site%08%08%C1.Router%08%02cs%08%02c1/%FD%00%00%01u%DD%26%24%C1
1605733073.168071 DEBUG: [nlsr.HelloProtocol] Data signed with: /ndn/p1-site/%C1.Router/cs/p1/nlsr/KEY/u%B6%9BX%9F%E6%F0s
1605733073.168106 DEBUG: [nlsr.HelloProtocol] Data validation successful for INFO(name): /ndn/p1-site/%C1.Router/cs/p1/nlsr/INFO/%07%20%08%03ndn%08%07c1-site%08%08%C1.Router%08%02cs%08%02c1/%FD%00%00%01u%DD%26%24%C1
1605733073.168140 DEBUG: [nlsr.HelloProtocol] Neighbor : /ndn/p1-site/%C1.Router/cs/p1
1605733073.168161 DEBUG: [nlsr.HelloProtocol] Old Status: 1 New Status: 1
1605733073.168186 DEBUG: [nlsr.route.Fib] Registering prefix: /localhop/ndn/nlsr/sync/%FD%08 faceUri: udp4://10.0.0.2:6363
1605733073.169819 DEBUG: [nlsr.route.Fib] Successful in name registration: /localhop/ndn/nlsr/sync/%FD%08 Face Uri: udp4://10.0.0.2:6363 faceId: 261
1605733133.178815 DEBUG: [nlsr.HelloProtocol] Expressing Interest: /ndn/p1-site/%C1.Router/cs/p1/nlsr/INFO/%07%20%08%03ndn%08%07c1-site%08%08%C1.Router%08%02cs%08%02c1
1605733133.178859 DEBUG: [nlsr.HelloProtocol] Sending HELLO interest: /ndn/p1-site/%C1.Router/cs/p1/nlsr/INFO/%07%20%08%03ndn%08%07c1-site%08%08%C1.Router%08%02cs%08%02c1
1605733133.179610 DEBUG: [nlsr.HelloProtocol] Received data for INFO(name): /ndn/p1-site/%C1.Router/cs/p1/nlsr/INFO/%07%20%08%03ndn%08%07c1-site%08%08%C1.Router%08%02cs%08%02c1/%FD%00%00%01u%DD%27%0F%26
1605733133.179636 DEBUG: [nlsr.HelloProtocol] Data signed with: /ndn/p1-site/%C1.Router/cs/p1/nlsr/KEY/u%B6%9BX%9F%E6%F0s
1605733133.179648 DEBUG: [nlsr.HelloProtocol] Data validation successful for INFO(name): /ndn/p1-site/%C1.Router/cs/p1/nlsr/INFO/%07%20%08%03ndn%08%07c1-site%08%08%C1.Router%08%02cs%08%02c1/%FD%00%00%01u%DD%27%0F%26
1605733133.179659 DEBUG: [nlsr.HelloProtocol] Neighbor : /ndn/p1-site/%C1.Router/cs/p1
1605733133.179663 DEBUG: [nlsr.HelloProtocol] Old Status: 1 New Status: 1
1605733133.179672 DEBUG: [nlsr.route.Fib] Registering prefix: /localhop/ndn/nlsr/sync/%FD%08 faceUri: udp4://10.0.0.2:6363
1605733133.181241 DEBUG: [nlsr.route.Fib] Successful in name registration: /localhop/ndn/nlsr/sync/%FD%08 Face Uri: udp4://10.0.0.2:6363 faceId: 261
1605733193.220444 DEBUG: [nlsr.HelloProtocol] Expressing Interest: /ndn/p1-site/%C1.Router/cs/p1/nlsr/INFO/%07%20%08%03ndn%08%07c1-site%08%08%C1.Router%08%02cs%08%02c1
1605733193.220492 DEBUG: [nlsr.HelloProtocol] Sending HELLO interest: /ndn/p1-site/%C1.Router/cs/p1/nlsr/INFO/%07%20%08%03ndn%08%07c1-site%08%08%C1.Router%08%02cs%08%02c1
1605733193.221120 DEBUG: [nlsr.HelloProtocol] Received data for INFO(name): /ndn/p1-site/%C1.Router/cs/p1/nlsr/INFO/%07%20%08%03ndn%08%07c1-site%08%08%C1.Router%08%02cs%08%02c1/%FD%00%00%01u%DD%27%F9%86
1605733193.221151 DEBUG: [nlsr.HelloProtocol] Data signed with: /ndn/p1-site/%C1.Router/cs/p1/nlsr/KEY/u%B6%9BX%9F%E6%F0s
1605733193.221165 DEBUG: [nlsr.HelloProtocol] Data validation successful for INFO(name): /ndn/p1-site/%C1.Router/cs/p1/nlsr/INFO/%07%20%08%03ndn%08%07c1-site%08%08%C1.Router%08%02cs%08%02c1/%FD%00%00%01u%DD%27%F9%86
1605733193.221178 DEBUG: [nlsr.HelloProtocol] Neighbor : /ndn/p1-site/%C1.Router/cs/p1
1605733193.221182 DEBUG: [nlsr.HelloProtocol] Old Status: 1 New Status: 1
1605733193.221192 DEBUG: [nlsr.route.Fib] Registering prefix: /localhop/ndn/nlsr/sync/%FD%08 faceUri: udp4://10.0.0.2:6363
1605733193.222862 DEBUG: [nlsr.route.Fib] Successful in name registration: /localhop/ndn/nlsr/sync/%FD%08 Face Uri: udp4://10.0.0.2:6363 faceId: 261
1605733253.251029 DEBUG: [nlsr.HelloProtocol] Expressing Interest: /ndn/p1-site/%C1.Router/cs/p1/nlsr/INFO/%07%20%08%03ndn%08%07c1-site%08%08%C1.Router%08%02cs%08%02c1
1605733253.251082 DEBUG: [nlsr.HelloProtocol] Sending HELLO interest: /ndn/p1-site/%C1.Router/cs/p1/nlsr/INFO/%07%20%08%03ndn%08%07c1-site%08%08%C1.Router%08%02cs%08%02c1
1605733253.251605 DEBUG: [nlsr.HelloProtocol] Received data for INFO(name): /ndn/p1-site/%C1.Router/cs/p1/nlsr/INFO/%07%20%08%03ndn%08%07c1-site%08%08%C1.Router%08%02cs%08%02c1/%FD%00%00%01u%DD%28%E3%EA
1605733253.251627 DEBUG: [nlsr.HelloProtocol] Data signed with: /ndn/p1-site/%C1.Router/cs/p1/nlsr/KEY/u%B6%9BX%9F%E6%F0s
1605733253.251638 DEBUG: [nlsr.HelloProtocol] Data validation successful for INFO(name): /ndn/p1-site/%C1.Router/cs/p1/nlsr/INFO/%07%20%08%03ndn%08%07c1-site%08%08%C1.Router%08%02cs%08%02c1/%FD%00%00%01u%DD%28%E3%EA
1605733253.251647 DEBUG: [nlsr.HelloProtocol] Neighbor : /ndn/p1-site/%C1.Router/cs/p1
1605733253.251651 DEBUG: [nlsr.HelloProtocol] Old Status: 1 New Status: 1
1605733253.251658 DEBUG: [nlsr.route.Fib] Registering prefix: /localhop/ndn/nlsr/sync/%FD%08 faceUri: udp4://10.0.0.2:6363
1605733253.252844 DEBUG: [nlsr.route.Fib] Successful in name registration: /localhop/ndn/nlsr/sync/%FD%08 Face Uri: udp4://10.0.0.2:6363 faceId: 261
