1605734364.746734  INFO: [nlsr.ConfParameter] Router Name: /%C1.Router/cs/c1
1605734364.746774  INFO: [nlsr.ConfParameter] Site Name: /c1-site
1605734364.746778  INFO: [nlsr.ConfParameter] Network: /ndn
1605734364.746780  INFO: [nlsr.ConfParameter] Router Prefix: /ndn/c1-site/%C1.Router/cs/c1
1605734364.746783  INFO: [nlsr.ConfParameter] Sync Prefix: /localhop/ndn/nlsr/sync/%FD%08
1605734364.746785  INFO: [nlsr.ConfParameter] Sync LSA prefix: /localhop/ndn/nlsr/LSA
1605734364.746787  INFO: [nlsr.ConfParameter] Hello Interest retry number: 3
1605734364.746791  INFO: [nlsr.ConfParameter] Hello Interest resend second: 1
1605734364.746793  INFO: [nlsr.ConfParameter] Info Interest interval: 60
1605734364.746795  INFO: [nlsr.ConfParameter] LSA refresh time: 1800
1605734364.746796  INFO: [nlsr.ConfParameter] FIB Entry refresh time: 3600
1605734364.746798  INFO: [nlsr.ConfParameter] LSA Interest lifetime: 4 seconds
1605734364.746817  INFO: [nlsr.ConfParameter] Router dead interval: 3600
1605734364.746823  INFO: [nlsr.ConfParameter] Max Faces Per Prefix: 3
1605734364.746825  INFO: [nlsr.ConfParameter] State Directory: /tmp/minindn/c1/log
1605734364.746827  INFO: [nlsr.ConfParameter] Adjacency LSA build interval:  10
1605734364.746828  INFO: [nlsr.ConfParameter] Routing calculation interval:  15
1605734364.746831 DEBUG: [nlsr.ConfParameter] Initializing Key ...
1605734364.747057  WARN: [nlsr.ConfParameter] Identity /ndn/c1-site/%C1.Router/cs/c1/nlsr does not exist
1605734364.760488 ERROR: [nlsr.ConfParameter] Router's Identity /ndn/c1-site/%C1.Router/cs/c1 does not exist, NLSR is running without security. If security is enabled in the configuration, NLSR will not converge.
1605734364.760552 DEBUG: [nlsr.SyncProtocolAdapter] Using PSync
1605734364.762121 DEBUG: [nlsr.SequencingManager] Seq File Name: /tmp/minindn/c1/log/nlsrSeqNo.txt
1605734364.762153 DEBUG: [nlsr.SequencingManager] Adj LSA seq no: 0
1605734364.762157 DEBUG: [nlsr.SequencingManager] Name LSA Seq no: 0
1605734364.762185 DEBUG: [nlsr.update.PrefixUpdateProcessor] Setting dispatcher to capture Interests for: /localhost/nlsr/prefix-update
1605734364.762217 DEBUG: [nlsr.Nlsr] Initializing Nlsr
1605734364.762767 DEBUG: [nlsr.Nlsr] Default NLSR identity: /ndn/c1-site/%C1.Router/cs/c1/nlsr
1605734364.762786 DEBUG: [nlsr.Nlsr] Setting interest filter for Hello interest: /ndn/c1-site/%C1.Router/cs/c1/nlsr/INFO
1605734364.763201 DEBUG: [nlsr.Nlsr] Setting interest filter for LsaPrefix: /localhop/ndn/nlsr/LSA
1605734364.763405 DEBUG: [nlsr.Nlsr] Enabling incoming face id indication for local face.
1605734364.763940 DEBUG: [nlsr.AdjacencyList] -------Adjacency List--------
1605734364.763961 DEBUG: [nlsr.AdjacencyList] Adjacent: /ndn/p1-site/%C1.Router/cs/p1
		Connecting FaceUri: udp4://10.0.0.2:6363
		Link cost: 10
		Status: 0
		Interest Timed Out: 0
1605734364.763985 DEBUG: [nlsr.Nlsr] Name prefix list: {
/ndn/c1-site/c1
Sources:
  
}
1605734364.763995 DEBUG: [nlsr.SequencingManager] Adj LSA seq no: 0
1605734364.764009 DEBUG: [nlsr.SequencingManager] Name LSA Seq no: 1
1605734364.764136 DEBUG: [nlsr.Lsdb] Adding NAME LSA
1605734364.764152 DEBUG: [nlsr.Lsdb]     NAME LSA:
      Origin Router      : /ndn/c1-site/%C1.Router/cs/c1
      Sequence Number    : 1
      Expires in         : 3599999 milliseconds
      Names:
        Name 0: /ndn/c1-site/c1
1605734364.769993 DEBUG: [nlsr.Nlsr] Successfully registered prefix: /ndn/c1-site/%C1.Router/cs/c1/nlsr/INFO
1605734364.771560 DEBUG: [nlsr.SyncLogicHandler] Update Name: /localhop/ndn/nlsr/LSA/p2-site/%C1.Router/cs/p2/NAME Seq no: 3
1605734364.771615 DEBUG: [nlsr.SyncLogicHandler] Origin Router of update: /ndn/p2-site/%C1.Router/cs/p2
1605734364.771629 DEBUG: [nlsr.SyncLogicHandler] Received sync update with higher NAME sequence number than entry in LSDB
1605734364.771651 DEBUG: [nlsr.Lsdb] Fetching Data for LSA: /localhop/ndn/nlsr/LSA/p2-site/%C1.Router/cs/p2/NAME/%03 Seq number: 3
1605734364.772654 DEBUG: [nlsr.SyncLogicHandler] Update Name: /localhop/ndn/nlsr/LSA/p2-site/%C1.Router/cs/p2/ADJACENCY Seq no: 2
1605734364.772684 DEBUG: [nlsr.SyncLogicHandler] Origin Router of update: /ndn/p2-site/%C1.Router/cs/p2
1605734364.772695 DEBUG: [nlsr.SyncLogicHandler] Received sync update with higher ADJACENCY sequence number than entry in LSDB
1605734364.772718 DEBUG: [nlsr.Lsdb] Fetching Data for LSA: /localhop/ndn/nlsr/LSA/p2-site/%C1.Router/cs/p2/ADJACENCY/%02 Seq number: 2
1605734364.772751 DEBUG: [nlsr.SyncLogicHandler] Update Name: /localhop/ndn/nlsr/LSA/c1-site/%C1.Router/cs/c1/ADJACENCY Seq no: 2
1605734364.772762 DEBUG: [nlsr.SyncLogicHandler] Origin Router of update: /ndn/c1-site/%C1.Router/cs/c1
1605734364.772768 DEBUG: [nlsr.SyncLogicHandler] Update Name: /localhop/ndn/nlsr/LSA/c2-site/%C1.Router/cs/c2/NAME Seq no: 2
1605734364.772780 DEBUG: [nlsr.SyncLogicHandler] Origin Router of update: /ndn/c2-site/%C1.Router/cs/c2
1605734364.772788 DEBUG: [nlsr.SyncLogicHandler] Received sync update with higher NAME sequence number than entry in LSDB
1605734364.772806 DEBUG: [nlsr.Lsdb] Fetching Data for LSA: /localhop/ndn/nlsr/LSA/c2-site/%C1.Router/cs/c2/NAME/%02 Seq number: 2
1605734364.773491 DEBUG: [nlsr.SyncLogicHandler] Update Name: /localhop/ndn/nlsr/LSA/c2-site/%C1.Router/cs/c2/ADJACENCY Seq no: 2
1605734364.773511 DEBUG: [nlsr.SyncLogicHandler] Origin Router of update: /ndn/c2-site/%C1.Router/cs/c2
1605734364.773521 DEBUG: [nlsr.SyncLogicHandler] Received sync update with higher ADJACENCY sequence number than entry in LSDB
1605734364.773542 DEBUG: [nlsr.Lsdb] Fetching Data for LSA: /localhop/ndn/nlsr/LSA/c2-site/%C1.Router/cs/c2/ADJACENCY/%02 Seq number: 2
1605734364.773572 DEBUG: [nlsr.SyncLogicHandler] Update Name: /localhop/ndn/nlsr/LSA/c1-site/%C1.Router/cs/c1/NAME Seq no: 2
1605734364.773582 DEBUG: [nlsr.SyncLogicHandler] Origin Router of update: /ndn/c1-site/%C1.Router/cs/c1
1605734364.773587 DEBUG: [nlsr.SyncLogicHandler] Update Name: /localhop/ndn/nlsr/LSA/p1-site/%C1.Router/cs/p1/ADJACENCY Seq no: 2
1605734364.773595 DEBUG: [nlsr.SyncLogicHandler] Origin Router of update: /ndn/p1-site/%C1.Router/cs/p1
1605734364.773612 DEBUG: [nlsr.SyncLogicHandler] Received sync update with higher ADJACENCY sequence number than entry in LSDB
1605734364.773630 DEBUG: [nlsr.Lsdb] Fetching Data for LSA: /localhop/ndn/nlsr/LSA/p1-site/%C1.Router/cs/p1/ADJACENCY/%02 Seq number: 2
1605734364.774530 DEBUG: [nlsr.SyncLogicHandler] Update Name: /localhop/ndn/nlsr/LSA/p1-site/%C1.Router/cs/p1/NAME Seq no: 3
1605734364.774562 DEBUG: [nlsr.SyncLogicHandler] Origin Router of update: /ndn/p1-site/%C1.Router/cs/p1
1605734364.774573 DEBUG: [nlsr.SyncLogicHandler] Received sync update with higher NAME sequence number than entry in LSDB
1605734364.774599 DEBUG: [nlsr.Lsdb] Fetching Data for LSA: /localhop/ndn/nlsr/LSA/p1-site/%C1.Router/cs/p1/NAME/%03 Seq number: 3
1605734364.775236 DEBUG: [nlsr.route.Fib] Successfully set strategy choice: /localhost/nfd/strategy/multicast/%FD%03 for name: /localhop/ndn/nlsr/LSA
1605734364.775303 DEBUG: [nlsr.route.Fib] Successfully set strategy choice: /localhost/nfd/strategy/multicast/%FD%03 for name: /localhop/ndn/nlsr/sync/%FD%08
1605734364.775419 DEBUG: [nlsr.Nlsr] Successfully enabled incoming face id indicationfor face id 270
1605734364.775509 DEBUG: [nlsr.Nlsr] Processing face dataset
1605734364.775522 DEBUG: [nlsr.Nlsr] FaceUri: udp4://10.0.0.2:6363 FaceId: 261
1605734364.775528 DEBUG: [nlsr.route.Fib] Registering prefix: /ndn/p1-site/%C1.Router/cs/p1 faceUri: udp4://10.0.0.2:6363
1605734364.775617 DEBUG: [nlsr.route.Fib] Registering prefix: /localhop/ndn/nlsr/LSA faceUri: udp4://10.0.0.2:6363
1605734364.775702 DEBUG: [nlsr.Nlsr] Scheduling Dataset Fetch in 3600 seconds
1605734364.775745 DEBUG: [nlsr.Nlsr] Successfully registered prefix: /localhop/ndn/nlsr/LSA
1605734364.775772 DEBUG: [nlsr.Nlsr] Successfully registered prefix: /localhost/nlsr
1605734364.775791 DEBUG: [nlsr.Nlsr] Successfully registered prefix: /ndn/c1-site/%C1.Router/cs/c1/nlsr
1605734364.775814 DEBUG: [nlsr.CertificateStore] KEY prefix: /ndn/c1-site/%C1.Router/cs/c1/nlsr/KEY registration is successful.
1605734364.776742 DEBUG: [nlsr.CertificateStore] KEY prefix: /ndn/c1-site/%C1.Router/cs/c1/KEY registration is successful.
1605734364.776819 DEBUG: [nlsr.CertificateStore] KEY prefix: /ndn/c1-site/%C1.Operator registration is successful.
1605734364.776991 DEBUG: [nlsr.CertificateStore] KEY prefix: /ndn/c1-site/KEY registration is successful.
1605734364.777220 DEBUG: [nlsr.Lsdb] Received data for LSA interest: /localhop/ndn/nlsr/LSA/p2-site/%C1.Router/cs/p2/NAME/%03
1605734364.777445 DEBUG: [nlsr.Lsdb] Adding NAME LSA
1605734364.777459 DEBUG: [nlsr.Lsdb]     NAME LSA:
      Origin Router      : /ndn/p2-site/%C1.Router/cs/p2
      Sequence Number    : 3
      Expires in         : 2000222 milliseconds
      Names:
        Name 0: /ndn/p2-site/p2
        Name 1: /ndnsd/p2/service-info
        Name 2: /discovery/printer
1605734364.777485 DEBUG: [nlsr.route.NamePrefixTable] Adding origin: /ndn/p2-site/%C1.Router/cs/p2 to a new name prefix: /ndn/p2-site/%C1.Router/cs/p2
1605734364.777490 DEBUG: [nlsr.route.Fib] Fib::remove called
1605734364.777494 DEBUG: [nlsr.route.NamePrefixTable] Adding origin: /ndn/p2-site/%C1.Router/cs/p2 to a new name prefix: /ndn/p2-site/p2
1605734364.777497 DEBUG: [nlsr.route.Fib] Fib::remove called
1605734364.777499 DEBUG: [nlsr.route.NamePrefixTable] Adding origin: /ndn/p2-site/%C1.Router/cs/p2 to a new name prefix: /ndnsd/p2/service-info
1605734364.777502 DEBUG: [nlsr.route.Fib] Fib::remove called
1605734364.777504 DEBUG: [nlsr.route.NamePrefixTable] Adding origin: /ndn/p2-site/%C1.Router/cs/p2 to a new name prefix: /discovery/printer
1605734364.777507 DEBUG: [nlsr.route.Fib] Fib::remove called
1605734364.778561 DEBUG: [nlsr.Lsdb] Received data for LSA interest: /localhop/ndn/nlsr/LSA/p2-site/%C1.Router/cs/p2/ADJACENCY/%02
1605734364.778681 DEBUG: [nlsr.Lsdb] Adding ADJACENCY LSA
1605734364.778691 DEBUG: [nlsr.Lsdb]     ADJACENCY LSA:
      Origin Router      : /ndn/p2-site/%C1.Router/cs/p2
      Sequence Number    : 2
      Expires in         : 3346221 milliseconds
      Adjacent(s):
        Adjacent 0: (name=/ndn/p1-site/%C1.Router/cs/p1, uri=udp4://10.0.0.9:6363, cost=10)
        Adjacent 1: (name=/ndn/c2-site/%C1.Router/cs/c2, uri=udp4://10.0.0.5:6363, cost=10)
1605734364.778712 DEBUG: [nlsr.route.Fib] Fib::remove called
1605734364.778719 DEBUG: [nlsr.route.RoutingTable] Scheduling routing table calculation in 15 seconds
1605734364.782452 DEBUG: [nlsr.Lsdb] Received data for LSA interest: /localhop/ndn/nlsr/LSA/c2-site/%C1.Router/cs/c2/NAME/%02
1605734364.782654 DEBUG: [nlsr.Lsdb] Adding NAME LSA
1605734364.782675 DEBUG: [nlsr.Lsdb]     NAME LSA:
      Origin Router      : /ndn/c2-site/%C1.Router/cs/c2
      Sequence Number    : 2
      Expires in         : 3332217 milliseconds
      Names:
        Name 0: /ndn/c2-site/c2
1605734364.782707 DEBUG: [nlsr.route.NamePrefixTable] Adding origin: /ndn/c2-site/%C1.Router/cs/c2 to a new name prefix: /ndn/c2-site/%C1.Router/cs/c2
1605734364.782716 DEBUG: [nlsr.route.Fib] Fib::remove called
1605734364.782725 DEBUG: [nlsr.route.NamePrefixTable] Adding origin: /ndn/c2-site/%C1.Router/cs/c2 to a new name prefix: /ndn/c2-site/c2
1605734364.782731 DEBUG: [nlsr.route.Fib] Fib::remove called
1605734364.784620 DEBUG: [nlsr.Lsdb] Received data for LSA interest: /localhop/ndn/nlsr/LSA/c2-site/%C1.Router/cs/c2/ADJACENCY/%02
1605734364.784784 DEBUG: [nlsr.Lsdb] Adding ADJACENCY LSA
1605734364.784894 DEBUG: [nlsr.Lsdb]     ADJACENCY LSA:
      Origin Router      : /ndn/c2-site/%C1.Router/cs/c2
      Sequence Number    : 2
      Expires in         : 3346215 milliseconds
      Adjacent(s):
        Adjacent 0: (name=/ndn/p2-site/%C1.Router/cs/p2, uri=udp4://10.0.0.6:6363, cost=10)
1605734364.784990 DEBUG: [nlsr.route.Fib] Fib::remove called
1605734364.785756 DEBUG: [nlsr.Lsdb] Received data for LSA interest: /localhop/ndn/nlsr/LSA/p1-site/%C1.Router/cs/p1/ADJACENCY/%02
1605734364.785955 DEBUG: [nlsr.Lsdb] Adding ADJACENCY LSA
1605734364.785971 DEBUG: [nlsr.Lsdb]     ADJACENCY LSA:
      Origin Router      : /ndn/p1-site/%C1.Router/cs/p1
      Sequence Number    : 2
      Expires in         : 3345214 milliseconds
      Adjacent(s):
        Adjacent 0: (name=/ndn/c1-site/%C1.Router/cs/c1, uri=udp4://10.0.0.1:6363, cost=10)
        Adjacent 1: (name=/ndn/p2-site/%C1.Router/cs/p2, uri=udp4://10.0.0.10:6363, cost=10)
1605734364.786004 DEBUG: [nlsr.route.NamePrefixTable] Adding origin: /ndn/p1-site/%C1.Router/cs/p1 to a new name prefix: /ndn/p1-site/%C1.Router/cs/p1
1605734364.786012 DEBUG: [nlsr.route.Fib] Fib::remove called
1605734364.787257 DEBUG: [nlsr.Lsdb] Received data for LSA interest: /localhop/ndn/nlsr/LSA/p1-site/%C1.Router/cs/p1/NAME/%03
1605734364.787524 DEBUG: [nlsr.Lsdb] Adding NAME LSA
1605734364.787546 DEBUG: [nlsr.Lsdb]     NAME LSA:
      Origin Router      : /ndn/p1-site/%C1.Router/cs/p1
      Sequence Number    : 3
      Expires in         : 1993212 milliseconds
      Names:
        Name 0: /ndn/p1-site/p1
        Name 1: /ndnsd/p1/service-info
        Name 2: /discovery/printer
1605734364.787572 DEBUG: [nlsr.route.Fib] Fib::remove called
1605734364.787579 DEBUG: [nlsr.route.NamePrefixTable] Adding origin: /ndn/p1-site/%C1.Router/cs/p1 to a new name prefix: /ndn/p1-site/p1
1605734364.787586 DEBUG: [nlsr.route.Fib] Fib::remove called
1605734364.787591 DEBUG: [nlsr.route.NamePrefixTable] Adding origin: /ndn/p1-site/%C1.Router/cs/p1 to a new name prefix: /ndnsd/p1/service-info
1605734364.787598 DEBUG: [nlsr.route.Fib] Fib::remove called
1605734364.787603 DEBUG: [nlsr.route.Fib] Fib::remove called
1605734364.788026 DEBUG: [nlsr.route.Fib] Successfully set strategy choice: /localhost/nfd/strategy/best-route/%FD%05 for name: /ndn/p2-site/%C1.Router/cs/p2/KEY
1605734364.788124 DEBUG: [nlsr.route.Fib] Successful in name registration: /ndn/p1-site/%C1.Router/cs/p1 Face Uri: udp4://10.0.0.2:6363 faceId: 261
1605734364.788152 DEBUG: [nlsr.HelloProtocol] Expressing Interest: /ndn/p1-site/%C1.Router/cs/p1/nlsr/INFO/%07%20%08%03ndn%08%07c1-site%08%08%C1.Router%08%02cs%08%02c1
1605734364.788167 DEBUG: [nlsr.HelloProtocol] Sending HELLO interest: /ndn/p1-site/%C1.Router/cs/p1/nlsr/INFO/%07%20%08%03ndn%08%07c1-site%08%08%C1.Router%08%02cs%08%02c1
1605734364.788216 DEBUG: [nlsr.route.Fib] Successful in name registration: /localhop/ndn/nlsr/LSA Face Uri: udp4://10.0.0.2:6363 faceId: 261
1605734364.788257 DEBUG: [nlsr.route.Fib] Successfully set strategy choice: /localhost/nfd/strategy/best-route/%FD%05 for name: /ndn/p2-site/%C1.Router/cs/p2/nlsr/KEY
1605734364.788402 DEBUG: [nlsr.route.Fib] Successfully set strategy choice: /localhost/nfd/strategy/best-route/%FD%05 for name: /ndn/p2-site/KEY
1605734364.788469 DEBUG: [nlsr.route.Fib] Successfully set strategy choice: /localhost/nfd/strategy/best-route/%FD%05 for name: /ndn/p2-site/%C1.Operator
1605734364.788517 DEBUG: [nlsr.route.Fib] Successfully set strategy choice: /localhost/nfd/strategy/best-route/%FD%05 for name: /ndn/c2-site/%C1.Router/cs/c2/KEY
1605734364.788554 DEBUG: [nlsr.route.Fib] Successfully set strategy choice: /localhost/nfd/strategy/best-route/%FD%05 for name: /ndn/c2-site/%C1.Router/cs/c2/nlsr/KEY
1605734364.788594 DEBUG: [nlsr.route.Fib] Successfully set strategy choice: /localhost/nfd/strategy/best-route/%FD%05 for name: /ndn/c2-site/KEY
1605734364.788641 DEBUG: [nlsr.route.Fib] Successfully set strategy choice: /localhost/nfd/strategy/best-route/%FD%05 for name: /ndn/c2-site/%C1.Operator
1605734364.788678 DEBUG: [nlsr.route.Fib] Successfully set strategy choice: /localhost/nfd/strategy/best-route/%FD%05 for name: /ndn/p1-site/%C1.Router/cs/p1/KEY
1605734364.788719 DEBUG: [nlsr.route.Fib] Successfully set strategy choice: /localhost/nfd/strategy/best-route/%FD%05 for name: /ndn/p1-site/%C1.Router/cs/p1/nlsr/KEY
1605734364.788763 DEBUG: [nlsr.route.Fib] Successfully set strategy choice: /localhost/nfd/strategy/best-route/%FD%05 for name: /ndn/p1-site/KEY
1605734364.788813 DEBUG: [nlsr.route.Fib] Successfully set strategy choice: /localhost/nfd/strategy/best-route/%FD%05 for name: /ndn/p1-site/%C1.Operator
1605734364.822325 DEBUG: [nlsr.HelloProtocol] Received data for INFO(name): /ndn/p1-site/%C1.Router/cs/p1/nlsr/INFO/%07%20%08%03ndn%08%07c1-site%08%08%C1.Router%08%02cs%08%02c1/%FD%00%00%01u%DD9%F6%86
1605734364.822350 DEBUG: [nlsr.HelloProtocol] Data signed with: /ndn/p1-site/%C1.Router/cs/p1/nlsr/KEY/u%B6%9BX%9F%E6%F0s
1605734364.822360 DEBUG: [nlsr.HelloProtocol] Data validation successful for INFO(name): /ndn/p1-site/%C1.Router/cs/p1/nlsr/INFO/%07%20%08%03ndn%08%07c1-site%08%08%C1.Router%08%02cs%08%02c1/%FD%00%00%01u%DD9%F6%86
1605734364.822370 DEBUG: [nlsr.HelloProtocol] Neighbor : /ndn/p1-site/%C1.Router/cs/p1
1605734364.822373 DEBUG: [nlsr.HelloProtocol] Old Status: 0 New Status: 1
1605734364.822376 DEBUG: [nlsr.Lsdb] Scheduling Adjacency LSA build in 10 seconds
1605734364.822391 DEBUG: [nlsr.route.Fib] Registering prefix: /localhop/ndn/nlsr/sync/%FD%08 faceUri: udp4://10.0.0.2:6363
1605734364.823376 DEBUG: [nlsr.route.Fib] Successful in name registration: /localhop/ndn/nlsr/sync/%FD%08 Face Uri: udp4://10.0.0.2:6363 faceId: 261
1605734374.824650 DEBUG: [nlsr.Lsdb] Building and installing own Adj LSA
1605734374.824707 DEBUG: [nlsr.SequencingManager] Adj LSA seq no: 1
1605734374.824714 DEBUG: [nlsr.SequencingManager] Name LSA Seq no: 1
1605734374.825008 DEBUG: [nlsr.Lsdb] Adding ADJACENCY LSA
1605734374.825156 DEBUG: [nlsr.Lsdb]     ADJACENCY LSA:
      Origin Router      : /ndn/c1-site/%C1.Router/cs/c1
      Sequence Number    : 1
      Expires in         : 3599999 milliseconds
      Adjacent(s):
        Adjacent 0: (name=/ndn/p1-site/%C1.Router/cs/p1, uri=udp4://10.0.0.2:6363, cost=10)
1605734379.781574 DEBUG: [nlsr.Lsdb] ---------------NAME LSDB-------------------
1605734379.781607 DEBUG: [nlsr.Lsdb]     NAME LSA:
      Origin Router      : /ndn/p1-site/%C1.Router/cs/p1
      Sequence Number    : 3
      Expires in         : 1978218 milliseconds
      Names:
        Name 0: /ndn/p1-site/p1
        Name 1: /ndnsd/p1/service-info
        Name 2: /discovery/printer
1605734379.781647 DEBUG: [nlsr.Lsdb]     NAME LSA:
      Origin Router      : /ndn/c2-site/%C1.Router/cs/c2
      Sequence Number    : 2
      Expires in         : 3317218 milliseconds
      Names:
        Name 0: /ndn/c2-site/c2
1605734379.781656 DEBUG: [nlsr.Lsdb]     NAME LSA:
      Origin Router      : /ndn/p2-site/%C1.Router/cs/p2
      Sequence Number    : 3
      Expires in         : 1985218 milliseconds
      Names:
        Name 0: /ndn/p2-site/p2
        Name 1: /ndnsd/p2/service-info
        Name 2: /discovery/printer
1605734379.781665 DEBUG: [nlsr.Lsdb]     NAME LSA:
      Origin Router      : /ndn/c1-site/%C1.Router/cs/c1
      Sequence Number    : 1
      Expires in         : 3584982 milliseconds
      Names:
        Name 0: /ndn/c1-site/c1
1605734379.781673 DEBUG: [nlsr.Lsdb] ---------------ADJACENCY LSDB-------------------
1605734379.781675 DEBUG: [nlsr.Lsdb]     ADJACENCY LSA:
      Origin Router      : /ndn/c1-site/%C1.Router/cs/c1
      Sequence Number    : 1
      Expires in         : 3595043 milliseconds
      Adjacent(s):
        Adjacent 0: (name=/ndn/p1-site/%C1.Router/cs/p1, uri=udp4://10.0.0.2:6363, cost=10)
1605734379.781741 DEBUG: [nlsr.Lsdb]     ADJACENCY LSA:
      Origin Router      : /ndn/p1-site/%C1.Router/cs/p1
      Sequence Number    : 2
      Expires in         : 3330218 milliseconds
      Adjacent(s):
        Adjacent 0: (name=/ndn/c1-site/%C1.Router/cs/c1, uri=udp4://10.0.0.1:6363, cost=10)
        Adjacent 1: (name=/ndn/p2-site/%C1.Router/cs/p2, uri=udp4://10.0.0.10:6363, cost=10)
1605734379.781754 DEBUG: [nlsr.Lsdb]     ADJACENCY LSA:
      Origin Router      : /ndn/c2-site/%C1.Router/cs/c2
      Sequence Number    : 2
      Expires in         : 3331218 milliseconds
      Adjacent(s):
        Adjacent 0: (name=/ndn/p2-site/%C1.Router/cs/p2, uri=udp4://10.0.0.6:6363, cost=10)
1605734379.781765 DEBUG: [nlsr.Lsdb]     ADJACENCY LSA:
      Origin Router      : /ndn/p2-site/%C1.Router/cs/p2
      Sequence Number    : 2
      Expires in         : 3331218 milliseconds
      Adjacent(s):
        Adjacent 0: (name=/ndn/p1-site/%C1.Router/cs/p1, uri=udp4://10.0.0.9:6363, cost=10)
        Adjacent 1: (name=/ndn/c2-site/%C1.Router/cs/c2, uri=udp4://10.0.0.5:6363, cost=10)
1605734379.781776 DEBUG: [nlsr.route.NamePrefixTable] ----------------NPT----------------------
Name: /ndn/p2-site/%C1.Router/cs/p2
  Destination: /ndn/p2-site/%C1.Router/cs/p2
    
Name: /ndn/p2-site/p2
  Destination: /ndn/p2-site/%C1.Router/cs/p2
    
Name: /ndnsd/p2/service-info
  Destination: /ndn/p2-site/%C1.Router/cs/p2
    
Name: /discovery/printer
  Destination: /ndn/p2-site/%C1.Router/cs/p2
      Destination: /ndn/p1-site/%C1.Router/cs/p1
    
Name: /ndn/c2-site/%C1.Router/cs/c2
  Destination: /ndn/c2-site/%C1.Router/cs/c2
    
Name: /ndn/c2-site/c2
  Destination: /ndn/c2-site/%C1.Router/cs/c2
    
Name: /ndn/p1-site/%C1.Router/cs/p1
  Destination: /ndn/p1-site/%C1.Router/cs/p1
    
Name: /ndn/p1-site/p1
  Destination: /ndn/p1-site/%C1.Router/cs/p1
    
Name: /ndnsd/p1/service-info
  Destination: /ndn/p1-site/%C1.Router/cs/p1
    
1605734379.781864 DEBUG: [nlsr.route.RoutingTable] Calculating routing table
1605734379.781893 DEBUG: [nlsr.route.Map] ---------------Map----------------------
1605734379.781895 DEBUG: [nlsr.route.Map] MapEntry: ( Router: /ndn/c1-site/%C1.Router/cs/c1 Mapping No: 0 )
1605734379.781898 DEBUG: [nlsr.route.Map] MapEntry: ( Router: /ndn/p1-site/%C1.Router/cs/p1 Mapping No: 1 )
1605734379.781901 DEBUG: [nlsr.route.Map] MapEntry: ( Router: /ndn/p2-site/%C1.Router/cs/p2 Mapping No: 2 )
1605734379.781903 DEBUG: [nlsr.route.Map] MapEntry: ( Router: /ndn/c2-site/%C1.Router/cs/c2 Mapping No: 3 )
1605734379.781909 DEBUG: [nlsr.route.RoutingTableCalculator] LinkStateRoutingTableCalculator::calculatePath Called
1605734379.781920 DEBUG: [nlsr.route.RoutingTableCalculator] -----------Legend (routerName -> index)------
1605734379.781923 DEBUG: [nlsr.route.RoutingTableCalculator] Router:/ndn/c1-site/%C1.Router/cs/c1 Index:0
1605734379.781928 DEBUG: [nlsr.route.RoutingTableCalculator] Router:/ndn/p1-site/%C1.Router/cs/p1 Index:1
1605734379.781932 DEBUG: [nlsr.route.RoutingTableCalculator] Router:/ndn/p2-site/%C1.Router/cs/p2 Index:2
1605734379.781936 DEBUG: [nlsr.route.RoutingTableCalculator] Router:/ndn/c2-site/%C1.Router/cs/c2 Index:3
1605734379.781939 DEBUG: [nlsr.route.RoutingTableCalculator]  |0 1 2 3 
1605734379.781941 DEBUG: [nlsr.route.RoutingTableCalculator] ----------
1605734379.781945 DEBUG: [nlsr.route.RoutingTableCalculator] 0|0 10 0 0 
1605734379.781949 DEBUG: [nlsr.route.RoutingTableCalculator] 1|10 0 10 0 
1605734379.781951 DEBUG: [nlsr.route.RoutingTableCalculator] 2|0 10 0 10 
1605734379.781953 DEBUG: [nlsr.route.RoutingTableCalculator] 3|0 0 10 0 
1605734379.781956 DEBUG: [nlsr.route.RoutingTableCalculator] -----------Legend (routerName -> index)------
1605734379.781958 DEBUG: [nlsr.route.RoutingTableCalculator] Router:/ndn/c1-site/%C1.Router/cs/c1 Index:0
1605734379.781961 DEBUG: [nlsr.route.RoutingTableCalculator] Router:/ndn/p1-site/%C1.Router/cs/p1 Index:1
1605734379.781964 DEBUG: [nlsr.route.RoutingTableCalculator] Router:/ndn/p2-site/%C1.Router/cs/p2 Index:2
1605734379.781967 DEBUG: [nlsr.route.RoutingTableCalculator] Router:/ndn/c2-site/%C1.Router/cs/c2 Index:3
1605734379.781971 DEBUG: [nlsr.route.RoutingTableCalculator]  |0 1 2 3 
1605734379.781972 DEBUG: [nlsr.route.RoutingTableCalculator] ----------
1605734379.781975 DEBUG: [nlsr.route.RoutingTableCalculator] 0|0 10 0 0 
1605734379.781977 DEBUG: [nlsr.route.RoutingTableCalculator] 1|10 0 10 0 
1605734379.781980 DEBUG: [nlsr.route.RoutingTableCalculator] 2|0 10 0 10 
1605734379.781982 DEBUG: [nlsr.route.RoutingTableCalculator] 3|0 0 10 0 
1605734379.781986 DEBUG: [nlsr.route.RoutingTableCalculator] LinkStateRoutingTableCalculator::addAllNextHopsToRoutingTable Called
1605734379.781993 DEBUG: [nlsr.route.RoutingTable] Adding NextHop(Uri: udp4://10.0.0.2:6363, Cost: 10) for destination: /ndn/p1-site/%C1.Router/cs/p1
1605734379.782005 DEBUG: [nlsr.route.RoutingTable] Adding NextHop(Uri: udp4://10.0.0.2:6363, Cost: 20) for destination: /ndn/p2-site/%C1.Router/cs/p2
1605734379.782012 DEBUG: [nlsr.route.RoutingTable] Adding NextHop(Uri: udp4://10.0.0.2:6363, Cost: 30) for destination: /ndn/c2-site/%C1.Router/cs/c2
1605734379.782019 DEBUG: [nlsr.route.RoutingTable] Calling Update NPT With new Route
1605734379.782021 DEBUG: [nlsr.route.NamePrefixTable] Updating table with newly calculated routes
1605734379.782023 DEBUG: [nlsr.route.NamePrefixTable] Routing entry: /ndn/p1-site/%C1.Router/cs/p1 has changed next-hops.
1605734379.782030 DEBUG: [nlsr.route.Fib] Fib::update called
1605734379.782032 DEBUG: [nlsr.route.Fib] New FIB Entry
1605734379.782052 DEBUG: [nlsr.route.Fib] Registering prefix: /discovery/printer faceUri: udp4://10.0.0.2:6363
1605734379.782208 DEBUG: [nlsr.route.Fib] Scheduling refresh for /discovery/printer Seq Num: 1 in 3600 seconds
1605734379.782237 DEBUG: [nlsr.route.Fib] Fib::update called
1605734379.782240 DEBUG: [nlsr.route.Fib] New FIB Entry
1605734379.782248 DEBUG: [nlsr.route.Fib] Registering prefix: /ndnsd/p1/service-info faceUri: udp4://10.0.0.2:6363
1605734379.782327 DEBUG: [nlsr.route.Fib] Scheduling refresh for /ndnsd/p1/service-info Seq Num: 1 in 3600 seconds
1605734379.782341 DEBUG: [nlsr.route.Fib] Fib::update called
1605734379.782344 DEBUG: [nlsr.route.Fib] New FIB Entry
1605734379.782351 DEBUG: [nlsr.route.Fib] Registering prefix: /ndn/p1-site/p1 faceUri: udp4://10.0.0.2:6363
1605734379.782425 DEBUG: [nlsr.route.Fib] Scheduling refresh for /ndn/p1-site/p1 Seq Num: 1 in 3600 seconds
1605734379.782460 DEBUG: [nlsr.route.Fib] Fib::update called
1605734379.782463 DEBUG: [nlsr.route.Fib] New FIB Entry
1605734379.782467 DEBUG: [nlsr.route.NamePrefixTable] Routing entry: /ndn/c2-site/%C1.Router/cs/c2 has changed next-hops.
1605734379.782472 DEBUG: [nlsr.route.Fib] Fib::update called
1605734379.782474 DEBUG: [nlsr.route.Fib] New FIB Entry
1605734379.782481 DEBUG: [nlsr.route.Fib] Registering prefix: /ndn/c2-site/c2 faceUri: udp4://10.0.0.2:6363
1605734379.782557 DEBUG: [nlsr.route.Fib] Scheduling refresh for /ndn/c2-site/c2 Seq Num: 1 in 3600 seconds
1605734379.782565 DEBUG: [nlsr.route.Fib] Fib::update called
1605734379.782568 DEBUG: [nlsr.route.Fib] New FIB Entry
1605734379.782575 DEBUG: [nlsr.route.Fib] Registering prefix: /ndn/c2-site/%C1.Router/cs/c2 faceUri: udp4://10.0.0.2:6363
1605734379.782658 DEBUG: [nlsr.route.Fib] Scheduling refresh for /ndn/c2-site/%C1.Router/cs/c2 Seq Num: 1 in 3600 seconds
1605734379.782682 DEBUG: [nlsr.route.NamePrefixTable] Routing entry: /ndn/p2-site/%C1.Router/cs/p2 has changed next-hops.
1605734379.782687 DEBUG: [nlsr.route.Fib] Fib::update called
1605734379.782690 DEBUG: [nlsr.route.Fib] New FIB Entry
1605734379.782696 DEBUG: [nlsr.route.Fib] Registering prefix: /ndn/p2-site/p2 faceUri: udp4://10.0.0.2:6363
1605734379.782771 DEBUG: [nlsr.route.Fib] Scheduling refresh for /ndn/p2-site/p2 Seq Num: 1 in 3600 seconds
1605734379.782781 DEBUG: [nlsr.route.Fib] Fib::update called
1605734379.782783 DEBUG: [nlsr.route.Fib] Existing FIB Entry
1605734379.782791 DEBUG: [nlsr.route.Fib] Registering prefix: /discovery/printer faceUri: udp4://10.0.0.2:6363
1605734379.782872 DEBUG: [nlsr.route.Fib] Fib::update called
1605734379.782882 DEBUG: [nlsr.route.Fib] New FIB Entry
1605734379.782900 DEBUG: [nlsr.route.Fib] Registering prefix: /ndnsd/p2/service-info faceUri: udp4://10.0.0.2:6363
1605734379.782975 DEBUG: [nlsr.route.Fib] Scheduling refresh for /ndnsd/p2/service-info Seq Num: 1 in 3600 seconds
1605734379.782983 DEBUG: [nlsr.route.Fib] Fib::update called
1605734379.782986 DEBUG: [nlsr.route.Fib] New FIB Entry
1605734379.782992 DEBUG: [nlsr.route.Fib] Registering prefix: /ndn/p2-site/%C1.Router/cs/p2 faceUri: udp4://10.0.0.2:6363
1605734379.783076 DEBUG: [nlsr.route.Fib] Scheduling refresh for /ndn/p2-site/%C1.Router/cs/p2 Seq Num: 1 in 3600 seconds
1605734379.783100 DEBUG: [nlsr.route.RoutingTable] Routing Table:
  Destination: /ndn/p1-site/%C1.Router/cs/p1
    NextHop(Uri: udp4://10.0.0.2:6363, Cost: 10)
  Destination: /ndn/p2-site/%C1.Router/cs/p2
    NextHop(Uri: udp4://10.0.0.2:6363, Cost: 20)
  Destination: /ndn/c2-site/%C1.Router/cs/c2
    NextHop(Uri: udp4://10.0.0.2:6363, Cost: 30)
1605734379.783109 DEBUG: [nlsr.route.NamePrefixTable] ----------------NPT----------------------
Name: /ndn/p2-site/%C1.Router/cs/p2
  Destination: /ndn/p2-site/%C1.Router/cs/p2
    NextHop(Uri: udp4://10.0.0.2:6363, Cost: 20)
Name: /ndn/p2-site/p2
  Destination: /ndn/p2-site/%C1.Router/cs/p2
    NextHop(Uri: udp4://10.0.0.2:6363, Cost: 20)
Name: /ndnsd/p2/service-info
  Destination: /ndn/p2-site/%C1.Router/cs/p2
    NextHop(Uri: udp4://10.0.0.2:6363, Cost: 20)
Name: /discovery/printer
  Destination: /ndn/p2-site/%C1.Router/cs/p2
    NextHop(Uri: udp4://10.0.0.2:6363, Cost: 20)  Destination: /ndn/p1-site/%C1.Router/cs/p1
    NextHop(Uri: udp4://10.0.0.2:6363, Cost: 10)
Name: /ndn/c2-site/%C1.Router/cs/c2
  Destination: /ndn/c2-site/%C1.Router/cs/c2
    NextHop(Uri: udp4://10.0.0.2:6363, Cost: 30)
Name: /ndn/c2-site/c2
  Destination: /ndn/c2-site/%C1.Router/cs/c2
    NextHop(Uri: udp4://10.0.0.2:6363, Cost: 30)
Name: /ndn/p1-site/%C1.Router/cs/p1
  Destination: /ndn/p1-site/%C1.Router/cs/p1
    NextHop(Uri: udp4://10.0.0.2:6363, Cost: 10)
Name: /ndn/p1-site/p1
  Destination: /ndn/p1-site/%C1.Router/cs/p1
    NextHop(Uri: udp4://10.0.0.2:6363, Cost: 10)
Name: /ndnsd/p1/service-info
  Destination: /ndn/p1-site/%C1.Router/cs/p1
    NextHop(Uri: udp4://10.0.0.2:6363, Cost: 10)
1605734379.783130 DEBUG: [nlsr.route.Fib] -------------------FIB-----------------------------
1605734379.783131 DEBUG: [nlsr.route.Fib] Name Prefix: /ndn/c2-site/c2
1605734379.783133 DEBUG: [nlsr.route.Fib] Seq No: 1
1605734379.783135 DEBUG: [nlsr.route.Fib]     NextHop(Uri: udp4://10.0.0.2:6363, Cost: 30)
1605734379.783137 DEBUG: [nlsr.route.Fib] Name Prefix: /ndn/c2-site/%C1.Router/cs/c2
1605734379.783139 DEBUG: [nlsr.route.Fib] Seq No: 1
1605734379.783141 DEBUG: [nlsr.route.Fib]     NextHop(Uri: udp4://10.0.0.2:6363, Cost: 30)
1605734379.783142 DEBUG: [nlsr.route.Fib] Name Prefix: /ndn/p1-site/p1
1605734379.783144 DEBUG: [nlsr.route.Fib] Seq No: 1
1605734379.783145 DEBUG: [nlsr.route.Fib]     NextHop(Uri: udp4://10.0.0.2:6363, Cost: 10)
1605734379.783147 DEBUG: [nlsr.route.Fib] Name Prefix: /ndn/p1-site/%C1.Router/cs/p1
1605734379.783149 DEBUG: [nlsr.route.Fib] Seq No: 1
1605734379.783152 DEBUG: [nlsr.route.Fib]     NextHop(Uri: udp4://10.0.0.2:6363, Cost: 10)
1605734379.783154 DEBUG: [nlsr.route.Fib] Name Prefix: /ndn/p2-site/p2
1605734379.783155 DEBUG: [nlsr.route.Fib] Seq No: 1
1605734379.783157 DEBUG: [nlsr.route.Fib]     NextHop(Uri: udp4://10.0.0.2:6363, Cost: 20)
1605734379.783159 DEBUG: [nlsr.route.Fib] Name Prefix: /ndn/p2-site/%C1.Router/cs/p2
1605734379.783161 DEBUG: [nlsr.route.Fib] Seq No: 1
1605734379.783162 DEBUG: [nlsr.route.Fib]     NextHop(Uri: udp4://10.0.0.2:6363, Cost: 20)
1605734379.783163 DEBUG: [nlsr.route.Fib] Name Prefix: /ndnsd/p1/service-info
1605734379.783166 DEBUG: [nlsr.route.Fib] Seq No: 1
1605734379.783169 DEBUG: [nlsr.route.Fib]     NextHop(Uri: udp4://10.0.0.2:6363, Cost: 10)
1605734379.783171 DEBUG: [nlsr.route.Fib] Name Prefix: /ndnsd/p2/service-info
1605734379.783175 DEBUG: [nlsr.route.Fib] Seq No: 1
1605734379.783176 DEBUG: [nlsr.route.Fib]     NextHop(Uri: udp4://10.0.0.2:6363, Cost: 20)
1605734379.783178 DEBUG: [nlsr.route.Fib] Name Prefix: /discovery/printer
1605734379.783180 DEBUG: [nlsr.route.Fib] Seq No: 2
1605734379.783181 DEBUG: [nlsr.route.Fib]     NextHop(Uri: udp4://10.0.0.2:6363, Cost: 10)
1605734379.784772 DEBUG: [nlsr.route.Fib] Successful in name registration: /discovery/printer Face Uri: udp4://10.0.0.2:6363 faceId: 261
1605734379.784816 DEBUG: [nlsr.route.Fib] Successful in name registration: /ndnsd/p1/service-info Face Uri: udp4://10.0.0.2:6363 faceId: 261
1605734379.787016 DEBUG: [nlsr.route.Fib] Successful in name registration: /ndn/p1-site/p1 Face Uri: udp4://10.0.0.2:6363 faceId: 261
1605734379.787064 DEBUG: [nlsr.route.Fib] Successful in name registration: /ndn/c2-site/c2 Face Uri: udp4://10.0.0.2:6363 faceId: 261
1605734379.787094 DEBUG: [nlsr.route.Fib] Successful in name registration: /ndn/c2-site/%C1.Router/cs/c2 Face Uri: udp4://10.0.0.2:6363 faceId: 261
1605734379.787112 DEBUG: [nlsr.route.Fib] Successful in name registration: /ndn/p2-site/p2 Face Uri: udp4://10.0.0.2:6363 faceId: 261
1605734379.787128 DEBUG: [nlsr.route.Fib] Successful in name registration: /discovery/printer Face Uri: udp4://10.0.0.2:6363 faceId: 261
1605734379.787154 DEBUG: [nlsr.route.Fib] Successful in name registration: /ndnsd/p2/service-info Face Uri: udp4://10.0.0.2:6363 faceId: 261
1605734379.787170 DEBUG: [nlsr.route.Fib] Successful in name registration: /ndn/p2-site/%C1.Router/cs/p2 Face Uri: udp4://10.0.0.2:6363 faceId: 261
1605734424.811572 DEBUG: [nlsr.HelloProtocol] Expressing Interest: /ndn/p1-site/%C1.Router/cs/p1/nlsr/INFO/%07%20%08%03ndn%08%07c1-site%08%08%C1.Router%08%02cs%08%02c1
1605734424.811609 DEBUG: [nlsr.HelloProtocol] Sending HELLO interest: /ndn/p1-site/%C1.Router/cs/p1/nlsr/INFO/%07%20%08%03ndn%08%07c1-site%08%08%C1.Router%08%02cs%08%02c1
1605734424.842513 DEBUG: [nlsr.HelloProtocol] Received data for INFO(name): /ndn/p1-site/%C1.Router/cs/p1/nlsr/INFO/%07%20%08%03ndn%08%07c1-site%08%08%C1.Router%08%02cs%08%02c1/%FD%00%00%01u%DD%3A%E0%FB
1605734424.842653 DEBUG: [nlsr.HelloProtocol] Data signed with: /ndn/p1-site/%C1.Router/cs/p1/nlsr/KEY/u%B6%9BX%9F%E6%F0s
1605734424.842679 DEBUG: [nlsr.HelloProtocol] Data validation successful for INFO(name): /ndn/p1-site/%C1.Router/cs/p1/nlsr/INFO/%07%20%08%03ndn%08%07c1-site%08%08%C1.Router%08%02cs%08%02c1/%FD%00%00%01u%DD%3A%E0%FB
1605734424.842697 DEBUG: [nlsr.HelloProtocol] Neighbor : /ndn/p1-site/%C1.Router/cs/p1
1605734424.842703 DEBUG: [nlsr.HelloProtocol] Old Status: 1 New Status: 1
1605734424.842713 DEBUG: [nlsr.route.Fib] Registering prefix: /localhop/ndn/nlsr/sync/%FD%08 faceUri: udp4://10.0.0.2:6363
1605734424.845058 DEBUG: [nlsr.route.Fib] Successful in name registration: /localhop/ndn/nlsr/sync/%FD%08 Face Uri: udp4://10.0.0.2:6363 faceId: 261
1605734484.832721 DEBUG: [nlsr.HelloProtocol] Expressing Interest: /ndn/p1-site/%C1.Router/cs/p1/nlsr/INFO/%07%20%08%03ndn%08%07c1-site%08%08%C1.Router%08%02cs%08%02c1
1605734484.832786 DEBUG: [nlsr.HelloProtocol] Sending HELLO interest: /ndn/p1-site/%C1.Router/cs/p1/nlsr/INFO/%07%20%08%03ndn%08%07c1-site%08%08%C1.Router%08%02cs%08%02c1
1605734484.866475 DEBUG: [nlsr.HelloProtocol] Received data for INFO(name): /ndn/p1-site/%C1.Router/cs/p1/nlsr/INFO/%07%20%08%03ndn%08%07c1-site%08%08%C1.Router%08%02cs%08%02c1/%FD%00%00%01u%DD%3B%CBv
1605734484.866502 DEBUG: [nlsr.HelloProtocol] Data signed with: /ndn/p1-site/%C1.Router/cs/p1/nlsr/KEY/u%B6%9BX%9F%E6%F0s
1605734484.866514 DEBUG: [nlsr.HelloProtocol] Data validation successful for INFO(name): /ndn/p1-site/%C1.Router/cs/p1/nlsr/INFO/%07%20%08%03ndn%08%07c1-site%08%08%C1.Router%08%02cs%08%02c1/%FD%00%00%01u%DD%3B%CBv
1605734484.866524 DEBUG: [nlsr.HelloProtocol] Neighbor : /ndn/p1-site/%C1.Router/cs/p1
1605734484.866527 DEBUG: [nlsr.HelloProtocol] Old Status: 1 New Status: 1
1605734484.866534 DEBUG: [nlsr.route.Fib] Registering prefix: /localhop/ndn/nlsr/sync/%FD%08 faceUri: udp4://10.0.0.2:6363
1605734484.867585 DEBUG: [nlsr.route.Fib] Successful in name registration: /localhop/ndn/nlsr/sync/%FD%08 Face Uri: udp4://10.0.0.2:6363 faceId: 261
1605734544.840648 DEBUG: [nlsr.HelloProtocol] Expressing Interest: /ndn/p1-site/%C1.Router/cs/p1/nlsr/INFO/%07%20%08%03ndn%08%07c1-site%08%08%C1.Router%08%02cs%08%02c1
1605734544.840707 DEBUG: [nlsr.HelloProtocol] Sending HELLO interest: /ndn/p1-site/%C1.Router/cs/p1/nlsr/INFO/%07%20%08%03ndn%08%07c1-site%08%08%C1.Router%08%02cs%08%02c1
1605734544.882619 DEBUG: [nlsr.HelloProtocol] Received data for INFO(name): /ndn/p1-site/%C1.Router/cs/p1/nlsr/INFO/%07%20%08%03ndn%08%07c1-site%08%08%C1.Router%08%02cs%08%02c1/%FD%00%00%01u%DD%3C%B5%E6
1605734544.882647 DEBUG: [nlsr.HelloProtocol] Data signed with: /ndn/p1-site/%C1.Router/cs/p1/nlsr/KEY/u%B6%9BX%9F%E6%F0s
1605734544.882663 DEBUG: [nlsr.HelloProtocol] Data validation successful for INFO(name): /ndn/p1-site/%C1.Router/cs/p1/nlsr/INFO/%07%20%08%03ndn%08%07c1-site%08%08%C1.Router%08%02cs%08%02c1/%FD%00%00%01u%DD%3C%B5%E6
1605734544.882680 DEBUG: [nlsr.HelloProtocol] Neighbor : /ndn/p1-site/%C1.Router/cs/p1
1605734544.882685 DEBUG: [nlsr.HelloProtocol] Old Status: 1 New Status: 1
1605734544.882696 DEBUG: [nlsr.route.Fib] Registering prefix: /localhop/ndn/nlsr/sync/%FD%08 faceUri: udp4://10.0.0.2:6363
1605734544.883797 DEBUG: [nlsr.route.Fib] Successful in name registration: /localhop/ndn/nlsr/sync/%FD%08 Face Uri: udp4://10.0.0.2:6363 faceId: 261
1605734568.536227 DEBUG: [nlsr.SyncLogicHandler] Update Name: /localhop/ndn/nlsr/LSA/p1-site/%C1.Router/cs/p1/NAME Seq no: 4
1605734568.536261 DEBUG: [nlsr.SyncLogicHandler] Origin Router of update: /ndn/p1-site/%C1.Router/cs/p1
1605734568.536276 DEBUG: [nlsr.SyncLogicHandler] Received sync update with higher NAME sequence number than entry in LSDB
1605734568.536304 DEBUG: [nlsr.Lsdb] Fetching Data for LSA: /localhop/ndn/nlsr/LSA/p1-site/%C1.Router/cs/p1/NAME/%04 Seq number: 4
1605734568.537599 DEBUG: [nlsr.Lsdb] Interest received for LSA: /localhop/ndn/nlsr/LSA/p1-site/%C1.Router/cs/p1/NAME/%04
1605734568.595481 DEBUG: [nlsr.Lsdb] Received data for LSA interest: /localhop/ndn/nlsr/LSA/p1-site/%C1.Router/cs/p1/NAME/%04
1605734568.595673 DEBUG: [nlsr.Lsdb] Updating NAME LSA:
1605734568.595680 DEBUG: [nlsr.Lsdb]     NAME LSA:
      Origin Router      : /ndn/p1-site/%C1.Router/cs/p1
      Sequence Number    : 3
      Expires in         : 1789404 milliseconds
      Names:
        Name 0: /ndn/p1-site/p1
        Name 1: /ndnsd/p1/service-info
        Name 2: /discovery/printer
1605734568.595806 DEBUG: [nlsr.Lsdb] Updated NAME LSA:
1605734568.595811 DEBUG: [nlsr.Lsdb]     NAME LSA:
      Origin Router      : /ndn/p1-site/%C1.Router/cs/p1
      Sequence Number    : 4
      Expires in         : 3599404 milliseconds
      Names:
        Name 0: /ndn/p1-site/p1
        Name 1: /ndnsd/p1/service-info
        Name 2: /discovery/printer
1605734575.632778 DEBUG: [nlsr.SyncLogicHandler] Update Name: /localhop/ndn/nlsr/LSA/p2-site/%C1.Router/cs/p2/NAME Seq no: 4
1605734575.632796 DEBUG: [nlsr.SyncLogicHandler] Origin Router of update: /ndn/p2-site/%C1.Router/cs/p2
1605734575.632802 DEBUG: [nlsr.SyncLogicHandler] Received sync update with higher NAME sequence number than entry in LSDB
1605734575.632815 DEBUG: [nlsr.Lsdb] Fetching Data for LSA: /localhop/ndn/nlsr/LSA/p2-site/%C1.Router/cs/p2/NAME/%04 Seq number: 4
1605734575.633059 DEBUG: [nlsr.Lsdb] Interest received for LSA: /localhop/ndn/nlsr/LSA/p2-site/%C1.Router/cs/p2/NAME/%04
1605734575.655681 DEBUG: [nlsr.Lsdb] Received data for LSA interest: /localhop/ndn/nlsr/LSA/p2-site/%C1.Router/cs/p2/NAME/%04
1605734575.655813 DEBUG: [nlsr.Lsdb] Updating NAME LSA:
1605734575.655816 DEBUG: [nlsr.Lsdb]     NAME LSA:
      Origin Router      : /ndn/p2-site/%C1.Router/cs/p2
      Sequence Number    : 3
      Expires in         : 1789344 milliseconds
      Names:
        Name 0: /ndn/p2-site/p2
        Name 1: /ndnsd/p2/service-info
        Name 2: /discovery/printer
1605734575.655837 DEBUG: [nlsr.Lsdb] Updated NAME LSA:
1605734575.655839 DEBUG: [nlsr.Lsdb]     NAME LSA:
      Origin Router      : /ndn/p2-site/%C1.Router/cs/p2
      Sequence Number    : 4
      Expires in         : 3599344 milliseconds
      Names:
        Name 0: /ndn/p2-site/p2
        Name 1: /ndnsd/p2/service-info
        Name 2: /discovery/printer
1605734604.867274 DEBUG: [nlsr.HelloProtocol] Expressing Interest: /ndn/p1-site/%C1.Router/cs/p1/nlsr/INFO/%07%20%08%03ndn%08%07c1-site%08%08%C1.Router%08%02cs%08%02c1
1605734604.867335 DEBUG: [nlsr.HelloProtocol] Sending HELLO interest: /ndn/p1-site/%C1.Router/cs/p1/nlsr/INFO/%07%20%08%03ndn%08%07c1-site%08%08%C1.Router%08%02cs%08%02c1
1605734604.891978 DEBUG: [nlsr.HelloProtocol] Received data for INFO(name): /ndn/p1-site/%C1.Router/cs/p1/nlsr/INFO/%07%20%08%03ndn%08%07c1-site%08%08%C1.Router%08%02cs%08%02c1/%FD%00%00%01u%DD%3D%A0O
1605734604.892005 DEBUG: [nlsr.HelloProtocol] Data signed with: /ndn/p1-site/%C1.Router/cs/p1/nlsr/KEY/u%B6%9BX%9F%E6%F0s
1605734604.892019 DEBUG: [nlsr.HelloProtocol] Data validation successful for INFO(name): /ndn/p1-site/%C1.Router/cs/p1/nlsr/INFO/%07%20%08%03ndn%08%07c1-site%08%08%C1.Router%08%02cs%08%02c1/%FD%00%00%01u%DD%3D%A0O
1605734604.892030 DEBUG: [nlsr.HelloProtocol] Neighbor : /ndn/p1-site/%C1.Router/cs/p1
1605734604.892034 DEBUG: [nlsr.HelloProtocol] Old Status: 1 New Status: 1
1605734604.892042 DEBUG: [nlsr.route.Fib] Registering prefix: /localhop/ndn/nlsr/sync/%FD%08 faceUri: udp4://10.0.0.2:6363
1605734604.893401 DEBUG: [nlsr.route.Fib] Successful in name registration: /localhop/ndn/nlsr/sync/%FD%08 Face Uri: udp4://10.0.0.2:6363 faceId: 261
1605734664.868503 DEBUG: [nlsr.HelloProtocol] Expressing Interest: /ndn/p1-site/%C1.Router/cs/p1/nlsr/INFO/%07%20%08%03ndn%08%07c1-site%08%08%C1.Router%08%02cs%08%02c1
1605734664.868649 DEBUG: [nlsr.HelloProtocol] Sending HELLO interest: /ndn/p1-site/%C1.Router/cs/p1/nlsr/INFO/%07%20%08%03ndn%08%07c1-site%08%08%C1.Router%08%02cs%08%02c1
1605734664.894055 DEBUG: [nlsr.HelloProtocol] Received data for INFO(name): /ndn/p1-site/%C1.Router/cs/p1/nlsr/INFO/%07%20%08%03ndn%08%07c1-site%08%08%C1.Router%08%02cs%08%02c1/%FD%00%00%01u%DD%3E%8A%B1
1605734664.894117 DEBUG: [nlsr.HelloProtocol] Data signed with: /ndn/p1-site/%C1.Router/cs/p1/nlsr/KEY/u%B6%9BX%9F%E6%F0s
1605734664.894143 DEBUG: [nlsr.HelloProtocol] Data validation successful for INFO(name): /ndn/p1-site/%C1.Router/cs/p1/nlsr/INFO/%07%20%08%03ndn%08%07c1-site%08%08%C1.Router%08%02cs%08%02c1/%FD%00%00%01u%DD%3E%8A%B1
1605734664.894169 DEBUG: [nlsr.HelloProtocol] Neighbor : /ndn/p1-site/%C1.Router/cs/p1
1605734664.894184 DEBUG: [nlsr.HelloProtocol] Old Status: 1 New Status: 1
1605734664.894204 DEBUG: [nlsr.route.Fib] Registering prefix: /localhop/ndn/nlsr/sync/%FD%08 faceUri: udp4://10.0.0.2:6363
1605734664.896353 DEBUG: [nlsr.route.Fib] Successful in name registration: /localhop/ndn/nlsr/sync/%FD%08 Face Uri: udp4://10.0.0.2:6363 faceId: 261
