1605046179.847401  INFO: [ndnsd.Tools.Reload] Sending reload interest: /ndnsd/p1/service-info/reload/1605046179847326562%20nanoseconds%20since%20Jan%201%2C%201970?MustBeFresh
1605046179.849510  INFO: [ndnsd.Tools.Reload] Update SuccessfulName: /ndnsd/p1/service-info/reload/1605046179847326562%20nanoseconds%20since%20Jan%201%2C%201970
MetaInfo: [ContentType: 0, FreshnessPeriod: 1000 milliseconds]
Content: [17 bytes]
Signature: [type: SignatureSha256WithEcdsa, length: 71]
1605046179.849540 DEBUG: [ndnsd.Tools.Reload] Tentative next interest schedule in : 2006 milliseconds
1605046181.867281  INFO: [ndnsd.Tools.Reload] Sending reload interest: /ndnsd/p1/service-info/reload/1605046181867185889%20nanoseconds%20since%20Jan%201%2C%201970?MustBeFresh
1605046181.869266  INFO: [ndnsd.Tools.Reload] Update SuccessfulName: /ndnsd/p1/service-info/reload/1605046181867185889%20nanoseconds%20since%20Jan%201%2C%201970
MetaInfo: [ContentType: 0, FreshnessPeriod: 1000 milliseconds]
Content: [17 bytes]
Signature: [type: SignatureSha256WithEcdsa, length: 71]
1605046181.869294 DEBUG: [ndnsd.Tools.Reload] Tentative next interest schedule in : 2018 milliseconds
1605046183.898947  INFO: [ndnsd.Tools.Reload] Sending reload interest: /ndnsd/p1/service-info/reload/1605046183898902657%20nanoseconds%20since%20Jan%201%2C%201970?MustBeFresh
1605046183.900613  INFO: [ndnsd.Tools.Reload] Update SuccessfulName: /ndnsd/p1/service-info/reload/1605046183898902657%20nanoseconds%20since%20Jan%201%2C%201970
MetaInfo: [ContentType: 0, FreshnessPeriod: 1000 milliseconds]
Content: [17 bytes]
Signature: [type: SignatureSha256WithEcdsa, length: 71]
1605046183.900637 DEBUG: [ndnsd.Tools.Reload] Tentative next interest schedule in : 2031 milliseconds
1605046185.935315  INFO: [ndnsd.Tools.Reload] Sending reload interest: /ndnsd/p1/service-info/reload/1605046185935268325%20nanoseconds%20since%20Jan%201%2C%201970?MustBeFresh
1605046185.938952  INFO: [ndnsd.Tools.Reload] Update SuccessfulName: /ndnsd/p1/service-info/reload/1605046185935268325%20nanoseconds%20since%20Jan%201%2C%201970
MetaInfo: [ContentType: 0, FreshnessPeriod: 1000 milliseconds]
Content: [17 bytes]
Signature: [type: SignatureSha256WithEcdsa, length: 71]
1605046185.938988 DEBUG: [ndnsd.Tools.Reload] Tentative next interest schedule in : 2020 milliseconds
1605046187.960410  INFO: [ndnsd.Tools.Reload] Sending reload interest: /ndnsd/p1/service-info/reload/1605046187960285618%20nanoseconds%20since%20Jan%201%2C%201970?MustBeFresh
1605046187.962856  INFO: [ndnsd.Tools.Reload] Update SuccessfulName: /ndnsd/p1/service-info/reload/1605046187960285618%20nanoseconds%20since%20Jan%201%2C%201970
MetaInfo: [ContentType: 0, FreshnessPeriod: 1000 milliseconds]
Content: [17 bytes]
Signature: [type: SignatureSha256WithEcdsa, length: 71]
1605046187.962937 DEBUG: [ndnsd.Tools.Reload] Tentative next interest schedule in : 2063 milliseconds
1605046190.028743  INFO: [ndnsd.Tools.Reload] Sending reload interest: /ndnsd/p1/service-info/reload/1605046190028696845%20nanoseconds%20since%20Jan%201%2C%201970?MustBeFresh
1605046190.030715  INFO: [ndnsd.Tools.Reload] Update SuccessfulName: /ndnsd/p1/service-info/reload/1605046190028696845%20nanoseconds%20since%20Jan%201%2C%201970
MetaInfo: [ContentType: 0, FreshnessPeriod: 1000 milliseconds]
Content: [17 bytes]
Signature: [type: SignatureSha256WithEcdsa, length: 72]
1605046190.030752 DEBUG: [ndnsd.Tools.Reload] Tentative next interest schedule in : 2047 milliseconds
1605046192.080578  INFO: [ndnsd.Tools.Reload] Sending reload interest: /ndnsd/p1/service-info/reload/1605046192080527061%20nanoseconds%20since%20Jan%201%2C%201970?MustBeFresh
1605046192.082580  INFO: [ndnsd.Tools.Reload] Update SuccessfulName: /ndnsd/p1/service-info/reload/1605046192080527061%20nanoseconds%20since%20Jan%201%2C%201970
MetaInfo: [ContentType: 0, FreshnessPeriod: 1000 milliseconds]
Content: [17 bytes]
Signature: [type: SignatureSha256WithEcdsa, length: 71]
1605046192.082615 DEBUG: [ndnsd.Tools.Reload] Tentative next interest schedule in : 2000 milliseconds
1605046194.082840  INFO: [ndnsd.Tools.Reload] Sending reload interest: /ndnsd/p1/service-info/reload/1605046194082803298%20nanoseconds%20since%20Jan%201%2C%201970?MustBeFresh
1605046194.084678  INFO: [ndnsd.Tools.Reload] Update SuccessfulName: /ndnsd/p1/service-info/reload/1605046194082803298%20nanoseconds%20since%20Jan%201%2C%201970
MetaInfo: [ContentType: 0, FreshnessPeriod: 1000 milliseconds]
Content: [17 bytes]
Signature: [type: SignatureSha256WithEcdsa, length: 71]
1605046194.084714 DEBUG: [ndnsd.Tools.Reload] Tentative next interest schedule in : 1996 milliseconds
1605046196.086472  INFO: [ndnsd.Tools.Reload] Sending reload interest: /ndnsd/p1/service-info/reload/1605046196086422185%20nanoseconds%20since%20Jan%201%2C%201970?MustBeFresh
1605046196.088808  INFO: [ndnsd.Tools.Reload] Update SuccessfulName: /ndnsd/p1/service-info/reload/1605046196086422185%20nanoseconds%20since%20Jan%201%2C%201970
MetaInfo: [ContentType: 0, FreshnessPeriod: 1000 milliseconds]
Content: [17 bytes]
Signature: [type: SignatureSha256WithEcdsa, length: 71]
1605046196.088845 DEBUG: [ndnsd.Tools.Reload] Tentative next interest schedule in : 2035 milliseconds
1605046198.124575  INFO: [ndnsd.Tools.Reload] Sending reload interest: /ndnsd/p1/service-info/reload/1605046198124519735%20nanoseconds%20since%20Jan%201%2C%201970?MustBeFresh
1605046198.126765  INFO: [ndnsd.Tools.Reload] Update SuccessfulName: /ndnsd/p1/service-info/reload/1605046198124519735%20nanoseconds%20since%20Jan%201%2C%201970
MetaInfo: [ContentType: 0, FreshnessPeriod: 1000 milliseconds]
Content: [17 bytes]
Signature: [type: SignatureSha256WithEcdsa, length: 70]
1605046198.126801 DEBUG: [ndnsd.Tools.Reload] Tentative next interest schedule in : 2035 milliseconds
1605046200.172591  INFO: [ndnsd.Tools.Reload] Sending reload interest: /ndnsd/p1/service-info/reload/1605046200172541082%20nanoseconds%20since%20Jan%201%2C%201970?MustBeFresh
1605046200.174417  INFO: [ndnsd.Tools.Reload] Update SuccessfulName: /ndnsd/p1/service-info/reload/1605046200172541082%20nanoseconds%20since%20Jan%201%2C%201970
MetaInfo: [ContentType: 0, FreshnessPeriod: 1000 milliseconds]
Content: [17 bytes]
Signature: [type: SignatureSha256WithEcdsa, length: 72]
1605046200.174454 DEBUG: [ndnsd.Tools.Reload] Tentative next interest schedule in : 2039 milliseconds
1605046202.214534  INFO: [ndnsd.Tools.Reload] Sending reload interest: /ndnsd/p1/service-info/reload/1605046202214472162%20nanoseconds%20since%20Jan%201%2C%201970?MustBeFresh
1605046202.216885  INFO: [ndnsd.Tools.Reload] Update SuccessfulName: /ndnsd/p1/service-info/reload/1605046202214472162%20nanoseconds%20since%20Jan%201%2C%201970
MetaInfo: [ContentType: 0, FreshnessPeriod: 1000 milliseconds]
Content: [17 bytes]
Signature: [type: SignatureSha256WithEcdsa, length: 71]
1605046202.216923 DEBUG: [ndnsd.Tools.Reload] Tentative next interest schedule in : 2012 milliseconds
1605046204.235643  INFO: [ndnsd.Tools.Reload] Sending reload interest: /ndnsd/p1/service-info/reload/1605046204235518137%20nanoseconds%20since%20Jan%201%2C%201970?MustBeFresh
1605046204.237441  INFO: [ndnsd.Tools.Reload] Update SuccessfulName: /ndnsd/p1/service-info/reload/1605046204235518137%20nanoseconds%20since%20Jan%201%2C%201970
MetaInfo: [ContentType: 0, FreshnessPeriod: 1000 milliseconds]
Content: [17 bytes]
Signature: [type: SignatureSha256WithEcdsa, length: 72]
1605046204.237476 DEBUG: [ndnsd.Tools.Reload] Tentative next interest schedule in : 2067 milliseconds
1605046206.305826  INFO: [ndnsd.Tools.Reload] Sending reload interest: /ndnsd/p1/service-info/reload/1605046206305779741%20nanoseconds%20since%20Jan%201%2C%201970?MustBeFresh
1605046206.307755  INFO: [ndnsd.Tools.Reload] Update SuccessfulName: /ndnsd/p1/service-info/reload/1605046206305779741%20nanoseconds%20since%20Jan%201%2C%201970
MetaInfo: [ContentType: 0, FreshnessPeriod: 1000 milliseconds]
Content: [17 bytes]
Signature: [type: SignatureSha256WithEcdsa, length: 70]
1605046206.307779 DEBUG: [ndnsd.Tools.Reload] Tentative next interest schedule in : 2050 milliseconds
1605046208.369859  INFO: [ndnsd.Tools.Reload] Sending reload interest: /ndnsd/p1/service-info/reload/1605046208369798462%20nanoseconds%20since%20Jan%201%2C%201970?MustBeFresh
1605046208.371474  INFO: [ndnsd.Tools.Reload] Update SuccessfulName: /ndnsd/p1/service-info/reload/1605046208369798462%20nanoseconds%20since%20Jan%201%2C%201970
MetaInfo: [ContentType: 0, FreshnessPeriod: 1000 milliseconds]
Content: [17 bytes]
Signature: [type: SignatureSha256WithEcdsa, length: 70]
1605046208.371508 DEBUG: [ndnsd.Tools.Reload] Tentative next interest schedule in : 2012 milliseconds
1605046210.405618  INFO: [ndnsd.Tools.Reload] Sending reload interest: /ndnsd/p1/service-info/reload/1605046210405568381%20nanoseconds%20since%20Jan%201%2C%201970?MustBeFresh
1605046210.407470  INFO: [ndnsd.Tools.Reload] Update SuccessfulName: /ndnsd/p1/service-info/reload/1605046210405568381%20nanoseconds%20since%20Jan%201%2C%201970
MetaInfo: [ContentType: 0, FreshnessPeriod: 1000 milliseconds]
Content: [17 bytes]
Signature: [type: SignatureSha256WithEcdsa, length: 71]
1605046210.407503 DEBUG: [ndnsd.Tools.Reload] Tentative next interest schedule in : 2019 milliseconds
1605046212.452762  INFO: [ndnsd.Tools.Reload] Sending reload interest: /ndnsd/p1/service-info/reload/1605046212452698320%20nanoseconds%20since%20Jan%201%2C%201970?MustBeFresh
1605046212.455389  INFO: [ndnsd.Tools.Reload] Update SuccessfulName: /ndnsd/p1/service-info/reload/1605046212452698320%20nanoseconds%20since%20Jan%201%2C%201970
MetaInfo: [ContentType: 0, FreshnessPeriod: 1000 milliseconds]
Content: [17 bytes]
Signature: [type: SignatureSha256WithEcdsa, length: 71]
1605046212.455417 DEBUG: [ndnsd.Tools.Reload] Tentative next interest schedule in : 2018 milliseconds
1605046214.475581  INFO: [ndnsd.Tools.Reload] Sending reload interest: /ndnsd/p1/service-info/reload/1605046214475529071%20nanoseconds%20since%20Jan%201%2C%201970?MustBeFresh
1605046214.477760  INFO: [ndnsd.Tools.Reload] Update SuccessfulName: /ndnsd/p1/service-info/reload/1605046214475529071%20nanoseconds%20since%20Jan%201%2C%201970
MetaInfo: [ContentType: 0, FreshnessPeriod: 1000 milliseconds]
Content: [17 bytes]
Signature: [type: SignatureSha256WithEcdsa, length: 71]
1605046214.477798 DEBUG: [ndnsd.Tools.Reload] Tentative next interest schedule in : 2027 milliseconds
1605046216.510279  INFO: [ndnsd.Tools.Reload] Sending reload interest: /ndnsd/p1/service-info/reload/1605046216510237805%20nanoseconds%20since%20Jan%201%2C%201970?MustBeFresh
1605046216.512067  INFO: [ndnsd.Tools.Reload] Update SuccessfulName: /ndnsd/p1/service-info/reload/1605046216510237805%20nanoseconds%20since%20Jan%201%2C%201970
MetaInfo: [ContentType: 0, FreshnessPeriod: 1000 milliseconds]
Content: [17 bytes]
Signature: [type: SignatureSha256WithEcdsa, length: 70]
1605046216.512100 DEBUG: [ndnsd.Tools.Reload] Tentative next interest schedule in : 2023 milliseconds
1605046218.581042  INFO: [ndnsd.Tools.Reload] Sending reload interest: /ndnsd/p1/service-info/reload/1605046218580995231%20nanoseconds%20since%20Jan%201%2C%201970?MustBeFresh
1605046218.582928  INFO: [ndnsd.Tools.Reload] Update SuccessfulName: /ndnsd/p1/service-info/reload/1605046218580995231%20nanoseconds%20since%20Jan%201%2C%201970
MetaInfo: [ContentType: 0, FreshnessPeriod: 1000 milliseconds]
Content: [17 bytes]
Signature: [type: SignatureSha256WithEcdsa, length: 71]
1605046218.582956 DEBUG: [ndnsd.Tools.Reload] Tentative next interest schedule in : 2058 milliseconds
1605046220.641290  INFO: [ndnsd.Tools.Reload] Sending reload interest: /ndnsd/p1/service-info/reload/1605046220641240946%20nanoseconds%20since%20Jan%201%2C%201970?MustBeFresh
1605046220.643279  INFO: [ndnsd.Tools.Reload] Update SuccessfulName: /ndnsd/p1/service-info/reload/1605046220641240946%20nanoseconds%20since%20Jan%201%2C%201970
MetaInfo: [ContentType: 0, FreshnessPeriod: 1000 milliseconds]
Content: [17 bytes]
Signature: [type: SignatureSha256WithEcdsa, length: 70]
1605046220.643310 DEBUG: [ndnsd.Tools.Reload] Tentative next interest schedule in : 2015 milliseconds
1605046222.666875  INFO: [ndnsd.Tools.Reload] Sending reload interest: /ndnsd/p1/service-info/reload/1605046222666828555%20nanoseconds%20since%20Jan%201%2C%201970?MustBeFresh
1605046222.668501  INFO: [ndnsd.Tools.Reload] Update SuccessfulName: /ndnsd/p1/service-info/reload/1605046222666828555%20nanoseconds%20since%20Jan%201%2C%201970
MetaInfo: [ContentType: 0, FreshnessPeriod: 1000 milliseconds]
Content: [17 bytes]
Signature: [type: SignatureSha256WithEcdsa, length: 71]
1605046222.668530 DEBUG: [ndnsd.Tools.Reload] Tentative next interest schedule in : 2046 milliseconds
1605046224.717562  INFO: [ndnsd.Tools.Reload] Sending reload interest: /ndnsd/p1/service-info/reload/1605046224717503875%20nanoseconds%20since%20Jan%201%2C%201970?MustBeFresh
1605046224.719407  INFO: [ndnsd.Tools.Reload] Update SuccessfulName: /ndnsd/p1/service-info/reload/1605046224717503875%20nanoseconds%20since%20Jan%201%2C%201970
MetaInfo: [ContentType: 0, FreshnessPeriod: 1000 milliseconds]
Content: [17 bytes]
Signature: [type: SignatureSha256WithEcdsa, length: 71]
1605046224.719431 DEBUG: [ndnsd.Tools.Reload] Tentative next interest schedule in : 2052 milliseconds
1605046226.773450  INFO: [ndnsd.Tools.Reload] Sending reload interest: /ndnsd/p1/service-info/reload/1605046226773421528%20nanoseconds%20since%20Jan%201%2C%201970?MustBeFresh
1605046226.775043  INFO: [ndnsd.Tools.Reload] Update SuccessfulName: /ndnsd/p1/service-info/reload/1605046226773421528%20nanoseconds%20since%20Jan%201%2C%201970
MetaInfo: [ContentType: 0, FreshnessPeriod: 1000 milliseconds]
Content: [17 bytes]
Signature: [type: SignatureSha256WithEcdsa, length: 70]
1605046226.775079 DEBUG: [ndnsd.Tools.Reload] Tentative next interest schedule in : 2024 milliseconds
1605046228.811729  INFO: [ndnsd.Tools.Reload] Sending reload interest: /ndnsd/p1/service-info/reload/1605046228811684493%20nanoseconds%20since%20Jan%201%2C%201970?MustBeFresh
1605046228.814133  INFO: [ndnsd.Tools.Reload] Update SuccessfulName: /ndnsd/p1/service-info/reload/1605046228811684493%20nanoseconds%20since%20Jan%201%2C%201970
MetaInfo: [ContentType: 0, FreshnessPeriod: 1000 milliseconds]
Content: [17 bytes]
Signature: [type: SignatureSha256WithEcdsa, length: 71]
1605046228.814228 DEBUG: [ndnsd.Tools.Reload] Tentative next interest schedule in : 2018 milliseconds
1605046230.832449  INFO: [ndnsd.Tools.Reload] Sending reload interest: /ndnsd/p1/service-info/reload/1605046230832412124%20nanoseconds%20since%20Jan%201%2C%201970?MustBeFresh
1605046230.834634  INFO: [ndnsd.Tools.Reload] Update SuccessfulName: /ndnsd/p1/service-info/reload/1605046230832412124%20nanoseconds%20since%20Jan%201%2C%201970
MetaInfo: [ContentType: 0, FreshnessPeriod: 1000 milliseconds]
Content: [17 bytes]
Signature: [type: SignatureSha256WithEcdsa, length: 70]
1605046230.834726 DEBUG: [ndnsd.Tools.Reload] Tentative next interest schedule in : 2015 milliseconds
1605046232.850821  INFO: [ndnsd.Tools.Reload] Sending reload interest: /ndnsd/p1/service-info/reload/1605046232850768974%20nanoseconds%20since%20Jan%201%2C%201970?MustBeFresh
1605046232.852913  INFO: [ndnsd.Tools.Reload] Update SuccessfulName: /ndnsd/p1/service-info/reload/1605046232850768974%20nanoseconds%20since%20Jan%201%2C%201970
MetaInfo: [ContentType: 0, FreshnessPeriod: 1000 milliseconds]
Content: [17 bytes]
Signature: [type: SignatureSha256WithEcdsa, length: 71]
1605046232.852950 DEBUG: [ndnsd.Tools.Reload] Tentative next interest schedule in : 2045 milliseconds
1605046234.975998  INFO: [ndnsd.Tools.Reload] Sending reload interest: /ndnsd/p1/service-info/reload/1605046234975945479%20nanoseconds%20since%20Jan%201%2C%201970?MustBeFresh
1605046234.978192  INFO: [ndnsd.Tools.Reload] Update SuccessfulName: /ndnsd/p1/service-info/reload/1605046234975945479%20nanoseconds%20since%20Jan%201%2C%201970
MetaInfo: [ContentType: 0, FreshnessPeriod: 1000 milliseconds]
Content: [17 bytes]
Signature: [type: SignatureSha256WithEcdsa, length: 72]
1605046234.978230 DEBUG: [ndnsd.Tools.Reload] Tentative next interest schedule in : 2081 milliseconds
1605046237.059463  INFO: [ndnsd.Tools.Reload] Sending reload interest: /ndnsd/p1/service-info/reload/1605046237059409493%20nanoseconds%20since%20Jan%201%2C%201970?MustBeFresh
1605046237.061031  INFO: [ndnsd.Tools.Reload] Update SuccessfulName: /ndnsd/p1/service-info/reload/1605046237059409493%20nanoseconds%20since%20Jan%201%2C%201970
MetaInfo: [ContentType: 0, FreshnessPeriod: 1000 milliseconds]
Content: [17 bytes]
Signature: [type: SignatureSha256WithEcdsa, length: 71]
1605046237.061064 DEBUG: [ndnsd.Tools.Reload] Tentative next interest schedule in : 2021 milliseconds
1605046239.082359  INFO: [ndnsd.Tools.Reload] Sending reload interest: /ndnsd/p1/service-info/reload/1605046239082307397%20nanoseconds%20since%20Jan%201%2C%201970?MustBeFresh
1605046239.084512  INFO: [ndnsd.Tools.Reload] Update SuccessfulName: /ndnsd/p1/service-info/reload/1605046239082307397%20nanoseconds%20since%20Jan%201%2C%201970
MetaInfo: [ContentType: 0, FreshnessPeriod: 1000 milliseconds]
Content: [17 bytes]
Signature: [type: SignatureSha256WithEcdsa, length: 71]
1605046239.084607 DEBUG: [ndnsd.Tools.Reload] Tentative next interest schedule in : 1999 milliseconds
1605046241.119960  INFO: [ndnsd.Tools.Reload] Sending reload interest: /ndnsd/p1/service-info/reload/1605046241119908959%20nanoseconds%20since%20Jan%201%2C%201970?MustBeFresh
1605046241.122052  INFO: [ndnsd.Tools.Reload] Update SuccessfulName: /ndnsd/p1/service-info/reload/1605046241119908959%20nanoseconds%20since%20Jan%201%2C%201970
MetaInfo: [ContentType: 0, FreshnessPeriod: 1000 milliseconds]
Content: [17 bytes]
Signature: [type: SignatureSha256WithEcdsa, length: 70]
1605046241.122129 DEBUG: [ndnsd.Tools.Reload] Tentative next interest schedule in : 2085 milliseconds
1605046243.219756  INFO: [ndnsd.Tools.Reload] Sending reload interest: /ndnsd/p1/service-info/reload/1605046243219715611%20nanoseconds%20since%20Jan%201%2C%201970?MustBeFresh
1605046243.222597  INFO: [ndnsd.Tools.Reload] Update SuccessfulName: /ndnsd/p1/service-info/reload/1605046243219715611%20nanoseconds%20since%20Jan%201%2C%201970
MetaInfo: [ContentType: 0, FreshnessPeriod: 1000 milliseconds]
Content: [17 bytes]
Signature: [type: SignatureSha256WithEcdsa, length: 71]
1605046243.222631 DEBUG: [ndnsd.Tools.Reload] Tentative next interest schedule in : 1996 milliseconds
1605046245.219063  INFO: [ndnsd.Tools.Reload] Sending reload interest: /ndnsd/p1/service-info/reload/1605046245219012594%20nanoseconds%20since%20Jan%201%2C%201970?MustBeFresh
1605046245.221456  INFO: [ndnsd.Tools.Reload] Update SuccessfulName: /ndnsd/p1/service-info/reload/1605046245219012594%20nanoseconds%20since%20Jan%201%2C%201970
MetaInfo: [ContentType: 0, FreshnessPeriod: 1000 milliseconds]
Content: [17 bytes]
Signature: [type: SignatureSha256WithEcdsa, length: 72]
1605046245.221574 DEBUG: [ndnsd.Tools.Reload] Tentative next interest schedule in : 2067 milliseconds
1605046247.290849  INFO: [ndnsd.Tools.Reload] Sending reload interest: /ndnsd/p1/service-info/reload/1605046247290796333%20nanoseconds%20since%20Jan%201%2C%201970?MustBeFresh
1605046247.292612  INFO: [ndnsd.Tools.Reload] Update SuccessfulName: /ndnsd/p1/service-info/reload/1605046247290796333%20nanoseconds%20since%20Jan%201%2C%201970
MetaInfo: [ContentType: 0, FreshnessPeriod: 1000 milliseconds]
Content: [17 bytes]
Signature: [type: SignatureSha256WithEcdsa, length: 71]
1605046247.292722 DEBUG: [ndnsd.Tools.Reload] Tentative next interest schedule in : 2008 milliseconds
1605046249.302031  INFO: [ndnsd.Tools.Reload] Sending reload interest: /ndnsd/p1/service-info/reload/1605046249301977720%20nanoseconds%20since%20Jan%201%2C%201970?MustBeFresh
1605046249.304538  INFO: [ndnsd.Tools.Reload] Update SuccessfulName: /ndnsd/p1/service-info/reload/1605046249301977720%20nanoseconds%20since%20Jan%201%2C%201970
MetaInfo: [ContentType: 0, FreshnessPeriod: 1000 milliseconds]
Content: [17 bytes]
Signature: [type: SignatureSha256WithEcdsa, length: 71]
1605046249.304576 DEBUG: [ndnsd.Tools.Reload] Tentative next interest schedule in : 2060 milliseconds
1605046251.365264  INFO: [ndnsd.Tools.Reload] Sending reload interest: /ndnsd/p1/service-info/reload/1605046251365211705%20nanoseconds%20since%20Jan%201%2C%201970?MustBeFresh
1605046251.367742  INFO: [ndnsd.Tools.Reload] Update SuccessfulName: /ndnsd/p1/service-info/reload/1605046251365211705%20nanoseconds%20since%20Jan%201%2C%201970
MetaInfo: [ContentType: 0, FreshnessPeriod: 1000 milliseconds]
Content: [17 bytes]
Signature: [type: SignatureSha256WithEcdsa, length: 71]
1605046251.367778 DEBUG: [ndnsd.Tools.Reload] Tentative next interest schedule in : 2077 milliseconds
1605046253.450820  INFO: [ndnsd.Tools.Reload] Sending reload interest: /ndnsd/p1/service-info/reload/1605046253450778196%20nanoseconds%20since%20Jan%201%2C%201970?MustBeFresh
1605046253.452922  INFO: [ndnsd.Tools.Reload] Update SuccessfulName: /ndnsd/p1/service-info/reload/1605046253450778196%20nanoseconds%20since%20Jan%201%2C%201970
MetaInfo: [ContentType: 0, FreshnessPeriod: 1000 milliseconds]
Content: [17 bytes]
Signature: [type: SignatureSha256WithEcdsa, length: 72]
1605046253.452956 DEBUG: [ndnsd.Tools.Reload] Tentative next interest schedule in : 2064 milliseconds
1605046255.518272  INFO: [ndnsd.Tools.Reload] Sending reload interest: /ndnsd/p1/service-info/reload/1605046255518179935%20nanoseconds%20since%20Jan%201%2C%201970?MustBeFresh
1605046255.520034  INFO: [ndnsd.Tools.Reload] Update SuccessfulName: /ndnsd/p1/service-info/reload/1605046255518179935%20nanoseconds%20since%20Jan%201%2C%201970
MetaInfo: [ContentType: 0, FreshnessPeriod: 1000 milliseconds]
Content: [17 bytes]
Signature: [type: SignatureSha256WithEcdsa, length: 71]
1605046255.520066 DEBUG: [ndnsd.Tools.Reload] Tentative next interest schedule in : 2000 milliseconds
1605046257.526391  INFO: [ndnsd.Tools.Reload] Sending reload interest: /ndnsd/p1/service-info/reload/1605046257526305813%20nanoseconds%20since%20Jan%201%2C%201970?MustBeFresh
1605046257.529791  INFO: [ndnsd.Tools.Reload] Update SuccessfulName: /ndnsd/p1/service-info/reload/1605046257526305813%20nanoseconds%20since%20Jan%201%2C%201970
MetaInfo: [ContentType: 0, FreshnessPeriod: 1000 milliseconds]
Content: [17 bytes]
Signature: [type: SignatureSha256WithEcdsa, length: 70]
1605046257.529864 DEBUG: [ndnsd.Tools.Reload] Tentative next interest schedule in : 2037 milliseconds
1605046259.567257  INFO: [ndnsd.Tools.Reload] Sending reload interest: /ndnsd/p1/service-info/reload/1605046259567184559%20nanoseconds%20since%20Jan%201%2C%201970?MustBeFresh
1605046259.568818  INFO: [ndnsd.Tools.Reload] Update SuccessfulName: /ndnsd/p1/service-info/reload/1605046259567184559%20nanoseconds%20since%20Jan%201%2C%201970
MetaInfo: [ContentType: 0, FreshnessPeriod: 1000 milliseconds]
Content: [17 bytes]
Signature: [type: SignatureSha256WithEcdsa, length: 70]
1605046259.568854 DEBUG: [ndnsd.Tools.Reload] Tentative next interest schedule in : 2036 milliseconds
1605046261.607968  INFO: [ndnsd.Tools.Reload] Sending reload interest: /ndnsd/p1/service-info/reload/1605046261607916271%20nanoseconds%20since%20Jan%201%2C%201970?MustBeFresh
1605046261.610007  INFO: [ndnsd.Tools.Reload] Update SuccessfulName: /ndnsd/p1/service-info/reload/1605046261607916271%20nanoseconds%20since%20Jan%201%2C%201970
MetaInfo: [ContentType: 0, FreshnessPeriod: 1000 milliseconds]
Content: [17 bytes]
Signature: [type: SignatureSha256WithEcdsa, length: 70]
1605046261.610048 DEBUG: [ndnsd.Tools.Reload] Tentative next interest schedule in : 2083 milliseconds
1605046263.695964  INFO: [ndnsd.Tools.Reload] Sending reload interest: /ndnsd/p1/service-info/reload/1605046263695917913%20nanoseconds%20since%20Jan%201%2C%201970?MustBeFresh
1605046263.698554  INFO: [ndnsd.Tools.Reload] Update SuccessfulName: /ndnsd/p1/service-info/reload/1605046263695917913%20nanoseconds%20since%20Jan%201%2C%201970
MetaInfo: [ContentType: 0, FreshnessPeriod: 1000 milliseconds]
Content: [17 bytes]
Signature: [type: SignatureSha256WithEcdsa, length: 71]
1605046263.698579 DEBUG: [ndnsd.Tools.Reload] Tentative next interest schedule in : 2030 milliseconds
1605046265.733444  INFO: [ndnsd.Tools.Reload] Sending reload interest: /ndnsd/p1/service-info/reload/1605046265733393348%20nanoseconds%20since%20Jan%201%2C%201970?MustBeFresh
1605046265.735836  INFO: [ndnsd.Tools.Reload] Update SuccessfulName: /ndnsd/p1/service-info/reload/1605046265733393348%20nanoseconds%20since%20Jan%201%2C%201970
MetaInfo: [ContentType: 0, FreshnessPeriod: 1000 milliseconds]
Content: [17 bytes]
Signature: [type: SignatureSha256WithEcdsa, length: 71]
1605046265.735868 DEBUG: [ndnsd.Tools.Reload] Tentative next interest schedule in : 2084 milliseconds
1605046267.820116  INFO: [ndnsd.Tools.Reload] Sending reload interest: /ndnsd/p1/service-info/reload/1605046267820072939%20nanoseconds%20since%20Jan%201%2C%201970?MustBeFresh
1605046267.821625  INFO: [ndnsd.Tools.Reload] Update SuccessfulName: /ndnsd/p1/service-info/reload/1605046267820072939%20nanoseconds%20since%20Jan%201%2C%201970
MetaInfo: [ContentType: 0, FreshnessPeriod: 1000 milliseconds]
Content: [17 bytes]
Signature: [type: SignatureSha256WithEcdsa, length: 72]
1605046267.821650 DEBUG: [ndnsd.Tools.Reload] Tentative next interest schedule in : 2038 milliseconds
1605046269.864037  INFO: [ndnsd.Tools.Reload] Sending reload interest: /ndnsd/p1/service-info/reload/1605046269863948783%20nanoseconds%20since%20Jan%201%2C%201970?MustBeFresh
1605046269.866210  INFO: [ndnsd.Tools.Reload] Update SuccessfulName: /ndnsd/p1/service-info/reload/1605046269863948783%20nanoseconds%20since%20Jan%201%2C%201970
MetaInfo: [ContentType: 0, FreshnessPeriod: 1000 milliseconds]
Content: [17 bytes]
Signature: [type: SignatureSha256WithEcdsa, length: 71]
1605046269.866238 DEBUG: [ndnsd.Tools.Reload] Tentative next interest schedule in : 1994 milliseconds
1605046271.893571  INFO: [ndnsd.Tools.Reload] Sending reload interest: /ndnsd/p1/service-info/reload/1605046271893524654%20nanoseconds%20since%20Jan%201%2C%201970?MustBeFresh
1605046271.896084  INFO: [ndnsd.Tools.Reload] Update SuccessfulName: /ndnsd/p1/service-info/reload/1605046271893524654%20nanoseconds%20since%20Jan%201%2C%201970
MetaInfo: [ContentType: 0, FreshnessPeriod: 1000 milliseconds]
Content: [17 bytes]
Signature: [type: SignatureSha256WithEcdsa, length: 72]
1605046271.896115 DEBUG: [ndnsd.Tools.Reload] Tentative next interest schedule in : 2075 milliseconds
1605046273.974943  INFO: [ndnsd.Tools.Reload] Sending reload interest: /ndnsd/p1/service-info/reload/1605046273974715563%20nanoseconds%20since%20Jan%201%2C%201970?MustBeFresh
1605046273.977291  INFO: [ndnsd.Tools.Reload] Update SuccessfulName: /ndnsd/p1/service-info/reload/1605046273974715563%20nanoseconds%20since%20Jan%201%2C%201970
MetaInfo: [ContentType: 0, FreshnessPeriod: 1000 milliseconds]
Content: [17 bytes]
Signature: [type: SignatureSha256WithEcdsa, length: 71]
1605046273.977322 DEBUG: [ndnsd.Tools.Reload] Tentative next interest schedule in : 2072 milliseconds
1605046276.058239  INFO: [ndnsd.Tools.Reload] Sending reload interest: /ndnsd/p1/service-info/reload/1605046276058195814%20nanoseconds%20since%20Jan%201%2C%201970?MustBeFresh
1605046276.061662  INFO: [ndnsd.Tools.Reload] Update SuccessfulName: /ndnsd/p1/service-info/reload/1605046276058195814%20nanoseconds%20since%20Jan%201%2C%201970
MetaInfo: [ContentType: 0, FreshnessPeriod: 1000 milliseconds]
Content: [17 bytes]
Signature: [type: SignatureSha256WithEcdsa, length: 72]
1605046276.061702 DEBUG: [ndnsd.Tools.Reload] Tentative next interest schedule in : 2049 milliseconds
1605046278.133425  INFO: [ndnsd.Tools.Reload] Sending reload interest: /ndnsd/p1/service-info/reload/1605046278133324925%20nanoseconds%20since%20Jan%201%2C%201970?MustBeFresh
1605046278.136334  INFO: [ndnsd.Tools.Reload] Update SuccessfulName: /ndnsd/p1/service-info/reload/1605046278133324925%20nanoseconds%20since%20Jan%201%2C%201970
MetaInfo: [ContentType: 0, FreshnessPeriod: 1000 milliseconds]
Content: [17 bytes]
Signature: [type: SignatureSha256WithEcdsa, length: 72]
1605046278.136362 DEBUG: [ndnsd.Tools.Reload] Tentative next interest schedule in : 2028 milliseconds
1605046280.168257  INFO: [ndnsd.Tools.Reload] Sending reload interest: /ndnsd/p1/service-info/reload/1605046280168148885%20nanoseconds%20since%20Jan%201%2C%201970?MustBeFresh
1605046280.170505  INFO: [ndnsd.Tools.Reload] Update SuccessfulName: /ndnsd/p1/service-info/reload/1605046280168148885%20nanoseconds%20since%20Jan%201%2C%201970
MetaInfo: [ContentType: 0, FreshnessPeriod: 1000 milliseconds]
Content: [17 bytes]
Signature: [type: SignatureSha256WithEcdsa, length: 70]
1605046280.170542 DEBUG: [ndnsd.Tools.Reload] Tentative next interest schedule in : 2043 milliseconds
1605046282.249356  INFO: [ndnsd.Tools.Reload] Sending reload interest: /ndnsd/p1/service-info/reload/1605046282249304122%20nanoseconds%20since%20Jan%201%2C%201970?MustBeFresh
1605046282.252300  INFO: [ndnsd.Tools.Reload] Update SuccessfulName: /ndnsd/p1/service-info/reload/1605046282249304122%20nanoseconds%20since%20Jan%201%2C%201970
MetaInfo: [ContentType: 0, FreshnessPeriod: 1000 milliseconds]
Content: [17 bytes]
Signature: [type: SignatureSha256WithEcdsa, length: 71]
1605046282.252342 DEBUG: [ndnsd.Tools.Reload] Tentative next interest schedule in : 2079 milliseconds
1605046284.333509  INFO: [ndnsd.Tools.Reload] Sending reload interest: /ndnsd/p1/service-info/reload/1605046284333473258%20nanoseconds%20since%20Jan%201%2C%201970?MustBeFresh
1605046284.335121  INFO: [ndnsd.Tools.Reload] Update SuccessfulName: /ndnsd/p1/service-info/reload/1605046284333473258%20nanoseconds%20since%20Jan%201%2C%201970
MetaInfo: [ContentType: 0, FreshnessPeriod: 1000 milliseconds]
Content: [17 bytes]
Signature: [type: SignatureSha256WithEcdsa, length: 70]
1605046284.335149 DEBUG: [ndnsd.Tools.Reload] Tentative next interest schedule in : 2022 milliseconds
1605046286.357684  INFO: [ndnsd.Tools.Reload] Sending reload interest: /ndnsd/p1/service-info/reload/1605046286357633421%20nanoseconds%20since%20Jan%201%2C%201970?MustBeFresh
1605046286.359997  INFO: [ndnsd.Tools.Reload] Update SuccessfulName: /ndnsd/p1/service-info/reload/1605046286357633421%20nanoseconds%20since%20Jan%201%2C%201970
MetaInfo: [ContentType: 0, FreshnessPeriod: 1000 milliseconds]
Content: [17 bytes]
Signature: [type: SignatureSha256WithEcdsa, length: 72]
1605046286.360029 DEBUG: [ndnsd.Tools.Reload] Tentative next interest schedule in : 2022 milliseconds
1605046288.385823  INFO: [ndnsd.Tools.Reload] Sending reload interest: /ndnsd/p1/service-info/reload/1605046288385771976%20nanoseconds%20since%20Jan%201%2C%201970?MustBeFresh
1605046288.387800  INFO: [ndnsd.Tools.Reload] Update SuccessfulName: /ndnsd/p1/service-info/reload/1605046288385771976%20nanoseconds%20since%20Jan%201%2C%201970
MetaInfo: [ContentType: 0, FreshnessPeriod: 1000 milliseconds]
Content: [17 bytes]
Signature: [type: SignatureSha256WithEcdsa, length: 71]
1605046288.387827 DEBUG: [ndnsd.Tools.Reload] Tentative next interest schedule in : 1997 milliseconds
1605046290.385224  INFO: [ndnsd.Tools.Reload] Sending reload interest: /ndnsd/p1/service-info/reload/1605046290385187437%20nanoseconds%20since%20Jan%201%2C%201970?MustBeFresh
1605046290.386829  INFO: [ndnsd.Tools.Reload] Update SuccessfulName: /ndnsd/p1/service-info/reload/1605046290385187437%20nanoseconds%20since%20Jan%201%2C%201970
MetaInfo: [ContentType: 0, FreshnessPeriod: 1000 milliseconds]
Content: [17 bytes]
Signature: [type: SignatureSha256WithEcdsa, length: 70]
1605046290.386854 DEBUG: [ndnsd.Tools.Reload] Tentative next interest schedule in : 2021 milliseconds
1605046292.408683  INFO: [ndnsd.Tools.Reload] Sending reload interest: /ndnsd/p1/service-info/reload/1605046292408628922%20nanoseconds%20since%20Jan%201%2C%201970?MustBeFresh
1605046292.410763  INFO: [ndnsd.Tools.Reload] Update SuccessfulName: /ndnsd/p1/service-info/reload/1605046292408628922%20nanoseconds%20since%20Jan%201%2C%201970
MetaInfo: [ContentType: 0, FreshnessPeriod: 1000 milliseconds]
Content: [17 bytes]
Signature: [type: SignatureSha256WithEcdsa, length: 71]
1605046292.410794 DEBUG: [ndnsd.Tools.Reload] Tentative next interest schedule in : 2000 milliseconds
1605046294.412367  INFO: [ndnsd.Tools.Reload] Sending reload interest: /ndnsd/p1/service-info/reload/1605046294412314747%20nanoseconds%20since%20Jan%201%2C%201970?MustBeFresh
1605046294.414630  INFO: [ndnsd.Tools.Reload] Update SuccessfulName: /ndnsd/p1/service-info/reload/1605046294412314747%20nanoseconds%20since%20Jan%201%2C%201970
MetaInfo: [ContentType: 0, FreshnessPeriod: 1000 milliseconds]
Content: [17 bytes]
Signature: [type: SignatureSha256WithEcdsa, length: 72]
1605046294.414675 DEBUG: [ndnsd.Tools.Reload] Tentative next interest schedule in : 2088 milliseconds
1605046296.518769  INFO: [ndnsd.Tools.Reload] Sending reload interest: /ndnsd/p1/service-info/reload/1605046296518716347%20nanoseconds%20since%20Jan%201%2C%201970?MustBeFresh
1605046296.521684  INFO: [ndnsd.Tools.Reload] Update SuccessfulName: /ndnsd/p1/service-info/reload/1605046296518716347%20nanoseconds%20since%20Jan%201%2C%201970
MetaInfo: [ContentType: 0, FreshnessPeriod: 1000 milliseconds]
Content: [17 bytes]
Signature: [type: SignatureSha256WithEcdsa, length: 70]
1605046296.521724 DEBUG: [ndnsd.Tools.Reload] Tentative next interest schedule in : 2005 milliseconds
1605046298.596652  INFO: [ndnsd.Tools.Reload] Sending reload interest: /ndnsd/p1/service-info/reload/1605046298596600092%20nanoseconds%20since%20Jan%201%2C%201970?MustBeFresh
1605046298.598257  INFO: [ndnsd.Tools.Reload] Update SuccessfulName: /ndnsd/p1/service-info/reload/1605046298596600092%20nanoseconds%20since%20Jan%201%2C%201970
MetaInfo: [ContentType: 0, FreshnessPeriod: 1000 milliseconds]
Content: [17 bytes]
Signature: [type: SignatureSha256WithEcdsa, length: 70]
1605046298.598283 DEBUG: [ndnsd.Tools.Reload] Tentative next interest schedule in : 2011 milliseconds
1605046300.648561  INFO: [ndnsd.Tools.Reload] Sending reload interest: /ndnsd/p1/service-info/reload/1605046300648513173%20nanoseconds%20since%20Jan%201%2C%201970?MustBeFresh
1605046300.650473  INFO: [ndnsd.Tools.Reload] Update SuccessfulName: /ndnsd/p1/service-info/reload/1605046300648513173%20nanoseconds%20since%20Jan%201%2C%201970
MetaInfo: [ContentType: 0, FreshnessPeriod: 1000 milliseconds]
Content: [17 bytes]
Signature: [type: SignatureSha256WithEcdsa, length: 70]
1605046300.650498 DEBUG: [ndnsd.Tools.Reload] Tentative next interest schedule in : 1997 milliseconds
1605046302.648373  INFO: [ndnsd.Tools.Reload] Sending reload interest: /ndnsd/p1/service-info/reload/1605046302648327176%20nanoseconds%20since%20Jan%201%2C%201970?MustBeFresh
1605046302.650736  INFO: [ndnsd.Tools.Reload] Update SuccessfulName: /ndnsd/p1/service-info/reload/1605046302648327176%20nanoseconds%20since%20Jan%201%2C%201970
MetaInfo: [ContentType: 0, FreshnessPeriod: 1000 milliseconds]
Content: [17 bytes]
Signature: [type: SignatureSha256WithEcdsa, length: 72]
1605046302.650771 DEBUG: [ndnsd.Tools.Reload] Tentative next interest schedule in : 2031 milliseconds
1605046304.682815  INFO: [ndnsd.Tools.Reload] Sending reload interest: /ndnsd/p1/service-info/reload/1605046304682721365%20nanoseconds%20since%20Jan%201%2C%201970?MustBeFresh
1605046304.685100  INFO: [ndnsd.Tools.Reload] Update SuccessfulName: /ndnsd/p1/service-info/reload/1605046304682721365%20nanoseconds%20since%20Jan%201%2C%201970
MetaInfo: [ContentType: 0, FreshnessPeriod: 1000 milliseconds]
Content: [17 bytes]
Signature: [type: SignatureSha256WithEcdsa, length: 71]
1605046304.685133 DEBUG: [ndnsd.Tools.Reload] Tentative next interest schedule in : 2051 milliseconds
1605046306.744683  INFO: [ndnsd.Tools.Reload] Sending reload interest: /ndnsd/p1/service-info/reload/1605046306744634264%20nanoseconds%20since%20Jan%201%2C%201970?MustBeFresh
1605046306.746789  INFO: [ndnsd.Tools.Reload] Update SuccessfulName: /ndnsd/p1/service-info/reload/1605046306744634264%20nanoseconds%20since%20Jan%201%2C%201970
MetaInfo: [ContentType: 0, FreshnessPeriod: 1000 milliseconds]
Content: [17 bytes]
Signature: [type: SignatureSha256WithEcdsa, length: 72]
1605046306.746818 DEBUG: [ndnsd.Tools.Reload] Tentative next interest schedule in : 1991 milliseconds
1605046308.747091  INFO: [ndnsd.Tools.Reload] Sending reload interest: /ndnsd/p1/service-info/reload/1605046308746825633%20nanoseconds%20since%20Jan%201%2C%201970?MustBeFresh
1605046308.750227  INFO: [ndnsd.Tools.Reload] Update SuccessfulName: /ndnsd/p1/service-info/reload/1605046308746825633%20nanoseconds%20since%20Jan%201%2C%201970
MetaInfo: [ContentType: 0, FreshnessPeriod: 1000 milliseconds]
Content: [17 bytes]
Signature: [type: SignatureSha256WithEcdsa, length: 70]
1605046308.750264 DEBUG: [ndnsd.Tools.Reload] Tentative next interest schedule in : 2016 milliseconds
1605046310.772845  INFO: [ndnsd.Tools.Reload] Sending reload interest: /ndnsd/p1/service-info/reload/1605046310772793705%20nanoseconds%20since%20Jan%201%2C%201970?MustBeFresh
1605046310.775297  INFO: [ndnsd.Tools.Reload] Update SuccessfulName: /ndnsd/p1/service-info/reload/1605046310772793705%20nanoseconds%20since%20Jan%201%2C%201970
MetaInfo: [ContentType: 0, FreshnessPeriod: 1000 milliseconds]
Content: [17 bytes]
Signature: [type: SignatureSha256WithEcdsa, length: 70]
1605046310.775328 DEBUG: [ndnsd.Tools.Reload] Tentative next interest schedule in : 2070 milliseconds
1605046312.899292  INFO: [ndnsd.Tools.Reload] Sending reload interest: /ndnsd/p1/service-info/reload/1605046312899244197%20nanoseconds%20since%20Jan%201%2C%201970?MustBeFresh
1605046312.901169  INFO: [ndnsd.Tools.Reload] Update SuccessfulName: /ndnsd/p1/service-info/reload/1605046312899244197%20nanoseconds%20since%20Jan%201%2C%201970
MetaInfo: [ContentType: 0, FreshnessPeriod: 1000 milliseconds]
Content: [17 bytes]
Signature: [type: SignatureSha256WithEcdsa, length: 71]
1605046312.901197 DEBUG: [ndnsd.Tools.Reload] Tentative next interest schedule in : 2053 milliseconds
1605046314.954946  INFO: [ndnsd.Tools.Reload] Sending reload interest: /ndnsd/p1/service-info/reload/1605046314954894443%20nanoseconds%20since%20Jan%201%2C%201970?MustBeFresh
1605046314.957345  INFO: [ndnsd.Tools.Reload] Update SuccessfulName: /ndnsd/p1/service-info/reload/1605046314954894443%20nanoseconds%20since%20Jan%201%2C%201970
MetaInfo: [ContentType: 0, FreshnessPeriod: 1000 milliseconds]
Content: [17 bytes]
Signature: [type: SignatureSha256WithEcdsa, length: 72]
1605046314.957371 DEBUG: [ndnsd.Tools.Reload] Tentative next interest schedule in : 1991 milliseconds
1605046317.057240  INFO: [ndnsd.Tools.Reload] Sending reload interest: /ndnsd/p1/service-info/reload/1605046317057203553%20nanoseconds%20since%20Jan%201%2C%201970?MustBeFresh
1605046317.060396  INFO: [ndnsd.Tools.Reload] Update SuccessfulName: /ndnsd/p1/service-info/reload/1605046317057203553%20nanoseconds%20since%20Jan%201%2C%201970
MetaInfo: [ContentType: 0, FreshnessPeriod: 1000 milliseconds]
Content: [17 bytes]
Signature: [type: SignatureSha256WithEcdsa, length: 70]
1605046317.060425 DEBUG: [ndnsd.Tools.Reload] Tentative next interest schedule in : 1996 milliseconds
1605046319.057013  INFO: [ndnsd.Tools.Reload] Sending reload interest: /ndnsd/p1/service-info/reload/1605046319056961669%20nanoseconds%20since%20Jan%201%2C%201970?MustBeFresh
1605046319.059278  INFO: [ndnsd.Tools.Reload] Update SuccessfulName: /ndnsd/p1/service-info/reload/1605046319056961669%20nanoseconds%20since%20Jan%201%2C%201970
MetaInfo: [ContentType: 0, FreshnessPeriod: 1000 milliseconds]
Content: [17 bytes]
Signature: [type: SignatureSha256WithEcdsa, length: 71]
1605046319.059308 DEBUG: [ndnsd.Tools.Reload] Tentative next interest schedule in : 2053 milliseconds
1605046321.152970  INFO: [ndnsd.Tools.Reload] Sending reload interest: /ndnsd/p1/service-info/reload/1605046321152918920%20nanoseconds%20since%20Jan%201%2C%201970?MustBeFresh
1605046321.155110  INFO: [ndnsd.Tools.Reload] Update SuccessfulName: /ndnsd/p1/service-info/reload/1605046321152918920%20nanoseconds%20since%20Jan%201%2C%201970
MetaInfo: [ContentType: 0, FreshnessPeriod: 1000 milliseconds]
Content: [17 bytes]
Signature: [type: SignatureSha256WithEcdsa, length: 72]
1605046321.155144 DEBUG: [ndnsd.Tools.Reload] Tentative next interest schedule in : 2084 milliseconds
1605046323.239338  INFO: [ndnsd.Tools.Reload] Sending reload interest: /ndnsd/p1/service-info/reload/1605046323239248940%20nanoseconds%20since%20Jan%201%2C%201970?MustBeFresh
1605046323.241169  INFO: [ndnsd.Tools.Reload] Update SuccessfulName: /ndnsd/p1/service-info/reload/1605046323239248940%20nanoseconds%20since%20Jan%201%2C%201970
MetaInfo: [ContentType: 0, FreshnessPeriod: 1000 milliseconds]
Content: [17 bytes]
Signature: [type: SignatureSha256WithEcdsa, length: 70]
1605046323.241199 DEBUG: [ndnsd.Tools.Reload] Tentative next interest schedule in : 2043 milliseconds
1605046325.334357  INFO: [ndnsd.Tools.Reload] Sending reload interest: /ndnsd/p1/service-info/reload/1605046325334300036%20nanoseconds%20since%20Jan%201%2C%201970?MustBeFresh
1605046325.336230  INFO: [ndnsd.Tools.Reload] Update SuccessfulName: /ndnsd/p1/service-info/reload/1605046325334300036%20nanoseconds%20since%20Jan%201%2C%201970
MetaInfo: [ContentType: 0, FreshnessPeriod: 1000 milliseconds]
Content: [17 bytes]
Signature: [type: SignatureSha256WithEcdsa, length: 71]
1605046325.336254 DEBUG: [ndnsd.Tools.Reload] Tentative next interest schedule in : 2067 milliseconds
1605046327.444473  INFO: [ndnsd.Tools.Reload] Sending reload interest: /ndnsd/p1/service-info/reload/1605046327444423250%20nanoseconds%20since%20Jan%201%2C%201970?MustBeFresh
1605046327.446413  INFO: [ndnsd.Tools.Reload] Update SuccessfulName: /ndnsd/p1/service-info/reload/1605046327444423250%20nanoseconds%20since%20Jan%201%2C%201970
MetaInfo: [ContentType: 0, FreshnessPeriod: 1000 milliseconds]
Content: [17 bytes]
Signature: [type: SignatureSha256WithEcdsa, length: 71]
1605046327.446446 DEBUG: [ndnsd.Tools.Reload] Tentative next interest schedule in : 2034 milliseconds
1605046329.505244  INFO: [ndnsd.Tools.Reload] Sending reload interest: /ndnsd/p1/service-info/reload/1605046329505141417%20nanoseconds%20since%20Jan%201%2C%201970?MustBeFresh
1605046329.507259  INFO: [ndnsd.Tools.Reload] Update SuccessfulName: /ndnsd/p1/service-info/reload/1605046329505141417%20nanoseconds%20since%20Jan%201%2C%201970
MetaInfo: [ContentType: 0, FreshnessPeriod: 1000 milliseconds]
Content: [17 bytes]
Signature: [type: SignatureSha256WithEcdsa, length: 70]
1605046329.507293 DEBUG: [ndnsd.Tools.Reload] Tentative next interest schedule in : 2077 milliseconds
1605046331.585331  INFO: [ndnsd.Tools.Reload] Sending reload interest: /ndnsd/p1/service-info/reload/1605046331585284165%20nanoseconds%20since%20Jan%201%2C%201970?MustBeFresh
1605046331.587106  INFO: [ndnsd.Tools.Reload] Update SuccessfulName: /ndnsd/p1/service-info/reload/1605046331585284165%20nanoseconds%20since%20Jan%201%2C%201970
MetaInfo: [ContentType: 0, FreshnessPeriod: 1000 milliseconds]
Content: [17 bytes]
Signature: [type: SignatureSha256WithEcdsa, length: 71]
1605046331.587138 DEBUG: [ndnsd.Tools.Reload] Tentative next interest schedule in : 2088 milliseconds
1605046333.675387  INFO: [ndnsd.Tools.Reload] Sending reload interest: /ndnsd/p1/service-info/reload/1605046333675334010%20nanoseconds%20since%20Jan%201%2C%201970?MustBeFresh
1605046333.677390  INFO: [ndnsd.Tools.Reload] Update SuccessfulName: /ndnsd/p1/service-info/reload/1605046333675334010%20nanoseconds%20since%20Jan%201%2C%201970
MetaInfo: [ContentType: 0, FreshnessPeriod: 1000 milliseconds]
Content: [17 bytes]
Signature: [type: SignatureSha256WithEcdsa, length: 72]
1605046333.677416 DEBUG: [ndnsd.Tools.Reload] Tentative next interest schedule in : 2040 milliseconds
1605046335.718297  INFO: [ndnsd.Tools.Reload] Sending reload interest: /ndnsd/p1/service-info/reload/1605046335718245155%20nanoseconds%20since%20Jan%201%2C%201970?MustBeFresh
1605046335.720452  INFO: [ndnsd.Tools.Reload] Update SuccessfulName: /ndnsd/p1/service-info/reload/1605046335718245155%20nanoseconds%20since%20Jan%201%2C%201970
MetaInfo: [ContentType: 0, FreshnessPeriod: 1000 milliseconds]
Content: [17 bytes]
Signature: [type: SignatureSha256WithEcdsa, length: 71]
1605046335.720478 DEBUG: [ndnsd.Tools.Reload] Tentative next interest schedule in : 2084 milliseconds
1605046337.812964  INFO: [ndnsd.Tools.Reload] Sending reload interest: /ndnsd/p1/service-info/reload/1605046337812912809%20nanoseconds%20since%20Jan%201%2C%201970?MustBeFresh
1605046337.815278  INFO: [ndnsd.Tools.Reload] Update SuccessfulName: /ndnsd/p1/service-info/reload/1605046337812912809%20nanoseconds%20since%20Jan%201%2C%201970
MetaInfo: [ContentType: 0, FreshnessPeriod: 1000 milliseconds]
Content: [17 bytes]
Signature: [type: SignatureSha256WithEcdsa, length: 70]
1605046337.815315 DEBUG: [ndnsd.Tools.Reload] Tentative next interest schedule in : 2081 milliseconds
1605046339.987643  INFO: [ndnsd.Tools.Reload] Sending reload interest: /ndnsd/p1/service-info/reload/1605046339987594300%20nanoseconds%20since%20Jan%201%2C%201970?MustBeFresh
1605046339.989512  INFO: [ndnsd.Tools.Reload] Update SuccessfulName: /ndnsd/p1/service-info/reload/1605046339987594300%20nanoseconds%20since%20Jan%201%2C%201970
MetaInfo: [ContentType: 0, FreshnessPeriod: 1000 milliseconds]
Content: [17 bytes]
Signature: [type: SignatureSha256WithEcdsa, length: 71]
1605046339.989540 DEBUG: [ndnsd.Tools.Reload] Tentative next interest schedule in : 2056 milliseconds
1605046342.047203  INFO: [ndnsd.Tools.Reload] Sending reload interest: /ndnsd/p1/service-info/reload/1605046342047151131%20nanoseconds%20since%20Jan%201%2C%201970?MustBeFresh
1605046342.049389  INFO: [ndnsd.Tools.Reload] Update SuccessfulName: /ndnsd/p1/service-info/reload/1605046342047151131%20nanoseconds%20since%20Jan%201%2C%201970
MetaInfo: [ContentType: 0, FreshnessPeriod: 1000 milliseconds]
Content: [17 bytes]
Signature: [type: SignatureSha256WithEcdsa, length: 72]
1605046342.049421 DEBUG: [ndnsd.Tools.Reload] Tentative next interest schedule in : 2069 milliseconds
1605046344.118642  INFO: [ndnsd.Tools.Reload] Sending reload interest: /ndnsd/p1/service-info/reload/1605046344118589776%20nanoseconds%20since%20Jan%201%2C%201970?MustBeFresh
1605046344.121575  INFO: [ndnsd.Tools.Reload] Update SuccessfulName: /ndnsd/p1/service-info/reload/1605046344118589776%20nanoseconds%20since%20Jan%201%2C%201970
MetaInfo: [ContentType: 0, FreshnessPeriod: 1000 milliseconds]
Content: [17 bytes]
Signature: [type: SignatureSha256WithEcdsa, length: 70]
1605046344.121614 DEBUG: [ndnsd.Tools.Reload] Tentative next interest schedule in : 2033 milliseconds
1605046346.155848  INFO: [ndnsd.Tools.Reload] Sending reload interest: /ndnsd/p1/service-info/reload/1605046346155795881%20nanoseconds%20since%20Jan%201%2C%201970?MustBeFresh
1605046346.157881  INFO: [ndnsd.Tools.Reload] Update SuccessfulName: /ndnsd/p1/service-info/reload/1605046346155795881%20nanoseconds%20since%20Jan%201%2C%201970
MetaInfo: [ContentType: 0, FreshnessPeriod: 1000 milliseconds]
Content: [17 bytes]
Signature: [type: SignatureSha256WithEcdsa, length: 70]
1605046346.157915 DEBUG: [ndnsd.Tools.Reload] Tentative next interest schedule in : 2038 milliseconds
1605046348.221750  INFO: [ndnsd.Tools.Reload] Sending reload interest: /ndnsd/p1/service-info/reload/1605046348221646763%20nanoseconds%20since%20Jan%201%2C%201970?MustBeFresh
1605046348.226340  INFO: [ndnsd.Tools.Reload] Update SuccessfulName: /ndnsd/p1/service-info/reload/1605046348221646763%20nanoseconds%20since%20Jan%201%2C%201970
MetaInfo: [ContentType: 0, FreshnessPeriod: 1000 milliseconds]
Content: [17 bytes]
Signature: [type: SignatureSha256WithEcdsa, length: 72]
1605046348.226386 DEBUG: [ndnsd.Tools.Reload] Tentative next interest schedule in : 2074 milliseconds
1605046350.314696  INFO: [ndnsd.Tools.Reload] Sending reload interest: /ndnsd/p1/service-info/reload/1605046350314644301%20nanoseconds%20since%20Jan%201%2C%201970?MustBeFresh
1605046350.317323  INFO: [ndnsd.Tools.Reload] Update SuccessfulName: /ndnsd/p1/service-info/reload/1605046350314644301%20nanoseconds%20since%20Jan%201%2C%201970
MetaInfo: [ContentType: 0, FreshnessPeriod: 1000 milliseconds]
Content: [17 bytes]
Signature: [type: SignatureSha256WithEcdsa, length: 72]
1605046350.317357 DEBUG: [ndnsd.Tools.Reload] Tentative next interest schedule in : 2018 milliseconds
1605046352.336358  INFO: [ndnsd.Tools.Reload] Sending reload interest: /ndnsd/p1/service-info/reload/1605046352336306591%20nanoseconds%20since%20Jan%201%2C%201970?MustBeFresh
1605046352.338297  INFO: [ndnsd.Tools.Reload] Update SuccessfulName: /ndnsd/p1/service-info/reload/1605046352336306591%20nanoseconds%20since%20Jan%201%2C%201970
MetaInfo: [ContentType: 0, FreshnessPeriod: 1000 milliseconds]
Content: [17 bytes]
Signature: [type: SignatureSha256WithEcdsa, length: 71]
1605046352.338327 DEBUG: [ndnsd.Tools.Reload] Tentative next interest schedule in : 2033 milliseconds
1605046354.372629  INFO: [ndnsd.Tools.Reload] Sending reload interest: /ndnsd/p1/service-info/reload/1605046354372574618%20nanoseconds%20since%20Jan%201%2C%201970?MustBeFresh
1605046354.374725  INFO: [ndnsd.Tools.Reload] Update SuccessfulName: /ndnsd/p1/service-info/reload/1605046354372574618%20nanoseconds%20since%20Jan%201%2C%201970
MetaInfo: [ContentType: 0, FreshnessPeriod: 1000 milliseconds]
Content: [17 bytes]
Signature: [type: SignatureSha256WithEcdsa, length: 70]
1605046354.374756 DEBUG: [ndnsd.Tools.Reload] Tentative next interest schedule in : 2088 milliseconds
1605046356.466679  INFO: [ndnsd.Tools.Reload] Sending reload interest: /ndnsd/p1/service-info/reload/1605046356466628471%20nanoseconds%20since%20Jan%201%2C%201970?MustBeFresh
1605046356.469190  INFO: [ndnsd.Tools.Reload] Update SuccessfulName: /ndnsd/p1/service-info/reload/1605046356466628471%20nanoseconds%20since%20Jan%201%2C%201970
MetaInfo: [ContentType: 0, FreshnessPeriod: 1000 milliseconds]
Content: [17 bytes]
Signature: [type: SignatureSha256WithEcdsa, length: 71]
1605046356.469221 DEBUG: [ndnsd.Tools.Reload] Tentative next interest schedule in : 2059 milliseconds
1605046358.581934  INFO: [ndnsd.Tools.Reload] Sending reload interest: /ndnsd/p1/service-info/reload/1605046358581882245%20nanoseconds%20since%20Jan%201%2C%201970?MustBeFresh
1605046358.583979  INFO: [ndnsd.Tools.Reload] Update SuccessfulName: /ndnsd/p1/service-info/reload/1605046358581882245%20nanoseconds%20since%20Jan%201%2C%201970
MetaInfo: [ContentType: 0, FreshnessPeriod: 1000 milliseconds]
Content: [17 bytes]
Signature: [type: SignatureSha256WithEcdsa, length: 71]
1605046358.584006 DEBUG: [ndnsd.Tools.Reload] Tentative next interest schedule in : 2056 milliseconds
1605046360.640787  INFO: [ndnsd.Tools.Reload] Sending reload interest: /ndnsd/p1/service-info/reload/1605046360640735636%20nanoseconds%20since%20Jan%201%2C%201970?MustBeFresh
1605046360.642610  INFO: [ndnsd.Tools.Reload] Update SuccessfulName: /ndnsd/p1/service-info/reload/1605046360640735636%20nanoseconds%20since%20Jan%201%2C%201970
MetaInfo: [ContentType: 0, FreshnessPeriod: 1000 milliseconds]
Content: [17 bytes]
Signature: [type: SignatureSha256WithEcdsa, length: 71]
1605046360.642637 DEBUG: [ndnsd.Tools.Reload] Tentative next interest schedule in : 2046 milliseconds
1605046362.689079  INFO: [ndnsd.Tools.Reload] Sending reload interest: /ndnsd/p1/service-info/reload/1605046362689027938%20nanoseconds%20since%20Jan%201%2C%201970?MustBeFresh
1605046362.691479  INFO: [ndnsd.Tools.Reload] Update SuccessfulName: /ndnsd/p1/service-info/reload/1605046362689027938%20nanoseconds%20since%20Jan%201%2C%201970
MetaInfo: [ContentType: 0, FreshnessPeriod: 1000 milliseconds]
Content: [17 bytes]
Signature: [type: SignatureSha256WithEcdsa, length: 72]
1605046362.691512 DEBUG: [ndnsd.Tools.Reload] Tentative next interest schedule in : 2072 milliseconds
1605046364.764898  INFO: [ndnsd.Tools.Reload] Sending reload interest: /ndnsd/p1/service-info/reload/1605046364764776535%20nanoseconds%20since%20Jan%201%2C%201970?MustBeFresh
1605046364.767308  INFO: [ndnsd.Tools.Reload] Update SuccessfulName: /ndnsd/p1/service-info/reload/1605046364764776535%20nanoseconds%20since%20Jan%201%2C%201970
MetaInfo: [ContentType: 0, FreshnessPeriod: 1000 milliseconds]
Content: [17 bytes]
Signature: [type: SignatureSha256WithEcdsa, length: 71]
1605046364.767350 DEBUG: [ndnsd.Tools.Reload] Tentative next interest schedule in : 2034 milliseconds
1605046366.806026  INFO: [ndnsd.Tools.Reload] Sending reload interest: /ndnsd/p1/service-info/reload/1605046366805970094%20nanoseconds%20since%20Jan%201%2C%201970?MustBeFresh
1605046366.808109  INFO: [ndnsd.Tools.Reload] Update SuccessfulName: /ndnsd/p1/service-info/reload/1605046366805970094%20nanoseconds%20since%20Jan%201%2C%201970
MetaInfo: [ContentType: 0, FreshnessPeriod: 1000 milliseconds]
Content: [17 bytes]
Signature: [type: SignatureSha256WithEcdsa, length: 71]
1605046366.808145 DEBUG: [ndnsd.Tools.Reload] Tentative next interest schedule in : 2073 milliseconds
1605046368.908373  INFO: [ndnsd.Tools.Reload] Sending reload interest: /ndnsd/p1/service-info/reload/1605046368908324687%20nanoseconds%20since%20Jan%201%2C%201970?MustBeFresh
1605046368.910289  INFO: [ndnsd.Tools.Reload] Update SuccessfulName: /ndnsd/p1/service-info/reload/1605046368908324687%20nanoseconds%20since%20Jan%201%2C%201970
MetaInfo: [ContentType: 0, FreshnessPeriod: 1000 milliseconds]
Content: [17 bytes]
Signature: [type: SignatureSha256WithEcdsa, length: 72]
1605046368.910321 DEBUG: [ndnsd.Tools.Reload] Tentative next interest schedule in : 2048 milliseconds
1605046370.979024  INFO: [ndnsd.Tools.Reload] Sending reload interest: /ndnsd/p1/service-info/reload/1605046370978972819%20nanoseconds%20since%20Jan%201%2C%201970?MustBeFresh
1605046370.981089  INFO: [ndnsd.Tools.Reload] Update SuccessfulName: /ndnsd/p1/service-info/reload/1605046370978972819%20nanoseconds%20since%20Jan%201%2C%201970
MetaInfo: [ContentType: 0, FreshnessPeriod: 1000 milliseconds]
Content: [17 bytes]
Signature: [type: SignatureSha256WithEcdsa, length: 71]
1605046370.981119 DEBUG: [ndnsd.Tools.Reload] Tentative next interest schedule in : 2062 milliseconds
1605046373.046640  INFO: [ndnsd.Tools.Reload] Sending reload interest: /ndnsd/p1/service-info/reload/1605046373046592158%20nanoseconds%20since%20Jan%201%2C%201970?MustBeFresh
1605046373.048555  INFO: [ndnsd.Tools.Reload] Update SuccessfulName: /ndnsd/p1/service-info/reload/1605046373046592158%20nanoseconds%20since%20Jan%201%2C%201970
MetaInfo: [ContentType: 0, FreshnessPeriod: 1000 milliseconds]
Content: [17 bytes]
Signature: [type: SignatureSha256WithEcdsa, length: 71]
1605046373.048583 DEBUG: [ndnsd.Tools.Reload] Tentative next interest schedule in : 2066 milliseconds
1605046375.128695  INFO: [ndnsd.Tools.Reload] Sending reload interest: /ndnsd/p1/service-info/reload/1605046375128601625%20nanoseconds%20since%20Jan%201%2C%201970?MustBeFresh
1605046375.130929  INFO: [ndnsd.Tools.Reload] Update SuccessfulName: /ndnsd/p1/service-info/reload/1605046375128601625%20nanoseconds%20since%20Jan%201%2C%201970
MetaInfo: [ContentType: 0, FreshnessPeriod: 1000 milliseconds]
Content: [17 bytes]
Signature: [type: SignatureSha256WithEcdsa, length: 71]
1605046375.130958 DEBUG: [ndnsd.Tools.Reload] Tentative next interest schedule in : 2011 milliseconds
1605046377.161108  INFO: [ndnsd.Tools.Reload] Sending reload interest: /ndnsd/p1/service-info/reload/1605046377161060340%20nanoseconds%20since%20Jan%201%2C%201970?MustBeFresh
1605046377.162872  INFO: [ndnsd.Tools.Reload] Update SuccessfulName: /ndnsd/p1/service-info/reload/1605046377161060340%20nanoseconds%20since%20Jan%201%2C%201970
MetaInfo: [ContentType: 0, FreshnessPeriod: 1000 milliseconds]
Content: [17 bytes]
Signature: [type: SignatureSha256WithEcdsa, length: 70]
1605046377.162900 DEBUG: [ndnsd.Tools.Reload] Tentative next interest schedule in : 2033 milliseconds
1605046379.243379  INFO: [ndnsd.Tools.Reload] Sending reload interest: /ndnsd/p1/service-info/reload/1605046379243332663%20nanoseconds%20since%20Jan%201%2C%201970?MustBeFresh
1605046379.245238  INFO: [ndnsd.Tools.Reload] Update SuccessfulName: /ndnsd/p1/service-info/reload/1605046379243332663%20nanoseconds%20since%20Jan%201%2C%201970
MetaInfo: [ContentType: 0, FreshnessPeriod: 1000 milliseconds]
Content: [17 bytes]
Signature: [type: SignatureSha256WithEcdsa, length: 71]
1605046379.245268 DEBUG: [ndnsd.Tools.Reload] Tentative next interest schedule in : 2032 milliseconds
1605046381.283243  INFO: [ndnsd.Tools.Reload] Sending reload interest: /ndnsd/p1/service-info/reload/1605046381283193447%20nanoseconds%20since%20Jan%201%2C%201970?MustBeFresh
1605046381.285398  INFO: [ndnsd.Tools.Reload] Update SuccessfulName: /ndnsd/p1/service-info/reload/1605046381283193447%20nanoseconds%20since%20Jan%201%2C%201970
MetaInfo: [ContentType: 0, FreshnessPeriod: 1000 milliseconds]
Content: [17 bytes]
Signature: [type: SignatureSha256WithEcdsa, length: 72]
1605046381.285432 DEBUG: [ndnsd.Tools.Reload] Tentative next interest schedule in : 2010 milliseconds
1605046383.296641  INFO: [ndnsd.Tools.Reload] Sending reload interest: /ndnsd/p1/service-info/reload/1605046383296502405%20nanoseconds%20since%20Jan%201%2C%201970?MustBeFresh
