1605751894.510252  INFO: [nlsr.ConfParameter] Router Name: /%C1.Router/cs/c1
1605751894.510295  INFO: [nlsr.ConfParameter] Site Name: /c1-site
1605751894.510298  INFO: [nlsr.ConfParameter] Network: /ndn
1605751894.510300  INFO: [nlsr.ConfParameter] Router Prefix: /ndn/c1-site/%C1.Router/cs/c1
1605751894.510302  INFO: [nlsr.ConfParameter] Sync Prefix: /localhop/ndn/nlsr/sync/%FD%08
1605751894.510305  INFO: [nlsr.ConfParameter] Sync LSA prefix: /localhop/ndn/nlsr/LSA
1605751894.510307  INFO: [nlsr.ConfParameter] Hello Interest retry number: 3
1605751894.510310  INFO: [nlsr.ConfParameter] Hello Interest resend second: 1
1605751894.510312  INFO: [nlsr.ConfParameter] Info Interest interval: 60
1605751894.510313  INFO: [nlsr.ConfParameter] LSA refresh time: 1800
1605751894.510315  INFO: [nlsr.ConfParameter] FIB Entry refresh time: 3600
1605751894.510317  INFO: [nlsr.ConfParameter] LSA Interest lifetime: 4 seconds
1605751894.510331  INFO: [nlsr.ConfParameter] Router dead interval: 3600
1605751894.510336  INFO: [nlsr.ConfParameter] Max Faces Per Prefix: 3
1605751894.510337  INFO: [nlsr.ConfParameter] State Directory: /tmp/minindn/c1/log
1605751894.510339  INFO: [nlsr.ConfParameter] Adjacency LSA build interval:  10
1605751894.510341  INFO: [nlsr.ConfParameter] Routing calculation interval:  15
1605751894.510343 DEBUG: [nlsr.ConfParameter] Initializing Key ...
1605751894.510546  WARN: [nlsr.ConfParameter] Identity /ndn/c1-site/%C1.Router/cs/c1/nlsr does not exist
1605751894.523491 ERROR: [nlsr.ConfParameter] Router's Identity /ndn/c1-site/%C1.Router/cs/c1 does not exist, NLSR is running without security. If security is enabled in the configuration, NLSR will not converge.
1605751894.523541 DEBUG: [nlsr.SyncProtocolAdapter] Using PSync
1605751894.524868 DEBUG: [nlsr.SequencingManager] Seq File Name: /tmp/minindn/c1/log/nlsrSeqNo.txt
1605751894.524895 DEBUG: [nlsr.SequencingManager] Adj LSA seq no: 0
1605751894.524898 DEBUG: [nlsr.SequencingManager] Name LSA Seq no: 0
1605751894.524923 DEBUG: [nlsr.update.PrefixUpdateProcessor] Setting dispatcher to capture Interests for: /localhost/nlsr/prefix-update
1605751894.524957 DEBUG: [nlsr.Nlsr] Initializing Nlsr
1605751894.525468 DEBUG: [nlsr.Nlsr] Default NLSR identity: /ndn/c1-site/%C1.Router/cs/c1/nlsr
1605751894.525657 DEBUG: [nlsr.Nlsr] Setting interest filter for Hello interest: /ndn/c1-site/%C1.Router/cs/c1/nlsr/INFO
1605751894.526085 DEBUG: [nlsr.Nlsr] Setting interest filter for LsaPrefix: /localhop/ndn/nlsr/LSA
1605751894.526241 DEBUG: [nlsr.Nlsr] Enabling incoming face id indication for local face.
1605751894.526526 DEBUG: [nlsr.AdjacencyList] -------Adjacency List--------
1605751894.526538 DEBUG: [nlsr.AdjacencyList] Adjacent: /ndn/p1-site/%C1.Router/cs/p1
		Connecting FaceUri: udp4://10.0.0.2:6363
		Link cost: 10
		Status: 0
		Interest Timed Out: 0
1605751894.526555 DEBUG: [nlsr.Nlsr] Name prefix list: {
/ndn/c1-site/c1
Sources:
  
}
1605751894.526561 DEBUG: [nlsr.SequencingManager] Adj LSA seq no: 0
1605751894.526569 DEBUG: [nlsr.SequencingManager] Name LSA Seq no: 1
1605751894.526661 DEBUG: [nlsr.Lsdb] Adding NAME LSA
1605751894.526672 DEBUG: [nlsr.Lsdb]     NAME LSA:
      Origin Router      : /ndn/c1-site/%C1.Router/cs/c1
      Sequence Number    : 1
      Expires in         : 3599999 milliseconds
      Names:
        Name 0: /ndn/c1-site/c1
1605751894.530384 DEBUG: [nlsr.Nlsr] Successfully registered prefix: /ndn/c1-site/%C1.Router/cs/c1/nlsr/INFO
1605751894.530885 DEBUG: [nlsr.route.Fib] Successfully set strategy choice: /localhost/nfd/strategy/multicast/%FD%03 for name: /localhop/ndn/nlsr/LSA
1605751894.531357 DEBUG: [nlsr.route.Fib] Successfully set strategy choice: /localhost/nfd/strategy/multicast/%FD%03 for name: /localhop/ndn/nlsr/sync/%FD%08
1605751894.531891 DEBUG: [nlsr.Nlsr] Successfully enabled incoming face id indicationfor face id 262
1605751894.532380 DEBUG: [nlsr.Nlsr] Processing face dataset
1605751894.532397 DEBUG: [nlsr.Nlsr] FaceUri: udp4://10.0.0.2:6363 FaceId: 261
1605751894.532402 DEBUG: [nlsr.route.Fib] Registering prefix: /ndn/p1-site/%C1.Router/cs/p1 faceUri: udp4://10.0.0.2:6363
1605751894.532517 DEBUG: [nlsr.route.Fib] Registering prefix: /localhop/ndn/nlsr/LSA faceUri: udp4://10.0.0.2:6363
1605751894.532602 DEBUG: [nlsr.Nlsr] Scheduling Dataset Fetch in 3600 seconds
1605751894.532653 DEBUG: [nlsr.Nlsr] Successfully registered prefix: /localhop/ndn/nlsr/LSA
1605751894.532770 DEBUG: [nlsr.Nlsr] Successfully registered prefix: /localhost/nlsr
1605751894.533265 DEBUG: [nlsr.Nlsr] Successfully registered prefix: /ndn/c1-site/%C1.Router/cs/c1/nlsr
1605751894.533374 DEBUG: [nlsr.CertificateStore] KEY prefix: /ndn/c1-site/%C1.Router/cs/c1/nlsr/KEY registration is successful.
1605751894.533417 DEBUG: [nlsr.CertificateStore] KEY prefix: /ndn/c1-site/%C1.Router/cs/c1/KEY registration is successful.
1605751894.533460 DEBUG: [nlsr.CertificateStore] KEY prefix: /ndn/c1-site/%C1.Operator registration is successful.
1605751894.533500 DEBUG: [nlsr.CertificateStore] KEY prefix: /ndn/c1-site/KEY registration is successful.
1605751894.533833 DEBUG: [nlsr.route.Fib] Successful in name registration: /ndn/p1-site/%C1.Router/cs/p1 Face Uri: udp4://10.0.0.2:6363 faceId: 261
1605751894.533858 DEBUG: [nlsr.HelloProtocol] Expressing Interest: /ndn/p1-site/%C1.Router/cs/p1/nlsr/INFO/%07%20%08%03ndn%08%07c1-site%08%08%C1.Router%08%02cs%08%02c1
1605751894.533868 DEBUG: [nlsr.HelloProtocol] Sending HELLO interest: /ndn/p1-site/%C1.Router/cs/p1/nlsr/INFO/%07%20%08%03ndn%08%07c1-site%08%08%C1.Router%08%02cs%08%02c1
1605751894.534357 DEBUG: [nlsr.route.Fib] Successful in name registration: /localhop/ndn/nlsr/LSA Face Uri: udp4://10.0.0.2:6363 faceId: 261
1605751896.535021 DEBUG: [nlsr.HelloProtocol] Interest timed out for Name: /ndn/p1-site/%C1.Router/cs/p1/nlsr/INFO/%07%20%08%03ndn%08%07c1-site%08%08%C1.Router%08%02cs%08%02c1
1605751896.535067 DEBUG: [nlsr.HelloProtocol] Neighbor: /ndn/p1-site/%C1.Router/cs/p1
1605751896.535073 DEBUG: [nlsr.HelloProtocol] Status: 0
1605751896.535077 DEBUG: [nlsr.HelloProtocol] Info Interest Timed out: 1
1605751896.535089 DEBUG: [nlsr.HelloProtocol] Resending interest: /ndn/p1-site/%C1.Router/cs/p1/nlsr/INFO/%07%20%08%03ndn%08%07c1-site%08%08%C1.Router%08%02cs%08%02c1
1605751896.535094 DEBUG: [nlsr.HelloProtocol] Expressing Interest: /ndn/p1-site/%C1.Router/cs/p1/nlsr/INFO/%07%20%08%03ndn%08%07c1-site%08%08%C1.Router%08%02cs%08%02c1
1605751897.386596 DEBUG: [nlsr.HelloProtocol] Interest Received for Name: /ndn/c1-site/%C1.Router/cs/c1/nlsr/INFO/%07%20%08%03ndn%08%07p1-site%08%08%C1.Router%08%02cs%08%02p1
1605751897.386640 DEBUG: [nlsr.HelloProtocol] Neighbor: /ndn/p1-site/%C1.Router/cs/p1
1605751897.386792 DEBUG: [nlsr.HelloProtocol] Sending out data for name: /ndn/c1-site/%C1.Router/cs/c1/nlsr/INFO/%07%20%08%03ndn%08%07p1-site%08%08%C1.Router%08%02cs%08%02p1
1605751897.386831 DEBUG: [nlsr.HelloProtocol] Expressing Interest: /ndn/p1-site/%C1.Router/cs/p1/nlsr/INFO/%07%20%08%03ndn%08%07c1-site%08%08%C1.Router%08%02cs%08%02c1
1605751897.410682 DEBUG: [nlsr.HelloProtocol] Received data for INFO(name): /ndn/p1-site/%C1.Router/cs/p1/nlsr/INFO/%07%20%08%03ndn%08%07c1-site%08%08%C1.Router%08%02cs%08%02c1/%FD%00%00%01u%DEE%7D6
1605751897.410714 DEBUG: [nlsr.HelloProtocol] Data signed with: /ndn/p1-site/%C1.Router/cs/p1/nlsr/KEY/0%81GV%1A4%F7%1A
1605751897.410726 DEBUG: [nlsr.HelloProtocol] Data validation successful for INFO(name): /ndn/p1-site/%C1.Router/cs/p1/nlsr/INFO/%07%20%08%03ndn%08%07c1-site%08%08%C1.Router%08%02cs%08%02c1/%FD%00%00%01u%DEE%7D6
1605751897.410738 DEBUG: [nlsr.HelloProtocol] Neighbor : /ndn/p1-site/%C1.Router/cs/p1
1605751897.410742 DEBUG: [nlsr.HelloProtocol] Old Status: 0 New Status: 1
1605751897.410747 DEBUG: [nlsr.Lsdb] Scheduling Adjacency LSA build in 10 seconds
1605751897.410767 DEBUG: [nlsr.route.Fib] Registering prefix: /localhop/ndn/nlsr/sync/%FD%08 faceUri: udp4://10.0.0.2:6363
1605751897.412091 DEBUG: [nlsr.route.Fib] Successful in name registration: /localhop/ndn/nlsr/sync/%FD%08 Face Uri: udp4://10.0.0.2:6363 faceId: 261
1605751897.806146 DEBUG: [nlsr.SyncLogicHandler] Update Name: /localhop/ndn/nlsr/LSA/p1-site/%C1.Router/cs/p1/NAME Seq no: 1
1605751897.806172 DEBUG: [nlsr.SyncLogicHandler] Origin Router of update: /ndn/p1-site/%C1.Router/cs/p1
1605751897.806183 DEBUG: [nlsr.SyncLogicHandler] Received sync update with higher NAME sequence number than entry in LSDB
1605751897.806197 DEBUG: [nlsr.Lsdb] Fetching Data for LSA: /localhop/ndn/nlsr/LSA/p1-site/%C1.Router/cs/p1/NAME/%01 Seq number: 1
1605751897.809234 DEBUG: [nlsr.route.Fib] Successfully set strategy choice: /localhost/nfd/strategy/best-route/%FD%05 for name: /ndn/p1-site/%C1.Router/cs/p1/KEY
1605751897.810050 DEBUG: [nlsr.route.Fib] Successfully set strategy choice: /localhost/nfd/strategy/best-route/%FD%05 for name: /ndn/p1-site/%C1.Router/cs/p1/nlsr/KEY
1605751897.810130 DEBUG: [nlsr.route.Fib] Successfully set strategy choice: /localhost/nfd/strategy/best-route/%FD%05 for name: /ndn/p1-site/KEY
1605751897.810218 DEBUG: [nlsr.route.Fib] Successfully set strategy choice: /localhost/nfd/strategy/best-route/%FD%05 for name: /ndn/p1-site/%C1.Operator
1605751897.815172 DEBUG: [nlsr.Lsdb] Interest received for LSA: /localhop/ndn/nlsr/LSA/c1-site/%C1.Router/cs/c1/NAME/%01
1605751897.815231 DEBUG: [nlsr.Lsdb] LSA sequence number from interest: 1
1605751897.815254 DEBUG: [nlsr.Lsdb] /localhop/ndn/nlsr/LSA/c1-site/%C1.Router/cs/c1/NAME/%01?CanBePrefix&MustBeFresh&Nonce=ced4d1fe received for NAME
1605751897.862119 DEBUG: [nlsr.Lsdb] Received data for LSA interest: /localhop/ndn/nlsr/LSA/p1-site/%C1.Router/cs/p1/NAME/%01
1605751897.862462 DEBUG: [nlsr.Lsdb] Adding NAME LSA
1605751897.862471 DEBUG: [nlsr.Lsdb]     NAME LSA:
      Origin Router      : /ndn/p1-site/%C1.Router/cs/p1
      Sequence Number    : 1
      Expires in         : 3599137 milliseconds
      Names:
        Name 0: /ndn/p1-site/p1
1605751897.862520 DEBUG: [nlsr.route.NamePrefixTable] Adding origin: /ndn/p1-site/%C1.Router/cs/p1 to a new name prefix: /ndn/p1-site/%C1.Router/cs/p1
1605751897.862530 DEBUG: [nlsr.route.Fib] Fib::remove called
1605751897.862537 DEBUG: [nlsr.route.NamePrefixTable] Adding origin: /ndn/p1-site/%C1.Router/cs/p1 to a new name prefix: /ndn/p1-site/p1
1605751897.862546 DEBUG: [nlsr.route.Fib] Fib::remove called
1605751898.580487 DEBUG: [nlsr.HelloProtocol] Interest timed out for Name: /ndn/p1-site/%C1.Router/cs/p1/nlsr/INFO/%07%20%08%03ndn%08%07c1-site%08%08%C1.Router%08%02cs%08%02c1
1605751898.580562 DEBUG: [nlsr.HelloProtocol] Neighbor: /ndn/p1-site/%C1.Router/cs/p1
1605751898.580570 DEBUG: [nlsr.HelloProtocol] Status: 1
1605751898.580574 DEBUG: [nlsr.HelloProtocol] Info Interest Timed out: 1
1605751898.580587 DEBUG: [nlsr.HelloProtocol] Resending interest: /ndn/p1-site/%C1.Router/cs/p1/nlsr/INFO/%07%20%08%03ndn%08%07c1-site%08%08%C1.Router%08%02cs%08%02c1
1605751898.580595 DEBUG: [nlsr.HelloProtocol] Expressing Interest: /ndn/p1-site/%C1.Router/cs/p1/nlsr/INFO/%07%20%08%03ndn%08%07c1-site%08%08%C1.Router%08%02cs%08%02c1
1605751898.581433 DEBUG: [nlsr.HelloProtocol] Received data for INFO(name): /ndn/p1-site/%C1.Router/cs/p1/nlsr/INFO/%07%20%08%03ndn%08%07c1-site%08%08%C1.Router%08%02cs%08%02c1/%FD%00%00%01u%DEE%7D6
1605751898.581460 DEBUG: [nlsr.HelloProtocol] Data signed with: /ndn/p1-site/%C1.Router/cs/p1/nlsr/KEY/0%81GV%1A4%F7%1A
1605751898.581497 DEBUG: [nlsr.HelloProtocol] Data validation successful for INFO(name): /ndn/p1-site/%C1.Router/cs/p1/nlsr/INFO/%07%20%08%03ndn%08%07c1-site%08%08%C1.Router%08%02cs%08%02c1/%FD%00%00%01u%DEE%7D6
1605751898.581509 DEBUG: [nlsr.HelloProtocol] Neighbor : /ndn/p1-site/%C1.Router/cs/p1
1605751898.581513 DEBUG: [nlsr.HelloProtocol] Old Status: 1 New Status: 1
1605751898.581521 DEBUG: [nlsr.route.Fib] Registering prefix: /localhop/ndn/nlsr/sync/%FD%08 faceUri: udp4://10.0.0.2:6363
1605751898.583313 DEBUG: [nlsr.route.Fib] Successful in name registration: /localhop/ndn/nlsr/sync/%FD%08 Face Uri: udp4://10.0.0.2:6363 faceId: 261
1605751907.418640 DEBUG: [nlsr.Lsdb] Building and installing own Adj LSA
1605751907.418694 DEBUG: [nlsr.SequencingManager] Adj LSA seq no: 1
1605751907.418701 DEBUG: [nlsr.SequencingManager] Name LSA Seq no: 1
1605751907.420034 DEBUG: [nlsr.Lsdb] Adding ADJACENCY LSA
1605751907.420063 DEBUG: [nlsr.Lsdb]     ADJACENCY LSA:
      Origin Router      : /ndn/c1-site/%C1.Router/cs/c1
      Sequence Number    : 1
      Expires in         : 3599998 milliseconds
      Adjacent(s):
        Adjacent 0: (name=/ndn/p1-site/%C1.Router/cs/p1, uri=udp4://10.0.0.2:6363, cost=10)
1605751907.420115 DEBUG: [nlsr.route.RoutingTable] Scheduling routing table calculation in 15 seconds
1605751907.454425 DEBUG: [nlsr.Lsdb] Interest received for LSA: /localhop/ndn/nlsr/LSA/c1-site/%C1.Router/cs/c1/ADJACENCY/%01
1605751907.454470 DEBUG: [nlsr.Lsdb] LSA sequence number from interest: 1
1605751907.454485 DEBUG: [nlsr.Lsdb] /localhop/ndn/nlsr/LSA/c1-site/%C1.Router/cs/c1/ADJACENCY/%01?CanBePrefix&MustBeFresh&Nonce=98c87fb5 received for ADJACENCY
1605751907.523480 DEBUG: [nlsr.SyncLogicHandler] Update Name: /localhop/ndn/nlsr/LSA/p2-site/%C1.Router/cs/p2/NAME Seq no: 1
1605751907.523520 DEBUG: [nlsr.SyncLogicHandler] Origin Router of update: /ndn/p2-site/%C1.Router/cs/p2
1605751907.523532 DEBUG: [nlsr.SyncLogicHandler] Received sync update with higher NAME sequence number than entry in LSDB
1605751907.523552 DEBUG: [nlsr.Lsdb] Fetching Data for LSA: /localhop/ndn/nlsr/LSA/p2-site/%C1.Router/cs/p2/NAME/%01 Seq number: 1
1605751907.524742 DEBUG: [nlsr.Lsdb] Interest received for LSA: /localhop/ndn/nlsr/LSA/p2-site/%C1.Router/cs/p2/NAME/%01
1605751907.527805 DEBUG: [nlsr.route.Fib] Successfully set strategy choice: /localhost/nfd/strategy/best-route/%FD%05 for name: /ndn/p2-site/%C1.Router/cs/p2/KEY
1605751907.528513 DEBUG: [nlsr.route.Fib] Successfully set strategy choice: /localhost/nfd/strategy/best-route/%FD%05 for name: /ndn/p2-site/%C1.Router/cs/p2/nlsr/KEY
1605751907.528569 DEBUG: [nlsr.route.Fib] Successfully set strategy choice: /localhost/nfd/strategy/best-route/%FD%05 for name: /ndn/p2-site/KEY
1605751907.528591 DEBUG: [nlsr.route.Fib] Successfully set strategy choice: /localhost/nfd/strategy/best-route/%FD%05 for name: /ndn/p2-site/%C1.Operator
1605751907.547657 DEBUG: [nlsr.Lsdb] Received data for LSA interest: /localhop/ndn/nlsr/LSA/p2-site/%C1.Router/cs/p2/NAME/%01
1605751907.548197 DEBUG: [nlsr.Lsdb] Adding NAME LSA
1605751907.548235 DEBUG: [nlsr.Lsdb]     NAME LSA:
      Origin Router      : /ndn/p2-site/%C1.Router/cs/p2
      Sequence Number    : 1
      Expires in         : 3591451 milliseconds
      Names:
        Name 0: /ndn/p2-site/p2
1605751907.548267 DEBUG: [nlsr.route.NamePrefixTable] Adding origin: /ndn/p2-site/%C1.Router/cs/p2 to a new name prefix: /ndn/p2-site/%C1.Router/cs/p2
1605751907.548274 DEBUG: [nlsr.route.Fib] Fib::remove called
1605751907.548279 DEBUG: [nlsr.route.NamePrefixTable] Adding origin: /ndn/p2-site/%C1.Router/cs/p2 to a new name prefix: /ndn/p2-site/p2
1605751907.548283 DEBUG: [nlsr.route.Fib] Fib::remove called
1605751909.452101 DEBUG: [nlsr.SyncLogicHandler] Update Name: /localhop/ndn/nlsr/LSA/p1-site/%C1.Router/cs/p1/ADJACENCY Seq no: 1
1605751909.452123 DEBUG: [nlsr.SyncLogicHandler] Origin Router of update: /ndn/p1-site/%C1.Router/cs/p1
1605751909.452131 DEBUG: [nlsr.SyncLogicHandler] Received sync update with higher ADJACENCY sequence number than entry in LSDB
1605751909.452147 DEBUG: [nlsr.Lsdb] Fetching Data for LSA: /localhop/ndn/nlsr/LSA/p1-site/%C1.Router/cs/p1/ADJACENCY/%01 Seq number: 1
1605751909.478050 DEBUG: [nlsr.Lsdb] Received data for LSA interest: /localhop/ndn/nlsr/LSA/p1-site/%C1.Router/cs/p1/ADJACENCY/%01
1605751909.478218 DEBUG: [nlsr.Lsdb] Adding ADJACENCY LSA
1605751909.478224 DEBUG: [nlsr.Lsdb]     ADJACENCY LSA:
      Origin Router      : /ndn/p1-site/%C1.Router/cs/p1
      Sequence Number    : 1
      Expires in         : 3599521 milliseconds
      Adjacent(s):
        Adjacent 0: (name=/ndn/c1-site/%C1.Router/cs/c1, uri=udp4://10.0.0.1:6363, cost=10)
        Adjacent 1: (name=/ndn/p2-site/%C1.Router/cs/p2, uri=udp4://10.0.0.10:6363, cost=10)
1605751909.478249 DEBUG: [nlsr.route.Fib] Fib::remove called
1605751909.500208 DEBUG: [nlsr.SyncLogicHandler] Update Name: /localhop/ndn/nlsr/LSA/c2-site/%C1.Router/cs/c2/NAME Seq no: 1
1605751909.500233 DEBUG: [nlsr.SyncLogicHandler] Origin Router of update: /ndn/c2-site/%C1.Router/cs/c2
1605751909.500243 DEBUG: [nlsr.SyncLogicHandler] Received sync update with higher NAME sequence number than entry in LSDB
1605751909.500259 DEBUG: [nlsr.Lsdb] Fetching Data for LSA: /localhop/ndn/nlsr/LSA/c2-site/%C1.Router/cs/c2/NAME/%01 Seq number: 1
1605751909.502364 DEBUG: [nlsr.Lsdb] Interest received for LSA: /localhop/ndn/nlsr/LSA/c2-site/%C1.Router/cs/c2/NAME/%01
1605751909.505251 DEBUG: [nlsr.route.Fib] Successfully set strategy choice: /localhost/nfd/strategy/best-route/%FD%05 for name: /ndn/c2-site/%C1.Router/cs/c2/KEY
1605751909.505361 DEBUG: [nlsr.route.Fib] Successfully set strategy choice: /localhost/nfd/strategy/best-route/%FD%05 for name: /ndn/c2-site/%C1.Router/cs/c2/nlsr/KEY
1605751909.505524 DEBUG: [nlsr.route.Fib] Successfully set strategy choice: /localhost/nfd/strategy/best-route/%FD%05 for name: /ndn/c2-site/KEY
1605751909.505609 DEBUG: [nlsr.route.Fib] Successfully set strategy choice: /localhost/nfd/strategy/best-route/%FD%05 for name: /ndn/c2-site/%C1.Operator
1605751909.525249 DEBUG: [nlsr.SyncLogicHandler] Update Name: /localhop/ndn/nlsr/LSA/p3-site/%C1.Router/cs/p3/NAME Seq no: 1
1605751909.525921 DEBUG: [nlsr.SyncLogicHandler] Origin Router of update: /ndn/p3-site/%C1.Router/cs/p3
1605751909.525942 DEBUG: [nlsr.SyncLogicHandler] Received sync update with higher NAME sequence number than entry in LSDB
1605751909.525966 DEBUG: [nlsr.Lsdb] Fetching Data for LSA: /localhop/ndn/nlsr/LSA/p3-site/%C1.Router/cs/p3/NAME/%01 Seq number: 1
1605751909.526747 DEBUG: [nlsr.Lsdb] Received data for LSA interest: /localhop/ndn/nlsr/LSA/c2-site/%C1.Router/cs/c2/NAME/%01
1605751909.526979 DEBUG: [nlsr.Lsdb] Adding NAME LSA
1605751909.526991 DEBUG: [nlsr.Lsdb]     NAME LSA:
      Origin Router      : /ndn/c2-site/%C1.Router/cs/c2
      Sequence Number    : 1
      Expires in         : 3585473 milliseconds
      Names:
        Name 0: /ndn/c2-site/c2
1605751909.527012 DEBUG: [nlsr.route.NamePrefixTable] Adding origin: /ndn/c2-site/%C1.Router/cs/c2 to a new name prefix: /ndn/c2-site/%C1.Router/cs/c2
1605751909.527017 DEBUG: [nlsr.route.Fib] Fib::remove called
1605751909.527021 DEBUG: [nlsr.route.NamePrefixTable] Adding origin: /ndn/c2-site/%C1.Router/cs/c2 to a new name prefix: /ndn/c2-site/c2
1605751909.527025 DEBUG: [nlsr.route.Fib] Fib::remove called
1605751909.527138 DEBUG: [nlsr.Lsdb] Interest received for LSA: /localhop/ndn/nlsr/LSA/p3-site/%C1.Router/cs/p3/NAME/%01
1605751909.530118 DEBUG: [nlsr.route.Fib] Successfully set strategy choice: /localhost/nfd/strategy/best-route/%FD%05 for name: /ndn/p3-site/%C1.Router/cs/p3/KEY
1605751909.530774 DEBUG: [nlsr.route.Fib] Successfully set strategy choice: /localhost/nfd/strategy/best-route/%FD%05 for name: /ndn/p3-site/%C1.Router/cs/p3/nlsr/KEY
1605751909.530830 DEBUG: [nlsr.route.Fib] Successfully set strategy choice: /localhost/nfd/strategy/best-route/%FD%05 for name: /ndn/p3-site/KEY
1605751909.530852 DEBUG: [nlsr.route.Fib] Successfully set strategy choice: /localhost/nfd/strategy/best-route/%FD%05 for name: /ndn/p3-site/%C1.Operator
1605751909.550235 DEBUG: [nlsr.Lsdb] Received data for LSA interest: /localhop/ndn/nlsr/LSA/p3-site/%C1.Router/cs/p3/NAME/%01
1605751909.550385 DEBUG: [nlsr.Lsdb] Adding NAME LSA
1605751909.550392 DEBUG: [nlsr.Lsdb]     NAME LSA:
      Origin Router      : /ndn/p3-site/%C1.Router/cs/p3
      Sequence Number    : 1
      Expires in         : 3590449 milliseconds
      Names:
        Name 0: /ndn/p3-site/p3
1605751909.550416 DEBUG: [nlsr.route.NamePrefixTable] Adding origin: /ndn/p3-site/%C1.Router/cs/p3 to a new name prefix: /ndn/p3-site/%C1.Router/cs/p3
1605751909.550423 DEBUG: [nlsr.route.Fib] Fib::remove called
1605751909.550428 DEBUG: [nlsr.route.NamePrefixTable] Adding origin: /ndn/p3-site/%C1.Router/cs/p3 to a new name prefix: /ndn/p3-site/p3
1605751909.550431 DEBUG: [nlsr.route.Fib] Fib::remove called
1605751910.112689 DEBUG: [nlsr.SyncLogicHandler] Update Name: /localhop/ndn/nlsr/LSA/c2-site/%C1.Router/cs/c2/ADJACENCY Seq no: 1
1605751910.112709 DEBUG: [nlsr.SyncLogicHandler] Origin Router of update: /ndn/c2-site/%C1.Router/cs/c2
1605751910.112717 DEBUG: [nlsr.SyncLogicHandler] Received sync update with higher ADJACENCY sequence number than entry in LSDB
1605751910.112731 DEBUG: [nlsr.Lsdb] Fetching Data for LSA: /localhop/ndn/nlsr/LSA/c2-site/%C1.Router/cs/c2/ADJACENCY/%01 Seq number: 1
1605751910.113004 DEBUG: [nlsr.Lsdb] Interest received for LSA: /localhop/ndn/nlsr/LSA/c2-site/%C1.Router/cs/c2/ADJACENCY/%01
1605751910.136105 DEBUG: [nlsr.Lsdb] Received data for LSA interest: /localhop/ndn/nlsr/LSA/c2-site/%C1.Router/cs/c2/ADJACENCY/%01
1605751910.136356 DEBUG: [nlsr.Lsdb] Adding ADJACENCY LSA
1605751910.136374 DEBUG: [nlsr.Lsdb]     ADJACENCY LSA:
      Origin Router      : /ndn/c2-site/%C1.Router/cs/c2
      Sequence Number    : 1
      Expires in         : 3599863 milliseconds
      Adjacent(s):
        Adjacent 0: (name=/ndn/p2-site/%C1.Router/cs/p2, uri=udp4://10.0.0.6:6363, cost=10)
1605751910.136417 DEBUG: [nlsr.route.Fib] Fib::remove called
1605751911.197068 DEBUG: [nlsr.SyncLogicHandler] Update Name: /localhop/ndn/nlsr/LSA/p2-site/%C1.Router/cs/p2/ADJACENCY Seq no: 1
1605751911.197092 DEBUG: [nlsr.SyncLogicHandler] Origin Router of update: /ndn/p2-site/%C1.Router/cs/p2
1605751911.197100 DEBUG: [nlsr.SyncLogicHandler] Received sync update with higher ADJACENCY sequence number than entry in LSDB
1605751911.197114 DEBUG: [nlsr.Lsdb] Fetching Data for LSA: /localhop/ndn/nlsr/LSA/p2-site/%C1.Router/cs/p2/ADJACENCY/%01 Seq number: 1
1605751911.198114 DEBUG: [nlsr.Lsdb] Interest received for LSA: /localhop/ndn/nlsr/LSA/p2-site/%C1.Router/cs/p2/ADJACENCY/%01
1605751911.224184 DEBUG: [nlsr.Lsdb] Received data for LSA interest: /localhop/ndn/nlsr/LSA/p2-site/%C1.Router/cs/p2/ADJACENCY/%01
1605751911.224597 DEBUG: [nlsr.Lsdb] Adding ADJACENCY LSA
1605751911.224621 DEBUG: [nlsr.Lsdb]     ADJACENCY LSA:
      Origin Router      : /ndn/p2-site/%C1.Router/cs/p2
      Sequence Number    : 1
      Expires in         : 3599775 milliseconds
      Adjacent(s):
        Adjacent 0: (name=/ndn/p1-site/%C1.Router/cs/p1, uri=udp4://10.0.0.9:6363, cost=10)
        Adjacent 1: (name=/ndn/c2-site/%C1.Router/cs/c2, uri=udp4://10.0.0.5:6363, cost=10)
        Adjacent 2: (name=/ndn/p3-site/%C1.Router/cs/p3, uri=udp4://10.0.0.14:6363, cost=10)
1605751911.224691 DEBUG: [nlsr.route.Fib] Fib::remove called
1605751911.224938 DEBUG: [nlsr.SyncLogicHandler] Update Name: /localhop/ndn/nlsr/LSA/p3-site/%C1.Router/cs/p3/ADJACENCY Seq no: 1
1605751911.225081 DEBUG: [nlsr.SyncLogicHandler] Origin Router of update: /ndn/p3-site/%C1.Router/cs/p3
1605751911.225182 DEBUG: [nlsr.SyncLogicHandler] Received sync update with higher ADJACENCY sequence number than entry in LSDB
1605751911.225213 DEBUG: [nlsr.Lsdb] Fetching Data for LSA: /localhop/ndn/nlsr/LSA/p3-site/%C1.Router/cs/p3/ADJACENCY/%01 Seq number: 1
1605751911.225793 DEBUG: [nlsr.Lsdb] Interest received for LSA: /localhop/ndn/nlsr/LSA/p3-site/%C1.Router/cs/p3/ADJACENCY/%01
1605751911.259892 DEBUG: [nlsr.Lsdb] Received data for LSA interest: /localhop/ndn/nlsr/LSA/p3-site/%C1.Router/cs/p3/ADJACENCY/%01
1605751911.260119 DEBUG: [nlsr.Lsdb] Adding ADJACENCY LSA
1605751911.260133 DEBUG: [nlsr.Lsdb]     ADJACENCY LSA:
      Origin Router      : /ndn/p3-site/%C1.Router/cs/p3
      Sequence Number    : 1
      Expires in         : 3599739 milliseconds
      Adjacent(s):
        Adjacent 0: (name=/ndn/p2-site/%C1.Router/cs/p2, uri=udp4://10.0.0.13:6363, cost=10)
1605751911.260163 DEBUG: [nlsr.route.Fib] Fib::remove called
1605751922.421604 DEBUG: [nlsr.Lsdb] ---------------NAME LSDB-------------------
1605751922.421645 DEBUG: [nlsr.Lsdb]     NAME LSA:
      Origin Router      : /ndn/p3-site/%C1.Router/cs/p3
      Sequence Number    : 1
      Expires in         : 3577578 milliseconds
      Names:
        Name 0: /ndn/p3-site/p3
1605751922.421676 DEBUG: [nlsr.Lsdb]     NAME LSA:
      Origin Router      : /ndn/c2-site/%C1.Router/cs/c2
      Sequence Number    : 1
      Expires in         : 3572578 milliseconds
      Names:
        Name 0: /ndn/c2-site/c2
1605751922.421689 DEBUG: [nlsr.Lsdb]     NAME LSA:
      Origin Router      : /ndn/p2-site/%C1.Router/cs/p2
      Sequence Number    : 1
      Expires in         : 3576578 milliseconds
      Names:
        Name 0: /ndn/p2-site/p2
1605751922.421699 DEBUG: [nlsr.Lsdb]     NAME LSA:
      Origin Router      : /ndn/p1-site/%C1.Router/cs/p1
      Sequence Number    : 1
      Expires in         : 3574578 milliseconds
      Names:
        Name 0: /ndn/p1-site/p1
1605751922.421710 DEBUG: [nlsr.Lsdb]     NAME LSA:
      Origin Router      : /ndn/c1-site/%C1.Router/cs/c1
      Sequence Number    : 1
      Expires in         : 3572104 milliseconds
      Names:
        Name 0: /ndn/c1-site/c1
1605751922.421722 DEBUG: [nlsr.Lsdb] ---------------ADJACENCY LSDB-------------------
1605751922.421725 DEBUG: [nlsr.Lsdb]     ADJACENCY LSA:
      Origin Router      : /ndn/p3-site/%C1.Router/cs/p3
      Sequence Number    : 1
      Expires in         : 3588578 milliseconds
      Adjacent(s):
        Adjacent 0: (name=/ndn/p2-site/%C1.Router/cs/p2, uri=udp4://10.0.0.13:6363, cost=10)
1605751922.421747 DEBUG: [nlsr.Lsdb]     ADJACENCY LSA:
      Origin Router      : /ndn/p2-site/%C1.Router/cs/p2
      Sequence Number    : 1
      Expires in         : 3588578 milliseconds
      Adjacent(s):
        Adjacent 0: (name=/ndn/p1-site/%C1.Router/cs/p1, uri=udp4://10.0.0.9:6363, cost=10)
        Adjacent 1: (name=/ndn/c2-site/%C1.Router/cs/c2, uri=udp4://10.0.0.5:6363, cost=10)
        Adjacent 2: (name=/ndn/p3-site/%C1.Router/cs/p3, uri=udp4://10.0.0.14:6363, cost=10)
1605751922.421765 DEBUG: [nlsr.Lsdb]     ADJACENCY LSA:
      Origin Router      : /ndn/c2-site/%C1.Router/cs/c2
      Sequence Number    : 1
      Expires in         : 3587578 milliseconds
      Adjacent(s):
        Adjacent 0: (name=/ndn/p2-site/%C1.Router/cs/p2, uri=udp4://10.0.0.6:6363, cost=10)
1605751922.421777 DEBUG: [nlsr.Lsdb]     ADJACENCY LSA:
      Origin Router      : /ndn/p1-site/%C1.Router/cs/p1
      Sequence Number    : 1
      Expires in         : 3586578 milliseconds
      Adjacent(s):
        Adjacent 0: (name=/ndn/c1-site/%C1.Router/cs/c1, uri=udp4://10.0.0.1:6363, cost=10)
        Adjacent 1: (name=/ndn/p2-site/%C1.Router/cs/p2, uri=udp4://10.0.0.10:6363, cost=10)
1605751922.421791 DEBUG: [nlsr.Lsdb]     ADJACENCY LSA:
      Origin Router      : /ndn/c1-site/%C1.Router/cs/c1
      Sequence Number    : 1
      Expires in         : 3584996 milliseconds
      Adjacent(s):
        Adjacent 0: (name=/ndn/p1-site/%C1.Router/cs/p1, uri=udp4://10.0.0.2:6363, cost=10)
1605751922.421804 DEBUG: [nlsr.route.NamePrefixTable] ----------------NPT----------------------
Name: /ndn/p1-site/%C1.Router/cs/p1
  Destination: /ndn/p1-site/%C1.Router/cs/p1
    
Name: /ndn/p1-site/p1
  Destination: /ndn/p1-site/%C1.Router/cs/p1
    
Name: /ndn/p2-site/%C1.Router/cs/p2
  Destination: /ndn/p2-site/%C1.Router/cs/p2
    
Name: /ndn/p2-site/p2
  Destination: /ndn/p2-site/%C1.Router/cs/p2
    
Name: /ndn/c2-site/%C1.Router/cs/c2
  Destination: /ndn/c2-site/%C1.Router/cs/c2
    
Name: /ndn/c2-site/c2
  Destination: /ndn/c2-site/%C1.Router/cs/c2
    
Name: /ndn/p3-site/%C1.Router/cs/p3
  Destination: /ndn/p3-site/%C1.Router/cs/p3
    
Name: /ndn/p3-site/p3
  Destination: /ndn/p3-site/%C1.Router/cs/p3
    
1605751922.421843 DEBUG: [nlsr.route.RoutingTable] Calculating routing table
1605751922.421874 DEBUG: [nlsr.route.Map] ---------------Map----------------------
1605751922.421878 DEBUG: [nlsr.route.Map] MapEntry: ( Router: /ndn/p3-site/%C1.Router/cs/p3 Mapping No: 0 )
1605751922.421883 DEBUG: [nlsr.route.Map] MapEntry: ( Router: /ndn/p2-site/%C1.Router/cs/p2 Mapping No: 1 )
1605751922.421886 DEBUG: [nlsr.route.Map] MapEntry: ( Router: /ndn/p1-site/%C1.Router/cs/p1 Mapping No: 2 )
1605751922.421891 DEBUG: [nlsr.route.Map] MapEntry: ( Router: /ndn/c2-site/%C1.Router/cs/c2 Mapping No: 3 )
1605751922.421895 DEBUG: [nlsr.route.Map] MapEntry: ( Router: /ndn/c1-site/%C1.Router/cs/c1 Mapping No: 4 )
1605751922.421902 DEBUG: [nlsr.route.RoutingTableCalculator] LinkStateRoutingTableCalculator::calculatePath Called
1605751922.421918 DEBUG: [nlsr.route.RoutingTableCalculator] -----------Legend (routerName -> index)------
1605751922.421924 DEBUG: [nlsr.route.RoutingTableCalculator] Router:/ndn/p3-site/%C1.Router/cs/p3 Index:0
1605751922.421930 DEBUG: [nlsr.route.RoutingTableCalculator] Router:/ndn/p2-site/%C1.Router/cs/p2 Index:1
1605751922.421934 DEBUG: [nlsr.route.RoutingTableCalculator] Router:/ndn/p1-site/%C1.Router/cs/p1 Index:2
1605751922.421938 DEBUG: [nlsr.route.RoutingTableCalculator] Router:/ndn/c2-site/%C1.Router/cs/c2 Index:3
1605751922.421944 DEBUG: [nlsr.route.RoutingTableCalculator] Router:/ndn/c1-site/%C1.Router/cs/c1 Index:4
1605751922.421948 DEBUG: [nlsr.route.RoutingTableCalculator]  |0 1 2 3 4 
1605751922.421950 DEBUG: [nlsr.route.RoutingTableCalculator] ------------
1605751922.421955 DEBUG: [nlsr.route.RoutingTableCalculator] 0|0 10 0 0 0 
1605751922.421960 DEBUG: [nlsr.route.RoutingTableCalculator] 1|10 0 10 10 0 
1605751922.421964 DEBUG: [nlsr.route.RoutingTableCalculator] 2|0 10 0 0 10 
1605751922.421967 DEBUG: [nlsr.route.RoutingTableCalculator] 3|0 10 0 0 0 
1605751922.421970 DEBUG: [nlsr.route.RoutingTableCalculator] 4|0 0 10 0 0 
1605751922.421976 DEBUG: [nlsr.route.RoutingTableCalculator] -----------Legend (routerName -> index)------
1605751922.421979 DEBUG: [nlsr.route.RoutingTableCalculator] Router:/ndn/p3-site/%C1.Router/cs/p3 Index:0
1605751922.421984 DEBUG: [nlsr.route.RoutingTableCalculator] Router:/ndn/p2-site/%C1.Router/cs/p2 Index:1
1605751922.421989 DEBUG: [nlsr.route.RoutingTableCalculator] Router:/ndn/p1-site/%C1.Router/cs/p1 Index:2
1605751922.421993 DEBUG: [nlsr.route.RoutingTableCalculator] Router:/ndn/c2-site/%C1.Router/cs/c2 Index:3
1605751922.421998 DEBUG: [nlsr.route.RoutingTableCalculator] Router:/ndn/c1-site/%C1.Router/cs/c1 Index:4
1605751922.422002 DEBUG: [nlsr.route.RoutingTableCalculator]  |0 1 2 3 4 
1605751922.422005 DEBUG: [nlsr.route.RoutingTableCalculator] ------------
1605751922.422008 DEBUG: [nlsr.route.RoutingTableCalculator] 0|0 10 0 0 0 
1605751922.422014 DEBUG: [nlsr.route.RoutingTableCalculator] 1|10 0 10 10 0 
1605751922.422017 DEBUG: [nlsr.route.RoutingTableCalculator] 2|0 10 0 0 10 
1605751922.422022 DEBUG: [nlsr.route.RoutingTableCalculator] 3|0 10 0 0 0 
1605751922.422025 DEBUG: [nlsr.route.RoutingTableCalculator] 4|0 0 10 0 0 
1605751922.422030 DEBUG: [nlsr.route.RoutingTableCalculator] LinkStateRoutingTableCalculator::addAllNextHopsToRoutingTable Called
1605751922.422037 DEBUG: [nlsr.route.RoutingTable] Adding NextHop(Uri: udp4://10.0.0.2:6363, Cost: 30) for destination: /ndn/p3-site/%C1.Router/cs/p3
1605751922.422052 DEBUG: [nlsr.route.RoutingTable] Adding NextHop(Uri: udp4://10.0.0.2:6363, Cost: 20) for destination: /ndn/p2-site/%C1.Router/cs/p2
1605751922.422064 DEBUG: [nlsr.route.RoutingTable] Adding NextHop(Uri: udp4://10.0.0.2:6363, Cost: 10) for destination: /ndn/p1-site/%C1.Router/cs/p1
1605751922.422073 DEBUG: [nlsr.route.RoutingTable] Adding NextHop(Uri: udp4://10.0.0.2:6363, Cost: 30) for destination: /ndn/c2-site/%C1.Router/cs/c2
1605751922.422082 DEBUG: [nlsr.route.RoutingTable] Calling Update NPT With new Route
1605751922.422086 DEBUG: [nlsr.route.NamePrefixTable] Updating table with newly calculated routes
1605751922.422088 DEBUG: [nlsr.route.NamePrefixTable] Routing entry: /ndn/p3-site/%C1.Router/cs/p3 has changed next-hops.
1605751922.422097 DEBUG: [nlsr.route.Fib] Fib::update called
1605751922.422100 DEBUG: [nlsr.route.Fib] New FIB Entry
1605751922.422123 DEBUG: [nlsr.route.Fib] Registering prefix: /ndn/p3-site/p3 faceUri: udp4://10.0.0.2:6363
1605751922.422302 DEBUG: [nlsr.route.Fib] Scheduling refresh for /ndn/p3-site/p3 Seq Num: 1 in 3600 seconds
1605751922.422328 DEBUG: [nlsr.route.Fib] Fib::update called
1605751922.422332 DEBUG: [nlsr.route.Fib] New FIB Entry
1605751922.422343 DEBUG: [nlsr.route.Fib] Registering prefix: /ndn/p3-site/%C1.Router/cs/p3 faceUri: udp4://10.0.0.2:6363
1605751922.422454 DEBUG: [nlsr.route.Fib] Scheduling refresh for /ndn/p3-site/%C1.Router/cs/p3 Seq Num: 1 in 3600 seconds
1605751922.422473 DEBUG: [nlsr.route.NamePrefixTable] Routing entry: /ndn/c2-site/%C1.Router/cs/c2 has changed next-hops.
1605751922.422481 DEBUG: [nlsr.route.Fib] Fib::update called
1605751922.422483 DEBUG: [nlsr.route.Fib] New FIB Entry
1605751922.422494 DEBUG: [nlsr.route.Fib] Registering prefix: /ndn/c2-site/c2 faceUri: udp4://10.0.0.2:6363
1605751922.422599 DEBUG: [nlsr.route.Fib] Scheduling refresh for /ndn/c2-site/c2 Seq Num: 1 in 3600 seconds
1605751922.422619 DEBUG: [nlsr.route.Fib] Fib::update called
1605751922.422623 DEBUG: [nlsr.route.Fib] New FIB Entry
1605751922.422633 DEBUG: [nlsr.route.Fib] Registering prefix: /ndn/c2-site/%C1.Router/cs/c2 faceUri: udp4://10.0.0.2:6363
1605751922.422741 DEBUG: [nlsr.route.Fib] Scheduling refresh for /ndn/c2-site/%C1.Router/cs/c2 Seq Num: 1 in 3600 seconds
1605751922.422753 DEBUG: [nlsr.route.NamePrefixTable] Routing entry: /ndn/p2-site/%C1.Router/cs/p2 has changed next-hops.
1605751922.422760 DEBUG: [nlsr.route.Fib] Fib::update called
1605751922.422763 DEBUG: [nlsr.route.Fib] New FIB Entry
1605751922.422777 DEBUG: [nlsr.route.Fib] Registering prefix: /ndn/p2-site/p2 faceUri: udp4://10.0.0.2:6363
1605751922.422884 DEBUG: [nlsr.route.Fib] Scheduling refresh for /ndn/p2-site/p2 Seq Num: 1 in 3600 seconds
1605751922.422904 DEBUG: [nlsr.route.Fib] Fib::update called
1605751922.422908 DEBUG: [nlsr.route.Fib] New FIB Entry
1605751922.422918 DEBUG: [nlsr.route.Fib] Registering prefix: /ndn/p2-site/%C1.Router/cs/p2 faceUri: udp4://10.0.0.2:6363
1605751922.423069 DEBUG: [nlsr.route.Fib] Scheduling refresh for /ndn/p2-site/%C1.Router/cs/p2 Seq Num: 1 in 3600 seconds
1605751922.423087 DEBUG: [nlsr.route.NamePrefixTable] Routing entry: /ndn/p1-site/%C1.Router/cs/p1 has changed next-hops.
1605751922.423093 DEBUG: [nlsr.route.Fib] Fib::update called
1605751922.423095 DEBUG: [nlsr.route.Fib] New FIB Entry
1605751922.423104 DEBUG: [nlsr.route.Fib] Registering prefix: /ndn/p1-site/p1 faceUri: udp4://10.0.0.2:6363
1605751922.423200 DEBUG: [nlsr.route.Fib] Scheduling refresh for /ndn/p1-site/p1 Seq Num: 1 in 3600 seconds
1605751922.423218 DEBUG: [nlsr.route.Fib] Fib::update called
1605751922.423222 DEBUG: [nlsr.route.Fib] New FIB Entry
1605751922.423227 DEBUG: [nlsr.route.RoutingTable] Routing Table:
  Destination: /ndn/p3-site/%C1.Router/cs/p3
    NextHop(Uri: udp4://10.0.0.2:6363, Cost: 30)
  Destination: /ndn/p2-site/%C1.Router/cs/p2
    NextHop(Uri: udp4://10.0.0.2:6363, Cost: 20)
  Destination: /ndn/p1-site/%C1.Router/cs/p1
    NextHop(Uri: udp4://10.0.0.2:6363, Cost: 10)
  Destination: /ndn/c2-site/%C1.Router/cs/c2
    NextHop(Uri: udp4://10.0.0.2:6363, Cost: 30)
1605751922.423239 DEBUG: [nlsr.route.NamePrefixTable] ----------------NPT----------------------
Name: /ndn/p1-site/%C1.Router/cs/p1
  Destination: /ndn/p1-site/%C1.Router/cs/p1
    NextHop(Uri: udp4://10.0.0.2:6363, Cost: 10)
Name: /ndn/p1-site/p1
  Destination: /ndn/p1-site/%C1.Router/cs/p1
    NextHop(Uri: udp4://10.0.0.2:6363, Cost: 10)
Name: /ndn/p2-site/%C1.Router/cs/p2
  Destination: /ndn/p2-site/%C1.Router/cs/p2
    NextHop(Uri: udp4://10.0.0.2:6363, Cost: 20)
Name: /ndn/p2-site/p2
  Destination: /ndn/p2-site/%C1.Router/cs/p2
    NextHop(Uri: udp4://10.0.0.2:6363, Cost: 20)
Name: /ndn/c2-site/%C1.Router/cs/c2
  Destination: /ndn/c2-site/%C1.Router/cs/c2
    NextHop(Uri: udp4://10.0.0.2:6363, Cost: 30)
Name: /ndn/c2-site/c2
  Destination: /ndn/c2-site/%C1.Router/cs/c2
    NextHop(Uri: udp4://10.0.0.2:6363, Cost: 30)
Name: /ndn/p3-site/%C1.Router/cs/p3
  Destination: /ndn/p3-site/%C1.Router/cs/p3
    NextHop(Uri: udp4://10.0.0.2:6363, Cost: 30)
Name: /ndn/p3-site/p3
  Destination: /ndn/p3-site/%C1.Router/cs/p3
    NextHop(Uri: udp4://10.0.0.2:6363, Cost: 30)
1605751922.423262 DEBUG: [nlsr.route.Fib] -------------------FIB-----------------------------
1605751922.423264 DEBUG: [nlsr.route.Fib] Name Prefix: /ndn/c2-site/c2
1605751922.423266 DEBUG: [nlsr.route.Fib] Seq No: 1
1605751922.423268 DEBUG: [nlsr.route.Fib]     NextHop(Uri: udp4://10.0.0.2:6363, Cost: 30)
1605751922.423283 DEBUG: [nlsr.route.Fib] Name Prefix: /ndn/c2-site/%C1.Router/cs/c2
1605751922.423287 DEBUG: [nlsr.route.Fib] Seq No: 1
1605751922.423289 DEBUG: [nlsr.route.Fib]     NextHop(Uri: udp4://10.0.0.2:6363, Cost: 30)
1605751922.423292 DEBUG: [nlsr.route.Fib] Name Prefix: /ndn/p1-site/p1
1605751922.423295 DEBUG: [nlsr.route.Fib] Seq No: 1
1605751922.423296 DEBUG: [nlsr.route.Fib]     NextHop(Uri: udp4://10.0.0.2:6363, Cost: 10)
1605751922.423299 DEBUG: [nlsr.route.Fib] Name Prefix: /ndn/p1-site/%C1.Router/cs/p1
1605751922.423301 DEBUG: [nlsr.route.Fib] Seq No: 1
1605751922.423303 DEBUG: [nlsr.route.Fib]     NextHop(Uri: udp4://10.0.0.2:6363, Cost: 10)
1605751922.423307 DEBUG: [nlsr.route.Fib] Name Prefix: /ndn/p2-site/p2
1605751922.423311 DEBUG: [nlsr.route.Fib] Seq No: 1
1605751922.423312 DEBUG: [nlsr.route.Fib]     NextHop(Uri: udp4://10.0.0.2:6363, Cost: 20)
1605751922.423315 DEBUG: [nlsr.route.Fib] Name Prefix: /ndn/p2-site/%C1.Router/cs/p2
1605751922.423318 DEBUG: [nlsr.route.Fib] Seq No: 1
1605751922.423326 DEBUG: [nlsr.route.Fib]     NextHop(Uri: udp4://10.0.0.2:6363, Cost: 20)
1605751922.423329 DEBUG: [nlsr.route.Fib] Name Prefix: /ndn/p3-site/p3
1605751922.423332 DEBUG: [nlsr.route.Fib] Seq No: 1
1605751922.423333 DEBUG: [nlsr.route.Fib]     NextHop(Uri: udp4://10.0.0.2:6363, Cost: 30)
1605751922.423336 DEBUG: [nlsr.route.Fib] Name Prefix: /ndn/p3-site/%C1.Router/cs/p3
1605751922.423341 DEBUG: [nlsr.route.Fib] Seq No: 1
1605751922.423343 DEBUG: [nlsr.route.Fib]     NextHop(Uri: udp4://10.0.0.2:6363, Cost: 30)
1605751922.426091 DEBUG: [nlsr.route.Fib] Successful in name registration: /ndn/p3-site/p3 Face Uri: udp4://10.0.0.2:6363 faceId: 261
1605751922.426781 DEBUG: [nlsr.route.Fib] Successful in name registration: /ndn/p3-site/%C1.Router/cs/p3 Face Uri: udp4://10.0.0.2:6363 faceId: 261
1605751922.427501 DEBUG: [nlsr.route.Fib] Successful in name registration: /ndn/c2-site/c2 Face Uri: udp4://10.0.0.2:6363 faceId: 261
1605751922.428314 DEBUG: [nlsr.route.Fib] Successful in name registration: /ndn/c2-site/%C1.Router/cs/c2 Face Uri: udp4://10.0.0.2:6363 faceId: 261
1605751922.428991 DEBUG: [nlsr.route.Fib] Successful in name registration: /ndn/p2-site/p2 Face Uri: udp4://10.0.0.2:6363 faceId: 261
1605751922.429558 DEBUG: [nlsr.route.Fib] Successful in name registration: /ndn/p2-site/%C1.Router/cs/p2 Face Uri: udp4://10.0.0.2:6363 faceId: 261
1605751922.430256 DEBUG: [nlsr.route.Fib] Successful in name registration: /ndn/p1-site/p1 Face Uri: udp4://10.0.0.2:6363 faceId: 261
1605751954.537827 DEBUG: [nlsr.HelloProtocol] Expressing Interest: /ndn/p1-site/%C1.Router/cs/p1/nlsr/INFO/%07%20%08%03ndn%08%07c1-site%08%08%C1.Router%08%02cs%08%02c1
1605751954.537863 DEBUG: [nlsr.HelloProtocol] Sending HELLO interest: /ndn/p1-site/%C1.Router/cs/p1/nlsr/INFO/%07%20%08%03ndn%08%07c1-site%08%08%C1.Router%08%02cs%08%02c1
1605751954.681663 DEBUG: [nlsr.HelloProtocol] Received data for INFO(name): /ndn/p1-site/%C1.Router/cs/p1/nlsr/INFO/%07%20%08%03ndn%08%07c1-site%08%08%C1.Router%08%02cs%08%02c1/%FD%00%00%01u%DEF%5C%DE
1605751954.681699 DEBUG: [nlsr.HelloProtocol] Data signed with: /ndn/p1-site/%C1.Router/cs/p1/nlsr/KEY/0%81GV%1A4%F7%1A
1605751954.681714 DEBUG: [nlsr.HelloProtocol] Data validation successful for INFO(name): /ndn/p1-site/%C1.Router/cs/p1/nlsr/INFO/%07%20%08%03ndn%08%07c1-site%08%08%C1.Router%08%02cs%08%02c1/%FD%00%00%01u%DEF%5C%DE
1605751954.681728 DEBUG: [nlsr.HelloProtocol] Neighbor : /ndn/p1-site/%C1.Router/cs/p1
1605751954.681733 DEBUG: [nlsr.HelloProtocol] Old Status: 1 New Status: 1
1605751954.681743 DEBUG: [nlsr.route.Fib] Registering prefix: /localhop/ndn/nlsr/sync/%FD%08 faceUri: udp4://10.0.0.2:6363
1605751954.683194 DEBUG: [nlsr.route.Fib] Successful in name registration: /localhop/ndn/nlsr/sync/%FD%08 Face Uri: udp4://10.0.0.2:6363 faceId: 261
1605751957.391037 DEBUG: [nlsr.HelloProtocol] Interest Received for Name: /ndn/c1-site/%C1.Router/cs/c1/nlsr/INFO/%07%20%08%03ndn%08%07p1-site%08%08%C1.Router%08%02cs%08%02p1
1605751957.391078 DEBUG: [nlsr.HelloProtocol] Neighbor: /ndn/p1-site/%C1.Router/cs/p1
1605751957.391247 DEBUG: [nlsr.HelloProtocol] Sending out data for name: /ndn/c1-site/%C1.Router/cs/c1/nlsr/INFO/%07%20%08%03ndn%08%07p1-site%08%08%C1.Router%08%02cs%08%02p1
1605752001.473895 DEBUG: [nlsr.SyncLogicHandler] Update Name: /localhop/ndn/nlsr/LSA/p1-site/%C1.Router/cs/p1/NAME Seq no: 2
1605752001.473915 DEBUG: [nlsr.SyncLogicHandler] Origin Router of update: /ndn/p1-site/%C1.Router/cs/p1
1605752001.473926 DEBUG: [nlsr.SyncLogicHandler] Received sync update with higher NAME sequence number than entry in LSDB
1605752001.473945 DEBUG: [nlsr.Lsdb] Fetching Data for LSA: /localhop/ndn/nlsr/LSA/p1-site/%C1.Router/cs/p1/NAME/%02 Seq number: 2
1605752001.498480 DEBUG: [nlsr.SyncLogicHandler] Update Name: /localhop/ndn/nlsr/LSA/p1-site/%C1.Router/cs/p1/NAME Seq no: 3
1605752001.498498 DEBUG: [nlsr.SyncLogicHandler] Origin Router of update: /ndn/p1-site/%C1.Router/cs/p1
1605752001.498507 DEBUG: [nlsr.SyncLogicHandler] Received sync update with higher NAME sequence number than entry in LSDB
1605752001.498525 DEBUG: [nlsr.Lsdb] Fetching Data for LSA: /localhop/ndn/nlsr/LSA/p1-site/%C1.Router/cs/p1/NAME/%03 Seq number: 3
1605752001.547353 DEBUG: [nlsr.Lsdb] Received data for LSA interest: /localhop/ndn/nlsr/LSA/p1-site/%C1.Router/cs/p1/NAME/%03
1605752001.547500 DEBUG: [nlsr.Lsdb] Updating NAME LSA:
1605752001.547505 DEBUG: [nlsr.Lsdb]     NAME LSA:
      Origin Router      : /ndn/p1-site/%C1.Router/cs/p1
      Sequence Number    : 1
      Expires in         : 3495452 milliseconds
      Names:
        Name 0: /ndn/p1-site/p1
1605752001.547527 DEBUG: [nlsr.route.NamePrefixTable] Adding origin: /ndn/p1-site/%C1.Router/cs/p1 to a new name prefix: /ndnsd/p1/service-info
1605752001.547543 DEBUG: [nlsr.route.Fib] Fib::update called
1605752001.547548 DEBUG: [nlsr.route.Fib] New FIB Entry
1605752001.547578 DEBUG: [nlsr.route.Fib] Registering prefix: /ndnsd/p1/service-info faceUri: udp4://10.0.0.2:6363
1605752001.547726 DEBUG: [nlsr.route.Fib] Scheduling refresh for /ndnsd/p1/service-info Seq Num: 1 in 3600 seconds
1605752001.547780 DEBUG: [nlsr.route.NamePrefixTable] Adding origin: /ndn/p1-site/%C1.Router/cs/p1 to a new name prefix: /discovery/printer
1605752001.547788 DEBUG: [nlsr.route.Fib] Fib::update called
1605752001.547791 DEBUG: [nlsr.route.Fib] New FIB Entry
1605752001.547801 DEBUG: [nlsr.route.Fib] Registering prefix: /discovery/printer faceUri: udp4://10.0.0.2:6363
1605752001.548034 DEBUG: [nlsr.route.Fib] Scheduling refresh for /discovery/printer Seq Num: 1 in 3600 seconds
1605752001.548068 DEBUG: [nlsr.Lsdb] Updated NAME LSA:
1605752001.548072 DEBUG: [nlsr.Lsdb]     NAME LSA:
      Origin Router      : /ndn/p1-site/%C1.Router/cs/p1
      Sequence Number    : 3
      Expires in         : 3599451 milliseconds
      Names:
        Name 0: /ndn/p1-site/p1
        Name 1: /ndnsd/p1/service-info
        Name 2: /discovery/printer
1605752001.550541 DEBUG: [nlsr.route.Fib] Successful in name registration: /ndnsd/p1/service-info Face Uri: udp4://10.0.0.2:6363 faceId: 261
1605752001.551553 DEBUG: [nlsr.route.Fib] Successful in name registration: /discovery/printer Face Uri: udp4://10.0.0.2:6363 faceId: 261
1605752003.530281 DEBUG: [nlsr.SyncLogicHandler] Update Name: /localhop/ndn/nlsr/LSA/p2-site/%C1.Router/cs/p2/NAME Seq no: 2
1605752003.530310 DEBUG: [nlsr.SyncLogicHandler] Origin Router of update: /ndn/p2-site/%C1.Router/cs/p2
1605752003.530319 DEBUG: [nlsr.SyncLogicHandler] Received sync update with higher NAME sequence number than entry in LSDB
1605752003.530336 DEBUG: [nlsr.Lsdb] Fetching Data for LSA: /localhop/ndn/nlsr/LSA/p2-site/%C1.Router/cs/p2/NAME/%02 Seq number: 2
1605752003.531373 DEBUG: [nlsr.Lsdb] Interest received for LSA: /localhop/ndn/nlsr/LSA/p2-site/%C1.Router/cs/p2/NAME/%02
1605752003.562708 DEBUG: [nlsr.Lsdb] Interest received for LSA: /localhop/ndn/nlsr/LSA/p2-site/%C1.Router/cs/p2/NAME/%03
1605752003.564117 DEBUG: [nlsr.SyncLogicHandler] Update Name: /localhop/ndn/nlsr/LSA/p2-site/%C1.Router/cs/p2/NAME Seq no: 3
1605752003.564174 DEBUG: [nlsr.SyncLogicHandler] Origin Router of update: /ndn/p2-site/%C1.Router/cs/p2
1605752003.564186 DEBUG: [nlsr.SyncLogicHandler] Received sync update with higher NAME sequence number than entry in LSDB
1605752003.564234 DEBUG: [nlsr.Lsdb] Fetching Data for LSA: /localhop/ndn/nlsr/LSA/p2-site/%C1.Router/cs/p2/NAME/%03 Seq number: 3
1605752003.588241 DEBUG: [nlsr.Lsdb] Received data for LSA interest: /localhop/ndn/nlsr/LSA/p2-site/%C1.Router/cs/p2/NAME/%03
1605752003.588401 DEBUG: [nlsr.Lsdb] Updating NAME LSA:
1605752003.588416 DEBUG: [nlsr.Lsdb]     NAME LSA:
      Origin Router      : /ndn/p2-site/%C1.Router/cs/p2
      Sequence Number    : 1
      Expires in         : 3495411 milliseconds
      Names:
        Name 0: /ndn/p2-site/p2
1605752003.588441 DEBUG: [nlsr.route.NamePrefixTable] Adding origin: /ndn/p2-site/%C1.Router/cs/p2 to a new name prefix: /ndnsd/p2/service-info
1605752003.588449 DEBUG: [nlsr.route.Fib] Fib::update called
1605752003.588453 DEBUG: [nlsr.route.Fib] New FIB Entry
1605752003.588477 DEBUG: [nlsr.route.Fib] Registering prefix: /ndnsd/p2/service-info faceUri: udp4://10.0.0.2:6363
1605752003.588593 DEBUG: [nlsr.route.Fib] Scheduling refresh for /ndnsd/p2/service-info Seq Num: 1 in 3600 seconds
1605752003.588615 DEBUG: [nlsr.route.Fib] Fib::update called
1605752003.588619 DEBUG: [nlsr.route.Fib] Existing FIB Entry
1605752003.588629 DEBUG: [nlsr.route.Fib] Registering prefix: /discovery/printer faceUri: udp4://10.0.0.2:6363
1605752003.588723 DEBUG: [nlsr.Lsdb] Updated NAME LSA:
1605752003.588734 DEBUG: [nlsr.Lsdb]     NAME LSA:
      Origin Router      : /ndn/p2-site/%C1.Router/cs/p2
      Sequence Number    : 3
      Expires in         : 3599411 milliseconds
      Names:
        Name 0: /ndn/p2-site/p2
        Name 1: /ndnsd/p2/service-info
        Name 2: /discovery/printer
1605752003.590230 DEBUG: [nlsr.route.Fib] Successful in name registration: /ndnsd/p2/service-info Face Uri: udp4://10.0.0.2:6363 faceId: 261
1605752003.590681 DEBUG: [nlsr.route.Fib] Successful in name registration: /discovery/printer Face Uri: udp4://10.0.0.2:6363 faceId: 261
1605752004.532510 DEBUG: [nlsr.Lsdb] Interest received for LSA: /localhop/ndn/nlsr/LSA/p2-site/%C1.Router/cs/p2/NAME/%02
1605752005.686317 DEBUG: [nlsr.SyncLogicHandler] Update Name: /localhop/ndn/nlsr/LSA/p3-site/%C1.Router/cs/p3/NAME Seq no: 2
1605752005.686398 DEBUG: [nlsr.SyncLogicHandler] Origin Router of update: /ndn/p3-site/%C1.Router/cs/p3
1605752005.686412 DEBUG: [nlsr.SyncLogicHandler] Received sync update with higher NAME sequence number than entry in LSDB
1605752005.686434 DEBUG: [nlsr.Lsdb] Fetching Data for LSA: /localhop/ndn/nlsr/LSA/p3-site/%C1.Router/cs/p3/NAME/%02 Seq number: 2
1605752005.687332 DEBUG: [nlsr.Lsdb] Interest received for LSA: /localhop/ndn/nlsr/LSA/p3-site/%C1.Router/cs/p3/NAME/%02
1605752005.715318 DEBUG: [nlsr.SyncLogicHandler] Update Name: /localhop/ndn/nlsr/LSA/p3-site/%C1.Router/cs/p3/NAME Seq no: 3
1605752005.715422 DEBUG: [nlsr.SyncLogicHandler] Origin Router of update: /ndn/p3-site/%C1.Router/cs/p3
1605752005.715437 DEBUG: [nlsr.SyncLogicHandler] Received sync update with higher NAME sequence number than entry in LSDB
1605752005.715459 DEBUG: [nlsr.Lsdb] Fetching Data for LSA: /localhop/ndn/nlsr/LSA/p3-site/%C1.Router/cs/p3/NAME/%03 Seq number: 3
1605752005.716195 DEBUG: [nlsr.Lsdb] Interest received for LSA: /localhop/ndn/nlsr/LSA/p3-site/%C1.Router/cs/p3/NAME/%03
1605752005.742181 DEBUG: [nlsr.Lsdb] Received data for LSA interest: /localhop/ndn/nlsr/LSA/p3-site/%C1.Router/cs/p3/NAME/%03
1605752005.742401 DEBUG: [nlsr.Lsdb] Updating NAME LSA:
1605752005.742418 DEBUG: [nlsr.Lsdb]     NAME LSA:
      Origin Router      : /ndn/p3-site/%C1.Router/cs/p3
      Sequence Number    : 1
      Expires in         : 3494257 milliseconds
      Names:
        Name 0: /ndn/p3-site/p3
1605752005.742445 DEBUG: [nlsr.route.NamePrefixTable] Adding origin: /ndn/p3-site/%C1.Router/cs/p3 to a new name prefix: /ndnsd/p3/service-info
1605752005.742455 DEBUG: [nlsr.route.Fib] Fib::update called
1605752005.742460 DEBUG: [nlsr.route.Fib] New FIB Entry
1605752005.742488 DEBUG: [nlsr.route.Fib] Registering prefix: /ndnsd/p3/service-info faceUri: udp4://10.0.0.2:6363
1605752005.742640 DEBUG: [nlsr.route.Fib] Scheduling refresh for /ndnsd/p3/service-info Seq Num: 1 in 3600 seconds
1605752005.742667 DEBUG: [nlsr.route.Fib] Fib::update called
1605752005.742671 DEBUG: [nlsr.route.Fib] Existing FIB Entry
1605752005.742682 DEBUG: [nlsr.route.Fib] Registering prefix: /discovery/printer faceUri: udp4://10.0.0.2:6363
1605752005.742790 DEBUG: [nlsr.Lsdb] Updated NAME LSA:
1605752005.742802 DEBUG: [nlsr.Lsdb]     NAME LSA:
      Origin Router      : /ndn/p3-site/%C1.Router/cs/p3
      Sequence Number    : 3
      Expires in         : 3599257 milliseconds
      Names:
        Name 0: /ndn/p3-site/p3
        Name 1: /ndnsd/p3/service-info
        Name 2: /discovery/printer
1605752005.744260 DEBUG: [nlsr.route.Fib] Successful in name registration: /ndnsd/p3/service-info Face Uri: udp4://10.0.0.2:6363 faceId: 261
1605752005.744545 DEBUG: [nlsr.route.Fib] Successful in name registration: /discovery/printer Face Uri: udp4://10.0.0.2:6363 faceId: 261
1605752006.533273 DEBUG: [nlsr.Lsdb] Interest received for LSA: /localhop/ndn/nlsr/LSA/p2-site/%C1.Router/cs/p2/NAME/%02
1605752006.688131 DEBUG: [nlsr.Lsdb] Interest received for LSA: /localhop/ndn/nlsr/LSA/p3-site/%C1.Router/cs/p3/NAME/%02
1605752008.689061 DEBUG: [nlsr.Lsdb] Interest received for LSA: /localhop/ndn/nlsr/LSA/p3-site/%C1.Router/cs/p3/NAME/%02
1605752010.534468 DEBUG: [nlsr.Lsdb] Interest received for LSA: /localhop/ndn/nlsr/LSA/p2-site/%C1.Router/cs/p2/NAME/%02
1605752012.688782 DEBUG: [nlsr.Lsdb] Interest received for LSA: /localhop/ndn/nlsr/LSA/p3-site/%C1.Router/cs/p3/NAME/%02
1605752014.538960 DEBUG: [nlsr.HelloProtocol] Expressing Interest: /ndn/p1-site/%C1.Router/cs/p1/nlsr/INFO/%07%20%08%03ndn%08%07c1-site%08%08%C1.Router%08%02cs%08%02c1
1605752014.539048 DEBUG: [nlsr.HelloProtocol] Sending HELLO interest: /ndn/p1-site/%C1.Router/cs/p1/nlsr/INFO/%07%20%08%03ndn%08%07c1-site%08%08%C1.Router%08%02cs%08%02c1
1605752014.670237 DEBUG: [nlsr.HelloProtocol] Received data for INFO(name): /ndn/p1-site/%C1.Router/cs/p1/nlsr/INFO/%07%20%08%03ndn%08%07c1-site%08%08%C1.Router%08%02cs%08%02c1/%FD%00%00%01u%DEGF%D6
1605752014.670275 DEBUG: [nlsr.HelloProtocol] Data signed with: /ndn/p1-site/%C1.Router/cs/p1/nlsr/KEY/0%81GV%1A4%F7%1A
1605752014.670294 DEBUG: [nlsr.HelloProtocol] Data validation successful for INFO(name): /ndn/p1-site/%C1.Router/cs/p1/nlsr/INFO/%07%20%08%03ndn%08%07c1-site%08%08%C1.Router%08%02cs%08%02c1/%FD%00%00%01u%DEGF%D6
1605752014.670312 DEBUG: [nlsr.HelloProtocol] Neighbor : /ndn/p1-site/%C1.Router/cs/p1
1605752014.670318 DEBUG: [nlsr.HelloProtocol] Old Status: 1 New Status: 1
1605752014.670329 DEBUG: [nlsr.route.Fib] Registering prefix: /localhop/ndn/nlsr/sync/%FD%08 faceUri: udp4://10.0.0.2:6363
1605752014.671986 DEBUG: [nlsr.route.Fib] Successful in name registration: /localhop/ndn/nlsr/sync/%FD%08 Face Uri: udp4://10.0.0.2:6363 faceId: 261
1605752017.406156 DEBUG: [nlsr.HelloProtocol] Interest Received for Name: /ndn/c1-site/%C1.Router/cs/c1/nlsr/INFO/%07%20%08%03ndn%08%07p1-site%08%08%C1.Router%08%02cs%08%02p1
1605752017.406191 DEBUG: [nlsr.HelloProtocol] Neighbor: /ndn/p1-site/%C1.Router/cs/p1
1605752017.406335 DEBUG: [nlsr.HelloProtocol] Sending out data for name: /ndn/c1-site/%C1.Router/cs/c1/nlsr/INFO/%07%20%08%03ndn%08%07p1-site%08%08%C1.Router%08%02cs%08%02p1
1605752018.535087 DEBUG: [nlsr.Lsdb] Interest received for LSA: /localhop/ndn/nlsr/LSA/p2-site/%C1.Router/cs/p2/NAME/%02
1605752020.703582 DEBUG: [nlsr.Lsdb] Interest received for LSA: /localhop/ndn/nlsr/LSA/p3-site/%C1.Router/cs/p3/NAME/%02
1605752034.535537 DEBUG: [nlsr.Lsdb] Interest received for LSA: /localhop/ndn/nlsr/LSA/p2-site/%C1.Router/cs/p2/NAME/%02
1605752036.702603 DEBUG: [nlsr.Lsdb] Interest received for LSA: /localhop/ndn/nlsr/LSA/p3-site/%C1.Router/cs/p3/NAME/%02
1605752064.494946 DEBUG: [nlsr.Lsdb] Failed to fetch LSA: /localhop/ndn/nlsr/LSA/p1-site/%C1.Router/cs/p1/NAME, Error code: 1, Message: Timeout exceeded
1605752066.535101 DEBUG: [nlsr.Lsdb] Failed to fetch LSA: /localhop/ndn/nlsr/LSA/p2-site/%C1.Router/cs/p2/NAME, Error code: 1, Message: Timeout exceeded
1605752068.697968 DEBUG: [nlsr.Lsdb] Failed to fetch LSA: /localhop/ndn/nlsr/LSA/p3-site/%C1.Router/cs/p3/NAME, Error code: 1, Message: Timeout exceeded
1605752074.552713 DEBUG: [nlsr.HelloProtocol] Expressing Interest: /ndn/p1-site/%C1.Router/cs/p1/nlsr/INFO/%07%20%08%03ndn%08%07c1-site%08%08%C1.Router%08%02cs%08%02c1
1605752074.552765 DEBUG: [nlsr.HelloProtocol] Sending HELLO interest: /ndn/p1-site/%C1.Router/cs/p1/nlsr/INFO/%07%20%08%03ndn%08%07c1-site%08%08%C1.Router%08%02cs%08%02c1
1605752074.629429 DEBUG: [nlsr.HelloProtocol] Received data for INFO(name): /ndn/p1-site/%C1.Router/cs/p1/nlsr/INFO/%07%20%08%03ndn%08%07c1-site%08%08%C1.Router%08%02cs%08%02c1/%FD%00%00%01u%DEH1E
1605752074.629461 DEBUG: [nlsr.HelloProtocol] Data signed with: /ndn/p1-site/%C1.Router/cs/p1/nlsr/KEY/0%81GV%1A4%F7%1A
1605752074.629476 DEBUG: [nlsr.HelloProtocol] Data validation successful for INFO(name): /ndn/p1-site/%C1.Router/cs/p1/nlsr/INFO/%07%20%08%03ndn%08%07c1-site%08%08%C1.Router%08%02cs%08%02c1/%FD%00%00%01u%DEH1E
1605752074.629489 DEBUG: [nlsr.HelloProtocol] Neighbor : /ndn/p1-site/%C1.Router/cs/p1
1605752074.629493 DEBUG: [nlsr.HelloProtocol] Old Status: 1 New Status: 1
1605752074.629502 DEBUG: [nlsr.route.Fib] Registering prefix: /localhop/ndn/nlsr/sync/%FD%08 faceUri: udp4://10.0.0.2:6363
1605752074.630858 DEBUG: [nlsr.route.Fib] Successful in name registration: /localhop/ndn/nlsr/sync/%FD%08 Face Uri: udp4://10.0.0.2:6363 faceId: 261
1605752077.434714 DEBUG: [nlsr.HelloProtocol] Interest Received for Name: /ndn/c1-site/%C1.Router/cs/c1/nlsr/INFO/%07%20%08%03ndn%08%07p1-site%08%08%C1.Router%08%02cs%08%02p1
1605752077.434763 DEBUG: [nlsr.HelloProtocol] Neighbor: /ndn/p1-site/%C1.Router/cs/p1
1605752077.434932 DEBUG: [nlsr.HelloProtocol] Sending out data for name: /ndn/c1-site/%C1.Router/cs/c1/nlsr/INFO/%07%20%08%03ndn%08%07p1-site%08%08%C1.Router%08%02cs%08%02p1
1605752134.575816 DEBUG: [nlsr.HelloProtocol] Expressing Interest: /ndn/p1-site/%C1.Router/cs/p1/nlsr/INFO/%07%20%08%03ndn%08%07c1-site%08%08%C1.Router%08%02cs%08%02c1
1605752134.575883 DEBUG: [nlsr.HelloProtocol] Sending HELLO interest: /ndn/p1-site/%C1.Router/cs/p1/nlsr/INFO/%07%20%08%03ndn%08%07c1-site%08%08%C1.Router%08%02cs%08%02c1
1605752134.599190 DEBUG: [nlsr.HelloProtocol] Received data for INFO(name): /ndn/p1-site/%C1.Router/cs/p1/nlsr/INFO/%07%20%08%03ndn%08%07c1-site%08%08%C1.Router%08%02cs%08%02c1/%FD%00%00%01u%DEI%1B%BB
1605752134.599229 DEBUG: [nlsr.HelloProtocol] Data signed with: /ndn/p1-site/%C1.Router/cs/p1/nlsr/KEY/0%81GV%1A4%F7%1A
1605752134.599244 DEBUG: [nlsr.HelloProtocol] Data validation successful for INFO(name): /ndn/p1-site/%C1.Router/cs/p1/nlsr/INFO/%07%20%08%03ndn%08%07c1-site%08%08%C1.Router%08%02cs%08%02c1/%FD%00%00%01u%DEI%1B%BB
1605752134.599259 DEBUG: [nlsr.HelloProtocol] Neighbor : /ndn/p1-site/%C1.Router/cs/p1
1605752134.599265 DEBUG: [nlsr.HelloProtocol] Old Status: 1 New Status: 1
1605752134.599276 DEBUG: [nlsr.route.Fib] Registering prefix: /localhop/ndn/nlsr/sync/%FD%08 faceUri: udp4://10.0.0.2:6363
1605752134.600911 DEBUG: [nlsr.route.Fib] Successful in name registration: /localhop/ndn/nlsr/sync/%FD%08 Face Uri: udp4://10.0.0.2:6363 faceId: 261
1605752137.439186 DEBUG: [nlsr.HelloProtocol] Interest Received for Name: /ndn/c1-site/%C1.Router/cs/c1/nlsr/INFO/%07%20%08%03ndn%08%07p1-site%08%08%C1.Router%08%02cs%08%02p1
1605752137.439224 DEBUG: [nlsr.HelloProtocol] Neighbor: /ndn/p1-site/%C1.Router/cs/p1
1605752137.439521 DEBUG: [nlsr.HelloProtocol] Sending out data for name: /ndn/c1-site/%C1.Router/cs/c1/nlsr/INFO/%07%20%08%03ndn%08%07p1-site%08%08%C1.Router%08%02cs%08%02p1
1605752194.589027 DEBUG: [nlsr.HelloProtocol] Expressing Interest: /ndn/p1-site/%C1.Router/cs/p1/nlsr/INFO/%07%20%08%03ndn%08%07c1-site%08%08%C1.Router%08%02cs%08%02c1
1605752194.589080 DEBUG: [nlsr.HelloProtocol] Sending HELLO interest: /ndn/p1-site/%C1.Router/cs/p1/nlsr/INFO/%07%20%08%03ndn%08%07c1-site%08%08%C1.Router%08%02cs%08%02c1
1605752194.623417 DEBUG: [nlsr.HelloProtocol] Received data for INFO(name): /ndn/p1-site/%C1.Router/cs/p1/nlsr/INFO/%07%20%08%03ndn%08%07c1-site%08%08%C1.Router%08%02cs%08%02c1/%FD%00%00%01u%DEJ%06%28
1605752194.623449 DEBUG: [nlsr.HelloProtocol] Data signed with: /ndn/p1-site/%C1.Router/cs/p1/nlsr/KEY/0%81GV%1A4%F7%1A
1605752194.623463 DEBUG: [nlsr.HelloProtocol] Data validation successful for INFO(name): /ndn/p1-site/%C1.Router/cs/p1/nlsr/INFO/%07%20%08%03ndn%08%07c1-site%08%08%C1.Router%08%02cs%08%02c1/%FD%00%00%01u%DEJ%06%28
1605752194.623476 DEBUG: [nlsr.HelloProtocol] Neighbor : /ndn/p1-site/%C1.Router/cs/p1
1605752194.623481 DEBUG: [nlsr.HelloProtocol] Old Status: 1 New Status: 1
1605752194.623490 DEBUG: [nlsr.route.Fib] Registering prefix: /localhop/ndn/nlsr/sync/%FD%08 faceUri: udp4://10.0.0.2:6363
1605752194.624880 DEBUG: [nlsr.route.Fib] Successful in name registration: /localhop/ndn/nlsr/sync/%FD%08 Face Uri: udp4://10.0.0.2:6363 faceId: 261
1605752197.427374 DEBUG: [nlsr.HelloProtocol] Interest Received for Name: /ndn/c1-site/%C1.Router/cs/c1/nlsr/INFO/%07%20%08%03ndn%08%07p1-site%08%08%C1.Router%08%02cs%08%02p1
1605752197.427416 DEBUG: [nlsr.HelloProtocol] Neighbor: /ndn/p1-site/%C1.Router/cs/p1
1605752197.427620 DEBUG: [nlsr.HelloProtocol] Sending out data for name: /ndn/c1-site/%C1.Router/cs/c1/nlsr/INFO/%07%20%08%03ndn%08%07p1-site%08%08%C1.Router%08%02cs%08%02p1
