1605737554.819522  INFO: [nlsr.ConfParameter] Router Name: /%C1.Router/cs/p1
1605737554.819553  INFO: [nlsr.ConfParameter] Site Name: /p1-site
1605737554.819556  INFO: [nlsr.ConfParameter] Network: /ndn
1605737554.819558  INFO: [nlsr.ConfParameter] Router Prefix: /ndn/p1-site/%C1.Router/cs/p1
1605737554.819560  INFO: [nlsr.ConfParameter] Sync Prefix: /localhop/ndn/nlsr/sync/%FD%08
1605737554.819562  INFO: [nlsr.ConfParameter] Sync LSA prefix: /localhop/ndn/nlsr/LSA
1605737554.819565  INFO: [nlsr.ConfParameter] Hello Interest retry number: 3
1605737554.819568  INFO: [nlsr.ConfParameter] Hello Interest resend second: 1
1605737554.819569  INFO: [nlsr.ConfParameter] Info Interest interval: 60
1605737554.819571  INFO: [nlsr.ConfParameter] LSA refresh time: 1800
1605737554.819573  INFO: [nlsr.ConfParameter] FIB Entry refresh time: 3600
1605737554.819574  INFO: [nlsr.ConfParameter] LSA Interest lifetime: 4 seconds
1605737554.819589  INFO: [nlsr.ConfParameter] Router dead interval: 3600
1605737554.819594  INFO: [nlsr.ConfParameter] Max Faces Per Prefix: 3
1605737554.819596  INFO: [nlsr.ConfParameter] State Directory: /tmp/minindn/p1/log
1605737554.819597  INFO: [nlsr.ConfParameter] Adjacency LSA build interval:  10
1605737554.819599  INFO: [nlsr.ConfParameter] Routing calculation interval:  15
1605737554.819601 DEBUG: [nlsr.ConfParameter] Initializing Key ...
1605737554.819786  WARN: [nlsr.ConfParameter] Identity /ndn/p1-site/%C1.Router/cs/p1/nlsr does not exist
1605737554.835127 ERROR: [nlsr.ConfParameter] Router's Identity /ndn/p1-site/%C1.Router/cs/p1 does not exist, NLSR is running without security. If security is enabled in the configuration, NLSR will not converge.
1605737554.835191 DEBUG: [nlsr.SyncProtocolAdapter] Using PSync
1605737554.836672 DEBUG: [nlsr.SequencingManager] Seq File Name: /tmp/minindn/p1/log/nlsrSeqNo.txt
1605737554.836707 DEBUG: [nlsr.SequencingManager] Adj LSA seq no: 0
1605737554.836710 DEBUG: [nlsr.SequencingManager] Name LSA Seq no: 0
1605737554.836781 DEBUG: [nlsr.update.PrefixUpdateProcessor] Setting dispatcher to capture Interests for: /localhost/nlsr/prefix-update
1605737554.836823 DEBUG: [nlsr.Nlsr] Initializing Nlsr
1605737554.837455 DEBUG: [nlsr.Nlsr] Default NLSR identity: /ndn/p1-site/%C1.Router/cs/p1/nlsr
1605737554.837476 DEBUG: [nlsr.Nlsr] Setting interest filter for Hello interest: /ndn/p1-site/%C1.Router/cs/p1/nlsr/INFO
1605737554.837995 DEBUG: [nlsr.Nlsr] Setting interest filter for LsaPrefix: /localhop/ndn/nlsr/LSA
1605737554.838165 DEBUG: [nlsr.Nlsr] Enabling incoming face id indication for local face.
1605737554.838427 DEBUG: [nlsr.AdjacencyList] -------Adjacency List--------
1605737554.838439 DEBUG: [nlsr.AdjacencyList] Adjacent: /ndn/c1-site/%C1.Router/cs/c1
		Connecting FaceUri: udp4://10.0.0.1:6363
		Link cost: 10
		Status: 0
		Interest Timed Out: 0
1605737554.838461 DEBUG: [nlsr.AdjacencyList] Adjacent: /ndn/p2-site/%C1.Router/cs/p2
		Connecting FaceUri: udp4://10.0.0.10:6363
		Link cost: 10
		Status: 0
		Interest Timed Out: 0
1605737554.838466 DEBUG: [nlsr.Nlsr] Name prefix list: {
/ndn/p1-site/p1
Sources:
  
}
1605737554.838474 DEBUG: [nlsr.SequencingManager] Adj LSA seq no: 0
1605737554.838489 DEBUG: [nlsr.SequencingManager] Name LSA Seq no: 1
1605737554.838585 DEBUG: [nlsr.Lsdb] Adding NAME LSA
1605737554.838596 DEBUG: [nlsr.Lsdb]     NAME LSA:
      Origin Router      : /ndn/p1-site/%C1.Router/cs/p1
      Sequence Number    : 1
      Expires in         : 3599999 milliseconds
      Names:
        Name 0: /ndn/p1-site/p1
1605737554.842355 DEBUG: [nlsr.Nlsr] Successfully registered prefix: /ndn/p1-site/%C1.Router/cs/p1/nlsr/INFO
1605737554.843297 DEBUG: [nlsr.route.Fib] Successfully set strategy choice: /localhost/nfd/strategy/multicast/%FD%03 for name: /localhop/ndn/nlsr/LSA
1605737554.843585 DEBUG: [nlsr.route.Fib] Successfully set strategy choice: /localhost/nfd/strategy/multicast/%FD%03 for name: /localhop/ndn/nlsr/sync/%FD%08
1605737554.843795 DEBUG: [nlsr.Nlsr] Successfully enabled incoming face id indicationfor face id 267
1605737554.843920 DEBUG: [nlsr.Nlsr] Processing face dataset
1605737554.843933 DEBUG: [nlsr.Nlsr] FaceUri: udp4://10.0.0.1:6363 FaceId: 263
1605737554.843938 DEBUG: [nlsr.route.Fib] Registering prefix: /ndn/c1-site/%C1.Router/cs/c1 faceUri: udp4://10.0.0.1:6363
1605737554.844039 DEBUG: [nlsr.route.Fib] Registering prefix: /localhop/ndn/nlsr/LSA faceUri: udp4://10.0.0.1:6363
1605737554.844121 DEBUG: [nlsr.Nlsr] FaceUri: udp4://10.0.0.10:6363 FaceId: 266
1605737554.844131 DEBUG: [nlsr.route.Fib] Registering prefix: /ndn/p2-site/%C1.Router/cs/p2 faceUri: udp4://10.0.0.10:6363
1605737554.844240 DEBUG: [nlsr.route.Fib] Registering prefix: /localhop/ndn/nlsr/LSA faceUri: udp4://10.0.0.10:6363
1605737554.844407 DEBUG: [nlsr.Nlsr] Scheduling Dataset Fetch in 3600 seconds
1605737554.844549 DEBUG: [nlsr.Nlsr] Successfully registered prefix: /localhop/ndn/nlsr/LSA
1605737554.845142 DEBUG: [nlsr.Nlsr] Successfully registered prefix: /localhost/nlsr
1605737554.845745 DEBUG: [nlsr.Nlsr] Successfully registered prefix: /ndn/p1-site/%C1.Router/cs/p1/nlsr
1605737554.846074 DEBUG: [nlsr.CertificateStore] KEY prefix: /ndn/p1-site/%C1.Router/cs/p1/nlsr/KEY registration is successful.
1605737554.846122 DEBUG: [nlsr.CertificateStore] KEY prefix: /ndn/p1-site/%C1.Router/cs/p1/KEY registration is successful.
1605737554.846151 DEBUG: [nlsr.CertificateStore] KEY prefix: /ndn/p1-site/%C1.Operator registration is successful.
1605737554.846175 DEBUG: [nlsr.CertificateStore] KEY prefix: /ndn/p1-site/KEY registration is successful.
1605737554.847202 DEBUG: [nlsr.route.Fib] Successful in name registration: /ndn/c1-site/%C1.Router/cs/c1 Face Uri: udp4://10.0.0.1:6363 faceId: 263
1605737554.847233 DEBUG: [nlsr.HelloProtocol] Expressing Interest: /ndn/c1-site/%C1.Router/cs/c1/nlsr/INFO/%07%20%08%03ndn%08%07p1-site%08%08%C1.Router%08%02cs%08%02p1
1605737554.847243 DEBUG: [nlsr.HelloProtocol] Sending HELLO interest: /ndn/c1-site/%C1.Router/cs/c1/nlsr/INFO/%07%20%08%03ndn%08%07p1-site%08%08%C1.Router%08%02cs%08%02p1
1605737554.847510 DEBUG: [nlsr.route.Fib] Successful in name registration: /localhop/ndn/nlsr/LSA Face Uri: udp4://10.0.0.1:6363 faceId: 263
1605737554.848016 DEBUG: [nlsr.route.Fib] Successful in name registration: /ndn/p2-site/%C1.Router/cs/p2 Face Uri: udp4://10.0.0.10:6363 faceId: 266
1605737554.848041 DEBUG: [nlsr.HelloProtocol] Expressing Interest: /ndn/p2-site/%C1.Router/cs/p2/nlsr/INFO/%07%20%08%03ndn%08%07p1-site%08%08%C1.Router%08%02cs%08%02p1
1605737554.848050 DEBUG: [nlsr.HelloProtocol] Sending HELLO interest: /ndn/p2-site/%C1.Router/cs/p2/nlsr/INFO/%07%20%08%03ndn%08%07p1-site%08%08%C1.Router%08%02cs%08%02p1
1605737554.848257 DEBUG: [nlsr.route.Fib] Successful in name registration: /localhop/ndn/nlsr/LSA Face Uri: udp4://10.0.0.10:6363 faceId: 266
1605737556.064908 DEBUG: [nlsr.HelloProtocol] Interest Received for Name: /ndn/p1-site/%C1.Router/cs/p1/nlsr/INFO/%07%20%08%03ndn%08%07c1-site%08%08%C1.Router%08%02cs%08%02c1
1605737556.064949 DEBUG: [nlsr.HelloProtocol] Neighbor: /ndn/c1-site/%C1.Router/cs/c1
1605737556.065183 DEBUG: [nlsr.HelloProtocol] Sending out data for name: /ndn/p1-site/%C1.Router/cs/p1/nlsr/INFO/%07%20%08%03ndn%08%07c1-site%08%08%C1.Router%08%02cs%08%02c1
1605737556.065223 DEBUG: [nlsr.HelloProtocol] Expressing Interest: /ndn/c1-site/%C1.Router/cs/c1/nlsr/INFO/%07%20%08%03ndn%08%07p1-site%08%08%C1.Router%08%02cs%08%02p1
1605737556.132935 DEBUG: [nlsr.HelloProtocol] Received data for INFO(name): /ndn/c1-site/%C1.Router/cs/c1/nlsr/INFO/%07%20%08%03ndn%08%07p1-site%08%08%C1.Router%08%02cs%08%02p1/%FD%00%00%01u%DDj%A8%99
1605737556.132967 DEBUG: [nlsr.HelloProtocol] Data signed with: /ndn/c1-site/%C1.Router/cs/c1/nlsr/KEY/%06%CE%DF%A3l%B1%BA%D7
1605737556.133139 DEBUG: [nlsr.HelloProtocol] Data validation successful for INFO(name): /ndn/c1-site/%C1.Router/cs/c1/nlsr/INFO/%07%20%08%03ndn%08%07p1-site%08%08%C1.Router%08%02cs%08%02p1/%FD%00%00%01u%DDj%A8%99
1605737556.133172 DEBUG: [nlsr.HelloProtocol] Neighbor : /ndn/c1-site/%C1.Router/cs/c1
1605737556.133178 DEBUG: [nlsr.HelloProtocol] Old Status: 0 New Status: 1
1605737556.133184 DEBUG: [nlsr.Lsdb] Scheduling Adjacency LSA build in 10 seconds
1605737556.133205 DEBUG: [nlsr.route.Fib] Registering prefix: /localhop/ndn/nlsr/sync/%FD%08 faceUri: udp4://10.0.0.1:6363
1605737556.135900 DEBUG: [nlsr.route.Fib] Successful in name registration: /localhop/ndn/nlsr/sync/%FD%08 Face Uri: udp4://10.0.0.1:6363 faceId: 263
1605737556.400182 DEBUG: [nlsr.SyncLogicHandler] Update Name: /localhop/ndn/nlsr/LSA/c1-site/%C1.Router/cs/c1/NAME Seq no: 1
1605737556.400204 DEBUG: [nlsr.SyncLogicHandler] Origin Router of update: /ndn/c1-site/%C1.Router/cs/c1
1605737556.400213 DEBUG: [nlsr.SyncLogicHandler] Received sync update with higher NAME sequence number than entry in LSDB
1605737556.400228 DEBUG: [nlsr.Lsdb] Fetching Data for LSA: /localhop/ndn/nlsr/LSA/c1-site/%C1.Router/cs/c1/NAME/%01 Seq number: 1
1605737556.402960 DEBUG: [nlsr.route.Fib] Successfully set strategy choice: /localhost/nfd/strategy/best-route/%FD%05 for name: /ndn/c1-site/%C1.Router/cs/c1/KEY
1605737556.403486 DEBUG: [nlsr.route.Fib] Successfully set strategy choice: /localhost/nfd/strategy/best-route/%FD%05 for name: /ndn/c1-site/%C1.Router/cs/c1/nlsr/KEY
1605737556.403535 DEBUG: [nlsr.route.Fib] Successfully set strategy choice: /localhost/nfd/strategy/best-route/%FD%05 for name: /ndn/c1-site/KEY
1605737556.403558 DEBUG: [nlsr.route.Fib] Successfully set strategy choice: /localhost/nfd/strategy/best-route/%FD%05 for name: /ndn/c1-site/%C1.Operator
1605737556.431056 DEBUG: [nlsr.Lsdb] Received data for LSA interest: /localhop/ndn/nlsr/LSA/c1-site/%C1.Router/cs/c1/NAME/%01
1605737556.431268 DEBUG: [nlsr.Lsdb] Adding NAME LSA
1605737556.431273 DEBUG: [nlsr.Lsdb]     NAME LSA:
      Origin Router      : /ndn/c1-site/%C1.Router/cs/c1
      Sequence Number    : 1
      Expires in         : 3594568 milliseconds
      Names:
        Name 0: /ndn/c1-site/c1
1605737556.431305 DEBUG: [nlsr.route.NamePrefixTable] Adding origin: /ndn/c1-site/%C1.Router/cs/c1 to a new name prefix: /ndn/c1-site/%C1.Router/cs/c1
1605737556.431312 DEBUG: [nlsr.route.Fib] Fib::remove called
1605737556.431317 DEBUG: [nlsr.route.NamePrefixTable] Adding origin: /ndn/c1-site/%C1.Router/cs/c1 to a new name prefix: /ndn/c1-site/c1
1605737556.431321 DEBUG: [nlsr.route.Fib] Fib::remove called
1605737556.554040 DEBUG: [nlsr.Lsdb] Interest received for LSA: /localhop/ndn/nlsr/LSA/p1-site/%C1.Router/cs/p1/NAME/%01
1605737556.554112 DEBUG: [nlsr.Lsdb] LSA sequence number from interest: 1
1605737556.554140 DEBUG: [nlsr.Lsdb] /localhop/ndn/nlsr/LSA/p1-site/%C1.Router/cs/p1/NAME/%01?CanBePrefix&MustBeFresh&Nonce=f1812284 received for NAME
1605737556.849422 DEBUG: [nlsr.HelloProtocol] Interest timed out for Name: /ndn/c1-site/%C1.Router/cs/c1/nlsr/INFO/%07%20%08%03ndn%08%07p1-site%08%08%C1.Router%08%02cs%08%02p1
1605737556.849519 DEBUG: [nlsr.HelloProtocol] Neighbor: /ndn/c1-site/%C1.Router/cs/c1
1605737556.849540 DEBUG: [nlsr.HelloProtocol] Status: 1
1605737556.849556 DEBUG: [nlsr.HelloProtocol] Info Interest Timed out: 1
1605737556.849581 DEBUG: [nlsr.HelloProtocol] Resending interest: /ndn/c1-site/%C1.Router/cs/c1/nlsr/INFO/%07%20%08%03ndn%08%07p1-site%08%08%C1.Router%08%02cs%08%02p1
1605737556.849599 DEBUG: [nlsr.HelloProtocol] Expressing Interest: /ndn/c1-site/%C1.Router/cs/c1/nlsr/INFO/%07%20%08%03ndn%08%07p1-site%08%08%C1.Router%08%02cs%08%02p1
1605737556.849634 DEBUG: [nlsr.HelloProtocol] Interest timed out for Name: /ndn/p2-site/%C1.Router/cs/p2/nlsr/INFO/%07%20%08%03ndn%08%07p1-site%08%08%C1.Router%08%02cs%08%02p1
1605737556.849655 DEBUG: [nlsr.HelloProtocol] Neighbor: /ndn/p2-site/%C1.Router/cs/p2
1605737556.849671 DEBUG: [nlsr.HelloProtocol] Status: 0
1605737556.849685 DEBUG: [nlsr.HelloProtocol] Info Interest Timed out: 1
1605737556.849702 DEBUG: [nlsr.HelloProtocol] Resending interest: /ndn/p2-site/%C1.Router/cs/p2/nlsr/INFO/%07%20%08%03ndn%08%07p1-site%08%08%C1.Router%08%02cs%08%02p1
1605737556.849719 DEBUG: [nlsr.HelloProtocol] Expressing Interest: /ndn/p2-site/%C1.Router/cs/p2/nlsr/INFO/%07%20%08%03ndn%08%07p1-site%08%08%C1.Router%08%02cs%08%02p1
1605737556.850282 DEBUG: [nlsr.HelloProtocol] Received data for INFO(name): /ndn/c1-site/%C1.Router/cs/c1/nlsr/INFO/%07%20%08%03ndn%08%07p1-site%08%08%C1.Router%08%02cs%08%02p1/%FD%00%00%01u%DDj%A8%99
1605737556.850350 DEBUG: [nlsr.HelloProtocol] Data signed with: /ndn/c1-site/%C1.Router/cs/c1/nlsr/KEY/%06%CE%DF%A3l%B1%BA%D7
1605737556.850380 DEBUG: [nlsr.HelloProtocol] Data validation successful for INFO(name): /ndn/c1-site/%C1.Router/cs/c1/nlsr/INFO/%07%20%08%03ndn%08%07p1-site%08%08%C1.Router%08%02cs%08%02p1/%FD%00%00%01u%DDj%A8%99
1605737556.850406 DEBUG: [nlsr.HelloProtocol] Neighbor : /ndn/c1-site/%C1.Router/cs/c1
1605737556.850422 DEBUG: [nlsr.HelloProtocol] Old Status: 1 New Status: 1
1605737556.850442 DEBUG: [nlsr.route.Fib] Registering prefix: /localhop/ndn/nlsr/sync/%FD%08 faceUri: udp4://10.0.0.1:6363
1605737556.851950 DEBUG: [nlsr.route.Fib] Successful in name registration: /localhop/ndn/nlsr/sync/%FD%08 Face Uri: udp4://10.0.0.1:6363 faceId: 263
1605737556.873910 DEBUG: [nlsr.HelloProtocol] Received data for INFO(name): /ndn/p2-site/%C1.Router/cs/p2/nlsr/INFO/%07%20%08%03ndn%08%07p1-site%08%08%C1.Router%08%02cs%08%02p1/%FD%00%00%01u%DDj%AB~
1605737556.873997 DEBUG: [nlsr.HelloProtocol] Data signed with: /ndn/p2-site/%C1.Router/cs/p2/nlsr/KEY/%C4%E5%A4Fp%1DU%B5
1605737556.874097 DEBUG: [nlsr.HelloProtocol] Data validation successful for INFO(name): /ndn/p2-site/%C1.Router/cs/p2/nlsr/INFO/%07%20%08%03ndn%08%07p1-site%08%08%C1.Router%08%02cs%08%02p1/%FD%00%00%01u%DDj%AB~
1605737556.874143 DEBUG: [nlsr.HelloProtocol] Neighbor : /ndn/p2-site/%C1.Router/cs/p2
1605737556.874164 DEBUG: [nlsr.HelloProtocol] Old Status: 0 New Status: 1
1605737556.874184 DEBUG: [nlsr.Lsdb] Rescheduling Adjacency LSA build in 10 seconds
1605737556.874228 DEBUG: [nlsr.route.Fib] Registering prefix: /localhop/ndn/nlsr/sync/%FD%08 faceUri: udp4://10.0.0.10:6363
1605737556.874605 DEBUG: [nlsr.HelloProtocol] Interest Received for Name: /ndn/p1-site/%C1.Router/cs/p1/nlsr/INFO/%07%20%08%03ndn%08%07p2-site%08%08%C1.Router%08%02cs%08%02p2
1605737556.874659 DEBUG: [nlsr.HelloProtocol] Neighbor: /ndn/p2-site/%C1.Router/cs/p2
1605737556.874808 DEBUG: [nlsr.HelloProtocol] Sending out data for name: /ndn/p1-site/%C1.Router/cs/p1/nlsr/INFO/%07%20%08%03ndn%08%07p2-site%08%08%C1.Router%08%02cs%08%02p2
1605737556.876232 DEBUG: [nlsr.route.Fib] Successful in name registration: /localhop/ndn/nlsr/sync/%FD%08 Face Uri: udp4://10.0.0.10:6363 faceId: 266
1605737566.202372 DEBUG: [nlsr.SyncLogicHandler] Update Name: /localhop/ndn/nlsr/LSA/c1-site/%C1.Router/cs/c1/ADJACENCY Seq no: 1
1605737566.202433 DEBUG: [nlsr.SyncLogicHandler] Origin Router of update: /ndn/c1-site/%C1.Router/cs/c1
1605737566.202458 DEBUG: [nlsr.SyncLogicHandler] Received sync update with higher ADJACENCY sequence number than entry in LSDB
1605737566.202489 DEBUG: [nlsr.Lsdb] Fetching Data for LSA: /localhop/ndn/nlsr/LSA/c1-site/%C1.Router/cs/c1/ADJACENCY/%01 Seq number: 1
1605737566.226139 DEBUG: [nlsr.SyncLogicHandler] Update Name: /localhop/ndn/nlsr/LSA/p2-site/%C1.Router/cs/p2/NAME Seq no: 1
1605737566.226214 DEBUG: [nlsr.SyncLogicHandler] Origin Router of update: /ndn/p2-site/%C1.Router/cs/p2
1605737566.226260 DEBUG: [nlsr.SyncLogicHandler] Received sync update with higher NAME sequence number than entry in LSDB
1605737566.226297 DEBUG: [nlsr.Lsdb] Fetching Data for LSA: /localhop/ndn/nlsr/LSA/p2-site/%C1.Router/cs/p2/NAME/%01 Seq number: 1
1605737566.227294 DEBUG: [nlsr.Lsdb] Received data for LSA interest: /localhop/ndn/nlsr/LSA/c1-site/%C1.Router/cs/c1/ADJACENCY/%01
1605737566.227499 DEBUG: [nlsr.Lsdb] Adding ADJACENCY LSA
1605737566.227538 DEBUG: [nlsr.Lsdb]     ADJACENCY LSA:
      Origin Router      : /ndn/c1-site/%C1.Router/cs/c1
      Sequence Number    : 1
      Expires in         : 3599772 milliseconds
      Adjacent(s):
        Adjacent 0: (name=/ndn/p1-site/%C1.Router/cs/p1, uri=udp4://10.0.0.2:6363, cost=10)
1605737566.227583 DEBUG: [nlsr.route.Fib] Fib::remove called
1605737566.227648 DEBUG: [nlsr.route.RoutingTable] Scheduling routing table calculation in 15 seconds
1605737566.229525 DEBUG: [nlsr.route.Fib] Successfully set strategy choice: /localhost/nfd/strategy/best-route/%FD%05 for name: /ndn/p2-site/%C1.Router/cs/p2/KEY
1605737566.230205 DEBUG: [nlsr.route.Fib] Successfully set strategy choice: /localhost/nfd/strategy/best-route/%FD%05 for name: /ndn/p2-site/%C1.Router/cs/p2/nlsr/KEY
1605737566.230284 DEBUG: [nlsr.route.Fib] Successfully set strategy choice: /localhost/nfd/strategy/best-route/%FD%05 for name: /ndn/p2-site/KEY
1605737566.230327 DEBUG: [nlsr.route.Fib] Successfully set strategy choice: /localhost/nfd/strategy/best-route/%FD%05 for name: /ndn/p2-site/%C1.Operator
1605737566.248571 DEBUG: [nlsr.Lsdb] Received data for LSA interest: /localhop/ndn/nlsr/LSA/p2-site/%C1.Router/cs/p2/NAME/%01
1605737566.248737 DEBUG: [nlsr.Lsdb] Adding NAME LSA
1605737566.248758 DEBUG: [nlsr.Lsdb]     NAME LSA:
      Origin Router      : /ndn/p2-site/%C1.Router/cs/p2
      Sequence Number    : 1
      Expires in         : 3589751 milliseconds
      Names:
        Name 0: /ndn/p2-site/p2
1605737566.248792 DEBUG: [nlsr.route.NamePrefixTable] Adding origin: /ndn/p2-site/%C1.Router/cs/p2 to a new name prefix: /ndn/p2-site/%C1.Router/cs/p2
1605737566.248809 DEBUG: [nlsr.route.Fib] Fib::remove called
1605737566.248824 DEBUG: [nlsr.route.NamePrefixTable] Adding origin: /ndn/p2-site/%C1.Router/cs/p2 to a new name prefix: /ndn/p2-site/p2
1605737566.248838 DEBUG: [nlsr.route.Fib] Fib::remove called
1605737566.874622 DEBUG: [nlsr.Lsdb] Building and installing own Adj LSA
1605737566.874718 DEBUG: [nlsr.SequencingManager] Adj LSA seq no: 1
1605737566.874737 DEBUG: [nlsr.SequencingManager] Name LSA Seq no: 1
1605737566.876135 DEBUG: [nlsr.Lsdb] Adding ADJACENCY LSA
1605737566.876175 DEBUG: [nlsr.Lsdb]     ADJACENCY LSA:
      Origin Router      : /ndn/p1-site/%C1.Router/cs/p1
      Sequence Number    : 1
      Expires in         : 3599998 milliseconds
      Adjacent(s):
        Adjacent 0: (name=/ndn/c1-site/%C1.Router/cs/c1, uri=udp4://10.0.0.1:6363, cost=10)
        Adjacent 1: (name=/ndn/p2-site/%C1.Router/cs/p2, uri=udp4://10.0.0.10:6363, cost=10)
1605737566.901843 DEBUG: [nlsr.Lsdb] Interest received for LSA: /localhop/ndn/nlsr/LSA/p1-site/%C1.Router/cs/p1/ADJACENCY/%01
1605737566.901912 DEBUG: [nlsr.Lsdb] LSA sequence number from interest: 1
1605737566.901939 DEBUG: [nlsr.Lsdb] /localhop/ndn/nlsr/LSA/p1-site/%C1.Router/cs/p1/ADJACENCY/%01?CanBePrefix&MustBeFresh&Nonce=dab4d5eb received for ADJACENCY
1605737566.976658 DEBUG: [nlsr.SyncLogicHandler] Update Name: /localhop/ndn/nlsr/LSA/c2-site/%C1.Router/cs/c2/NAME Seq no: 1
1605737566.976711 DEBUG: [nlsr.SyncLogicHandler] Origin Router of update: /ndn/c2-site/%C1.Router/cs/c2
1605737566.976733 DEBUG: [nlsr.SyncLogicHandler] Received sync update with higher NAME sequence number than entry in LSDB
1605737566.976760 DEBUG: [nlsr.Lsdb] Fetching Data for LSA: /localhop/ndn/nlsr/LSA/c2-site/%C1.Router/cs/c2/NAME/%01 Seq number: 1
1605737566.977606 DEBUG: [nlsr.Lsdb] Interest received for LSA: /localhop/ndn/nlsr/LSA/c2-site/%C1.Router/cs/c2/NAME/%01
1605737566.979871 DEBUG: [nlsr.route.Fib] Successfully set strategy choice: /localhost/nfd/strategy/best-route/%FD%05 for name: /ndn/c2-site/%C1.Router/cs/c2/KEY
1605737566.980404 DEBUG: [nlsr.route.Fib] Successfully set strategy choice: /localhost/nfd/strategy/best-route/%FD%05 for name: /ndn/c2-site/%C1.Router/cs/c2/nlsr/KEY
1605737566.980475 DEBUG: [nlsr.route.Fib] Successfully set strategy choice: /localhost/nfd/strategy/best-route/%FD%05 for name: /ndn/c2-site/KEY
1605737566.980518 DEBUG: [nlsr.route.Fib] Successfully set strategy choice: /localhost/nfd/strategy/best-route/%FD%05 for name: /ndn/c2-site/%C1.Operator
1605737567.000993 DEBUG: [nlsr.Lsdb] Received data for LSA interest: /localhop/ndn/nlsr/LSA/c2-site/%C1.Router/cs/c2/NAME/%01
1605737567.001175 DEBUG: [nlsr.Lsdb] Adding NAME LSA
1605737567.001198 DEBUG: [nlsr.Lsdb]     NAME LSA:
      Origin Router      : /ndn/c2-site/%C1.Router/cs/c2
      Sequence Number    : 1
      Expires in         : 3585998 milliseconds
      Names:
        Name 0: /ndn/c2-site/c2
1605737567.001234 DEBUG: [nlsr.route.NamePrefixTable] Adding origin: /ndn/c2-site/%C1.Router/cs/c2 to a new name prefix: /ndn/c2-site/%C1.Router/cs/c2
1605737567.001262 DEBUG: [nlsr.route.Fib] Fib::remove called
1605737567.001279 DEBUG: [nlsr.route.NamePrefixTable] Adding origin: /ndn/c2-site/%C1.Router/cs/c2 to a new name prefix: /ndn/c2-site/c2
1605737567.001294 DEBUG: [nlsr.route.Fib] Fib::remove called
1605737567.001457 DEBUG: [nlsr.SyncLogicHandler] Update Name: /localhop/ndn/nlsr/LSA/p3-site/%C1.Router/cs/p3/NAME Seq no: 1
1605737567.001492 DEBUG: [nlsr.SyncLogicHandler] Origin Router of update: /ndn/p3-site/%C1.Router/cs/p3
1605737567.001511 DEBUG: [nlsr.SyncLogicHandler] Received sync update with higher NAME sequence number than entry in LSDB
1605737567.001534 DEBUG: [nlsr.Lsdb] Fetching Data for LSA: /localhop/ndn/nlsr/LSA/p3-site/%C1.Router/cs/p3/NAME/%01 Seq number: 1
1605737567.002267 DEBUG: [nlsr.Lsdb] Interest received for LSA: /localhop/ndn/nlsr/LSA/c2-site/%C1.Router/cs/c2/NAME/%01
1605737567.002451 DEBUG: [nlsr.Lsdb] Interest received for LSA: /localhop/ndn/nlsr/LSA/p3-site/%C1.Router/cs/p3/NAME/%01
1605737567.004544 DEBUG: [nlsr.route.Fib] Successfully set strategy choice: /localhost/nfd/strategy/best-route/%FD%05 for name: /ndn/p3-site/%C1.Router/cs/p3/KEY
1605737567.005200 DEBUG: [nlsr.route.Fib] Successfully set strategy choice: /localhost/nfd/strategy/best-route/%FD%05 for name: /ndn/p3-site/%C1.Router/cs/p3/nlsr/KEY
1605737567.005273 DEBUG: [nlsr.route.Fib] Successfully set strategy choice: /localhost/nfd/strategy/best-route/%FD%05 for name: /ndn/p3-site/KEY
1605737567.005314 DEBUG: [nlsr.route.Fib] Successfully set strategy choice: /localhost/nfd/strategy/best-route/%FD%05 for name: /ndn/p3-site/%C1.Operator
1605737567.024410 DEBUG: [nlsr.Lsdb] Received data for LSA interest: /localhop/ndn/nlsr/LSA/p3-site/%C1.Router/cs/p3/NAME/%01
1605737567.024607 DEBUG: [nlsr.Lsdb] Adding NAME LSA
1605737567.024633 DEBUG: [nlsr.Lsdb]     NAME LSA:
      Origin Router      : /ndn/p3-site/%C1.Router/cs/p3
      Sequence Number    : 1
      Expires in         : 3589975 milliseconds
      Names:
        Name 0: /ndn/p3-site/p3
1605737567.024726 DEBUG: [nlsr.route.NamePrefixTable] Adding origin: /ndn/p3-site/%C1.Router/cs/p3 to a new name prefix: /ndn/p3-site/%C1.Router/cs/p3
1605737567.024750 DEBUG: [nlsr.route.Fib] Fib::remove called
1605737567.024767 DEBUG: [nlsr.route.NamePrefixTable] Adding origin: /ndn/p3-site/%C1.Router/cs/p3 to a new name prefix: /ndn/p3-site/p3
1605737567.024782 DEBUG: [nlsr.route.Fib] Fib::remove called
1605737567.446590 DEBUG: [nlsr.SyncLogicHandler] Update Name: /localhop/ndn/nlsr/LSA/c2-site/%C1.Router/cs/c2/ADJACENCY Seq no: 1
1605737567.446643 DEBUG: [nlsr.SyncLogicHandler] Origin Router of update: /ndn/c2-site/%C1.Router/cs/c2
1605737567.446664 DEBUG: [nlsr.SyncLogicHandler] Received sync update with higher ADJACENCY sequence number than entry in LSDB
1605737567.446692 DEBUG: [nlsr.Lsdb] Fetching Data for LSA: /localhop/ndn/nlsr/LSA/c2-site/%C1.Router/cs/c2/ADJACENCY/%01 Seq number: 1
1605737567.446974 DEBUG: [nlsr.Lsdb] Interest received for LSA: /localhop/ndn/nlsr/LSA/c2-site/%C1.Router/cs/c2/ADJACENCY/%01
1605737567.471289 DEBUG: [nlsr.Lsdb] Received data for LSA interest: /localhop/ndn/nlsr/LSA/c2-site/%C1.Router/cs/c2/ADJACENCY/%01
1605737567.471568 DEBUG: [nlsr.Lsdb] Adding ADJACENCY LSA
1605737567.471604 DEBUG: [nlsr.Lsdb]     ADJACENCY LSA:
      Origin Router      : /ndn/c2-site/%C1.Router/cs/c2
      Sequence Number    : 1
      Expires in         : 3599528 milliseconds
      Adjacent(s):
        Adjacent 0: (name=/ndn/p2-site/%C1.Router/cs/p2, uri=udp4://10.0.0.6:6363, cost=10)
1605737567.471662 DEBUG: [nlsr.route.Fib] Fib::remove called
1605737568.666485 DEBUG: [nlsr.SyncLogicHandler] Update Name: /localhop/ndn/nlsr/LSA/p2-site/%C1.Router/cs/p2/ADJACENCY Seq no: 1
1605737568.666537 DEBUG: [nlsr.SyncLogicHandler] Origin Router of update: /ndn/p2-site/%C1.Router/cs/p2
1605737568.666559 DEBUG: [nlsr.SyncLogicHandler] Received sync update with higher ADJACENCY sequence number than entry in LSDB
1605737568.666586 DEBUG: [nlsr.Lsdb] Fetching Data for LSA: /localhop/ndn/nlsr/LSA/p2-site/%C1.Router/cs/p2/ADJACENCY/%01 Seq number: 1
1605737568.689730 DEBUG: [nlsr.Lsdb] Interest received for LSA: /localhop/ndn/nlsr/LSA/p2-site/%C1.Router/cs/p2/ADJACENCY/%01
1605737568.692384 DEBUG: [nlsr.Lsdb] Received data for LSA interest: /localhop/ndn/nlsr/LSA/p2-site/%C1.Router/cs/p2/ADJACENCY/%01
1605737568.692580 DEBUG: [nlsr.Lsdb] Adding ADJACENCY LSA
1605737568.692586 DEBUG: [nlsr.Lsdb]     ADJACENCY LSA:
      Origin Router      : /ndn/p2-site/%C1.Router/cs/p2
      Sequence Number    : 1
      Expires in         : 3599307 milliseconds
      Adjacent(s):
        Adjacent 0: (name=/ndn/p1-site/%C1.Router/cs/p1, uri=udp4://10.0.0.9:6363, cost=10)
        Adjacent 1: (name=/ndn/c2-site/%C1.Router/cs/c2, uri=udp4://10.0.0.5:6363, cost=10)
        Adjacent 2: (name=/ndn/p3-site/%C1.Router/cs/p3, uri=udp4://10.0.0.14:6363, cost=10)
1605737568.692612 DEBUG: [nlsr.route.Fib] Fib::remove called
1605737568.692714 DEBUG: [nlsr.SyncLogicHandler] Update Name: /localhop/ndn/nlsr/LSA/p3-site/%C1.Router/cs/p3/ADJACENCY Seq no: 1
1605737568.692724 DEBUG: [nlsr.SyncLogicHandler] Origin Router of update: /ndn/p3-site/%C1.Router/cs/p3
1605737568.692730 DEBUG: [nlsr.SyncLogicHandler] Received sync update with higher ADJACENCY sequence number than entry in LSDB
1605737568.692741 DEBUG: [nlsr.Lsdb] Fetching Data for LSA: /localhop/ndn/nlsr/LSA/p3-site/%C1.Router/cs/p3/ADJACENCY/%01 Seq number: 1
1605737568.693097 DEBUG: [nlsr.Lsdb] Interest received for LSA: /localhop/ndn/nlsr/LSA/p3-site/%C1.Router/cs/p3/ADJACENCY/%01
1605737568.715455 DEBUG: [nlsr.Lsdb] Interest received for LSA: /localhop/ndn/nlsr/LSA/p3-site/%C1.Router/cs/p3/ADJACENCY/%01
1605737568.716074 DEBUG: [nlsr.Lsdb] Received data for LSA interest: /localhop/ndn/nlsr/LSA/p3-site/%C1.Router/cs/p3/ADJACENCY/%01
1605737568.716251 DEBUG: [nlsr.Lsdb] Adding ADJACENCY LSA
1605737568.716264 DEBUG: [nlsr.Lsdb]     ADJACENCY LSA:
      Origin Router      : /ndn/p3-site/%C1.Router/cs/p3
      Sequence Number    : 1
      Expires in         : 3599283 milliseconds
      Adjacent(s):
        Adjacent 0: (name=/ndn/p2-site/%C1.Router/cs/p2, uri=udp4://10.0.0.13:6363, cost=10)
1605737568.716296 DEBUG: [nlsr.route.Fib] Fib::remove called
1605737581.228649 DEBUG: [nlsr.Lsdb] ---------------NAME LSDB-------------------
1605737581.228697 DEBUG: [nlsr.Lsdb]     NAME LSA:
      Origin Router      : /ndn/p3-site/%C1.Router/cs/p3
      Sequence Number    : 1
      Expires in         : 3575771 milliseconds
      Names:
        Name 0: /ndn/p3-site/p3
1605737581.228742 DEBUG: [nlsr.Lsdb]     NAME LSA:
      Origin Router      : /ndn/c2-site/%C1.Router/cs/c2
      Sequence Number    : 1
      Expires in         : 3571771 milliseconds
      Names:
        Name 0: /ndn/c2-site/c2
1605737581.228766 DEBUG: [nlsr.Lsdb]     NAME LSA:
      Origin Router      : /ndn/p2-site/%C1.Router/cs/p2
      Sequence Number    : 1
      Expires in         : 3574771 milliseconds
      Names:
        Name 0: /ndn/p2-site/p2
1605737581.228778 DEBUG: [nlsr.Lsdb]     NAME LSA:
      Origin Router      : /ndn/c1-site/%C1.Router/cs/c1
      Sequence Number    : 1
      Expires in         : 3569771 milliseconds
      Names:
        Name 0: /ndn/c1-site/c1
1605737581.228792 DEBUG: [nlsr.Lsdb]     NAME LSA:
      Origin Router      : /ndn/p1-site/%C1.Router/cs/p1
      Sequence Number    : 1
      Expires in         : 3573609 milliseconds
      Names:
        Name 0: /ndn/p1-site/p1
1605737581.228808 DEBUG: [nlsr.Lsdb] ---------------ADJACENCY LSDB-------------------
1605737581.228812 DEBUG: [nlsr.Lsdb]     ADJACENCY LSA:
      Origin Router      : /ndn/p3-site/%C1.Router/cs/p3
      Sequence Number    : 1
      Expires in         : 3586771 milliseconds
      Adjacent(s):
        Adjacent 0: (name=/ndn/p2-site/%C1.Router/cs/p2, uri=udp4://10.0.0.13:6363, cost=10)
1605737581.228837 DEBUG: [nlsr.Lsdb]     ADJACENCY LSA:
      Origin Router      : /ndn/p2-site/%C1.Router/cs/p2
      Sequence Number    : 1
      Expires in         : 3586771 milliseconds
      Adjacent(s):
        Adjacent 0: (name=/ndn/p1-site/%C1.Router/cs/p1, uri=udp4://10.0.0.9:6363, cost=10)
        Adjacent 1: (name=/ndn/c2-site/%C1.Router/cs/c2, uri=udp4://10.0.0.5:6363, cost=10)
        Adjacent 2: (name=/ndn/p3-site/%C1.Router/cs/p3, uri=udp4://10.0.0.14:6363, cost=10)
1605737581.228858 DEBUG: [nlsr.Lsdb]     ADJACENCY LSA:
      Origin Router      : /ndn/c2-site/%C1.Router/cs/c2
      Sequence Number    : 1
      Expires in         : 3585771 milliseconds
      Adjacent(s):
        Adjacent 0: (name=/ndn/p2-site/%C1.Router/cs/p2, uri=udp4://10.0.0.6:6363, cost=10)
1605737581.228872 DEBUG: [nlsr.Lsdb]     ADJACENCY LSA:
      Origin Router      : /ndn/p1-site/%C1.Router/cs/p1
      Sequence Number    : 1
      Expires in         : 3585645 milliseconds
      Adjacent(s):
        Adjacent 0: (name=/ndn/c1-site/%C1.Router/cs/c1, uri=udp4://10.0.0.1:6363, cost=10)
        Adjacent 1: (name=/ndn/p2-site/%C1.Router/cs/p2, uri=udp4://10.0.0.10:6363, cost=10)
1605737581.228888 DEBUG: [nlsr.Lsdb]     ADJACENCY LSA:
      Origin Router      : /ndn/c1-site/%C1.Router/cs/c1
      Sequence Number    : 1
      Expires in         : 3584771 milliseconds
      Adjacent(s):
        Adjacent 0: (name=/ndn/p1-site/%C1.Router/cs/p1, uri=udp4://10.0.0.2:6363, cost=10)
1605737581.228903 DEBUG: [nlsr.route.NamePrefixTable] ----------------NPT----------------------
Name: /ndn/c1-site/%C1.Router/cs/c1
  Destination: /ndn/c1-site/%C1.Router/cs/c1
    
Name: /ndn/c1-site/c1
  Destination: /ndn/c1-site/%C1.Router/cs/c1
    
Name: /ndn/p2-site/%C1.Router/cs/p2
  Destination: /ndn/p2-site/%C1.Router/cs/p2
    
Name: /ndn/p2-site/p2
  Destination: /ndn/p2-site/%C1.Router/cs/p2
    
Name: /ndn/c2-site/%C1.Router/cs/c2
  Destination: /ndn/c2-site/%C1.Router/cs/c2
    
Name: /ndn/c2-site/c2
  Destination: /ndn/c2-site/%C1.Router/cs/c2
    
Name: /ndn/p3-site/%C1.Router/cs/p3
  Destination: /ndn/p3-site/%C1.Router/cs/p3
    
Name: /ndn/p3-site/p3
  Destination: /ndn/p3-site/%C1.Router/cs/p3
    
1605737581.228953 DEBUG: [nlsr.route.RoutingTable] Calculating routing table
1605737581.228992 DEBUG: [nlsr.route.Map] ---------------Map----------------------
1605737581.228995 DEBUG: [nlsr.route.Map] MapEntry: ( Router: /ndn/p3-site/%C1.Router/cs/p3 Mapping No: 0 )
1605737581.229002 DEBUG: [nlsr.route.Map] MapEntry: ( Router: /ndn/p2-site/%C1.Router/cs/p2 Mapping No: 1 )
1605737581.229007 DEBUG: [nlsr.route.Map] MapEntry: ( Router: /ndn/p1-site/%C1.Router/cs/p1 Mapping No: 2 )
1605737581.229012 DEBUG: [nlsr.route.Map] MapEntry: ( Router: /ndn/c2-site/%C1.Router/cs/c2 Mapping No: 3 )
1605737581.229016 DEBUG: [nlsr.route.Map] MapEntry: ( Router: /ndn/c1-site/%C1.Router/cs/c1 Mapping No: 4 )
1605737581.229026 DEBUG: [nlsr.route.RoutingTableCalculator] LinkStateRoutingTableCalculator::calculatePath Called
1605737581.229048 DEBUG: [nlsr.route.RoutingTableCalculator] -----------Legend (routerName -> index)------
1605737581.229052 DEBUG: [nlsr.route.RoutingTableCalculator] Router:/ndn/p3-site/%C1.Router/cs/p3 Index:0
1605737581.229060 DEBUG: [nlsr.route.RoutingTableCalculator] Router:/ndn/p2-site/%C1.Router/cs/p2 Index:1
1605737581.229067 DEBUG: [nlsr.route.RoutingTableCalculator] Router:/ndn/p1-site/%C1.Router/cs/p1 Index:2
1605737581.229072 DEBUG: [nlsr.route.RoutingTableCalculator] Router:/ndn/c2-site/%C1.Router/cs/c2 Index:3
1605737581.229078 DEBUG: [nlsr.route.RoutingTableCalculator] Router:/ndn/c1-site/%C1.Router/cs/c1 Index:4
1605737581.229083 DEBUG: [nlsr.route.RoutingTableCalculator]  |0 1 2 3 4 
1605737581.229087 DEBUG: [nlsr.route.RoutingTableCalculator] ------------
1605737581.229093 DEBUG: [nlsr.route.RoutingTableCalculator] 0|0 10 0 0 0 
1605737581.229099 DEBUG: [nlsr.route.RoutingTableCalculator] 1|10 0 10 10 0 
1605737581.229103 DEBUG: [nlsr.route.RoutingTableCalculator] 2|0 10 0 0 10 
1605737581.229110 DEBUG: [nlsr.route.RoutingTableCalculator] 3|0 10 0 0 0 
1605737581.229115 DEBUG: [nlsr.route.RoutingTableCalculator] 4|0 0 10 0 0 
1605737581.229119 DEBUG: [nlsr.route.RoutingTableCalculator] -----------Legend (routerName -> index)------
1605737581.229122 DEBUG: [nlsr.route.RoutingTableCalculator] Router:/ndn/p3-site/%C1.Router/cs/p3 Index:0
1605737581.229128 DEBUG: [nlsr.route.RoutingTableCalculator] Router:/ndn/p2-site/%C1.Router/cs/p2 Index:1
1605737581.229134 DEBUG: [nlsr.route.RoutingTableCalculator] Router:/ndn/p1-site/%C1.Router/cs/p1 Index:2
1605737581.229141 DEBUG: [nlsr.route.RoutingTableCalculator] Router:/ndn/c2-site/%C1.Router/cs/c2 Index:3
1605737581.229147 DEBUG: [nlsr.route.RoutingTableCalculator] Router:/ndn/c1-site/%C1.Router/cs/c1 Index:4
1605737581.229153 DEBUG: [nlsr.route.RoutingTableCalculator]  |0 1 2 3 4 
1605737581.229157 DEBUG: [nlsr.route.RoutingTableCalculator] ------------
1605737581.229161 DEBUG: [nlsr.route.RoutingTableCalculator] 0|0 10 0 0 0 
1605737581.229167 DEBUG: [nlsr.route.RoutingTableCalculator] 1|10 0 10 10 0 
1605737581.229171 DEBUG: [nlsr.route.RoutingTableCalculator] 2|0 10 0 0 0 
1605737581.229175 DEBUG: [nlsr.route.RoutingTableCalculator] 3|0 10 0 0 0 
1605737581.229178 DEBUG: [nlsr.route.RoutingTableCalculator] 4|0 0 10 0 0 
1605737581.229183 DEBUG: [nlsr.route.RoutingTableCalculator] LinkStateRoutingTableCalculator::addAllNextHopsToRoutingTable Called
1605737581.229191 DEBUG: [nlsr.route.RoutingTable] Adding NextHop(Uri: udp4://10.0.0.10:6363, Cost: 20) for destination: /ndn/p3-site/%C1.Router/cs/p3
1605737581.229211 DEBUG: [nlsr.route.RoutingTable] Adding NextHop(Uri: udp4://10.0.0.10:6363, Cost: 10) for destination: /ndn/p2-site/%C1.Router/cs/p2
1605737581.229223 DEBUG: [nlsr.route.RoutingTable] Adding NextHop(Uri: udp4://10.0.0.10:6363, Cost: 20) for destination: /ndn/c2-site/%C1.Router/cs/c2
1605737581.229232 DEBUG: [nlsr.route.RoutingTableCalculator] -----------Legend (routerName -> index)------
1605737581.229235 DEBUG: [nlsr.route.RoutingTableCalculator] Router:/ndn/p3-site/%C1.Router/cs/p3 Index:0
1605737581.229241 DEBUG: [nlsr.route.RoutingTableCalculator] Router:/ndn/p2-site/%C1.Router/cs/p2 Index:1
1605737581.229248 DEBUG: [nlsr.route.RoutingTableCalculator] Router:/ndn/p1-site/%C1.Router/cs/p1 Index:2
1605737581.229253 DEBUG: [nlsr.route.RoutingTableCalculator] Router:/ndn/c2-site/%C1.Router/cs/c2 Index:3
1605737581.229259 DEBUG: [nlsr.route.RoutingTableCalculator] Router:/ndn/c1-site/%C1.Router/cs/c1 Index:4
1605737581.229265 DEBUG: [nlsr.route.RoutingTableCalculator]  |0 1 2 3 4 
1605737581.229268 DEBUG: [nlsr.route.RoutingTableCalculator] ------------
1605737581.229273 DEBUG: [nlsr.route.RoutingTableCalculator] 0|0 10 0 0 0 
1605737581.229279 DEBUG: [nlsr.route.RoutingTableCalculator] 1|10 0 10 10 0 
1605737581.229282 DEBUG: [nlsr.route.RoutingTableCalculator] 2|0 0 0 0 10 
1605737581.229287 DEBUG: [nlsr.route.RoutingTableCalculator] 3|0 10 0 0 0 
1605737581.229290 DEBUG: [nlsr.route.RoutingTableCalculator] 4|0 0 10 0 0 
1605737581.229293 DEBUG: [nlsr.route.RoutingTableCalculator] LinkStateRoutingTableCalculator::addAllNextHopsToRoutingTable Called
1605737581.229300 DEBUG: [nlsr.route.RoutingTable] Adding NextHop(Uri: udp4://10.0.0.1:6363, Cost: 10) for destination: /ndn/c1-site/%C1.Router/cs/c1
1605737581.229311 DEBUG: [nlsr.route.RoutingTable] Calling Update NPT With new Route
1605737581.229315 DEBUG: [nlsr.route.NamePrefixTable] Updating table with newly calculated routes
1605737581.229318 DEBUG: [nlsr.route.NamePrefixTable] Routing entry: /ndn/p2-site/%C1.Router/cs/p2 has changed next-hops.
1605737581.229328 DEBUG: [nlsr.route.Fib] Fib::update called
1605737581.229332 DEBUG: [nlsr.route.Fib] New FIB Entry
1605737581.229428 DEBUG: [nlsr.route.Fib] Registering prefix: /ndn/p2-site/p2 faceUri: udp4://10.0.0.10:6363
1605737581.229731 DEBUG: [nlsr.route.Fib] Scheduling refresh for /ndn/p2-site/p2 Seq Num: 1 in 3600 seconds
1605737581.229765 DEBUG: [nlsr.route.Fib] Fib::update called
1605737581.229770 DEBUG: [nlsr.route.Fib] New FIB Entry
1605737581.229779 DEBUG: [nlsr.route.NamePrefixTable] Routing entry: /ndn/p3-site/%C1.Router/cs/p3 has changed next-hops.
1605737581.229786 DEBUG: [nlsr.route.Fib] Fib::update called
1605737581.229790 DEBUG: [nlsr.route.Fib] New FIB Entry
1605737581.229805 DEBUG: [nlsr.route.Fib] Registering prefix: /ndn/p3-site/p3 faceUri: udp4://10.0.0.10:6363
1605737581.229956 DEBUG: [nlsr.route.Fib] Scheduling refresh for /ndn/p3-site/p3 Seq Num: 1 in 3600 seconds
1605737581.229974 DEBUG: [nlsr.route.Fib] Fib::update called
1605737581.229983 DEBUG: [nlsr.route.Fib] New FIB Entry
1605737581.229999 DEBUG: [nlsr.route.Fib] Registering prefix: /ndn/p3-site/%C1.Router/cs/p3 faceUri: udp4://10.0.0.10:6363
1605737581.230137 DEBUG: [nlsr.route.Fib] Scheduling refresh for /ndn/p3-site/%C1.Router/cs/p3 Seq Num: 1 in 3600 seconds
1605737581.230162 DEBUG: [nlsr.route.NamePrefixTable] Routing entry: /ndn/c2-site/%C1.Router/cs/c2 has changed next-hops.
1605737581.230172 DEBUG: [nlsr.route.Fib] Fib::update called
1605737581.230175 DEBUG: [nlsr.route.Fib] New FIB Entry
1605737581.230188 DEBUG: [nlsr.route.Fib] Registering prefix: /ndn/c2-site/c2 faceUri: udp4://10.0.0.10:6363
1605737581.230315 DEBUG: [nlsr.route.Fib] Scheduling refresh for /ndn/c2-site/c2 Seq Num: 1 in 3600 seconds
1605737581.230326 DEBUG: [nlsr.route.Fib] Fib::update called
1605737581.230329 DEBUG: [nlsr.route.Fib] New FIB Entry
1605737581.230341 DEBUG: [nlsr.route.Fib] Registering prefix: /ndn/c2-site/%C1.Router/cs/c2 faceUri: udp4://10.0.0.10:6363
1605737581.230448 DEBUG: [nlsr.route.Fib] Scheduling refresh for /ndn/c2-site/%C1.Router/cs/c2 Seq Num: 1 in 3600 seconds
1605737581.230466 DEBUG: [nlsr.route.NamePrefixTable] Routing entry: /ndn/c1-site/%C1.Router/cs/c1 has changed next-hops.
1605737581.230473 DEBUG: [nlsr.route.Fib] Fib::update called
1605737581.230476 DEBUG: [nlsr.route.Fib] New FIB Entry
1605737581.230485 DEBUG: [nlsr.route.Fib] Registering prefix: /ndn/c1-site/c1 faceUri: udp4://10.0.0.1:6363
1605737581.230624 DEBUG: [nlsr.route.Fib] Scheduling refresh for /ndn/c1-site/c1 Seq Num: 1 in 3600 seconds
1605737581.230635 DEBUG: [nlsr.route.Fib] Fib::update called
1605737581.230638 DEBUG: [nlsr.route.Fib] New FIB Entry
1605737581.230643 DEBUG: [nlsr.route.RoutingTable] Routing Table:
  Destination: /ndn/p3-site/%C1.Router/cs/p3
    NextHop(Uri: udp4://10.0.0.10:6363, Cost: 20)
  Destination: /ndn/p2-site/%C1.Router/cs/p2
    NextHop(Uri: udp4://10.0.0.10:6363, Cost: 10)
  Destination: /ndn/c2-site/%C1.Router/cs/c2
    NextHop(Uri: udp4://10.0.0.10:6363, Cost: 20)
  Destination: /ndn/c1-site/%C1.Router/cs/c1
    NextHop(Uri: udp4://10.0.0.1:6363, Cost: 10)
1605737581.230656 DEBUG: [nlsr.route.NamePrefixTable] ----------------NPT----------------------
Name: /ndn/c1-site/%C1.Router/cs/c1
  Destination: /ndn/c1-site/%C1.Router/cs/c1
    NextHop(Uri: udp4://10.0.0.1:6363, Cost: 10)
Name: /ndn/c1-site/c1
  Destination: /ndn/c1-site/%C1.Router/cs/c1
    NextHop(Uri: udp4://10.0.0.1:6363, Cost: 10)
Name: /ndn/p2-site/%C1.Router/cs/p2
  Destination: /ndn/p2-site/%C1.Router/cs/p2
    NextHop(Uri: udp4://10.0.0.10:6363, Cost: 10)
Name: /ndn/p2-site/p2
  Destination: /ndn/p2-site/%C1.Router/cs/p2
    NextHop(Uri: udp4://10.0.0.10:6363, Cost: 10)
Name: /ndn/c2-site/%C1.Router/cs/c2
  Destination: /ndn/c2-site/%C1.Router/cs/c2
    NextHop(Uri: udp4://10.0.0.10:6363, Cost: 20)
Name: /ndn/c2-site/c2
  Destination: /ndn/c2-site/%C1.Router/cs/c2
    NextHop(Uri: udp4://10.0.0.10:6363, Cost: 20)
Name: /ndn/p3-site/%C1.Router/cs/p3
  Destination: /ndn/p3-site/%C1.Router/cs/p3
    NextHop(Uri: udp4://10.0.0.10:6363, Cost: 20)
Name: /ndn/p3-site/p3
  Destination: /ndn/p3-site/%C1.Router/cs/p3
    NextHop(Uri: udp4://10.0.0.10:6363, Cost: 20)
1605737581.230682 DEBUG: [nlsr.route.Fib] -------------------FIB-----------------------------
1605737581.230695 DEBUG: [nlsr.route.Fib] Name Prefix: /ndn/c1-site/c1
1605737581.230700 DEBUG: [nlsr.route.Fib] Seq No: 1
1605737581.230702 DEBUG: [nlsr.route.Fib]     NextHop(Uri: udp4://10.0.0.1:6363, Cost: 10)
1605737581.230705 DEBUG: [nlsr.route.Fib] Name Prefix: /ndn/c1-site/%C1.Router/cs/c1
1605737581.230708 DEBUG: [nlsr.route.Fib] Seq No: 1
1605737581.230710 DEBUG: [nlsr.route.Fib]     NextHop(Uri: udp4://10.0.0.1:6363, Cost: 10)
1605737581.230712 DEBUG: [nlsr.route.Fib] Name Prefix: /ndn/c2-site/c2
1605737581.230715 DEBUG: [nlsr.route.Fib] Seq No: 1
1605737581.230717 DEBUG: [nlsr.route.Fib]     NextHop(Uri: udp4://10.0.0.10:6363, Cost: 20)
1605737581.230720 DEBUG: [nlsr.route.Fib] Name Prefix: /ndn/c2-site/%C1.Router/cs/c2
1605737581.230723 DEBUG: [nlsr.route.Fib] Seq No: 1
1605737581.230726 DEBUG: [nlsr.route.Fib]     NextHop(Uri: udp4://10.0.0.10:6363, Cost: 20)
1605737581.230728 DEBUG: [nlsr.route.Fib] Name Prefix: /ndn/p2-site/p2
1605737581.230731 DEBUG: [nlsr.route.Fib] Seq No: 1
1605737581.230733 DEBUG: [nlsr.route.Fib]     NextHop(Uri: udp4://10.0.0.10:6363, Cost: 10)
1605737581.230736 DEBUG: [nlsr.route.Fib] Name Prefix: /ndn/p2-site/%C1.Router/cs/p2
1605737581.230739 DEBUG: [nlsr.route.Fib] Seq No: 1
1605737581.230742 DEBUG: [nlsr.route.Fib]     NextHop(Uri: udp4://10.0.0.10:6363, Cost: 10)
1605737581.230744 DEBUG: [nlsr.route.Fib] Name Prefix: /ndn/p3-site/p3
1605737581.230747 DEBUG: [nlsr.route.Fib] Seq No: 1
1605737581.230748 DEBUG: [nlsr.route.Fib]     NextHop(Uri: udp4://10.0.0.10:6363, Cost: 20)
1605737581.230757 DEBUG: [nlsr.route.Fib] Name Prefix: /ndn/p3-site/%C1.Router/cs/p3
1605737581.230761 DEBUG: [nlsr.route.Fib] Seq No: 1
1605737581.230763 DEBUG: [nlsr.route.Fib]     NextHop(Uri: udp4://10.0.0.10:6363, Cost: 20)
1605737581.232107 DEBUG: [nlsr.route.Fib] Successful in name registration: /ndn/p2-site/p2 Face Uri: udp4://10.0.0.10:6363 faceId: 266
1605737581.232480 DEBUG: [nlsr.route.Fib] Successful in name registration: /ndn/p3-site/p3 Face Uri: udp4://10.0.0.10:6363 faceId: 266
1605737581.232969 DEBUG: [nlsr.route.Fib] Successful in name registration: /ndn/p3-site/%C1.Router/cs/p3 Face Uri: udp4://10.0.0.10:6363 faceId: 266
1605737581.233204 DEBUG: [nlsr.route.Fib] Successful in name registration: /ndn/c2-site/c2 Face Uri: udp4://10.0.0.10:6363 faceId: 266
1605737581.233628 DEBUG: [nlsr.route.Fib] Successful in name registration: /ndn/c2-site/%C1.Router/cs/c2 Face Uri: udp4://10.0.0.10:6363 faceId: 266
1605737581.234011 DEBUG: [nlsr.route.Fib] Successful in name registration: /ndn/c1-site/c1 Face Uri: udp4://10.0.0.1:6363 faceId: 263
1605737611.986678 DEBUG: [nlsr.HelloProtocol] Interest Received for Name: /ndn/p1-site/%C1.Router/cs/p1/nlsr/INFO/%07%20%08%03ndn%08%07c1-site%08%08%C1.Router%08%02cs%08%02c1
1605737611.986720 DEBUG: [nlsr.HelloProtocol] Neighbor: /ndn/c1-site/%C1.Router/cs/c1
1605737611.986887 DEBUG: [nlsr.HelloProtocol] Sending out data for name: /ndn/p1-site/%C1.Router/cs/p1/nlsr/INFO/%07%20%08%03ndn%08%07c1-site%08%08%C1.Router%08%02cs%08%02c1
1605737614.847540 DEBUG: [nlsr.HelloProtocol] Expressing Interest: /ndn/c1-site/%C1.Router/cs/c1/nlsr/INFO/%07%20%08%03ndn%08%07p1-site%08%08%C1.Router%08%02cs%08%02p1
1605737614.847629 DEBUG: [nlsr.HelloProtocol] Sending HELLO interest: /ndn/c1-site/%C1.Router/cs/c1/nlsr/INFO/%07%20%08%03ndn%08%07p1-site%08%08%C1.Router%08%02cs%08%02p1
1605737614.848159 DEBUG: [nlsr.HelloProtocol] Expressing Interest: /ndn/p2-site/%C1.Router/cs/p2/nlsr/INFO/%07%20%08%03ndn%08%07p1-site%08%08%C1.Router%08%02cs%08%02p1
1605737614.848190 DEBUG: [nlsr.HelloProtocol] Sending HELLO interest: /ndn/p2-site/%C1.Router/cs/p2/nlsr/INFO/%07%20%08%03ndn%08%07p1-site%08%08%C1.Router%08%02cs%08%02p1
1605737614.872100 DEBUG: [nlsr.HelloProtocol] Received data for INFO(name): /ndn/p2-site/%C1.Router/cs/p2/nlsr/INFO/%07%20%08%03ndn%08%07p1-site%08%08%C1.Router%08%02cs%08%02p1/%FD%00%00%01u%DDk%8E%0B
1605737614.872146 DEBUG: [nlsr.HelloProtocol] Data signed with: /ndn/p2-site/%C1.Router/cs/p2/nlsr/KEY/%C4%E5%A4Fp%1DU%B5
1605737614.872164 DEBUG: [nlsr.HelloProtocol] Data validation successful for INFO(name): /ndn/p2-site/%C1.Router/cs/p2/nlsr/INFO/%07%20%08%03ndn%08%07p1-site%08%08%C1.Router%08%02cs%08%02p1/%FD%00%00%01u%DDk%8E%0B
1605737614.872182 DEBUG: [nlsr.HelloProtocol] Neighbor : /ndn/p2-site/%C1.Router/cs/p2
1605737614.872187 DEBUG: [nlsr.HelloProtocol] Old Status: 1 New Status: 1
1605737614.872199 DEBUG: [nlsr.route.Fib] Registering prefix: /localhop/ndn/nlsr/sync/%FD%08 faceUri: udp4://10.0.0.10:6363
1605737614.872520 DEBUG: [nlsr.HelloProtocol] Received data for INFO(name): /ndn/c1-site/%C1.Router/cs/c1/nlsr/INFO/%07%20%08%03ndn%08%07p1-site%08%08%C1.Router%08%02cs%08%02p1/%FD%00%00%01u%DDk%8E%0B
1605737614.872546 DEBUG: [nlsr.HelloProtocol] Data signed with: /ndn/c1-site/%C1.Router/cs/c1/nlsr/KEY/%06%CE%DF%A3l%B1%BA%D7
1605737614.872558 DEBUG: [nlsr.HelloProtocol] Data validation successful for INFO(name): /ndn/c1-site/%C1.Router/cs/c1/nlsr/INFO/%07%20%08%03ndn%08%07p1-site%08%08%C1.Router%08%02cs%08%02p1/%FD%00%00%01u%DDk%8E%0B
1605737614.872571 DEBUG: [nlsr.HelloProtocol] Neighbor : /ndn/c1-site/%C1.Router/cs/c1
1605737614.872576 DEBUG: [nlsr.HelloProtocol] Old Status: 1 New Status: 1
1605737614.872582 DEBUG: [nlsr.route.Fib] Registering prefix: /localhop/ndn/nlsr/sync/%FD%08 faceUri: udp4://10.0.0.1:6363
1605737614.874156 DEBUG: [nlsr.route.Fib] Successful in name registration: /localhop/ndn/nlsr/sync/%FD%08 Face Uri: udp4://10.0.0.10:6363 faceId: 266
1605737614.874422 DEBUG: [nlsr.route.Fib] Successful in name registration: /localhop/ndn/nlsr/sync/%FD%08 Face Uri: udp4://10.0.0.1:6363 faceId: 263
1605737616.623998 DEBUG: [nlsr.HelloProtocol] Interest Received for Name: /ndn/p1-site/%C1.Router/cs/p1/nlsr/INFO/%07%20%08%03ndn%08%07p2-site%08%08%C1.Router%08%02cs%08%02p2
1605737616.624034 DEBUG: [nlsr.HelloProtocol] Neighbor: /ndn/p2-site/%C1.Router/cs/p2
1605737616.624206 DEBUG: [nlsr.HelloProtocol] Sending out data for name: /ndn/p1-site/%C1.Router/cs/p1/nlsr/INFO/%07%20%08%03ndn%08%07p2-site%08%08%C1.Router%08%02cs%08%02p2
1605737658.956238 DEBUG: [nlsr.update.PrefixUpdateProcessor] accept /localhost/nlsr/prefix-update/advertise/h%16%07%14%08%09discovery%08%07printer/%00%00%01u%DDl%3AI/%DF%BB%EC%22o%A3%DB%5B/%16%2B%1B%01%03%1C%26%07%24%08%09localhost%08%08operator%08%03KEY%08%08%E5%A8%190%7B%02.6/%17G0E%02%20Z~%03wpb%03V%29%86%00%BA%BF%CB%A4%0F%A6%EC%B1zP%BF%20i%D3%F3%FCz%88%FAX%3B%02%21%00%CE%0D%CD%26R%1B.%D3%EB%D6%7C%16%C6%FB6%8E%DD%BE%8E%A2F%F9%3C%7D%20c%07%B9%CF%FDM%E8 signer=*
1605737658.956309  INFO: [nlsr.update.PrefixCommandProcessor] Advertising name: /discovery/printer
1605737658.956318 DEBUG: [nlsr.SequencingManager] Adj LSA seq no: 1
1605737658.956321 DEBUG: [nlsr.SequencingManager] Name LSA Seq no: 2
1605737658.957212 DEBUG: [nlsr.Lsdb] Updating NAME LSA:
1605737658.957232 DEBUG: [nlsr.Lsdb]     NAME LSA:
      Origin Router      : /ndn/p1-site/%C1.Router/cs/p1
      Sequence Number    : 1
      Expires in         : 3495881 milliseconds
      Names:
        Name 0: /ndn/p1-site/p1
1605737658.957258 DEBUG: [nlsr.Lsdb] Updated NAME LSA:
1605737658.957260 DEBUG: [nlsr.Lsdb]     NAME LSA:
      Origin Router      : /ndn/p1-site/%C1.Router/cs/p1
      Sequence Number    : 2
      Expires in         : 3599999 milliseconds
      Names:
        Name 0: /ndn/p1-site/p1
        Name 1: /discovery/printer
1605737658.973454 DEBUG: [nlsr.update.PrefixUpdateProcessor] accept /localhost/nlsr/prefix-update/advertise/h%1B%07%19%08%05ndnsd%08%02p1%08%0Cservice-info/%00%00%01u%DDl%3A%5B/%FA%C15%8AHI%3A%B6/%16%2B%1B%01%03%1C%26%07%24%08%09localhost%08%08operator%08%03KEY%08%08%E5%A8%190%7B%02.6/%17F0D%02%20.%A7%C7%FB%5E7%EA8UF%2C%F5U%EEq%8B%A7kRuGh%F5%11a%CA%0A%AB5%3CwH%02%20Xb%E09%E17%03%CEJ9%C6%F6o%83%B7%DC%BF%94%8AhG%C8%9BgP%3E%B3%B7%22%0Ceg signer=*
1605737658.973595  INFO: [nlsr.update.PrefixCommandProcessor] Advertising name: /ndnsd/p1/service-info
1605737658.973616 DEBUG: [nlsr.SequencingManager] Adj LSA seq no: 1
1605737658.973620 DEBUG: [nlsr.SequencingManager] Name LSA Seq no: 3
1605737658.973907 DEBUG: [nlsr.Lsdb] Updating NAME LSA:
1605737658.973925 DEBUG: [nlsr.Lsdb]     NAME LSA:
      Origin Router      : /ndn/p1-site/%C1.Router/cs/p1
      Sequence Number    : 2
      Expires in         : 3599982 milliseconds
      Names:
        Name 0: /ndn/p1-site/p1
        Name 1: /discovery/printer
1605737658.974014 DEBUG: [nlsr.Lsdb] Updated NAME LSA:
1605737658.974025 DEBUG: [nlsr.Lsdb]     NAME LSA:
      Origin Router      : /ndn/p1-site/%C1.Router/cs/p1
      Sequence Number    : 3
      Expires in         : 3599999 milliseconds
      Names:
        Name 0: /ndn/p1-site/p1
        Name 1: /ndnsd/p1/service-info
        Name 2: /discovery/printer
1605737658.979945 DEBUG: [nlsr.Lsdb] Interest received for LSA: /localhop/ndn/nlsr/LSA/p1-site/%C1.Router/cs/p1/NAME/%02
1605737658.979974 DEBUG: [nlsr.Lsdb] LSA sequence number from interest: 2
1605737658.979987 DEBUG: [nlsr.Lsdb] /localhop/ndn/nlsr/LSA/p1-site/%C1.Router/cs/p1/NAME/%02?CanBePrefix&MustBeFresh&Nonce=db3ebc07 received for NAME
1605737659.116162 DEBUG: [nlsr.Lsdb] Interest received for LSA: /localhop/ndn/nlsr/LSA/p1-site/%C1.Router/cs/p1/NAME/%03
1605737659.116192 DEBUG: [nlsr.Lsdb] LSA sequence number from interest: 3
1605737659.116206 DEBUG: [nlsr.Lsdb] /localhop/ndn/nlsr/LSA/p1-site/%C1.Router/cs/p1/NAME/%03?CanBePrefix&MustBeFresh&Nonce=0806e87a received for NAME
1605737659.989897 DEBUG: [nlsr.Lsdb] Interest received for LSA: /localhop/ndn/nlsr/LSA/p1-site/%C1.Router/cs/p1/NAME/%02
1605737659.989935 DEBUG: [nlsr.Lsdb] LSA sequence number from interest: 2
1605737659.989947 DEBUG: [nlsr.Lsdb] /localhop/ndn/nlsr/LSA/p1-site/%C1.Router/cs/p1/NAME/%02?CanBePrefix&MustBeFresh&Nonce=3268a166 received for NAME
1605737661.015484 DEBUG: [nlsr.SyncLogicHandler] Update Name: /localhop/ndn/nlsr/LSA/p2-site/%C1.Router/cs/p2/NAME Seq no: 2
1605737661.015506 DEBUG: [nlsr.SyncLogicHandler] Origin Router of update: /ndn/p2-site/%C1.Router/cs/p2
1605737661.015515 DEBUG: [nlsr.SyncLogicHandler] Received sync update with higher NAME sequence number than entry in LSDB
1605737661.015535 DEBUG: [nlsr.Lsdb] Fetching Data for LSA: /localhop/ndn/nlsr/LSA/p2-site/%C1.Router/cs/p2/NAME/%02 Seq number: 2
1605737661.036878 DEBUG: [nlsr.Lsdb] Interest received for LSA: /localhop/ndn/nlsr/LSA/p2-site/%C1.Router/cs/p2/NAME/%02
1605737661.038924 DEBUG: [nlsr.SyncLogicHandler] Update Name: /localhop/ndn/nlsr/LSA/p2-site/%C1.Router/cs/p2/NAME Seq no: 3
1605737661.039023 DEBUG: [nlsr.SyncLogicHandler] Origin Router of update: /ndn/p2-site/%C1.Router/cs/p2
1605737661.039042 DEBUG: [nlsr.SyncLogicHandler] Received sync update with higher NAME sequence number than entry in LSDB
1605737661.039061 DEBUG: [nlsr.Lsdb] Fetching Data for LSA: /localhop/ndn/nlsr/LSA/p2-site/%C1.Router/cs/p2/NAME/%03 Seq number: 3
1605737661.061968 DEBUG: [nlsr.Lsdb] Received data for LSA interest: /localhop/ndn/nlsr/LSA/p2-site/%C1.Router/cs/p2/NAME/%03
1605737661.062238 DEBUG: [nlsr.Lsdb] Updating NAME LSA:
1605737661.062283 DEBUG: [nlsr.Lsdb]     NAME LSA:
      Origin Router      : /ndn/p2-site/%C1.Router/cs/p2
      Sequence Number    : 1
      Expires in         : 3494937 milliseconds
      Names:
        Name 0: /ndn/p2-site/p2
1605737661.062340 DEBUG: [nlsr.route.NamePrefixTable] Adding origin: /ndn/p2-site/%C1.Router/cs/p2 to a new name prefix: /ndnsd/p2/service-info
1605737661.062379 DEBUG: [nlsr.route.Fib] Fib::update called
1605737661.062408 DEBUG: [nlsr.route.Fib] New FIB Entry
1605737661.062464 DEBUG: [nlsr.route.Fib] Registering prefix: /ndnsd/p2/service-info faceUri: udp4://10.0.0.10:6363
1605737661.062707 DEBUG: [nlsr.route.Fib] Scheduling refresh for /ndnsd/p2/service-info Seq Num: 1 in 3600 seconds
1605737661.062763 DEBUG: [nlsr.route.NamePrefixTable] Adding origin: /ndn/p2-site/%C1.Router/cs/p2 to a new name prefix: /discovery/printer
1605737661.062802 DEBUG: [nlsr.route.Fib] Fib::update called
1605737661.062832 DEBUG: [nlsr.route.Fib] New FIB Entry
1605737661.062875 DEBUG: [nlsr.route.Fib] Registering prefix: /discovery/printer faceUri: udp4://10.0.0.10:6363
1605737661.063143 DEBUG: [nlsr.route.Fib] Scheduling refresh for /discovery/printer Seq Num: 1 in 3600 seconds
1605737661.063205 DEBUG: [nlsr.Lsdb] Updated NAME LSA:
1605737661.063300 DEBUG: [nlsr.Lsdb]     NAME LSA:
      Origin Router      : /ndn/p2-site/%C1.Router/cs/p2
      Sequence Number    : 3
      Expires in         : 3599936 milliseconds
      Names:
        Name 0: /ndn/p2-site/p2
        Name 1: /ndnsd/p2/service-info
        Name 2: /discovery/printer
1605737661.067663 DEBUG: [nlsr.route.Fib] Successful in name registration: /ndnsd/p2/service-info Face Uri: udp4://10.0.0.10:6363 faceId: 266
1605737661.068054 DEBUG: [nlsr.route.Fib] Successful in name registration: /discovery/printer Face Uri: udp4://10.0.0.10:6363 faceId: 266
1605737662.017051 DEBUG: [nlsr.Lsdb] Interest received for LSA: /localhop/ndn/nlsr/LSA/p1-site/%C1.Router/cs/p1/NAME/%02
1605737662.017120 DEBUG: [nlsr.Lsdb] LSA sequence number from interest: 2
1605737662.017147 DEBUG: [nlsr.Lsdb] /localhop/ndn/nlsr/LSA/p1-site/%C1.Router/cs/p1/NAME/%02?CanBePrefix&MustBeFresh&Nonce=bc96abe2 received for NAME
1605737662.041868 DEBUG: [nlsr.Lsdb] Interest received for LSA: /localhop/ndn/nlsr/LSA/p2-site/%C1.Router/cs/p2/NAME/%02
1605737663.072990 DEBUG: [nlsr.SyncLogicHandler] Update Name: /localhop/ndn/nlsr/LSA/p3-site/%C1.Router/cs/p3/NAME Seq no: 2
1605737663.073046 DEBUG: [nlsr.SyncLogicHandler] Origin Router of update: /ndn/p3-site/%C1.Router/cs/p3
1605737663.073070 DEBUG: [nlsr.SyncLogicHandler] Received sync update with higher NAME sequence number than entry in LSDB
1605737663.073104 DEBUG: [nlsr.Lsdb] Fetching Data for LSA: /localhop/ndn/nlsr/LSA/p3-site/%C1.Router/cs/p3/NAME/%02 Seq number: 2
1605737663.073424 DEBUG: [nlsr.Lsdb] Interest received for LSA: /localhop/ndn/nlsr/LSA/p3-site/%C1.Router/cs/p3/NAME/%02
1605737663.095073 DEBUG: [nlsr.Lsdb] Interest received for LSA: /localhop/ndn/nlsr/LSA/p3-site/%C1.Router/cs/p3/NAME/%02
1605737663.097644 DEBUG: [nlsr.Lsdb] Interest received for LSA: /localhop/ndn/nlsr/LSA/p3-site/%C1.Router/cs/p3/NAME/%03
1605737663.098606 DEBUG: [nlsr.SyncLogicHandler] Update Name: /localhop/ndn/nlsr/LSA/p3-site/%C1.Router/cs/p3/NAME Seq no: 3
1605737663.098648 DEBUG: [nlsr.SyncLogicHandler] Origin Router of update: /ndn/p3-site/%C1.Router/cs/p3
1605737663.098668 DEBUG: [nlsr.SyncLogicHandler] Received sync update with higher NAME sequence number than entry in LSDB
1605737663.098696 DEBUG: [nlsr.Lsdb] Fetching Data for LSA: /localhop/ndn/nlsr/LSA/p3-site/%C1.Router/cs/p3/NAME/%03 Seq number: 3
1605737663.121658 DEBUG: [nlsr.Lsdb] Received data for LSA interest: /localhop/ndn/nlsr/LSA/p3-site/%C1.Router/cs/p3/NAME/%03
1605737663.122007 DEBUG: [nlsr.Lsdb] Updating NAME LSA:
1605737663.122033 DEBUG: [nlsr.Lsdb]     NAME LSA:
      Origin Router      : /ndn/p3-site/%C1.Router/cs/p3
      Sequence Number    : 1
      Expires in         : 3493877 milliseconds
      Names:
        Name 0: /ndn/p3-site/p3
1605737663.122068 DEBUG: [nlsr.route.NamePrefixTable] Adding origin: /ndn/p3-site/%C1.Router/cs/p3 to a new name prefix: /ndnsd/p3/service-info
1605737663.122088 DEBUG: [nlsr.route.Fib] Fib::update called
1605737663.122103 DEBUG: [nlsr.route.Fib] New FIB Entry
1605737663.122136 DEBUG: [nlsr.route.Fib] Registering prefix: /ndnsd/p3/service-info faceUri: udp4://10.0.0.10:6363
1605737663.122320 DEBUG: [nlsr.route.Fib] Scheduling refresh for /ndnsd/p3/service-info Seq Num: 1 in 3600 seconds
1605737663.122357 DEBUG: [nlsr.route.Fib] Fib::update called
1605737663.122371 DEBUG: [nlsr.route.Fib] Existing FIB Entry
1605737663.122391 DEBUG: [nlsr.route.Fib] Registering prefix: /discovery/printer faceUri: udp4://10.0.0.10:6363
1605737663.122497 DEBUG: [nlsr.Lsdb] Updated NAME LSA:
1605737663.122519 DEBUG: [nlsr.Lsdb]     NAME LSA:
      Origin Router      : /ndn/p3-site/%C1.Router/cs/p3
      Sequence Number    : 3
      Expires in         : 3599877 milliseconds
      Names:
        Name 0: /ndn/p3-site/p3
        Name 1: /ndnsd/p3/service-info
        Name 2: /discovery/printer
1605737663.123960 DEBUG: [nlsr.route.Fib] Successful in name registration: /ndnsd/p3/service-info Face Uri: udp4://10.0.0.10:6363 faceId: 266
1605737663.124311 DEBUG: [nlsr.route.Fib] Successful in name registration: /discovery/printer Face Uri: udp4://10.0.0.10:6363 faceId: 266
1605737664.041134 DEBUG: [nlsr.Lsdb] Interest received for LSA: /localhop/ndn/nlsr/LSA/p2-site/%C1.Router/cs/p2/NAME/%02
1605737664.081008 DEBUG: [nlsr.Lsdb] Interest received for LSA: /localhop/ndn/nlsr/LSA/p3-site/%C1.Router/cs/p3/NAME/%02
1605737666.063693 DEBUG: [nlsr.Lsdb] Interest received for LSA: /localhop/ndn/nlsr/LSA/p1-site/%C1.Router/cs/p1/NAME/%02
1605737666.063765 DEBUG: [nlsr.Lsdb] LSA sequence number from interest: 2
1605737666.063807 DEBUG: [nlsr.Lsdb] /localhop/ndn/nlsr/LSA/p1-site/%C1.Router/cs/p1/NAME/%02?CanBePrefix&MustBeFresh&Nonce=14336bff received for NAME
1605737666.075511 DEBUG: [nlsr.Lsdb] Interest received for LSA: /localhop/ndn/nlsr/LSA/p3-site/%C1.Router/cs/p3/NAME/%02
1605737668.041745 DEBUG: [nlsr.Lsdb] Interest received for LSA: /localhop/ndn/nlsr/LSA/p2-site/%C1.Router/cs/p2/NAME/%02
1605737670.092719 DEBUG: [nlsr.Lsdb] Interest received for LSA: /localhop/ndn/nlsr/LSA/p3-site/%C1.Router/cs/p3/NAME/%02
1605737672.015609 DEBUG: [nlsr.HelloProtocol] Interest Received for Name: /ndn/p1-site/%C1.Router/cs/p1/nlsr/INFO/%07%20%08%03ndn%08%07c1-site%08%08%C1.Router%08%02cs%08%02c1
1605737672.015649 DEBUG: [nlsr.HelloProtocol] Neighbor: /ndn/c1-site/%C1.Router/cs/c1
1605737672.015800 DEBUG: [nlsr.HelloProtocol] Sending out data for name: /ndn/p1-site/%C1.Router/cs/p1/nlsr/INFO/%07%20%08%03ndn%08%07c1-site%08%08%C1.Router%08%02cs%08%02c1
1605737674.063347 DEBUG: [nlsr.Lsdb] Interest received for LSA: /localhop/ndn/nlsr/LSA/p1-site/%C1.Router/cs/p1/NAME/%02
1605737674.063417 DEBUG: [nlsr.Lsdb] LSA sequence number from interest: 2
1605737674.063445 DEBUG: [nlsr.Lsdb] /localhop/ndn/nlsr/LSA/p1-site/%C1.Router/cs/p1/NAME/%02?CanBePrefix&MustBeFresh&Nonce=e516c178 received for NAME
1605737674.851973 DEBUG: [nlsr.HelloProtocol] Expressing Interest: /ndn/c1-site/%C1.Router/cs/c1/nlsr/INFO/%07%20%08%03ndn%08%07p1-site%08%08%C1.Router%08%02cs%08%02p1
1605737674.852072 DEBUG: [nlsr.HelloProtocol] Sending HELLO interest: /ndn/c1-site/%C1.Router/cs/c1/nlsr/INFO/%07%20%08%03ndn%08%07p1-site%08%08%C1.Router%08%02cs%08%02p1
1605737674.852103 DEBUG: [nlsr.HelloProtocol] Expressing Interest: /ndn/p2-site/%C1.Router/cs/p2/nlsr/INFO/%07%20%08%03ndn%08%07p1-site%08%08%C1.Router%08%02cs%08%02p1
1605737674.852128 DEBUG: [nlsr.HelloProtocol] Sending HELLO interest: /ndn/p2-site/%C1.Router/cs/p2/nlsr/INFO/%07%20%08%03ndn%08%07p1-site%08%08%C1.Router%08%02cs%08%02p1
1605737674.897120 DEBUG: [nlsr.HelloProtocol] Received data for INFO(name): /ndn/p2-site/%C1.Router/cs/p2/nlsr/INFO/%07%20%08%03ndn%08%07p1-site%08%08%C1.Router%08%02cs%08%02p1/%FD%00%00%01u%DDlx%85
1605737674.897197 DEBUG: [nlsr.HelloProtocol] Data signed with: /ndn/p2-site/%C1.Router/cs/p2/nlsr/KEY/%C4%E5%A4Fp%1DU%B5
1605737674.897224 DEBUG: [nlsr.HelloProtocol] Data validation successful for INFO(name): /ndn/p2-site/%C1.Router/cs/p2/nlsr/INFO/%07%20%08%03ndn%08%07p1-site%08%08%C1.Router%08%02cs%08%02p1/%FD%00%00%01u%DDlx%85
1605737674.897254 DEBUG: [nlsr.HelloProtocol] Neighbor : /ndn/p2-site/%C1.Router/cs/p2
1605737674.897270 DEBUG: [nlsr.HelloProtocol] Old Status: 1 New Status: 1
1605737674.897291 DEBUG: [nlsr.route.Fib] Registering prefix: /localhop/ndn/nlsr/sync/%FD%08 faceUri: udp4://10.0.0.10:6363
1605737674.907502 DEBUG: [nlsr.HelloProtocol] Received data for INFO(name): /ndn/c1-site/%C1.Router/cs/c1/nlsr/INFO/%07%20%08%03ndn%08%07p1-site%08%08%C1.Router%08%02cs%08%02p1/%FD%00%00%01u%DDlx%84
1605737674.907549 DEBUG: [nlsr.HelloProtocol] Data signed with: /ndn/c1-site/%C1.Router/cs/c1/nlsr/KEY/%06%CE%DF%A3l%B1%BA%D7
1605737674.907566 DEBUG: [nlsr.HelloProtocol] Data validation successful for INFO(name): /ndn/c1-site/%C1.Router/cs/c1/nlsr/INFO/%07%20%08%03ndn%08%07p1-site%08%08%C1.Router%08%02cs%08%02p1/%FD%00%00%01u%DDlx%84
1605737674.907583 DEBUG: [nlsr.HelloProtocol] Neighbor : /ndn/c1-site/%C1.Router/cs/c1
1605737674.907594 DEBUG: [nlsr.HelloProtocol] Old Status: 1 New Status: 1
1605737674.907608 DEBUG: [nlsr.route.Fib] Registering prefix: /localhop/ndn/nlsr/sync/%FD%08 faceUri: udp4://10.0.0.1:6363
1605737674.908673 DEBUG: [nlsr.route.Fib] Successful in name registration: /localhop/ndn/nlsr/sync/%FD%08 Face Uri: udp4://10.0.0.10:6363 faceId: 266
1605737674.908722 DEBUG: [nlsr.route.Fib] Successful in name registration: /localhop/ndn/nlsr/sync/%FD%08 Face Uri: udp4://10.0.0.1:6363 faceId: 263
1605737676.042248 DEBUG: [nlsr.Lsdb] Interest received for LSA: /localhop/ndn/nlsr/LSA/p2-site/%C1.Router/cs/p2/NAME/%02
1605737676.678539 DEBUG: [nlsr.HelloProtocol] Interest Received for Name: /ndn/p1-site/%C1.Router/cs/p1/nlsr/INFO/%07%20%08%03ndn%08%07p2-site%08%08%C1.Router%08%02cs%08%02p2
1605737676.678575 DEBUG: [nlsr.HelloProtocol] Neighbor: /ndn/p2-site/%C1.Router/cs/p2
1605737676.678725 DEBUG: [nlsr.HelloProtocol] Sending out data for name: /ndn/p1-site/%C1.Router/cs/p1/nlsr/INFO/%07%20%08%03ndn%08%07p2-site%08%08%C1.Router%08%02cs%08%02p2
1605737678.111558 DEBUG: [nlsr.Lsdb] Interest received for LSA: /localhop/ndn/nlsr/LSA/p3-site/%C1.Router/cs/p3/NAME/%02
1605737690.064503 DEBUG: [nlsr.Lsdb] Interest received for LSA: /localhop/ndn/nlsr/LSA/p1-site/%C1.Router/cs/p1/NAME/%02
1605737690.064548 DEBUG: [nlsr.Lsdb] LSA sequence number from interest: 2
1605737690.064564 DEBUG: [nlsr.Lsdb] /localhop/ndn/nlsr/LSA/p1-site/%C1.Router/cs/p1/NAME/%02?CanBePrefix&MustBeFresh&Nonce=953e2df9 received for NAME
1605737692.045972 DEBUG: [nlsr.Lsdb] Interest received for LSA: /localhop/ndn/nlsr/LSA/p2-site/%C1.Router/cs/p2/NAME/%02
1605737694.112263 DEBUG: [nlsr.Lsdb] Interest received for LSA: /localhop/ndn/nlsr/LSA/p3-site/%C1.Router/cs/p3/NAME/%02
1605737724.023400 DEBUG: [nlsr.Lsdb] Failed to fetch LSA: /localhop/ndn/nlsr/LSA/p2-site/%C1.Router/cs/p2/NAME, Error code: 1, Message: Timeout exceeded
1605737726.103004 DEBUG: [nlsr.Lsdb] Failed to fetch LSA: /localhop/ndn/nlsr/LSA/p3-site/%C1.Router/cs/p3/NAME, Error code: 1, Message: Timeout exceeded
1605737732.086127 DEBUG: [nlsr.HelloProtocol] Interest Received for Name: /ndn/p1-site/%C1.Router/cs/p1/nlsr/INFO/%07%20%08%03ndn%08%07c1-site%08%08%C1.Router%08%02cs%08%02c1
1605737732.086192 DEBUG: [nlsr.HelloProtocol] Neighbor: /ndn/c1-site/%C1.Router/cs/c1
1605737732.086353 DEBUG: [nlsr.HelloProtocol] Sending out data for name: /ndn/p1-site/%C1.Router/cs/p1/nlsr/INFO/%07%20%08%03ndn%08%07c1-site%08%08%C1.Router%08%02cs%08%02c1
1605737734.853377 DEBUG: [nlsr.HelloProtocol] Expressing Interest: /ndn/c1-site/%C1.Router/cs/c1/nlsr/INFO/%07%20%08%03ndn%08%07p1-site%08%08%C1.Router%08%02cs%08%02p1
1605737734.853455 DEBUG: [nlsr.HelloProtocol] Sending HELLO interest: /ndn/c1-site/%C1.Router/cs/c1/nlsr/INFO/%07%20%08%03ndn%08%07p1-site%08%08%C1.Router%08%02cs%08%02p1
1605737734.853479 DEBUG: [nlsr.HelloProtocol] Expressing Interest: /ndn/p2-site/%C1.Router/cs/p2/nlsr/INFO/%07%20%08%03ndn%08%07p1-site%08%08%C1.Router%08%02cs%08%02p1
1605737734.853498 DEBUG: [nlsr.HelloProtocol] Sending HELLO interest: /ndn/p2-site/%C1.Router/cs/p2/nlsr/INFO/%07%20%08%03ndn%08%07p1-site%08%08%C1.Router%08%02cs%08%02p1
1605737734.875736 DEBUG: [nlsr.HelloProtocol] Received data for INFO(name): /ndn/c1-site/%C1.Router/cs/c1/nlsr/INFO/%07%20%08%03ndn%08%07p1-site%08%08%C1.Router%08%02cs%08%02p1/%FD%00%00%01u%DDmb%D0
1605737734.875792 DEBUG: [nlsr.HelloProtocol] Data signed with: /ndn/c1-site/%C1.Router/cs/c1/nlsr/KEY/%06%CE%DF%A3l%B1%BA%D7
1605737734.875814 DEBUG: [nlsr.HelloProtocol] Data validation successful for INFO(name): /ndn/c1-site/%C1.Router/cs/c1/nlsr/INFO/%07%20%08%03ndn%08%07p1-site%08%08%C1.Router%08%02cs%08%02p1/%FD%00%00%01u%DDmb%D0
1605737734.875837 DEBUG: [nlsr.HelloProtocol] Neighbor : /ndn/c1-site/%C1.Router/cs/c1
1605737734.875850 DEBUG: [nlsr.HelloProtocol] Old Status: 1 New Status: 1
1605737734.875866 DEBUG: [nlsr.route.Fib] Registering prefix: /localhop/ndn/nlsr/sync/%FD%08 faceUri: udp4://10.0.0.1:6363
1605737734.876089 DEBUG: [nlsr.HelloProtocol] Received data for INFO(name): /ndn/p2-site/%C1.Router/cs/p2/nlsr/INFO/%07%20%08%03ndn%08%07p1-site%08%08%C1.Router%08%02cs%08%02p1/%FD%00%00%01u%DDmb%D0
1605737734.876119 DEBUG: [nlsr.HelloProtocol] Data signed with: /ndn/p2-site/%C1.Router/cs/p2/nlsr/KEY/%C4%E5%A4Fp%1DU%B5
1605737734.876135 DEBUG: [nlsr.HelloProtocol] Data validation successful for INFO(name): /ndn/p2-site/%C1.Router/cs/p2/nlsr/INFO/%07%20%08%03ndn%08%07p1-site%08%08%C1.Router%08%02cs%08%02p1/%FD%00%00%01u%DDmb%D0
1605737734.876154 DEBUG: [nlsr.HelloProtocol] Neighbor : /ndn/p2-site/%C1.Router/cs/p2
1605737734.876166 DEBUG: [nlsr.HelloProtocol] Old Status: 1 New Status: 1
1605737734.876179 DEBUG: [nlsr.route.Fib] Registering prefix: /localhop/ndn/nlsr/sync/%FD%08 faceUri: udp4://10.0.0.10:6363
1605737734.877198 DEBUG: [nlsr.route.Fib] Successful in name registration: /localhop/ndn/nlsr/sync/%FD%08 Face Uri: udp4://10.0.0.1:6363 faceId: 263
1605737734.877491 DEBUG: [nlsr.route.Fib] Successful in name registration: /localhop/ndn/nlsr/sync/%FD%08 Face Uri: udp4://10.0.0.10:6363 faceId: 266
1605737736.724139 DEBUG: [nlsr.HelloProtocol] Interest Received for Name: /ndn/p1-site/%C1.Router/cs/p1/nlsr/INFO/%07%20%08%03ndn%08%07p2-site%08%08%C1.Router%08%02cs%08%02p2
1605737736.724204 DEBUG: [nlsr.HelloProtocol] Neighbor: /ndn/p2-site/%C1.Router/cs/p2
1605737736.724351 DEBUG: [nlsr.HelloProtocol] Sending out data for name: /ndn/p1-site/%C1.Router/cs/p1/nlsr/INFO/%07%20%08%03ndn%08%07p2-site%08%08%C1.Router%08%02cs%08%02p2
1605737792.102398 DEBUG: [nlsr.HelloProtocol] Interest Received for Name: /ndn/p1-site/%C1.Router/cs/p1/nlsr/INFO/%07%20%08%03ndn%08%07c1-site%08%08%C1.Router%08%02cs%08%02c1
1605737792.102473 DEBUG: [nlsr.HelloProtocol] Neighbor: /ndn/c1-site/%C1.Router/cs/c1
1605737792.102650 DEBUG: [nlsr.HelloProtocol] Sending out data for name: /ndn/p1-site/%C1.Router/cs/p1/nlsr/INFO/%07%20%08%03ndn%08%07c1-site%08%08%C1.Router%08%02cs%08%02c1
1605737794.857638 DEBUG: [nlsr.HelloProtocol] Expressing Interest: /ndn/c1-site/%C1.Router/cs/c1/nlsr/INFO/%07%20%08%03ndn%08%07p1-site%08%08%C1.Router%08%02cs%08%02p1
1605737794.857751 DEBUG: [nlsr.HelloProtocol] Sending HELLO interest: /ndn/c1-site/%C1.Router/cs/c1/nlsr/INFO/%07%20%08%03ndn%08%07p1-site%08%08%C1.Router%08%02cs%08%02p1
1605737794.857785 DEBUG: [nlsr.HelloProtocol] Expressing Interest: /ndn/p2-site/%C1.Router/cs/p2/nlsr/INFO/%07%20%08%03ndn%08%07p1-site%08%08%C1.Router%08%02cs%08%02p1
1605737794.857810 DEBUG: [nlsr.HelloProtocol] Sending HELLO interest: /ndn/p2-site/%C1.Router/cs/p2/nlsr/INFO/%07%20%08%03ndn%08%07p1-site%08%08%C1.Router%08%02cs%08%02p1
1605737794.902360 DEBUG: [nlsr.HelloProtocol] Received data for INFO(name): /ndn/c1-site/%C1.Router/cs/c1/nlsr/INFO/%07%20%08%03ndn%08%07p1-site%08%08%C1.Router%08%02cs%08%02p1/%FD%00%00%01u%DDnMJ
1605737794.902397 DEBUG: [nlsr.HelloProtocol] Data signed with: /ndn/c1-site/%C1.Router/cs/c1/nlsr/KEY/%06%CE%DF%A3l%B1%BA%D7
1605737794.902412 DEBUG: [nlsr.HelloProtocol] Data validation successful for INFO(name): /ndn/c1-site/%C1.Router/cs/c1/nlsr/INFO/%07%20%08%03ndn%08%07p1-site%08%08%C1.Router%08%02cs%08%02p1/%FD%00%00%01u%DDnMJ
1605737794.902428 DEBUG: [nlsr.HelloProtocol] Neighbor : /ndn/c1-site/%C1.Router/cs/c1
1605737794.902432 DEBUG: [nlsr.HelloProtocol] Old Status: 1 New Status: 1
1605737794.902442 DEBUG: [nlsr.route.Fib] Registering prefix: /localhop/ndn/nlsr/sync/%FD%08 faceUri: udp4://10.0.0.1:6363
1605737794.902706 DEBUG: [nlsr.HelloProtocol] Received data for INFO(name): /ndn/p2-site/%C1.Router/cs/p2/nlsr/INFO/%07%20%08%03ndn%08%07p1-site%08%08%C1.Router%08%02cs%08%02p1/%FD%00%00%01u%DDnMJ
1605737794.902722 DEBUG: [nlsr.HelloProtocol] Data signed with: /ndn/p2-site/%C1.Router/cs/p2/nlsr/KEY/%C4%E5%A4Fp%1DU%B5
1605737794.902730 DEBUG: [nlsr.HelloProtocol] Data validation successful for INFO(name): /ndn/p2-site/%C1.Router/cs/p2/nlsr/INFO/%07%20%08%03ndn%08%07p1-site%08%08%C1.Router%08%02cs%08%02p1/%FD%00%00%01u%DDnMJ
1605737794.902742 DEBUG: [nlsr.HelloProtocol] Neighbor : /ndn/p2-site/%C1.Router/cs/p2
1605737794.902745 DEBUG: [nlsr.HelloProtocol] Old Status: 1 New Status: 1
1605737794.902751 DEBUG: [nlsr.route.Fib] Registering prefix: /localhop/ndn/nlsr/sync/%FD%08 faceUri: udp4://10.0.0.10:6363
1605737794.903922 DEBUG: [nlsr.route.Fib] Successful in name registration: /localhop/ndn/nlsr/sync/%FD%08 Face Uri: udp4://10.0.0.1:6363 faceId: 263
1605737794.904179 DEBUG: [nlsr.route.Fib] Successful in name registration: /localhop/ndn/nlsr/sync/%FD%08 Face Uri: udp4://10.0.0.10:6363 faceId: 266
1605737796.723802 DEBUG: [nlsr.HelloProtocol] Interest Received for Name: /ndn/p1-site/%C1.Router/cs/p1/nlsr/INFO/%07%20%08%03ndn%08%07p2-site%08%08%C1.Router%08%02cs%08%02p2
1605737796.723840 DEBUG: [nlsr.HelloProtocol] Neighbor: /ndn/p2-site/%C1.Router/cs/p2
1605737796.724027 DEBUG: [nlsr.HelloProtocol] Sending out data for name: /ndn/p1-site/%C1.Router/cs/p1/nlsr/INFO/%07%20%08%03ndn%08%07p2-site%08%08%C1.Router%08%02cs%08%02p2
1605737852.110657 DEBUG: [nlsr.HelloProtocol] Interest Received for Name: /ndn/p1-site/%C1.Router/cs/p1/nlsr/INFO/%07%20%08%03ndn%08%07c1-site%08%08%C1.Router%08%02cs%08%02c1
1605737852.110693 DEBUG: [nlsr.HelloProtocol] Neighbor: /ndn/c1-site/%C1.Router/cs/c1
1605737852.110862 DEBUG: [nlsr.HelloProtocol] Sending out data for name: /ndn/p1-site/%C1.Router/cs/p1/nlsr/INFO/%07%20%08%03ndn%08%07c1-site%08%08%C1.Router%08%02cs%08%02c1
1605737854.858307 DEBUG: [nlsr.HelloProtocol] Expressing Interest: /ndn/c1-site/%C1.Router/cs/c1/nlsr/INFO/%07%20%08%03ndn%08%07p1-site%08%08%C1.Router%08%02cs%08%02p1
1605737854.858405 DEBUG: [nlsr.HelloProtocol] Sending HELLO interest: /ndn/c1-site/%C1.Router/cs/c1/nlsr/INFO/%07%20%08%03ndn%08%07p1-site%08%08%C1.Router%08%02cs%08%02p1
1605737854.858425 DEBUG: [nlsr.HelloProtocol] Expressing Interest: /ndn/p2-site/%C1.Router/cs/p2/nlsr/INFO/%07%20%08%03ndn%08%07p1-site%08%08%C1.Router%08%02cs%08%02p1
1605737854.858435 DEBUG: [nlsr.HelloProtocol] Sending HELLO interest: /ndn/p2-site/%C1.Router/cs/p2/nlsr/INFO/%07%20%08%03ndn%08%07p1-site%08%08%C1.Router%08%02cs%08%02p1
1605737854.886523 DEBUG: [nlsr.HelloProtocol] Received data for INFO(name): /ndn/c1-site/%C1.Router/cs/c1/nlsr/INFO/%07%20%08%03ndn%08%07p1-site%08%08%C1.Router%08%02cs%08%02p1/%FD%00%00%01u%DDo7%9B
1605737854.886556 DEBUG: [nlsr.HelloProtocol] Data signed with: /ndn/c1-site/%C1.Router/cs/c1/nlsr/KEY/%06%CE%DF%A3l%B1%BA%D7
1605737854.886569 DEBUG: [nlsr.HelloProtocol] Data validation successful for INFO(name): /ndn/c1-site/%C1.Router/cs/c1/nlsr/INFO/%07%20%08%03ndn%08%07p1-site%08%08%C1.Router%08%02cs%08%02p1/%FD%00%00%01u%DDo7%9B
1605737854.886581 DEBUG: [nlsr.HelloProtocol] Neighbor : /ndn/c1-site/%C1.Router/cs/c1
1605737854.886586 DEBUG: [nlsr.HelloProtocol] Old Status: 1 New Status: 1
1605737854.886594 DEBUG: [nlsr.route.Fib] Registering prefix: /localhop/ndn/nlsr/sync/%FD%08 faceUri: udp4://10.0.0.1:6363
1605737854.887168 DEBUG: [nlsr.HelloProtocol] Received data for INFO(name): /ndn/p2-site/%C1.Router/cs/p2/nlsr/INFO/%07%20%08%03ndn%08%07p1-site%08%08%C1.Router%08%02cs%08%02p1/%FD%00%00%01u%DDo7%9B
1605737854.887193 DEBUG: [nlsr.HelloProtocol] Data signed with: /ndn/p2-site/%C1.Router/cs/p2/nlsr/KEY/%C4%E5%A4Fp%1DU%B5
1605737854.887239 DEBUG: [nlsr.HelloProtocol] Data validation successful for INFO(name): /ndn/p2-site/%C1.Router/cs/p2/nlsr/INFO/%07%20%08%03ndn%08%07p1-site%08%08%C1.Router%08%02cs%08%02p1/%FD%00%00%01u%DDo7%9B
1605737854.887251 DEBUG: [nlsr.HelloProtocol] Neighbor : /ndn/p2-site/%C1.Router/cs/p2
1605737854.887254 DEBUG: [nlsr.HelloProtocol] Old Status: 1 New Status: 1
1605737854.887298 DEBUG: [nlsr.route.Fib] Registering prefix: /localhop/ndn/nlsr/sync/%FD%08 faceUri: udp4://10.0.0.10:6363
1605737854.889242 DEBUG: [nlsr.route.Fib] Successful in name registration: /localhop/ndn/nlsr/sync/%FD%08 Face Uri: udp4://10.0.0.1:6363 faceId: 263
1605737854.890279 DEBUG: [nlsr.route.Fib] Successful in name registration: /localhop/ndn/nlsr/sync/%FD%08 Face Uri: udp4://10.0.0.10:6363 faceId: 266
1605737856.725029 DEBUG: [nlsr.HelloProtocol] Interest Received for Name: /ndn/p1-site/%C1.Router/cs/p1/nlsr/INFO/%07%20%08%03ndn%08%07p2-site%08%08%C1.Router%08%02cs%08%02p2
1605737856.725065 DEBUG: [nlsr.HelloProtocol] Neighbor: /ndn/p2-site/%C1.Router/cs/p2
1605737856.725198 DEBUG: [nlsr.HelloProtocol] Sending out data for name: /ndn/p1-site/%C1.Router/cs/p1/nlsr/INFO/%07%20%08%03ndn%08%07p2-site%08%08%C1.Router%08%02cs%08%02p2
