1605737553.212275  INFO: [nlsr.ConfParameter] Router Name: /%C1.Router/cs/c2
1605737553.212304  INFO: [nlsr.ConfParameter] Site Name: /c2-site
1605737553.212308  INFO: [nlsr.ConfParameter] Network: /ndn
1605737553.212310  INFO: [nlsr.ConfParameter] Router Prefix: /ndn/c2-site/%C1.Router/cs/c2
1605737553.212312  INFO: [nlsr.ConfParameter] Sync Prefix: /localhop/ndn/nlsr/sync/%FD%08
1605737553.212315  INFO: [nlsr.ConfParameter] Sync LSA prefix: /localhop/ndn/nlsr/LSA
1605737553.212317  INFO: [nlsr.ConfParameter] Hello Interest retry number: 3
1605737553.212320  INFO: [nlsr.ConfParameter] Hello Interest resend second: 1
1605737553.212322  INFO: [nlsr.ConfParameter] Info Interest interval: 60
1605737553.212324  INFO: [nlsr.ConfParameter] LSA refresh time: 1800
1605737553.212326  INFO: [nlsr.ConfParameter] FIB Entry refresh time: 3600
1605737553.212327  INFO: [nlsr.ConfParameter] LSA Interest lifetime: 4 seconds
1605737553.212341  INFO: [nlsr.ConfParameter] Router dead interval: 3600
1605737553.212346  INFO: [nlsr.ConfParameter] Max Faces Per Prefix: 3
1605737553.212347  INFO: [nlsr.ConfParameter] State Directory: /tmp/minindn/c2/log
1605737553.212349  INFO: [nlsr.ConfParameter] Adjacency LSA build interval:  10
1605737553.212351  INFO: [nlsr.ConfParameter] Routing calculation interval:  15
1605737553.212353 DEBUG: [nlsr.ConfParameter] Initializing Key ...
1605737553.212546  WARN: [nlsr.ConfParameter] Identity /ndn/c2-site/%C1.Router/cs/c2/nlsr does not exist
1605737553.229200 ERROR: [nlsr.ConfParameter] Router's Identity /ndn/c2-site/%C1.Router/cs/c2 does not exist, NLSR is running without security. If security is enabled in the configuration, NLSR will not converge.
1605737553.229260 DEBUG: [nlsr.SyncProtocolAdapter] Using PSync
1605737553.230725 DEBUG: [nlsr.SequencingManager] Seq File Name: /tmp/minindn/c2/log/nlsrSeqNo.txt
1605737553.230755 DEBUG: [nlsr.SequencingManager] Adj LSA seq no: 0
1605737553.230759 DEBUG: [nlsr.SequencingManager] Name LSA Seq no: 0
1605737553.230787 DEBUG: [nlsr.update.PrefixUpdateProcessor] Setting dispatcher to capture Interests for: /localhost/nlsr/prefix-update
1605737553.230821 DEBUG: [nlsr.Nlsr] Initializing Nlsr
1605737553.231327 DEBUG: [nlsr.Nlsr] Default NLSR identity: /ndn/c2-site/%C1.Router/cs/c2/nlsr
1605737553.231344 DEBUG: [nlsr.Nlsr] Setting interest filter for Hello interest: /ndn/c2-site/%C1.Router/cs/c2/nlsr/INFO
1605737553.231787 DEBUG: [nlsr.Nlsr] Setting interest filter for LsaPrefix: /localhop/ndn/nlsr/LSA
1605737553.231947 DEBUG: [nlsr.Nlsr] Enabling incoming face id indication for local face.
1605737553.232193 DEBUG: [nlsr.AdjacencyList] -------Adjacency List--------
1605737553.232204 DEBUG: [nlsr.AdjacencyList] Adjacent: /ndn/p2-site/%C1.Router/cs/p2
		Connecting FaceUri: udp4://10.0.0.6:6363
		Link cost: 10
		Status: 0
		Interest Timed Out: 0
1605737553.232221 DEBUG: [nlsr.Nlsr] Name prefix list: {
/ndn/c2-site/c2
Sources:
  
}
1605737553.232227 DEBUG: [nlsr.SequencingManager] Adj LSA seq no: 0
1605737553.232236 DEBUG: [nlsr.SequencingManager] Name LSA Seq no: 1
1605737553.232327 DEBUG: [nlsr.Lsdb] Adding NAME LSA
1605737553.232337 DEBUG: [nlsr.Lsdb]     NAME LSA:
      Origin Router      : /ndn/c2-site/%C1.Router/cs/c2
      Sequence Number    : 1
      Expires in         : 3599999 milliseconds
      Names:
        Name 0: /ndn/c2-site/c2
1605737553.237975 DEBUG: [nlsr.route.Fib] Successfully set strategy choice: /localhost/nfd/strategy/multicast/%FD%03 for name: /localhop/ndn/nlsr/LSA
1605737553.239370 DEBUG: [nlsr.Nlsr] Successfully registered prefix: /ndn/c2-site/%C1.Router/cs/c2/nlsr/INFO
1605737553.239423 DEBUG: [nlsr.Nlsr] Successfully registered prefix: /localhop/ndn/nlsr/LSA
1605737553.239452 DEBUG: [nlsr.route.Fib] Successfully set strategy choice: /localhost/nfd/strategy/multicast/%FD%03 for name: /localhop/ndn/nlsr/sync/%FD%08
1605737553.239729 DEBUG: [nlsr.Nlsr] Successfully enabled incoming face id indicationfor face id 262
1605737553.239821 DEBUG: [nlsr.Nlsr] Processing face dataset
1605737553.239833 DEBUG: [nlsr.Nlsr] FaceUri: udp4://10.0.0.6:6363 FaceId: 261
1605737553.239838 DEBUG: [nlsr.route.Fib] Registering prefix: /ndn/p2-site/%C1.Router/cs/p2 faceUri: udp4://10.0.0.6:6363
1605737553.239930 DEBUG: [nlsr.route.Fib] Registering prefix: /localhop/ndn/nlsr/LSA faceUri: udp4://10.0.0.6:6363
1605737553.240029 DEBUG: [nlsr.Nlsr] Scheduling Dataset Fetch in 3600 seconds
1605737553.240091 DEBUG: [nlsr.Nlsr] Successfully registered prefix: /localhost/nlsr
1605737553.241499 DEBUG: [nlsr.Nlsr] Successfully registered prefix: /ndn/c2-site/%C1.Router/cs/c2/nlsr
1605737553.241557 DEBUG: [nlsr.CertificateStore] KEY prefix: /ndn/c2-site/%C1.Router/cs/c2/nlsr/KEY registration is successful.
1605737553.241802 DEBUG: [nlsr.CertificateStore] KEY prefix: /ndn/c2-site/%C1.Router/cs/c2/KEY registration is successful.
1605737553.242533 DEBUG: [nlsr.CertificateStore] KEY prefix: /ndn/c2-site/%C1.Operator registration is successful.
1605737553.242854 DEBUG: [nlsr.CertificateStore] KEY prefix: /ndn/c2-site/KEY registration is successful.
1605737553.242888 DEBUG: [nlsr.route.Fib] Successful in name registration: /ndn/p2-site/%C1.Router/cs/p2 Face Uri: udp4://10.0.0.6:6363 faceId: 261
1605737553.242904 DEBUG: [nlsr.HelloProtocol] Expressing Interest: /ndn/p2-site/%C1.Router/cs/p2/nlsr/INFO/%07%20%08%03ndn%08%07c2-site%08%08%C1.Router%08%02cs%08%02c2
1605737553.242913 DEBUG: [nlsr.HelloProtocol] Sending HELLO interest: /ndn/p2-site/%C1.Router/cs/p2/nlsr/INFO/%07%20%08%03ndn%08%07c2-site%08%08%C1.Router%08%02cs%08%02c2
1605737553.243015 DEBUG: [nlsr.route.Fib] Successful in name registration: /localhop/ndn/nlsr/LSA Face Uri: udp4://10.0.0.6:6363 faceId: 261
1605737555.277675 DEBUG: [nlsr.HelloProtocol] Interest timed out for Name: /ndn/p2-site/%C1.Router/cs/p2/nlsr/INFO/%07%20%08%03ndn%08%07c2-site%08%08%C1.Router%08%02cs%08%02c2
1605737555.277738 DEBUG: [nlsr.HelloProtocol] Neighbor: /ndn/p2-site/%C1.Router/cs/p2
1605737555.277748 DEBUG: [nlsr.HelloProtocol] Status: 0
1605737555.277753 DEBUG: [nlsr.HelloProtocol] Info Interest Timed out: 1
1605737555.277770 DEBUG: [nlsr.HelloProtocol] Resending interest: /ndn/p2-site/%C1.Router/cs/p2/nlsr/INFO/%07%20%08%03ndn%08%07c2-site%08%08%C1.Router%08%02cs%08%02c2
1605737555.277778 DEBUG: [nlsr.HelloProtocol] Expressing Interest: /ndn/p2-site/%C1.Router/cs/p2/nlsr/INFO/%07%20%08%03ndn%08%07c2-site%08%08%C1.Router%08%02cs%08%02c2
1605737557.107694 DEBUG: [nlsr.Lsdb] Interest received for LSA: /localhop/ndn/nlsr/LSA/c1-site/%C1.Router/cs/c1/NAME/%01
1605737557.107765 DEBUG: [nlsr.Lsdb] Interest received for LSA: /localhop/ndn/nlsr/LSA/p1-site/%C1.Router/cs/p1/NAME/%01
1605737557.325434 DEBUG: [nlsr.HelloProtocol] Interest timed out for Name: /ndn/p2-site/%C1.Router/cs/p2/nlsr/INFO/%07%20%08%03ndn%08%07c2-site%08%08%C1.Router%08%02cs%08%02c2
1605737557.325496 DEBUG: [nlsr.HelloProtocol] Neighbor: /ndn/p2-site/%C1.Router/cs/p2
1605737557.325505 DEBUG: [nlsr.HelloProtocol] Status: 0
1605737557.325513 DEBUG: [nlsr.HelloProtocol] Info Interest Timed out: 2
1605737557.325529 DEBUG: [nlsr.HelloProtocol] Resending interest: /ndn/p2-site/%C1.Router/cs/p2/nlsr/INFO/%07%20%08%03ndn%08%07c2-site%08%08%C1.Router%08%02cs%08%02c2
1605737557.325538 DEBUG: [nlsr.HelloProtocol] Expressing Interest: /ndn/p2-site/%C1.Router/cs/p2/nlsr/INFO/%07%20%08%03ndn%08%07c2-site%08%08%C1.Router%08%02cs%08%02c2
1605737557.362245 DEBUG: [nlsr.HelloProtocol] Received data for INFO(name): /ndn/p2-site/%C1.Router/cs/p2/nlsr/INFO/%07%20%08%03ndn%08%07c2-site%08%08%C1.Router%08%02cs%08%02c2/%FD%00%00%01u%DDj%ADe
1605737557.362280 DEBUG: [nlsr.HelloProtocol] Data signed with: /ndn/p2-site/%C1.Router/cs/p2/nlsr/KEY/%C4%E5%A4Fp%1DU%B5
1605737557.362294 DEBUG: [nlsr.HelloProtocol] Data validation successful for INFO(name): /ndn/p2-site/%C1.Router/cs/p2/nlsr/INFO/%07%20%08%03ndn%08%07c2-site%08%08%C1.Router%08%02cs%08%02c2/%FD%00%00%01u%DDj%ADe
1605737557.362309 DEBUG: [nlsr.HelloProtocol] Neighbor : /ndn/p2-site/%C1.Router/cs/p2
1605737557.362313 DEBUG: [nlsr.HelloProtocol] Old Status: 0 New Status: 1
1605737557.362320 DEBUG: [nlsr.Lsdb] Scheduling Adjacency LSA build in 10 seconds
1605737557.362340 DEBUG: [nlsr.route.Fib] Registering prefix: /localhop/ndn/nlsr/sync/%FD%08 faceUri: udp4://10.0.0.6:6363
1605737557.362599 DEBUG: [nlsr.HelloProtocol] Interest Received for Name: /ndn/c2-site/%C1.Router/cs/c2/nlsr/INFO/%07%20%08%03ndn%08%07p2-site%08%08%C1.Router%08%02cs%08%02p2
1605737557.362622 DEBUG: [nlsr.HelloProtocol] Neighbor: /ndn/p2-site/%C1.Router/cs/p2
1605737557.362722 DEBUG: [nlsr.HelloProtocol] Sending out data for name: /ndn/c2-site/%C1.Router/cs/c2/nlsr/INFO/%07%20%08%03ndn%08%07p2-site%08%08%C1.Router%08%02cs%08%02p2
1605737557.363901 DEBUG: [nlsr.route.Fib] Successful in name registration: /localhop/ndn/nlsr/sync/%FD%08 Face Uri: udp4://10.0.0.6:6363 faceId: 261
1605737557.836495 DEBUG: [nlsr.SyncLogicHandler] Update Name: /localhop/ndn/nlsr/LSA/p2-site/%C1.Router/cs/p2/NAME Seq no: 1
1605737557.836523 DEBUG: [nlsr.SyncLogicHandler] Origin Router of update: /ndn/p2-site/%C1.Router/cs/p2
1605737557.836532 DEBUG: [nlsr.SyncLogicHandler] Received sync update with higher NAME sequence number than entry in LSDB
1605737557.836546 DEBUG: [nlsr.Lsdb] Fetching Data for LSA: /localhop/ndn/nlsr/LSA/p2-site/%C1.Router/cs/p2/NAME/%01 Seq number: 1
1605737557.837003 DEBUG: [nlsr.SyncLogicHandler] Update Name: /localhop/ndn/nlsr/LSA/c1-site/%C1.Router/cs/c1/NAME Seq no: 1
1605737557.837013 DEBUG: [nlsr.SyncLogicHandler] Origin Router of update: /ndn/c1-site/%C1.Router/cs/c1
1605737557.837018 DEBUG: [nlsr.SyncLogicHandler] Received sync update with higher NAME sequence number than entry in LSDB
1605737557.837028 DEBUG: [nlsr.Lsdb] Fetching Data for LSA: /localhop/ndn/nlsr/LSA/c1-site/%C1.Router/cs/c1/NAME/%01 Seq number: 1
1605737557.837460 DEBUG: [nlsr.SyncLogicHandler] Update Name: /localhop/ndn/nlsr/LSA/p1-site/%C1.Router/cs/p1/NAME Seq no: 1
1605737557.837478 DEBUG: [nlsr.SyncLogicHandler] Origin Router of update: /ndn/p1-site/%C1.Router/cs/p1
1605737557.837489 DEBUG: [nlsr.SyncLogicHandler] Received sync update with higher NAME sequence number than entry in LSDB
1605737557.837510 DEBUG: [nlsr.Lsdb] Fetching Data for LSA: /localhop/ndn/nlsr/LSA/p1-site/%C1.Router/cs/p1/NAME/%01 Seq number: 1
1605737557.842454 DEBUG: [nlsr.route.Fib] Successfully set strategy choice: /localhost/nfd/strategy/best-route/%FD%05 for name: /ndn/p2-site/%C1.Router/cs/p2/KEY
1605737557.843953 DEBUG: [nlsr.route.Fib] Successfully set strategy choice: /localhost/nfd/strategy/best-route/%FD%05 for name: /ndn/p2-site/%C1.Router/cs/p2/nlsr/KEY
1605737557.844006 DEBUG: [nlsr.route.Fib] Successfully set strategy choice: /localhost/nfd/strategy/best-route/%FD%05 for name: /ndn/p2-site/KEY
1605737557.844029 DEBUG: [nlsr.route.Fib] Successfully set strategy choice: /localhost/nfd/strategy/best-route/%FD%05 for name: /ndn/p2-site/%C1.Operator
1605737557.844053 DEBUG: [nlsr.route.Fib] Successfully set strategy choice: /localhost/nfd/strategy/best-route/%FD%05 for name: /ndn/c1-site/%C1.Router/cs/c1/KEY
1605737557.844077 DEBUG: [nlsr.route.Fib] Successfully set strategy choice: /localhost/nfd/strategy/best-route/%FD%05 for name: /ndn/c1-site/%C1.Router/cs/c1/nlsr/KEY
1605737557.844103 DEBUG: [nlsr.route.Fib] Successfully set strategy choice: /localhost/nfd/strategy/best-route/%FD%05 for name: /ndn/c1-site/KEY
1605737557.844121 DEBUG: [nlsr.route.Fib] Successfully set strategy choice: /localhost/nfd/strategy/best-route/%FD%05 for name: /ndn/c1-site/%C1.Operator
1605737557.844145 DEBUG: [nlsr.route.Fib] Successfully set strategy choice: /localhost/nfd/strategy/best-route/%FD%05 for name: /ndn/p1-site/%C1.Router/cs/p1/KEY
1605737557.844172 DEBUG: [nlsr.route.Fib] Successfully set strategy choice: /localhost/nfd/strategy/best-route/%FD%05 for name: /ndn/p1-site/%C1.Router/cs/p1/nlsr/KEY
1605737557.844197 DEBUG: [nlsr.route.Fib] Successfully set strategy choice: /localhost/nfd/strategy/best-route/%FD%05 for name: /ndn/p1-site/KEY
1605737557.844215 DEBUG: [nlsr.route.Fib] Successfully set strategy choice: /localhost/nfd/strategy/best-route/%FD%05 for name: /ndn/p1-site/%C1.Operator
1605737557.860635 DEBUG: [nlsr.Lsdb] Received data for LSA interest: /localhop/ndn/nlsr/LSA/c1-site/%C1.Router/cs/c1/NAME/%01
1605737557.860834 DEBUG: [nlsr.Lsdb] Adding NAME LSA
1605737557.860844 DEBUG: [nlsr.Lsdb]     NAME LSA:
      Origin Router      : /ndn/c1-site/%C1.Router/cs/c1
      Sequence Number    : 1
      Expires in         : 3593139 milliseconds
      Names:
        Name 0: /ndn/c1-site/c1
1605737557.860882 DEBUG: [nlsr.route.NamePrefixTable] Adding origin: /ndn/c1-site/%C1.Router/cs/c1 to a new name prefix: /ndn/c1-site/%C1.Router/cs/c1
1605737557.860889 DEBUG: [nlsr.route.Fib] Fib::remove called
1605737557.860892 DEBUG: [nlsr.route.NamePrefixTable] Adding origin: /ndn/c1-site/%C1.Router/cs/c1 to a new name prefix: /ndn/c1-site/c1
1605737557.860896 DEBUG: [nlsr.route.Fib] Fib::remove called
1605737557.860976 DEBUG: [nlsr.Lsdb] Received data for LSA interest: /localhop/ndn/nlsr/LSA/p1-site/%C1.Router/cs/p1/NAME/%01
1605737557.861065 DEBUG: [nlsr.Lsdb] Adding NAME LSA
1605737557.861072 DEBUG: [nlsr.Lsdb]     NAME LSA:
      Origin Router      : /ndn/p1-site/%C1.Router/cs/p1
      Sequence Number    : 1
      Expires in         : 3596138 milliseconds
      Names:
        Name 0: /ndn/p1-site/p1
1605737557.861095 DEBUG: [nlsr.route.NamePrefixTable] Adding origin: /ndn/p1-site/%C1.Router/cs/p1 to a new name prefix: /ndn/p1-site/%C1.Router/cs/p1
1605737557.861099 DEBUG: [nlsr.route.Fib] Fib::remove called
1605737557.861102 DEBUG: [nlsr.route.NamePrefixTable] Adding origin: /ndn/p1-site/%C1.Router/cs/p1 to a new name prefix: /ndn/p1-site/p1
1605737557.861107 DEBUG: [nlsr.route.Fib] Fib::remove called
1605737557.861275 DEBUG: [nlsr.Lsdb] Received data for LSA interest: /localhop/ndn/nlsr/LSA/p2-site/%C1.Router/cs/p2/NAME/%01
1605737557.861361 DEBUG: [nlsr.Lsdb] Adding NAME LSA
1605737557.861364 DEBUG: [nlsr.Lsdb]     NAME LSA:
      Origin Router      : /ndn/p2-site/%C1.Router/cs/p2
      Sequence Number    : 1
      Expires in         : 3598138 milliseconds
      Names:
        Name 0: /ndn/p2-site/p2
1605737557.861377 DEBUG: [nlsr.route.NamePrefixTable] Adding origin: /ndn/p2-site/%C1.Router/cs/p2 to a new name prefix: /ndn/p2-site/%C1.Router/cs/p2
1605737557.861381 DEBUG: [nlsr.route.Fib] Fib::remove called
1605737557.861384 DEBUG: [nlsr.route.NamePrefixTable] Adding origin: /ndn/p2-site/%C1.Router/cs/p2 to a new name prefix: /ndn/p2-site/p2
1605737557.861386 DEBUG: [nlsr.route.Fib] Fib::remove called
1605737566.902343 DEBUG: [nlsr.Lsdb] Interest received for LSA: /localhop/ndn/nlsr/LSA/c1-site/%C1.Router/cs/c1/ADJACENCY/%01
1605737566.902565 DEBUG: [nlsr.Lsdb] Interest received for LSA: /localhop/ndn/nlsr/LSA/p1-site/%C1.Router/cs/p1/ADJACENCY/%01
1605737566.976298 DEBUG: [nlsr.Lsdb] Interest received for LSA: /localhop/ndn/nlsr/LSA/c2-site/%C1.Router/cs/c2/NAME/%01
1605737566.976329 DEBUG: [nlsr.Lsdb] LSA sequence number from interest: 1
1605737566.976342 DEBUG: [nlsr.Lsdb] /localhop/ndn/nlsr/LSA/c2-site/%C1.Router/cs/c2/NAME/%01?CanBePrefix&MustBeFresh&Nonce=b558c60a received for NAME
1605737567.001253 DEBUG: [nlsr.Lsdb] Interest received for LSA: /localhop/ndn/nlsr/LSA/p3-site/%C1.Router/cs/p3/NAME/%01
1605737567.362986 DEBUG: [nlsr.Lsdb] Building and installing own Adj LSA
1605737567.363038 DEBUG: [nlsr.SequencingManager] Adj LSA seq no: 1
1605737567.363045 DEBUG: [nlsr.SequencingManager] Name LSA Seq no: 1
1605737567.364696 DEBUG: [nlsr.Lsdb] Adding ADJACENCY LSA
1605737567.364707 DEBUG: [nlsr.Lsdb]     ADJACENCY LSA:
      Origin Router      : /ndn/c2-site/%C1.Router/cs/c2
      Sequence Number    : 1
      Expires in         : 3599998 milliseconds
      Adjacent(s):
        Adjacent 0: (name=/ndn/p2-site/%C1.Router/cs/p2, uri=udp4://10.0.0.6:6363, cost=10)
1605737567.364755 DEBUG: [nlsr.route.RoutingTable] Scheduling routing table calculation in 15 seconds
1605737567.445802 DEBUG: [nlsr.Lsdb] Interest received for LSA: /localhop/ndn/nlsr/LSA/c2-site/%C1.Router/cs/c2/ADJACENCY/%01
1605737567.445871 DEBUG: [nlsr.Lsdb] LSA sequence number from interest: 1
1605737567.445897 DEBUG: [nlsr.Lsdb] /localhop/ndn/nlsr/LSA/c2-site/%C1.Router/cs/c2/ADJACENCY/%01?CanBePrefix&MustBeFresh&Nonce=9f4b6f35 received for ADJACENCY
1605737568.666661 DEBUG: [nlsr.SyncLogicHandler] Update Name: /localhop/ndn/nlsr/LSA/c1-site/%C1.Router/cs/c1/ADJACENCY Seq no: 1
1605737568.666716 DEBUG: [nlsr.SyncLogicHandler] Origin Router of update: /ndn/c1-site/%C1.Router/cs/c1
1605737568.666738 DEBUG: [nlsr.SyncLogicHandler] Received sync update with higher ADJACENCY sequence number than entry in LSDB
1605737568.666767 DEBUG: [nlsr.Lsdb] Fetching Data for LSA: /localhop/ndn/nlsr/LSA/c1-site/%C1.Router/cs/c1/ADJACENCY/%01 Seq number: 1
1605737568.666811 DEBUG: [nlsr.SyncLogicHandler] Update Name: /localhop/ndn/nlsr/LSA/p3-site/%C1.Router/cs/p3/NAME Seq no: 1
1605737568.666834 DEBUG: [nlsr.SyncLogicHandler] Origin Router of update: /ndn/p3-site/%C1.Router/cs/p3
1605737568.666852 DEBUG: [nlsr.SyncLogicHandler] Received sync update with higher NAME sequence number than entry in LSDB
1605737568.666875 DEBUG: [nlsr.Lsdb] Fetching Data for LSA: /localhop/ndn/nlsr/LSA/p3-site/%C1.Router/cs/p3/NAME/%01 Seq number: 1
1605737568.667367 DEBUG: [nlsr.SyncLogicHandler] Update Name: /localhop/ndn/nlsr/LSA/p1-site/%C1.Router/cs/p1/ADJACENCY Seq no: 1
1605737568.667403 DEBUG: [nlsr.SyncLogicHandler] Origin Router of update: /ndn/p1-site/%C1.Router/cs/p1
1605737568.667423 DEBUG: [nlsr.SyncLogicHandler] Received sync update with higher ADJACENCY sequence number than entry in LSDB
1605737568.667456 DEBUG: [nlsr.Lsdb] Fetching Data for LSA: /localhop/ndn/nlsr/LSA/p1-site/%C1.Router/cs/p1/ADJACENCY/%01 Seq number: 1
1605737568.667493 DEBUG: [nlsr.SyncLogicHandler] Update Name: /localhop/ndn/nlsr/LSA/p2-site/%C1.Router/cs/p2/ADJACENCY Seq no: 1
1605737568.667515 DEBUG: [nlsr.SyncLogicHandler] Origin Router of update: /ndn/p2-site/%C1.Router/cs/p2
1605737568.667533 DEBUG: [nlsr.SyncLogicHandler] Received sync update with higher ADJACENCY sequence number than entry in LSDB
1605737568.667556 DEBUG: [nlsr.Lsdb] Fetching Data for LSA: /localhop/ndn/nlsr/LSA/p2-site/%C1.Router/cs/p2/ADJACENCY/%01 Seq number: 1
1605737568.671417 DEBUG: [nlsr.route.Fib] Successfully set strategy choice: /localhost/nfd/strategy/best-route/%FD%05 for name: /ndn/p3-site/%C1.Router/cs/p3/KEY
1605737568.672111 DEBUG: [nlsr.route.Fib] Successfully set strategy choice: /localhost/nfd/strategy/best-route/%FD%05 for name: /ndn/p3-site/%C1.Router/cs/p3/nlsr/KEY
1605737568.672175 DEBUG: [nlsr.route.Fib] Successfully set strategy choice: /localhost/nfd/strategy/best-route/%FD%05 for name: /ndn/p3-site/KEY
1605737568.672215 DEBUG: [nlsr.route.Fib] Successfully set strategy choice: /localhost/nfd/strategy/best-route/%FD%05 for name: /ndn/p3-site/%C1.Operator
1605737568.692937 DEBUG: [nlsr.Lsdb] Received data for LSA interest: /localhop/ndn/nlsr/LSA/c1-site/%C1.Router/cs/c1/ADJACENCY/%01
1605737568.693129 DEBUG: [nlsr.Lsdb] Adding ADJACENCY LSA
1605737568.693274 DEBUG: [nlsr.Lsdb]     ADJACENCY LSA:
      Origin Router      : /ndn/c1-site/%C1.Router/cs/c1
      Sequence Number    : 1
      Expires in         : 3597306 milliseconds
      Adjacent(s):
        Adjacent 0: (name=/ndn/p1-site/%C1.Router/cs/p1, uri=udp4://10.0.0.2:6363, cost=10)
1605737568.693318 DEBUG: [nlsr.route.Fib] Fib::remove called
1605737568.693399 DEBUG: [nlsr.Lsdb] Received data for LSA interest: /localhop/ndn/nlsr/LSA/p3-site/%C1.Router/cs/p3/NAME/%01
1605737568.693526 DEBUG: [nlsr.Lsdb] Adding NAME LSA
1605737568.693545 DEBUG: [nlsr.Lsdb]     NAME LSA:
      Origin Router      : /ndn/p3-site/%C1.Router/cs/p3
      Sequence Number    : 1
      Expires in         : 3588306 milliseconds
      Names:
        Name 0: /ndn/p3-site/p3
1605737568.693574 DEBUG: [nlsr.route.NamePrefixTable] Adding origin: /ndn/p3-site/%C1.Router/cs/p3 to a new name prefix: /ndn/p3-site/%C1.Router/cs/p3
1605737568.693590 DEBUG: [nlsr.route.Fib] Fib::remove called
1605737568.693606 DEBUG: [nlsr.route.NamePrefixTable] Adding origin: /ndn/p3-site/%C1.Router/cs/p3 to a new name prefix: /ndn/p3-site/p3
1605737568.693621 DEBUG: [nlsr.route.Fib] Fib::remove called
1605737568.693708 DEBUG: [nlsr.Lsdb] Received data for LSA interest: /localhop/ndn/nlsr/LSA/p1-site/%C1.Router/cs/p1/ADJACENCY/%01
1605737568.693956 DEBUG: [nlsr.Lsdb] Adding ADJACENCY LSA
1605737568.693983 DEBUG: [nlsr.Lsdb]     ADJACENCY LSA:
      Origin Router      : /ndn/p1-site/%C1.Router/cs/p1
      Sequence Number    : 1
      Expires in         : 3597306 milliseconds
      Adjacent(s):
        Adjacent 0: (name=/ndn/c1-site/%C1.Router/cs/c1, uri=udp4://10.0.0.1:6363, cost=10)
        Adjacent 1: (name=/ndn/p2-site/%C1.Router/cs/p2, uri=udp4://10.0.0.10:6363, cost=10)
1605737568.694014 DEBUG: [nlsr.route.Fib] Fib::remove called
1605737568.694078 DEBUG: [nlsr.Lsdb] Received data for LSA interest: /localhop/ndn/nlsr/LSA/p2-site/%C1.Router/cs/p2/ADJACENCY/%01
1605737568.694207 DEBUG: [nlsr.Lsdb] Adding ADJACENCY LSA
1605737568.694227 DEBUG: [nlsr.Lsdb]     ADJACENCY LSA:
      Origin Router      : /ndn/p2-site/%C1.Router/cs/p2
      Sequence Number    : 1
      Expires in         : 3599305 milliseconds
      Adjacent(s):
        Adjacent 0: (name=/ndn/p1-site/%C1.Router/cs/p1, uri=udp4://10.0.0.9:6363, cost=10)
        Adjacent 1: (name=/ndn/c2-site/%C1.Router/cs/c2, uri=udp4://10.0.0.5:6363, cost=10)
        Adjacent 2: (name=/ndn/p3-site/%C1.Router/cs/p3, uri=udp4://10.0.0.14:6363, cost=10)
1605737568.694257 DEBUG: [nlsr.route.Fib] Fib::remove called
1605737568.694344 DEBUG: [nlsr.SyncLogicHandler] Update Name: /localhop/ndn/nlsr/LSA/p3-site/%C1.Router/cs/p3/ADJACENCY Seq no: 1
1605737568.694371 DEBUG: [nlsr.SyncLogicHandler] Origin Router of update: /ndn/p3-site/%C1.Router/cs/p3
1605737568.694388 DEBUG: [nlsr.SyncLogicHandler] Received sync update with higher ADJACENCY sequence number than entry in LSDB
1605737568.694410 DEBUG: [nlsr.Lsdb] Fetching Data for LSA: /localhop/ndn/nlsr/LSA/p3-site/%C1.Router/cs/p3/ADJACENCY/%01 Seq number: 1
1605737568.694810 DEBUG: [nlsr.Lsdb] Interest received for LSA: /localhop/ndn/nlsr/LSA/p3-site/%C1.Router/cs/p3/ADJACENCY/%01
1605737568.716544 DEBUG: [nlsr.Lsdb] Received data for LSA interest: /localhop/ndn/nlsr/LSA/p3-site/%C1.Router/cs/p3/ADJACENCY/%01
1605737568.716734 DEBUG: [nlsr.Lsdb] Adding ADJACENCY LSA
1605737568.716759 DEBUG: [nlsr.Lsdb]     ADJACENCY LSA:
      Origin Router      : /ndn/p3-site/%C1.Router/cs/p3
      Sequence Number    : 1
      Expires in         : 3599283 milliseconds
      Adjacent(s):
        Adjacent 0: (name=/ndn/p2-site/%C1.Router/cs/p2, uri=udp4://10.0.0.13:6363, cost=10)
1605737568.716797 DEBUG: [nlsr.route.Fib] Fib::remove called
1605737582.380727 DEBUG: [nlsr.Lsdb] ---------------NAME LSDB-------------------
1605737582.380810 DEBUG: [nlsr.Lsdb]     NAME LSA:
      Origin Router      : /ndn/p3-site/%C1.Router/cs/p3
      Sequence Number    : 1
      Expires in         : 3574619 milliseconds
      Names:
        Name 0: /ndn/p3-site/p3
1605737582.380856 DEBUG: [nlsr.Lsdb]     NAME LSA:
      Origin Router      : /ndn/p2-site/%C1.Router/cs/p2
      Sequence Number    : 1
      Expires in         : 3573619 milliseconds
      Names:
        Name 0: /ndn/p2-site/p2
1605737582.380878 DEBUG: [nlsr.Lsdb]     NAME LSA:
      Origin Router      : /ndn/p1-site/%C1.Router/cs/p1
      Sequence Number    : 1
      Expires in         : 3571619 milliseconds
      Names:
        Name 0: /ndn/p1-site/p1
1605737582.380898 DEBUG: [nlsr.Lsdb]     NAME LSA:
      Origin Router      : /ndn/c1-site/%C1.Router/cs/c1
      Sequence Number    : 1
      Expires in         : 3568619 milliseconds
      Names:
        Name 0: /ndn/c1-site/c1
1605737582.380918 DEBUG: [nlsr.Lsdb]     NAME LSA:
      Origin Router      : /ndn/c2-site/%C1.Router/cs/c2
      Sequence Number    : 1
      Expires in         : 3570851 milliseconds
      Names:
        Name 0: /ndn/c2-site/c2
1605737582.380939 DEBUG: [nlsr.Lsdb] ---------------ADJACENCY LSDB-------------------
1605737582.380953 DEBUG: [nlsr.Lsdb]     ADJACENCY LSA:
      Origin Router      : /ndn/p3-site/%C1.Router/cs/p3
      Sequence Number    : 1
      Expires in         : 3585619 milliseconds
      Adjacent(s):
        Adjacent 0: (name=/ndn/p2-site/%C1.Router/cs/p2, uri=udp4://10.0.0.13:6363, cost=10)
1605737582.380984 DEBUG: [nlsr.Lsdb]     ADJACENCY LSA:
      Origin Router      : /ndn/p2-site/%C1.Router/cs/p2
      Sequence Number    : 1
      Expires in         : 3585619 milliseconds
      Adjacent(s):
        Adjacent 0: (name=/ndn/p1-site/%C1.Router/cs/p1, uri=udp4://10.0.0.9:6363, cost=10)
        Adjacent 1: (name=/ndn/c2-site/%C1.Router/cs/c2, uri=udp4://10.0.0.5:6363, cost=10)
        Adjacent 2: (name=/ndn/p3-site/%C1.Router/cs/p3, uri=udp4://10.0.0.14:6363, cost=10)
1605737582.381029 DEBUG: [nlsr.Lsdb]     ADJACENCY LSA:
      Origin Router      : /ndn/p1-site/%C1.Router/cs/p1
      Sequence Number    : 1
      Expires in         : 3583618 milliseconds
      Adjacent(s):
        Adjacent 0: (name=/ndn/c1-site/%C1.Router/cs/c1, uri=udp4://10.0.0.1:6363, cost=10)
        Adjacent 1: (name=/ndn/p2-site/%C1.Router/cs/p2, uri=udp4://10.0.0.10:6363, cost=10)
1605737582.381055 DEBUG: [nlsr.Lsdb]     ADJACENCY LSA:
      Origin Router      : /ndn/c1-site/%C1.Router/cs/c1
      Sequence Number    : 1
      Expires in         : 3583618 milliseconds
      Adjacent(s):
        Adjacent 0: (name=/ndn/p1-site/%C1.Router/cs/p1, uri=udp4://10.0.0.2:6363, cost=10)
1605737582.381077 DEBUG: [nlsr.Lsdb]     ADJACENCY LSA:
      Origin Router      : /ndn/c2-site/%C1.Router/cs/c2
      Sequence Number    : 1
      Expires in         : 3584981 milliseconds
      Adjacent(s):
        Adjacent 0: (name=/ndn/p2-site/%C1.Router/cs/p2, uri=udp4://10.0.0.6:6363, cost=10)
1605737582.381101 DEBUG: [nlsr.route.NamePrefixTable] ----------------NPT----------------------
Name: /ndn/c1-site/%C1.Router/cs/c1
  Destination: /ndn/c1-site/%C1.Router/cs/c1
    
Name: /ndn/c1-site/c1
  Destination: /ndn/c1-site/%C1.Router/cs/c1
    
Name: /ndn/p1-site/%C1.Router/cs/p1
  Destination: /ndn/p1-site/%C1.Router/cs/p1
    
Name: /ndn/p1-site/p1
  Destination: /ndn/p1-site/%C1.Router/cs/p1
    
Name: /ndn/p2-site/%C1.Router/cs/p2
  Destination: /ndn/p2-site/%C1.Router/cs/p2
    
Name: /ndn/p2-site/p2
  Destination: /ndn/p2-site/%C1.Router/cs/p2
    
Name: /ndn/p3-site/%C1.Router/cs/p3
  Destination: /ndn/p3-site/%C1.Router/cs/p3
    
Name: /ndn/p3-site/p3
  Destination: /ndn/p3-site/%C1.Router/cs/p3
    
1605737582.381147 DEBUG: [nlsr.route.RoutingTable] Calculating routing table
1605737582.381186 DEBUG: [nlsr.route.Map] ---------------Map----------------------
1605737582.381202 DEBUG: [nlsr.route.Map] MapEntry: ( Router: /ndn/p3-site/%C1.Router/cs/p3 Mapping No: 0 )
1605737582.381218 DEBUG: [nlsr.route.Map] MapEntry: ( Router: /ndn/p2-site/%C1.Router/cs/p2 Mapping No: 1 )
1605737582.381232 DEBUG: [nlsr.route.Map] MapEntry: ( Router: /ndn/p1-site/%C1.Router/cs/p1 Mapping No: 2 )
1605737582.381246 DEBUG: [nlsr.route.Map] MapEntry: ( Router: /ndn/c2-site/%C1.Router/cs/c2 Mapping No: 3 )
1605737582.381259 DEBUG: [nlsr.route.Map] MapEntry: ( Router: /ndn/c1-site/%C1.Router/cs/c1 Mapping No: 4 )
1605737582.381277 DEBUG: [nlsr.route.RoutingTableCalculator] LinkStateRoutingTableCalculator::calculatePath Called
1605737582.381304 DEBUG: [nlsr.route.RoutingTableCalculator] -----------Legend (routerName -> index)------
1605737582.381320 DEBUG: [nlsr.route.RoutingTableCalculator] Router:/ndn/p3-site/%C1.Router/cs/p3 Index:0
1605737582.381337 DEBUG: [nlsr.route.RoutingTableCalculator] Router:/ndn/p2-site/%C1.Router/cs/p2 Index:1
1605737582.381352 DEBUG: [nlsr.route.RoutingTableCalculator] Router:/ndn/p1-site/%C1.Router/cs/p1 Index:2
1605737582.381366 DEBUG: [nlsr.route.RoutingTableCalculator] Router:/ndn/c2-site/%C1.Router/cs/c2 Index:3
1605737582.381381 DEBUG: [nlsr.route.RoutingTableCalculator] Router:/ndn/c1-site/%C1.Router/cs/c1 Index:4
1605737582.381396 DEBUG: [nlsr.route.RoutingTableCalculator]  |0 1 2 3 4 
1605737582.381409 DEBUG: [nlsr.route.RoutingTableCalculator] ------------
1605737582.381424 DEBUG: [nlsr.route.RoutingTableCalculator] 0|0 10 0 0 0 
1605737582.381439 DEBUG: [nlsr.route.RoutingTableCalculator] 1|10 0 10 10 0 
1605737582.381453 DEBUG: [nlsr.route.RoutingTableCalculator] 2|0 10 0 0 10 
1605737582.381467 DEBUG: [nlsr.route.RoutingTableCalculator] 3|0 10 0 0 0 
1605737582.381487 DEBUG: [nlsr.route.RoutingTableCalculator] 4|0 0 10 0 0 
1605737582.381502 DEBUG: [nlsr.route.RoutingTableCalculator] -----------Legend (routerName -> index)------
1605737582.381517 DEBUG: [nlsr.route.RoutingTableCalculator] Router:/ndn/p3-site/%C1.Router/cs/p3 Index:0
1605737582.381532 DEBUG: [nlsr.route.RoutingTableCalculator] Router:/ndn/p2-site/%C1.Router/cs/p2 Index:1
1605737582.381547 DEBUG: [nlsr.route.RoutingTableCalculator] Router:/ndn/p1-site/%C1.Router/cs/p1 Index:2
1605737582.381561 DEBUG: [nlsr.route.RoutingTableCalculator] Router:/ndn/c2-site/%C1.Router/cs/c2 Index:3
1605737582.381576 DEBUG: [nlsr.route.RoutingTableCalculator] Router:/ndn/c1-site/%C1.Router/cs/c1 Index:4
1605737582.381590 DEBUG: [nlsr.route.RoutingTableCalculator]  |0 1 2 3 4 
1605737582.381603 DEBUG: [nlsr.route.RoutingTableCalculator] ------------
1605737582.381616 DEBUG: [nlsr.route.RoutingTableCalculator] 0|0 10 0 0 0 
1605737582.381631 DEBUG: [nlsr.route.RoutingTableCalculator] 1|10 0 10 10 0 
1605737582.381645 DEBUG: [nlsr.route.RoutingTableCalculator] 2|0 10 0 0 10 
1605737582.381658 DEBUG: [nlsr.route.RoutingTableCalculator] 3|0 10 0 0 0 
1605737582.381672 DEBUG: [nlsr.route.RoutingTableCalculator] 4|0 0 10 0 0 
1605737582.381685 DEBUG: [nlsr.route.RoutingTableCalculator] LinkStateRoutingTableCalculator::addAllNextHopsToRoutingTable Called
1605737582.381702 DEBUG: [nlsr.route.RoutingTable] Adding NextHop(Uri: udp4://10.0.0.6:6363, Cost: 20) for destination: /ndn/p3-site/%C1.Router/cs/p3
1605737582.381729 DEBUG: [nlsr.route.RoutingTable] Adding NextHop(Uri: udp4://10.0.0.6:6363, Cost: 10) for destination: /ndn/p2-site/%C1.Router/cs/p2
1605737582.381751 DEBUG: [nlsr.route.RoutingTable] Adding NextHop(Uri: udp4://10.0.0.6:6363, Cost: 20) for destination: /ndn/p1-site/%C1.Router/cs/p1
1605737582.381772 DEBUG: [nlsr.route.RoutingTable] Adding NextHop(Uri: udp4://10.0.0.6:6363, Cost: 30) for destination: /ndn/c1-site/%C1.Router/cs/c1
1605737582.381793 DEBUG: [nlsr.route.RoutingTable] Calling Update NPT With new Route
1605737582.381807 DEBUG: [nlsr.route.NamePrefixTable] Updating table with newly calculated routes
1605737582.381821 DEBUG: [nlsr.route.NamePrefixTable] Routing entry: /ndn/p2-site/%C1.Router/cs/p2 has changed next-hops.
1605737582.381840 DEBUG: [nlsr.route.Fib] Fib::update called
1605737582.381854 DEBUG: [nlsr.route.Fib] New FIB Entry
1605737582.381884 DEBUG: [nlsr.route.Fib] Registering prefix: /ndn/p2-site/p2 faceUri: udp4://10.0.0.6:6363
1605737582.382064 DEBUG: [nlsr.route.Fib] Scheduling refresh for /ndn/p2-site/p2 Seq Num: 1 in 3600 seconds
1605737582.382098 DEBUG: [nlsr.route.Fib] Fib::update called
1605737582.382114 DEBUG: [nlsr.route.Fib] New FIB Entry
1605737582.382132 DEBUG: [nlsr.route.NamePrefixTable] Routing entry: /ndn/p1-site/%C1.Router/cs/p1 has changed next-hops.
1605737582.382150 DEBUG: [nlsr.route.Fib] Fib::update called
1605737582.382164 DEBUG: [nlsr.route.Fib] New FIB Entry
1605737582.382186 DEBUG: [nlsr.route.Fib] Registering prefix: /ndn/p1-site/p1 faceUri: udp4://10.0.0.6:6363
1605737582.382296 DEBUG: [nlsr.route.Fib] Scheduling refresh for /ndn/p1-site/p1 Seq Num: 1 in 3600 seconds
1605737582.382326 DEBUG: [nlsr.route.Fib] Fib::update called
1605737582.382342 DEBUG: [nlsr.route.Fib] New FIB Entry
1605737582.382364 DEBUG: [nlsr.route.Fib] Registering prefix: /ndn/p1-site/%C1.Router/cs/p1 faceUri: udp4://10.0.0.6:6363
1605737582.382474 DEBUG: [nlsr.route.Fib] Scheduling refresh for /ndn/p1-site/%C1.Router/cs/p1 Seq Num: 1 in 3600 seconds
1605737582.382503 DEBUG: [nlsr.route.NamePrefixTable] Routing entry: /ndn/p3-site/%C1.Router/cs/p3 has changed next-hops.
1605737582.382522 DEBUG: [nlsr.route.Fib] Fib::update called
1605737582.382536 DEBUG: [nlsr.route.Fib] New FIB Entry
1605737582.382557 DEBUG: [nlsr.route.Fib] Registering prefix: /ndn/p3-site/p3 faceUri: udp4://10.0.0.6:6363
1605737582.382663 DEBUG: [nlsr.route.Fib] Scheduling refresh for /ndn/p3-site/p3 Seq Num: 1 in 3600 seconds
1605737582.382692 DEBUG: [nlsr.route.Fib] Fib::update called
1605737582.382708 DEBUG: [nlsr.route.Fib] New FIB Entry
1605737582.382737 DEBUG: [nlsr.route.Fib] Registering prefix: /ndn/p3-site/%C1.Router/cs/p3 faceUri: udp4://10.0.0.6:6363
1605737582.382847 DEBUG: [nlsr.route.Fib] Scheduling refresh for /ndn/p3-site/%C1.Router/cs/p3 Seq Num: 1 in 3600 seconds
1605737582.382875 DEBUG: [nlsr.route.NamePrefixTable] Routing entry: /ndn/c1-site/%C1.Router/cs/c1 has changed next-hops.
1605737582.382894 DEBUG: [nlsr.route.Fib] Fib::update called
1605737582.382908 DEBUG: [nlsr.route.Fib] New FIB Entry
1605737582.382929 DEBUG: [nlsr.route.Fib] Registering prefix: /ndn/c1-site/c1 faceUri: udp4://10.0.0.6:6363
1605737582.383034 DEBUG: [nlsr.route.Fib] Scheduling refresh for /ndn/c1-site/c1 Seq Num: 1 in 3600 seconds
1605737582.383063 DEBUG: [nlsr.route.Fib] Fib::update called
1605737582.383079 DEBUG: [nlsr.route.Fib] New FIB Entry
1605737582.383100 DEBUG: [nlsr.route.Fib] Registering prefix: /ndn/c1-site/%C1.Router/cs/c1 faceUri: udp4://10.0.0.6:6363
1605737582.383219 DEBUG: [nlsr.route.Fib] Scheduling refresh for /ndn/c1-site/%C1.Router/cs/c1 Seq Num: 1 in 3600 seconds
1605737582.383248 DEBUG: [nlsr.route.RoutingTable] Routing Table:
  Destination: /ndn/p3-site/%C1.Router/cs/p3
    NextHop(Uri: udp4://10.0.0.6:6363, Cost: 20)
  Destination: /ndn/p2-site/%C1.Router/cs/p2
    NextHop(Uri: udp4://10.0.0.6:6363, Cost: 10)
  Destination: /ndn/p1-site/%C1.Router/cs/p1
    NextHop(Uri: udp4://10.0.0.6:6363, Cost: 20)
  Destination: /ndn/c1-site/%C1.Router/cs/c1
    NextHop(Uri: udp4://10.0.0.6:6363, Cost: 30)
1605737582.383272 DEBUG: [nlsr.route.NamePrefixTable] ----------------NPT----------------------
Name: /ndn/c1-site/%C1.Router/cs/c1
  Destination: /ndn/c1-site/%C1.Router/cs/c1
    NextHop(Uri: udp4://10.0.0.6:6363, Cost: 30)
Name: /ndn/c1-site/c1
  Destination: /ndn/c1-site/%C1.Router/cs/c1
    NextHop(Uri: udp4://10.0.0.6:6363, Cost: 30)
Name: /ndn/p1-site/%C1.Router/cs/p1
  Destination: /ndn/p1-site/%C1.Router/cs/p1
    NextHop(Uri: udp4://10.0.0.6:6363, Cost: 20)
Name: /ndn/p1-site/p1
  Destination: /ndn/p1-site/%C1.Router/cs/p1
    NextHop(Uri: udp4://10.0.0.6:6363, Cost: 20)
Name: /ndn/p2-site/%C1.Router/cs/p2
  Destination: /ndn/p2-site/%C1.Router/cs/p2
    NextHop(Uri: udp4://10.0.0.6:6363, Cost: 10)
Name: /ndn/p2-site/p2
  Destination: /ndn/p2-site/%C1.Router/cs/p2
    NextHop(Uri: udp4://10.0.0.6:6363, Cost: 10)
Name: /ndn/p3-site/%C1.Router/cs/p3
  Destination: /ndn/p3-site/%C1.Router/cs/p3
    NextHop(Uri: udp4://10.0.0.6:6363, Cost: 20)
Name: /ndn/p3-site/p3
  Destination: /ndn/p3-site/%C1.Router/cs/p3
    NextHop(Uri: udp4://10.0.0.6:6363, Cost: 20)
1605737582.383306 DEBUG: [nlsr.route.Fib] -------------------FIB-----------------------------
1605737582.383320 DEBUG: [nlsr.route.Fib] Name Prefix: /ndn/c1-site/c1
1605737582.383334 DEBUG: [nlsr.route.Fib] Seq No: 1
1605737582.383346 DEBUG: [nlsr.route.Fib]     NextHop(Uri: udp4://10.0.0.6:6363, Cost: 30)
1605737582.383361 DEBUG: [nlsr.route.Fib] Name Prefix: /ndn/c1-site/%C1.Router/cs/c1
1605737582.383375 DEBUG: [nlsr.route.Fib] Seq No: 1
1605737582.383388 DEBUG: [nlsr.route.Fib]     NextHop(Uri: udp4://10.0.0.6:6363, Cost: 30)
1605737582.383402 DEBUG: [nlsr.route.Fib] Name Prefix: /ndn/p1-site/p1
1605737582.383415 DEBUG: [nlsr.route.Fib] Seq No: 1
1605737582.383428 DEBUG: [nlsr.route.Fib]     NextHop(Uri: udp4://10.0.0.6:6363, Cost: 20)
1605737582.383442 DEBUG: [nlsr.route.Fib] Name Prefix: /ndn/p1-site/%C1.Router/cs/p1
1605737582.383455 DEBUG: [nlsr.route.Fib] Seq No: 1
1605737582.383468 DEBUG: [nlsr.route.Fib]     NextHop(Uri: udp4://10.0.0.6:6363, Cost: 20)
1605737582.383483 DEBUG: [nlsr.route.Fib] Name Prefix: /ndn/p2-site/p2
1605737582.383496 DEBUG: [nlsr.route.Fib] Seq No: 1
1605737582.383509 DEBUG: [nlsr.route.Fib]     NextHop(Uri: udp4://10.0.0.6:6363, Cost: 10)
1605737582.383523 DEBUG: [nlsr.route.Fib] Name Prefix: /ndn/p2-site/%C1.Router/cs/p2
1605737582.383536 DEBUG: [nlsr.route.Fib] Seq No: 1
1605737582.383549 DEBUG: [nlsr.route.Fib]     NextHop(Uri: udp4://10.0.0.6:6363, Cost: 10)
1605737582.383563 DEBUG: [nlsr.route.Fib] Name Prefix: /ndn/p3-site/p3
1605737582.383576 DEBUG: [nlsr.route.Fib] Seq No: 1
1605737582.383597 DEBUG: [nlsr.route.Fib]     NextHop(Uri: udp4://10.0.0.6:6363, Cost: 20)
1605737582.383612 DEBUG: [nlsr.route.Fib] Name Prefix: /ndn/p3-site/%C1.Router/cs/p3
1605737582.383626 DEBUG: [nlsr.route.Fib] Seq No: 1
1605737582.383689 DEBUG: [nlsr.route.Fib]     NextHop(Uri: udp4://10.0.0.6:6363, Cost: 20)
1605737582.385739 DEBUG: [nlsr.route.Fib] Successful in name registration: /ndn/p2-site/p2 Face Uri: udp4://10.0.0.6:6363 faceId: 261
1605737582.386517 DEBUG: [nlsr.route.Fib] Successful in name registration: /ndn/p1-site/p1 Face Uri: udp4://10.0.0.6:6363 faceId: 261
1605737582.387055 DEBUG: [nlsr.route.Fib] Successful in name registration: /ndn/p1-site/%C1.Router/cs/p1 Face Uri: udp4://10.0.0.6:6363 faceId: 261
1605737582.387389 DEBUG: [nlsr.route.Fib] Successful in name registration: /ndn/p3-site/p3 Face Uri: udp4://10.0.0.6:6363 faceId: 261
1605737582.388642 DEBUG: [nlsr.route.Fib] Successful in name registration: /ndn/p3-site/%C1.Router/cs/p3 Face Uri: udp4://10.0.0.6:6363 faceId: 261
1605737582.388704 DEBUG: [nlsr.route.Fib] Successful in name registration: /ndn/c1-site/c1 Face Uri: udp4://10.0.0.6:6363 faceId: 261
1605737582.388750 DEBUG: [nlsr.route.Fib] Successful in name registration: /ndn/c1-site/%C1.Router/cs/c1 Face Uri: udp4://10.0.0.6:6363 faceId: 261
1605737613.267069 DEBUG: [nlsr.HelloProtocol] Expressing Interest: /ndn/p2-site/%C1.Router/cs/p2/nlsr/INFO/%07%20%08%03ndn%08%07c2-site%08%08%C1.Router%08%02cs%08%02c2
1605737613.267149 DEBUG: [nlsr.HelloProtocol] Sending HELLO interest: /ndn/p2-site/%C1.Router/cs/p2/nlsr/INFO/%07%20%08%03ndn%08%07c2-site%08%08%C1.Router%08%02cs%08%02c2
1605737613.290514 DEBUG: [nlsr.HelloProtocol] Received data for INFO(name): /ndn/p2-site/%C1.Router/cs/p2/nlsr/INFO/%07%20%08%03ndn%08%07c2-site%08%08%C1.Router%08%02cs%08%02c2/%FD%00%00%01u%DDk%87%DE
1605737613.290586 DEBUG: [nlsr.HelloProtocol] Data signed with: /ndn/p2-site/%C1.Router/cs/p2/nlsr/KEY/%C4%E5%A4Fp%1DU%B5
1605737613.290617 DEBUG: [nlsr.HelloProtocol] Data validation successful for INFO(name): /ndn/p2-site/%C1.Router/cs/p2/nlsr/INFO/%07%20%08%03ndn%08%07c2-site%08%08%C1.Router%08%02cs%08%02c2/%FD%00%00%01u%DDk%87%DE
1605737613.290650 DEBUG: [nlsr.HelloProtocol] Neighbor : /ndn/p2-site/%C1.Router/cs/p2
1605737613.290670 DEBUG: [nlsr.HelloProtocol] Old Status: 1 New Status: 1
1605737613.290692 DEBUG: [nlsr.route.Fib] Registering prefix: /localhop/ndn/nlsr/sync/%FD%08 faceUri: udp4://10.0.0.6:6363
1605737613.292343 DEBUG: [nlsr.route.Fib] Successful in name registration: /localhop/ndn/nlsr/sync/%FD%08 Face Uri: udp4://10.0.0.6:6363 faceId: 261
1605737616.624298 DEBUG: [nlsr.HelloProtocol] Interest Received for Name: /ndn/c2-site/%C1.Router/cs/c2/nlsr/INFO/%07%20%08%03ndn%08%07p2-site%08%08%C1.Router%08%02cs%08%02p2
1605737616.624360 DEBUG: [nlsr.HelloProtocol] Neighbor: /ndn/p2-site/%C1.Router/cs/p2
1605737616.624494 DEBUG: [nlsr.HelloProtocol] Sending out data for name: /ndn/c2-site/%C1.Router/cs/c2/nlsr/INFO/%07%20%08%03ndn%08%07p2-site%08%08%C1.Router%08%02cs%08%02p2
1605737658.979969 DEBUG: [nlsr.SyncLogicHandler] Update Name: /localhop/ndn/nlsr/LSA/p1-site/%C1.Router/cs/p1/NAME Seq no: 2
1605737658.980074 DEBUG: [nlsr.SyncLogicHandler] Origin Router of update: /ndn/p1-site/%C1.Router/cs/p1
1605737658.980113 DEBUG: [nlsr.SyncLogicHandler] Received sync update with higher NAME sequence number than entry in LSDB
1605737658.980145 DEBUG: [nlsr.Lsdb] Fetching Data for LSA: /localhop/ndn/nlsr/LSA/p1-site/%C1.Router/cs/p1/NAME/%02 Seq number: 2
1605737658.981469 DEBUG: [nlsr.Lsdb] Interest received for LSA: /localhop/ndn/nlsr/LSA/p1-site/%C1.Router/cs/p1/NAME/%02
1605737659.116969 DEBUG: [nlsr.Lsdb] Interest received for LSA: /localhop/ndn/nlsr/LSA/p1-site/%C1.Router/cs/p1/NAME/%03
1605737659.117919 DEBUG: [nlsr.SyncLogicHandler] Update Name: /localhop/ndn/nlsr/LSA/p1-site/%C1.Router/cs/p1/NAME Seq no: 3
1605737659.117958 DEBUG: [nlsr.SyncLogicHandler] Origin Router of update: /ndn/p1-site/%C1.Router/cs/p1
1605737659.117977 DEBUG: [nlsr.SyncLogicHandler] Received sync update with higher NAME sequence number than entry in LSDB
1605737659.118011 DEBUG: [nlsr.Lsdb] Fetching Data for LSA: /localhop/ndn/nlsr/LSA/p1-site/%C1.Router/cs/p1/NAME/%03 Seq number: 3
1605737659.143293 DEBUG: [nlsr.Lsdb] Received data for LSA interest: /localhop/ndn/nlsr/LSA/p1-site/%C1.Router/cs/p1/NAME/%03
1605737659.143437 DEBUG: [nlsr.Lsdb] Updating NAME LSA:
1605737659.143457 DEBUG: [nlsr.Lsdb]     NAME LSA:
      Origin Router      : /ndn/p1-site/%C1.Router/cs/p1
      Sequence Number    : 1
      Expires in         : 3494856 milliseconds
      Names:
        Name 0: /ndn/p1-site/p1
1605737659.143484 DEBUG: [nlsr.route.NamePrefixTable] Adding origin: /ndn/p1-site/%C1.Router/cs/p1 to a new name prefix: /ndnsd/p1/service-info
1605737659.143501 DEBUG: [nlsr.route.Fib] Fib::update called
1605737659.143514 DEBUG: [nlsr.route.Fib] New FIB Entry
1605737659.143542 DEBUG: [nlsr.route.Fib] Registering prefix: /ndnsd/p1/service-info faceUri: udp4://10.0.0.6:6363
1605737659.143653 DEBUG: [nlsr.route.Fib] Scheduling refresh for /ndnsd/p1/service-info Seq Num: 1 in 3600 seconds
1605737659.143679 DEBUG: [nlsr.route.NamePrefixTable] Adding origin: /ndn/p1-site/%C1.Router/cs/p1 to a new name prefix: /discovery/printer
1605737659.143695 DEBUG: [nlsr.route.Fib] Fib::update called
1605737659.143706 DEBUG: [nlsr.route.Fib] New FIB Entry
1605737659.143723 DEBUG: [nlsr.route.Fib] Registering prefix: /discovery/printer faceUri: udp4://10.0.0.6:6363
1605737659.143820 DEBUG: [nlsr.route.Fib] Scheduling refresh for /discovery/printer Seq Num: 1 in 3600 seconds
1605737659.143849 DEBUG: [nlsr.Lsdb] Updated NAME LSA:
1605737659.143862 DEBUG: [nlsr.Lsdb]     NAME LSA:
      Origin Router      : /ndn/p1-site/%C1.Router/cs/p1
      Sequence Number    : 3
      Expires in         : 3598856 milliseconds
      Names:
        Name 0: /ndn/p1-site/p1
        Name 1: /ndnsd/p1/service-info
        Name 2: /discovery/printer
1605737659.145956 DEBUG: [nlsr.route.Fib] Successful in name registration: /ndnsd/p1/service-info Face Uri: udp4://10.0.0.6:6363 faceId: 261
1605737659.146553 DEBUG: [nlsr.route.Fib] Successful in name registration: /discovery/printer Face Uri: udp4://10.0.0.6:6363 faceId: 261
1605737659.989857 DEBUG: [nlsr.Lsdb] Interest received for LSA: /localhop/ndn/nlsr/LSA/p1-site/%C1.Router/cs/p1/NAME/%02
1605737661.014999 DEBUG: [nlsr.SyncLogicHandler] Update Name: /localhop/ndn/nlsr/LSA/p2-site/%C1.Router/cs/p2/NAME Seq no: 2
1605737661.015023 DEBUG: [nlsr.SyncLogicHandler] Origin Router of update: /ndn/p2-site/%C1.Router/cs/p2
1605737661.015031 DEBUG: [nlsr.SyncLogicHandler] Received sync update with higher NAME sequence number than entry in LSDB
1605737661.015048 DEBUG: [nlsr.Lsdb] Fetching Data for LSA: /localhop/ndn/nlsr/LSA/p2-site/%C1.Router/cs/p2/NAME/%02 Seq number: 2
1605737661.038789 DEBUG: [nlsr.SyncLogicHandler] Update Name: /localhop/ndn/nlsr/LSA/p2-site/%C1.Router/cs/p2/NAME Seq no: 3
1605737661.038818 DEBUG: [nlsr.SyncLogicHandler] Origin Router of update: /ndn/p2-site/%C1.Router/cs/p2
1605737661.038829 DEBUG: [nlsr.SyncLogicHandler] Received sync update with higher NAME sequence number than entry in LSDB
1605737661.038850 DEBUG: [nlsr.Lsdb] Fetching Data for LSA: /localhop/ndn/nlsr/LSA/p2-site/%C1.Router/cs/p2/NAME/%03 Seq number: 3
1605737661.062445 DEBUG: [nlsr.Lsdb] Received data for LSA interest: /localhop/ndn/nlsr/LSA/p2-site/%C1.Router/cs/p2/NAME/%03
1605737661.062626 DEBUG: [nlsr.Lsdb] Updating NAME LSA:
1605737661.062631 DEBUG: [nlsr.Lsdb]     NAME LSA:
      Origin Router      : /ndn/p2-site/%C1.Router/cs/p2
      Sequence Number    : 1
      Expires in         : 3494937 milliseconds
      Names:
        Name 0: /ndn/p2-site/p2
1605737661.062660 DEBUG: [nlsr.route.NamePrefixTable] Adding origin: /ndn/p2-site/%C1.Router/cs/p2 to a new name prefix: /ndnsd/p2/service-info
1605737661.062673 DEBUG: [nlsr.route.Fib] Fib::update called
1605737661.062679 DEBUG: [nlsr.route.Fib] New FIB Entry
1605737661.062706 DEBUG: [nlsr.route.Fib] Registering prefix: /ndnsd/p2/service-info faceUri: udp4://10.0.0.6:6363
1605737661.062861 DEBUG: [nlsr.route.Fib] Scheduling refresh for /ndnsd/p2/service-info Seq Num: 1 in 3600 seconds
1605737661.062879 DEBUG: [nlsr.route.Fib] Fib::update called
1605737661.062882 DEBUG: [nlsr.route.Fib] Existing FIB Entry
1605737661.062893 DEBUG: [nlsr.route.Fib] Registering prefix: /discovery/printer faceUri: udp4://10.0.0.6:6363
1605737661.062994 DEBUG: [nlsr.Lsdb] Updated NAME LSA:
1605737661.062999 DEBUG: [nlsr.Lsdb]     NAME LSA:
      Origin Router      : /ndn/p2-site/%C1.Router/cs/p2
      Sequence Number    : 3
      Expires in         : 3599936 milliseconds
      Names:
        Name 0: /ndn/p2-site/p2
        Name 1: /ndnsd/p2/service-info
        Name 2: /discovery/printer
1605737661.065010 DEBUG: [nlsr.route.Fib] Successful in name registration: /ndnsd/p2/service-info Face Uri: udp4://10.0.0.6:6363 faceId: 261
1605737661.066076 DEBUG: [nlsr.route.Fib] Successful in name registration: /discovery/printer Face Uri: udp4://10.0.0.6:6363 faceId: 261
1605737662.017380 DEBUG: [nlsr.Lsdb] Interest received for LSA: /localhop/ndn/nlsr/LSA/p1-site/%C1.Router/cs/p1/NAME/%02
1605737663.072236 DEBUG: [nlsr.SyncLogicHandler] Update Name: /localhop/ndn/nlsr/LSA/p3-site/%C1.Router/cs/p3/NAME Seq no: 2
1605737663.072298 DEBUG: [nlsr.SyncLogicHandler] Origin Router of update: /ndn/p3-site/%C1.Router/cs/p3
1605737663.072322 DEBUG: [nlsr.SyncLogicHandler] Received sync update with higher NAME sequence number than entry in LSDB
1605737663.072354 DEBUG: [nlsr.Lsdb] Fetching Data for LSA: /localhop/ndn/nlsr/LSA/p3-site/%C1.Router/cs/p3/NAME/%02 Seq number: 2
1605737663.072679 DEBUG: [nlsr.Lsdb] Interest received for LSA: /localhop/ndn/nlsr/LSA/p3-site/%C1.Router/cs/p3/NAME/%02
1605737663.097319 DEBUG: [nlsr.Lsdb] Interest received for LSA: /localhop/ndn/nlsr/LSA/p3-site/%C1.Router/cs/p3/NAME/%03
1605737663.098031 DEBUG: [nlsr.SyncLogicHandler] Update Name: /localhop/ndn/nlsr/LSA/p3-site/%C1.Router/cs/p3/NAME Seq no: 3
1605737663.098074 DEBUG: [nlsr.SyncLogicHandler] Origin Router of update: /ndn/p3-site/%C1.Router/cs/p3
1605737663.098095 DEBUG: [nlsr.SyncLogicHandler] Received sync update with higher NAME sequence number than entry in LSDB
1605737663.098125 DEBUG: [nlsr.Lsdb] Fetching Data for LSA: /localhop/ndn/nlsr/LSA/p3-site/%C1.Router/cs/p3/NAME/%03 Seq number: 3
1605737663.121657 DEBUG: [nlsr.Lsdb] Received data for LSA interest: /localhop/ndn/nlsr/LSA/p3-site/%C1.Router/cs/p3/NAME/%03
1605737663.121976 DEBUG: [nlsr.Lsdb] Updating NAME LSA:
1605737663.121992 DEBUG: [nlsr.Lsdb]     NAME LSA:
      Origin Router      : /ndn/p3-site/%C1.Router/cs/p3
      Sequence Number    : 1
      Expires in         : 3493878 milliseconds
      Names:
        Name 0: /ndn/p3-site/p3
1605737663.122022 DEBUG: [nlsr.route.NamePrefixTable] Adding origin: /ndn/p3-site/%C1.Router/cs/p3 to a new name prefix: /ndnsd/p3/service-info
1605737663.122032 DEBUG: [nlsr.route.Fib] Fib::update called
1605737663.122037 DEBUG: [nlsr.route.Fib] New FIB Entry
1605737663.122073 DEBUG: [nlsr.route.Fib] Registering prefix: /ndnsd/p3/service-info faceUri: udp4://10.0.0.6:6363
1605737663.122309 DEBUG: [nlsr.route.Fib] Scheduling refresh for /ndnsd/p3/service-info Seq Num: 1 in 3600 seconds
1605737663.122326 DEBUG: [nlsr.route.Fib] Fib::update called
1605737663.122329 DEBUG: [nlsr.route.Fib] Existing FIB Entry
1605737663.122338 DEBUG: [nlsr.route.Fib] Registering prefix: /discovery/printer faceUri: udp4://10.0.0.6:6363
1605737663.122431 DEBUG: [nlsr.Lsdb] Updated NAME LSA:
1605737663.122436 DEBUG: [nlsr.Lsdb]     NAME LSA:
      Origin Router      : /ndn/p3-site/%C1.Router/cs/p3
      Sequence Number    : 3
      Expires in         : 3599877 milliseconds
      Names:
        Name 0: /ndn/p3-site/p3
        Name 1: /ndnsd/p3/service-info
        Name 2: /discovery/printer
1605737663.123906 DEBUG: [nlsr.route.Fib] Successful in name registration: /ndnsd/p3/service-info Face Uri: udp4://10.0.0.6:6363 faceId: 261
1605737663.124357 DEBUG: [nlsr.route.Fib] Successful in name registration: /discovery/printer Face Uri: udp4://10.0.0.6:6363 faceId: 261
1605737664.081473 DEBUG: [nlsr.Lsdb] Interest received for LSA: /localhop/ndn/nlsr/LSA/p3-site/%C1.Router/cs/p3/NAME/%02
1605737666.063925 DEBUG: [nlsr.Lsdb] Interest received for LSA: /localhop/ndn/nlsr/LSA/p1-site/%C1.Router/cs/p1/NAME/%02
1605737666.075633 DEBUG: [nlsr.Lsdb] Interest received for LSA: /localhop/ndn/nlsr/LSA/p3-site/%C1.Router/cs/p3/NAME/%02
1605737670.092942 DEBUG: [nlsr.Lsdb] Interest received for LSA: /localhop/ndn/nlsr/LSA/p3-site/%C1.Router/cs/p3/NAME/%02
1605737673.269337 DEBUG: [nlsr.HelloProtocol] Expressing Interest: /ndn/p2-site/%C1.Router/cs/p2/nlsr/INFO/%07%20%08%03ndn%08%07c2-site%08%08%C1.Router%08%02cs%08%02c2
1605737673.269485 DEBUG: [nlsr.HelloProtocol] Sending HELLO interest: /ndn/p2-site/%C1.Router/cs/p2/nlsr/INFO/%07%20%08%03ndn%08%07c2-site%08%08%C1.Router%08%02cs%08%02c2
1605737673.306295 DEBUG: [nlsr.HelloProtocol] Received data for INFO(name): /ndn/p2-site/%C1.Router/cs/p2/nlsr/INFO/%07%20%08%03ndn%08%07c2-site%08%08%C1.Router%08%02cs%08%02c2/%FD%00%00%01u%DDlrN
1605737673.306887 DEBUG: [nlsr.HelloProtocol] Data signed with: /ndn/p2-site/%C1.Router/cs/p2/nlsr/KEY/%C4%E5%A4Fp%1DU%B5
1605737673.306928 DEBUG: [nlsr.HelloProtocol] Data validation successful for INFO(name): /ndn/p2-site/%C1.Router/cs/p2/nlsr/INFO/%07%20%08%03ndn%08%07c2-site%08%08%C1.Router%08%02cs%08%02c2/%FD%00%00%01u%DDlrN
1605737673.306959 DEBUG: [nlsr.HelloProtocol] Neighbor : /ndn/p2-site/%C1.Router/cs/p2
1605737673.306975 DEBUG: [nlsr.HelloProtocol] Old Status: 1 New Status: 1
1605737673.306995 DEBUG: [nlsr.route.Fib] Registering prefix: /localhop/ndn/nlsr/sync/%FD%08 faceUri: udp4://10.0.0.6:6363
1605737673.308724 DEBUG: [nlsr.route.Fib] Successful in name registration: /localhop/ndn/nlsr/sync/%FD%08 Face Uri: udp4://10.0.0.6:6363 faceId: 261
1605737674.063791 DEBUG: [nlsr.Lsdb] Interest received for LSA: /localhop/ndn/nlsr/LSA/p1-site/%C1.Router/cs/p1/NAME/%02
1605737676.678514 DEBUG: [nlsr.HelloProtocol] Interest Received for Name: /ndn/c2-site/%C1.Router/cs/c2/nlsr/INFO/%07%20%08%03ndn%08%07p2-site%08%08%C1.Router%08%02cs%08%02p2
1605737676.678584 DEBUG: [nlsr.HelloProtocol] Neighbor: /ndn/p2-site/%C1.Router/cs/p2
1605737676.678725 DEBUG: [nlsr.HelloProtocol] Sending out data for name: /ndn/c2-site/%C1.Router/cs/c2/nlsr/INFO/%07%20%08%03ndn%08%07p2-site%08%08%C1.Router%08%02cs%08%02p2
1605737678.111469 DEBUG: [nlsr.Lsdb] Interest received for LSA: /localhop/ndn/nlsr/LSA/p3-site/%C1.Router/cs/p3/NAME/%02
1605737690.064913 DEBUG: [nlsr.Lsdb] Interest received for LSA: /localhop/ndn/nlsr/LSA/p1-site/%C1.Router/cs/p1/NAME/%02
1605737694.112330 DEBUG: [nlsr.Lsdb] Interest received for LSA: /localhop/ndn/nlsr/LSA/p3-site/%C1.Router/cs/p3/NAME/%02
1605737722.052352 DEBUG: [nlsr.Lsdb] Failed to fetch LSA: /localhop/ndn/nlsr/LSA/p1-site/%C1.Router/cs/p1/NAME, Error code: 1, Message: Timeout exceeded
1605737724.023489 DEBUG: [nlsr.Lsdb] Failed to fetch LSA: /localhop/ndn/nlsr/LSA/p2-site/%C1.Router/cs/p2/NAME, Error code: 1, Message: Timeout exceeded
1605737726.102896 DEBUG: [nlsr.Lsdb] Failed to fetch LSA: /localhop/ndn/nlsr/LSA/p3-site/%C1.Router/cs/p3/NAME, Error code: 1, Message: Timeout exceeded
1605737733.271983 DEBUG: [nlsr.HelloProtocol] Expressing Interest: /ndn/p2-site/%C1.Router/cs/p2/nlsr/INFO/%07%20%08%03ndn%08%07c2-site%08%08%C1.Router%08%02cs%08%02c2
1605737733.272081 DEBUG: [nlsr.HelloProtocol] Sending HELLO interest: /ndn/p2-site/%C1.Router/cs/p2/nlsr/INFO/%07%20%08%03ndn%08%07c2-site%08%08%C1.Router%08%02cs%08%02c2
1605737733.303306 DEBUG: [nlsr.HelloProtocol] Received data for INFO(name): /ndn/p2-site/%C1.Router/cs/p2/nlsr/INFO/%07%20%08%03ndn%08%07c2-site%08%08%C1.Router%08%02cs%08%02c2/%FD%00%00%01u%DDm%5C%A4
1605737733.303382 DEBUG: [nlsr.HelloProtocol] Data signed with: /ndn/p2-site/%C1.Router/cs/p2/nlsr/KEY/%C4%E5%A4Fp%1DU%B5
1605737733.303421 DEBUG: [nlsr.HelloProtocol] Data validation successful for INFO(name): /ndn/p2-site/%C1.Router/cs/p2/nlsr/INFO/%07%20%08%03ndn%08%07c2-site%08%08%C1.Router%08%02cs%08%02c2/%FD%00%00%01u%DDm%5C%A4
1605737733.303463 DEBUG: [nlsr.HelloProtocol] Neighbor : /ndn/p2-site/%C1.Router/cs/p2
1605737733.303505 DEBUG: [nlsr.HelloProtocol] Old Status: 1 New Status: 1
1605737733.303534 DEBUG: [nlsr.route.Fib] Registering prefix: /localhop/ndn/nlsr/sync/%FD%08 faceUri: udp4://10.0.0.6:6363
1605737733.305455 DEBUG: [nlsr.route.Fib] Successful in name registration: /localhop/ndn/nlsr/sync/%FD%08 Face Uri: udp4://10.0.0.6:6363 faceId: 261
1605737736.724153 DEBUG: [nlsr.HelloProtocol] Interest Received for Name: /ndn/c2-site/%C1.Router/cs/c2/nlsr/INFO/%07%20%08%03ndn%08%07p2-site%08%08%C1.Router%08%02cs%08%02p2
1605737736.724192 DEBUG: [nlsr.HelloProtocol] Neighbor: /ndn/p2-site/%C1.Router/cs/p2
1605737736.724330 DEBUG: [nlsr.HelloProtocol] Sending out data for name: /ndn/c2-site/%C1.Router/cs/c2/nlsr/INFO/%07%20%08%03ndn%08%07p2-site%08%08%C1.Router%08%02cs%08%02p2
1605737793.272368 DEBUG: [nlsr.HelloProtocol] Expressing Interest: /ndn/p2-site/%C1.Router/cs/p2/nlsr/INFO/%07%20%08%03ndn%08%07c2-site%08%08%C1.Router%08%02cs%08%02c2
1605737793.272494 DEBUG: [nlsr.HelloProtocol] Sending HELLO interest: /ndn/p2-site/%C1.Router/cs/p2/nlsr/INFO/%07%20%08%03ndn%08%07c2-site%08%08%C1.Router%08%02cs%08%02c2
1605737793.304185 DEBUG: [nlsr.HelloProtocol] Received data for INFO(name): /ndn/p2-site/%C1.Router/cs/p2/nlsr/INFO/%07%20%08%03ndn%08%07c2-site%08%08%C1.Router%08%02cs%08%02c2/%FD%00%00%01u%DDnG%0B
1605737793.304294 DEBUG: [nlsr.HelloProtocol] Data signed with: /ndn/p2-site/%C1.Router/cs/p2/nlsr/KEY/%C4%E5%A4Fp%1DU%B5
1605737793.304338 DEBUG: [nlsr.HelloProtocol] Data validation successful for INFO(name): /ndn/p2-site/%C1.Router/cs/p2/nlsr/INFO/%07%20%08%03ndn%08%07c2-site%08%08%C1.Router%08%02cs%08%02c2/%FD%00%00%01u%DDnG%0B
1605737793.304382 DEBUG: [nlsr.HelloProtocol] Neighbor : /ndn/p2-site/%C1.Router/cs/p2
1605737793.304406 DEBUG: [nlsr.HelloProtocol] Old Status: 1 New Status: 1
1605737793.304436 DEBUG: [nlsr.route.Fib] Registering prefix: /localhop/ndn/nlsr/sync/%FD%08 faceUri: udp4://10.0.0.6:6363
1605737793.306711 DEBUG: [nlsr.route.Fib] Successful in name registration: /localhop/ndn/nlsr/sync/%FD%08 Face Uri: udp4://10.0.0.6:6363 faceId: 261
1605737796.723897 DEBUG: [nlsr.HelloProtocol] Interest Received for Name: /ndn/c2-site/%C1.Router/cs/c2/nlsr/INFO/%07%20%08%03ndn%08%07p2-site%08%08%C1.Router%08%02cs%08%02p2
1605737796.724076 DEBUG: [nlsr.HelloProtocol] Neighbor: /ndn/p2-site/%C1.Router/cs/p2
1605737796.724292 DEBUG: [nlsr.HelloProtocol] Sending out data for name: /ndn/c2-site/%C1.Router/cs/c2/nlsr/INFO/%07%20%08%03ndn%08%07p2-site%08%08%C1.Router%08%02cs%08%02p2
1605737853.272874 DEBUG: [nlsr.HelloProtocol] Expressing Interest: /ndn/p2-site/%C1.Router/cs/p2/nlsr/INFO/%07%20%08%03ndn%08%07c2-site%08%08%C1.Router%08%02cs%08%02c2
1605737853.272976 DEBUG: [nlsr.HelloProtocol] Sending HELLO interest: /ndn/p2-site/%C1.Router/cs/p2/nlsr/INFO/%07%20%08%03ndn%08%07c2-site%08%08%C1.Router%08%02cs%08%02c2
1605737853.297708 DEBUG: [nlsr.HelloProtocol] Received data for INFO(name): /ndn/p2-site/%C1.Router/cs/p2/nlsr/INFO/%07%20%08%03ndn%08%07c2-site%08%08%C1.Router%08%02cs%08%02c2/%FD%00%00%01u%DDo1d
1605737853.297793 DEBUG: [nlsr.HelloProtocol] Data signed with: /ndn/p2-site/%C1.Router/cs/p2/nlsr/KEY/%C4%E5%A4Fp%1DU%B5
1605737853.297831 DEBUG: [nlsr.HelloProtocol] Data validation successful for INFO(name): /ndn/p2-site/%C1.Router/cs/p2/nlsr/INFO/%07%20%08%03ndn%08%07c2-site%08%08%C1.Router%08%02cs%08%02c2/%FD%00%00%01u%DDo1d
1605737853.297871 DEBUG: [nlsr.HelloProtocol] Neighbor : /ndn/p2-site/%C1.Router/cs/p2
1605737853.297896 DEBUG: [nlsr.HelloProtocol] Old Status: 1 New Status: 1
1605737853.297925 DEBUG: [nlsr.route.Fib] Registering prefix: /localhop/ndn/nlsr/sync/%FD%08 faceUri: udp4://10.0.0.6:6363
1605737853.299764 DEBUG: [nlsr.route.Fib] Successful in name registration: /localhop/ndn/nlsr/sync/%FD%08 Face Uri: udp4://10.0.0.6:6363 faceId: 261
1605737856.724398 DEBUG: [nlsr.HelloProtocol] Interest Received for Name: /ndn/c2-site/%C1.Router/cs/c2/nlsr/INFO/%07%20%08%03ndn%08%07p2-site%08%08%C1.Router%08%02cs%08%02p2
1605737856.724470 DEBUG: [nlsr.HelloProtocol] Neighbor: /ndn/p2-site/%C1.Router/cs/p2
1605737856.724644 DEBUG: [nlsr.HelloProtocol] Sending out data for name: /ndn/c2-site/%C1.Router/cs/c2/nlsr/INFO/%07%20%08%03ndn%08%07p2-site%08%08%C1.Router%08%02cs%08%02p2
