1605046808.643630  INFO: [ndnsd.Tools.Reload] Sending reload interest: /ndnsd/p2/service-info/reload/1605046808643506575%20nanoseconds%20since%20Jan%201%2C%201970?MustBeFresh
1605046808.645486  INFO: [ndnsd.Tools.Reload] Update SuccessfulName: /ndnsd/p2/service-info/reload/1605046808643506575%20nanoseconds%20since%20Jan%201%2C%201970
MetaInfo: [ContentType: 0, FreshnessPeriod: 1000 milliseconds]
Content: [17 bytes]
Signature: [type: SignatureSha256WithEcdsa, length: 70]
1605046808.645515 DEBUG: [ndnsd.Tools.Reload] Tentative next interest schedule in : 2059 milliseconds
1605046810.704976  INFO: [ndnsd.Tools.Reload] Sending reload interest: /ndnsd/p2/service-info/reload/1605046810704907862%20nanoseconds%20since%20Jan%201%2C%201970?MustBeFresh
1605046810.706778  INFO: [ndnsd.Tools.Reload] Update SuccessfulName: /ndnsd/p2/service-info/reload/1605046810704907862%20nanoseconds%20since%20Jan%201%2C%201970
MetaInfo: [ContentType: 0, FreshnessPeriod: 1000 milliseconds]
Content: [17 bytes]
Signature: [type: SignatureSha256WithEcdsa, length: 71]
1605046810.706811 DEBUG: [ndnsd.Tools.Reload] Tentative next interest schedule in : 2085 milliseconds
1605046812.792334  INFO: [ndnsd.Tools.Reload] Sending reload interest: /ndnsd/p2/service-info/reload/1605046812792289768%20nanoseconds%20since%20Jan%201%2C%201970?MustBeFresh
1605046812.794233  INFO: [ndnsd.Tools.Reload] Update SuccessfulName: /ndnsd/p2/service-info/reload/1605046812792289768%20nanoseconds%20since%20Jan%201%2C%201970
MetaInfo: [ContentType: 0, FreshnessPeriod: 1000 milliseconds]
Content: [17 bytes]
Signature: [type: SignatureSha256WithEcdsa, length: 72]
1605046812.794269 DEBUG: [ndnsd.Tools.Reload] Tentative next interest schedule in : 2080 milliseconds
1605046814.874712  INFO: [ndnsd.Tools.Reload] Sending reload interest: /ndnsd/p2/service-info/reload/1605046814874658754%20nanoseconds%20since%20Jan%201%2C%201970?MustBeFresh
1605046814.877182  INFO: [ndnsd.Tools.Reload] Update SuccessfulName: /ndnsd/p2/service-info/reload/1605046814874658754%20nanoseconds%20since%20Jan%201%2C%201970
MetaInfo: [ContentType: 0, FreshnessPeriod: 1000 milliseconds]
Content: [17 bytes]
Signature: [type: SignatureSha256WithEcdsa, length: 71]
1605046814.877250 DEBUG: [ndnsd.Tools.Reload] Tentative next interest schedule in : 2070 milliseconds
1605046816.947832  INFO: [ndnsd.Tools.Reload] Sending reload interest: /ndnsd/p2/service-info/reload/1605046816947784131%20nanoseconds%20since%20Jan%201%2C%201970?MustBeFresh
1605046816.949964  INFO: [ndnsd.Tools.Reload] Update SuccessfulName: /ndnsd/p2/service-info/reload/1605046816947784131%20nanoseconds%20since%20Jan%201%2C%201970
MetaInfo: [ContentType: 0, FreshnessPeriod: 1000 milliseconds]
Content: [17 bytes]
Signature: [type: SignatureSha256WithEcdsa, length: 71]
1605046816.950077 DEBUG: [ndnsd.Tools.Reload] Tentative next interest schedule in : 2059 milliseconds
1605046819.009221  INFO: [ndnsd.Tools.Reload] Sending reload interest: /ndnsd/p2/service-info/reload/1605046819009187308%20nanoseconds%20since%20Jan%201%2C%201970?MustBeFresh
1605046819.010643  INFO: [ndnsd.Tools.Reload] Update SuccessfulName: /ndnsd/p2/service-info/reload/1605046819009187308%20nanoseconds%20since%20Jan%201%2C%201970
MetaInfo: [ContentType: 0, FreshnessPeriod: 1000 milliseconds]
Content: [17 bytes]
Signature: [type: SignatureSha256WithEcdsa, length: 72]
1605046819.010674 DEBUG: [ndnsd.Tools.Reload] Tentative next interest schedule in : 2052 milliseconds
1605046821.066080  INFO: [ndnsd.Tools.Reload] Sending reload interest: /ndnsd/p2/service-info/reload/1605046821066028242%20nanoseconds%20since%20Jan%201%2C%201970?MustBeFresh
1605046821.068546  INFO: [ndnsd.Tools.Reload] Update SuccessfulName: /ndnsd/p2/service-info/reload/1605046821066028242%20nanoseconds%20since%20Jan%201%2C%201970
MetaInfo: [ContentType: 0, FreshnessPeriod: 1000 milliseconds]
Content: [17 bytes]
Signature: [type: SignatureSha256WithEcdsa, length: 72]
1605046821.068591 DEBUG: [ndnsd.Tools.Reload] Tentative next interest schedule in : 2077 milliseconds
1605046823.145751  INFO: [ndnsd.Tools.Reload] Sending reload interest: /ndnsd/p2/service-info/reload/1605046823145709889%20nanoseconds%20since%20Jan%201%2C%201970?MustBeFresh
1605046823.147613  INFO: [ndnsd.Tools.Reload] Update SuccessfulName: /ndnsd/p2/service-info/reload/1605046823145709889%20nanoseconds%20since%20Jan%201%2C%201970
MetaInfo: [ContentType: 0, FreshnessPeriod: 1000 milliseconds]
Content: [17 bytes]
Signature: [type: SignatureSha256WithEcdsa, length: 71]
1605046823.147646 DEBUG: [ndnsd.Tools.Reload] Tentative next interest schedule in : 2060 milliseconds
1605046825.208544  INFO: [ndnsd.Tools.Reload] Sending reload interest: /ndnsd/p2/service-info/reload/1605046825208495517%20nanoseconds%20since%20Jan%201%2C%201970?MustBeFresh
1605046825.210228  INFO: [ndnsd.Tools.Reload] Update SuccessfulName: /ndnsd/p2/service-info/reload/1605046825208495517%20nanoseconds%20since%20Jan%201%2C%201970
MetaInfo: [ContentType: 0, FreshnessPeriod: 1000 milliseconds]
Content: [17 bytes]
Signature: [type: SignatureSha256WithEcdsa, length: 71]
1605046825.210266 DEBUG: [ndnsd.Tools.Reload] Tentative next interest schedule in : 2019 milliseconds
1605046827.231451  INFO: [ndnsd.Tools.Reload] Sending reload interest: /ndnsd/p2/service-info/reload/1605046827231314787%20nanoseconds%20since%20Jan%201%2C%201970?MustBeFresh
1605046827.233764  INFO: [ndnsd.Tools.Reload] Update SuccessfulName: /ndnsd/p2/service-info/reload/1605046827231314787%20nanoseconds%20since%20Jan%201%2C%201970
MetaInfo: [ContentType: 0, FreshnessPeriod: 1000 milliseconds]
Content: [17 bytes]
Signature: [type: SignatureSha256WithEcdsa, length: 71]
1605046827.233808 DEBUG: [ndnsd.Tools.Reload] Tentative next interest schedule in : 1994 milliseconds
1605046829.228145  INFO: [ndnsd.Tools.Reload] Sending reload interest: /ndnsd/p2/service-info/reload/1605046829228092658%20nanoseconds%20since%20Jan%201%2C%201970?MustBeFresh
1605046829.230126  INFO: [ndnsd.Tools.Reload] Update SuccessfulName: /ndnsd/p2/service-info/reload/1605046829228092658%20nanoseconds%20since%20Jan%201%2C%201970
MetaInfo: [ContentType: 0, FreshnessPeriod: 1000 milliseconds]
Content: [17 bytes]
Signature: [type: SignatureSha256WithEcdsa, length: 71]
1605046829.230160 DEBUG: [ndnsd.Tools.Reload] Tentative next interest schedule in : 2001 milliseconds
1605046831.232413  INFO: [ndnsd.Tools.Reload] Sending reload interest: /ndnsd/p2/service-info/reload/1605046831232278311%20nanoseconds%20since%20Jan%201%2C%201970?MustBeFresh
1605046831.234564  INFO: [ndnsd.Tools.Reload] Update SuccessfulName: /ndnsd/p2/service-info/reload/1605046831232278311%20nanoseconds%20since%20Jan%201%2C%201970
MetaInfo: [ContentType: 0, FreshnessPeriod: 1000 milliseconds]
Content: [17 bytes]
Signature: [type: SignatureSha256WithEcdsa, length: 71]
1605046831.234635 DEBUG: [ndnsd.Tools.Reload] Tentative next interest schedule in : 2059 milliseconds
1605046833.294066  INFO: [ndnsd.Tools.Reload] Sending reload interest: /ndnsd/p2/service-info/reload/1605046833294013739%20nanoseconds%20since%20Jan%201%2C%201970?MustBeFresh
1605046833.296640  INFO: [ndnsd.Tools.Reload] Update SuccessfulName: /ndnsd/p2/service-info/reload/1605046833294013739%20nanoseconds%20since%20Jan%201%2C%201970
MetaInfo: [ContentType: 0, FreshnessPeriod: 1000 milliseconds]
Content: [17 bytes]
Signature: [type: SignatureSha256WithEcdsa, length: 71]
1605046833.296672 DEBUG: [ndnsd.Tools.Reload] Tentative next interest schedule in : 2056 milliseconds
1605046835.363008  INFO: [ndnsd.Tools.Reload] Sending reload interest: /ndnsd/p2/service-info/reload/1605046835362957131%20nanoseconds%20since%20Jan%201%2C%201970?MustBeFresh
1605046835.365225  INFO: [ndnsd.Tools.Reload] Update SuccessfulName: /ndnsd/p2/service-info/reload/1605046835362957131%20nanoseconds%20since%20Jan%201%2C%201970
MetaInfo: [ContentType: 0, FreshnessPeriod: 1000 milliseconds]
Content: [17 bytes]
Signature: [type: SignatureSha256WithEcdsa, length: 71]
1605046835.365279 DEBUG: [ndnsd.Tools.Reload] Tentative next interest schedule in : 2028 milliseconds
1605046837.407270  INFO: [ndnsd.Tools.Reload] Sending reload interest: /ndnsd/p2/service-info/reload/1605046837407217977%20nanoseconds%20since%20Jan%201%2C%201970?MustBeFresh
1605046837.409548  INFO: [ndnsd.Tools.Reload] Update SuccessfulName: /ndnsd/p2/service-info/reload/1605046837407217977%20nanoseconds%20since%20Jan%201%2C%201970
MetaInfo: [ContentType: 0, FreshnessPeriod: 1000 milliseconds]
Content: [17 bytes]
Signature: [type: SignatureSha256WithEcdsa, length: 70]
1605046837.409579 DEBUG: [ndnsd.Tools.Reload] Tentative next interest schedule in : 2018 milliseconds
1605046839.466118  INFO: [ndnsd.Tools.Reload] Sending reload interest: /ndnsd/p2/service-info/reload/1605046839466064822%20nanoseconds%20since%20Jan%201%2C%201970?MustBeFresh
1605046839.468522  INFO: [ndnsd.Tools.Reload] Update SuccessfulName: /ndnsd/p2/service-info/reload/1605046839466064822%20nanoseconds%20since%20Jan%201%2C%201970
MetaInfo: [ContentType: 0, FreshnessPeriod: 1000 milliseconds]
Content: [17 bytes]
Signature: [type: SignatureSha256WithEcdsa, length: 72]
1605046839.468556 DEBUG: [ndnsd.Tools.Reload] Tentative next interest schedule in : 2018 milliseconds
1605046841.503355  INFO: [ndnsd.Tools.Reload] Sending reload interest: /ndnsd/p2/service-info/reload/1605046841503302016%20nanoseconds%20since%20Jan%201%2C%201970?MustBeFresh
1605046841.505799  INFO: [ndnsd.Tools.Reload] Update SuccessfulName: /ndnsd/p2/service-info/reload/1605046841503302016%20nanoseconds%20since%20Jan%201%2C%201970
MetaInfo: [ContentType: 0, FreshnessPeriod: 1000 milliseconds]
Content: [17 bytes]
Signature: [type: SignatureSha256WithEcdsa, length: 71]
1605046841.505878 DEBUG: [ndnsd.Tools.Reload] Tentative next interest schedule in : 2083 milliseconds
1605046843.597368  INFO: [ndnsd.Tools.Reload] Sending reload interest: /ndnsd/p2/service-info/reload/1605046843597315705%20nanoseconds%20since%20Jan%201%2C%201970?MustBeFresh
1605046843.599668  INFO: [ndnsd.Tools.Reload] Update SuccessfulName: /ndnsd/p2/service-info/reload/1605046843597315705%20nanoseconds%20since%20Jan%201%2C%201970
MetaInfo: [ContentType: 0, FreshnessPeriod: 1000 milliseconds]
Content: [17 bytes]
Signature: [type: SignatureSha256WithEcdsa, length: 70]
1605046843.599710 DEBUG: [ndnsd.Tools.Reload] Tentative next interest schedule in : 2071 milliseconds
1605046845.671509  INFO: [ndnsd.Tools.Reload] Sending reload interest: /ndnsd/p2/service-info/reload/1605046845671461860%20nanoseconds%20since%20Jan%201%2C%201970?MustBeFresh
1605046845.674405  INFO: [ndnsd.Tools.Reload] Update SuccessfulName: /ndnsd/p2/service-info/reload/1605046845671461860%20nanoseconds%20since%20Jan%201%2C%201970
MetaInfo: [ContentType: 0, FreshnessPeriod: 1000 milliseconds]
Content: [17 bytes]
Signature: [type: SignatureSha256WithEcdsa, length: 71]
1605046845.674459 DEBUG: [ndnsd.Tools.Reload] Tentative next interest schedule in : 2021 milliseconds
1605046847.695847  INFO: [ndnsd.Tools.Reload] Sending reload interest: /ndnsd/p2/service-info/reload/1605046847695796896%20nanoseconds%20since%20Jan%201%2C%201970?MustBeFresh
1605046847.698529  INFO: [ndnsd.Tools.Reload] Update SuccessfulName: /ndnsd/p2/service-info/reload/1605046847695796896%20nanoseconds%20since%20Jan%201%2C%201970
MetaInfo: [ContentType: 0, FreshnessPeriod: 1000 milliseconds]
Content: [17 bytes]
Signature: [type: SignatureSha256WithEcdsa, length: 71]
1605046847.698568 DEBUG: [ndnsd.Tools.Reload] Tentative next interest schedule in : 2045 milliseconds
1605046849.746953  INFO: [ndnsd.Tools.Reload] Sending reload interest: /ndnsd/p2/service-info/reload/1605046849746900989%20nanoseconds%20since%20Jan%201%2C%201970?MustBeFresh
1605046849.749121  INFO: [ndnsd.Tools.Reload] Update SuccessfulName: /ndnsd/p2/service-info/reload/1605046849746900989%20nanoseconds%20since%20Jan%201%2C%201970
MetaInfo: [ContentType: 0, FreshnessPeriod: 1000 milliseconds]
Content: [17 bytes]
Signature: [type: SignatureSha256WithEcdsa, length: 71]
1605046849.749181 DEBUG: [ndnsd.Tools.Reload] Tentative next interest schedule in : 2011 milliseconds
1605046851.763120  INFO: [ndnsd.Tools.Reload] Sending reload interest: /ndnsd/p2/service-info/reload/1605046851763044140%20nanoseconds%20since%20Jan%201%2C%201970?MustBeFresh
1605046851.764784  INFO: [ndnsd.Tools.Reload] Update SuccessfulName: /ndnsd/p2/service-info/reload/1605046851763044140%20nanoseconds%20since%20Jan%201%2C%201970
MetaInfo: [ContentType: 0, FreshnessPeriod: 1000 milliseconds]
Content: [17 bytes]
Signature: [type: SignatureSha256WithEcdsa, length: 71]
1605046851.764815 DEBUG: [ndnsd.Tools.Reload] Tentative next interest schedule in : 2021 milliseconds
1605046853.790828  INFO: [ndnsd.Tools.Reload] Sending reload interest: /ndnsd/p2/service-info/reload/1605046853790781131%20nanoseconds%20since%20Jan%201%2C%201970?MustBeFresh
1605046853.792766  INFO: [ndnsd.Tools.Reload] Update SuccessfulName: /ndnsd/p2/service-info/reload/1605046853790781131%20nanoseconds%20since%20Jan%201%2C%201970
MetaInfo: [ContentType: 0, FreshnessPeriod: 1000 milliseconds]
Content: [17 bytes]
Signature: [type: SignatureSha256WithEcdsa, length: 72]
1605046853.792816 DEBUG: [ndnsd.Tools.Reload] Tentative next interest schedule in : 2071 milliseconds
1605046855.903318  INFO: [ndnsd.Tools.Reload] Sending reload interest: /ndnsd/p2/service-info/reload/1605046855903265235%20nanoseconds%20since%20Jan%201%2C%201970?MustBeFresh
1605046855.905128  INFO: [ndnsd.Tools.Reload] Update SuccessfulName: /ndnsd/p2/service-info/reload/1605046855903265235%20nanoseconds%20since%20Jan%201%2C%201970
MetaInfo: [ContentType: 0, FreshnessPeriod: 1000 milliseconds]
Content: [17 bytes]
Signature: [type: SignatureSha256WithEcdsa, length: 71]
1605046855.905157 DEBUG: [ndnsd.Tools.Reload] Tentative next interest schedule in : 2057 milliseconds
1605046857.964892  INFO: [ndnsd.Tools.Reload] Sending reload interest: /ndnsd/p2/service-info/reload/1605046857964847863%20nanoseconds%20since%20Jan%201%2C%201970?MustBeFresh
1605046857.966690  INFO: [ndnsd.Tools.Reload] Update SuccessfulName: /ndnsd/p2/service-info/reload/1605046857964847863%20nanoseconds%20since%20Jan%201%2C%201970
MetaInfo: [ContentType: 0, FreshnessPeriod: 1000 milliseconds]
Content: [17 bytes]
Signature: [type: SignatureSha256WithEcdsa, length: 71]
1605046857.966723 DEBUG: [ndnsd.Tools.Reload] Tentative next interest schedule in : 2029 milliseconds
1605046859.995897  INFO: [ndnsd.Tools.Reload] Sending reload interest: /ndnsd/p2/service-info/reload/1605046859995851828%20nanoseconds%20since%20Jan%201%2C%201970?MustBeFresh
1605046859.997597  INFO: [ndnsd.Tools.Reload] Update SuccessfulName: /ndnsd/p2/service-info/reload/1605046859995851828%20nanoseconds%20since%20Jan%201%2C%201970
MetaInfo: [ContentType: 0, FreshnessPeriod: 1000 milliseconds]
Content: [17 bytes]
Signature: [type: SignatureSha256WithEcdsa, length: 71]
1605046859.997634 DEBUG: [ndnsd.Tools.Reload] Tentative next interest schedule in : 2031 milliseconds
1605046862.029005  INFO: [ndnsd.Tools.Reload] Sending reload interest: /ndnsd/p2/service-info/reload/1605046862028903313%20nanoseconds%20since%20Jan%201%2C%201970?MustBeFresh
1605046862.031037  INFO: [ndnsd.Tools.Reload] Update SuccessfulName: /ndnsd/p2/service-info/reload/1605046862028903313%20nanoseconds%20since%20Jan%201%2C%201970
MetaInfo: [ContentType: 0, FreshnessPeriod: 1000 milliseconds]
Content: [17 bytes]
Signature: [type: SignatureSha256WithEcdsa, length: 72]
1605046862.031089 DEBUG: [ndnsd.Tools.Reload] Tentative next interest schedule in : 2065 milliseconds
1605046864.096335  INFO: [ndnsd.Tools.Reload] Sending reload interest: /ndnsd/p2/service-info/reload/1605046864096291135%20nanoseconds%20since%20Jan%201%2C%201970?MustBeFresh
1605046864.098089  INFO: [ndnsd.Tools.Reload] Update SuccessfulName: /ndnsd/p2/service-info/reload/1605046864096291135%20nanoseconds%20since%20Jan%201%2C%201970
MetaInfo: [ContentType: 0, FreshnessPeriod: 1000 milliseconds]
Content: [17 bytes]
Signature: [type: SignatureSha256WithEcdsa, length: 71]
1605046864.098126 DEBUG: [ndnsd.Tools.Reload] Tentative next interest schedule in : 2065 milliseconds
1605046866.167311  INFO: [ndnsd.Tools.Reload] Sending reload interest: /ndnsd/p2/service-info/reload/1605046866167262259%20nanoseconds%20since%20Jan%201%2C%201970?MustBeFresh
1605046866.169148  INFO: [ndnsd.Tools.Reload] Update SuccessfulName: /ndnsd/p2/service-info/reload/1605046866167262259%20nanoseconds%20since%20Jan%201%2C%201970
MetaInfo: [ContentType: 0, FreshnessPeriod: 1000 milliseconds]
Content: [17 bytes]
Signature: [type: SignatureSha256WithEcdsa, length: 71]
1605046866.169179 DEBUG: [ndnsd.Tools.Reload] Tentative next interest schedule in : 2079 milliseconds
1605046868.248389  INFO: [ndnsd.Tools.Reload] Sending reload interest: /ndnsd/p2/service-info/reload/1605046868248341958%20nanoseconds%20since%20Jan%201%2C%201970?MustBeFresh
1605046868.251312  INFO: [ndnsd.Tools.Reload] Update SuccessfulName: /ndnsd/p2/service-info/reload/1605046868248341958%20nanoseconds%20since%20Jan%201%2C%201970
MetaInfo: [ContentType: 0, FreshnessPeriod: 1000 milliseconds]
Content: [17 bytes]
Signature: [type: SignatureSha256WithEcdsa, length: 72]
1605046868.251350 DEBUG: [ndnsd.Tools.Reload] Tentative next interest schedule in : 1992 milliseconds
1605046870.246878  INFO: [ndnsd.Tools.Reload] Sending reload interest: /ndnsd/p2/service-info/reload/1605046870246832444%20nanoseconds%20since%20Jan%201%2C%201970?MustBeFresh
1605046870.248847  INFO: [ndnsd.Tools.Reload] Update SuccessfulName: /ndnsd/p2/service-info/reload/1605046870246832444%20nanoseconds%20since%20Jan%201%2C%201970
MetaInfo: [ContentType: 0, FreshnessPeriod: 1000 milliseconds]
Content: [17 bytes]
Signature: [type: SignatureSha256WithEcdsa, length: 71]
1605046870.248874 DEBUG: [ndnsd.Tools.Reload] Tentative next interest schedule in : 2016 milliseconds
1605046872.265142  INFO: [ndnsd.Tools.Reload] Sending reload interest: /ndnsd/p2/service-info/reload/1605046872265094970%20nanoseconds%20since%20Jan%201%2C%201970?MustBeFresh
1605046872.267053  INFO: [ndnsd.Tools.Reload] Update SuccessfulName: /ndnsd/p2/service-info/reload/1605046872265094970%20nanoseconds%20since%20Jan%201%2C%201970
MetaInfo: [ContentType: 0, FreshnessPeriod: 1000 milliseconds]
Content: [17 bytes]
Signature: [type: SignatureSha256WithEcdsa, length: 70]
1605046872.267127 DEBUG: [ndnsd.Tools.Reload] Tentative next interest schedule in : 2027 milliseconds
1605046874.295597  INFO: [ndnsd.Tools.Reload] Sending reload interest: /ndnsd/p2/service-info/reload/1605046874295483795%20nanoseconds%20since%20Jan%201%2C%201970?MustBeFresh
1605046874.297476  INFO: [ndnsd.Tools.Reload] Update SuccessfulName: /ndnsd/p2/service-info/reload/1605046874295483795%20nanoseconds%20since%20Jan%201%2C%201970
MetaInfo: [ContentType: 0, FreshnessPeriod: 1000 milliseconds]
Content: [17 bytes]
Signature: [type: SignatureSha256WithEcdsa, length: 72]
1605046874.297505 DEBUG: [ndnsd.Tools.Reload] Tentative next interest schedule in : 2000 milliseconds
1605046876.299377  INFO: [ndnsd.Tools.Reload] Sending reload interest: /ndnsd/p2/service-info/reload/1605046876299326517%20nanoseconds%20since%20Jan%201%2C%201970?MustBeFresh
1605046876.301301  INFO: [ndnsd.Tools.Reload] Update SuccessfulName: /ndnsd/p2/service-info/reload/1605046876299326517%20nanoseconds%20since%20Jan%201%2C%201970
MetaInfo: [ContentType: 0, FreshnessPeriod: 1000 milliseconds]
Content: [17 bytes]
Signature: [type: SignatureSha256WithEcdsa, length: 72]
1605046876.301327 DEBUG: [ndnsd.Tools.Reload] Tentative next interest schedule in : 2071 milliseconds
1605046878.372482  INFO: [ndnsd.Tools.Reload] Sending reload interest: /ndnsd/p2/service-info/reload/1605046878372431668%20nanoseconds%20since%20Jan%201%2C%201970?MustBeFresh
1605046878.374424  INFO: [ndnsd.Tools.Reload] Update SuccessfulName: /ndnsd/p2/service-info/reload/1605046878372431668%20nanoseconds%20since%20Jan%201%2C%201970
MetaInfo: [ContentType: 0, FreshnessPeriod: 1000 milliseconds]
Content: [17 bytes]
Signature: [type: SignatureSha256WithEcdsa, length: 70]
1605046878.374455 DEBUG: [ndnsd.Tools.Reload] Tentative next interest schedule in : 2005 milliseconds
1605046880.379943  INFO: [ndnsd.Tools.Reload] Sending reload interest: /ndnsd/p2/service-info/reload/1605046880379891574%20nanoseconds%20since%20Jan%201%2C%201970?MustBeFresh
1605046880.381830  INFO: [ndnsd.Tools.Reload] Update SuccessfulName: /ndnsd/p2/service-info/reload/1605046880379891574%20nanoseconds%20since%20Jan%201%2C%201970
MetaInfo: [ContentType: 0, FreshnessPeriod: 1000 milliseconds]
Content: [17 bytes]
Signature: [type: SignatureSha256WithEcdsa, length: 70]
1605046880.381858 DEBUG: [ndnsd.Tools.Reload] Tentative next interest schedule in : 2070 milliseconds
1605046882.452649  INFO: [ndnsd.Tools.Reload] Sending reload interest: /ndnsd/p2/service-info/reload/1605046882452600925%20nanoseconds%20since%20Jan%201%2C%201970?MustBeFresh
1605046882.454536  INFO: [ndnsd.Tools.Reload] Update SuccessfulName: /ndnsd/p2/service-info/reload/1605046882452600925%20nanoseconds%20since%20Jan%201%2C%201970
MetaInfo: [ContentType: 0, FreshnessPeriod: 1000 milliseconds]
Content: [17 bytes]
Signature: [type: SignatureSha256WithEcdsa, length: 72]
1605046882.454566 DEBUG: [ndnsd.Tools.Reload] Tentative next interest schedule in : 2088 milliseconds
1605046884.543080  INFO: [ndnsd.Tools.Reload] Sending reload interest: /ndnsd/p2/service-info/reload/1605046884543018078%20nanoseconds%20since%20Jan%201%2C%201970?MustBeFresh
1605046884.544921  INFO: [ndnsd.Tools.Reload] Update SuccessfulName: /ndnsd/p2/service-info/reload/1605046884543018078%20nanoseconds%20since%20Jan%201%2C%201970
MetaInfo: [ContentType: 0, FreshnessPeriod: 1000 milliseconds]
Content: [17 bytes]
Signature: [type: SignatureSha256WithEcdsa, length: 70]
1605046884.544953 DEBUG: [ndnsd.Tools.Reload] Tentative next interest schedule in : 2038 milliseconds
1605046886.583421  INFO: [ndnsd.Tools.Reload] Sending reload interest: /ndnsd/p2/service-info/reload/1605046886583368981%20nanoseconds%20since%20Jan%201%2C%201970?MustBeFresh
1605046886.585114  INFO: [ndnsd.Tools.Reload] Update SuccessfulName: /ndnsd/p2/service-info/reload/1605046886583368981%20nanoseconds%20since%20Jan%201%2C%201970
MetaInfo: [ContentType: 0, FreshnessPeriod: 1000 milliseconds]
Content: [17 bytes]
Signature: [type: SignatureSha256WithEcdsa, length: 71]
1605046886.585141 DEBUG: [ndnsd.Tools.Reload] Tentative next interest schedule in : 2006 milliseconds
1605046888.596006  INFO: [ndnsd.Tools.Reload] Sending reload interest: /ndnsd/p2/service-info/reload/1605046888595961374%20nanoseconds%20since%20Jan%201%2C%201970?MustBeFresh
1605046888.597615  INFO: [ndnsd.Tools.Reload] Update SuccessfulName: /ndnsd/p2/service-info/reload/1605046888595961374%20nanoseconds%20since%20Jan%201%2C%201970
MetaInfo: [ContentType: 0, FreshnessPeriod: 1000 milliseconds]
Content: [17 bytes]
Signature: [type: SignatureSha256WithEcdsa, length: 71]
1605046888.597644 DEBUG: [ndnsd.Tools.Reload] Tentative next interest schedule in : 2090 milliseconds
1605046890.687998  INFO: [ndnsd.Tools.Reload] Sending reload interest: /ndnsd/p2/service-info/reload/1605046890687947213%20nanoseconds%20since%20Jan%201%2C%201970?MustBeFresh
1605046890.690233  INFO: [ndnsd.Tools.Reload] Update SuccessfulName: /ndnsd/p2/service-info/reload/1605046890687947213%20nanoseconds%20since%20Jan%201%2C%201970
MetaInfo: [ContentType: 0, FreshnessPeriod: 1000 milliseconds]
Content: [17 bytes]
Signature: [type: SignatureSha256WithEcdsa, length: 70]
1605046890.690265 DEBUG: [ndnsd.Tools.Reload] Tentative next interest schedule in : 1997 milliseconds
1605046892.687685  INFO: [ndnsd.Tools.Reload] Sending reload interest: /ndnsd/p2/service-info/reload/1605046892687632927%20nanoseconds%20since%20Jan%201%2C%201970?MustBeFresh
1605046892.689733  INFO: [ndnsd.Tools.Reload] Update SuccessfulName: /ndnsd/p2/service-info/reload/1605046892687632927%20nanoseconds%20since%20Jan%201%2C%201970
MetaInfo: [ContentType: 0, FreshnessPeriod: 1000 milliseconds]
Content: [17 bytes]
Signature: [type: SignatureSha256WithEcdsa, length: 72]
1605046892.689795 DEBUG: [ndnsd.Tools.Reload] Tentative next interest schedule in : 2032 milliseconds
1605046894.731173  INFO: [ndnsd.Tools.Reload] Sending reload interest: /ndnsd/p2/service-info/reload/1605046894731122375%20nanoseconds%20since%20Jan%201%2C%201970?MustBeFresh
1605046894.733924  INFO: [ndnsd.Tools.Reload] Update SuccessfulName: /ndnsd/p2/service-info/reload/1605046894731122375%20nanoseconds%20since%20Jan%201%2C%201970
MetaInfo: [ContentType: 0, FreshnessPeriod: 1000 milliseconds]
Content: [17 bytes]
Signature: [type: SignatureSha256WithEcdsa, length: 72]
1605046894.733961 DEBUG: [ndnsd.Tools.Reload] Tentative next interest schedule in : 2067 milliseconds
1605046896.805560  INFO: [ndnsd.Tools.Reload] Sending reload interest: /ndnsd/p2/service-info/reload/1605046896805513973%20nanoseconds%20since%20Jan%201%2C%201970?MustBeFresh
1605046896.807220  INFO: [ndnsd.Tools.Reload] Update SuccessfulName: /ndnsd/p2/service-info/reload/1605046896805513973%20nanoseconds%20since%20Jan%201%2C%201970
MetaInfo: [ContentType: 0, FreshnessPeriod: 1000 milliseconds]
Content: [17 bytes]
Signature: [type: SignatureSha256WithEcdsa, length: 71]
1605046896.807242 DEBUG: [ndnsd.Tools.Reload] Tentative next interest schedule in : 2062 milliseconds
1605046898.869367  INFO: [ndnsd.Tools.Reload] Sending reload interest: /ndnsd/p2/service-info/reload/1605046898869317989%20nanoseconds%20since%20Jan%201%2C%201970?MustBeFresh
1605046898.871458  INFO: [ndnsd.Tools.Reload] Update SuccessfulName: /ndnsd/p2/service-info/reload/1605046898869317989%20nanoseconds%20since%20Jan%201%2C%201970
MetaInfo: [ContentType: 0, FreshnessPeriod: 1000 milliseconds]
Content: [17 bytes]
Signature: [type: SignatureSha256WithEcdsa, length: 72]
1605046898.871492 DEBUG: [ndnsd.Tools.Reload] Tentative next interest schedule in : 2089 milliseconds
1605046900.962005  INFO: [ndnsd.Tools.Reload] Sending reload interest: /ndnsd/p2/service-info/reload/1605046900961959375%20nanoseconds%20since%20Jan%201%2C%201970?MustBeFresh
1605046900.963973  INFO: [ndnsd.Tools.Reload] Update SuccessfulName: /ndnsd/p2/service-info/reload/1605046900961959375%20nanoseconds%20since%20Jan%201%2C%201970
MetaInfo: [ContentType: 0, FreshnessPeriod: 1000 milliseconds]
Content: [17 bytes]
Signature: [type: SignatureSha256WithEcdsa, length: 70]
1605046900.963998 DEBUG: [ndnsd.Tools.Reload] Tentative next interest schedule in : 2037 milliseconds
1605046903.001309  INFO: [ndnsd.Tools.Reload] Sending reload interest: /ndnsd/p2/service-info/reload/1605046903001257786%20nanoseconds%20since%20Jan%201%2C%201970?MustBeFresh
1605046903.003377  INFO: [ndnsd.Tools.Reload] Update SuccessfulName: /ndnsd/p2/service-info/reload/1605046903001257786%20nanoseconds%20since%20Jan%201%2C%201970
MetaInfo: [ContentType: 0, FreshnessPeriod: 1000 milliseconds]
Content: [17 bytes]
Signature: [type: SignatureSha256WithEcdsa, length: 72]
1605046903.003401 DEBUG: [ndnsd.Tools.Reload] Tentative next interest schedule in : 2086 milliseconds
1605046905.089723  INFO: [ndnsd.Tools.Reload] Sending reload interest: /ndnsd/p2/service-info/reload/1605046905089649034%20nanoseconds%20since%20Jan%201%2C%201970?MustBeFresh
1605046905.091771  INFO: [ndnsd.Tools.Reload] Update SuccessfulName: /ndnsd/p2/service-info/reload/1605046905089649034%20nanoseconds%20since%20Jan%201%2C%201970
MetaInfo: [ContentType: 0, FreshnessPeriod: 1000 milliseconds]
Content: [17 bytes]
Signature: [type: SignatureSha256WithEcdsa, length: 72]
1605046905.091803 DEBUG: [ndnsd.Tools.Reload] Tentative next interest schedule in : 2031 milliseconds
1605046907.123108  INFO: [ndnsd.Tools.Reload] Sending reload interest: /ndnsd/p2/service-info/reload/1605046907123054988%20nanoseconds%20since%20Jan%201%2C%201970?MustBeFresh
1605046907.125185  INFO: [ndnsd.Tools.Reload] Update SuccessfulName: /ndnsd/p2/service-info/reload/1605046907123054988%20nanoseconds%20since%20Jan%201%2C%201970
MetaInfo: [ContentType: 0, FreshnessPeriod: 1000 milliseconds]
Content: [17 bytes]
Signature: [type: SignatureSha256WithEcdsa, length: 71]
1605046907.125242 DEBUG: [ndnsd.Tools.Reload] Tentative next interest schedule in : 1996 milliseconds
1605046909.125618  INFO: [ndnsd.Tools.Reload] Sending reload interest: /ndnsd/p2/service-info/reload/1605046909125575285%20nanoseconds%20since%20Jan%201%2C%201970?MustBeFresh
1605046909.127405  INFO: [ndnsd.Tools.Reload] Update SuccessfulName: /ndnsd/p2/service-info/reload/1605046909125575285%20nanoseconds%20since%20Jan%201%2C%201970
MetaInfo: [ContentType: 0, FreshnessPeriod: 1000 milliseconds]
Content: [17 bytes]
Signature: [type: SignatureSha256WithEcdsa, length: 72]
1605046909.127435 DEBUG: [ndnsd.Tools.Reload] Tentative next interest schedule in : 2037 milliseconds
1605046911.164841  INFO: [ndnsd.Tools.Reload] Sending reload interest: /ndnsd/p2/service-info/reload/1605046911164776510%20nanoseconds%20since%20Jan%201%2C%201970?MustBeFresh
1605046911.166636  INFO: [ndnsd.Tools.Reload] Update SuccessfulName: /ndnsd/p2/service-info/reload/1605046911164776510%20nanoseconds%20since%20Jan%201%2C%201970
MetaInfo: [ContentType: 0, FreshnessPeriod: 1000 milliseconds]
Content: [17 bytes]
Signature: [type: SignatureSha256WithEcdsa, length: 70]
1605046911.166661 DEBUG: [ndnsd.Tools.Reload] Tentative next interest schedule in : 2062 milliseconds
1605046913.249657  INFO: [ndnsd.Tools.Reload] Sending reload interest: /ndnsd/p2/service-info/reload/1605046913249579530%20nanoseconds%20since%20Jan%201%2C%201970?MustBeFresh
1605046913.251522  INFO: [ndnsd.Tools.Reload] Update SuccessfulName: /ndnsd/p2/service-info/reload/1605046913249579530%20nanoseconds%20since%20Jan%201%2C%201970
MetaInfo: [ContentType: 0, FreshnessPeriod: 1000 milliseconds]
Content: [17 bytes]
Signature: [type: SignatureSha256WithEcdsa, length: 71]
1605046913.251547 DEBUG: [ndnsd.Tools.Reload] Tentative next interest schedule in : 1997 milliseconds
1605046915.253430  INFO: [ndnsd.Tools.Reload] Sending reload interest: /ndnsd/p2/service-info/reload/1605046915253381603%20nanoseconds%20since%20Jan%201%2C%201970?MustBeFresh
1605046915.255394  INFO: [ndnsd.Tools.Reload] Update SuccessfulName: /ndnsd/p2/service-info/reload/1605046915253381603%20nanoseconds%20since%20Jan%201%2C%201970
MetaInfo: [ContentType: 0, FreshnessPeriod: 1000 milliseconds]
Content: [17 bytes]
Signature: [type: SignatureSha256WithEcdsa, length: 71]
1605046915.255420 DEBUG: [ndnsd.Tools.Reload] Tentative next interest schedule in : 2048 milliseconds
1605046917.304374  INFO: [ndnsd.Tools.Reload] Sending reload interest: /ndnsd/p2/service-info/reload/1605046917304329884%20nanoseconds%20since%20Jan%201%2C%201970?MustBeFresh
1605046917.306551  INFO: [ndnsd.Tools.Reload] Update SuccessfulName: /ndnsd/p2/service-info/reload/1605046917304329884%20nanoseconds%20since%20Jan%201%2C%201970
MetaInfo: [ContentType: 0, FreshnessPeriod: 1000 milliseconds]
Content: [17 bytes]
Signature: [type: SignatureSha256WithEcdsa, length: 70]
1605046917.306585 DEBUG: [ndnsd.Tools.Reload] Tentative next interest schedule in : 2069 milliseconds
1605046919.376694  INFO: [ndnsd.Tools.Reload] Sending reload interest: /ndnsd/p2/service-info/reload/1605046919376649066%20nanoseconds%20since%20Jan%201%2C%201970?MustBeFresh
1605046919.378587  INFO: [ndnsd.Tools.Reload] Update SuccessfulName: /ndnsd/p2/service-info/reload/1605046919376649066%20nanoseconds%20since%20Jan%201%2C%201970
MetaInfo: [ContentType: 0, FreshnessPeriod: 1000 milliseconds]
Content: [17 bytes]
Signature: [type: SignatureSha256WithEcdsa, length: 72]
1605046919.378615 DEBUG: [ndnsd.Tools.Reload] Tentative next interest schedule in : 2024 milliseconds
1605046921.407139  INFO: [ndnsd.Tools.Reload] Sending reload interest: /ndnsd/p2/service-info/reload/1605046921407094162%20nanoseconds%20since%20Jan%201%2C%201970?MustBeFresh
1605046921.409129  INFO: [ndnsd.Tools.Reload] Update SuccessfulName: /ndnsd/p2/service-info/reload/1605046921407094162%20nanoseconds%20since%20Jan%201%2C%201970
MetaInfo: [ContentType: 0, FreshnessPeriod: 1000 milliseconds]
Content: [17 bytes]
Signature: [type: SignatureSha256WithEcdsa, length: 71]
1605046921.409162 DEBUG: [ndnsd.Tools.Reload] Tentative next interest schedule in : 2088 milliseconds
1605046923.498534  INFO: [ndnsd.Tools.Reload] Sending reload interest: /ndnsd/p2/service-info/reload/1605046923498482799%20nanoseconds%20since%20Jan%201%2C%201970?MustBeFresh
1605046923.500545  INFO: [ndnsd.Tools.Reload] Update SuccessfulName: /ndnsd/p2/service-info/reload/1605046923498482799%20nanoseconds%20since%20Jan%201%2C%201970
MetaInfo: [ContentType: 0, FreshnessPeriod: 1000 milliseconds]
Content: [17 bytes]
Signature: [type: SignatureSha256WithEcdsa, length: 70]
1605046923.500572 DEBUG: [ndnsd.Tools.Reload] Tentative next interest schedule in : 2065 milliseconds
1605046925.566918  INFO: [ndnsd.Tools.Reload] Sending reload interest: /ndnsd/p2/service-info/reload/1605046925566879328%20nanoseconds%20since%20Jan%201%2C%201970?MustBeFresh
1605046925.568649  INFO: [ndnsd.Tools.Reload] Update SuccessfulName: /ndnsd/p2/service-info/reload/1605046925566879328%20nanoseconds%20since%20Jan%201%2C%201970
MetaInfo: [ContentType: 0, FreshnessPeriod: 1000 milliseconds]
Content: [17 bytes]
Signature: [type: SignatureSha256WithEcdsa, length: 71]
1605046925.568673 DEBUG: [ndnsd.Tools.Reload] Tentative next interest schedule in : 2019 milliseconds
1605046927.591588  INFO: [ndnsd.Tools.Reload] Sending reload interest: /ndnsd/p2/service-info/reload/1605046927591541507%20nanoseconds%20since%20Jan%201%2C%201970?MustBeFresh
1605046927.593401  INFO: [ndnsd.Tools.Reload] Update SuccessfulName: /ndnsd/p2/service-info/reload/1605046927591541507%20nanoseconds%20since%20Jan%201%2C%201970
MetaInfo: [ContentType: 0, FreshnessPeriod: 1000 milliseconds]
Content: [17 bytes]
Signature: [type: SignatureSha256WithEcdsa, length: 71]
1605046927.593432 DEBUG: [ndnsd.Tools.Reload] Tentative next interest schedule in : 2058 milliseconds
1605046929.651700  INFO: [ndnsd.Tools.Reload] Sending reload interest: /ndnsd/p2/service-info/reload/1605046929651654674%20nanoseconds%20since%20Jan%201%2C%201970?MustBeFresh
1605046929.653538  INFO: [ndnsd.Tools.Reload] Update SuccessfulName: /ndnsd/p2/service-info/reload/1605046929651654674%20nanoseconds%20since%20Jan%201%2C%201970
MetaInfo: [ContentType: 0, FreshnessPeriod: 1000 milliseconds]
Content: [17 bytes]
Signature: [type: SignatureSha256WithEcdsa, length: 70]
1605046929.653563 DEBUG: [ndnsd.Tools.Reload] Tentative next interest schedule in : 2032 milliseconds
1605046931.690692  INFO: [ndnsd.Tools.Reload] Sending reload interest: /ndnsd/p2/service-info/reload/1605046931690643015%20nanoseconds%20since%20Jan%201%2C%201970?MustBeFresh
1605046931.693390  INFO: [ndnsd.Tools.Reload] Update SuccessfulName: /ndnsd/p2/service-info/reload/1605046931690643015%20nanoseconds%20since%20Jan%201%2C%201970
MetaInfo: [ContentType: 0, FreshnessPeriod: 1000 milliseconds]
Content: [17 bytes]
Signature: [type: SignatureSha256WithEcdsa, length: 70]
1605046931.693424 DEBUG: [ndnsd.Tools.Reload] Tentative next interest schedule in : 2005 milliseconds
1605046933.699196  INFO: [ndnsd.Tools.Reload] Sending reload interest: /ndnsd/p2/service-info/reload/1605046933699141497%20nanoseconds%20since%20Jan%201%2C%201970?MustBeFresh
1605046933.701016  INFO: [ndnsd.Tools.Reload] Update SuccessfulName: /ndnsd/p2/service-info/reload/1605046933699141497%20nanoseconds%20since%20Jan%201%2C%201970
MetaInfo: [ContentType: 0, FreshnessPeriod: 1000 milliseconds]
Content: [17 bytes]
Signature: [type: SignatureSha256WithEcdsa, length: 70]
1605046933.701049 DEBUG: [ndnsd.Tools.Reload] Tentative next interest schedule in : 2056 milliseconds
1605046935.757427  INFO: [ndnsd.Tools.Reload] Sending reload interest: /ndnsd/p2/service-info/reload/1605046935757380965%20nanoseconds%20since%20Jan%201%2C%201970?MustBeFresh
1605046935.758906  INFO: [ndnsd.Tools.Reload] Update SuccessfulName: /ndnsd/p2/service-info/reload/1605046935757380965%20nanoseconds%20since%20Jan%201%2C%201970
MetaInfo: [ContentType: 0, FreshnessPeriod: 1000 milliseconds]
Content: [17 bytes]
Signature: [type: SignatureSha256WithEcdsa, length: 70]
1605046935.758935 DEBUG: [ndnsd.Tools.Reload] Tentative next interest schedule in : 1990 milliseconds
1605046937.764835  INFO: [ndnsd.Tools.Reload] Sending reload interest: /ndnsd/p2/service-info/reload/1605046937764783525%20nanoseconds%20since%20Jan%201%2C%201970?MustBeFresh
1605046937.766740  INFO: [ndnsd.Tools.Reload] Update SuccessfulName: /ndnsd/p2/service-info/reload/1605046937764783525%20nanoseconds%20since%20Jan%201%2C%201970
MetaInfo: [ContentType: 0, FreshnessPeriod: 1000 milliseconds]
Content: [17 bytes]
Signature: [type: SignatureSha256WithEcdsa, length: 70]
1605046937.766772 DEBUG: [ndnsd.Tools.Reload] Tentative next interest schedule in : 2080 milliseconds
1605046939.893478  INFO: [ndnsd.Tools.Reload] Sending reload interest: /ndnsd/p2/service-info/reload/1605046939893433727%20nanoseconds%20since%20Jan%201%2C%201970?MustBeFresh
1605046939.896193  INFO: [ndnsd.Tools.Reload] Update SuccessfulName: /ndnsd/p2/service-info/reload/1605046939893433727%20nanoseconds%20since%20Jan%201%2C%201970
MetaInfo: [ContentType: 0, FreshnessPeriod: 1000 milliseconds]
Content: [17 bytes]
Signature: [type: SignatureSha256WithEcdsa, length: 70]
1605046939.896229 DEBUG: [ndnsd.Tools.Reload] Tentative next interest schedule in : 2007 milliseconds
1605046941.930636  INFO: [ndnsd.Tools.Reload] Sending reload interest: /ndnsd/p2/service-info/reload/1605046941930539499%20nanoseconds%20since%20Jan%201%2C%201970?MustBeFresh
1605046941.933766  INFO: [ndnsd.Tools.Reload] Update SuccessfulName: /ndnsd/p2/service-info/reload/1605046941930539499%20nanoseconds%20since%20Jan%201%2C%201970
MetaInfo: [ContentType: 0, FreshnessPeriod: 1000 milliseconds]
Content: [17 bytes]
Signature: [type: SignatureSha256WithEcdsa, length: 71]
1605046941.934067 DEBUG: [ndnsd.Tools.Reload] Tentative next interest schedule in : 2072 milliseconds
1605046944.006326  INFO: [ndnsd.Tools.Reload] Sending reload interest: /ndnsd/p2/service-info/reload/1605046944006279301%20nanoseconds%20since%20Jan%201%2C%201970?MustBeFresh
1605046944.008478  INFO: [ndnsd.Tools.Reload] Update SuccessfulName: /ndnsd/p2/service-info/reload/1605046944006279301%20nanoseconds%20since%20Jan%201%2C%201970
MetaInfo: [ContentType: 0, FreshnessPeriod: 1000 milliseconds]
Content: [17 bytes]
Signature: [type: SignatureSha256WithEcdsa, length: 70]
1605046944.008512 DEBUG: [ndnsd.Tools.Reload] Tentative next interest schedule in : 2010 milliseconds
1605046946.027222  INFO: [ndnsd.Tools.Reload] Sending reload interest: /ndnsd/p2/service-info/reload/1605046946027162538%20nanoseconds%20since%20Jan%201%2C%201970?MustBeFresh
1605046946.029272  INFO: [ndnsd.Tools.Reload] Update SuccessfulName: /ndnsd/p2/service-info/reload/1605046946027162538%20nanoseconds%20since%20Jan%201%2C%201970
MetaInfo: [ContentType: 0, FreshnessPeriod: 1000 milliseconds]
Content: [17 bytes]
Signature: [type: SignatureSha256WithEcdsa, length: 70]
1605046946.029306 DEBUG: [ndnsd.Tools.Reload] Tentative next interest schedule in : 2070 milliseconds
1605046948.112331  INFO: [ndnsd.Tools.Reload] Sending reload interest: /ndnsd/p2/service-info/reload/1605046948112282881%20nanoseconds%20since%20Jan%201%2C%201970?MustBeFresh
1605046948.114053  INFO: [ndnsd.Tools.Reload] Update SuccessfulName: /ndnsd/p2/service-info/reload/1605046948112282881%20nanoseconds%20since%20Jan%201%2C%201970
MetaInfo: [ContentType: 0, FreshnessPeriod: 1000 milliseconds]
Content: [17 bytes]
Signature: [type: SignatureSha256WithEcdsa, length: 71]
1605046948.114083 DEBUG: [ndnsd.Tools.Reload] Tentative next interest schedule in : 2017 milliseconds
1605046950.153348  INFO: [ndnsd.Tools.Reload] Sending reload interest: /ndnsd/p2/service-info/reload/1605046950153289810%20nanoseconds%20since%20Jan%201%2C%201970?MustBeFresh
1605046950.155112  INFO: [ndnsd.Tools.Reload] Update SuccessfulName: /ndnsd/p2/service-info/reload/1605046950153289810%20nanoseconds%20since%20Jan%201%2C%201970
MetaInfo: [ContentType: 0, FreshnessPeriod: 1000 milliseconds]
Content: [17 bytes]
Signature: [type: SignatureSha256WithEcdsa, length: 70]
1605046950.155148 DEBUG: [ndnsd.Tools.Reload] Tentative next interest schedule in : 2071 milliseconds
1605046952.354404  INFO: [ndnsd.Tools.Reload] Sending reload interest: /ndnsd/p2/service-info/reload/1605046952354356247%20nanoseconds%20since%20Jan%201%2C%201970?MustBeFresh
1605046952.356570  INFO: [ndnsd.Tools.Reload] Update SuccessfulName: /ndnsd/p2/service-info/reload/1605046952354356247%20nanoseconds%20since%20Jan%201%2C%201970
MetaInfo: [ContentType: 0, FreshnessPeriod: 1000 milliseconds]
Content: [17 bytes]
Signature: [type: SignatureSha256WithEcdsa, length: 71]
1605046952.356604 DEBUG: [ndnsd.Tools.Reload] Tentative next interest schedule in : 2067 milliseconds
1605046954.423797  INFO: [ndnsd.Tools.Reload] Sending reload interest: /ndnsd/p2/service-info/reload/1605046954423757269%20nanoseconds%20since%20Jan%201%2C%201970?MustBeFresh
1605046954.425558  INFO: [ndnsd.Tools.Reload] Update SuccessfulName: /ndnsd/p2/service-info/reload/1605046954423757269%20nanoseconds%20since%20Jan%201%2C%201970
MetaInfo: [ContentType: 0, FreshnessPeriod: 1000 milliseconds]
Content: [17 bytes]
Signature: [type: SignatureSha256WithEcdsa, length: 71]
1605046954.425604 DEBUG: [ndnsd.Tools.Reload] Tentative next interest schedule in : 2015 milliseconds
1605046956.440854  INFO: [ndnsd.Tools.Reload] Sending reload interest: /ndnsd/p2/service-info/reload/1605046956440806609%20nanoseconds%20since%20Jan%201%2C%201970?MustBeFresh
1605046956.442782  INFO: [ndnsd.Tools.Reload] Update SuccessfulName: /ndnsd/p2/service-info/reload/1605046956440806609%20nanoseconds%20since%20Jan%201%2C%201970
MetaInfo: [ContentType: 0, FreshnessPeriod: 1000 milliseconds]
Content: [17 bytes]
Signature: [type: SignatureSha256WithEcdsa, length: 70]
1605046956.442880 DEBUG: [ndnsd.Tools.Reload] Tentative next interest schedule in : 2052 milliseconds
1605046958.505466  INFO: [ndnsd.Tools.Reload] Sending reload interest: /ndnsd/p2/service-info/reload/1605046958505415158%20nanoseconds%20since%20Jan%201%2C%201970?MustBeFresh
1605046958.507514  INFO: [ndnsd.Tools.Reload] Update SuccessfulName: /ndnsd/p2/service-info/reload/1605046958505415158%20nanoseconds%20since%20Jan%201%2C%201970
MetaInfo: [ContentType: 0, FreshnessPeriod: 1000 milliseconds]
Content: [17 bytes]
Signature: [type: SignatureSha256WithEcdsa, length: 71]
1605046958.507615 DEBUG: [ndnsd.Tools.Reload] Tentative next interest schedule in : 2016 milliseconds
1605046960.533505  INFO: [ndnsd.Tools.Reload] Sending reload interest: /ndnsd/p2/service-info/reload/1605046960533456003%20nanoseconds%20since%20Jan%201%2C%201970?MustBeFresh
1605046960.535578  INFO: [ndnsd.Tools.Reload] Update SuccessfulName: /ndnsd/p2/service-info/reload/1605046960533456003%20nanoseconds%20since%20Jan%201%2C%201970
MetaInfo: [ContentType: 0, FreshnessPeriod: 1000 milliseconds]
Content: [17 bytes]
Signature: [type: SignatureSha256WithEcdsa, length: 70]
1605046960.535667 DEBUG: [ndnsd.Tools.Reload] Tentative next interest schedule in : 1992 milliseconds
1605046962.531611  INFO: [ndnsd.Tools.Reload] Sending reload interest: /ndnsd/p2/service-info/reload/1605046962531564228%20nanoseconds%20since%20Jan%201%2C%201970?MustBeFresh
1605046962.533453  INFO: [ndnsd.Tools.Reload] Update SuccessfulName: /ndnsd/p2/service-info/reload/1605046962531564228%20nanoseconds%20since%20Jan%201%2C%201970
MetaInfo: [ContentType: 0, FreshnessPeriod: 1000 milliseconds]
Content: [17 bytes]
Signature: [type: SignatureSha256WithEcdsa, length: 71]
1605046962.533478 DEBUG: [ndnsd.Tools.Reload] Tentative next interest schedule in : 2049 milliseconds
1605046964.593669  INFO: [ndnsd.Tools.Reload] Sending reload interest: /ndnsd/p2/service-info/reload/1605046964593619930%20nanoseconds%20since%20Jan%201%2C%201970?MustBeFresh
1605046964.595803  INFO: [ndnsd.Tools.Reload] Update SuccessfulName: /ndnsd/p2/service-info/reload/1605046964593619930%20nanoseconds%20since%20Jan%201%2C%201970
MetaInfo: [ContentType: 0, FreshnessPeriod: 1000 milliseconds]
Content: [17 bytes]
Signature: [type: SignatureSha256WithEcdsa, length: 70]
1605046964.595830 DEBUG: [ndnsd.Tools.Reload] Tentative next interest schedule in : 2038 milliseconds
1605046966.640350  INFO: [ndnsd.Tools.Reload] Sending reload interest: /ndnsd/p2/service-info/reload/1605046966640302284%20nanoseconds%20since%20Jan%201%2C%201970?MustBeFresh
1605046966.642271  INFO: [ndnsd.Tools.Reload] Update SuccessfulName: /ndnsd/p2/service-info/reload/1605046966640302284%20nanoseconds%20since%20Jan%201%2C%201970
MetaInfo: [ContentType: 0, FreshnessPeriod: 1000 milliseconds]
Content: [17 bytes]
Signature: [type: SignatureSha256WithEcdsa, length: 72]
1605046966.642301 DEBUG: [ndnsd.Tools.Reload] Tentative next interest schedule in : 2015 milliseconds
1605046968.665656  INFO: [ndnsd.Tools.Reload] Sending reload interest: /ndnsd/p2/service-info/reload/1605046968665604790%20nanoseconds%20since%20Jan%201%2C%201970?MustBeFresh
1605046968.667476  INFO: [ndnsd.Tools.Reload] Update SuccessfulName: /ndnsd/p2/service-info/reload/1605046968665604790%20nanoseconds%20since%20Jan%201%2C%201970
MetaInfo: [ContentType: 0, FreshnessPeriod: 1000 milliseconds]
Content: [17 bytes]
Signature: [type: SignatureSha256WithEcdsa, length: 71]
1605046968.667512 DEBUG: [ndnsd.Tools.Reload] Tentative next interest schedule in : 1993 milliseconds
1605046970.661160  INFO: [ndnsd.Tools.Reload] Sending reload interest: /ndnsd/p2/service-info/reload/1605046970661106522%20nanoseconds%20since%20Jan%201%2C%201970?MustBeFresh
1605046970.663318  INFO: [ndnsd.Tools.Reload] Update SuccessfulName: /ndnsd/p2/service-info/reload/1605046970661106522%20nanoseconds%20since%20Jan%201%2C%201970
MetaInfo: [ContentType: 0, FreshnessPeriod: 1000 milliseconds]
Content: [17 bytes]
Signature: [type: SignatureSha256WithEcdsa, length: 71]
1605046970.663352 DEBUG: [ndnsd.Tools.Reload] Tentative next interest schedule in : 2023 milliseconds
1605046972.722117  INFO: [ndnsd.Tools.Reload] Sending reload interest: /ndnsd/p2/service-info/reload/1605046972722063897%20nanoseconds%20since%20Jan%201%2C%201970?MustBeFresh
1605046972.724094  INFO: [ndnsd.Tools.Reload] Update SuccessfulName: /ndnsd/p2/service-info/reload/1605046972722063897%20nanoseconds%20since%20Jan%201%2C%201970
MetaInfo: [ContentType: 0, FreshnessPeriod: 1000 milliseconds]
Content: [17 bytes]
Signature: [type: SignatureSha256WithEcdsa, length: 71]
1605046972.724123 DEBUG: [ndnsd.Tools.Reload] Tentative next interest schedule in : 2062 milliseconds
1605046974.847436  INFO: [ndnsd.Tools.Reload] Sending reload interest: /ndnsd/p2/service-info/reload/1605046974847378704%20nanoseconds%20since%20Jan%201%2C%201970?MustBeFresh
1605046974.849232  INFO: [ndnsd.Tools.Reload] Update SuccessfulName: /ndnsd/p2/service-info/reload/1605046974847378704%20nanoseconds%20since%20Jan%201%2C%201970
MetaInfo: [ContentType: 0, FreshnessPeriod: 1000 milliseconds]
Content: [17 bytes]
Signature: [type: SignatureSha256WithEcdsa, length: 71]
1605046974.849273 DEBUG: [ndnsd.Tools.Reload] Tentative next interest schedule in : 2001 milliseconds
1605046976.867541  INFO: [ndnsd.Tools.Reload] Sending reload interest: /ndnsd/p2/service-info/reload/1605046976867492666%20nanoseconds%20since%20Jan%201%2C%201970?MustBeFresh
1605046976.869910  INFO: [ndnsd.Tools.Reload] Update SuccessfulName: /ndnsd/p2/service-info/reload/1605046976867492666%20nanoseconds%20since%20Jan%201%2C%201970
MetaInfo: [ContentType: 0, FreshnessPeriod: 1000 milliseconds]
Content: [17 bytes]
Signature: [type: SignatureSha256WithEcdsa, length: 71]
1605046976.869942 DEBUG: [ndnsd.Tools.Reload] Tentative next interest schedule in : 2053 milliseconds
1605046978.926658  INFO: [ndnsd.Tools.Reload] Sending reload interest: /ndnsd/p2/service-info/reload/1605046978926581259%20nanoseconds%20since%20Jan%201%2C%201970?MustBeFresh
1605046978.928104  INFO: [ndnsd.Tools.Reload] Update SuccessfulName: /ndnsd/p2/service-info/reload/1605046978926581259%20nanoseconds%20since%20Jan%201%2C%201970
MetaInfo: [ContentType: 0, FreshnessPeriod: 1000 milliseconds]
Content: [17 bytes]
Signature: [type: SignatureSha256WithEcdsa, length: 70]
1605046978.928129 DEBUG: [ndnsd.Tools.Reload] Tentative next interest schedule in : 2014 milliseconds
1605046980.943752  INFO: [ndnsd.Tools.Reload] Sending reload interest: /ndnsd/p2/service-info/reload/1605046980943701137%20nanoseconds%20since%20Jan%201%2C%201970?MustBeFresh
1605046980.945682  INFO: [ndnsd.Tools.Reload] Update SuccessfulName: /ndnsd/p2/service-info/reload/1605046980943701137%20nanoseconds%20since%20Jan%201%2C%201970
MetaInfo: [ContentType: 0, FreshnessPeriod: 1000 milliseconds]
Content: [17 bytes]
Signature: [type: SignatureSha256WithEcdsa, length: 72]
1605046980.945710 DEBUG: [ndnsd.Tools.Reload] Tentative next interest schedule in : 2025 milliseconds
1605046982.974209  INFO: [ndnsd.Tools.Reload] Sending reload interest: /ndnsd/p2/service-info/reload/1605046982974146770%20nanoseconds%20since%20Jan%201%2C%201970?MustBeFresh
1605046982.976386  INFO: [ndnsd.Tools.Reload] Update SuccessfulName: /ndnsd/p2/service-info/reload/1605046982974146770%20nanoseconds%20since%20Jan%201%2C%201970
MetaInfo: [ContentType: 0, FreshnessPeriod: 1000 milliseconds]
Content: [17 bytes]
Signature: [type: SignatureSha256WithEcdsa, length: 71]
1605046982.976457 DEBUG: [ndnsd.Tools.Reload] Tentative next interest schedule in : 2064 milliseconds
1605046985.054528  INFO: [ndnsd.Tools.Reload] Sending reload interest: /ndnsd/p2/service-info/reload/1605046985054467939%20nanoseconds%20since%20Jan%201%2C%201970?MustBeFresh
1605046985.056983  INFO: [ndnsd.Tools.Reload] Update SuccessfulName: /ndnsd/p2/service-info/reload/1605046985054467939%20nanoseconds%20since%20Jan%201%2C%201970
MetaInfo: [ContentType: 0, FreshnessPeriod: 1000 milliseconds]
Content: [17 bytes]
Signature: [type: SignatureSha256WithEcdsa, length: 70]
1605046985.057024 DEBUG: [ndnsd.Tools.Reload] Tentative next interest schedule in : 1996 milliseconds
1605046987.053399  INFO: [ndnsd.Tools.Reload] Sending reload interest: /ndnsd/p2/service-info/reload/1605046987053343168%20nanoseconds%20since%20Jan%201%2C%201970?MustBeFresh
1605046987.055242  INFO: [ndnsd.Tools.Reload] Update SuccessfulName: /ndnsd/p2/service-info/reload/1605046987053343168%20nanoseconds%20since%20Jan%201%2C%201970
MetaInfo: [ContentType: 0, FreshnessPeriod: 1000 milliseconds]
Content: [17 bytes]
Signature: [type: SignatureSha256WithEcdsa, length: 71]
1605046987.055268 DEBUG: [ndnsd.Tools.Reload] Tentative next interest schedule in : 2081 milliseconds
1605046989.137312  INFO: [ndnsd.Tools.Reload] Sending reload interest: /ndnsd/p2/service-info/reload/1605046989137261994%20nanoseconds%20since%20Jan%201%2C%201970?MustBeFresh
1605046989.139100  INFO: [ndnsd.Tools.Reload] Update SuccessfulName: /ndnsd/p2/service-info/reload/1605046989137261994%20nanoseconds%20since%20Jan%201%2C%201970
MetaInfo: [ContentType: 0, FreshnessPeriod: 1000 milliseconds]
Content: [17 bytes]
Signature: [type: SignatureSha256WithEcdsa, length: 70]
1605046989.139133 DEBUG: [ndnsd.Tools.Reload] Tentative next interest schedule in : 2074 milliseconds
1605046991.222005  INFO: [ndnsd.Tools.Reload] Sending reload interest: /ndnsd/p2/service-info/reload/1605046991221960703%20nanoseconds%20since%20Jan%201%2C%201970?MustBeFresh
1605046991.224125  INFO: [ndnsd.Tools.Reload] Update SuccessfulName: /ndnsd/p2/service-info/reload/1605046991221960703%20nanoseconds%20since%20Jan%201%2C%201970
MetaInfo: [ContentType: 0, FreshnessPeriod: 1000 milliseconds]
Content: [17 bytes]
Signature: [type: SignatureSha256WithEcdsa, length: 71]
1605046991.224155 DEBUG: [ndnsd.Tools.Reload] Tentative next interest schedule in : 1993 milliseconds
1605046993.259349  INFO: [ndnsd.Tools.Reload] Sending reload interest: /ndnsd/p2/service-info/reload/1605046993259301488%20nanoseconds%20since%20Jan%201%2C%201970?MustBeFresh
1605046993.262351  INFO: [ndnsd.Tools.Reload] Update SuccessfulName: /ndnsd/p2/service-info/reload/1605046993259301488%20nanoseconds%20since%20Jan%201%2C%201970
MetaInfo: [ContentType: 0, FreshnessPeriod: 1000 milliseconds]
Content: [17 bytes]
Signature: [type: SignatureSha256WithEcdsa, length: 72]
1605046993.262388 DEBUG: [ndnsd.Tools.Reload] Tentative next interest schedule in : 2033 milliseconds
1605046995.298547  INFO: [ndnsd.Tools.Reload] Sending reload interest: /ndnsd/p2/service-info/reload/1605046995298498998%20nanoseconds%20since%20Jan%201%2C%201970?MustBeFresh
1605046995.300671  INFO: [ndnsd.Tools.Reload] Update SuccessfulName: /ndnsd/p2/service-info/reload/1605046995298498998%20nanoseconds%20since%20Jan%201%2C%201970
MetaInfo: [ContentType: 0, FreshnessPeriod: 1000 milliseconds]
Content: [17 bytes]
Signature: [type: SignatureSha256WithEcdsa, length: 70]
1605046995.300715 DEBUG: [ndnsd.Tools.Reload] Tentative next interest schedule in : 2081 milliseconds
1605046997.415229  INFO: [ndnsd.Tools.Reload] Sending reload interest: /ndnsd/p2/service-info/reload/1605046997415094666%20nanoseconds%20since%20Jan%201%2C%201970?MustBeFresh
1605046997.417118  INFO: [ndnsd.Tools.Reload] Update SuccessfulName: /ndnsd/p2/service-info/reload/1605046997415094666%20nanoseconds%20since%20Jan%201%2C%201970
MetaInfo: [ContentType: 0, FreshnessPeriod: 1000 milliseconds]
Content: [17 bytes]
Signature: [type: SignatureSha256WithEcdsa, length: 72]
1605046997.417156 DEBUG: [ndnsd.Tools.Reload] Tentative next interest schedule in : 2051 milliseconds
1605046999.469203  INFO: [ndnsd.Tools.Reload] Sending reload interest: /ndnsd/p2/service-info/reload/1605046999469122763%20nanoseconds%20since%20Jan%201%2C%201970?MustBeFresh
1605046999.471835  INFO: [ndnsd.Tools.Reload] Update SuccessfulName: /ndnsd/p2/service-info/reload/1605046999469122763%20nanoseconds%20since%20Jan%201%2C%201970
MetaInfo: [ContentType: 0, FreshnessPeriod: 1000 milliseconds]
Content: [17 bytes]
Signature: [type: SignatureSha256WithEcdsa, length: 71]
1605046999.471867 DEBUG: [ndnsd.Tools.Reload] Tentative next interest schedule in : 2087 milliseconds
1605047001.559951  INFO: [ndnsd.Tools.Reload] Sending reload interest: /ndnsd/p2/service-info/reload/1605047001559893032%20nanoseconds%20since%20Jan%201%2C%201970?MustBeFresh
1605047001.561531  INFO: [ndnsd.Tools.Reload] Update SuccessfulName: /ndnsd/p2/service-info/reload/1605047001559893032%20nanoseconds%20since%20Jan%201%2C%201970
MetaInfo: [ContentType: 0, FreshnessPeriod: 1000 milliseconds]
Content: [17 bytes]
Signature: [type: SignatureSha256WithEcdsa, length: 70]
1605047001.561558 DEBUG: [ndnsd.Tools.Reload] Tentative next interest schedule in : 2045 milliseconds
1605047003.625577  INFO: [ndnsd.Tools.Reload] Sending reload interest: /ndnsd/p2/service-info/reload/1605047003625529420%20nanoseconds%20since%20Jan%201%2C%201970?MustBeFresh
1605047003.627358  INFO: [ndnsd.Tools.Reload] Update SuccessfulName: /ndnsd/p2/service-info/reload/1605047003625529420%20nanoseconds%20since%20Jan%201%2C%201970
MetaInfo: [ContentType: 0, FreshnessPeriod: 1000 milliseconds]
Content: [17 bytes]
Signature: [type: SignatureSha256WithEcdsa, length: 72]
1605047003.627384 DEBUG: [ndnsd.Tools.Reload] Tentative next interest schedule in : 2037 milliseconds
1605047005.674580  INFO: [ndnsd.Tools.Reload] Sending reload interest: /ndnsd/p2/service-info/reload/1605047005674393941%20nanoseconds%20since%20Jan%201%2C%201970?MustBeFresh
1605047005.676378  INFO: [ndnsd.Tools.Reload] Update SuccessfulName: /ndnsd/p2/service-info/reload/1605047005674393941%20nanoseconds%20since%20Jan%201%2C%201970
MetaInfo: [ContentType: 0, FreshnessPeriod: 1000 milliseconds]
Content: [17 bytes]
Signature: [type: SignatureSha256WithEcdsa, length: 71]
1605047005.676402 DEBUG: [ndnsd.Tools.Reload] Tentative next interest schedule in : 2022 milliseconds
1605047007.706301  INFO: [ndnsd.Tools.Reload] Sending reload interest: /ndnsd/p2/service-info/reload/1605047007706253399%20nanoseconds%20since%20Jan%201%2C%201970?MustBeFresh
1605047007.708297  INFO: [ndnsd.Tools.Reload] Update SuccessfulName: /ndnsd/p2/service-info/reload/1605047007706253399%20nanoseconds%20since%20Jan%201%2C%201970
MetaInfo: [ContentType: 0, FreshnessPeriod: 1000 milliseconds]
Content: [17 bytes]
Signature: [type: SignatureSha256WithEcdsa, length: 71]
1605047007.708330 DEBUG: [ndnsd.Tools.Reload] Tentative next interest schedule in : 2071 milliseconds
1605047009.782489  INFO: [ndnsd.Tools.Reload] Sending reload interest: /ndnsd/p2/service-info/reload/1605047009782438679%20nanoseconds%20since%20Jan%201%2C%201970?MustBeFresh
1605047009.784382  INFO: [ndnsd.Tools.Reload] Update SuccessfulName: /ndnsd/p2/service-info/reload/1605047009782438679%20nanoseconds%20since%20Jan%201%2C%201970
MetaInfo: [ContentType: 0, FreshnessPeriod: 1000 milliseconds]
Content: [17 bytes]
Signature: [type: SignatureSha256WithEcdsa, length: 70]
1605047009.784409 DEBUG: [ndnsd.Tools.Reload] Tentative next interest schedule in : 1993 milliseconds
1605047011.906965  INFO: [ndnsd.Tools.Reload] Sending reload interest: /ndnsd/p2/service-info/reload/1605047011906892163%20nanoseconds%20since%20Jan%201%2C%201970?MustBeFresh
1605047011.909785  INFO: [ndnsd.Tools.Reload] Update SuccessfulName: /ndnsd/p2/service-info/reload/1605047011906892163%20nanoseconds%20since%20Jan%201%2C%201970
MetaInfo: [ContentType: 0, FreshnessPeriod: 1000 milliseconds]
Content: [17 bytes]
Signature: [type: SignatureSha256WithEcdsa, length: 71]
