1605046808.638936  INFO: [ndnsd.Tools.Reload] Sending reload interest: /ndnsd/p1/service-info/reload/1605046808638851438%20nanoseconds%20since%20Jan%201%2C%201970?MustBeFresh
1605046808.641069  INFO: [ndnsd.Tools.Reload] Update SuccessfulName: /ndnsd/p1/service-info/reload/1605046808638851438%20nanoseconds%20since%20Jan%201%2C%201970
MetaInfo: [ContentType: 0, FreshnessPeriod: 1000 milliseconds]
Content: [17 bytes]
Signature: [type: SignatureSha256WithEcdsa, length: 72]
1605046808.641143 DEBUG: [ndnsd.Tools.Reload] Tentative next interest schedule in : 2087 milliseconds
1605046810.728287  INFO: [ndnsd.Tools.Reload] Sending reload interest: /ndnsd/p1/service-info/reload/1605046810728219267%20nanoseconds%20since%20Jan%201%2C%201970?MustBeFresh
1605046810.730359  INFO: [ndnsd.Tools.Reload] Update SuccessfulName: /ndnsd/p1/service-info/reload/1605046810728219267%20nanoseconds%20since%20Jan%201%2C%201970
MetaInfo: [ContentType: 0, FreshnessPeriod: 1000 milliseconds]
Content: [17 bytes]
Signature: [type: SignatureSha256WithEcdsa, length: 71]
1605046810.730394 DEBUG: [ndnsd.Tools.Reload] Tentative next interest schedule in : 2087 milliseconds
1605046812.818050  INFO: [ndnsd.Tools.Reload] Sending reload interest: /ndnsd/p1/service-info/reload/1605046812817997524%20nanoseconds%20since%20Jan%201%2C%201970?MustBeFresh
1605046812.820218  INFO: [ndnsd.Tools.Reload] Update SuccessfulName: /ndnsd/p1/service-info/reload/1605046812817997524%20nanoseconds%20since%20Jan%201%2C%201970
MetaInfo: [ContentType: 0, FreshnessPeriod: 1000 milliseconds]
Content: [17 bytes]
Signature: [type: SignatureSha256WithEcdsa, length: 71]
1605046812.820261 DEBUG: [ndnsd.Tools.Reload] Tentative next interest schedule in : 2070 milliseconds
1605046814.890695  INFO: [ndnsd.Tools.Reload] Sending reload interest: /ndnsd/p1/service-info/reload/1605046814890642050%20nanoseconds%20since%20Jan%201%2C%201970?MustBeFresh
1605046814.893172  INFO: [ndnsd.Tools.Reload] Update SuccessfulName: /ndnsd/p1/service-info/reload/1605046814890642050%20nanoseconds%20since%20Jan%201%2C%201970
MetaInfo: [ContentType: 0, FreshnessPeriod: 1000 milliseconds]
Content: [17 bytes]
Signature: [type: SignatureSha256WithEcdsa, length: 71]
1605046814.893203 DEBUG: [ndnsd.Tools.Reload] Tentative next interest schedule in : 2050 milliseconds
1605046816.943999  INFO: [ndnsd.Tools.Reload] Sending reload interest: /ndnsd/p1/service-info/reload/1605046816943938603%20nanoseconds%20since%20Jan%201%2C%201970?MustBeFresh
1605046816.945968  INFO: [ndnsd.Tools.Reload] Update SuccessfulName: /ndnsd/p1/service-info/reload/1605046816943938603%20nanoseconds%20since%20Jan%201%2C%201970
MetaInfo: [ContentType: 0, FreshnessPeriod: 1000 milliseconds]
Content: [17 bytes]
Signature: [type: SignatureSha256WithEcdsa, length: 71]
1605046816.946011 DEBUG: [ndnsd.Tools.Reload] Tentative next interest schedule in : 2054 milliseconds
1605046819.008342  INFO: [ndnsd.Tools.Reload] Sending reload interest: /ndnsd/p1/service-info/reload/1605046819008290137%20nanoseconds%20since%20Jan%201%2C%201970?MustBeFresh
1605046819.011347  INFO: [ndnsd.Tools.Reload] Update SuccessfulName: /ndnsd/p1/service-info/reload/1605046819008290137%20nanoseconds%20since%20Jan%201%2C%201970
MetaInfo: [ContentType: 0, FreshnessPeriod: 1000 milliseconds]
Content: [17 bytes]
Signature: [type: SignatureSha256WithEcdsa, length: 71]
1605046819.011378 DEBUG: [ndnsd.Tools.Reload] Tentative next interest schedule in : 2059 milliseconds
1605046821.071050  INFO: [ndnsd.Tools.Reload] Sending reload interest: /ndnsd/p1/service-info/reload/1605046821070998518%20nanoseconds%20since%20Jan%201%2C%201970?MustBeFresh
1605046821.072917  INFO: [ndnsd.Tools.Reload] Update SuccessfulName: /ndnsd/p1/service-info/reload/1605046821070998518%20nanoseconds%20since%20Jan%201%2C%201970
MetaInfo: [ContentType: 0, FreshnessPeriod: 1000 milliseconds]
Content: [17 bytes]
Signature: [type: SignatureSha256WithEcdsa, length: 71]
1605046821.072948 DEBUG: [ndnsd.Tools.Reload] Tentative next interest schedule in : 2059 milliseconds
1605046823.132118  INFO: [ndnsd.Tools.Reload] Sending reload interest: /ndnsd/p1/service-info/reload/1605046823132065992%20nanoseconds%20since%20Jan%201%2C%201970?MustBeFresh
1605046823.133858  INFO: [ndnsd.Tools.Reload] Update SuccessfulName: /ndnsd/p1/service-info/reload/1605046823132065992%20nanoseconds%20since%20Jan%201%2C%201970
MetaInfo: [ContentType: 0, FreshnessPeriod: 1000 milliseconds]
Content: [17 bytes]
Signature: [type: SignatureSha256WithEcdsa, length: 71]
1605046823.133891 DEBUG: [ndnsd.Tools.Reload] Tentative next interest schedule in : 1995 milliseconds
1605046825.129646  INFO: [ndnsd.Tools.Reload] Sending reload interest: /ndnsd/p1/service-info/reload/1605046825129594896%20nanoseconds%20since%20Jan%201%2C%201970?MustBeFresh
1605046825.131605  INFO: [ndnsd.Tools.Reload] Update SuccessfulName: /ndnsd/p1/service-info/reload/1605046825129594896%20nanoseconds%20since%20Jan%201%2C%201970
MetaInfo: [ContentType: 0, FreshnessPeriod: 1000 milliseconds]
Content: [17 bytes]
Signature: [type: SignatureSha256WithEcdsa, length: 70]
1605046825.131690 DEBUG: [ndnsd.Tools.Reload] Tentative next interest schedule in : 2055 milliseconds
1605046827.208261  INFO: [ndnsd.Tools.Reload] Sending reload interest: /ndnsd/p1/service-info/reload/1605046827208165590%20nanoseconds%20since%20Jan%201%2C%201970?MustBeFresh
1605046827.210375  INFO: [ndnsd.Tools.Reload] Update SuccessfulName: /ndnsd/p1/service-info/reload/1605046827208165590%20nanoseconds%20since%20Jan%201%2C%201970
MetaInfo: [ContentType: 0, FreshnessPeriod: 1000 milliseconds]
Content: [17 bytes]
Signature: [type: SignatureSha256WithEcdsa, length: 71]
1605046827.210410 DEBUG: [ndnsd.Tools.Reload] Tentative next interest schedule in : 2006 milliseconds
1605046829.216778  INFO: [ndnsd.Tools.Reload] Sending reload interest: /ndnsd/p1/service-info/reload/1605046829216725561%20nanoseconds%20since%20Jan%201%2C%201970?MustBeFresh
1605046829.218925  INFO: [ndnsd.Tools.Reload] Update SuccessfulName: /ndnsd/p1/service-info/reload/1605046829216725561%20nanoseconds%20since%20Jan%201%2C%201970
MetaInfo: [ContentType: 0, FreshnessPeriod: 1000 milliseconds]
Content: [17 bytes]
Signature: [type: SignatureSha256WithEcdsa, length: 70]
1605046829.218961 DEBUG: [ndnsd.Tools.Reload] Tentative next interest schedule in : 1991 milliseconds
1605046831.219388  INFO: [ndnsd.Tools.Reload] Sending reload interest: /ndnsd/p1/service-info/reload/1605046831219334358%20nanoseconds%20since%20Jan%201%2C%201970?MustBeFresh
1605046831.222041  INFO: [ndnsd.Tools.Reload] Update SuccessfulName: /ndnsd/p1/service-info/reload/1605046831219334358%20nanoseconds%20since%20Jan%201%2C%201970
MetaInfo: [ContentType: 0, FreshnessPeriod: 1000 milliseconds]
Content: [17 bytes]
Signature: [type: SignatureSha256WithEcdsa, length: 70]
1605046831.222080 DEBUG: [ndnsd.Tools.Reload] Tentative next interest schedule in : 2072 milliseconds
1605046833.294301  INFO: [ndnsd.Tools.Reload] Sending reload interest: /ndnsd/p1/service-info/reload/1605046833294263952%20nanoseconds%20since%20Jan%201%2C%201970?MustBeFresh
1605046833.296400  INFO: [ndnsd.Tools.Reload] Update SuccessfulName: /ndnsd/p1/service-info/reload/1605046833294263952%20nanoseconds%20since%20Jan%201%2C%201970
MetaInfo: [ContentType: 0, FreshnessPeriod: 1000 milliseconds]
Content: [17 bytes]
Signature: [type: SignatureSha256WithEcdsa, length: 70]
1605046833.296436 DEBUG: [ndnsd.Tools.Reload] Tentative next interest schedule in : 2081 milliseconds
1605046835.378259  INFO: [ndnsd.Tools.Reload] Sending reload interest: /ndnsd/p1/service-info/reload/1605046835378211350%20nanoseconds%20since%20Jan%201%2C%201970?MustBeFresh
1605046835.380128  INFO: [ndnsd.Tools.Reload] Update SuccessfulName: /ndnsd/p1/service-info/reload/1605046835378211350%20nanoseconds%20since%20Jan%201%2C%201970
MetaInfo: [ContentType: 0, FreshnessPeriod: 1000 milliseconds]
Content: [17 bytes]
Signature: [type: SignatureSha256WithEcdsa, length: 71]
1605046835.380161 DEBUG: [ndnsd.Tools.Reload] Tentative next interest schedule in : 2041 milliseconds
1605046837.421647  INFO: [ndnsd.Tools.Reload] Sending reload interest: /ndnsd/p1/service-info/reload/1605046837421600775%20nanoseconds%20since%20Jan%201%2C%201970?MustBeFresh
1605046837.423736  INFO: [ndnsd.Tools.Reload] Update SuccessfulName: /ndnsd/p1/service-info/reload/1605046837421600775%20nanoseconds%20since%20Jan%201%2C%201970
MetaInfo: [ContentType: 0, FreshnessPeriod: 1000 milliseconds]
Content: [17 bytes]
Signature: [type: SignatureSha256WithEcdsa, length: 71]
1605046837.423768 DEBUG: [ndnsd.Tools.Reload] Tentative next interest schedule in : 2036 milliseconds
1605046839.466287  INFO: [ndnsd.Tools.Reload] Sending reload interest: /ndnsd/p1/service-info/reload/1605046839466250103%20nanoseconds%20since%20Jan%201%2C%201970?MustBeFresh
1605046839.469388  INFO: [ndnsd.Tools.Reload] Update SuccessfulName: /ndnsd/p1/service-info/reload/1605046839466250103%20nanoseconds%20since%20Jan%201%2C%201970
MetaInfo: [ContentType: 0, FreshnessPeriod: 1000 milliseconds]
Content: [17 bytes]
Signature: [type: SignatureSha256WithEcdsa, length: 71]
1605046839.469416 DEBUG: [ndnsd.Tools.Reload] Tentative next interest schedule in : 2058 milliseconds
1605046841.527990  INFO: [ndnsd.Tools.Reload] Sending reload interest: /ndnsd/p1/service-info/reload/1605046841527937400%20nanoseconds%20since%20Jan%201%2C%201970?MustBeFresh
1605046841.530491  INFO: [ndnsd.Tools.Reload] Update SuccessfulName: /ndnsd/p1/service-info/reload/1605046841527937400%20nanoseconds%20since%20Jan%201%2C%201970
MetaInfo: [ContentType: 0, FreshnessPeriod: 1000 milliseconds]
Content: [17 bytes]
Signature: [type: SignatureSha256WithEcdsa, length: 71]
1605046841.530564 DEBUG: [ndnsd.Tools.Reload] Tentative next interest schedule in : 2074 milliseconds
1605046843.605080  INFO: [ndnsd.Tools.Reload] Sending reload interest: /ndnsd/p1/service-info/reload/1605046843605032276%20nanoseconds%20since%20Jan%201%2C%201970?MustBeFresh
1605046843.606505  INFO: [ndnsd.Tools.Reload] Update SuccessfulName: /ndnsd/p1/service-info/reload/1605046843605032276%20nanoseconds%20since%20Jan%201%2C%201970
MetaInfo: [ContentType: 0, FreshnessPeriod: 1000 milliseconds]
Content: [17 bytes]
Signature: [type: SignatureSha256WithEcdsa, length: 71]
1605046843.606550 DEBUG: [ndnsd.Tools.Reload] Tentative next interest schedule in : 2016 milliseconds
1605046845.671964  INFO: [ndnsd.Tools.Reload] Sending reload interest: /ndnsd/p1/service-info/reload/1605046845671834333%20nanoseconds%20since%20Jan%201%2C%201970?MustBeFresh
1605046845.674535  INFO: [ndnsd.Tools.Reload] Update SuccessfulName: /ndnsd/p1/service-info/reload/1605046845671834333%20nanoseconds%20since%20Jan%201%2C%201970
MetaInfo: [ContentType: 0, FreshnessPeriod: 1000 milliseconds]
Content: [17 bytes]
Signature: [type: SignatureSha256WithEcdsa, length: 71]
1605046845.674562 DEBUG: [ndnsd.Tools.Reload] Tentative next interest schedule in : 2089 milliseconds
1605046847.763712  INFO: [ndnsd.Tools.Reload] Sending reload interest: /ndnsd/p1/service-info/reload/1605046847763662400%20nanoseconds%20since%20Jan%201%2C%201970?MustBeFresh
1605046847.766150  INFO: [ndnsd.Tools.Reload] Update SuccessfulName: /ndnsd/p1/service-info/reload/1605046847763662400%20nanoseconds%20since%20Jan%201%2C%201970
MetaInfo: [ContentType: 0, FreshnessPeriod: 1000 milliseconds]
Content: [17 bytes]
Signature: [type: SignatureSha256WithEcdsa, length: 71]
1605046847.766191 DEBUG: [ndnsd.Tools.Reload] Tentative next interest schedule in : 2085 milliseconds
1605046849.852319  INFO: [ndnsd.Tools.Reload] Sending reload interest: /ndnsd/p1/service-info/reload/1605046849852272382%20nanoseconds%20since%20Jan%201%2C%201970?MustBeFresh
1605046849.854565  INFO: [ndnsd.Tools.Reload] Update SuccessfulName: /ndnsd/p1/service-info/reload/1605046849852272382%20nanoseconds%20since%20Jan%201%2C%201970
MetaInfo: [ContentType: 0, FreshnessPeriod: 1000 milliseconds]
Content: [17 bytes]
Signature: [type: SignatureSha256WithEcdsa, length: 71]
1605046849.854594 DEBUG: [ndnsd.Tools.Reload] Tentative next interest schedule in : 2024 milliseconds
1605046851.907626  INFO: [ndnsd.Tools.Reload] Sending reload interest: /ndnsd/p1/service-info/reload/1605046851907581068%20nanoseconds%20since%20Jan%201%2C%201970?MustBeFresh
1605046851.909230  INFO: [ndnsd.Tools.Reload] Update SuccessfulName: /ndnsd/p1/service-info/reload/1605046851907581068%20nanoseconds%20since%20Jan%201%2C%201970
MetaInfo: [ContentType: 0, FreshnessPeriod: 1000 milliseconds]
Content: [17 bytes]
Signature: [type: SignatureSha256WithEcdsa, length: 70]
1605046851.909278 DEBUG: [ndnsd.Tools.Reload] Tentative next interest schedule in : 1992 milliseconds
1605046853.924810  INFO: [ndnsd.Tools.Reload] Sending reload interest: /ndnsd/p1/service-info/reload/1605046853924765718%20nanoseconds%20since%20Jan%201%2C%201970?MustBeFresh
1605046853.926554  INFO: [ndnsd.Tools.Reload] Update SuccessfulName: /ndnsd/p1/service-info/reload/1605046853924765718%20nanoseconds%20since%20Jan%201%2C%201970
MetaInfo: [ContentType: 0, FreshnessPeriod: 1000 milliseconds]
Content: [17 bytes]
Signature: [type: SignatureSha256WithEcdsa, length: 71]
1605046853.926581 DEBUG: [ndnsd.Tools.Reload] Tentative next interest schedule in : 2077 milliseconds
1605046856.003928  INFO: [ndnsd.Tools.Reload] Sending reload interest: /ndnsd/p1/service-info/reload/1605046856003865621%20nanoseconds%20since%20Jan%201%2C%201970?MustBeFresh
1605046856.005966  INFO: [ndnsd.Tools.Reload] Update SuccessfulName: /ndnsd/p1/service-info/reload/1605046856003865621%20nanoseconds%20since%20Jan%201%2C%201970
MetaInfo: [ContentType: 0, FreshnessPeriod: 1000 milliseconds]
Content: [17 bytes]
Signature: [type: SignatureSha256WithEcdsa, length: 70]
1605046856.006013 DEBUG: [ndnsd.Tools.Reload] Tentative next interest schedule in : 2035 milliseconds
1605046858.041329  INFO: [ndnsd.Tools.Reload] Sending reload interest: /ndnsd/p1/service-info/reload/1605046858041286581%20nanoseconds%20since%20Jan%201%2C%201970?MustBeFresh
1605046858.043247  INFO: [ndnsd.Tools.Reload] Update SuccessfulName: /ndnsd/p1/service-info/reload/1605046858041286581%20nanoseconds%20since%20Jan%201%2C%201970
MetaInfo: [ContentType: 0, FreshnessPeriod: 1000 milliseconds]
Content: [17 bytes]
Signature: [type: SignatureSha256WithEcdsa, length: 71]
1605046858.043284 DEBUG: [ndnsd.Tools.Reload] Tentative next interest schedule in : 2047 milliseconds
1605046860.090450  INFO: [ndnsd.Tools.Reload] Sending reload interest: /ndnsd/p1/service-info/reload/1605046860090405696%20nanoseconds%20since%20Jan%201%2C%201970?MustBeFresh
1605046860.092313  INFO: [ndnsd.Tools.Reload] Update SuccessfulName: /ndnsd/p1/service-info/reload/1605046860090405696%20nanoseconds%20since%20Jan%201%2C%201970
MetaInfo: [ContentType: 0, FreshnessPeriod: 1000 milliseconds]
Content: [17 bytes]
Signature: [type: SignatureSha256WithEcdsa, length: 71]
1605046860.092346 DEBUG: [ndnsd.Tools.Reload] Tentative next interest schedule in : 2014 milliseconds
1605046862.106864  INFO: [ndnsd.Tools.Reload] Sending reload interest: /ndnsd/p1/service-info/reload/1605046862106826736%20nanoseconds%20since%20Jan%201%2C%201970?MustBeFresh
1605046862.108624  INFO: [ndnsd.Tools.Reload] Update SuccessfulName: /ndnsd/p1/service-info/reload/1605046862106826736%20nanoseconds%20since%20Jan%201%2C%201970
MetaInfo: [ContentType: 0, FreshnessPeriod: 1000 milliseconds]
Content: [17 bytes]
Signature: [type: SignatureSha256WithEcdsa, length: 71]
1605046862.108747 DEBUG: [ndnsd.Tools.Reload] Tentative next interest schedule in : 2043 milliseconds
1605046864.178700  INFO: [ndnsd.Tools.Reload] Sending reload interest: /ndnsd/p1/service-info/reload/1605046864178652303%20nanoseconds%20since%20Jan%201%2C%201970?MustBeFresh
1605046864.181961  INFO: [ndnsd.Tools.Reload] Update SuccessfulName: /ndnsd/p1/service-info/reload/1605046864178652303%20nanoseconds%20since%20Jan%201%2C%201970
MetaInfo: [ContentType: 0, FreshnessPeriod: 1000 milliseconds]
Content: [17 bytes]
Signature: [type: SignatureSha256WithEcdsa, length: 71]
1605046864.182007 DEBUG: [ndnsd.Tools.Reload] Tentative next interest schedule in : 2051 milliseconds
1605046866.239408  INFO: [ndnsd.Tools.Reload] Sending reload interest: /ndnsd/p1/service-info/reload/1605046866239291872%20nanoseconds%20since%20Jan%201%2C%201970?MustBeFresh
1605046866.241352  INFO: [ndnsd.Tools.Reload] Update SuccessfulName: /ndnsd/p1/service-info/reload/1605046866239291872%20nanoseconds%20since%20Jan%201%2C%201970
MetaInfo: [ContentType: 0, FreshnessPeriod: 1000 milliseconds]
Content: [17 bytes]
Signature: [type: SignatureSha256WithEcdsa, length: 71]
1605046866.241380 DEBUG: [ndnsd.Tools.Reload] Tentative next interest schedule in : 2009 milliseconds
1605046868.250796  INFO: [ndnsd.Tools.Reload] Sending reload interest: /ndnsd/p1/service-info/reload/1605046868250738217%20nanoseconds%20since%20Jan%201%2C%201970?MustBeFresh
1605046868.253110  INFO: [ndnsd.Tools.Reload] Update SuccessfulName: /ndnsd/p1/service-info/reload/1605046868250738217%20nanoseconds%20since%20Jan%201%2C%201970
MetaInfo: [ContentType: 0, FreshnessPeriod: 1000 milliseconds]
Content: [17 bytes]
Signature: [type: SignatureSha256WithEcdsa, length: 72]
1605046868.253138 DEBUG: [ndnsd.Tools.Reload] Tentative next interest schedule in : 2051 milliseconds
1605046870.304430  INFO: [ndnsd.Tools.Reload] Sending reload interest: /ndnsd/p1/service-info/reload/1605046870304389166%20nanoseconds%20since%20Jan%201%2C%201970?MustBeFresh
1605046870.306117  INFO: [ndnsd.Tools.Reload] Update SuccessfulName: /ndnsd/p1/service-info/reload/1605046870304389166%20nanoseconds%20since%20Jan%201%2C%201970
MetaInfo: [ContentType: 0, FreshnessPeriod: 1000 milliseconds]
Content: [17 bytes]
Signature: [type: SignatureSha256WithEcdsa, length: 70]
1605046870.306150 DEBUG: [ndnsd.Tools.Reload] Tentative next interest schedule in : 2055 milliseconds
1605046872.361707  INFO: [ndnsd.Tools.Reload] Sending reload interest: /ndnsd/p1/service-info/reload/1605046872361655486%20nanoseconds%20since%20Jan%201%2C%201970?MustBeFresh
1605046872.363835  INFO: [ndnsd.Tools.Reload] Update SuccessfulName: /ndnsd/p1/service-info/reload/1605046872361655486%20nanoseconds%20since%20Jan%201%2C%201970
MetaInfo: [ContentType: 0, FreshnessPeriod: 1000 milliseconds]
Content: [17 bytes]
Signature: [type: SignatureSha256WithEcdsa, length: 72]
1605046872.363869 DEBUG: [ndnsd.Tools.Reload] Tentative next interest schedule in : 2062 milliseconds
1605046874.427298  INFO: [ndnsd.Tools.Reload] Sending reload interest: /ndnsd/p1/service-info/reload/1605046874427096111%20nanoseconds%20since%20Jan%201%2C%201970?MustBeFresh
1605046874.429042  INFO: [ndnsd.Tools.Reload] Update SuccessfulName: /ndnsd/p1/service-info/reload/1605046874427096111%20nanoseconds%20since%20Jan%201%2C%201970
MetaInfo: [ContentType: 0, FreshnessPeriod: 1000 milliseconds]
Content: [17 bytes]
Signature: [type: SignatureSha256WithEcdsa, length: 70]
1605046874.429069 DEBUG: [ndnsd.Tools.Reload] Tentative next interest schedule in : 2079 milliseconds
1605046876.509513  INFO: [ndnsd.Tools.Reload] Sending reload interest: /ndnsd/p1/service-info/reload/1605046876509468627%20nanoseconds%20since%20Jan%201%2C%201970?MustBeFresh
1605046876.511236  INFO: [ndnsd.Tools.Reload] Update SuccessfulName: /ndnsd/p1/service-info/reload/1605046876509468627%20nanoseconds%20since%20Jan%201%2C%201970
MetaInfo: [ContentType: 0, FreshnessPeriod: 1000 milliseconds]
Content: [17 bytes]
Signature: [type: SignatureSha256WithEcdsa, length: 70]
1605046876.511260 DEBUG: [ndnsd.Tools.Reload] Tentative next interest schedule in : 1996 milliseconds
1605046878.576355  INFO: [ndnsd.Tools.Reload] Sending reload interest: /ndnsd/p1/service-info/reload/1605046878576302317%20nanoseconds%20since%20Jan%201%2C%201970?MustBeFresh
1605046878.578405  INFO: [ndnsd.Tools.Reload] Update SuccessfulName: /ndnsd/p1/service-info/reload/1605046878576302317%20nanoseconds%20since%20Jan%201%2C%201970
MetaInfo: [ContentType: 0, FreshnessPeriod: 1000 milliseconds]
Content: [17 bytes]
Signature: [type: SignatureSha256WithEcdsa, length: 71]
1605046878.578433 DEBUG: [ndnsd.Tools.Reload] Tentative next interest schedule in : 2057 milliseconds
1605046880.640546  INFO: [ndnsd.Tools.Reload] Sending reload interest: /ndnsd/p1/service-info/reload/1605046880640497399%20nanoseconds%20since%20Jan%201%2C%201970?MustBeFresh
1605046880.642433  INFO: [ndnsd.Tools.Reload] Update SuccessfulName: /ndnsd/p1/service-info/reload/1605046880640497399%20nanoseconds%20since%20Jan%201%2C%201970
MetaInfo: [ContentType: 0, FreshnessPeriod: 1000 milliseconds]
Content: [17 bytes]
Signature: [type: SignatureSha256WithEcdsa, length: 71]
1605046880.642468 DEBUG: [ndnsd.Tools.Reload] Tentative next interest schedule in : 2007 milliseconds
1605046882.750867  INFO: [ndnsd.Tools.Reload] Sending reload interest: /ndnsd/p1/service-info/reload/1605046882750678088%20nanoseconds%20since%20Jan%201%2C%201970?MustBeFresh
1605046882.753426  INFO: [ndnsd.Tools.Reload] Update SuccessfulName: /ndnsd/p1/service-info/reload/1605046882750678088%20nanoseconds%20since%20Jan%201%2C%201970
MetaInfo: [ContentType: 0, FreshnessPeriod: 1000 milliseconds]
Content: [17 bytes]
Signature: [type: SignatureSha256WithEcdsa, length: 71]
1605046882.753475 DEBUG: [ndnsd.Tools.Reload] Tentative next interest schedule in : 2078 milliseconds
1605046884.894181  INFO: [ndnsd.Tools.Reload] Sending reload interest: /ndnsd/p1/service-info/reload/1605046884894128385%20nanoseconds%20since%20Jan%201%2C%201970?MustBeFresh
1605046884.896373  INFO: [ndnsd.Tools.Reload] Update SuccessfulName: /ndnsd/p1/service-info/reload/1605046884894128385%20nanoseconds%20since%20Jan%201%2C%201970
MetaInfo: [ContentType: 0, FreshnessPeriod: 1000 milliseconds]
Content: [17 bytes]
Signature: [type: SignatureSha256WithEcdsa, length: 71]
1605046884.896454 DEBUG: [ndnsd.Tools.Reload] Tentative next interest schedule in : 2062 milliseconds
1605046886.986118  INFO: [ndnsd.Tools.Reload] Sending reload interest: /ndnsd/p1/service-info/reload/1605046886986066465%20nanoseconds%20since%20Jan%201%2C%201970?MustBeFresh
1605046886.987987  INFO: [ndnsd.Tools.Reload] Update SuccessfulName: /ndnsd/p1/service-info/reload/1605046886986066465%20nanoseconds%20since%20Jan%201%2C%201970
MetaInfo: [ContentType: 0, FreshnessPeriod: 1000 milliseconds]
Content: [17 bytes]
Signature: [type: SignatureSha256WithEcdsa, length: 71]
1605046886.988016 DEBUG: [ndnsd.Tools.Reload] Tentative next interest schedule in : 2067 milliseconds
1605046889.098828  INFO: [ndnsd.Tools.Reload] Sending reload interest: /ndnsd/p1/service-info/reload/1605046889098778020%20nanoseconds%20since%20Jan%201%2C%201970?MustBeFresh
1605046889.101761  INFO: [ndnsd.Tools.Reload] Update SuccessfulName: /ndnsd/p1/service-info/reload/1605046889098778020%20nanoseconds%20since%20Jan%201%2C%201970
MetaInfo: [ContentType: 0, FreshnessPeriod: 1000 milliseconds]
Content: [17 bytes]
Signature: [type: SignatureSha256WithEcdsa, length: 71]
1605046889.101794 DEBUG: [ndnsd.Tools.Reload] Tentative next interest schedule in : 2002 milliseconds
1605046891.111513  INFO: [ndnsd.Tools.Reload] Sending reload interest: /ndnsd/p1/service-info/reload/1605046891111463580%20nanoseconds%20since%20Jan%201%2C%201970?MustBeFresh
1605046891.113342  INFO: [ndnsd.Tools.Reload] Update SuccessfulName: /ndnsd/p1/service-info/reload/1605046891111463580%20nanoseconds%20since%20Jan%201%2C%201970
MetaInfo: [ContentType: 0, FreshnessPeriod: 1000 milliseconds]
Content: [17 bytes]
Signature: [type: SignatureSha256WithEcdsa, length: 71]
1605046891.113380 DEBUG: [ndnsd.Tools.Reload] Tentative next interest schedule in : 2012 milliseconds
1605046893.125994  INFO: [ndnsd.Tools.Reload] Sending reload interest: /ndnsd/p1/service-info/reload/1605046893125956226%20nanoseconds%20since%20Jan%201%2C%201970?MustBeFresh
1605046893.127660  INFO: [ndnsd.Tools.Reload] Update SuccessfulName: /ndnsd/p1/service-info/reload/1605046893125956226%20nanoseconds%20since%20Jan%201%2C%201970
MetaInfo: [ContentType: 0, FreshnessPeriod: 1000 milliseconds]
Content: [17 bytes]
Signature: [type: SignatureSha256WithEcdsa, length: 70]
1605046893.127690 DEBUG: [ndnsd.Tools.Reload] Tentative next interest schedule in : 2053 milliseconds
1605046895.182168  INFO: [ndnsd.Tools.Reload] Sending reload interest: /ndnsd/p1/service-info/reload/1605046895182121362%20nanoseconds%20since%20Jan%201%2C%201970?MustBeFresh
1605046895.184207  INFO: [ndnsd.Tools.Reload] Update SuccessfulName: /ndnsd/p1/service-info/reload/1605046895182121362%20nanoseconds%20since%20Jan%201%2C%201970
MetaInfo: [ContentType: 0, FreshnessPeriod: 1000 milliseconds]
Content: [17 bytes]
Signature: [type: SignatureSha256WithEcdsa, length: 70]
1605046895.184289 DEBUG: [ndnsd.Tools.Reload] Tentative next interest schedule in : 2073 milliseconds
1605046897.257501  INFO: [ndnsd.Tools.Reload] Sending reload interest: /ndnsd/p1/service-info/reload/1605046897257455682%20nanoseconds%20since%20Jan%201%2C%201970?MustBeFresh
1605046897.259757  INFO: [ndnsd.Tools.Reload] Update SuccessfulName: /ndnsd/p1/service-info/reload/1605046897257455682%20nanoseconds%20since%20Jan%201%2C%201970
MetaInfo: [ContentType: 0, FreshnessPeriod: 1000 milliseconds]
Content: [17 bytes]
Signature: [type: SignatureSha256WithEcdsa, length: 70]
1605046897.259789 DEBUG: [ndnsd.Tools.Reload] Tentative next interest schedule in : 2087 milliseconds
1605046899.370551  INFO: [ndnsd.Tools.Reload] Sending reload interest: /ndnsd/p1/service-info/reload/1605046899370505639%20nanoseconds%20since%20Jan%201%2C%201970?MustBeFresh
1605046899.372441  INFO: [ndnsd.Tools.Reload] Update SuccessfulName: /ndnsd/p1/service-info/reload/1605046899370505639%20nanoseconds%20since%20Jan%201%2C%201970
MetaInfo: [ContentType: 0, FreshnessPeriod: 1000 milliseconds]
Content: [17 bytes]
Signature: [type: SignatureSha256WithEcdsa, length: 72]
1605046899.372469 DEBUG: [ndnsd.Tools.Reload] Tentative next interest schedule in : 2004 milliseconds
1605046901.418526  INFO: [ndnsd.Tools.Reload] Sending reload interest: /ndnsd/p1/service-info/reload/1605046901418457713%20nanoseconds%20since%20Jan%201%2C%201970?MustBeFresh
1605046901.421364  INFO: [ndnsd.Tools.Reload] Update SuccessfulName: /ndnsd/p1/service-info/reload/1605046901418457713%20nanoseconds%20since%20Jan%201%2C%201970
MetaInfo: [ContentType: 0, FreshnessPeriod: 1000 milliseconds]
Content: [17 bytes]
Signature: [type: SignatureSha256WithEcdsa, length: 71]
1605046901.421396 DEBUG: [ndnsd.Tools.Reload] Tentative next interest schedule in : 2068 milliseconds
1605046903.499736  INFO: [ndnsd.Tools.Reload] Sending reload interest: /ndnsd/p1/service-info/reload/1605046903499690751%20nanoseconds%20since%20Jan%201%2C%201970?MustBeFresh
1605046903.501634  INFO: [ndnsd.Tools.Reload] Update SuccessfulName: /ndnsd/p1/service-info/reload/1605046903499690751%20nanoseconds%20since%20Jan%201%2C%201970
MetaInfo: [ContentType: 0, FreshnessPeriod: 1000 milliseconds]
Content: [17 bytes]
Signature: [type: SignatureSha256WithEcdsa, length: 71]
1605046903.501679 DEBUG: [ndnsd.Tools.Reload] Tentative next interest schedule in : 2069 milliseconds
1605046905.576435  INFO: [ndnsd.Tools.Reload] Sending reload interest: /ndnsd/p1/service-info/reload/1605046905576370681%20nanoseconds%20since%20Jan%201%2C%201970?MustBeFresh
1605046905.578470  INFO: [ndnsd.Tools.Reload] Update SuccessfulName: /ndnsd/p1/service-info/reload/1605046905576370681%20nanoseconds%20since%20Jan%201%2C%201970
MetaInfo: [ContentType: 0, FreshnessPeriod: 1000 milliseconds]
Content: [17 bytes]
Signature: [type: SignatureSha256WithEcdsa, length: 71]
1605046905.578499 DEBUG: [ndnsd.Tools.Reload] Tentative next interest schedule in : 2046 milliseconds
1605046907.652712  INFO: [ndnsd.Tools.Reload] Sending reload interest: /ndnsd/p1/service-info/reload/1605046907652565418%20nanoseconds%20since%20Jan%201%2C%201970?MustBeFresh
1605046907.655260  INFO: [ndnsd.Tools.Reload] Update SuccessfulName: /ndnsd/p1/service-info/reload/1605046907652565418%20nanoseconds%20since%20Jan%201%2C%201970
MetaInfo: [ContentType: 0, FreshnessPeriod: 1000 milliseconds]
Content: [17 bytes]
Signature: [type: SignatureSha256WithEcdsa, length: 71]
1605046907.655290 DEBUG: [ndnsd.Tools.Reload] Tentative next interest schedule in : 2068 milliseconds
1605046909.723705  INFO: [ndnsd.Tools.Reload] Sending reload interest: /ndnsd/p1/service-info/reload/1605046909723599491%20nanoseconds%20since%20Jan%201%2C%201970?MustBeFresh
1605046909.725190  INFO: [ndnsd.Tools.Reload] Update SuccessfulName: /ndnsd/p1/service-info/reload/1605046909723599491%20nanoseconds%20since%20Jan%201%2C%201970
MetaInfo: [ContentType: 0, FreshnessPeriod: 1000 milliseconds]
Content: [17 bytes]
Signature: [type: SignatureSha256WithEcdsa, length: 71]
1605046909.725219 DEBUG: [ndnsd.Tools.Reload] Tentative next interest schedule in : 2017 milliseconds
1605046911.762359  INFO: [ndnsd.Tools.Reload] Sending reload interest: /ndnsd/p1/service-info/reload/1605046911762313103%20nanoseconds%20since%20Jan%201%2C%201970?MustBeFresh
1605046911.763991  INFO: [ndnsd.Tools.Reload] Update SuccessfulName: /ndnsd/p1/service-info/reload/1605046911762313103%20nanoseconds%20since%20Jan%201%2C%201970
MetaInfo: [ContentType: 0, FreshnessPeriod: 1000 milliseconds]
Content: [17 bytes]
Signature: [type: SignatureSha256WithEcdsa, length: 70]
1605046911.764022 DEBUG: [ndnsd.Tools.Reload] Tentative next interest schedule in : 2073 milliseconds
1605046913.857886  INFO: [ndnsd.Tools.Reload] Sending reload interest: /ndnsd/p1/service-info/reload/1605046913857793419%20nanoseconds%20since%20Jan%201%2C%201970?MustBeFresh
1605046913.859747  INFO: [ndnsd.Tools.Reload] Update SuccessfulName: /ndnsd/p1/service-info/reload/1605046913857793419%20nanoseconds%20since%20Jan%201%2C%201970
MetaInfo: [ContentType: 0, FreshnessPeriod: 1000 milliseconds]
Content: [17 bytes]
Signature: [type: SignatureSha256WithEcdsa, length: 71]
1605046913.859773 DEBUG: [ndnsd.Tools.Reload] Tentative next interest schedule in : 2086 milliseconds
1605046915.959324  INFO: [ndnsd.Tools.Reload] Sending reload interest: /ndnsd/p1/service-info/reload/1605046915959271936%20nanoseconds%20since%20Jan%201%2C%201970?MustBeFresh
1605046915.961317  INFO: [ndnsd.Tools.Reload] Update SuccessfulName: /ndnsd/p1/service-info/reload/1605046915959271936%20nanoseconds%20since%20Jan%201%2C%201970
MetaInfo: [ContentType: 0, FreshnessPeriod: 1000 milliseconds]
Content: [17 bytes]
Signature: [type: SignatureSha256WithEcdsa, length: 71]
1605046915.961351 DEBUG: [ndnsd.Tools.Reload] Tentative next interest schedule in : 1996 milliseconds
1605046918.081563  INFO: [ndnsd.Tools.Reload] Sending reload interest: /ndnsd/p1/service-info/reload/1605046918081512896%20nanoseconds%20since%20Jan%201%2C%201970?MustBeFresh
1605046918.083687  INFO: [ndnsd.Tools.Reload] Update SuccessfulName: /ndnsd/p1/service-info/reload/1605046918081512896%20nanoseconds%20since%20Jan%201%2C%201970
MetaInfo: [ContentType: 0, FreshnessPeriod: 1000 milliseconds]
Content: [17 bytes]
Signature: [type: SignatureSha256WithEcdsa, length: 70]
1605046918.083719 DEBUG: [ndnsd.Tools.Reload] Tentative next interest schedule in : 2067 milliseconds
1605046920.171909  INFO: [ndnsd.Tools.Reload] Sending reload interest: /ndnsd/p1/service-info/reload/1605046920171860531%20nanoseconds%20since%20Jan%201%2C%201970?MustBeFresh
1605046920.173858  INFO: [ndnsd.Tools.Reload] Update SuccessfulName: /ndnsd/p1/service-info/reload/1605046920171860531%20nanoseconds%20since%20Jan%201%2C%201970
MetaInfo: [ContentType: 0, FreshnessPeriod: 1000 milliseconds]
Content: [17 bytes]
Signature: [type: SignatureSha256WithEcdsa, length: 72]
1605046920.173884 DEBUG: [ndnsd.Tools.Reload] Tentative next interest schedule in : 2071 milliseconds
1605046922.251563  INFO: [ndnsd.Tools.Reload] Sending reload interest: /ndnsd/p1/service-info/reload/1605046922251505687%20nanoseconds%20since%20Jan%201%2C%201970?MustBeFresh
1605046922.253641  INFO: [ndnsd.Tools.Reload] Update SuccessfulName: /ndnsd/p1/service-info/reload/1605046922251505687%20nanoseconds%20since%20Jan%201%2C%201970
MetaInfo: [ContentType: 0, FreshnessPeriod: 1000 milliseconds]
Content: [17 bytes]
Signature: [type: SignatureSha256WithEcdsa, length: 71]
1605046922.253676 DEBUG: [ndnsd.Tools.Reload] Tentative next interest schedule in : 2017 milliseconds
1605046924.277451  INFO: [ndnsd.Tools.Reload] Sending reload interest: /ndnsd/p1/service-info/reload/1605046924277398462%20nanoseconds%20since%20Jan%201%2C%201970?MustBeFresh
1605046924.279835  INFO: [ndnsd.Tools.Reload] Update SuccessfulName: /ndnsd/p1/service-info/reload/1605046924277398462%20nanoseconds%20since%20Jan%201%2C%201970
MetaInfo: [ContentType: 0, FreshnessPeriod: 1000 milliseconds]
Content: [17 bytes]
Signature: [type: SignatureSha256WithEcdsa, length: 71]
1605046924.279878 DEBUG: [ndnsd.Tools.Reload] Tentative next interest schedule in : 2086 milliseconds
1605046926.403211  INFO: [ndnsd.Tools.Reload] Sending reload interest: /ndnsd/p1/service-info/reload/1605046926403160369%20nanoseconds%20since%20Jan%201%2C%201970?MustBeFresh
1605046926.405704  INFO: [ndnsd.Tools.Reload] Update SuccessfulName: /ndnsd/p1/service-info/reload/1605046926403160369%20nanoseconds%20since%20Jan%201%2C%201970
MetaInfo: [ContentType: 0, FreshnessPeriod: 1000 milliseconds]
Content: [17 bytes]
Signature: [type: SignatureSha256WithEcdsa, length: 71]
1605046926.405741 DEBUG: [ndnsd.Tools.Reload] Tentative next interest schedule in : 2014 milliseconds
1605046928.430281  INFO: [ndnsd.Tools.Reload] Sending reload interest: /ndnsd/p1/service-info/reload/1605046928430236080%20nanoseconds%20since%20Jan%201%2C%201970?MustBeFresh
1605046928.431716  INFO: [ndnsd.Tools.Reload] Update SuccessfulName: /ndnsd/p1/service-info/reload/1605046928430236080%20nanoseconds%20since%20Jan%201%2C%201970
MetaInfo: [ContentType: 0, FreshnessPeriod: 1000 milliseconds]
Content: [17 bytes]
Signature: [type: SignatureSha256WithEcdsa, length: 72]
1605046928.431742 DEBUG: [ndnsd.Tools.Reload] Tentative next interest schedule in : 2034 milliseconds
1605046930.475882  INFO: [ndnsd.Tools.Reload] Sending reload interest: /ndnsd/p1/service-info/reload/1605046930475834903%20nanoseconds%20since%20Jan%201%2C%201970?MustBeFresh
1605046930.477524  INFO: [ndnsd.Tools.Reload] Update SuccessfulName: /ndnsd/p1/service-info/reload/1605046930475834903%20nanoseconds%20since%20Jan%201%2C%201970
MetaInfo: [ContentType: 0, FreshnessPeriod: 1000 milliseconds]
Content: [17 bytes]
Signature: [type: SignatureSha256WithEcdsa, length: 71]
1605046930.477554 DEBUG: [ndnsd.Tools.Reload] Tentative next interest schedule in : 2039 milliseconds
1605046932.553031  INFO: [ndnsd.Tools.Reload] Sending reload interest: /ndnsd/p1/service-info/reload/1605046932552981532%20nanoseconds%20since%20Jan%201%2C%201970?MustBeFresh
1605046932.554551  INFO: [ndnsd.Tools.Reload] Update SuccessfulName: /ndnsd/p1/service-info/reload/1605046932552981532%20nanoseconds%20since%20Jan%201%2C%201970
MetaInfo: [ContentType: 0, FreshnessPeriod: 1000 milliseconds]
Content: [17 bytes]
Signature: [type: SignatureSha256WithEcdsa, length: 70]
1605046932.554579 DEBUG: [ndnsd.Tools.Reload] Tentative next interest schedule in : 2050 milliseconds
1605046934.645895  INFO: [ndnsd.Tools.Reload] Sending reload interest: /ndnsd/p1/service-info/reload/1605046934645780542%20nanoseconds%20since%20Jan%201%2C%201970?MustBeFresh
1605046934.647764  INFO: [ndnsd.Tools.Reload] Update SuccessfulName: /ndnsd/p1/service-info/reload/1605046934645780542%20nanoseconds%20since%20Jan%201%2C%201970
MetaInfo: [ContentType: 0, FreshnessPeriod: 1000 milliseconds]
Content: [17 bytes]
Signature: [type: SignatureSha256WithEcdsa, length: 71]
1605046934.647794 DEBUG: [ndnsd.Tools.Reload] Tentative next interest schedule in : 2046 milliseconds
1605046936.744066  INFO: [ndnsd.Tools.Reload] Sending reload interest: /ndnsd/p1/service-info/reload/1605046936744015063%20nanoseconds%20since%20Jan%201%2C%201970?MustBeFresh
1605046936.745994  INFO: [ndnsd.Tools.Reload] Update SuccessfulName: /ndnsd/p1/service-info/reload/1605046936744015063%20nanoseconds%20since%20Jan%201%2C%201970
MetaInfo: [ContentType: 0, FreshnessPeriod: 1000 milliseconds]
Content: [17 bytes]
Signature: [type: SignatureSha256WithEcdsa, length: 71]
1605046936.746026 DEBUG: [ndnsd.Tools.Reload] Tentative next interest schedule in : 2054 milliseconds
1605046938.800163  INFO: [ndnsd.Tools.Reload] Sending reload interest: /ndnsd/p1/service-info/reload/1605046938800116574%20nanoseconds%20since%20Jan%201%2C%201970?MustBeFresh
1605046938.801770  INFO: [ndnsd.Tools.Reload] Update SuccessfulName: /ndnsd/p1/service-info/reload/1605046938800116574%20nanoseconds%20since%20Jan%201%2C%201970
MetaInfo: [ContentType: 0, FreshnessPeriod: 1000 milliseconds]
Content: [17 bytes]
Signature: [type: SignatureSha256WithEcdsa, length: 71]
1605046938.801799 DEBUG: [ndnsd.Tools.Reload] Tentative next interest schedule in : 2071 milliseconds
1605046940.902977  INFO: [ndnsd.Tools.Reload] Sending reload interest: /ndnsd/p1/service-info/reload/1605046940902928751%20nanoseconds%20since%20Jan%201%2C%201970?MustBeFresh
1605046940.904887  INFO: [ndnsd.Tools.Reload] Update SuccessfulName: /ndnsd/p1/service-info/reload/1605046940902928751%20nanoseconds%20since%20Jan%201%2C%201970
MetaInfo: [ContentType: 0, FreshnessPeriod: 1000 milliseconds]
Content: [17 bytes]
Signature: [type: SignatureSha256WithEcdsa, length: 71]
1605046940.904958 DEBUG: [ndnsd.Tools.Reload] Tentative next interest schedule in : 2062 milliseconds
1605046942.967322  INFO: [ndnsd.Tools.Reload] Sending reload interest: /ndnsd/p1/service-info/reload/1605046942967271384%20nanoseconds%20since%20Jan%201%2C%201970?MustBeFresh
1605046942.969295  INFO: [ndnsd.Tools.Reload] Update SuccessfulName: /ndnsd/p1/service-info/reload/1605046942967271384%20nanoseconds%20since%20Jan%201%2C%201970
MetaInfo: [ContentType: 0, FreshnessPeriod: 1000 milliseconds]
Content: [17 bytes]
Signature: [type: SignatureSha256WithEcdsa, length: 70]
1605046942.969327 DEBUG: [ndnsd.Tools.Reload] Tentative next interest schedule in : 2053 milliseconds
1605046945.116883  INFO: [ndnsd.Tools.Reload] Sending reload interest: /ndnsd/p1/service-info/reload/1605046945116832452%20nanoseconds%20since%20Jan%201%2C%201970?MustBeFresh
1605046945.120690  INFO: [ndnsd.Tools.Reload] Update SuccessfulName: /ndnsd/p1/service-info/reload/1605046945116832452%20nanoseconds%20since%20Jan%201%2C%201970
MetaInfo: [ContentType: 0, FreshnessPeriod: 1000 milliseconds]
Content: [17 bytes]
Signature: [type: SignatureSha256WithEcdsa, length: 71]
1605046945.120729 DEBUG: [ndnsd.Tools.Reload] Tentative next interest schedule in : 2082 milliseconds
1605046947.204111  INFO: [ndnsd.Tools.Reload] Sending reload interest: /ndnsd/p1/service-info/reload/1605046947204061497%20nanoseconds%20since%20Jan%201%2C%201970?MustBeFresh
1605046947.205802  INFO: [ndnsd.Tools.Reload] Update SuccessfulName: /ndnsd/p1/service-info/reload/1605046947204061497%20nanoseconds%20since%20Jan%201%2C%201970
MetaInfo: [ContentType: 0, FreshnessPeriod: 1000 milliseconds]
Content: [17 bytes]
Signature: [type: SignatureSha256WithEcdsa, length: 70]
1605046947.205832 DEBUG: [ndnsd.Tools.Reload] Tentative next interest schedule in : 2026 milliseconds
1605046949.237111  INFO: [ndnsd.Tools.Reload] Sending reload interest: /ndnsd/p1/service-info/reload/1605046949237066160%20nanoseconds%20since%20Jan%201%2C%201970?MustBeFresh
1605046949.238686  INFO: [ndnsd.Tools.Reload] Update SuccessfulName: /ndnsd/p1/service-info/reload/1605046949237066160%20nanoseconds%20since%20Jan%201%2C%201970
MetaInfo: [ContentType: 0, FreshnessPeriod: 1000 milliseconds]
Content: [17 bytes]
Signature: [type: SignatureSha256WithEcdsa, length: 72]
1605046949.238719 DEBUG: [ndnsd.Tools.Reload] Tentative next interest schedule in : 2065 milliseconds
1605046951.305967  INFO: [ndnsd.Tools.Reload] Sending reload interest: /ndnsd/p1/service-info/reload/1605046951305921031%20nanoseconds%20since%20Jan%201%2C%201970?MustBeFresh
1605046951.307519  INFO: [ndnsd.Tools.Reload] Update SuccessfulName: /ndnsd/p1/service-info/reload/1605046951305921031%20nanoseconds%20since%20Jan%201%2C%201970
MetaInfo: [ContentType: 0, FreshnessPeriod: 1000 milliseconds]
Content: [17 bytes]
Signature: [type: SignatureSha256WithEcdsa, length: 71]
1605046951.307570 DEBUG: [ndnsd.Tools.Reload] Tentative next interest schedule in : 2041 milliseconds
1605046953.355496  INFO: [ndnsd.Tools.Reload] Sending reload interest: /ndnsd/p1/service-info/reload/1605046953355446284%20nanoseconds%20since%20Jan%201%2C%201970?MustBeFresh
1605046953.357573  INFO: [ndnsd.Tools.Reload] Update SuccessfulName: /ndnsd/p1/service-info/reload/1605046953355446284%20nanoseconds%20since%20Jan%201%2C%201970
MetaInfo: [ContentType: 0, FreshnessPeriod: 1000 milliseconds]
Content: [17 bytes]
Signature: [type: SignatureSha256WithEcdsa, length: 70]
1605046953.357605 DEBUG: [ndnsd.Tools.Reload] Tentative next interest schedule in : 2022 milliseconds
1605046955.383832  INFO: [ndnsd.Tools.Reload] Sending reload interest: /ndnsd/p1/service-info/reload/1605046955383778992%20nanoseconds%20since%20Jan%201%2C%201970?MustBeFresh
1605046955.385921  INFO: [ndnsd.Tools.Reload] Update SuccessfulName: /ndnsd/p1/service-info/reload/1605046955383778992%20nanoseconds%20since%20Jan%201%2C%201970
MetaInfo: [ContentType: 0, FreshnessPeriod: 1000 milliseconds]
Content: [17 bytes]
Signature: [type: SignatureSha256WithEcdsa, length: 70]
1605046955.385954 DEBUG: [ndnsd.Tools.Reload] Tentative next interest schedule in : 2038 milliseconds
1605046957.427671  INFO: [ndnsd.Tools.Reload] Sending reload interest: /ndnsd/p1/service-info/reload/1605046957427609774%20nanoseconds%20since%20Jan%201%2C%201970?MustBeFresh
1605046957.429606  INFO: [ndnsd.Tools.Reload] Update SuccessfulName: /ndnsd/p1/service-info/reload/1605046957427609774%20nanoseconds%20since%20Jan%201%2C%201970
MetaInfo: [ContentType: 0, FreshnessPeriod: 1000 milliseconds]
Content: [17 bytes]
Signature: [type: SignatureSha256WithEcdsa, length: 70]
1605046957.429636 DEBUG: [ndnsd.Tools.Reload] Tentative next interest schedule in : 2049 milliseconds
1605046959.483489  INFO: [ndnsd.Tools.Reload] Sending reload interest: /ndnsd/p1/service-info/reload/1605046959483439383%20nanoseconds%20since%20Jan%201%2C%201970?MustBeFresh
1605046959.485396  INFO: [ndnsd.Tools.Reload] Update SuccessfulName: /ndnsd/p1/service-info/reload/1605046959483439383%20nanoseconds%20since%20Jan%201%2C%201970
MetaInfo: [ContentType: 0, FreshnessPeriod: 1000 milliseconds]
Content: [17 bytes]
Signature: [type: SignatureSha256WithEcdsa, length: 72]
1605046959.485428 DEBUG: [ndnsd.Tools.Reload] Tentative next interest schedule in : 2050 milliseconds
1605046961.543265  INFO: [ndnsd.Tools.Reload] Sending reload interest: /ndnsd/p1/service-info/reload/1605046961543191401%20nanoseconds%20since%20Jan%201%2C%201970?MustBeFresh
1605046961.545013  INFO: [ndnsd.Tools.Reload] Update SuccessfulName: /ndnsd/p1/service-info/reload/1605046961543191401%20nanoseconds%20since%20Jan%201%2C%201970
MetaInfo: [ContentType: 0, FreshnessPeriod: 1000 milliseconds]
Content: [17 bytes]
Signature: [type: SignatureSha256WithEcdsa, length: 70]
1605046961.545053 DEBUG: [ndnsd.Tools.Reload] Tentative next interest schedule in : 2024 milliseconds
1605046963.576239  INFO: [ndnsd.Tools.Reload] Sending reload interest: /ndnsd/p1/service-info/reload/1605046963576189483%20nanoseconds%20since%20Jan%201%2C%201970?MustBeFresh
1605046963.577816  INFO: [ndnsd.Tools.Reload] Update SuccessfulName: /ndnsd/p1/service-info/reload/1605046963576189483%20nanoseconds%20since%20Jan%201%2C%201970
MetaInfo: [ContentType: 0, FreshnessPeriod: 1000 milliseconds]
Content: [17 bytes]
Signature: [type: SignatureSha256WithEcdsa, length: 71]
1605046963.577852 DEBUG: [ndnsd.Tools.Reload] Tentative next interest schedule in : 2017 milliseconds
1605046965.607486  INFO: [ndnsd.Tools.Reload] Sending reload interest: /ndnsd/p1/service-info/reload/1605046965607410444%20nanoseconds%20since%20Jan%201%2C%201970?MustBeFresh
1605046965.609562  INFO: [ndnsd.Tools.Reload] Update SuccessfulName: /ndnsd/p1/service-info/reload/1605046965607410444%20nanoseconds%20since%20Jan%201%2C%201970
MetaInfo: [ContentType: 0, FreshnessPeriod: 1000 milliseconds]
Content: [17 bytes]
Signature: [type: SignatureSha256WithEcdsa, length: 70]
1605046965.609591 DEBUG: [ndnsd.Tools.Reload] Tentative next interest schedule in : 2063 milliseconds
1605046967.672970  INFO: [ndnsd.Tools.Reload] Sending reload interest: /ndnsd/p1/service-info/reload/1605046967672917055%20nanoseconds%20since%20Jan%201%2C%201970?MustBeFresh
1605046967.674953  INFO: [ndnsd.Tools.Reload] Update SuccessfulName: /ndnsd/p1/service-info/reload/1605046967672917055%20nanoseconds%20since%20Jan%201%2C%201970
MetaInfo: [ContentType: 0, FreshnessPeriod: 1000 milliseconds]
Content: [17 bytes]
Signature: [type: SignatureSha256WithEcdsa, length: 70]
1605046967.674984 DEBUG: [ndnsd.Tools.Reload] Tentative next interest schedule in : 2084 milliseconds
1605046969.759509  INFO: [ndnsd.Tools.Reload] Sending reload interest: /ndnsd/p1/service-info/reload/1605046969759457308%20nanoseconds%20since%20Jan%201%2C%201970?MustBeFresh
1605046969.761387  INFO: [ndnsd.Tools.Reload] Update SuccessfulName: /ndnsd/p1/service-info/reload/1605046969759457308%20nanoseconds%20since%20Jan%201%2C%201970
MetaInfo: [ContentType: 0, FreshnessPeriod: 1000 milliseconds]
Content: [17 bytes]
Signature: [type: SignatureSha256WithEcdsa, length: 71]
1605046969.761417 DEBUG: [ndnsd.Tools.Reload] Tentative next interest schedule in : 1995 milliseconds
1605046971.757566  INFO: [ndnsd.Tools.Reload] Sending reload interest: /ndnsd/p1/service-info/reload/1605046971757497080%20nanoseconds%20since%20Jan%201%2C%201970?MustBeFresh
1605046971.759713  INFO: [ndnsd.Tools.Reload] Update SuccessfulName: /ndnsd/p1/service-info/reload/1605046971757497080%20nanoseconds%20since%20Jan%201%2C%201970
MetaInfo: [ContentType: 0, FreshnessPeriod: 1000 milliseconds]
Content: [17 bytes]
Signature: [type: SignatureSha256WithEcdsa, length: 71]
1605046971.759817 DEBUG: [ndnsd.Tools.Reload] Tentative next interest schedule in : 2009 milliseconds
1605046973.782353  INFO: [ndnsd.Tools.Reload] Sending reload interest: /ndnsd/p1/service-info/reload/1605046973782302510%20nanoseconds%20since%20Jan%201%2C%201970?MustBeFresh
1605046973.784481  INFO: [ndnsd.Tools.Reload] Update SuccessfulName: /ndnsd/p1/service-info/reload/1605046973782302510%20nanoseconds%20since%20Jan%201%2C%201970
MetaInfo: [ContentType: 0, FreshnessPeriod: 1000 milliseconds]
Content: [17 bytes]
Signature: [type: SignatureSha256WithEcdsa, length: 71]
1605046973.784517 DEBUG: [ndnsd.Tools.Reload] Tentative next interest schedule in : 1994 milliseconds
1605046975.842362  INFO: [ndnsd.Tools.Reload] Sending reload interest: /ndnsd/p1/service-info/reload/1605046975842315410%20nanoseconds%20since%20Jan%201%2C%201970?MustBeFresh
1605046975.844653  INFO: [ndnsd.Tools.Reload] Update SuccessfulName: /ndnsd/p1/service-info/reload/1605046975842315410%20nanoseconds%20since%20Jan%201%2C%201970
MetaInfo: [ContentType: 0, FreshnessPeriod: 1000 milliseconds]
Content: [17 bytes]
Signature: [type: SignatureSha256WithEcdsa, length: 70]
1605046975.844703 DEBUG: [ndnsd.Tools.Reload] Tentative next interest schedule in : 2020 milliseconds
1605046977.868727  INFO: [ndnsd.Tools.Reload] Sending reload interest: /ndnsd/p1/service-info/reload/1605046977868674836%20nanoseconds%20since%20Jan%201%2C%201970?MustBeFresh
1605046977.870699  INFO: [ndnsd.Tools.Reload] Update SuccessfulName: /ndnsd/p1/service-info/reload/1605046977868674836%20nanoseconds%20since%20Jan%201%2C%201970
MetaInfo: [ContentType: 0, FreshnessPeriod: 1000 milliseconds]
Content: [17 bytes]
Signature: [type: SignatureSha256WithEcdsa, length: 71]
1605046977.870734 DEBUG: [ndnsd.Tools.Reload] Tentative next interest schedule in : 2079 milliseconds
1605046979.950788  INFO: [ndnsd.Tools.Reload] Sending reload interest: /ndnsd/p1/service-info/reload/1605046979950736894%20nanoseconds%20since%20Jan%201%2C%201970?MustBeFresh
1605046979.953115  INFO: [ndnsd.Tools.Reload] Update SuccessfulName: /ndnsd/p1/service-info/reload/1605046979950736894%20nanoseconds%20since%20Jan%201%2C%201970
MetaInfo: [ContentType: 0, FreshnessPeriod: 1000 milliseconds]
Content: [17 bytes]
Signature: [type: SignatureSha256WithEcdsa, length: 71]
1605046979.953174 DEBUG: [ndnsd.Tools.Reload] Tentative next interest schedule in : 2011 milliseconds
1605046981.993474  INFO: [ndnsd.Tools.Reload] Sending reload interest: /ndnsd/p1/service-info/reload/1605046981993421151%20nanoseconds%20since%20Jan%201%2C%201970?MustBeFresh
1605046981.995219  INFO: [ndnsd.Tools.Reload] Update SuccessfulName: /ndnsd/p1/service-info/reload/1605046981993421151%20nanoseconds%20since%20Jan%201%2C%201970
MetaInfo: [ContentType: 0, FreshnessPeriod: 1000 milliseconds]
Content: [17 bytes]
Signature: [type: SignatureSha256WithEcdsa, length: 71]
1605046981.995267 DEBUG: [ndnsd.Tools.Reload] Tentative next interest schedule in : 2023 milliseconds
1605046984.034498  INFO: [ndnsd.Tools.Reload] Sending reload interest: /ndnsd/p1/service-info/reload/1605046984034387945%20nanoseconds%20since%20Jan%201%2C%201970?MustBeFresh
1605046984.036559  INFO: [ndnsd.Tools.Reload] Update SuccessfulName: /ndnsd/p1/service-info/reload/1605046984034387945%20nanoseconds%20since%20Jan%201%2C%201970
MetaInfo: [ContentType: 0, FreshnessPeriod: 1000 milliseconds]
Content: [17 bytes]
Signature: [type: SignatureSha256WithEcdsa, length: 72]
1605046984.036607 DEBUG: [ndnsd.Tools.Reload] Tentative next interest schedule in : 1996 milliseconds
1605046986.035213  INFO: [ndnsd.Tools.Reload] Sending reload interest: /ndnsd/p1/service-info/reload/1605046986035168333%20nanoseconds%20since%20Jan%201%2C%201970?MustBeFresh
1605046986.036979  INFO: [ndnsd.Tools.Reload] Update SuccessfulName: /ndnsd/p1/service-info/reload/1605046986035168333%20nanoseconds%20since%20Jan%201%2C%201970
MetaInfo: [ContentType: 0, FreshnessPeriod: 1000 milliseconds]
Content: [17 bytes]
Signature: [type: SignatureSha256WithEcdsa, length: 70]
1605046986.037020 DEBUG: [ndnsd.Tools.Reload] Tentative next interest schedule in : 2057 milliseconds
1605046988.231292  INFO: [ndnsd.Tools.Reload] Sending reload interest: /ndnsd/p1/service-info/reload/1605046988231127212%20nanoseconds%20since%20Jan%201%2C%201970?MustBeFresh
1605046988.233037  INFO: [ndnsd.Tools.Reload] Update SuccessfulName: /ndnsd/p1/service-info/reload/1605046988231127212%20nanoseconds%20since%20Jan%201%2C%201970
MetaInfo: [ContentType: 0, FreshnessPeriod: 1000 milliseconds]
Content: [17 bytes]
Signature: [type: SignatureSha256WithEcdsa, length: 70]
1605046988.233089 DEBUG: [ndnsd.Tools.Reload] Tentative next interest schedule in : 2078 milliseconds
1605046990.312237  INFO: [ndnsd.Tools.Reload] Sending reload interest: /ndnsd/p1/service-info/reload/1605046990312171676%20nanoseconds%20since%20Jan%201%2C%201970?MustBeFresh
1605046990.314241  INFO: [ndnsd.Tools.Reload] Update SuccessfulName: /ndnsd/p1/service-info/reload/1605046990312171676%20nanoseconds%20since%20Jan%201%2C%201970
MetaInfo: [ContentType: 0, FreshnessPeriod: 1000 milliseconds]
Content: [17 bytes]
Signature: [type: SignatureSha256WithEcdsa, length: 71]
1605046990.314314 DEBUG: [ndnsd.Tools.Reload] Tentative next interest schedule in : 2016 milliseconds
1605046992.341459  INFO: [ndnsd.Tools.Reload] Sending reload interest: /ndnsd/p1/service-info/reload/1605046992341373294%20nanoseconds%20since%20Jan%201%2C%201970?MustBeFresh
1605046992.343411  INFO: [ndnsd.Tools.Reload] Update SuccessfulName: /ndnsd/p1/service-info/reload/1605046992341373294%20nanoseconds%20since%20Jan%201%2C%201970
MetaInfo: [ContentType: 0, FreshnessPeriod: 1000 milliseconds]
Content: [17 bytes]
Signature: [type: SignatureSha256WithEcdsa, length: 70]
1605046992.343471 DEBUG: [ndnsd.Tools.Reload] Tentative next interest schedule in : 2081 milliseconds
1605046994.426268  INFO: [ndnsd.Tools.Reload] Sending reload interest: /ndnsd/p1/service-info/reload/1605046994426214337%20nanoseconds%20since%20Jan%201%2C%201970?MustBeFresh
1605046994.428080  INFO: [ndnsd.Tools.Reload] Update SuccessfulName: /ndnsd/p1/service-info/reload/1605046994426214337%20nanoseconds%20since%20Jan%201%2C%201970
MetaInfo: [ContentType: 0, FreshnessPeriod: 1000 milliseconds]
Content: [17 bytes]
Signature: [type: SignatureSha256WithEcdsa, length: 71]
1605046994.428119 DEBUG: [ndnsd.Tools.Reload] Tentative next interest schedule in : 2062 milliseconds
1605046996.493952  INFO: [ndnsd.Tools.Reload] Sending reload interest: /ndnsd/p1/service-info/reload/1605046996493889764%20nanoseconds%20since%20Jan%201%2C%201970?MustBeFresh
1605046996.496499  INFO: [ndnsd.Tools.Reload] Update SuccessfulName: /ndnsd/p1/service-info/reload/1605046996493889764%20nanoseconds%20since%20Jan%201%2C%201970
MetaInfo: [ContentType: 0, FreshnessPeriod: 1000 milliseconds]
Content: [17 bytes]
Signature: [type: SignatureSha256WithEcdsa, length: 72]
1605046996.496593 DEBUG: [ndnsd.Tools.Reload] Tentative next interest schedule in : 1990 milliseconds
1605046998.493318  INFO: [ndnsd.Tools.Reload] Sending reload interest: /ndnsd/p1/service-info/reload/1605046998493268691%20nanoseconds%20since%20Jan%201%2C%201970?MustBeFresh
1605046998.495446  INFO: [ndnsd.Tools.Reload] Update SuccessfulName: /ndnsd/p1/service-info/reload/1605046998493268691%20nanoseconds%20since%20Jan%201%2C%201970
MetaInfo: [ContentType: 0, FreshnessPeriod: 1000 milliseconds]
Content: [17 bytes]
Signature: [type: SignatureSha256WithEcdsa, length: 72]
1605046998.495564 DEBUG: [ndnsd.Tools.Reload] Tentative next interest schedule in : 2089 milliseconds
1605047000.590757  INFO: [ndnsd.Tools.Reload] Sending reload interest: /ndnsd/p1/service-info/reload/1605047000590713564%20nanoseconds%20since%20Jan%201%2C%201970?MustBeFresh
1605047000.592506  INFO: [ndnsd.Tools.Reload] Update SuccessfulName: /ndnsd/p1/service-info/reload/1605047000590713564%20nanoseconds%20since%20Jan%201%2C%201970
MetaInfo: [ContentType: 0, FreshnessPeriod: 1000 milliseconds]
Content: [17 bytes]
Signature: [type: SignatureSha256WithEcdsa, length: 71]
1605047000.592546 DEBUG: [ndnsd.Tools.Reload] Tentative next interest schedule in : 2072 milliseconds
1605047002.668480  INFO: [ndnsd.Tools.Reload] Sending reload interest: /ndnsd/p1/service-info/reload/1605047002668376879%20nanoseconds%20since%20Jan%201%2C%201970?MustBeFresh
1605047002.670316  INFO: [ndnsd.Tools.Reload] Update SuccessfulName: /ndnsd/p1/service-info/reload/1605047002668376879%20nanoseconds%20since%20Jan%201%2C%201970
MetaInfo: [ContentType: 0, FreshnessPeriod: 1000 milliseconds]
Content: [17 bytes]
Signature: [type: SignatureSha256WithEcdsa, length: 71]
1605047002.670407 DEBUG: [ndnsd.Tools.Reload] Tentative next interest schedule in : 2020 milliseconds
1605047004.746274  INFO: [ndnsd.Tools.Reload] Sending reload interest: /ndnsd/p1/service-info/reload/1605047004746127880%20nanoseconds%20since%20Jan%201%2C%201970?MustBeFresh
1605047004.748133  INFO: [ndnsd.Tools.Reload] Update SuccessfulName: /ndnsd/p1/service-info/reload/1605047004746127880%20nanoseconds%20since%20Jan%201%2C%201970
MetaInfo: [ContentType: 0, FreshnessPeriod: 1000 milliseconds]
Content: [17 bytes]
Signature: [type: SignatureSha256WithEcdsa, length: 71]
1605047004.748191 DEBUG: [ndnsd.Tools.Reload] Tentative next interest schedule in : 2057 milliseconds
1605047006.824964  INFO: [ndnsd.Tools.Reload] Sending reload interest: /ndnsd/p1/service-info/reload/1605047006824917595%20nanoseconds%20since%20Jan%201%2C%201970?MustBeFresh
1605047006.827303  INFO: [ndnsd.Tools.Reload] Update SuccessfulName: /ndnsd/p1/service-info/reload/1605047006824917595%20nanoseconds%20since%20Jan%201%2C%201970
MetaInfo: [ContentType: 0, FreshnessPeriod: 1000 milliseconds]
Content: [17 bytes]
Signature: [type: SignatureSha256WithEcdsa, length: 71]
1605047006.827413 DEBUG: [ndnsd.Tools.Reload] Tentative next interest schedule in : 2003 milliseconds
1605047008.844981  INFO: [ndnsd.Tools.Reload] Sending reload interest: /ndnsd/p1/service-info/reload/1605047008844931802%20nanoseconds%20since%20Jan%201%2C%201970?MustBeFresh
1605047008.846717  INFO: [ndnsd.Tools.Reload] Update SuccessfulName: /ndnsd/p1/service-info/reload/1605047008844931802%20nanoseconds%20since%20Jan%201%2C%201970
MetaInfo: [ContentType: 0, FreshnessPeriod: 1000 milliseconds]
Content: [17 bytes]
Signature: [type: SignatureSha256WithEcdsa, length: 72]
1605047008.846760 DEBUG: [ndnsd.Tools.Reload] Tentative next interest schedule in : 2038 milliseconds
1605047010.892027  INFO: [ndnsd.Tools.Reload] Sending reload interest: /ndnsd/p1/service-info/reload/1605047010891970339%20nanoseconds%20since%20Jan%201%2C%201970?MustBeFresh
1605047010.894295  INFO: [ndnsd.Tools.Reload] Update SuccessfulName: /ndnsd/p1/service-info/reload/1605047010891970339%20nanoseconds%20since%20Jan%201%2C%201970
MetaInfo: [ContentType: 0, FreshnessPeriod: 1000 milliseconds]
Content: [17 bytes]
Signature: [type: SignatureSha256WithEcdsa, length: 70]
1605047010.894357 DEBUG: [ndnsd.Tools.Reload] Tentative next interest schedule in : 2032 milliseconds
1605047012.928686  INFO: [ndnsd.Tools.Reload] Sending reload interest: /ndnsd/p1/service-info/reload/1605047012928585128%20nanoseconds%20since%20Jan%201%2C%201970?MustBeFresh
1605047012.930650  INFO: [ndnsd.Tools.Reload] Update SuccessfulName: /ndnsd/p1/service-info/reload/1605047012928585128%20nanoseconds%20since%20Jan%201%2C%201970
MetaInfo: [ContentType: 0, FreshnessPeriod: 1000 milliseconds]
Content: [17 bytes]
Signature: [type: SignatureSha256WithEcdsa, length: 71]
1605047012.930707 DEBUG: [ndnsd.Tools.Reload] Tentative next interest schedule in : 2073 milliseconds
