1605047511.362913  INFO: [ndnsd.Tools.Reload] Sending reload interest: /ndnsd/p1/service-info/reload/1605047511362830790%20nanoseconds%20since%20Jan%201%2C%201970?MustBeFresh
1605047511.365328  INFO: [ndnsd.Tools.Reload] Update SuccessfulName: /ndnsd/p1/service-info/reload/1605047511362830790%20nanoseconds%20since%20Jan%201%2C%201970
MetaInfo: [ContentType: 0, FreshnessPeriod: 1000 milliseconds]
Content: [17 bytes]
Signature: [type: SignatureSha256WithEcdsa, length: 71]
1605047511.365363 DEBUG: [ndnsd.Tools.Reload] Tentative next interest schedule in : 2026 milliseconds
1605047513.392045  INFO: [ndnsd.Tools.Reload] Sending reload interest: /ndnsd/p1/service-info/reload/1605047513391984374%20nanoseconds%20since%20Jan%201%2C%201970?MustBeFresh
1605047513.394086  INFO: [ndnsd.Tools.Reload] Update SuccessfulName: /ndnsd/p1/service-info/reload/1605047513391984374%20nanoseconds%20since%20Jan%201%2C%201970
MetaInfo: [ContentType: 0, FreshnessPeriod: 1000 milliseconds]
Content: [17 bytes]
Signature: [type: SignatureSha256WithEcdsa, length: 72]
1605047513.394124 DEBUG: [ndnsd.Tools.Reload] Tentative next interest schedule in : 2001 milliseconds
1605047515.395660  INFO: [ndnsd.Tools.Reload] Sending reload interest: /ndnsd/p1/service-info/reload/1605047515395615772%20nanoseconds%20since%20Jan%201%2C%201970?MustBeFresh
1605047515.397206  INFO: [ndnsd.Tools.Reload] Update SuccessfulName: /ndnsd/p1/service-info/reload/1605047515395615772%20nanoseconds%20since%20Jan%201%2C%201970
MetaInfo: [ContentType: 0, FreshnessPeriod: 1000 milliseconds]
Content: [17 bytes]
Signature: [type: SignatureSha256WithEcdsa, length: 71]
1605047515.397235 DEBUG: [ndnsd.Tools.Reload] Tentative next interest schedule in : 2023 milliseconds
1605047517.420914  INFO: [ndnsd.Tools.Reload] Sending reload interest: /ndnsd/p1/service-info/reload/1605047517420857348%20nanoseconds%20since%20Jan%201%2C%201970?MustBeFresh
1605047517.422502  INFO: [ndnsd.Tools.Reload] Update SuccessfulName: /ndnsd/p1/service-info/reload/1605047517420857348%20nanoseconds%20since%20Jan%201%2C%201970
MetaInfo: [ContentType: 0, FreshnessPeriod: 1000 milliseconds]
Content: [17 bytes]
Signature: [type: SignatureSha256WithEcdsa, length: 71]
1605047517.422548 DEBUG: [ndnsd.Tools.Reload] Tentative next interest schedule in : 2063 milliseconds
1605047519.486233  INFO: [ndnsd.Tools.Reload] Sending reload interest: /ndnsd/p1/service-info/reload/1605047519486172706%20nanoseconds%20since%20Jan%201%2C%201970?MustBeFresh
1605047519.488134  INFO: [ndnsd.Tools.Reload] Update SuccessfulName: /ndnsd/p1/service-info/reload/1605047519486172706%20nanoseconds%20since%20Jan%201%2C%201970
MetaInfo: [ContentType: 0, FreshnessPeriod: 1000 milliseconds]
Content: [17 bytes]
Signature: [type: SignatureSha256WithEcdsa, length: 71]
1605047519.488167 DEBUG: [ndnsd.Tools.Reload] Tentative next interest schedule in : 2054 milliseconds
1605047521.555529  INFO: [ndnsd.Tools.Reload] Sending reload interest: /ndnsd/p1/service-info/reload/1605047521555477492%20nanoseconds%20since%20Jan%201%2C%201970?MustBeFresh
1605047521.557208  INFO: [ndnsd.Tools.Reload] Update SuccessfulName: /ndnsd/p1/service-info/reload/1605047521555477492%20nanoseconds%20since%20Jan%201%2C%201970
MetaInfo: [ContentType: 0, FreshnessPeriod: 1000 milliseconds]
Content: [17 bytes]
Signature: [type: SignatureSha256WithEcdsa, length: 72]
1605047521.557238 DEBUG: [ndnsd.Tools.Reload] Tentative next interest schedule in : 2060 milliseconds
1605047523.632514  INFO: [ndnsd.Tools.Reload] Sending reload interest: /ndnsd/p1/service-info/reload/1605047523632463009%20nanoseconds%20since%20Jan%201%2C%201970?MustBeFresh
1605047523.634282  INFO: [ndnsd.Tools.Reload] Update SuccessfulName: /ndnsd/p1/service-info/reload/1605047523632463009%20nanoseconds%20since%20Jan%201%2C%201970
MetaInfo: [ContentType: 0, FreshnessPeriod: 1000 milliseconds]
Content: [17 bytes]
Signature: [type: SignatureSha256WithEcdsa, length: 71]
1605047523.634320 DEBUG: [ndnsd.Tools.Reload] Tentative next interest schedule in : 2033 milliseconds
1605047525.667958  INFO: [ndnsd.Tools.Reload] Sending reload interest: /ndnsd/p1/service-info/reload/1605047525667925226%20nanoseconds%20since%20Jan%201%2C%201970?MustBeFresh
1605047525.669619  INFO: [ndnsd.Tools.Reload] Update SuccessfulName: /ndnsd/p1/service-info/reload/1605047525667925226%20nanoseconds%20since%20Jan%201%2C%201970
MetaInfo: [ContentType: 0, FreshnessPeriod: 1000 milliseconds]
Content: [17 bytes]
Signature: [type: SignatureSha256WithEcdsa, length: 70]
1605047525.669720 DEBUG: [ndnsd.Tools.Reload] Tentative next interest schedule in : 2088 milliseconds
1605047527.758232  INFO: [ndnsd.Tools.Reload] Sending reload interest: /ndnsd/p1/service-info/reload/1605047527758138525%20nanoseconds%20since%20Jan%201%2C%201970?MustBeFresh
1605047527.760098  INFO: [ndnsd.Tools.Reload] Update SuccessfulName: /ndnsd/p1/service-info/reload/1605047527758138525%20nanoseconds%20since%20Jan%201%2C%201970
MetaInfo: [ContentType: 0, FreshnessPeriod: 1000 milliseconds]
Content: [17 bytes]
Signature: [type: SignatureSha256WithEcdsa, length: 70]
1605047527.760126 DEBUG: [ndnsd.Tools.Reload] Tentative next interest schedule in : 2049 milliseconds
1605047529.818593  INFO: [ndnsd.Tools.Reload] Sending reload interest: /ndnsd/p1/service-info/reload/1605047529818557759%20nanoseconds%20since%20Jan%201%2C%201970?MustBeFresh
1605047529.820773  INFO: [ndnsd.Tools.Reload] Update SuccessfulName: /ndnsd/p1/service-info/reload/1605047529818557759%20nanoseconds%20since%20Jan%201%2C%201970
MetaInfo: [ContentType: 0, FreshnessPeriod: 1000 milliseconds]
Content: [17 bytes]
Signature: [type: SignatureSha256WithEcdsa, length: 71]
1605047529.820803 DEBUG: [ndnsd.Tools.Reload] Tentative next interest schedule in : 2081 milliseconds
1605047531.902325  INFO: [ndnsd.Tools.Reload] Sending reload interest: /ndnsd/p1/service-info/reload/1605047531902267756%20nanoseconds%20since%20Jan%201%2C%201970?MustBeFresh
1605047531.904453  INFO: [ndnsd.Tools.Reload] Update SuccessfulName: /ndnsd/p1/service-info/reload/1605047531902267756%20nanoseconds%20since%20Jan%201%2C%201970
MetaInfo: [ContentType: 0, FreshnessPeriod: 1000 milliseconds]
Content: [17 bytes]
Signature: [type: SignatureSha256WithEcdsa, length: 71]
1605047531.904489 DEBUG: [ndnsd.Tools.Reload] Tentative next interest schedule in : 2084 milliseconds
1605047533.988598  INFO: [ndnsd.Tools.Reload] Sending reload interest: /ndnsd/p1/service-info/reload/1605047533988555699%20nanoseconds%20since%20Jan%201%2C%201970?MustBeFresh
1605047533.990315  INFO: [ndnsd.Tools.Reload] Update SuccessfulName: /ndnsd/p1/service-info/reload/1605047533988555699%20nanoseconds%20since%20Jan%201%2C%201970
MetaInfo: [ContentType: 0, FreshnessPeriod: 1000 milliseconds]
Content: [17 bytes]
Signature: [type: SignatureSha256WithEcdsa, length: 70]
1605047533.990348 DEBUG: [ndnsd.Tools.Reload] Tentative next interest schedule in : 1998 milliseconds
1605047535.988773  INFO: [ndnsd.Tools.Reload] Sending reload interest: /ndnsd/p1/service-info/reload/1605047535988727613%20nanoseconds%20since%20Jan%201%2C%201970?MustBeFresh
1605047535.990163  INFO: [ndnsd.Tools.Reload] Update SuccessfulName: /ndnsd/p1/service-info/reload/1605047535988727613%20nanoseconds%20since%20Jan%201%2C%201970
MetaInfo: [ContentType: 0, FreshnessPeriod: 1000 milliseconds]
Content: [17 bytes]
Signature: [type: SignatureSha256WithEcdsa, length: 72]
1605047535.990190 DEBUG: [ndnsd.Tools.Reload] Tentative next interest schedule in : 2033 milliseconds
1605047538.024165  INFO: [ndnsd.Tools.Reload] Sending reload interest: /ndnsd/p1/service-info/reload/1605047538024129610%20nanoseconds%20since%20Jan%201%2C%201970?MustBeFresh
1605047538.025732  INFO: [ndnsd.Tools.Reload] Update SuccessfulName: /ndnsd/p1/service-info/reload/1605047538024129610%20nanoseconds%20since%20Jan%201%2C%201970
MetaInfo: [ContentType: 0, FreshnessPeriod: 1000 milliseconds]
Content: [17 bytes]
Signature: [type: SignatureSha256WithEcdsa, length: 70]
1605047538.025779 DEBUG: [ndnsd.Tools.Reload] Tentative next interest schedule in : 2076 milliseconds
1605047540.102122  INFO: [ndnsd.Tools.Reload] Sending reload interest: /ndnsd/p1/service-info/reload/1605047540102071383%20nanoseconds%20since%20Jan%201%2C%201970?MustBeFresh
1605047540.103943  INFO: [ndnsd.Tools.Reload] Update SuccessfulName: /ndnsd/p1/service-info/reload/1605047540102071383%20nanoseconds%20since%20Jan%201%2C%201970
MetaInfo: [ContentType: 0, FreshnessPeriod: 1000 milliseconds]
Content: [17 bytes]
Signature: [type: SignatureSha256WithEcdsa, length: 71]
1605047540.103974 DEBUG: [ndnsd.Tools.Reload] Tentative next interest schedule in : 1994 milliseconds
1605047542.098435  INFO: [ndnsd.Tools.Reload] Sending reload interest: /ndnsd/p1/service-info/reload/1605047542098385556%20nanoseconds%20since%20Jan%201%2C%201970?MustBeFresh
1605047542.100403  INFO: [ndnsd.Tools.Reload] Update SuccessfulName: /ndnsd/p1/service-info/reload/1605047542098385556%20nanoseconds%20since%20Jan%201%2C%201970
MetaInfo: [ContentType: 0, FreshnessPeriod: 1000 milliseconds]
Content: [17 bytes]
Signature: [type: SignatureSha256WithEcdsa, length: 71]
1605047542.100490 DEBUG: [ndnsd.Tools.Reload] Tentative next interest schedule in : 2014 milliseconds
1605047544.115084  INFO: [ndnsd.Tools.Reload] Sending reload interest: /ndnsd/p1/service-info/reload/1605047544115032349%20nanoseconds%20since%20Jan%201%2C%201970?MustBeFresh
1605047544.116969  INFO: [ndnsd.Tools.Reload] Update SuccessfulName: /ndnsd/p1/service-info/reload/1605047544115032349%20nanoseconds%20since%20Jan%201%2C%201970
MetaInfo: [ContentType: 0, FreshnessPeriod: 1000 milliseconds]
Content: [17 bytes]
Signature: [type: SignatureSha256WithEcdsa, length: 72]
1605047544.117000 DEBUG: [ndnsd.Tools.Reload] Tentative next interest schedule in : 2037 milliseconds
1605047546.154189  INFO: [ndnsd.Tools.Reload] Sending reload interest: /ndnsd/p1/service-info/reload/1605047546154150128%20nanoseconds%20since%20Jan%201%2C%201970?MustBeFresh
1605047546.155684  INFO: [ndnsd.Tools.Reload] Update SuccessfulName: /ndnsd/p1/service-info/reload/1605047546154150128%20nanoseconds%20since%20Jan%201%2C%201970
MetaInfo: [ContentType: 0, FreshnessPeriod: 1000 milliseconds]
Content: [17 bytes]
Signature: [type: SignatureSha256WithEcdsa, length: 72]
1605047546.155711 DEBUG: [ndnsd.Tools.Reload] Tentative next interest schedule in : 2054 milliseconds
1605047548.224258  INFO: [ndnsd.Tools.Reload] Sending reload interest: /ndnsd/p1/service-info/reload/1605047548224161578%20nanoseconds%20since%20Jan%201%2C%201970?MustBeFresh
1605047548.226105  INFO: [ndnsd.Tools.Reload] Update SuccessfulName: /ndnsd/p1/service-info/reload/1605047548224161578%20nanoseconds%20since%20Jan%201%2C%201970
MetaInfo: [ContentType: 0, FreshnessPeriod: 1000 milliseconds]
Content: [17 bytes]
Signature: [type: SignatureSha256WithEcdsa, length: 72]
1605047548.226137 DEBUG: [ndnsd.Tools.Reload] Tentative next interest schedule in : 2003 milliseconds
1605047550.230011  INFO: [ndnsd.Tools.Reload] Sending reload interest: /ndnsd/p1/service-info/reload/1605047550229969167%20nanoseconds%20since%20Jan%201%2C%201970?MustBeFresh
1605047550.231610  INFO: [ndnsd.Tools.Reload] Update SuccessfulName: /ndnsd/p1/service-info/reload/1605047550229969167%20nanoseconds%20since%20Jan%201%2C%201970
MetaInfo: [ContentType: 0, FreshnessPeriod: 1000 milliseconds]
Content: [17 bytes]
Signature: [type: SignatureSha256WithEcdsa, length: 71]
1605047550.231637 DEBUG: [ndnsd.Tools.Reload] Tentative next interest schedule in : 1991 milliseconds
1605047552.222921  INFO: [ndnsd.Tools.Reload] Sending reload interest: /ndnsd/p1/service-info/reload/1605047552222874229%20nanoseconds%20since%20Jan%201%2C%201970?MustBeFresh
1605047552.224985  INFO: [ndnsd.Tools.Reload] Update SuccessfulName: /ndnsd/p1/service-info/reload/1605047552222874229%20nanoseconds%20since%20Jan%201%2C%201970
MetaInfo: [ContentType: 0, FreshnessPeriod: 1000 milliseconds]
Content: [17 bytes]
Signature: [type: SignatureSha256WithEcdsa, length: 72]
1605047552.225019 DEBUG: [ndnsd.Tools.Reload] Tentative next interest schedule in : 2023 milliseconds
1605047554.249308  INFO: [ndnsd.Tools.Reload] Sending reload interest: /ndnsd/p1/service-info/reload/1605047554249161436%20nanoseconds%20since%20Jan%201%2C%201970?MustBeFresh
1605047554.255779  INFO: [ndnsd.Tools.Reload] Update SuccessfulName: /ndnsd/p1/service-info/reload/1605047554249161436%20nanoseconds%20since%20Jan%201%2C%201970
MetaInfo: [ContentType: 0, FreshnessPeriod: 1000 milliseconds]
Content: [17 bytes]
Signature: [type: SignatureSha256WithEcdsa, length: 71]
1605047554.255831 DEBUG: [ndnsd.Tools.Reload] Tentative next interest schedule in : 2027 milliseconds
1605047556.283034  INFO: [ndnsd.Tools.Reload] Sending reload interest: /ndnsd/p1/service-info/reload/1605047556282990712%20nanoseconds%20since%20Jan%201%2C%201970?MustBeFresh
1605047556.284686  INFO: [ndnsd.Tools.Reload] Update SuccessfulName: /ndnsd/p1/service-info/reload/1605047556282990712%20nanoseconds%20since%20Jan%201%2C%201970
MetaInfo: [ContentType: 0, FreshnessPeriod: 1000 milliseconds]
Content: [17 bytes]
Signature: [type: SignatureSha256WithEcdsa, length: 71]
1605047556.284713 DEBUG: [ndnsd.Tools.Reload] Tentative next interest schedule in : 2044 milliseconds
1605047558.328903  INFO: [ndnsd.Tools.Reload] Sending reload interest: /ndnsd/p1/service-info/reload/1605047558328850185%20nanoseconds%20since%20Jan%201%2C%201970?MustBeFresh
1605047558.330696  INFO: [ndnsd.Tools.Reload] Update SuccessfulName: /ndnsd/p1/service-info/reload/1605047558328850185%20nanoseconds%20since%20Jan%201%2C%201970
MetaInfo: [ContentType: 0, FreshnessPeriod: 1000 milliseconds]
Content: [17 bytes]
Signature: [type: SignatureSha256WithEcdsa, length: 71]
1605047558.330725 DEBUG: [ndnsd.Tools.Reload] Tentative next interest schedule in : 2069 milliseconds
1605047560.408291  INFO: [ndnsd.Tools.Reload] Sending reload interest: /ndnsd/p1/service-info/reload/1605047560408231966%20nanoseconds%20since%20Jan%201%2C%201970?MustBeFresh
1605047560.409959  INFO: [ndnsd.Tools.Reload] Update SuccessfulName: /ndnsd/p1/service-info/reload/1605047560408231966%20nanoseconds%20since%20Jan%201%2C%201970
MetaInfo: [ContentType: 0, FreshnessPeriod: 1000 milliseconds]
Content: [17 bytes]
Signature: [type: SignatureSha256WithEcdsa, length: 72]
1605047560.409992 DEBUG: [ndnsd.Tools.Reload] Tentative next interest schedule in : 2075 milliseconds
1605047562.485178  INFO: [ndnsd.Tools.Reload] Sending reload interest: /ndnsd/p1/service-info/reload/1605047562485133928%20nanoseconds%20since%20Jan%201%2C%201970?MustBeFresh
1605047562.487188  INFO: [ndnsd.Tools.Reload] Update SuccessfulName: /ndnsd/p1/service-info/reload/1605047562485133928%20nanoseconds%20since%20Jan%201%2C%201970
MetaInfo: [ContentType: 0, FreshnessPeriod: 1000 milliseconds]
Content: [17 bytes]
Signature: [type: SignatureSha256WithEcdsa, length: 71]
1605047562.487218 DEBUG: [ndnsd.Tools.Reload] Tentative next interest schedule in : 2084 milliseconds
1605047564.571456  INFO: [ndnsd.Tools.Reload] Sending reload interest: /ndnsd/p1/service-info/reload/1605047564571396577%20nanoseconds%20since%20Jan%201%2C%201970?MustBeFresh
1605047564.572991  INFO: [ndnsd.Tools.Reload] Update SuccessfulName: /ndnsd/p1/service-info/reload/1605047564571396577%20nanoseconds%20since%20Jan%201%2C%201970
MetaInfo: [ContentType: 0, FreshnessPeriod: 1000 milliseconds]
Content: [17 bytes]
Signature: [type: SignatureSha256WithEcdsa, length: 72]
1605047564.573025 DEBUG: [ndnsd.Tools.Reload] Tentative next interest schedule in : 2068 milliseconds
1605047566.641300  INFO: [ndnsd.Tools.Reload] Sending reload interest: /ndnsd/p1/service-info/reload/1605047566641253987%20nanoseconds%20since%20Jan%201%2C%201970?MustBeFresh
1605047566.643375  INFO: [ndnsd.Tools.Reload] Update SuccessfulName: /ndnsd/p1/service-info/reload/1605047566641253987%20nanoseconds%20since%20Jan%201%2C%201970
MetaInfo: [ContentType: 0, FreshnessPeriod: 1000 milliseconds]
Content: [17 bytes]
Signature: [type: SignatureSha256WithEcdsa, length: 72]
1605047566.643436 DEBUG: [ndnsd.Tools.Reload] Tentative next interest schedule in : 2005 milliseconds
1605047568.654253  INFO: [ndnsd.Tools.Reload] Sending reload interest: /ndnsd/p1/service-info/reload/1605047568654150893%20nanoseconds%20since%20Jan%201%2C%201970?MustBeFresh
1605047568.656384  INFO: [ndnsd.Tools.Reload] Update SuccessfulName: /ndnsd/p1/service-info/reload/1605047568654150893%20nanoseconds%20since%20Jan%201%2C%201970
MetaInfo: [ContentType: 0, FreshnessPeriod: 1000 milliseconds]
Content: [17 bytes]
Signature: [type: SignatureSha256WithEcdsa, length: 72]
1605047568.656415 DEBUG: [ndnsd.Tools.Reload] Tentative next interest schedule in : 2053 milliseconds
1605047570.709708  INFO: [ndnsd.Tools.Reload] Sending reload interest: /ndnsd/p1/service-info/reload/1605047570709658248%20nanoseconds%20since%20Jan%201%2C%201970?MustBeFresh
1605047570.712381  INFO: [ndnsd.Tools.Reload] Update SuccessfulName: /ndnsd/p1/service-info/reload/1605047570709658248%20nanoseconds%20since%20Jan%201%2C%201970
MetaInfo: [ContentType: 0, FreshnessPeriod: 1000 milliseconds]
Content: [17 bytes]
Signature: [type: SignatureSha256WithEcdsa, length: 71]
1605047570.712416 DEBUG: [ndnsd.Tools.Reload] Tentative next interest schedule in : 2018 milliseconds
1605047572.730683  INFO: [ndnsd.Tools.Reload] Sending reload interest: /ndnsd/p1/service-info/reload/1605047572730642352%20nanoseconds%20since%20Jan%201%2C%201970?MustBeFresh
1605047572.732548  INFO: [ndnsd.Tools.Reload] Update SuccessfulName: /ndnsd/p1/service-info/reload/1605047572730642352%20nanoseconds%20since%20Jan%201%2C%201970
MetaInfo: [ContentType: 0, FreshnessPeriod: 1000 milliseconds]
Content: [17 bytes]
Signature: [type: SignatureSha256WithEcdsa, length: 71]
1605047572.732576 DEBUG: [ndnsd.Tools.Reload] Tentative next interest schedule in : 2054 milliseconds
1605047574.796417  INFO: [ndnsd.Tools.Reload] Sending reload interest: /ndnsd/p1/service-info/reload/1605047574796302859%20nanoseconds%20since%20Jan%201%2C%201970?MustBeFresh
1605047574.798057  INFO: [ndnsd.Tools.Reload] Update SuccessfulName: /ndnsd/p1/service-info/reload/1605047574796302859%20nanoseconds%20since%20Jan%201%2C%201970
MetaInfo: [ContentType: 0, FreshnessPeriod: 1000 milliseconds]
Content: [17 bytes]
Signature: [type: SignatureSha256WithEcdsa, length: 71]
1605047574.798090 DEBUG: [ndnsd.Tools.Reload] Tentative next interest schedule in : 2084 milliseconds
1605047576.882229  INFO: [ndnsd.Tools.Reload] Sending reload interest: /ndnsd/p1/service-info/reload/1605047576882182634%20nanoseconds%20since%20Jan%201%2C%201970?MustBeFresh
1605047576.883824  INFO: [ndnsd.Tools.Reload] Update SuccessfulName: /ndnsd/p1/service-info/reload/1605047576882182634%20nanoseconds%20since%20Jan%201%2C%201970
MetaInfo: [ContentType: 0, FreshnessPeriod: 1000 milliseconds]
Content: [17 bytes]
Signature: [type: SignatureSha256WithEcdsa, length: 72]
1605047576.883853 DEBUG: [ndnsd.Tools.Reload] Tentative next interest schedule in : 2011 milliseconds
1605047578.901495  INFO: [ndnsd.Tools.Reload] Sending reload interest: /ndnsd/p1/service-info/reload/1605047578901433125%20nanoseconds%20since%20Jan%201%2C%201970?MustBeFresh
1605047578.903101  INFO: [ndnsd.Tools.Reload] Update SuccessfulName: /ndnsd/p1/service-info/reload/1605047578901433125%20nanoseconds%20since%20Jan%201%2C%201970
MetaInfo: [ContentType: 0, FreshnessPeriod: 1000 milliseconds]
Content: [17 bytes]
Signature: [type: SignatureSha256WithEcdsa, length: 70]
1605047578.903138 DEBUG: [ndnsd.Tools.Reload] Tentative next interest schedule in : 2089 milliseconds
1605047581.005720  INFO: [ndnsd.Tools.Reload] Sending reload interest: /ndnsd/p1/service-info/reload/1605047581005675426%20nanoseconds%20since%20Jan%201%2C%201970?MustBeFresh
1605047581.007784  INFO: [ndnsd.Tools.Reload] Update SuccessfulName: /ndnsd/p1/service-info/reload/1605047581005675426%20nanoseconds%20since%20Jan%201%2C%201970
MetaInfo: [ContentType: 0, FreshnessPeriod: 1000 milliseconds]
Content: [17 bytes]
Signature: [type: SignatureSha256WithEcdsa, length: 71]
1605047581.007820 DEBUG: [ndnsd.Tools.Reload] Tentative next interest schedule in : 2039 milliseconds
1605047583.047179  INFO: [ndnsd.Tools.Reload] Sending reload interest: /ndnsd/p1/service-info/reload/1605047583047133767%20nanoseconds%20since%20Jan%201%2C%201970?MustBeFresh
1605047583.048708  INFO: [ndnsd.Tools.Reload] Update SuccessfulName: /ndnsd/p1/service-info/reload/1605047583047133767%20nanoseconds%20since%20Jan%201%2C%201970
MetaInfo: [ContentType: 0, FreshnessPeriod: 1000 milliseconds]
Content: [17 bytes]
Signature: [type: SignatureSha256WithEcdsa, length: 71]
1605047583.048739 DEBUG: [ndnsd.Tools.Reload] Tentative next interest schedule in : 2060 milliseconds
1605047585.110493  INFO: [ndnsd.Tools.Reload] Sending reload interest: /ndnsd/p1/service-info/reload/1605047585110439646%20nanoseconds%20since%20Jan%201%2C%201970?MustBeFresh
1605047585.114249  INFO: [ndnsd.Tools.Reload] Update SuccessfulName: /ndnsd/p1/service-info/reload/1605047585110439646%20nanoseconds%20since%20Jan%201%2C%201970
MetaInfo: [ContentType: 0, FreshnessPeriod: 1000 milliseconds]
Content: [17 bytes]
Signature: [type: SignatureSha256WithEcdsa, length: 71]
1605047585.114306 DEBUG: [ndnsd.Tools.Reload] Tentative next interest schedule in : 2005 milliseconds
1605047587.120019  INFO: [ndnsd.Tools.Reload] Sending reload interest: /ndnsd/p1/service-info/reload/1605047587119969320%20nanoseconds%20since%20Jan%201%2C%201970?MustBeFresh
1605047587.122092  INFO: [ndnsd.Tools.Reload] Update SuccessfulName: /ndnsd/p1/service-info/reload/1605047587119969320%20nanoseconds%20since%20Jan%201%2C%201970
MetaInfo: [ContentType: 0, FreshnessPeriod: 1000 milliseconds]
Content: [17 bytes]
Signature: [type: SignatureSha256WithEcdsa, length: 71]
1605047587.122124 DEBUG: [ndnsd.Tools.Reload] Tentative next interest schedule in : 2081 milliseconds
1605047589.203671  INFO: [ndnsd.Tools.Reload] Sending reload interest: /ndnsd/p1/service-info/reload/1605047589203605677%20nanoseconds%20since%20Jan%201%2C%201970?MustBeFresh
1605047589.205102  INFO: [ndnsd.Tools.Reload] Update SuccessfulName: /ndnsd/p1/service-info/reload/1605047589203605677%20nanoseconds%20since%20Jan%201%2C%201970
MetaInfo: [ContentType: 0, FreshnessPeriod: 1000 milliseconds]
Content: [17 bytes]
Signature: [type: SignatureSha256WithEcdsa, length: 72]
1605047589.205129 DEBUG: [ndnsd.Tools.Reload] Tentative next interest schedule in : 2042 milliseconds
1605047591.255683  INFO: [ndnsd.Tools.Reload] Sending reload interest: /ndnsd/p1/service-info/reload/1605047591255536400%20nanoseconds%20since%20Jan%201%2C%201970?MustBeFresh
1605047591.258000  INFO: [ndnsd.Tools.Reload] Update SuccessfulName: /ndnsd/p1/service-info/reload/1605047591255536400%20nanoseconds%20since%20Jan%201%2C%201970
MetaInfo: [ContentType: 0, FreshnessPeriod: 1000 milliseconds]
Content: [17 bytes]
Signature: [type: SignatureSha256WithEcdsa, length: 72]
1605047591.258030 DEBUG: [ndnsd.Tools.Reload] Tentative next interest schedule in : 2063 milliseconds
1605047593.321815  INFO: [ndnsd.Tools.Reload] Sending reload interest: /ndnsd/p1/service-info/reload/1605047593321772345%20nanoseconds%20since%20Jan%201%2C%201970?MustBeFresh
1605047593.324193  INFO: [ndnsd.Tools.Reload] Update SuccessfulName: /ndnsd/p1/service-info/reload/1605047593321772345%20nanoseconds%20since%20Jan%201%2C%201970
MetaInfo: [ContentType: 0, FreshnessPeriod: 1000 milliseconds]
Content: [17 bytes]
Signature: [type: SignatureSha256WithEcdsa, length: 72]
1605047593.324219 DEBUG: [ndnsd.Tools.Reload] Tentative next interest schedule in : 2037 milliseconds
1605047595.361695  INFO: [ndnsd.Tools.Reload] Sending reload interest: /ndnsd/p1/service-info/reload/1605047595361636846%20nanoseconds%20since%20Jan%201%2C%201970?MustBeFresh
1605047595.363289  INFO: [ndnsd.Tools.Reload] Update SuccessfulName: /ndnsd/p1/service-info/reload/1605047595361636846%20nanoseconds%20since%20Jan%201%2C%201970
MetaInfo: [ContentType: 0, FreshnessPeriod: 1000 milliseconds]
Content: [17 bytes]
Signature: [type: SignatureSha256WithEcdsa, length: 70]
1605047595.363318 DEBUG: [ndnsd.Tools.Reload] Tentative next interest schedule in : 2011 milliseconds
1605047597.383865  INFO: [ndnsd.Tools.Reload] Sending reload interest: /ndnsd/p1/service-info/reload/1605047597383817656%20nanoseconds%20since%20Jan%201%2C%201970?MustBeFresh
1605047597.385829  INFO: [ndnsd.Tools.Reload] Update SuccessfulName: /ndnsd/p1/service-info/reload/1605047597383817656%20nanoseconds%20since%20Jan%201%2C%201970
MetaInfo: [ContentType: 0, FreshnessPeriod: 1000 milliseconds]
Content: [17 bytes]
Signature: [type: SignatureSha256WithEcdsa, length: 71]
1605047597.385859 DEBUG: [ndnsd.Tools.Reload] Tentative next interest schedule in : 1992 milliseconds
1605047599.378129  INFO: [ndnsd.Tools.Reload] Sending reload interest: /ndnsd/p1/service-info/reload/1605047599378084081%20nanoseconds%20since%20Jan%201%2C%201970?MustBeFresh
1605047599.380029  INFO: [ndnsd.Tools.Reload] Update SuccessfulName: /ndnsd/p1/service-info/reload/1605047599378084081%20nanoseconds%20since%20Jan%201%2C%201970
MetaInfo: [ContentType: 0, FreshnessPeriod: 1000 milliseconds]
Content: [17 bytes]
Signature: [type: SignatureSha256WithEcdsa, length: 72]
1605047599.380059 DEBUG: [ndnsd.Tools.Reload] Tentative next interest schedule in : 2036 milliseconds
1605047601.417672  INFO: [ndnsd.Tools.Reload] Sending reload interest: /ndnsd/p1/service-info/reload/1605047601417620198%20nanoseconds%20since%20Jan%201%2C%201970?MustBeFresh
1605047601.419316  INFO: [ndnsd.Tools.Reload] Update SuccessfulName: /ndnsd/p1/service-info/reload/1605047601417620198%20nanoseconds%20since%20Jan%201%2C%201970
MetaInfo: [ContentType: 0, FreshnessPeriod: 1000 milliseconds]
Content: [17 bytes]
Signature: [type: SignatureSha256WithEcdsa, length: 70]
1605047601.419351 DEBUG: [ndnsd.Tools.Reload] Tentative next interest schedule in : 2083 milliseconds
1605047603.502581  INFO: [ndnsd.Tools.Reload] Sending reload interest: /ndnsd/p1/service-info/reload/1605047603502548664%20nanoseconds%20since%20Jan%201%2C%201970?MustBeFresh
1605047603.504428  INFO: [ndnsd.Tools.Reload] Update SuccessfulName: /ndnsd/p1/service-info/reload/1605047603502548664%20nanoseconds%20since%20Jan%201%2C%201970
MetaInfo: [ContentType: 0, FreshnessPeriod: 1000 milliseconds]
Content: [17 bytes]
Signature: [type: SignatureSha256WithEcdsa, length: 71]
1605047603.504482 DEBUG: [ndnsd.Tools.Reload] Tentative next interest schedule in : 2015 milliseconds
1605047605.521055  INFO: [ndnsd.Tools.Reload] Sending reload interest: /ndnsd/p1/service-info/reload/1605047605521016615%20nanoseconds%20since%20Jan%201%2C%201970?MustBeFresh
1605047605.523133  INFO: [ndnsd.Tools.Reload] Update SuccessfulName: /ndnsd/p1/service-info/reload/1605047605521016615%20nanoseconds%20since%20Jan%201%2C%201970
MetaInfo: [ContentType: 0, FreshnessPeriod: 1000 milliseconds]
Content: [17 bytes]
Signature: [type: SignatureSha256WithEcdsa, length: 70]
1605047605.523165 DEBUG: [ndnsd.Tools.Reload] Tentative next interest schedule in : 2046 milliseconds
1605047607.569338  INFO: [ndnsd.Tools.Reload] Sending reload interest: /ndnsd/p1/service-info/reload/1605047607569286277%20nanoseconds%20since%20Jan%201%2C%201970?MustBeFresh
1605047607.571083  INFO: [ndnsd.Tools.Reload] Update SuccessfulName: /ndnsd/p1/service-info/reload/1605047607569286277%20nanoseconds%20since%20Jan%201%2C%201970
MetaInfo: [ContentType: 0, FreshnessPeriod: 1000 milliseconds]
Content: [17 bytes]
Signature: [type: SignatureSha256WithEcdsa, length: 70]
1605047607.571118 DEBUG: [ndnsd.Tools.Reload] Tentative next interest schedule in : 2000 milliseconds
1605047609.589084  INFO: [ndnsd.Tools.Reload] Sending reload interest: /ndnsd/p1/service-info/reload/1605047609589028538%20nanoseconds%20since%20Jan%201%2C%201970?MustBeFresh
1605047609.592077  INFO: [ndnsd.Tools.Reload] Update SuccessfulName: /ndnsd/p1/service-info/reload/1605047609589028538%20nanoseconds%20since%20Jan%201%2C%201970
MetaInfo: [ContentType: 0, FreshnessPeriod: 1000 milliseconds]
Content: [17 bytes]
Signature: [type: SignatureSha256WithEcdsa, length: 71]
1605047609.592113 DEBUG: [ndnsd.Tools.Reload] Tentative next interest schedule in : 2068 milliseconds
1605047611.662829  INFO: [ndnsd.Tools.Reload] Sending reload interest: /ndnsd/p1/service-info/reload/1605047611662784841%20nanoseconds%20since%20Jan%201%2C%201970?MustBeFresh
1605047611.664428  INFO: [ndnsd.Tools.Reload] Update SuccessfulName: /ndnsd/p1/service-info/reload/1605047611662784841%20nanoseconds%20since%20Jan%201%2C%201970
MetaInfo: [ContentType: 0, FreshnessPeriod: 1000 milliseconds]
Content: [17 bytes]
Signature: [type: SignatureSha256WithEcdsa, length: 71]
1605047611.664457 DEBUG: [ndnsd.Tools.Reload] Tentative next interest schedule in : 2051 milliseconds
1605047613.728032  INFO: [ndnsd.Tools.Reload] Sending reload interest: /ndnsd/p1/service-info/reload/1605047613727991705%20nanoseconds%20since%20Jan%201%2C%201970?MustBeFresh
1605047613.729806  INFO: [ndnsd.Tools.Reload] Update SuccessfulName: /ndnsd/p1/service-info/reload/1605047613727991705%20nanoseconds%20since%20Jan%201%2C%201970
MetaInfo: [ContentType: 0, FreshnessPeriod: 1000 milliseconds]
Content: [17 bytes]
Signature: [type: SignatureSha256WithEcdsa, length: 71]
1605047613.729836 DEBUG: [ndnsd.Tools.Reload] Tentative next interest schedule in : 2018 milliseconds
1605047615.747953  INFO: [ndnsd.Tools.Reload] Sending reload interest: /ndnsd/p1/service-info/reload/1605047615747909029%20nanoseconds%20since%20Jan%201%2C%201970?MustBeFresh
1605047615.750781  INFO: [ndnsd.Tools.Reload] Update SuccessfulName: /ndnsd/p1/service-info/reload/1605047615747909029%20nanoseconds%20since%20Jan%201%2C%201970
MetaInfo: [ContentType: 0, FreshnessPeriod: 1000 milliseconds]
Content: [17 bytes]
Signature: [type: SignatureSha256WithEcdsa, length: 72]
1605047615.750812 DEBUG: [ndnsd.Tools.Reload] Tentative next interest schedule in : 2018 milliseconds
1605047617.768938  INFO: [ndnsd.Tools.Reload] Sending reload interest: /ndnsd/p1/service-info/reload/1605047617768896136%20nanoseconds%20since%20Jan%201%2C%201970?MustBeFresh
1605047617.770518  INFO: [ndnsd.Tools.Reload] Update SuccessfulName: /ndnsd/p1/service-info/reload/1605047617768896136%20nanoseconds%20since%20Jan%201%2C%201970
MetaInfo: [ContentType: 0, FreshnessPeriod: 1000 milliseconds]
Content: [17 bytes]
Signature: [type: SignatureSha256WithEcdsa, length: 70]
1605047617.770550 DEBUG: [ndnsd.Tools.Reload] Tentative next interest schedule in : 2044 milliseconds
1605047619.815045  INFO: [ndnsd.Tools.Reload] Sending reload interest: /ndnsd/p1/service-info/reload/1605047619814957265%20nanoseconds%20since%20Jan%201%2C%201970?MustBeFresh
1605047619.817475  INFO: [ndnsd.Tools.Reload] Update SuccessfulName: /ndnsd/p1/service-info/reload/1605047619814957265%20nanoseconds%20since%20Jan%201%2C%201970
MetaInfo: [ContentType: 0, FreshnessPeriod: 1000 milliseconds]
Content: [17 bytes]
Signature: [type: SignatureSha256WithEcdsa, length: 72]
1605047619.817505 DEBUG: [ndnsd.Tools.Reload] Tentative next interest schedule in : 2054 milliseconds
1605047621.884416  INFO: [ndnsd.Tools.Reload] Sending reload interest: /ndnsd/p1/service-info/reload/1605047621884367445%20nanoseconds%20since%20Jan%201%2C%201970?MustBeFresh
1605047621.886332  INFO: [ndnsd.Tools.Reload] Update SuccessfulName: /ndnsd/p1/service-info/reload/1605047621884367445%20nanoseconds%20since%20Jan%201%2C%201970
MetaInfo: [ContentType: 0, FreshnessPeriod: 1000 milliseconds]
Content: [17 bytes]
Signature: [type: SignatureSha256WithEcdsa, length: 71]
1605047621.886451 DEBUG: [ndnsd.Tools.Reload] Tentative next interest schedule in : 2072 milliseconds
1605047623.958750  INFO: [ndnsd.Tools.Reload] Sending reload interest: /ndnsd/p1/service-info/reload/1605047623958702779%20nanoseconds%20since%20Jan%201%2C%201970?MustBeFresh
1605047623.960678  INFO: [ndnsd.Tools.Reload] Update SuccessfulName: /ndnsd/p1/service-info/reload/1605047623958702779%20nanoseconds%20since%20Jan%201%2C%201970
MetaInfo: [ContentType: 0, FreshnessPeriod: 1000 milliseconds]
Content: [17 bytes]
Signature: [type: SignatureSha256WithEcdsa, length: 71]
1605047623.960712 DEBUG: [ndnsd.Tools.Reload] Tentative next interest schedule in : 2010 milliseconds
1605047625.971420  INFO: [ndnsd.Tools.Reload] Sending reload interest: /ndnsd/p1/service-info/reload/1605047625971317501%20nanoseconds%20since%20Jan%201%2C%201970?MustBeFresh
1605047625.973731  INFO: [ndnsd.Tools.Reload] Update SuccessfulName: /ndnsd/p1/service-info/reload/1605047625971317501%20nanoseconds%20since%20Jan%201%2C%201970
MetaInfo: [ContentType: 0, FreshnessPeriod: 1000 milliseconds]
Content: [17 bytes]
Signature: [type: SignatureSha256WithEcdsa, length: 71]
1605047625.973764 DEBUG: [ndnsd.Tools.Reload] Tentative next interest schedule in : 2019 milliseconds
1605047627.992921  INFO: [ndnsd.Tools.Reload] Sending reload interest: /ndnsd/p1/service-info/reload/1605047627992877985%20nanoseconds%20since%20Jan%201%2C%201970?MustBeFresh
1605047627.994604  INFO: [ndnsd.Tools.Reload] Update SuccessfulName: /ndnsd/p1/service-info/reload/1605047627992877985%20nanoseconds%20since%20Jan%201%2C%201970
MetaInfo: [ContentType: 0, FreshnessPeriod: 1000 milliseconds]
Content: [17 bytes]
Signature: [type: SignatureSha256WithEcdsa, length: 70]
1605047627.994649 DEBUG: [ndnsd.Tools.Reload] Tentative next interest schedule in : 2008 milliseconds
1605047630.004094  INFO: [ndnsd.Tools.Reload] Sending reload interest: /ndnsd/p1/service-info/reload/1605047630003973154%20nanoseconds%20since%20Jan%201%2C%201970?MustBeFresh
1605047630.006304  INFO: [ndnsd.Tools.Reload] Update SuccessfulName: /ndnsd/p1/service-info/reload/1605047630003973154%20nanoseconds%20since%20Jan%201%2C%201970
MetaInfo: [ContentType: 0, FreshnessPeriod: 1000 milliseconds]
Content: [17 bytes]
Signature: [type: SignatureSha256WithEcdsa, length: 71]
1605047630.006349 DEBUG: [ndnsd.Tools.Reload] Tentative next interest schedule in : 2027 milliseconds
1605047632.033587  INFO: [ndnsd.Tools.Reload] Sending reload interest: /ndnsd/p1/service-info/reload/1605047632033541889%20nanoseconds%20since%20Jan%201%2C%201970?MustBeFresh
1605047632.035448  INFO: [ndnsd.Tools.Reload] Update SuccessfulName: /ndnsd/p1/service-info/reload/1605047632033541889%20nanoseconds%20since%20Jan%201%2C%201970
MetaInfo: [ContentType: 0, FreshnessPeriod: 1000 milliseconds]
Content: [17 bytes]
Signature: [type: SignatureSha256WithEcdsa, length: 72]
1605047632.035582 DEBUG: [ndnsd.Tools.Reload] Tentative next interest schedule in : 2016 milliseconds
1605047634.052153  INFO: [ndnsd.Tools.Reload] Sending reload interest: /ndnsd/p1/service-info/reload/1605047634052093886%20nanoseconds%20since%20Jan%201%2C%201970?MustBeFresh
1605047634.054413  INFO: [ndnsd.Tools.Reload] Update SuccessfulName: /ndnsd/p1/service-info/reload/1605047634052093886%20nanoseconds%20since%20Jan%201%2C%201970
MetaInfo: [ContentType: 0, FreshnessPeriod: 1000 milliseconds]
Content: [17 bytes]
Signature: [type: SignatureSha256WithEcdsa, length: 72]
1605047634.054464 DEBUG: [ndnsd.Tools.Reload] Tentative next interest schedule in : 2055 milliseconds
1605047636.109885  INFO: [ndnsd.Tools.Reload] Sending reload interest: /ndnsd/p1/service-info/reload/1605047636109712121%20nanoseconds%20since%20Jan%201%2C%201970?MustBeFresh
1605047636.113499  INFO: [ndnsd.Tools.Reload] Update SuccessfulName: /ndnsd/p1/service-info/reload/1605047636109712121%20nanoseconds%20since%20Jan%201%2C%201970
MetaInfo: [ContentType: 0, FreshnessPeriod: 1000 milliseconds]
Content: [17 bytes]
Signature: [type: SignatureSha256WithEcdsa, length: 71]
1605047636.113639 DEBUG: [ndnsd.Tools.Reload] Tentative next interest schedule in : 2090 milliseconds
1605047638.204013  INFO: [ndnsd.Tools.Reload] Sending reload interest: /ndnsd/p1/service-info/reload/1605047638203976680%20nanoseconds%20since%20Jan%201%2C%201970?MustBeFresh
1605047638.205552  INFO: [ndnsd.Tools.Reload] Update SuccessfulName: /ndnsd/p1/service-info/reload/1605047638203976680%20nanoseconds%20since%20Jan%201%2C%201970
MetaInfo: [ContentType: 0, FreshnessPeriod: 1000 milliseconds]
Content: [17 bytes]
Signature: [type: SignatureSha256WithEcdsa, length: 71]
1605047638.205580 DEBUG: [ndnsd.Tools.Reload] Tentative next interest schedule in : 2061 milliseconds
1605047640.278780  INFO: [ndnsd.Tools.Reload] Sending reload interest: /ndnsd/p1/service-info/reload/1605047640278726020%20nanoseconds%20since%20Jan%201%2C%201970?MustBeFresh
1605047640.280972  INFO: [ndnsd.Tools.Reload] Update SuccessfulName: /ndnsd/p1/service-info/reload/1605047640278726020%20nanoseconds%20since%20Jan%201%2C%201970
MetaInfo: [ContentType: 0, FreshnessPeriod: 1000 milliseconds]
Content: [17 bytes]
Signature: [type: SignatureSha256WithEcdsa, length: 71]
1605047640.281030 DEBUG: [ndnsd.Tools.Reload] Tentative next interest schedule in : 1999 milliseconds
1605047642.280413  INFO: [ndnsd.Tools.Reload] Sending reload interest: /ndnsd/p1/service-info/reload/1605047642280346261%20nanoseconds%20since%20Jan%201%2C%201970?MustBeFresh
1605047642.284073  INFO: [ndnsd.Tools.Reload] Update SuccessfulName: /ndnsd/p1/service-info/reload/1605047642280346261%20nanoseconds%20since%20Jan%201%2C%201970
MetaInfo: [ContentType: 0, FreshnessPeriod: 1000 milliseconds]
Content: [17 bytes]
Signature: [type: SignatureSha256WithEcdsa, length: 71]
1605047642.284120 DEBUG: [ndnsd.Tools.Reload] Tentative next interest schedule in : 2048 milliseconds
1605047644.338287  INFO: [ndnsd.Tools.Reload] Sending reload interest: /ndnsd/p1/service-info/reload/1605047644338243099%20nanoseconds%20since%20Jan%201%2C%201970?MustBeFresh
1605047644.340013  INFO: [ndnsd.Tools.Reload] Update SuccessfulName: /ndnsd/p1/service-info/reload/1605047644338243099%20nanoseconds%20since%20Jan%201%2C%201970
MetaInfo: [ContentType: 0, FreshnessPeriod: 1000 milliseconds]
Content: [17 bytes]
Signature: [type: SignatureSha256WithEcdsa, length: 71]
1605047644.340044 DEBUG: [ndnsd.Tools.Reload] Tentative next interest schedule in : 2069 milliseconds
1605047646.409844  INFO: [ndnsd.Tools.Reload] Sending reload interest: /ndnsd/p1/service-info/reload/1605047646409800790%20nanoseconds%20since%20Jan%201%2C%201970?MustBeFresh
1605047646.411741  INFO: [ndnsd.Tools.Reload] Update SuccessfulName: /ndnsd/p1/service-info/reload/1605047646409800790%20nanoseconds%20since%20Jan%201%2C%201970
MetaInfo: [ContentType: 0, FreshnessPeriod: 1000 milliseconds]
Content: [17 bytes]
Signature: [type: SignatureSha256WithEcdsa, length: 71]
1605047646.411772 DEBUG: [ndnsd.Tools.Reload] Tentative next interest schedule in : 2041 milliseconds
1605047648.453532  INFO: [ndnsd.Tools.Reload] Sending reload interest: /ndnsd/p1/service-info/reload/1605047648453489637%20nanoseconds%20since%20Jan%201%2C%201970?MustBeFresh
1605047648.455344  INFO: [ndnsd.Tools.Reload] Update SuccessfulName: /ndnsd/p1/service-info/reload/1605047648453489637%20nanoseconds%20since%20Jan%201%2C%201970
MetaInfo: [ContentType: 0, FreshnessPeriod: 1000 milliseconds]
Content: [17 bytes]
Signature: [type: SignatureSha256WithEcdsa, length: 71]
1605047648.455379 DEBUG: [ndnsd.Tools.Reload] Tentative next interest schedule in : 2012 milliseconds
1605047650.469493  INFO: [ndnsd.Tools.Reload] Sending reload interest: /ndnsd/p1/service-info/reload/1605047650469445916%20nanoseconds%20since%20Jan%201%2C%201970?MustBeFresh
1605047650.471875  INFO: [ndnsd.Tools.Reload] Update SuccessfulName: /ndnsd/p1/service-info/reload/1605047650469445916%20nanoseconds%20since%20Jan%201%2C%201970
MetaInfo: [ContentType: 0, FreshnessPeriod: 1000 milliseconds]
Content: [17 bytes]
Signature: [type: SignatureSha256WithEcdsa, length: 70]
1605047650.471909 DEBUG: [ndnsd.Tools.Reload] Tentative next interest schedule in : 2052 milliseconds
1605047652.524206  INFO: [ndnsd.Tools.Reload] Sending reload interest: /ndnsd/p1/service-info/reload/1605047652524158338%20nanoseconds%20since%20Jan%201%2C%201970?MustBeFresh
1605047652.526624  INFO: [ndnsd.Tools.Reload] Update SuccessfulName: /ndnsd/p1/service-info/reload/1605047652524158338%20nanoseconds%20since%20Jan%201%2C%201970
MetaInfo: [ContentType: 0, FreshnessPeriod: 1000 milliseconds]
Content: [17 bytes]
Signature: [type: SignatureSha256WithEcdsa, length: 72]
1605047652.526659 DEBUG: [ndnsd.Tools.Reload] Tentative next interest schedule in : 1998 milliseconds
1605047654.527058  INFO: [ndnsd.Tools.Reload] Sending reload interest: /ndnsd/p1/service-info/reload/1605047654526997998%20nanoseconds%20since%20Jan%201%2C%201970?MustBeFresh
1605047654.529537  INFO: [ndnsd.Tools.Reload] Update SuccessfulName: /ndnsd/p1/service-info/reload/1605047654526997998%20nanoseconds%20since%20Jan%201%2C%201970
MetaInfo: [ContentType: 0, FreshnessPeriod: 1000 milliseconds]
Content: [17 bytes]
Signature: [type: SignatureSha256WithEcdsa, length: 71]
1605047654.529570 DEBUG: [ndnsd.Tools.Reload] Tentative next interest schedule in : 2016 milliseconds
1605047656.545689  INFO: [ndnsd.Tools.Reload] Sending reload interest: /ndnsd/p1/service-info/reload/1605047656545645245%20nanoseconds%20since%20Jan%201%2C%201970?MustBeFresh
1605047656.547950  INFO: [ndnsd.Tools.Reload] Update SuccessfulName: /ndnsd/p1/service-info/reload/1605047656545645245%20nanoseconds%20since%20Jan%201%2C%201970
MetaInfo: [ContentType: 0, FreshnessPeriod: 1000 milliseconds]
Content: [17 bytes]
Signature: [type: SignatureSha256WithEcdsa, length: 70]
1605047656.548060 DEBUG: [ndnsd.Tools.Reload] Tentative next interest schedule in : 1999 milliseconds
1605047658.547785  INFO: [ndnsd.Tools.Reload] Sending reload interest: /ndnsd/p1/service-info/reload/1605047658547712084%20nanoseconds%20since%20Jan%201%2C%201970?MustBeFresh
1605047658.549842  INFO: [ndnsd.Tools.Reload] Update SuccessfulName: /ndnsd/p1/service-info/reload/1605047658547712084%20nanoseconds%20since%20Jan%201%2C%201970
MetaInfo: [ContentType: 0, FreshnessPeriod: 1000 milliseconds]
Content: [17 bytes]
Signature: [type: SignatureSha256WithEcdsa, length: 72]
1605047658.549875 DEBUG: [ndnsd.Tools.Reload] Tentative next interest schedule in : 1998 milliseconds
1605047660.548169  INFO: [ndnsd.Tools.Reload] Sending reload interest: /ndnsd/p1/service-info/reload/1605047660548045801%20nanoseconds%20since%20Jan%201%2C%201970?MustBeFresh
1605047660.550154  INFO: [ndnsd.Tools.Reload] Update SuccessfulName: /ndnsd/p1/service-info/reload/1605047660548045801%20nanoseconds%20since%20Jan%201%2C%201970
MetaInfo: [ContentType: 0, FreshnessPeriod: 1000 milliseconds]
Content: [17 bytes]
Signature: [type: SignatureSha256WithEcdsa, length: 70]
1605047660.550262 DEBUG: [ndnsd.Tools.Reload] Tentative next interest schedule in : 2010 milliseconds
1605047662.560940  INFO: [ndnsd.Tools.Reload] Sending reload interest: /ndnsd/p1/service-info/reload/1605047662560882949%20nanoseconds%20since%20Jan%201%2C%201970?MustBeFresh
1605047662.563328  INFO: [ndnsd.Tools.Reload] Update SuccessfulName: /ndnsd/p1/service-info/reload/1605047662560882949%20nanoseconds%20since%20Jan%201%2C%201970
MetaInfo: [ContentType: 0, FreshnessPeriod: 1000 milliseconds]
Content: [17 bytes]
Signature: [type: SignatureSha256WithEcdsa, length: 70]
1605047662.563363 DEBUG: [ndnsd.Tools.Reload] Tentative next interest schedule in : 2039 milliseconds
1605047664.602711  INFO: [ndnsd.Tools.Reload] Sending reload interest: /ndnsd/p1/service-info/reload/1605047664602608203%20nanoseconds%20since%20Jan%201%2C%201970?MustBeFresh
1605047664.604583  INFO: [ndnsd.Tools.Reload] Update SuccessfulName: /ndnsd/p1/service-info/reload/1605047664602608203%20nanoseconds%20since%20Jan%201%2C%201970
MetaInfo: [ContentType: 0, FreshnessPeriod: 1000 milliseconds]
Content: [17 bytes]
Signature: [type: SignatureSha256WithEcdsa, length: 71]
1605047664.604625 DEBUG: [ndnsd.Tools.Reload] Tentative next interest schedule in : 2075 milliseconds
1605047666.681473  INFO: [ndnsd.Tools.Reload] Sending reload interest: /ndnsd/p1/service-info/reload/1605047666681427418%20nanoseconds%20since%20Jan%201%2C%201970?MustBeFresh
1605047666.683333  INFO: [ndnsd.Tools.Reload] Update SuccessfulName: /ndnsd/p1/service-info/reload/1605047666681427418%20nanoseconds%20since%20Jan%201%2C%201970
MetaInfo: [ContentType: 0, FreshnessPeriod: 1000 milliseconds]
Content: [17 bytes]
Signature: [type: SignatureSha256WithEcdsa, length: 71]
1605047666.683382 DEBUG: [ndnsd.Tools.Reload] Tentative next interest schedule in : 2067 milliseconds
1605047668.765753  INFO: [ndnsd.Tools.Reload] Sending reload interest: /ndnsd/p1/service-info/reload/1605047668765711371%20nanoseconds%20since%20Jan%201%2C%201970?MustBeFresh
1605047668.768095  INFO: [ndnsd.Tools.Reload] Update SuccessfulName: /ndnsd/p1/service-info/reload/1605047668765711371%20nanoseconds%20since%20Jan%201%2C%201970
MetaInfo: [ContentType: 0, FreshnessPeriod: 1000 milliseconds]
Content: [17 bytes]
Signature: [type: SignatureSha256WithEcdsa, length: 70]
1605047668.768127 DEBUG: [ndnsd.Tools.Reload] Tentative next interest schedule in : 2081 milliseconds
1605047670.849381  INFO: [ndnsd.Tools.Reload] Sending reload interest: /ndnsd/p1/service-info/reload/1605047670849335524%20nanoseconds%20since%20Jan%201%2C%201970?MustBeFresh
1605047670.851907  INFO: [ndnsd.Tools.Reload] Update SuccessfulName: /ndnsd/p1/service-info/reload/1605047670849335524%20nanoseconds%20since%20Jan%201%2C%201970
MetaInfo: [ContentType: 0, FreshnessPeriod: 1000 milliseconds]
Content: [17 bytes]
Signature: [type: SignatureSha256WithEcdsa, length: 71]
1605047670.851947 DEBUG: [ndnsd.Tools.Reload] Tentative next interest schedule in : 2053 milliseconds
1605047672.905680  INFO: [ndnsd.Tools.Reload] Sending reload interest: /ndnsd/p1/service-info/reload/1605047672905640136%20nanoseconds%20since%20Jan%201%2C%201970?MustBeFresh
1605047672.908564  INFO: [ndnsd.Tools.Reload] Update SuccessfulName: /ndnsd/p1/service-info/reload/1605047672905640136%20nanoseconds%20since%20Jan%201%2C%201970
MetaInfo: [ContentType: 0, FreshnessPeriod: 1000 milliseconds]
Content: [17 bytes]
Signature: [type: SignatureSha256WithEcdsa, length: 71]
1605047672.908596 DEBUG: [ndnsd.Tools.Reload] Tentative next interest schedule in : 2076 milliseconds
1605047674.984867  INFO: [ndnsd.Tools.Reload] Sending reload interest: /ndnsd/p1/service-info/reload/1605047674984814383%20nanoseconds%20since%20Jan%201%2C%201970?MustBeFresh
1605047674.987495  INFO: [ndnsd.Tools.Reload] Update SuccessfulName: /ndnsd/p1/service-info/reload/1605047674984814383%20nanoseconds%20since%20Jan%201%2C%201970
MetaInfo: [ContentType: 0, FreshnessPeriod: 1000 milliseconds]
Content: [17 bytes]
Signature: [type: SignatureSha256WithEcdsa, length: 72]
1605047674.987537 DEBUG: [ndnsd.Tools.Reload] Tentative next interest schedule in : 2069 milliseconds
1605047677.061408  INFO: [ndnsd.Tools.Reload] Sending reload interest: /ndnsd/p1/service-info/reload/1605047677061371064%20nanoseconds%20since%20Jan%201%2C%201970?MustBeFresh
1605047677.062784  INFO: [ndnsd.Tools.Reload] Update SuccessfulName: /ndnsd/p1/service-info/reload/1605047677061371064%20nanoseconds%20since%20Jan%201%2C%201970
MetaInfo: [ContentType: 0, FreshnessPeriod: 1000 milliseconds]
Content: [17 bytes]
Signature: [type: SignatureSha256WithEcdsa, length: 71]
1605047677.062816 DEBUG: [ndnsd.Tools.Reload] Tentative next interest schedule in : 1998 milliseconds
1605047679.061878  INFO: [ndnsd.Tools.Reload] Sending reload interest: /ndnsd/p1/service-info/reload/1605047679061837491%20nanoseconds%20since%20Jan%201%2C%201970?MustBeFresh
1605047679.063444  INFO: [ndnsd.Tools.Reload] Update SuccessfulName: /ndnsd/p1/service-info/reload/1605047679061837491%20nanoseconds%20since%20Jan%201%2C%201970
MetaInfo: [ContentType: 0, FreshnessPeriod: 1000 milliseconds]
Content: [17 bytes]
Signature: [type: SignatureSha256WithEcdsa, length: 71]
1605047679.063473 DEBUG: [ndnsd.Tools.Reload] Tentative next interest schedule in : 2041 milliseconds
1605047681.104738  INFO: [ndnsd.Tools.Reload] Sending reload interest: /ndnsd/p1/service-info/reload/1605047681104694211%20nanoseconds%20since%20Jan%201%2C%201970?MustBeFresh
1605047681.107559  INFO: [ndnsd.Tools.Reload] Update SuccessfulName: /ndnsd/p1/service-info/reload/1605047681104694211%20nanoseconds%20since%20Jan%201%2C%201970
MetaInfo: [ContentType: 0, FreshnessPeriod: 1000 milliseconds]
Content: [17 bytes]
Signature: [type: SignatureSha256WithEcdsa, length: 72]
1605047681.107593 DEBUG: [ndnsd.Tools.Reload] Tentative next interest schedule in : 2010 milliseconds
1605047683.122969  INFO: [ndnsd.Tools.Reload] Sending reload interest: /ndnsd/p1/service-info/reload/1605047683122914709%20nanoseconds%20since%20Jan%201%2C%201970?MustBeFresh
1605047683.131001  INFO: [ndnsd.Tools.Reload] Update SuccessfulName: /ndnsd/p1/service-info/reload/1605047683122914709%20nanoseconds%20since%20Jan%201%2C%201970
MetaInfo: [ContentType: 0, FreshnessPeriod: 1000 milliseconds]
Content: [17 bytes]
Signature: [type: SignatureSha256WithEcdsa, length: 72]
1605047683.131046 DEBUG: [ndnsd.Tools.Reload] Tentative next interest schedule in : 2006 milliseconds
1605047685.139294  INFO: [ndnsd.Tools.Reload] Sending reload interest: /ndnsd/p1/service-info/reload/1605047685139224496%20nanoseconds%20since%20Jan%201%2C%201970?MustBeFresh
1605047685.141933  INFO: [ndnsd.Tools.Reload] Update SuccessfulName: /ndnsd/p1/service-info/reload/1605047685139224496%20nanoseconds%20since%20Jan%201%2C%201970
MetaInfo: [ContentType: 0, FreshnessPeriod: 1000 milliseconds]
Content: [17 bytes]
Signature: [type: SignatureSha256WithEcdsa, length: 72]
1605047685.141965 DEBUG: [ndnsd.Tools.Reload] Tentative next interest schedule in : 2020 milliseconds
1605047687.162665  INFO: [ndnsd.Tools.Reload] Sending reload interest: /ndnsd/p1/service-info/reload/1605047687162440411%20nanoseconds%20since%20Jan%201%2C%201970?MustBeFresh
1605047687.165885  INFO: [ndnsd.Tools.Reload] Update SuccessfulName: /ndnsd/p1/service-info/reload/1605047687162440411%20nanoseconds%20since%20Jan%201%2C%201970
MetaInfo: [ContentType: 0, FreshnessPeriod: 1000 milliseconds]
Content: [17 bytes]
Signature: [type: SignatureSha256WithEcdsa, length: 70]
1605047687.165921 DEBUG: [ndnsd.Tools.Reload] Tentative next interest schedule in : 2022 milliseconds
1605047689.207278  INFO: [ndnsd.Tools.Reload] Sending reload interest: /ndnsd/p1/service-info/reload/1605047689207238788%20nanoseconds%20since%20Jan%201%2C%201970?MustBeFresh
1605047689.208927  INFO: [ndnsd.Tools.Reload] Update SuccessfulName: /ndnsd/p1/service-info/reload/1605047689207238788%20nanoseconds%20since%20Jan%201%2C%201970
MetaInfo: [ContentType: 0, FreshnessPeriod: 1000 milliseconds]
Content: [17 bytes]
Signature: [type: SignatureSha256WithEcdsa, length: 71]
1605047689.208953 DEBUG: [ndnsd.Tools.Reload] Tentative next interest schedule in : 2055 milliseconds
1605047691.264631  INFO: [ndnsd.Tools.Reload] Sending reload interest: /ndnsd/p1/service-info/reload/1605047691264509646%20nanoseconds%20since%20Jan%201%2C%201970?MustBeFresh
1605047691.267262  INFO: [ndnsd.Tools.Reload] Update SuccessfulName: /ndnsd/p1/service-info/reload/1605047691264509646%20nanoseconds%20since%20Jan%201%2C%201970
MetaInfo: [ContentType: 0, FreshnessPeriod: 1000 milliseconds]
Content: [17 bytes]
Signature: [type: SignatureSha256WithEcdsa, length: 70]
1605047691.267303 DEBUG: [ndnsd.Tools.Reload] Tentative next interest schedule in : 1992 milliseconds
1605047693.259416  INFO: [ndnsd.Tools.Reload] Sending reload interest: /ndnsd/p1/service-info/reload/1605047693259376825%20nanoseconds%20since%20Jan%201%2C%201970?MustBeFresh
1605047693.260950  INFO: [ndnsd.Tools.Reload] Update SuccessfulName: /ndnsd/p1/service-info/reload/1605047693259376825%20nanoseconds%20since%20Jan%201%2C%201970
MetaInfo: [ContentType: 0, FreshnessPeriod: 1000 milliseconds]
Content: [17 bytes]
Signature: [type: SignatureSha256WithEcdsa, length: 72]
1605047693.260983 DEBUG: [ndnsd.Tools.Reload] Tentative next interest schedule in : 2036 milliseconds
1605047695.298364  INFO: [ndnsd.Tools.Reload] Sending reload interest: /ndnsd/p1/service-info/reload/1605047695298299250%20nanoseconds%20since%20Jan%201%2C%201970?MustBeFresh
1605047695.300444  INFO: [ndnsd.Tools.Reload] Update SuccessfulName: /ndnsd/p1/service-info/reload/1605047695298299250%20nanoseconds%20since%20Jan%201%2C%201970
MetaInfo: [ContentType: 0, FreshnessPeriod: 1000 milliseconds]
Content: [17 bytes]
Signature: [type: SignatureSha256WithEcdsa, length: 72]
1605047695.300499 DEBUG: [ndnsd.Tools.Reload] Tentative next interest schedule in : 2006 milliseconds
1605047697.313926  INFO: [ndnsd.Tools.Reload] Sending reload interest: /ndnsd/p1/service-info/reload/1605047697313869962%20nanoseconds%20since%20Jan%201%2C%201970?MustBeFresh
1605047697.315652  INFO: [ndnsd.Tools.Reload] Update SuccessfulName: /ndnsd/p1/service-info/reload/1605047697313869962%20nanoseconds%20since%20Jan%201%2C%201970
MetaInfo: [ContentType: 0, FreshnessPeriod: 1000 milliseconds]
Content: [17 bytes]
Signature: [type: SignatureSha256WithEcdsa, length: 70]
1605047697.315687 DEBUG: [ndnsd.Tools.Reload] Tentative next interest schedule in : 1990 milliseconds
1605047699.306038  INFO: [ndnsd.Tools.Reload] Sending reload interest: /ndnsd/p1/service-info/reload/1605047699305992893%20nanoseconds%20since%20Jan%201%2C%201970?MustBeFresh
1605047699.308298  INFO: [ndnsd.Tools.Reload] Update SuccessfulName: /ndnsd/p1/service-info/reload/1605047699305992893%20nanoseconds%20since%20Jan%201%2C%201970
MetaInfo: [ContentType: 0, FreshnessPeriod: 1000 milliseconds]
Content: [17 bytes]
Signature: [type: SignatureSha256WithEcdsa, length: 71]
1605047699.308327 DEBUG: [ndnsd.Tools.Reload] Tentative next interest schedule in : 2024 milliseconds
1605047701.343636  INFO: [ndnsd.Tools.Reload] Sending reload interest: /ndnsd/p1/service-info/reload/1605047701343580063%20nanoseconds%20since%20Jan%201%2C%201970?MustBeFresh
1605047701.345340  INFO: [ndnsd.Tools.Reload] Update SuccessfulName: /ndnsd/p1/service-info/reload/1605047701343580063%20nanoseconds%20since%20Jan%201%2C%201970
MetaInfo: [ContentType: 0, FreshnessPeriod: 1000 milliseconds]
Content: [17 bytes]
Signature: [type: SignatureSha256WithEcdsa, length: 70]
1605047701.345372 DEBUG: [ndnsd.Tools.Reload] Tentative next interest schedule in : 2000 milliseconds
1605047703.349475  INFO: [ndnsd.Tools.Reload] Sending reload interest: /ndnsd/p1/service-info/reload/1605047703349427264%20nanoseconds%20since%20Jan%201%2C%201970?MustBeFresh
1605047703.351489  INFO: [ndnsd.Tools.Reload] Update SuccessfulName: /ndnsd/p1/service-info/reload/1605047703349427264%20nanoseconds%20since%20Jan%201%2C%201970
MetaInfo: [ContentType: 0, FreshnessPeriod: 1000 milliseconds]
Content: [17 bytes]
Signature: [type: SignatureSha256WithEcdsa, length: 71]
1605047703.351544 DEBUG: [ndnsd.Tools.Reload] Tentative next interest schedule in : 2045 milliseconds
1605047705.396735  INFO: [ndnsd.Tools.Reload] Sending reload interest: /ndnsd/p1/service-info/reload/1605047705396685296%20nanoseconds%20since%20Jan%201%2C%201970?MustBeFresh
1605047705.399031  INFO: [ndnsd.Tools.Reload] Update SuccessfulName: /ndnsd/p1/service-info/reload/1605047705396685296%20nanoseconds%20since%20Jan%201%2C%201970
MetaInfo: [ContentType: 0, FreshnessPeriod: 1000 milliseconds]
Content: [17 bytes]
Signature: [type: SignatureSha256WithEcdsa, length: 71]
1605047705.399087 DEBUG: [ndnsd.Tools.Reload] Tentative next interest schedule in : 2000 milliseconds
1605047707.402244  INFO: [ndnsd.Tools.Reload] Sending reload interest: /ndnsd/p1/service-info/reload/1605047707402203210%20nanoseconds%20since%20Jan%201%2C%201970?MustBeFresh
1605047707.404669  INFO: [ndnsd.Tools.Reload] Update SuccessfulName: /ndnsd/p1/service-info/reload/1605047707402203210%20nanoseconds%20since%20Jan%201%2C%201970
MetaInfo: [ContentType: 0, FreshnessPeriod: 1000 milliseconds]
Content: [17 bytes]
Signature: [type: SignatureSha256WithEcdsa, length: 71]
1605047707.404703 DEBUG: [ndnsd.Tools.Reload] Tentative next interest schedule in : 2082 milliseconds
1605047709.486926  INFO: [ndnsd.Tools.Reload] Sending reload interest: /ndnsd/p1/service-info/reload/1605047709486885101%20nanoseconds%20since%20Jan%201%2C%201970?MustBeFresh
1605047709.488783  INFO: [ndnsd.Tools.Reload] Update SuccessfulName: /ndnsd/p1/service-info/reload/1605047709486885101%20nanoseconds%20since%20Jan%201%2C%201970
MetaInfo: [ContentType: 0, FreshnessPeriod: 1000 milliseconds]
Content: [17 bytes]
Signature: [type: SignatureSha256WithEcdsa, length: 71]
1605047709.488813 DEBUG: [ndnsd.Tools.Reload] Tentative next interest schedule in : 2077 milliseconds
1605047711.566261  INFO: [ndnsd.Tools.Reload] Sending reload interest: /ndnsd/p1/service-info/reload/1605047711566166552%20nanoseconds%20since%20Jan%201%2C%201970?MustBeFresh
1605047711.569210  INFO: [ndnsd.Tools.Reload] Update SuccessfulName: /ndnsd/p1/service-info/reload/1605047711566166552%20nanoseconds%20since%20Jan%201%2C%201970
MetaInfo: [ContentType: 0, FreshnessPeriod: 1000 milliseconds]
Content: [17 bytes]
Signature: [type: SignatureSha256WithEcdsa, length: 72]
1605047711.569255 DEBUG: [ndnsd.Tools.Reload] Tentative next interest schedule in : 2005 milliseconds
1605047713.574960  INFO: [ndnsd.Tools.Reload] Sending reload interest: /ndnsd/p1/service-info/reload/1605047713574868557%20nanoseconds%20since%20Jan%201%2C%201970?MustBeFresh
1605047713.577077  INFO: [ndnsd.Tools.Reload] Update SuccessfulName: /ndnsd/p1/service-info/reload/1605047713574868557%20nanoseconds%20since%20Jan%201%2C%201970
MetaInfo: [ContentType: 0, FreshnessPeriod: 1000 milliseconds]
Content: [17 bytes]
Signature: [type: SignatureSha256WithEcdsa, length: 70]
1605047713.577118 DEBUG: [ndnsd.Tools.Reload] Tentative next interest schedule in : 1999 milliseconds
