1605046179.847540  INFO: [ndnsd.Tools.Reload] Sending reload interest: /ndnsd/p2/service-info/reload/1605046179847413755%20nanoseconds%20since%20Jan%201%2C%201970?MustBeFresh
1605046179.849908  INFO: [ndnsd.Tools.Reload] Update SuccessfulName: /ndnsd/p2/service-info/reload/1605046179847413755%20nanoseconds%20since%20Jan%201%2C%201970
MetaInfo: [ContentType: 0, FreshnessPeriod: 1000 milliseconds]
Content: [17 bytes]
Signature: [type: SignatureSha256WithEcdsa, length: 72]
1605046179.849933 DEBUG: [ndnsd.Tools.Reload] Tentative next interest schedule in : 2021 milliseconds
1605046181.871991  INFO: [ndnsd.Tools.Reload] Sending reload interest: /ndnsd/p2/service-info/reload/1605046181871955303%20nanoseconds%20since%20Jan%201%2C%201970?MustBeFresh
1605046181.873440  INFO: [ndnsd.Tools.Reload] Update SuccessfulName: /ndnsd/p2/service-info/reload/1605046181871955303%20nanoseconds%20since%20Jan%201%2C%201970
MetaInfo: [ContentType: 0, FreshnessPeriod: 1000 milliseconds]
Content: [17 bytes]
Signature: [type: SignatureSha256WithEcdsa, length: 72]
1605046181.873461 DEBUG: [ndnsd.Tools.Reload] Tentative next interest schedule in : 2040 milliseconds
1605046183.913942  INFO: [ndnsd.Tools.Reload] Sending reload interest: /ndnsd/p2/service-info/reload/1605046183913906204%20nanoseconds%20since%20Jan%201%2C%201970?MustBeFresh
1605046183.915463  INFO: [ndnsd.Tools.Reload] Update SuccessfulName: /ndnsd/p2/service-info/reload/1605046183913906204%20nanoseconds%20since%20Jan%201%2C%201970
MetaInfo: [ContentType: 0, FreshnessPeriod: 1000 milliseconds]
Content: [17 bytes]
Signature: [type: SignatureSha256WithEcdsa, length: 72]
1605046183.915489 DEBUG: [ndnsd.Tools.Reload] Tentative next interest schedule in : 2067 milliseconds
1605046185.982688  INFO: [ndnsd.Tools.Reload] Sending reload interest: /ndnsd/p2/service-info/reload/1605046185982651286%20nanoseconds%20since%20Jan%201%2C%201970?MustBeFresh
1605046185.984315  INFO: [ndnsd.Tools.Reload] Update SuccessfulName: /ndnsd/p2/service-info/reload/1605046185982651286%20nanoseconds%20since%20Jan%201%2C%201970
MetaInfo: [ContentType: 0, FreshnessPeriod: 1000 milliseconds]
Content: [17 bytes]
Signature: [type: SignatureSha256WithEcdsa, length: 70]
1605046185.984346 DEBUG: [ndnsd.Tools.Reload] Tentative next interest schedule in : 2041 milliseconds
1605046188.025684  INFO: [ndnsd.Tools.Reload] Sending reload interest: /ndnsd/p2/service-info/reload/1605046188025574437%20nanoseconds%20since%20Jan%201%2C%201970?MustBeFresh
1605046188.027933  INFO: [ndnsd.Tools.Reload] Update SuccessfulName: /ndnsd/p2/service-info/reload/1605046188025574437%20nanoseconds%20since%20Jan%201%2C%201970
MetaInfo: [ContentType: 0, FreshnessPeriod: 1000 milliseconds]
Content: [17 bytes]
Signature: [type: SignatureSha256WithEcdsa, length: 72]
1605046188.027964 DEBUG: [ndnsd.Tools.Reload] Tentative next interest schedule in : 2004 milliseconds
1605046190.032451  INFO: [ndnsd.Tools.Reload] Sending reload interest: /ndnsd/p2/service-info/reload/1605046190032401762%20nanoseconds%20since%20Jan%201%2C%201970?MustBeFresh
1605046190.034627  INFO: [ndnsd.Tools.Reload] Update SuccessfulName: /ndnsd/p2/service-info/reload/1605046190032401762%20nanoseconds%20since%20Jan%201%2C%201970
MetaInfo: [ContentType: 0, FreshnessPeriod: 1000 milliseconds]
Content: [17 bytes]
Signature: [type: SignatureSha256WithEcdsa, length: 71]
1605046190.034662 DEBUG: [ndnsd.Tools.Reload] Tentative next interest schedule in : 2000 milliseconds
1605046192.066602  INFO: [ndnsd.Tools.Reload] Sending reload interest: /ndnsd/p2/service-info/reload/1605046192066550999%20nanoseconds%20since%20Jan%201%2C%201970?MustBeFresh
1605046192.068964  INFO: [ndnsd.Tools.Reload] Update SuccessfulName: /ndnsd/p2/service-info/reload/1605046192066550999%20nanoseconds%20since%20Jan%201%2C%201970
MetaInfo: [ContentType: 0, FreshnessPeriod: 1000 milliseconds]
Content: [17 bytes]
Signature: [type: SignatureSha256WithEcdsa, length: 71]
1605046192.069002 DEBUG: [ndnsd.Tools.Reload] Tentative next interest schedule in : 1997 milliseconds
1605046194.080462  INFO: [ndnsd.Tools.Reload] Sending reload interest: /ndnsd/p2/service-info/reload/1605046194080409020%20nanoseconds%20since%20Jan%201%2C%201970?MustBeFresh
1605046194.082655  INFO: [ndnsd.Tools.Reload] Update SuccessfulName: /ndnsd/p2/service-info/reload/1605046194080409020%20nanoseconds%20since%20Jan%201%2C%201970
MetaInfo: [ContentType: 0, FreshnessPeriod: 1000 milliseconds]
Content: [17 bytes]
Signature: [type: SignatureSha256WithEcdsa, length: 70]
1605046194.082688 DEBUG: [ndnsd.Tools.Reload] Tentative next interest schedule in : 2005 milliseconds
1605046196.088308  INFO: [ndnsd.Tools.Reload] Sending reload interest: /ndnsd/p2/service-info/reload/1605046196088270612%20nanoseconds%20since%20Jan%201%2C%201970?MustBeFresh
1605046196.090125  INFO: [ndnsd.Tools.Reload] Update SuccessfulName: /ndnsd/p2/service-info/reload/1605046196088270612%20nanoseconds%20since%20Jan%201%2C%201970
MetaInfo: [ContentType: 0, FreshnessPeriod: 1000 milliseconds]
Content: [17 bytes]
Signature: [type: SignatureSha256WithEcdsa, length: 71]
1605046196.090159 DEBUG: [ndnsd.Tools.Reload] Tentative next interest schedule in : 2054 milliseconds
1605046198.149448  INFO: [ndnsd.Tools.Reload] Sending reload interest: /ndnsd/p2/service-info/reload/1605046198149396056%20nanoseconds%20since%20Jan%201%2C%201970?MustBeFresh
1605046198.151525  INFO: [ndnsd.Tools.Reload] Update SuccessfulName: /ndnsd/p2/service-info/reload/1605046198149396056%20nanoseconds%20since%20Jan%201%2C%201970
MetaInfo: [ContentType: 0, FreshnessPeriod: 1000 milliseconds]
Content: [17 bytes]
Signature: [type: SignatureSha256WithEcdsa, length: 70]
1605046198.151569 DEBUG: [ndnsd.Tools.Reload] Tentative next interest schedule in : 2023 milliseconds
1605046200.178382  INFO: [ndnsd.Tools.Reload] Sending reload interest: /ndnsd/p2/service-info/reload/1605046200178329972%20nanoseconds%20since%20Jan%201%2C%201970?MustBeFresh
1605046200.180431  INFO: [ndnsd.Tools.Reload] Update SuccessfulName: /ndnsd/p2/service-info/reload/1605046200178329972%20nanoseconds%20since%20Jan%201%2C%201970
MetaInfo: [ContentType: 0, FreshnessPeriod: 1000 milliseconds]
Content: [17 bytes]
Signature: [type: SignatureSha256WithEcdsa, length: 70]
1605046200.180463 DEBUG: [ndnsd.Tools.Reload] Tentative next interest schedule in : 1992 milliseconds
1605046202.207886  INFO: [ndnsd.Tools.Reload] Sending reload interest: /ndnsd/p2/service-info/reload/1605046202207835613%20nanoseconds%20since%20Jan%201%2C%201970?MustBeFresh
1605046202.210251  INFO: [ndnsd.Tools.Reload] Update SuccessfulName: /ndnsd/p2/service-info/reload/1605046202207835613%20nanoseconds%20since%20Jan%201%2C%201970
MetaInfo: [ContentType: 0, FreshnessPeriod: 1000 milliseconds]
Content: [17 bytes]
Signature: [type: SignatureSha256WithEcdsa, length: 71]
1605046202.210289 DEBUG: [ndnsd.Tools.Reload] Tentative next interest schedule in : 2028 milliseconds
1605046204.240259  INFO: [ndnsd.Tools.Reload] Sending reload interest: /ndnsd/p2/service-info/reload/1605046204240205592%20nanoseconds%20since%20Jan%201%2C%201970?MustBeFresh
1605046204.242564  INFO: [ndnsd.Tools.Reload] Update SuccessfulName: /ndnsd/p2/service-info/reload/1605046204240205592%20nanoseconds%20since%20Jan%201%2C%201970
MetaInfo: [ContentType: 0, FreshnessPeriod: 1000 milliseconds]
Content: [17 bytes]
Signature: [type: SignatureSha256WithEcdsa, length: 70]
1605046204.242600 DEBUG: [ndnsd.Tools.Reload] Tentative next interest schedule in : 2053 milliseconds
1605046206.297483  INFO: [ndnsd.Tools.Reload] Sending reload interest: /ndnsd/p2/service-info/reload/1605046206297434096%20nanoseconds%20since%20Jan%201%2C%201970?MustBeFresh
1605046206.299706  INFO: [ndnsd.Tools.Reload] Update SuccessfulName: /ndnsd/p2/service-info/reload/1605046206297434096%20nanoseconds%20since%20Jan%201%2C%201970
MetaInfo: [ContentType: 0, FreshnessPeriod: 1000 milliseconds]
Content: [17 bytes]
Signature: [type: SignatureSha256WithEcdsa, length: 72]
1605046206.299755 DEBUG: [ndnsd.Tools.Reload] Tentative next interest schedule in : 2087 milliseconds
1605046208.387647  INFO: [ndnsd.Tools.Reload] Sending reload interest: /ndnsd/p2/service-info/reload/1605046208387610121%20nanoseconds%20since%20Jan%201%2C%201970?MustBeFresh
1605046208.389315  INFO: [ndnsd.Tools.Reload] Update SuccessfulName: /ndnsd/p2/service-info/reload/1605046208387610121%20nanoseconds%20since%20Jan%201%2C%201970
MetaInfo: [ContentType: 0, FreshnessPeriod: 1000 milliseconds]
Content: [17 bytes]
Signature: [type: SignatureSha256WithEcdsa, length: 70]
1605046208.389347 DEBUG: [ndnsd.Tools.Reload] Tentative next interest schedule in : 2044 milliseconds
1605046210.434833  INFO: [ndnsd.Tools.Reload] Sending reload interest: /ndnsd/p2/service-info/reload/1605046210434792698%20nanoseconds%20since%20Jan%201%2C%201970?MustBeFresh
1605046210.436825  INFO: [ndnsd.Tools.Reload] Update SuccessfulName: /ndnsd/p2/service-info/reload/1605046210434792698%20nanoseconds%20since%20Jan%201%2C%201970
MetaInfo: [ContentType: 0, FreshnessPeriod: 1000 milliseconds]
Content: [17 bytes]
Signature: [type: SignatureSha256WithEcdsa, length: 71]
1605046210.436855 DEBUG: [ndnsd.Tools.Reload] Tentative next interest schedule in : 2017 milliseconds
1605046212.454084  INFO: [ndnsd.Tools.Reload] Sending reload interest: /ndnsd/p2/service-info/reload/1605046212454044316%20nanoseconds%20since%20Jan%201%2C%201970?MustBeFresh
1605046212.455772  INFO: [ndnsd.Tools.Reload] Update SuccessfulName: /ndnsd/p2/service-info/reload/1605046212454044316%20nanoseconds%20since%20Jan%201%2C%201970
MetaInfo: [ContentType: 0, FreshnessPeriod: 1000 milliseconds]
Content: [17 bytes]
Signature: [type: SignatureSha256WithEcdsa, length: 71]
1605046212.455798 DEBUG: [ndnsd.Tools.Reload] Tentative next interest schedule in : 2035 milliseconds
1605046214.491786  INFO: [ndnsd.Tools.Reload] Sending reload interest: /ndnsd/p2/service-info/reload/1605046214491737403%20nanoseconds%20since%20Jan%201%2C%201970?MustBeFresh
1605046214.493773  INFO: [ndnsd.Tools.Reload] Update SuccessfulName: /ndnsd/p2/service-info/reload/1605046214491737403%20nanoseconds%20since%20Jan%201%2C%201970
MetaInfo: [ContentType: 0, FreshnessPeriod: 1000 milliseconds]
Content: [17 bytes]
Signature: [type: SignatureSha256WithEcdsa, length: 71]
1605046214.493804 DEBUG: [ndnsd.Tools.Reload] Tentative next interest schedule in : 2065 milliseconds
1605046216.559477  INFO: [ndnsd.Tools.Reload] Sending reload interest: /ndnsd/p2/service-info/reload/1605046216559292074%20nanoseconds%20since%20Jan%201%2C%201970?MustBeFresh
1605046216.560730  INFO: [ndnsd.Tools.Reload] Update SuccessfulName: /ndnsd/p2/service-info/reload/1605046216559292074%20nanoseconds%20since%20Jan%201%2C%201970
MetaInfo: [ContentType: 0, FreshnessPeriod: 1000 milliseconds]
Content: [17 bytes]
Signature: [type: SignatureSha256WithEcdsa, length: 70]
1605046216.560757 DEBUG: [ndnsd.Tools.Reload] Tentative next interest schedule in : 2085 milliseconds
1605046218.648213  INFO: [ndnsd.Tools.Reload] Sending reload interest: /ndnsd/p2/service-info/reload/1605046218648168757%20nanoseconds%20since%20Jan%201%2C%201970?MustBeFresh
1605046218.650360  INFO: [ndnsd.Tools.Reload] Update SuccessfulName: /ndnsd/p2/service-info/reload/1605046218648168757%20nanoseconds%20since%20Jan%201%2C%201970
MetaInfo: [ContentType: 0, FreshnessPeriod: 1000 milliseconds]
Content: [17 bytes]
Signature: [type: SignatureSha256WithEcdsa, length: 71]
1605046218.650394 DEBUG: [ndnsd.Tools.Reload] Tentative next interest schedule in : 2032 milliseconds
1605046220.687138  INFO: [ndnsd.Tools.Reload] Sending reload interest: /ndnsd/p2/service-info/reload/1605046220687086362%20nanoseconds%20since%20Jan%201%2C%201970?MustBeFresh
1605046220.690054  INFO: [ndnsd.Tools.Reload] Update SuccessfulName: /ndnsd/p2/service-info/reload/1605046220687086362%20nanoseconds%20since%20Jan%201%2C%201970
MetaInfo: [ContentType: 0, FreshnessPeriod: 1000 milliseconds]
Content: [17 bytes]
Signature: [type: SignatureSha256WithEcdsa, length: 72]
1605046220.690091 DEBUG: [ndnsd.Tools.Reload] Tentative next interest schedule in : 2060 milliseconds
1605046222.750250  INFO: [ndnsd.Tools.Reload] Sending reload interest: /ndnsd/p2/service-info/reload/1605046222750207484%20nanoseconds%20since%20Jan%201%2C%201970?MustBeFresh
1605046222.751955  INFO: [ndnsd.Tools.Reload] Update SuccessfulName: /ndnsd/p2/service-info/reload/1605046222750207484%20nanoseconds%20since%20Jan%201%2C%201970
MetaInfo: [ContentType: 0, FreshnessPeriod: 1000 milliseconds]
Content: [17 bytes]
Signature: [type: SignatureSha256WithEcdsa, length: 72]
1605046222.751985 DEBUG: [ndnsd.Tools.Reload] Tentative next interest schedule in : 2007 milliseconds
1605046224.760887  INFO: [ndnsd.Tools.Reload] Sending reload interest: /ndnsd/p2/service-info/reload/1605046224760789443%20nanoseconds%20since%20Jan%201%2C%201970?MustBeFresh
1605046224.762703  INFO: [ndnsd.Tools.Reload] Update SuccessfulName: /ndnsd/p2/service-info/reload/1605046224760789443%20nanoseconds%20since%20Jan%201%2C%201970
MetaInfo: [ContentType: 0, FreshnessPeriod: 1000 milliseconds]
Content: [17 bytes]
Signature: [type: SignatureSha256WithEcdsa, length: 71]
1605046224.762727 DEBUG: [ndnsd.Tools.Reload] Tentative next interest schedule in : 2001 milliseconds
1605046226.763904  INFO: [ndnsd.Tools.Reload] Sending reload interest: /ndnsd/p2/service-info/reload/1605046226763857865%20nanoseconds%20since%20Jan%201%2C%201970?MustBeFresh
1605046226.766115  INFO: [ndnsd.Tools.Reload] Update SuccessfulName: /ndnsd/p2/service-info/reload/1605046226763857865%20nanoseconds%20since%20Jan%201%2C%201970
MetaInfo: [ContentType: 0, FreshnessPeriod: 1000 milliseconds]
Content: [17 bytes]
Signature: [type: SignatureSha256WithEcdsa, length: 71]
1605046226.766138 DEBUG: [ndnsd.Tools.Reload] Tentative next interest schedule in : 2046 milliseconds
1605046228.812284  INFO: [ndnsd.Tools.Reload] Sending reload interest: /ndnsd/p2/service-info/reload/1605046228812217920%20nanoseconds%20since%20Jan%201%2C%201970?MustBeFresh
1605046228.814021  INFO: [ndnsd.Tools.Reload] Update SuccessfulName: /ndnsd/p2/service-info/reload/1605046228812217920%20nanoseconds%20since%20Jan%201%2C%201970
MetaInfo: [ContentType: 0, FreshnessPeriod: 1000 milliseconds]
Content: [17 bytes]
Signature: [type: SignatureSha256WithEcdsa, length: 71]
1605046228.814054 DEBUG: [ndnsd.Tools.Reload] Tentative next interest schedule in : 2012 milliseconds
1605046230.832019  INFO: [ndnsd.Tools.Reload] Sending reload interest: /ndnsd/p2/service-info/reload/1605046230831969723%20nanoseconds%20since%20Jan%201%2C%201970?MustBeFresh
1605046230.834048  INFO: [ndnsd.Tools.Reload] Update SuccessfulName: /ndnsd/p2/service-info/reload/1605046230831969723%20nanoseconds%20since%20Jan%201%2C%201970
MetaInfo: [ContentType: 0, FreshnessPeriod: 1000 milliseconds]
Content: [17 bytes]
Signature: [type: SignatureSha256WithEcdsa, length: 70]
1605046230.834083 DEBUG: [ndnsd.Tools.Reload] Tentative next interest schedule in : 2047 milliseconds
1605046232.888074  INFO: [ndnsd.Tools.Reload] Sending reload interest: /ndnsd/p2/service-info/reload/1605046232888021700%20nanoseconds%20since%20Jan%201%2C%201970?MustBeFresh
1605046232.890688  INFO: [ndnsd.Tools.Reload] Update SuccessfulName: /ndnsd/p2/service-info/reload/1605046232888021700%20nanoseconds%20since%20Jan%201%2C%201970
MetaInfo: [ContentType: 0, FreshnessPeriod: 1000 milliseconds]
Content: [17 bytes]
Signature: [type: SignatureSha256WithEcdsa, length: 70]
1605046232.890727 DEBUG: [ndnsd.Tools.Reload] Tentative next interest schedule in : 2090 milliseconds
1605046234.981237  INFO: [ndnsd.Tools.Reload] Sending reload interest: /ndnsd/p2/service-info/reload/1605046234981188434%20nanoseconds%20since%20Jan%201%2C%201970?MustBeFresh
1605046234.983065  INFO: [ndnsd.Tools.Reload] Update SuccessfulName: /ndnsd/p2/service-info/reload/1605046234981188434%20nanoseconds%20since%20Jan%201%2C%201970
MetaInfo: [ContentType: 0, FreshnessPeriod: 1000 milliseconds]
Content: [17 bytes]
Signature: [type: SignatureSha256WithEcdsa, length: 72]
1605046234.983098 DEBUG: [ndnsd.Tools.Reload] Tentative next interest schedule in : 2065 milliseconds
1605046237.049396  INFO: [ndnsd.Tools.Reload] Sending reload interest: /ndnsd/p2/service-info/reload/1605046237049344452%20nanoseconds%20since%20Jan%201%2C%201970?MustBeFresh
1605046237.051610  INFO: [ndnsd.Tools.Reload] Update SuccessfulName: /ndnsd/p2/service-info/reload/1605046237049344452%20nanoseconds%20since%20Jan%201%2C%201970
MetaInfo: [ContentType: 0, FreshnessPeriod: 1000 milliseconds]
Content: [17 bytes]
Signature: [type: SignatureSha256WithEcdsa, length: 71]
1605046237.051644 DEBUG: [ndnsd.Tools.Reload] Tentative next interest schedule in : 1991 milliseconds
1605046239.048533  INFO: [ndnsd.Tools.Reload] Sending reload interest: /ndnsd/p2/service-info/reload/1605046239048481566%20nanoseconds%20since%20Jan%201%2C%201970?MustBeFresh
1605046239.050677  INFO: [ndnsd.Tools.Reload] Update SuccessfulName: /ndnsd/p2/service-info/reload/1605046239048481566%20nanoseconds%20since%20Jan%201%2C%201970
MetaInfo: [ContentType: 0, FreshnessPeriod: 1000 milliseconds]
Content: [17 bytes]
Signature: [type: SignatureSha256WithEcdsa, length: 72]
1605046239.050742 DEBUG: [ndnsd.Tools.Reload] Tentative next interest schedule in : 2078 milliseconds
1605046241.129320  INFO: [ndnsd.Tools.Reload] Sending reload interest: /ndnsd/p2/service-info/reload/1605046241129268770%20nanoseconds%20since%20Jan%201%2C%201970?MustBeFresh
1605046241.131239  INFO: [ndnsd.Tools.Reload] Update SuccessfulName: /ndnsd/p2/service-info/reload/1605046241129268770%20nanoseconds%20since%20Jan%201%2C%201970
MetaInfo: [ContentType: 0, FreshnessPeriod: 1000 milliseconds]
Content: [17 bytes]
Signature: [type: SignatureSha256WithEcdsa, length: 71]
1605046241.131268 DEBUG: [ndnsd.Tools.Reload] Tentative next interest schedule in : 2026 milliseconds
1605046243.219750  INFO: [ndnsd.Tools.Reload] Sending reload interest: /ndnsd/p2/service-info/reload/1605046243219699691%20nanoseconds%20since%20Jan%201%2C%201970?MustBeFresh
1605046243.221860  INFO: [ndnsd.Tools.Reload] Update SuccessfulName: /ndnsd/p2/service-info/reload/1605046243219699691%20nanoseconds%20since%20Jan%201%2C%201970
MetaInfo: [ContentType: 0, FreshnessPeriod: 1000 milliseconds]
Content: [17 bytes]
Signature: [type: SignatureSha256WithEcdsa, length: 71]
1605046243.221887 DEBUG: [ndnsd.Tools.Reload] Tentative next interest schedule in : 2056 milliseconds
1605046245.280994  INFO: [ndnsd.Tools.Reload] Sending reload interest: /ndnsd/p2/service-info/reload/1605046245280953674%20nanoseconds%20since%20Jan%201%2C%201970?MustBeFresh
1605046245.283121  INFO: [ndnsd.Tools.Reload] Update SuccessfulName: /ndnsd/p2/service-info/reload/1605046245280953674%20nanoseconds%20since%20Jan%201%2C%201970
MetaInfo: [ContentType: 0, FreshnessPeriod: 1000 milliseconds]
Content: [17 bytes]
Signature: [type: SignatureSha256WithEcdsa, length: 72]
1605046245.283153 DEBUG: [ndnsd.Tools.Reload] Tentative next interest schedule in : 1992 milliseconds
1605046247.275428  INFO: [ndnsd.Tools.Reload] Sending reload interest: /ndnsd/p2/service-info/reload/1605046247275377935%20nanoseconds%20since%20Jan%201%2C%201970?MustBeFresh
1605046247.277104  INFO: [ndnsd.Tools.Reload] Update SuccessfulName: /ndnsd/p2/service-info/reload/1605046247275377935%20nanoseconds%20since%20Jan%201%2C%201970
MetaInfo: [ContentType: 0, FreshnessPeriod: 1000 milliseconds]
Content: [17 bytes]
Signature: [type: SignatureSha256WithEcdsa, length: 71]
1605046247.277137 DEBUG: [ndnsd.Tools.Reload] Tentative next interest schedule in : 2000 milliseconds
1605046249.277736  INFO: [ndnsd.Tools.Reload] Sending reload interest: /ndnsd/p2/service-info/reload/1605046249277649501%20nanoseconds%20since%20Jan%201%2C%201970?MustBeFresh
1605046249.280001  INFO: [ndnsd.Tools.Reload] Update SuccessfulName: /ndnsd/p2/service-info/reload/1605046249277649501%20nanoseconds%20since%20Jan%201%2C%201970
MetaInfo: [ContentType: 0, FreshnessPeriod: 1000 milliseconds]
Content: [17 bytes]
Signature: [type: SignatureSha256WithEcdsa, length: 72]
1605046249.280083 DEBUG: [ndnsd.Tools.Reload] Tentative next interest schedule in : 2060 milliseconds
1605046251.350208  INFO: [ndnsd.Tools.Reload] Sending reload interest: /ndnsd/p2/service-info/reload/1605046251350157444%20nanoseconds%20since%20Jan%201%2C%201970?MustBeFresh
1605046251.352340  INFO: [ndnsd.Tools.Reload] Update SuccessfulName: /ndnsd/p2/service-info/reload/1605046251350157444%20nanoseconds%20since%20Jan%201%2C%201970
MetaInfo: [ContentType: 0, FreshnessPeriod: 1000 milliseconds]
Content: [17 bytes]
Signature: [type: SignatureSha256WithEcdsa, length: 71]
1605046251.352375 DEBUG: [ndnsd.Tools.Reload] Tentative next interest schedule in : 2061 milliseconds
1605046253.413557  INFO: [ndnsd.Tools.Reload] Sending reload interest: /ndnsd/p2/service-info/reload/1605046253413497951%20nanoseconds%20since%20Jan%201%2C%201970?MustBeFresh
1605046253.415259  INFO: [ndnsd.Tools.Reload] Update SuccessfulName: /ndnsd/p2/service-info/reload/1605046253413497951%20nanoseconds%20since%20Jan%201%2C%201970
MetaInfo: [ContentType: 0, FreshnessPeriod: 1000 milliseconds]
Content: [17 bytes]
Signature: [type: SignatureSha256WithEcdsa, length: 70]
1605046253.415296 DEBUG: [ndnsd.Tools.Reload] Tentative next interest schedule in : 2089 milliseconds
1605046255.504767  INFO: [ndnsd.Tools.Reload] Sending reload interest: /ndnsd/p2/service-info/reload/1605046255504653614%20nanoseconds%20since%20Jan%201%2C%201970?MustBeFresh
1605046255.506641  INFO: [ndnsd.Tools.Reload] Update SuccessfulName: /ndnsd/p2/service-info/reload/1605046255504653614%20nanoseconds%20since%20Jan%201%2C%201970
MetaInfo: [ContentType: 0, FreshnessPeriod: 1000 milliseconds]
Content: [17 bytes]
Signature: [type: SignatureSha256WithEcdsa, length: 70]
1605046255.506688 DEBUG: [ndnsd.Tools.Reload] Tentative next interest schedule in : 2011 milliseconds
1605046257.526749  INFO: [ndnsd.Tools.Reload] Sending reload interest: /ndnsd/p2/service-info/reload/1605046257526713131%20nanoseconds%20since%20Jan%201%2C%201970?MustBeFresh
1605046257.529249  INFO: [ndnsd.Tools.Reload] Update SuccessfulName: /ndnsd/p2/service-info/reload/1605046257526713131%20nanoseconds%20since%20Jan%201%2C%201970
MetaInfo: [ContentType: 0, FreshnessPeriod: 1000 milliseconds]
Content: [17 bytes]
Signature: [type: SignatureSha256WithEcdsa, length: 71]
1605046257.529288 DEBUG: [ndnsd.Tools.Reload] Tentative next interest schedule in : 2042 milliseconds
1605046259.571774  INFO: [ndnsd.Tools.Reload] Sending reload interest: /ndnsd/p2/service-info/reload/1605046259571738153%20nanoseconds%20since%20Jan%201%2C%201970?MustBeFresh
1605046259.573464  INFO: [ndnsd.Tools.Reload] Update SuccessfulName: /ndnsd/p2/service-info/reload/1605046259571738153%20nanoseconds%20since%20Jan%201%2C%201970
MetaInfo: [ContentType: 0, FreshnessPeriod: 1000 milliseconds]
Content: [17 bytes]
Signature: [type: SignatureSha256WithEcdsa, length: 71]
1605046259.573491 DEBUG: [ndnsd.Tools.Reload] Tentative next interest schedule in : 2005 milliseconds
1605046261.593083  INFO: [ndnsd.Tools.Reload] Sending reload interest: /ndnsd/p2/service-info/reload/1605046261593036615%20nanoseconds%20since%20Jan%201%2C%201970?MustBeFresh
1605046261.595067  INFO: [ndnsd.Tools.Reload] Update SuccessfulName: /ndnsd/p2/service-info/reload/1605046261593036615%20nanoseconds%20since%20Jan%201%2C%201970
MetaInfo: [ContentType: 0, FreshnessPeriod: 1000 milliseconds]
Content: [17 bytes]
Signature: [type: SignatureSha256WithEcdsa, length: 70]
1605046261.595095 DEBUG: [ndnsd.Tools.Reload] Tentative next interest schedule in : 2069 milliseconds
1605046263.696059  INFO: [ndnsd.Tools.Reload] Sending reload interest: /ndnsd/p2/service-info/reload/1605046263696025105%20nanoseconds%20since%20Jan%201%2C%201970?MustBeFresh
1605046263.697600  INFO: [ndnsd.Tools.Reload] Update SuccessfulName: /ndnsd/p2/service-info/reload/1605046263696025105%20nanoseconds%20since%20Jan%201%2C%201970
MetaInfo: [ContentType: 0, FreshnessPeriod: 1000 milliseconds]
Content: [17 bytes]
Signature: [type: SignatureSha256WithEcdsa, length: 70]
1605046263.697629 DEBUG: [ndnsd.Tools.Reload] Tentative next interest schedule in : 2035 milliseconds
1605046265.735339  INFO: [ndnsd.Tools.Reload] Sending reload interest: /ndnsd/p2/service-info/reload/1605046265735307190%20nanoseconds%20since%20Jan%201%2C%201970?MustBeFresh
1605046265.737301  INFO: [ndnsd.Tools.Reload] Update SuccessfulName: /ndnsd/p2/service-info/reload/1605046265735307190%20nanoseconds%20since%20Jan%201%2C%201970
MetaInfo: [ContentType: 0, FreshnessPeriod: 1000 milliseconds]
Content: [17 bytes]
Signature: [type: SignatureSha256WithEcdsa, length: 72]
1605046265.737340 DEBUG: [ndnsd.Tools.Reload] Tentative next interest schedule in : 2006 milliseconds
1605046267.755534  INFO: [ndnsd.Tools.Reload] Sending reload interest: /ndnsd/p2/service-info/reload/1605046267755489330%20nanoseconds%20since%20Jan%201%2C%201970?MustBeFresh
1605046267.757446  INFO: [ndnsd.Tools.Reload] Update SuccessfulName: /ndnsd/p2/service-info/reload/1605046267755489330%20nanoseconds%20since%20Jan%201%2C%201970
MetaInfo: [ContentType: 0, FreshnessPeriod: 1000 milliseconds]
Content: [17 bytes]
Signature: [type: SignatureSha256WithEcdsa, length: 72]
1605046267.757480 DEBUG: [ndnsd.Tools.Reload] Tentative next interest schedule in : 1990 milliseconds
1605046269.842775  INFO: [ndnsd.Tools.Reload] Sending reload interest: /ndnsd/p2/service-info/reload/1605046269842688875%20nanoseconds%20since%20Jan%201%2C%201970?MustBeFresh
1605046269.844770  INFO: [ndnsd.Tools.Reload] Update SuccessfulName: /ndnsd/p2/service-info/reload/1605046269842688875%20nanoseconds%20since%20Jan%201%2C%201970
MetaInfo: [ContentType: 0, FreshnessPeriod: 1000 milliseconds]
Content: [17 bytes]
Signature: [type: SignatureSha256WithEcdsa, length: 70]
1605046269.844797 DEBUG: [ndnsd.Tools.Reload] Tentative next interest schedule in : 2018 milliseconds
1605046271.893571  INFO: [ndnsd.Tools.Reload] Sending reload interest: /ndnsd/p2/service-info/reload/1605046271893520849%20nanoseconds%20since%20Jan%201%2C%201970?MustBeFresh
1605046271.895790  INFO: [ndnsd.Tools.Reload] Update SuccessfulName: /ndnsd/p2/service-info/reload/1605046271893520849%20nanoseconds%20since%20Jan%201%2C%201970
MetaInfo: [ContentType: 0, FreshnessPeriod: 1000 milliseconds]
Content: [17 bytes]
Signature: [type: SignatureSha256WithEcdsa, length: 70]
1605046271.895828 DEBUG: [ndnsd.Tools.Reload] Tentative next interest schedule in : 2086 milliseconds
1605046273.982648  INFO: [ndnsd.Tools.Reload] Sending reload interest: /ndnsd/p2/service-info/reload/1605046273982597637%20nanoseconds%20since%20Jan%201%2C%201970?MustBeFresh
1605046273.985078  INFO: [ndnsd.Tools.Reload] Update SuccessfulName: /ndnsd/p2/service-info/reload/1605046273982597637%20nanoseconds%20since%20Jan%201%2C%201970
MetaInfo: [ContentType: 0, FreshnessPeriod: 1000 milliseconds]
Content: [17 bytes]
Signature: [type: SignatureSha256WithEcdsa, length: 72]
1605046273.985122 DEBUG: [ndnsd.Tools.Reload] Tentative next interest schedule in : 2026 milliseconds
1605046276.020421  INFO: [ndnsd.Tools.Reload] Sending reload interest: /ndnsd/p2/service-info/reload/1605046276020362204%20nanoseconds%20since%20Jan%201%2C%201970?MustBeFresh
1605046276.023012  INFO: [ndnsd.Tools.Reload] Update SuccessfulName: /ndnsd/p2/service-info/reload/1605046276020362204%20nanoseconds%20since%20Jan%201%2C%201970
MetaInfo: [ContentType: 0, FreshnessPeriod: 1000 milliseconds]
Content: [17 bytes]
Signature: [type: SignatureSha256WithEcdsa, length: 71]
1605046276.023048 DEBUG: [ndnsd.Tools.Reload] Tentative next interest schedule in : 2074 milliseconds
1605046278.136137  INFO: [ndnsd.Tools.Reload] Sending reload interest: /ndnsd/p2/service-info/reload/1605046278136103531%20nanoseconds%20since%20Jan%201%2C%201970?MustBeFresh
1605046278.138970  INFO: [ndnsd.Tools.Reload] Update SuccessfulName: /ndnsd/p2/service-info/reload/1605046278136103531%20nanoseconds%20since%20Jan%201%2C%201970
MetaInfo: [ContentType: 0, FreshnessPeriod: 1000 milliseconds]
Content: [17 bytes]
Signature: [type: SignatureSha256WithEcdsa, length: 70]
1605046278.138999 DEBUG: [ndnsd.Tools.Reload] Tentative next interest schedule in : 2010 milliseconds
1605046280.151565  INFO: [ndnsd.Tools.Reload] Sending reload interest: /ndnsd/p2/service-info/reload/1605046280151499873%20nanoseconds%20since%20Jan%201%2C%201970?MustBeFresh
1605046280.153674  INFO: [ndnsd.Tools.Reload] Update SuccessfulName: /ndnsd/p2/service-info/reload/1605046280151499873%20nanoseconds%20since%20Jan%201%2C%201970
MetaInfo: [ContentType: 0, FreshnessPeriod: 1000 milliseconds]
Content: [17 bytes]
Signature: [type: SignatureSha256WithEcdsa, length: 72]
1605046280.153711 DEBUG: [ndnsd.Tools.Reload] Tentative next interest schedule in : 2080 milliseconds
1605046282.249622  INFO: [ndnsd.Tools.Reload] Sending reload interest: /ndnsd/p2/service-info/reload/1605046282249526124%20nanoseconds%20since%20Jan%201%2C%201970?MustBeFresh
1605046282.251354  INFO: [ndnsd.Tools.Reload] Update SuccessfulName: /ndnsd/p2/service-info/reload/1605046282249526124%20nanoseconds%20since%20Jan%201%2C%201970
MetaInfo: [ContentType: 0, FreshnessPeriod: 1000 milliseconds]
Content: [17 bytes]
Signature: [type: SignatureSha256WithEcdsa, length: 71]
1605046282.251385 DEBUG: [ndnsd.Tools.Reload] Tentative next interest schedule in : 2011 milliseconds
1605046284.263816  INFO: [ndnsd.Tools.Reload] Sending reload interest: /ndnsd/p2/service-info/reload/1605046284263771871%20nanoseconds%20since%20Jan%201%2C%201970?MustBeFresh
1605046284.265240  INFO: [ndnsd.Tools.Reload] Update SuccessfulName: /ndnsd/p2/service-info/reload/1605046284263771871%20nanoseconds%20since%20Jan%201%2C%201970
MetaInfo: [ContentType: 0, FreshnessPeriod: 1000 milliseconds]
Content: [17 bytes]
Signature: [type: SignatureSha256WithEcdsa, length: 71]
1605046284.265270 DEBUG: [ndnsd.Tools.Reload] Tentative next interest schedule in : 2004 milliseconds
1605046286.316466  INFO: [ndnsd.Tools.Reload] Sending reload interest: /ndnsd/p2/service-info/reload/1605046286316364084%20nanoseconds%20since%20Jan%201%2C%201970?MustBeFresh
1605046286.318373  INFO: [ndnsd.Tools.Reload] Update SuccessfulName: /ndnsd/p2/service-info/reload/1605046286316364084%20nanoseconds%20since%20Jan%201%2C%201970
MetaInfo: [ContentType: 0, FreshnessPeriod: 1000 milliseconds]
Content: [17 bytes]
Signature: [type: SignatureSha256WithEcdsa, length: 71]
1605046286.318407 DEBUG: [ndnsd.Tools.Reload] Tentative next interest schedule in : 2042 milliseconds
1605046288.364100  INFO: [ndnsd.Tools.Reload] Sending reload interest: /ndnsd/p2/service-info/reload/1605046288364047569%20nanoseconds%20since%20Jan%201%2C%201970?MustBeFresh
1605046288.366189  INFO: [ndnsd.Tools.Reload] Update SuccessfulName: /ndnsd/p2/service-info/reload/1605046288364047569%20nanoseconds%20since%20Jan%201%2C%201970
MetaInfo: [ContentType: 0, FreshnessPeriod: 1000 milliseconds]
Content: [17 bytes]
Signature: [type: SignatureSha256WithEcdsa, length: 71]
1605046288.366232 DEBUG: [ndnsd.Tools.Reload] Tentative next interest schedule in : 2008 milliseconds
1605046290.379481  INFO: [ndnsd.Tools.Reload] Sending reload interest: /ndnsd/p2/service-info/reload/1605046290379435048%20nanoseconds%20since%20Jan%201%2C%201970?MustBeFresh
1605046290.381774  INFO: [ndnsd.Tools.Reload] Update SuccessfulName: /ndnsd/p2/service-info/reload/1605046290379435048%20nanoseconds%20since%20Jan%201%2C%201970
MetaInfo: [ContentType: 0, FreshnessPeriod: 1000 milliseconds]
Content: [17 bytes]
Signature: [type: SignatureSha256WithEcdsa, length: 70]
1605046290.381803 DEBUG: [ndnsd.Tools.Reload] Tentative next interest schedule in : 2035 milliseconds
1605046292.417148  INFO: [ndnsd.Tools.Reload] Sending reload interest: /ndnsd/p2/service-info/reload/1605046292417100541%20nanoseconds%20since%20Jan%201%2C%201970?MustBeFresh
1605046292.419075  INFO: [ndnsd.Tools.Reload] Update SuccessfulName: /ndnsd/p2/service-info/reload/1605046292417100541%20nanoseconds%20since%20Jan%201%2C%201970
MetaInfo: [ContentType: 0, FreshnessPeriod: 1000 milliseconds]
Content: [17 bytes]
Signature: [type: SignatureSha256WithEcdsa, length: 72]
1605046292.419115 DEBUG: [ndnsd.Tools.Reload] Tentative next interest schedule in : 2027 milliseconds
1605046294.447016  INFO: [ndnsd.Tools.Reload] Sending reload interest: /ndnsd/p2/service-info/reload/1605046294446963202%20nanoseconds%20since%20Jan%201%2C%201970?MustBeFresh
1605046294.449008  INFO: [ndnsd.Tools.Reload] Update SuccessfulName: /ndnsd/p2/service-info/reload/1605046294446963202%20nanoseconds%20since%20Jan%201%2C%201970
MetaInfo: [ContentType: 0, FreshnessPeriod: 1000 milliseconds]
Content: [17 bytes]
Signature: [type: SignatureSha256WithEcdsa, length: 70]
1605046294.449039 DEBUG: [ndnsd.Tools.Reload] Tentative next interest schedule in : 2069 milliseconds
1605046296.519225  INFO: [ndnsd.Tools.Reload] Sending reload interest: /ndnsd/p2/service-info/reload/1605046296519186535%20nanoseconds%20since%20Jan%201%2C%201970?MustBeFresh
1605046296.521938  INFO: [ndnsd.Tools.Reload] Update SuccessfulName: /ndnsd/p2/service-info/reload/1605046296519186535%20nanoseconds%20since%20Jan%201%2C%201970
MetaInfo: [ContentType: 0, FreshnessPeriod: 1000 milliseconds]
Content: [17 bytes]
Signature: [type: SignatureSha256WithEcdsa, length: 71]
1605046296.521978 DEBUG: [ndnsd.Tools.Reload] Tentative next interest schedule in : 2087 milliseconds
1605046298.652152  INFO: [ndnsd.Tools.Reload] Sending reload interest: /ndnsd/p2/service-info/reload/1605046298652102895%20nanoseconds%20since%20Jan%201%2C%201970?MustBeFresh
1605046298.653995  INFO: [ndnsd.Tools.Reload] Update SuccessfulName: /ndnsd/p2/service-info/reload/1605046298652102895%20nanoseconds%20since%20Jan%201%2C%201970
MetaInfo: [ContentType: 0, FreshnessPeriod: 1000 milliseconds]
Content: [17 bytes]
Signature: [type: SignatureSha256WithEcdsa, length: 72]
1605046298.654031 DEBUG: [ndnsd.Tools.Reload] Tentative next interest schedule in : 2015 milliseconds
1605046300.670576  INFO: [ndnsd.Tools.Reload] Sending reload interest: /ndnsd/p2/service-info/reload/1605046300670504507%20nanoseconds%20since%20Jan%201%2C%201970?MustBeFresh
1605046300.672169  INFO: [ndnsd.Tools.Reload] Update SuccessfulName: /ndnsd/p2/service-info/reload/1605046300670504507%20nanoseconds%20since%20Jan%201%2C%201970
MetaInfo: [ContentType: 0, FreshnessPeriod: 1000 milliseconds]
Content: [17 bytes]
Signature: [type: SignatureSha256WithEcdsa, length: 72]
1605046300.672199 DEBUG: [ndnsd.Tools.Reload] Tentative next interest schedule in : 2015 milliseconds
1605046302.687748  INFO: [ndnsd.Tools.Reload] Sending reload interest: /ndnsd/p2/service-info/reload/1605046302687697615%20nanoseconds%20since%20Jan%201%2C%201970?MustBeFresh
1605046302.689976  INFO: [ndnsd.Tools.Reload] Update SuccessfulName: /ndnsd/p2/service-info/reload/1605046302687697615%20nanoseconds%20since%20Jan%201%2C%201970
MetaInfo: [ContentType: 0, FreshnessPeriod: 1000 milliseconds]
Content: [17 bytes]
Signature: [type: SignatureSha256WithEcdsa, length: 70]
1605046302.690014 DEBUG: [ndnsd.Tools.Reload] Tentative next interest schedule in : 2060 milliseconds
1605046304.750357  INFO: [ndnsd.Tools.Reload] Sending reload interest: /ndnsd/p2/service-info/reload/1605046304750304514%20nanoseconds%20since%20Jan%201%2C%201970?MustBeFresh
1605046304.752247  INFO: [ndnsd.Tools.Reload] Update SuccessfulName: /ndnsd/p2/service-info/reload/1605046304750304514%20nanoseconds%20since%20Jan%201%2C%201970
MetaInfo: [ContentType: 0, FreshnessPeriod: 1000 milliseconds]
Content: [17 bytes]
Signature: [type: SignatureSha256WithEcdsa, length: 71]
1605046304.752282 DEBUG: [ndnsd.Tools.Reload] Tentative next interest schedule in : 1994 milliseconds
1605046306.746508  INFO: [ndnsd.Tools.Reload] Sending reload interest: /ndnsd/p2/service-info/reload/1605046306746424998%20nanoseconds%20since%20Jan%201%2C%201970?MustBeFresh
1605046306.748023  INFO: [ndnsd.Tools.Reload] Update SuccessfulName: /ndnsd/p2/service-info/reload/1605046306746424998%20nanoseconds%20since%20Jan%201%2C%201970
MetaInfo: [ContentType: 0, FreshnessPeriod: 1000 milliseconds]
Content: [17 bytes]
Signature: [type: SignatureSha256WithEcdsa, length: 70]
1605046306.748050 DEBUG: [ndnsd.Tools.Reload] Tentative next interest schedule in : 2033 milliseconds
1605046308.782017  INFO: [ndnsd.Tools.Reload] Sending reload interest: /ndnsd/p2/service-info/reload/1605046308781964736%20nanoseconds%20since%20Jan%201%2C%201970?MustBeFresh
1605046308.783885  INFO: [ndnsd.Tools.Reload] Update SuccessfulName: /ndnsd/p2/service-info/reload/1605046308781964736%20nanoseconds%20since%20Jan%201%2C%201970
MetaInfo: [ContentType: 0, FreshnessPeriod: 1000 milliseconds]
Content: [17 bytes]
Signature: [type: SignatureSha256WithEcdsa, length: 70]
1605046308.783946 DEBUG: [ndnsd.Tools.Reload] Tentative next interest schedule in : 2087 milliseconds
1605046310.871467  INFO: [ndnsd.Tools.Reload] Sending reload interest: /ndnsd/p2/service-info/reload/1605046310871415651%20nanoseconds%20since%20Jan%201%2C%201970?MustBeFresh
1605046310.873422  INFO: [ndnsd.Tools.Reload] Update SuccessfulName: /ndnsd/p2/service-info/reload/1605046310871415651%20nanoseconds%20since%20Jan%201%2C%201970
MetaInfo: [ContentType: 0, FreshnessPeriod: 1000 milliseconds]
Content: [17 bytes]
Signature: [type: SignatureSha256WithEcdsa, length: 70]
1605046310.873455 DEBUG: [ndnsd.Tools.Reload] Tentative next interest schedule in : 2058 milliseconds
1605046312.932705  INFO: [ndnsd.Tools.Reload] Sending reload interest: /ndnsd/p2/service-info/reload/1605046312932661467%20nanoseconds%20since%20Jan%201%2C%201970?MustBeFresh
1605046312.937920  INFO: [ndnsd.Tools.Reload] Update SuccessfulName: /ndnsd/p2/service-info/reload/1605046312932661467%20nanoseconds%20since%20Jan%201%2C%201970
MetaInfo: [ContentType: 0, FreshnessPeriod: 1000 milliseconds]
Content: [17 bytes]
Signature: [type: SignatureSha256WithEcdsa, length: 71]
1605046312.938001 DEBUG: [ndnsd.Tools.Reload] Tentative next interest schedule in : 2017 milliseconds
1605046314.955245  INFO: [ndnsd.Tools.Reload] Sending reload interest: /ndnsd/p2/service-info/reload/1605046314955208348%20nanoseconds%20since%20Jan%201%2C%201970?MustBeFresh
1605046314.957261  INFO: [ndnsd.Tools.Reload] Update SuccessfulName: /ndnsd/p2/service-info/reload/1605046314955208348%20nanoseconds%20since%20Jan%201%2C%201970
MetaInfo: [ContentType: 0, FreshnessPeriod: 1000 milliseconds]
Content: [17 bytes]
Signature: [type: SignatureSha256WithEcdsa, length: 71]
1605046314.957294 DEBUG: [ndnsd.Tools.Reload] Tentative next interest schedule in : 2071 milliseconds
1605046317.057069  INFO: [ndnsd.Tools.Reload] Sending reload interest: /ndnsd/p2/service-info/reload/1605046317057017982%20nanoseconds%20since%20Jan%201%2C%201970?MustBeFresh
1605046317.059316  INFO: [ndnsd.Tools.Reload] Update SuccessfulName: /ndnsd/p2/service-info/reload/1605046317057017982%20nanoseconds%20since%20Jan%201%2C%201970
MetaInfo: [ContentType: 0, FreshnessPeriod: 1000 milliseconds]
Content: [17 bytes]
Signature: [type: SignatureSha256WithEcdsa, length: 72]
1605046317.059349 DEBUG: [ndnsd.Tools.Reload] Tentative next interest schedule in : 2089 milliseconds
1605046319.149051  INFO: [ndnsd.Tools.Reload] Sending reload interest: /ndnsd/p2/service-info/reload/1605046319148955864%20nanoseconds%20since%20Jan%201%2C%201970?MustBeFresh
1605046319.151429  INFO: [ndnsd.Tools.Reload] Update SuccessfulName: /ndnsd/p2/service-info/reload/1605046319148955864%20nanoseconds%20since%20Jan%201%2C%201970
MetaInfo: [ContentType: 0, FreshnessPeriod: 1000 milliseconds]
Content: [17 bytes]
Signature: [type: SignatureSha256WithEcdsa, length: 71]
1605046319.151477 DEBUG: [ndnsd.Tools.Reload] Tentative next interest schedule in : 2065 milliseconds
1605046321.217017  INFO: [ndnsd.Tools.Reload] Sending reload interest: /ndnsd/p2/service-info/reload/1605046321216964431%20nanoseconds%20since%20Jan%201%2C%201970?MustBeFresh
1605046321.218943  INFO: [ndnsd.Tools.Reload] Update SuccessfulName: /ndnsd/p2/service-info/reload/1605046321216964431%20nanoseconds%20since%20Jan%201%2C%201970
MetaInfo: [ContentType: 0, FreshnessPeriod: 1000 milliseconds]
Content: [17 bytes]
Signature: [type: SignatureSha256WithEcdsa, length: 72]
1605046321.218979 DEBUG: [ndnsd.Tools.Reload] Tentative next interest schedule in : 2088 milliseconds
1605046323.308638  INFO: [ndnsd.Tools.Reload] Sending reload interest: /ndnsd/p2/service-info/reload/1605046323308509042%20nanoseconds%20since%20Jan%201%2C%201970?MustBeFresh
1605046323.311061  INFO: [ndnsd.Tools.Reload] Update SuccessfulName: /ndnsd/p2/service-info/reload/1605046323308509042%20nanoseconds%20since%20Jan%201%2C%201970
MetaInfo: [ContentType: 0, FreshnessPeriod: 1000 milliseconds]
Content: [17 bytes]
Signature: [type: SignatureSha256WithEcdsa, length: 71]
1605046323.311125 DEBUG: [ndnsd.Tools.Reload] Tentative next interest schedule in : 2069 milliseconds
1605046325.381093  INFO: [ndnsd.Tools.Reload] Sending reload interest: /ndnsd/p2/service-info/reload/1605046325381042576%20nanoseconds%20since%20Jan%201%2C%201970?MustBeFresh
1605046325.383576  INFO: [ndnsd.Tools.Reload] Update SuccessfulName: /ndnsd/p2/service-info/reload/1605046325381042576%20nanoseconds%20since%20Jan%201%2C%201970
MetaInfo: [ContentType: 0, FreshnessPeriod: 1000 milliseconds]
Content: [17 bytes]
Signature: [type: SignatureSha256WithEcdsa, length: 72]
1605046325.383622 DEBUG: [ndnsd.Tools.Reload] Tentative next interest schedule in : 1994 milliseconds
1605046327.380077  INFO: [ndnsd.Tools.Reload] Sending reload interest: /ndnsd/p2/service-info/reload/1605046327380028205%20nanoseconds%20since%20Jan%201%2C%201970?MustBeFresh
1605046327.381784  INFO: [ndnsd.Tools.Reload] Update SuccessfulName: /ndnsd/p2/service-info/reload/1605046327380028205%20nanoseconds%20since%20Jan%201%2C%201970
MetaInfo: [ContentType: 0, FreshnessPeriod: 1000 milliseconds]
Content: [17 bytes]
Signature: [type: SignatureSha256WithEcdsa, length: 72]
1605046327.381817 DEBUG: [ndnsd.Tools.Reload] Tentative next interest schedule in : 1999 milliseconds
1605046329.409818  INFO: [ndnsd.Tools.Reload] Sending reload interest: /ndnsd/p2/service-info/reload/1605046329409759753%20nanoseconds%20since%20Jan%201%2C%201970?MustBeFresh
1605046329.411882  INFO: [ndnsd.Tools.Reload] Update SuccessfulName: /ndnsd/p2/service-info/reload/1605046329409759753%20nanoseconds%20since%20Jan%201%2C%201970
MetaInfo: [ContentType: 0, FreshnessPeriod: 1000 milliseconds]
Content: [17 bytes]
Signature: [type: SignatureSha256WithEcdsa, length: 71]
1605046329.411928 DEBUG: [ndnsd.Tools.Reload] Tentative next interest schedule in : 2051 milliseconds
1605046331.497399  INFO: [ndnsd.Tools.Reload] Sending reload interest: /ndnsd/p2/service-info/reload/1605046331497260527%20nanoseconds%20since%20Jan%201%2C%201970?MustBeFresh
1605046331.499449  INFO: [ndnsd.Tools.Reload] Update SuccessfulName: /ndnsd/p2/service-info/reload/1605046331497260527%20nanoseconds%20since%20Jan%201%2C%201970
MetaInfo: [ContentType: 0, FreshnessPeriod: 1000 milliseconds]
Content: [17 bytes]
Signature: [type: SignatureSha256WithEcdsa, length: 72]
1605046331.499486 DEBUG: [ndnsd.Tools.Reload] Tentative next interest schedule in : 2035 milliseconds
1605046333.551255  INFO: [ndnsd.Tools.Reload] Sending reload interest: /ndnsd/p2/service-info/reload/1605046333551203210%20nanoseconds%20since%20Jan%201%2C%201970?MustBeFresh
1605046333.553445  INFO: [ndnsd.Tools.Reload] Update SuccessfulName: /ndnsd/p2/service-info/reload/1605046333551203210%20nanoseconds%20since%20Jan%201%2C%201970
MetaInfo: [ContentType: 0, FreshnessPeriod: 1000 milliseconds]
Content: [17 bytes]
Signature: [type: SignatureSha256WithEcdsa, length: 70]
1605046333.553477 DEBUG: [ndnsd.Tools.Reload] Tentative next interest schedule in : 2039 milliseconds
1605046335.648624  INFO: [ndnsd.Tools.Reload] Sending reload interest: /ndnsd/p2/service-info/reload/1605046335648575313%20nanoseconds%20since%20Jan%201%2C%201970?MustBeFresh
1605046335.650499  INFO: [ndnsd.Tools.Reload] Update SuccessfulName: /ndnsd/p2/service-info/reload/1605046335648575313%20nanoseconds%20since%20Jan%201%2C%201970
MetaInfo: [ContentType: 0, FreshnessPeriod: 1000 milliseconds]
Content: [17 bytes]
Signature: [type: SignatureSha256WithEcdsa, length: 72]
1605046335.650533 DEBUG: [ndnsd.Tools.Reload] Tentative next interest schedule in : 1994 milliseconds
1605046337.645487  INFO: [ndnsd.Tools.Reload] Sending reload interest: /ndnsd/p2/service-info/reload/1605046337645435020%20nanoseconds%20since%20Jan%201%2C%201970?MustBeFresh
1605046337.647670  INFO: [ndnsd.Tools.Reload] Update SuccessfulName: /ndnsd/p2/service-info/reload/1605046337645435020%20nanoseconds%20since%20Jan%201%2C%201970
MetaInfo: [ContentType: 0, FreshnessPeriod: 1000 milliseconds]
Content: [17 bytes]
Signature: [type: SignatureSha256WithEcdsa, length: 70]
1605046337.647704 DEBUG: [ndnsd.Tools.Reload] Tentative next interest schedule in : 2076 milliseconds
1605046339.725059  INFO: [ndnsd.Tools.Reload] Sending reload interest: /ndnsd/p2/service-info/reload/1605046339725013647%20nanoseconds%20since%20Jan%201%2C%201970?MustBeFresh
1605046339.726872  INFO: [ndnsd.Tools.Reload] Update SuccessfulName: /ndnsd/p2/service-info/reload/1605046339725013647%20nanoseconds%20since%20Jan%201%2C%201970
MetaInfo: [ContentType: 0, FreshnessPeriod: 1000 milliseconds]
Content: [17 bytes]
Signature: [type: SignatureSha256WithEcdsa, length: 71]
1605046339.726900 DEBUG: [ndnsd.Tools.Reload] Tentative next interest schedule in : 2076 milliseconds
1605046341.867496  INFO: [ndnsd.Tools.Reload] Sending reload interest: /ndnsd/p2/service-info/reload/1605046341867112197%20nanoseconds%20since%20Jan%201%2C%201970?MustBeFresh
1605046341.869561  INFO: [ndnsd.Tools.Reload] Update SuccessfulName: /ndnsd/p2/service-info/reload/1605046341867112197%20nanoseconds%20since%20Jan%201%2C%201970
MetaInfo: [ContentType: 0, FreshnessPeriod: 1000 milliseconds]
Content: [17 bytes]
Signature: [type: SignatureSha256WithEcdsa, length: 71]
1605046341.869597 DEBUG: [ndnsd.Tools.Reload] Tentative next interest schedule in : 2071 milliseconds
1605046343.942165  INFO: [ndnsd.Tools.Reload] Sending reload interest: /ndnsd/p2/service-info/reload/1605046343942112996%20nanoseconds%20since%20Jan%201%2C%201970?MustBeFresh
1605046343.945014  INFO: [ndnsd.Tools.Reload] Update SuccessfulName: /ndnsd/p2/service-info/reload/1605046343942112996%20nanoseconds%20since%20Jan%201%2C%201970
MetaInfo: [ContentType: 0, FreshnessPeriod: 1000 milliseconds]
Content: [17 bytes]
Signature: [type: SignatureSha256WithEcdsa, length: 70]
1605046343.945151 DEBUG: [ndnsd.Tools.Reload] Tentative next interest schedule in : 2074 milliseconds
1605046346.056642  INFO: [ndnsd.Tools.Reload] Sending reload interest: /ndnsd/p2/service-info/reload/1605046346056594320%20nanoseconds%20since%20Jan%201%2C%201970?MustBeFresh
1605046346.058271  INFO: [ndnsd.Tools.Reload] Update SuccessfulName: /ndnsd/p2/service-info/reload/1605046346056594320%20nanoseconds%20since%20Jan%201%2C%201970
MetaInfo: [ContentType: 0, FreshnessPeriod: 1000 milliseconds]
Content: [17 bytes]
Signature: [type: SignatureSha256WithEcdsa, length: 72]
1605046346.058299 DEBUG: [ndnsd.Tools.Reload] Tentative next interest schedule in : 2048 milliseconds
1605046348.153653  INFO: [ndnsd.Tools.Reload] Sending reload interest: /ndnsd/p2/service-info/reload/1605046348153601383%20nanoseconds%20since%20Jan%201%2C%201970?MustBeFresh
1605046348.156004  INFO: [ndnsd.Tools.Reload] Update SuccessfulName: /ndnsd/p2/service-info/reload/1605046348153601383%20nanoseconds%20since%20Jan%201%2C%201970
MetaInfo: [ContentType: 0, FreshnessPeriod: 1000 milliseconds]
Content: [17 bytes]
Signature: [type: SignatureSha256WithEcdsa, length: 71]
1605046348.156113 DEBUG: [ndnsd.Tools.Reload] Tentative next interest schedule in : 2016 milliseconds
1605046350.223400  INFO: [ndnsd.Tools.Reload] Sending reload interest: /ndnsd/p2/service-info/reload/1605046350223350797%20nanoseconds%20since%20Jan%201%2C%201970?MustBeFresh
1605046350.225398  INFO: [ndnsd.Tools.Reload] Update SuccessfulName: /ndnsd/p2/service-info/reload/1605046350223350797%20nanoseconds%20since%20Jan%201%2C%201970
MetaInfo: [ContentType: 0, FreshnessPeriod: 1000 milliseconds]
Content: [17 bytes]
Signature: [type: SignatureSha256WithEcdsa, length: 72]
1605046350.225440 DEBUG: [ndnsd.Tools.Reload] Tentative next interest schedule in : 2082 milliseconds
1605046352.330518  INFO: [ndnsd.Tools.Reload] Sending reload interest: /ndnsd/p2/service-info/reload/1605046352330406673%20nanoseconds%20since%20Jan%201%2C%201970?MustBeFresh
1605046352.332862  INFO: [ndnsd.Tools.Reload] Update SuccessfulName: /ndnsd/p2/service-info/reload/1605046352330406673%20nanoseconds%20since%20Jan%201%2C%201970
MetaInfo: [ContentType: 0, FreshnessPeriod: 1000 milliseconds]
Content: [17 bytes]
Signature: [type: SignatureSha256WithEcdsa, length: 70]
1605046352.332902 DEBUG: [ndnsd.Tools.Reload] Tentative next interest schedule in : 2020 milliseconds
1605046354.354304  INFO: [ndnsd.Tools.Reload] Sending reload interest: /ndnsd/p2/service-info/reload/1605046354354216830%20nanoseconds%20since%20Jan%201%2C%201970?MustBeFresh
1605046354.356351  INFO: [ndnsd.Tools.Reload] Update SuccessfulName: /ndnsd/p2/service-info/reload/1605046354354216830%20nanoseconds%20since%20Jan%201%2C%201970
MetaInfo: [ContentType: 0, FreshnessPeriod: 1000 milliseconds]
Content: [17 bytes]
Signature: [type: SignatureSha256WithEcdsa, length: 72]
1605046354.356388 DEBUG: [ndnsd.Tools.Reload] Tentative next interest schedule in : 2034 milliseconds
1605046356.392876  INFO: [ndnsd.Tools.Reload] Sending reload interest: /ndnsd/p2/service-info/reload/1605046356392825718%20nanoseconds%20since%20Jan%201%2C%201970?MustBeFresh
1605046356.395174  INFO: [ndnsd.Tools.Reload] Update SuccessfulName: /ndnsd/p2/service-info/reload/1605046356392825718%20nanoseconds%20since%20Jan%201%2C%201970
MetaInfo: [ContentType: 0, FreshnessPeriod: 1000 milliseconds]
Content: [17 bytes]
Signature: [type: SignatureSha256WithEcdsa, length: 72]
1605046356.395219 DEBUG: [ndnsd.Tools.Reload] Tentative next interest schedule in : 2010 milliseconds
1605046358.467642  INFO: [ndnsd.Tools.Reload] Sending reload interest: /ndnsd/p2/service-info/reload/1605046358467593773%20nanoseconds%20since%20Jan%201%2C%201970?MustBeFresh
1605046358.469714  INFO: [ndnsd.Tools.Reload] Update SuccessfulName: /ndnsd/p2/service-info/reload/1605046358467593773%20nanoseconds%20since%20Jan%201%2C%201970
MetaInfo: [ContentType: 0, FreshnessPeriod: 1000 milliseconds]
Content: [17 bytes]
Signature: [type: SignatureSha256WithEcdsa, length: 71]
1605046358.469747 DEBUG: [ndnsd.Tools.Reload] Tentative next interest schedule in : 2070 milliseconds
1605046360.555839  INFO: [ndnsd.Tools.Reload] Sending reload interest: /ndnsd/p2/service-info/reload/1605046360555788442%20nanoseconds%20since%20Jan%201%2C%201970?MustBeFresh
1605046360.557661  INFO: [ndnsd.Tools.Reload] Update SuccessfulName: /ndnsd/p2/service-info/reload/1605046360555788442%20nanoseconds%20since%20Jan%201%2C%201970
MetaInfo: [ContentType: 0, FreshnessPeriod: 1000 milliseconds]
Content: [17 bytes]
Signature: [type: SignatureSha256WithEcdsa, length: 71]
1605046360.557696 DEBUG: [ndnsd.Tools.Reload] Tentative next interest schedule in : 2039 milliseconds
1605046362.597055  INFO: [ndnsd.Tools.Reload] Sending reload interest: /ndnsd/p2/service-info/reload/1605046362597004908%20nanoseconds%20since%20Jan%201%2C%201970?MustBeFresh
1605046362.598993  INFO: [ndnsd.Tools.Reload] Update SuccessfulName: /ndnsd/p2/service-info/reload/1605046362597004908%20nanoseconds%20since%20Jan%201%2C%201970
MetaInfo: [ContentType: 0, FreshnessPeriod: 1000 milliseconds]
Content: [17 bytes]
Signature: [type: SignatureSha256WithEcdsa, length: 70]
1605046362.599036 DEBUG: [ndnsd.Tools.Reload] Tentative next interest schedule in : 2016 milliseconds
1605046364.615683  INFO: [ndnsd.Tools.Reload] Sending reload interest: /ndnsd/p2/service-info/reload/1605046364615633537%20nanoseconds%20since%20Jan%201%2C%201970?MustBeFresh
1605046364.618353  INFO: [ndnsd.Tools.Reload] Update SuccessfulName: /ndnsd/p2/service-info/reload/1605046364615633537%20nanoseconds%20since%20Jan%201%2C%201970
MetaInfo: [ContentType: 0, FreshnessPeriod: 1000 milliseconds]
Content: [17 bytes]
Signature: [type: SignatureSha256WithEcdsa, length: 71]
1605046364.618391 DEBUG: [ndnsd.Tools.Reload] Tentative next interest schedule in : 2011 milliseconds
1605046366.631687  INFO: [ndnsd.Tools.Reload] Sending reload interest: /ndnsd/p2/service-info/reload/1605046366631635043%20nanoseconds%20since%20Jan%201%2C%201970?MustBeFresh
1605046366.634149  INFO: [ndnsd.Tools.Reload] Update SuccessfulName: /ndnsd/p2/service-info/reload/1605046366631635043%20nanoseconds%20since%20Jan%201%2C%201970
MetaInfo: [ContentType: 0, FreshnessPeriod: 1000 milliseconds]
Content: [17 bytes]
Signature: [type: SignatureSha256WithEcdsa, length: 71]
1605046366.634186 DEBUG: [ndnsd.Tools.Reload] Tentative next interest schedule in : 2000 milliseconds
1605046368.634843  INFO: [ndnsd.Tools.Reload] Sending reload interest: /ndnsd/p2/service-info/reload/1605046368634787542%20nanoseconds%20since%20Jan%201%2C%201970?MustBeFresh
1605046368.636479  INFO: [ndnsd.Tools.Reload] Update SuccessfulName: /ndnsd/p2/service-info/reload/1605046368634787542%20nanoseconds%20since%20Jan%201%2C%201970
MetaInfo: [ContentType: 0, FreshnessPeriod: 1000 milliseconds]
Content: [17 bytes]
Signature: [type: SignatureSha256WithEcdsa, length: 71]
1605046368.636590 DEBUG: [ndnsd.Tools.Reload] Tentative next interest schedule in : 2019 milliseconds
1605046370.655944  INFO: [ndnsd.Tools.Reload] Sending reload interest: /ndnsd/p2/service-info/reload/1605046370655897852%20nanoseconds%20since%20Jan%201%2C%201970?MustBeFresh
1605046370.657399  INFO: [ndnsd.Tools.Reload] Update SuccessfulName: /ndnsd/p2/service-info/reload/1605046370655897852%20nanoseconds%20since%20Jan%201%2C%201970
MetaInfo: [ContentType: 0, FreshnessPeriod: 1000 milliseconds]
Content: [17 bytes]
Signature: [type: SignatureSha256WithEcdsa, length: 72]
1605046370.657427 DEBUG: [ndnsd.Tools.Reload] Tentative next interest schedule in : 2040 milliseconds
1605046372.718259  INFO: [ndnsd.Tools.Reload] Sending reload interest: /ndnsd/p2/service-info/reload/1605046372718211650%20nanoseconds%20since%20Jan%201%2C%201970?MustBeFresh
1605046372.720117  INFO: [ndnsd.Tools.Reload] Update SuccessfulName: /ndnsd/p2/service-info/reload/1605046372718211650%20nanoseconds%20since%20Jan%201%2C%201970
MetaInfo: [ContentType: 0, FreshnessPeriod: 1000 milliseconds]
Content: [17 bytes]
Signature: [type: SignatureSha256WithEcdsa, length: 71]
1605046372.720153 DEBUG: [ndnsd.Tools.Reload] Tentative next interest schedule in : 2078 milliseconds
1605046374.844905  INFO: [ndnsd.Tools.Reload] Sending reload interest: /ndnsd/p2/service-info/reload/1605046374844851794%20nanoseconds%20since%20Jan%201%2C%201970?MustBeFresh
1605046374.847187  INFO: [ndnsd.Tools.Reload] Update SuccessfulName: /ndnsd/p2/service-info/reload/1605046374844851794%20nanoseconds%20since%20Jan%201%2C%201970
MetaInfo: [ContentType: 0, FreshnessPeriod: 1000 milliseconds]
Content: [17 bytes]
Signature: [type: SignatureSha256WithEcdsa, length: 72]
1605046374.847220 DEBUG: [ndnsd.Tools.Reload] Tentative next interest schedule in : 2073 milliseconds
1605046377.161459  INFO: [ndnsd.Tools.Reload] Sending reload interest: /ndnsd/p2/service-info/reload/1605046377161425183%20nanoseconds%20since%20Jan%201%2C%201970?MustBeFresh
1605046377.163069  INFO: [ndnsd.Tools.Reload] Update SuccessfulName: /ndnsd/p2/service-info/reload/1605046377161425183%20nanoseconds%20since%20Jan%201%2C%201970
MetaInfo: [ContentType: 0, FreshnessPeriod: 1000 milliseconds]
Content: [17 bytes]
Signature: [type: SignatureSha256WithEcdsa, length: 70]
1605046377.163094 DEBUG: [ndnsd.Tools.Reload] Tentative next interest schedule in : 2003 milliseconds
1605046379.166424  INFO: [ndnsd.Tools.Reload] Sending reload interest: /ndnsd/p2/service-info/reload/1605046379166363682%20nanoseconds%20since%20Jan%201%2C%201970?MustBeFresh
1605046379.168608  INFO: [ndnsd.Tools.Reload] Update SuccessfulName: /ndnsd/p2/service-info/reload/1605046379166363682%20nanoseconds%20since%20Jan%201%2C%201970
MetaInfo: [ContentType: 0, FreshnessPeriod: 1000 milliseconds]
Content: [17 bytes]
Signature: [type: SignatureSha256WithEcdsa, length: 71]
1605046379.168638 DEBUG: [ndnsd.Tools.Reload] Tentative next interest schedule in : 1999 milliseconds
1605046381.184629  INFO: [ndnsd.Tools.Reload] Sending reload interest: /ndnsd/p2/service-info/reload/1605046381184455001%20nanoseconds%20since%20Jan%201%2C%201970?MustBeFresh
1605046381.186667  INFO: [ndnsd.Tools.Reload] Update SuccessfulName: /ndnsd/p2/service-info/reload/1605046381184455001%20nanoseconds%20since%20Jan%201%2C%201970
MetaInfo: [ContentType: 0, FreshnessPeriod: 1000 milliseconds]
Content: [17 bytes]
Signature: [type: SignatureSha256WithEcdsa, length: 71]
1605046381.186696 DEBUG: [ndnsd.Tools.Reload] Tentative next interest schedule in : 2074 milliseconds
1605046383.260944  INFO: [ndnsd.Tools.Reload] Sending reload interest: /ndnsd/p2/service-info/reload/1605046383260898574%20nanoseconds%20since%20Jan%201%2C%201970?MustBeFresh
